CRITICAL - 2021-04-06 00:25:47 --> Call to a member function clear() on null
#0 /home/wwwmand/public_html/pimes/app/Controllers/Auth.php(373): App\Libraries\Tank_auth->reset_password('1', '518253c7c2bafc9...', 'password')
#1 /home/wwwmand/public_html/pimes/system/CodeIgniter.php(918): App\Controllers\Auth->reset_password('1', '518253c7c2bafc9...')
#2 /home/wwwmand/public_html/pimes/system/CodeIgniter.php(404): CodeIgniter\CodeIgniter->runController(Object(App\Controllers\Auth))
#3 /home/wwwmand/public_html/pimes/system/CodeIgniter.php(312): CodeIgniter\CodeIgniter->handleRequest(NULL, Object(Config\Cache), false)
#4 /home/wwwmand/public_html/pimes/index.php(45): CodeIgniter\CodeIgniter->run()
#5 {main}
CRITICAL - 2021-04-06 00:33:59 --> Call to a member function clear() on null
#0 /home/wwwmand/public_html/pimes/app/Controllers/Auth.php(373): App\Libraries\Tank_auth->reset_password('1', '76fa185c45df7d4...', 'password123')
#1 /home/wwwmand/public_html/pimes/system/CodeIgniter.php(918): App\Controllers\Auth->reset_password('1', '76fa185c45df7d4...')
#2 /home/wwwmand/public_html/pimes/system/CodeIgniter.php(404): CodeIgniter\CodeIgniter->runController(Object(App\Controllers\Auth))
#3 /home/wwwmand/public_html/pimes/system/CodeIgniter.php(312): CodeIgniter\CodeIgniter->handleRequest(NULL, Object(Config\Cache), false)
#4 /home/wwwmand/public_html/pimes/index.php(45): CodeIgniter\CodeIgniter->run()
#5 {main}
CRITICAL - 2021-04-06 00:41:45 --> Call to a member function clear() on null
#0 /home/wwwmand/public_html/pimes/app/Controllers/Auth.php(373): App\Libraries\Tank_auth->reset_password('3', '7b4dba2dc5467c3...', 'password')
#1 /home/wwwmand/public_html/pimes/system/CodeIgniter.php(918): App\Controllers\Auth->reset_password('3', '7b4dba2dc5467c3...')
#2 /home/wwwmand/public_html/pimes/system/CodeIgniter.php(404): CodeIgniter\CodeIgniter->runController(Object(App\Controllers\Auth))
#3 /home/wwwmand/public_html/pimes/system/CodeIgniter.php(312): CodeIgniter\CodeIgniter->handleRequest(NULL, Object(Config\Cache), false)
#4 /home/wwwmand/public_html/pimes/index.php(45): CodeIgniter\CodeIgniter->run()
#5 {main}
CRITICAL - 2021-04-06 01:41:23 --> Division by zero
#0 /home/wwwmand/public_html/pimes/app/Views/office/dashboard/list.php(133): CodeIgniter\Debug\Exceptions->errorHandler(2, 'Division by zer...', '/home/wwwmand/p...', 133, Array)
#1 /home/wwwmand/public_html/pimes/system/View/View.php(246): include('/home/wwwmand/p...')
#2 /home/wwwmand/public_html/pimes/system/Common.php(1119): CodeIgniter\View\View->render('office/dashboar...', Array, true)
#3 /home/wwwmand/public_html/pimes/app/Views/template/index.php(14): view('office/dashboar...')
#4 /home/wwwmand/public_html/pimes/system/View/View.php(246): include('/home/wwwmand/p...')
#5 /home/wwwmand/public_html/pimes/system/Common.php(1119): CodeIgniter\View\View->render('template/index', Array, true)
#6 /home/wwwmand/public_html/pimes/app/Controllers/Dashboard.php(57): view('template/index', Array)
#7 /home/wwwmand/public_html/pimes/system/CodeIgniter.php(918): App\Controllers\Dashboard->index()
#8 /home/wwwmand/public_html/pimes/system/CodeIgniter.php(404): CodeIgniter\CodeIgniter->runController(Object(App\Controllers\Dashboard))
#9 /home/wwwmand/public_html/pimes/system/CodeIgniter.php(312): CodeIgniter\CodeIgniter->handleRequest(NULL, Object(Config\Cache), false)
#10 /home/wwwmand/public_html/pimes/index.php(45): CodeIgniter\CodeIgniter->run()
#11 {main}
CRITICAL - 2021-04-06 01:41:24 --> Division by zero
#0 /home/wwwmand/public_html/pimes/app/Views/office/dashboard/list.php(133): CodeIgniter\Debug\Exceptions->errorHandler(2, 'Division by zer...', '/home/wwwmand/p...', 133, Array)
#1 /home/wwwmand/public_html/pimes/system/View/View.php(246): include('/home/wwwmand/p...')
#2 /home/wwwmand/public_html/pimes/system/Common.php(1119): CodeIgniter\View\View->render('office/dashboar...', Array, true)
#3 /home/wwwmand/public_html/pimes/app/Views/template/index.php(14): view('office/dashboar...')
#4 /home/wwwmand/public_html/pimes/system/View/View.php(246): include('/home/wwwmand/p...')
#5 /home/wwwmand/public_html/pimes/system/Common.php(1119): CodeIgniter\View\View->render('template/index', Array, true)
#6 /home/wwwmand/public_html/pimes/app/Controllers/Dashboard.php(57): view('template/index', Array)
#7 /home/wwwmand/public_html/pimes/system/CodeIgniter.php(918): App\Controllers\Dashboard->index()
#8 /home/wwwmand/public_html/pimes/system/CodeIgniter.php(404): CodeIgniter\CodeIgniter->runController(Object(App\Controllers\Dashboard))
#9 /home/wwwmand/public_html/pimes/system/CodeIgniter.php(312): CodeIgniter\CodeIgniter->handleRequest(NULL, Object(Config\Cache), false)
#10 /home/wwwmand/public_html/pimes/index.php(45): CodeIgniter\CodeIgniter->run()
#11 {main}
CRITICAL - 2021-04-06 01:41:33 --> Division by zero
#0 /home/wwwmand/public_html/pimes/app/Views/office/dashboard/list.php(133): CodeIgniter\Debug\Exceptions->errorHandler(2, 'Division by zer...', '/home/wwwmand/p...', 133, Array)
#1 /home/wwwmand/public_html/pimes/system/View/View.php(246): include('/home/wwwmand/p...')
#2 /home/wwwmand/public_html/pimes/system/Common.php(1119): CodeIgniter\View\View->render('office/dashboar...', Array, true)
#3 /home/wwwmand/public_html/pimes/app/Views/template/index.php(14): view('office/dashboar...')
#4 /home/wwwmand/public_html/pimes/system/View/View.php(246): include('/home/wwwmand/p...')
#5 /home/wwwmand/public_html/pimes/system/Common.php(1119): CodeIgniter\View\View->render('template/index', Array, true)
#6 /home/wwwmand/public_html/pimes/app/Controllers/Dashboard.php(57): view('template/index', Array)
#7 /home/wwwmand/public_html/pimes/system/CodeIgniter.php(918): App\Controllers\Dashboard->index()
#8 /home/wwwmand/public_html/pimes/system/CodeIgniter.php(404): CodeIgniter\CodeIgniter->runController(Object(App\Controllers\Dashboard))
#9 /home/wwwmand/public_html/pimes/system/CodeIgniter.php(312): CodeIgniter\CodeIgniter->handleRequest(NULL, Object(Config\Cache), false)
#10 /home/wwwmand/public_html/pimes/index.php(45): CodeIgniter\CodeIgniter->run()
#11 {main}
CRITICAL - 2021-04-06 01:41:34 --> Division by zero
#0 /home/wwwmand/public_html/pimes/app/Views/office/dashboard/list.php(133): CodeIgniter\Debug\Exceptions->errorHandler(2, 'Division by zer...', '/home/wwwmand/p...', 133, Array)
#1 /home/wwwmand/public_html/pimes/system/View/View.php(246): include('/home/wwwmand/p...')
#2 /home/wwwmand/public_html/pimes/system/Common.php(1119): CodeIgniter\View\View->render('office/dashboar...', Array, true)
#3 /home/wwwmand/public_html/pimes/app/Views/template/index.php(14): view('office/dashboar...')
#4 /home/wwwmand/public_html/pimes/system/View/View.php(246): include('/home/wwwmand/p...')
#5 /home/wwwmand/public_html/pimes/system/Common.php(1119): CodeIgniter\View\View->render('template/index', Array, true)
#6 /home/wwwmand/public_html/pimes/app/Controllers/Dashboard.php(57): view('template/index', Array)
#7 /home/wwwmand/public_html/pimes/system/CodeIgniter.php(918): App\Controllers\Dashboard->index()
#8 /home/wwwmand/public_html/pimes/system/CodeIgniter.php(404): CodeIgniter\CodeIgniter->runController(Object(App\Controllers\Dashboard))
#9 /home/wwwmand/public_html/pimes/system/CodeIgniter.php(312): CodeIgniter\CodeIgniter->handleRequest(NULL, Object(Config\Cache), false)
#10 /home/wwwmand/public_html/pimes/index.php(45): CodeIgniter\CodeIgniter->run()
#11 {main}
CRITICAL - 2021-04-06 01:41:39 --> Division by zero
#0 /home/wwwmand/public_html/pimes/app/Views/office/dashboard/list.php(133): CodeIgniter\Debug\Exceptions->errorHandler(2, 'Division by zer...', '/home/wwwmand/p...', 133, Array)
#1 /home/wwwmand/public_html/pimes/system/View/View.php(246): include('/home/wwwmand/p...')
#2 /home/wwwmand/public_html/pimes/system/Common.php(1119): CodeIgniter\View\View->render('office/dashboar...', Array, true)
#3 /home/wwwmand/public_html/pimes/app/Views/template/index.php(14): view('office/dashboar...')
#4 /home/wwwmand/public_html/pimes/system/View/View.php(246): include('/home/wwwmand/p...')
#5 /home/wwwmand/public_html/pimes/system/Common.php(1119): CodeIgniter\View\View->render('template/index', Array, true)
#6 /home/wwwmand/public_html/pimes/app/Controllers/Dashboard.php(57): view('template/index', Array)
#7 /home/wwwmand/public_html/pimes/system/CodeIgniter.php(918): App\Controllers\Dashboard->index()
#8 /home/wwwmand/public_html/pimes/system/CodeIgniter.php(404): CodeIgniter\CodeIgniter->runController(Object(App\Controllers\Dashboard))
#9 /home/wwwmand/public_html/pimes/system/CodeIgniter.php(312): CodeIgniter\CodeIgniter->handleRequest(NULL, Object(Config\Cache), false)
#10 /home/wwwmand/public_html/pimes/index.php(45): CodeIgniter\CodeIgniter->run()
#11 {main}
CRITICAL - 2021-04-06 01:41:39 --> Division by zero
#0 /home/wwwmand/public_html/pimes/app/Views/office/dashboard/list.php(133): CodeIgniter\Debug\Exceptions->errorHandler(2, 'Division by zer...', '/home/wwwmand/p...', 133, Array)
#1 /home/wwwmand/public_html/pimes/system/View/View.php(246): include('/home/wwwmand/p...')
#2 /home/wwwmand/public_html/pimes/system/Common.php(1119): CodeIgniter\View\View->render('office/dashboar...', Array, true)
#3 /home/wwwmand/public_html/pimes/app/Views/template/index.php(14): view('office/dashboar...')
#4 /home/wwwmand/public_html/pimes/system/View/View.php(246): include('/home/wwwmand/p...')
#5 /home/wwwmand/public_html/pimes/system/Common.php(1119): CodeIgniter\View\View->render('template/index', Array, true)
#6 /home/wwwmand/public_html/pimes/app/Controllers/Dashboard.php(57): view('template/index', Array)
#7 /home/wwwmand/public_html/pimes/system/CodeIgniter.php(918): App\Controllers\Dashboard->index()
#8 /home/wwwmand/public_html/pimes/system/CodeIgniter.php(404): CodeIgniter\CodeIgniter->runController(Object(App\Controllers\Dashboard))
#9 /home/wwwmand/public_html/pimes/system/CodeIgniter.php(312): CodeIgniter\CodeIgniter->handleRequest(NULL, Object(Config\Cache), false)
#10 /home/wwwmand/public_html/pimes/index.php(45): CodeIgniter\CodeIgniter->run()
#11 {main}
CRITICAL - 2021-04-06 01:42:51 --> Division by zero
#0 /home/wwwmand/public_html/pimes/app/Views/office/dashboard/list.php(133): CodeIgniter\Debug\Exceptions->errorHandler(2, 'Division by zer...', '/home/wwwmand/p...', 133, Array)
#1 /home/wwwmand/public_html/pimes/system/View/View.php(246): include('/home/wwwmand/p...')
#2 /home/wwwmand/public_html/pimes/system/Common.php(1119): CodeIgniter\View\View->render('office/dashboar...', Array, true)
#3 /home/wwwmand/public_html/pimes/app/Views/template/index.php(14): view('office/dashboar...')
#4 /home/wwwmand/public_html/pimes/system/View/View.php(246): include('/home/wwwmand/p...')
#5 /home/wwwmand/public_html/pimes/system/Common.php(1119): CodeIgniter\View\View->render('template/index', Array, true)
#6 /home/wwwmand/public_html/pimes/app/Controllers/Dashboard.php(57): view('template/index', Array)
#7 /home/wwwmand/public_html/pimes/system/CodeIgniter.php(918): App\Controllers\Dashboard->index()
#8 /home/wwwmand/public_html/pimes/system/CodeIgniter.php(404): CodeIgniter\CodeIgniter->runController(Object(App\Controllers\Dashboard))
#9 /home/wwwmand/public_html/pimes/system/CodeIgniter.php(312): CodeIgniter\CodeIgniter->handleRequest(NULL, Object(Config\Cache), false)
#10 /home/wwwmand/public_html/pimes/index.php(45): CodeIgniter\CodeIgniter->run()
#11 {main}
CRITICAL - 2021-04-06 01:42:58 --> Division by zero
#0 /home/wwwmand/public_html/pimes/app/Views/office/dashboard/list.php(133): CodeIgniter\Debug\Exceptions->errorHandler(2, 'Division by zer...', '/home/wwwmand/p...', 133, Array)
#1 /home/wwwmand/public_html/pimes/system/View/View.php(246): include('/home/wwwmand/p...')
#2 /home/wwwmand/public_html/pimes/system/Common.php(1119): CodeIgniter\View\View->render('office/dashboar...', Array, true)
#3 /home/wwwmand/public_html/pimes/app/Views/template/index.php(14): view('office/dashboar...')
#4 /home/wwwmand/public_html/pimes/system/View/View.php(246): include('/home/wwwmand/p...')
#5 /home/wwwmand/public_html/pimes/system/Common.php(1119): CodeIgniter\View\View->render('template/index', Array, true)
#6 /home/wwwmand/public_html/pimes/app/Controllers/Dashboard.php(57): view('template/index', Array)
#7 /home/wwwmand/public_html/pimes/system/CodeIgniter.php(918): App\Controllers\Dashboard->index()
#8 /home/wwwmand/public_html/pimes/system/CodeIgniter.php(404): CodeIgniter\CodeIgniter->runController(Object(App\Controllers\Dashboard))
#9 /home/wwwmand/public_html/pimes/system/CodeIgniter.php(312): CodeIgniter\CodeIgniter->handleRequest(NULL, Object(Config\Cache), false)
#10 /home/wwwmand/public_html/pimes/index.php(45): CodeIgniter\CodeIgniter->run()
#11 {main}
CRITICAL - 2021-04-06 01:42:59 --> Division by zero
#0 /home/wwwmand/public_html/pimes/app/Views/office/dashboard/list.php(133): CodeIgniter\Debug\Exceptions->errorHandler(2, 'Division by zer...', '/home/wwwmand/p...', 133, Array)
#1 /home/wwwmand/public_html/pimes/system/View/View.php(246): include('/home/wwwmand/p...')
#2 /home/wwwmand/public_html/pimes/system/Common.php(1119): CodeIgniter\View\View->render('office/dashboar...', Array, true)
#3 /home/wwwmand/public_html/pimes/app/Views/template/index.php(14): view('office/dashboar...')
#4 /home/wwwmand/public_html/pimes/system/View/View.php(246): include('/home/wwwmand/p...')
#5 /home/wwwmand/public_html/pimes/system/Common.php(1119): CodeIgniter\View\View->render('template/index', Array, true)
#6 /home/wwwmand/public_html/pimes/app/Controllers/Dashboard.php(57): view('template/index', Array)
#7 /home/wwwmand/public_html/pimes/system/CodeIgniter.php(918): App\Controllers\Dashboard->index()
#8 /home/wwwmand/public_html/pimes/system/CodeIgniter.php(404): CodeIgniter\CodeIgniter->runController(Object(App\Controllers\Dashboard))
#9 /home/wwwmand/public_html/pimes/system/CodeIgniter.php(312): CodeIgniter\CodeIgniter->handleRequest(NULL, Object(Config\Cache), false)
#10 /home/wwwmand/public_html/pimes/index.php(45): CodeIgniter\CodeIgniter->run()
#11 {main}
CRITICAL - 2021-04-06 01:43:25 --> Division by zero
#0 /home/wwwmand/public_html/pimes/app/Views/office/dashboard/list.php(133): CodeIgniter\Debug\Exceptions->errorHandler(2, 'Division by zer...', '/home/wwwmand/p...', 133, Array)
#1 /home/wwwmand/public_html/pimes/system/View/View.php(246): include('/home/wwwmand/p...')
#2 /home/wwwmand/public_html/pimes/system/Common.php(1119): CodeIgniter\View\View->render('office/dashboar...', Array, true)
#3 /home/wwwmand/public_html/pimes/app/Views/template/index.php(14): view('office/dashboar...')
#4 /home/wwwmand/public_html/pimes/system/View/View.php(246): include('/home/wwwmand/p...')
#5 /home/wwwmand/public_html/pimes/system/Common.php(1119): CodeIgniter\View\View->render('template/index', Array, true)
#6 /home/wwwmand/public_html/pimes/app/Controllers/Dashboard.php(57): view('template/index', Array)
#7 /home/wwwmand/public_html/pimes/system/CodeIgniter.php(918): App\Controllers\Dashboard->index()
#8 /home/wwwmand/public_html/pimes/system/CodeIgniter.php(404): CodeIgniter\CodeIgniter->runController(Object(App\Controllers\Dashboard))
#9 /home/wwwmand/public_html/pimes/system/CodeIgniter.php(312): CodeIgniter\CodeIgniter->handleRequest(NULL, Object(Config\Cache), false)
#10 /home/wwwmand/public_html/pimes/index.php(45): CodeIgniter\CodeIgniter->run()
#11 {main}
CRITICAL - 2021-04-06 01:43:26 --> Division by zero
#0 /home/wwwmand/public_html/pimes/app/Views/office/dashboard/list.php(133): CodeIgniter\Debug\Exceptions->errorHandler(2, 'Division by zer...', '/home/wwwmand/p...', 133, Array)
#1 /home/wwwmand/public_html/pimes/system/View/View.php(246): include('/home/wwwmand/p...')
#2 /home/wwwmand/public_html/pimes/system/Common.php(1119): CodeIgniter\View\View->render('office/dashboar...', Array, true)
#3 /home/wwwmand/public_html/pimes/app/Views/template/index.php(14): view('office/dashboar...')
#4 /home/wwwmand/public_html/pimes/system/View/View.php(246): include('/home/wwwmand/p...')
#5 /home/wwwmand/public_html/pimes/system/Common.php(1119): CodeIgniter\View\View->render('template/index', Array, true)
#6 /home/wwwmand/public_html/pimes/app/Controllers/Dashboard.php(57): view('template/index', Array)
#7 /home/wwwmand/public_html/pimes/system/CodeIgniter.php(918): App\Controllers\Dashboard->index()
#8 /home/wwwmand/public_html/pimes/system/CodeIgniter.php(404): CodeIgniter\CodeIgniter->runController(Object(App\Controllers\Dashboard))
#9 /home/wwwmand/public_html/pimes/system/CodeIgniter.php(312): CodeIgniter\CodeIgniter->handleRequest(NULL, Object(Config\Cache), false)
#10 /home/wwwmand/public_html/pimes/index.php(45): CodeIgniter\CodeIgniter->run()
#11 {main}
CRITICAL - 2021-04-06 01:43:27 --> Division by zero
#0 /home/wwwmand/public_html/pimes/app/Views/office/dashboard/list.php(133): CodeIgniter\Debug\Exceptions->errorHandler(2, 'Division by zer...', '/home/wwwmand/p...', 133, Array)
#1 /home/wwwmand/public_html/pimes/system/View/View.php(246): include('/home/wwwmand/p...')
#2 /home/wwwmand/public_html/pimes/system/Common.php(1119): CodeIgniter\View\View->render('office/dashboar...', Array, true)
#3 /home/wwwmand/public_html/pimes/app/Views/template/index.php(14): view('office/dashboar...')
#4 /home/wwwmand/public_html/pimes/system/View/View.php(246): include('/home/wwwmand/p...')
#5 /home/wwwmand/public_html/pimes/system/Common.php(1119): CodeIgniter\View\View->render('template/index', Array, true)
#6 /home/wwwmand/public_html/pimes/app/Controllers/Dashboard.php(57): view('template/index', Array)
#7 /home/wwwmand/public_html/pimes/system/CodeIgniter.php(918): App\Controllers\Dashboard->index()
#8 /home/wwwmand/public_html/pimes/system/CodeIgniter.php(404): CodeIgniter\CodeIgniter->runController(Object(App\Controllers\Dashboard))
#9 /home/wwwmand/public_html/pimes/system/CodeIgniter.php(312): CodeIgniter\CodeIgniter->handleRequest(NULL, Object(Config\Cache), false)
#10 /home/wwwmand/public_html/pimes/index.php(45): CodeIgniter\CodeIgniter->run()
#11 {main}
CRITICAL - 2021-04-06 01:43:35 --> Division by zero
#0 /home/wwwmand/public_html/pimes/app/Views/office/dashboard/list.php(133): CodeIgniter\Debug\Exceptions->errorHandler(2, 'Division by zer...', '/home/wwwmand/p...', 133, Array)
#1 /home/wwwmand/public_html/pimes/system/View/View.php(246): include('/home/wwwmand/p...')
#2 /home/wwwmand/public_html/pimes/system/Common.php(1119): CodeIgniter\View\View->render('office/dashboar...', Array, true)
#3 /home/wwwmand/public_html/pimes/app/Views/template/index.php(14): view('office/dashboar...')
#4 /home/wwwmand/public_html/pimes/system/View/View.php(246): include('/home/wwwmand/p...')
#5 /home/wwwmand/public_html/pimes/system/Common.php(1119): CodeIgniter\View\View->render('template/index', Array, true)
#6 /home/wwwmand/public_html/pimes/app/Controllers/Dashboard.php(57): view('template/index', Array)
#7 /home/wwwmand/public_html/pimes/system/CodeIgniter.php(918): App\Controllers\Dashboard->index()
#8 /home/wwwmand/public_html/pimes/system/CodeIgniter.php(404): CodeIgniter\CodeIgniter->runController(Object(App\Controllers\Dashboard))
#9 /home/wwwmand/public_html/pimes/system/CodeIgniter.php(312): CodeIgniter\CodeIgniter->handleRequest(NULL, Object(Config\Cache), false)
#10 /home/wwwmand/public_html/pimes/index.php(45): CodeIgniter\CodeIgniter->run()
#11 {main}
CRITICAL - 2021-04-06 01:43:37 --> Division by zero
#0 /home/wwwmand/public_html/pimes/app/Views/office/dashboard/list.php(133): CodeIgniter\Debug\Exceptions->errorHandler(2, 'Division by zer...', '/home/wwwmand/p...', 133, Array)
#1 /home/wwwmand/public_html/pimes/system/View/View.php(246): include('/home/wwwmand/p...')
#2 /home/wwwmand/public_html/pimes/system/Common.php(1119): CodeIgniter\View\View->render('office/dashboar...', Array, true)
#3 /home/wwwmand/public_html/pimes/app/Views/template/index.php(14): view('office/dashboar...')
#4 /home/wwwmand/public_html/pimes/system/View/View.php(246): include('/home/wwwmand/p...')
#5 /home/wwwmand/public_html/pimes/system/Common.php(1119): CodeIgniter\View\View->render('template/index', Array, true)
#6 /home/wwwmand/public_html/pimes/app/Controllers/Dashboard.php(57): view('template/index', Array)
#7 /home/wwwmand/public_html/pimes/system/CodeIgniter.php(918): App\Controllers\Dashboard->index()
#8 /home/wwwmand/public_html/pimes/system/CodeIgniter.php(404): CodeIgniter\CodeIgniter->runController(Object(App\Controllers\Dashboard))
#9 /home/wwwmand/public_html/pimes/system/CodeIgniter.php(312): CodeIgniter\CodeIgniter->handleRequest(NULL, Object(Config\Cache), false)
#10 /home/wwwmand/public_html/pimes/index.php(45): CodeIgniter\CodeIgniter->run()
#11 {main}
CRITICAL - 2021-04-06 01:43:38 --> Division by zero
#0 /home/wwwmand/public_html/pimes/app/Views/office/dashboard/list.php(133): CodeIgniter\Debug\Exceptions->errorHandler(2, 'Division by zer...', '/home/wwwmand/p...', 133, Array)
#1 /home/wwwmand/public_html/pimes/system/View/View.php(246): include('/home/wwwmand/p...')
#2 /home/wwwmand/public_html/pimes/system/Common.php(1119): CodeIgniter\View\View->render('office/dashboar...', Array, true)
#3 /home/wwwmand/public_html/pimes/app/Views/template/index.php(14): view('office/dashboar...')
#4 /home/wwwmand/public_html/pimes/system/View/View.php(246): include('/home/wwwmand/p...')
#5 /home/wwwmand/public_html/pimes/system/Common.php(1119): CodeIgniter\View\View->render('template/index', Array, true)
#6 /home/wwwmand/public_html/pimes/app/Controllers/Dashboard.php(57): view('template/index', Array)
#7 /home/wwwmand/public_html/pimes/system/CodeIgniter.php(918): App\Controllers\Dashboard->index()
#8 /home/wwwmand/public_html/pimes/system/CodeIgniter.php(404): CodeIgniter\CodeIgniter->runController(Object(App\Controllers\Dashboard))
#9 /home/wwwmand/public_html/pimes/system/CodeIgniter.php(312): CodeIgniter\CodeIgniter->handleRequest(NULL, Object(Config\Cache), false)
#10 /home/wwwmand/public_html/pimes/index.php(45): CodeIgniter\CodeIgniter->run()
#11 {main}
CRITICAL - 2021-04-06 01:43:59 --> Division by zero
#0 /home/wwwmand/public_html/pimes/app/Views/office/dashboard/list.php(133): CodeIgniter\Debug\Exceptions->errorHandler(2, 'Division by zer...', '/home/wwwmand/p...', 133, Array)
#1 /home/wwwmand/public_html/pimes/system/View/View.php(246): include('/home/wwwmand/p...')
#2 /home/wwwmand/public_html/pimes/system/Common.php(1119): CodeIgniter\View\View->render('office/dashboar...', Array, true)
#3 /home/wwwmand/public_html/pimes/app/Views/template/index.php(14): view('office/dashboar...')
#4 /home/wwwmand/public_html/pimes/system/View/View.php(246): include('/home/wwwmand/p...')
#5 /home/wwwmand/public_html/pimes/system/Common.php(1119): CodeIgniter\View\View->render('template/index', Array, true)
#6 /home/wwwmand/public_html/pimes/app/Controllers/Dashboard.php(57): view('template/index', Array)
#7 /home/wwwmand/public_html/pimes/system/CodeIgniter.php(918): App\Controllers\Dashboard->index()
#8 /home/wwwmand/public_html/pimes/system/CodeIgniter.php(404): CodeIgniter\CodeIgniter->runController(Object(App\Controllers\Dashboard))
#9 /home/wwwmand/public_html/pimes/system/CodeIgniter.php(312): CodeIgniter\CodeIgniter->handleRequest(NULL, Object(Config\Cache), false)
#10 /home/wwwmand/public_html/pimes/index.php(45): CodeIgniter\CodeIgniter->run()
#11 {main}
CRITICAL - 2021-04-06 01:44:01 --> Division by zero
#0 /home/wwwmand/public_html/pimes/app/Views/office/dashboard/list.php(133): CodeIgniter\Debug\Exceptions->errorHandler(2, 'Division by zer...', '/home/wwwmand/p...', 133, Array)
#1 /home/wwwmand/public_html/pimes/system/View/View.php(246): include('/home/wwwmand/p...')
#2 /home/wwwmand/public_html/pimes/system/Common.php(1119): CodeIgniter\View\View->render('office/dashboar...', Array, true)
#3 /home/wwwmand/public_html/pimes/app/Views/template/index.php(14): view('office/dashboar...')
#4 /home/wwwmand/public_html/pimes/system/View/View.php(246): include('/home/wwwmand/p...')
#5 /home/wwwmand/public_html/pimes/system/Common.php(1119): CodeIgniter\View\View->render('template/index', Array, true)
#6 /home/wwwmand/public_html/pimes/app/Controllers/Dashboard.php(57): view('template/index', Array)
#7 /home/wwwmand/public_html/pimes/system/CodeIgniter.php(918): App\Controllers\Dashboard->index()
#8 /home/wwwmand/public_html/pimes/system/CodeIgniter.php(404): CodeIgniter\CodeIgniter->runController(Object(App\Controllers\Dashboard))
#9 /home/wwwmand/public_html/pimes/system/CodeIgniter.php(312): CodeIgniter\CodeIgniter->handleRequest(NULL, Object(Config\Cache), false)
#10 /home/wwwmand/public_html/pimes/index.php(45): CodeIgniter\CodeIgniter->run()
#11 {main}
CRITICAL - 2021-04-06 01:44:01 --> Division by zero
#0 /home/wwwmand/public_html/pimes/app/Views/office/dashboard/list.php(133): CodeIgniter\Debug\Exceptions->errorHandler(2, 'Division by zer...', '/home/wwwmand/p...', 133, Array)
#1 /home/wwwmand/public_html/pimes/system/View/View.php(246): include('/home/wwwmand/p...')
#2 /home/wwwmand/public_html/pimes/system/Common.php(1119): CodeIgniter\View\View->render('office/dashboar...', Array, true)
#3 /home/wwwmand/public_html/pimes/app/Views/template/index.php(14): view('office/dashboar...')
#4 /home/wwwmand/public_html/pimes/system/View/View.php(246): include('/home/wwwmand/p...')
#5 /home/wwwmand/public_html/pimes/system/Common.php(1119): CodeIgniter\View\View->render('template/index', Array, true)
#6 /home/wwwmand/public_html/pimes/app/Controllers/Dashboard.php(57): view('template/index', Array)
#7 /home/wwwmand/public_html/pimes/system/CodeIgniter.php(918): App\Controllers\Dashboard->index()
#8 /home/wwwmand/public_html/pimes/system/CodeIgniter.php(404): CodeIgniter\CodeIgniter->runController(Object(App\Controllers\Dashboard))
#9 /home/wwwmand/public_html/pimes/system/CodeIgniter.php(312): CodeIgniter\CodeIgniter->handleRequest(NULL, Object(Config\Cache), false)
#10 /home/wwwmand/public_html/pimes/index.php(45): CodeIgniter\CodeIgniter->run()
#11 {main}
CRITICAL - 2021-04-06 01:44:06 --> Division by zero
#0 /home/wwwmand/public_html/pimes/app/Views/office/dashboard/list.php(133): CodeIgniter\Debug\Exceptions->errorHandler(2, 'Division by zer...', '/home/wwwmand/p...', 133, Array)
#1 /home/wwwmand/public_html/pimes/system/View/View.php(246): include('/home/wwwmand/p...')
#2 /home/wwwmand/public_html/pimes/system/Common.php(1119): CodeIgniter\View\View->render('office/dashboar...', Array, true)
#3 /home/wwwmand/public_html/pimes/app/Views/template/index.php(14): view('office/dashboar...')
#4 /home/wwwmand/public_html/pimes/system/View/View.php(246): include('/home/wwwmand/p...')
#5 /home/wwwmand/public_html/pimes/system/Common.php(1119): CodeIgniter\View\View->render('template/index', Array, true)
#6 /home/wwwmand/public_html/pimes/app/Controllers/Dashboard.php(57): view('template/index', Array)
#7 /home/wwwmand/public_html/pimes/system/CodeIgniter.php(918): App\Controllers\Dashboard->index()
#8 /home/wwwmand/public_html/pimes/system/CodeIgniter.php(404): CodeIgniter\CodeIgniter->runController(Object(App\Controllers\Dashboard))
#9 /home/wwwmand/public_html/pimes/system/CodeIgniter.php(312): CodeIgniter\CodeIgniter->handleRequest(NULL, Object(Config\Cache), false)
#10 /home/wwwmand/public_html/pimes/index.php(45): CodeIgniter\CodeIgniter->run()
#11 {main}
CRITICAL - 2021-04-06 01:44:07 --> Division by zero
#0 /home/wwwmand/public_html/pimes/app/Views/office/dashboard/list.php(133): CodeIgniter\Debug\Exceptions->errorHandler(2, 'Division by zer...', '/home/wwwmand/p...', 133, Array)
#1 /home/wwwmand/public_html/pimes/system/View/View.php(246): include('/home/wwwmand/p...')
#2 /home/wwwmand/public_html/pimes/system/Common.php(1119): CodeIgniter\View\View->render('office/dashboar...', Array, true)
#3 /home/wwwmand/public_html/pimes/app/Views/template/index.php(14): view('office/dashboar...')
#4 /home/wwwmand/public_html/pimes/system/View/View.php(246): include('/home/wwwmand/p...')
#5 /home/wwwmand/public_html/pimes/system/Common.php(1119): CodeIgniter\View\View->render('template/index', Array, true)
#6 /home/wwwmand/public_html/pimes/app/Controllers/Dashboard.php(57): view('template/index', Array)
#7 /home/wwwmand/public_html/pimes/system/CodeIgniter.php(918): App\Controllers\Dashboard->index()
#8 /home/wwwmand/public_html/pimes/system/CodeIgniter.php(404): CodeIgniter\CodeIgniter->runController(Object(App\Controllers\Dashboard))
#9 /home/wwwmand/public_html/pimes/system/CodeIgniter.php(312): CodeIgniter\CodeIgniter->handleRequest(NULL, Object(Config\Cache), false)
#10 /home/wwwmand/public_html/pimes/index.php(45): CodeIgniter\CodeIgniter->run()
#11 {main}
CRITICAL - 2021-04-06 02:03:30 --> Division by zero
#0 /home/wwwmand/public_html/pimes/app/Views/office/dashboard/list.php(133): CodeIgniter\Debug\Exceptions->errorHandler(2, 'Division by zer...', '/home/wwwmand/p...', 133, Array)
#1 /home/wwwmand/public_html/pimes/system/View/View.php(246): include('/home/wwwmand/p...')
#2 /home/wwwmand/public_html/pimes/system/Common.php(1119): CodeIgniter\View\View->render('office/dashboar...', Array, true)
#3 /home/wwwmand/public_html/pimes/app/Views/template/index.php(14): view('office/dashboar...')
#4 /home/wwwmand/public_html/pimes/system/View/View.php(246): include('/home/wwwmand/p...')
#5 /home/wwwmand/public_html/pimes/system/Common.php(1119): CodeIgniter\View\View->render('template/index', Array, true)
#6 /home/wwwmand/public_html/pimes/app/Controllers/Dashboard.php(57): view('template/index', Array)
#7 /home/wwwmand/public_html/pimes/system/CodeIgniter.php(918): App\Controllers\Dashboard->index()
#8 /home/wwwmand/public_html/pimes/system/CodeIgniter.php(404): CodeIgniter\CodeIgniter->runController(Object(App\Controllers\Dashboard))
#9 /home/wwwmand/public_html/pimes/system/CodeIgniter.php(312): CodeIgniter\CodeIgniter->handleRequest(NULL, Object(Config\Cache), false)
#10 /home/wwwmand/public_html/pimes/index.php(45): CodeIgniter\CodeIgniter->run()
#11 {main}
CRITICAL - 2021-04-06 02:03:33 --> Division by zero
#0 /home/wwwmand/public_html/pimes/app/Views/office/dashboard/list.php(133): CodeIgniter\Debug\Exceptions->errorHandler(2, 'Division by zer...', '/home/wwwmand/p...', 133, Array)
#1 /home/wwwmand/public_html/pimes/system/View/View.php(246): include('/home/wwwmand/p...')
#2 /home/wwwmand/public_html/pimes/system/Common.php(1119): CodeIgniter\View\View->render('office/dashboar...', Array, true)
#3 /home/wwwmand/public_html/pimes/app/Views/template/index.php(14): view('office/dashboar...')
#4 /home/wwwmand/public_html/pimes/system/View/View.php(246): include('/home/wwwmand/p...')
#5 /home/wwwmand/public_html/pimes/system/Common.php(1119): CodeIgniter\View\View->render('template/index', Array, true)
#6 /home/wwwmand/public_html/pimes/app/Controllers/Dashboard.php(57): view('template/index', Array)
#7 /home/wwwmand/public_html/pimes/system/CodeIgniter.php(918): App\Controllers\Dashboard->index()
#8 /home/wwwmand/public_html/pimes/system/CodeIgniter.php(404): CodeIgniter\CodeIgniter->runController(Object(App\Controllers\Dashboard))
#9 /home/wwwmand/public_html/pimes/system/CodeIgniter.php(312): CodeIgniter\CodeIgniter->handleRequest(NULL, Object(Config\Cache), false)
#10 /home/wwwmand/public_html/pimes/index.php(45): CodeIgniter\CodeIgniter->run()
#11 {main}
CRITICAL - 2021-04-06 02:03:35 --> Division by zero
#0 /home/wwwmand/public_html/pimes/app/Views/office/dashboard/list.php(133): CodeIgniter\Debug\Exceptions->errorHandler(2, 'Division by zer...', '/home/wwwmand/p...', 133, Array)
#1 /home/wwwmand/public_html/pimes/system/View/View.php(246): include('/home/wwwmand/p...')
#2 /home/wwwmand/public_html/pimes/system/Common.php(1119): CodeIgniter\View\View->render('office/dashboar...', Array, true)
#3 /home/wwwmand/public_html/pimes/app/Views/template/index.php(14): view('office/dashboar...')
#4 /home/wwwmand/public_html/pimes/system/View/View.php(246): include('/home/wwwmand/p...')
#5 /home/wwwmand/public_html/pimes/system/Common.php(1119): CodeIgniter\View\View->render('template/index', Array, true)
#6 /home/wwwmand/public_html/pimes/app/Controllers/Dashboard.php(57): view('template/index', Array)
#7 /home/wwwmand/public_html/pimes/system/CodeIgniter.php(918): App\Controllers\Dashboard->index()
#8 /home/wwwmand/public_html/pimes/system/CodeIgniter.php(404): CodeIgniter\CodeIgniter->runController(Object(App\Controllers\Dashboard))
#9 /home/wwwmand/public_html/pimes/system/CodeIgniter.php(312): CodeIgniter\CodeIgniter->handleRequest(NULL, Object(Config\Cache), false)
#10 /home/wwwmand/public_html/pimes/index.php(45): CodeIgniter\CodeIgniter->run()
#11 {main}
CRITICAL - 2021-04-06 02:03:57 --> Division by zero
#0 /home/wwwmand/public_html/pimes/app/Views/office/dashboard/list.php(133): CodeIgniter\Debug\Exceptions->errorHandler(2, 'Division by zer...', '/home/wwwmand/p...', 133, Array)
#1 /home/wwwmand/public_html/pimes/system/View/View.php(246): include('/home/wwwmand/p...')
#2 /home/wwwmand/public_html/pimes/system/Common.php(1119): CodeIgniter\View\View->render('office/dashboar...', Array, true)
#3 /home/wwwmand/public_html/pimes/app/Views/template/index.php(14): view('office/dashboar...')
#4 /home/wwwmand/public_html/pimes/system/View/View.php(246): include('/home/wwwmand/p...')
#5 /home/wwwmand/public_html/pimes/system/Common.php(1119): CodeIgniter\View\View->render('template/index', Array, true)
#6 /home/wwwmand/public_html/pimes/app/Controllers/Dashboard.php(57): view('template/index', Array)
#7 /home/wwwmand/public_html/pimes/system/CodeIgniter.php(918): App\Controllers\Dashboard->index()
#8 /home/wwwmand/public_html/pimes/system/CodeIgniter.php(404): CodeIgniter\CodeIgniter->runController(Object(App\Controllers\Dashboard))
#9 /home/wwwmand/public_html/pimes/system/CodeIgniter.php(312): CodeIgniter\CodeIgniter->handleRequest(NULL, Object(Config\Cache), false)
#10 /home/wwwmand/public_html/pimes/index.php(45): CodeIgniter\CodeIgniter->run()
#11 {main}
CRITICAL - 2021-04-06 02:03:58 --> Division by zero
#0 /home/wwwmand/public_html/pimes/app/Views/office/dashboard/list.php(133): CodeIgniter\Debug\Exceptions->errorHandler(2, 'Division by zer...', '/home/wwwmand/p...', 133, Array)
#1 /home/wwwmand/public_html/pimes/system/View/View.php(246): include('/home/wwwmand/p...')
#2 /home/wwwmand/public_html/pimes/system/Common.php(1119): CodeIgniter\View\View->render('office/dashboar...', Array, true)
#3 /home/wwwmand/public_html/pimes/app/Views/template/index.php(14): view('office/dashboar...')
#4 /home/wwwmand/public_html/pimes/system/View/View.php(246): include('/home/wwwmand/p...')
#5 /home/wwwmand/public_html/pimes/system/Common.php(1119): CodeIgniter\View\View->render('template/index', Array, true)
#6 /home/wwwmand/public_html/pimes/app/Controllers/Dashboard.php(57): view('template/index', Array)
#7 /home/wwwmand/public_html/pimes/system/CodeIgniter.php(918): App\Controllers\Dashboard->index()
#8 /home/wwwmand/public_html/pimes/system/CodeIgniter.php(404): CodeIgniter\CodeIgniter->runController(Object(App\Controllers\Dashboard))
#9 /home/wwwmand/public_html/pimes/system/CodeIgniter.php(312): CodeIgniter\CodeIgniter->handleRequest(NULL, Object(Config\Cache), false)
#10 /home/wwwmand/public_html/pimes/index.php(45): CodeIgniter\CodeIgniter->run()
#11 {main}
CRITICAL - 2021-04-06 02:04:00 --> Division by zero
#0 /home/wwwmand/public_html/pimes/app/Views/office/dashboard/list.php(133): CodeIgniter\Debug\Exceptions->errorHandler(2, 'Division by zer...', '/home/wwwmand/p...', 133, Array)
#1 /home/wwwmand/public_html/pimes/system/View/View.php(246): include('/home/wwwmand/p...')
#2 /home/wwwmand/public_html/pimes/system/Common.php(1119): CodeIgniter\View\View->render('office/dashboar...', Array, true)
#3 /home/wwwmand/public_html/pimes/app/Views/template/index.php(14): view('office/dashboar...')
#4 /home/wwwmand/public_html/pimes/system/View/View.php(246): include('/home/wwwmand/p...')
#5 /home/wwwmand/public_html/pimes/system/Common.php(1119): CodeIgniter\View\View->render('template/index', Array, true)
#6 /home/wwwmand/public_html/pimes/app/Controllers/Dashboard.php(57): view('template/index', Array)
#7 /home/wwwmand/public_html/pimes/system/CodeIgniter.php(918): App\Controllers\Dashboard->index()
#8 /home/wwwmand/public_html/pimes/system/CodeIgniter.php(404): CodeIgniter\CodeIgniter->runController(Object(App\Controllers\Dashboard))
#9 /home/wwwmand/public_html/pimes/system/CodeIgniter.php(312): CodeIgniter\CodeIgniter->handleRequest(NULL, Object(Config\Cache), false)
#10 /home/wwwmand/public_html/pimes/index.php(45): CodeIgniter\CodeIgniter->run()
#11 {main}
CRITICAL - 2021-04-06 02:05:04 --> Division by zero
#0 /home/wwwmand/public_html/pimes/app/Views/office/dashboard/list.php(133): CodeIgniter\Debug\Exceptions->errorHandler(2, 'Division by zer...', '/home/wwwmand/p...', 133, Array)
#1 /home/wwwmand/public_html/pimes/system/View/View.php(246): include('/home/wwwmand/p...')
#2 /home/wwwmand/public_html/pimes/system/Common.php(1119): CodeIgniter\View\View->render('office/dashboar...', Array, true)
#3 /home/wwwmand/public_html/pimes/app/Views/template/index.php(14): view('office/dashboar...')
#4 /home/wwwmand/public_html/pimes/system/View/View.php(246): include('/home/wwwmand/p...')
#5 /home/wwwmand/public_html/pimes/system/Common.php(1119): CodeIgniter\View\View->render('template/index', Array, true)
#6 /home/wwwmand/public_html/pimes/app/Controllers/Dashboard.php(57): view('template/index', Array)
#7 /home/wwwmand/public_html/pimes/system/CodeIgniter.php(918): App\Controllers\Dashboard->index()
#8 /home/wwwmand/public_html/pimes/system/CodeIgniter.php(404): CodeIgniter\CodeIgniter->runController(Object(App\Controllers\Dashboard))
#9 /home/wwwmand/public_html/pimes/system/CodeIgniter.php(312): CodeIgniter\CodeIgniter->handleRequest(NULL, Object(Config\Cache), false)
#10 /home/wwwmand/public_html/pimes/index.php(45): CodeIgniter\CodeIgniter->run()
#11 {main}
CRITICAL - 2021-04-06 02:05:04 --> Division by zero
#0 /home/wwwmand/public_html/pimes/app/Views/office/dashboard/list.php(133): CodeIgniter\Debug\Exceptions->errorHandler(2, 'Division by zer...', '/home/wwwmand/p...', 133, Array)
#1 /home/wwwmand/public_html/pimes/system/View/View.php(246): include('/home/wwwmand/p...')
#2 /home/wwwmand/public_html/pimes/system/Common.php(1119): CodeIgniter\View\View->render('office/dashboar...', Array, true)
#3 /home/wwwmand/public_html/pimes/app/Views/template/index.php(14): view('office/dashboar...')
#4 /home/wwwmand/public_html/pimes/system/View/View.php(246): include('/home/wwwmand/p...')
#5 /home/wwwmand/public_html/pimes/system/Common.php(1119): CodeIgniter\View\View->render('template/index', Array, true)
#6 /home/wwwmand/public_html/pimes/app/Controllers/Dashboard.php(57): view('template/index', Array)
#7 /home/wwwmand/public_html/pimes/system/CodeIgniter.php(918): App\Controllers\Dashboard->index()
#8 /home/wwwmand/public_html/pimes/system/CodeIgniter.php(404): CodeIgniter\CodeIgniter->runController(Object(App\Controllers\Dashboard))
#9 /home/wwwmand/public_html/pimes/system/CodeIgniter.php(312): CodeIgniter\CodeIgniter->handleRequest(NULL, Object(Config\Cache), false)
#10 /home/wwwmand/public_html/pimes/index.php(45): CodeIgniter\CodeIgniter->run()
#11 {main}
CRITICAL - 2021-04-06 02:06:26 --> Division by zero
#0 /home/wwwmand/public_html/pimes/app/Views/office/dashboard/list.php(133): CodeIgniter\Debug\Exceptions->errorHandler(2, 'Division by zer...', '/home/wwwmand/p...', 133, Array)
#1 /home/wwwmand/public_html/pimes/system/View/View.php(246): include('/home/wwwmand/p...')
#2 /home/wwwmand/public_html/pimes/system/Common.php(1119): CodeIgniter\View\View->render('office/dashboar...', Array, true)
#3 /home/wwwmand/public_html/pimes/app/Views/template/index.php(14): view('office/dashboar...')
#4 /home/wwwmand/public_html/pimes/system/View/View.php(246): include('/home/wwwmand/p...')
#5 /home/wwwmand/public_html/pimes/system/Common.php(1119): CodeIgniter\View\View->render('template/index', Array, true)
#6 /home/wwwmand/public_html/pimes/app/Controllers/Dashboard.php(57): view('template/index', Array)
#7 /home/wwwmand/public_html/pimes/system/CodeIgniter.php(918): App\Controllers\Dashboard->index()
#8 /home/wwwmand/public_html/pimes/system/CodeIgniter.php(404): CodeIgniter\CodeIgniter->runController(Object(App\Controllers\Dashboard))
#9 /home/wwwmand/public_html/pimes/system/CodeIgniter.php(312): CodeIgniter\CodeIgniter->handleRequest(NULL, Object(Config\Cache), false)
#10 /home/wwwmand/public_html/pimes/index.php(45): CodeIgniter\CodeIgniter->run()
#11 {main}
CRITICAL - 2021-04-06 02:06:26 --> Division by zero
#0 /home/wwwmand/public_html/pimes/app/Views/office/dashboard/list.php(133): CodeIgniter\Debug\Exceptions->errorHandler(2, 'Division by zer...', '/home/wwwmand/p...', 133, Array)
#1 /home/wwwmand/public_html/pimes/system/View/View.php(246): include('/home/wwwmand/p...')
#2 /home/wwwmand/public_html/pimes/system/Common.php(1119): CodeIgniter\View\View->render('office/dashboar...', Array, true)
#3 /home/wwwmand/public_html/pimes/app/Views/template/index.php(14): view('office/dashboar...')
#4 /home/wwwmand/public_html/pimes/system/View/View.php(246): include('/home/wwwmand/p...')
#5 /home/wwwmand/public_html/pimes/system/Common.php(1119): CodeIgniter\View\View->render('template/index', Array, true)
#6 /home/wwwmand/public_html/pimes/app/Controllers/Dashboard.php(57): view('template/index', Array)
#7 /home/wwwmand/public_html/pimes/system/CodeIgniter.php(918): App\Controllers\Dashboard->index()
#8 /home/wwwmand/public_html/pimes/system/CodeIgniter.php(404): CodeIgniter\CodeIgniter->runController(Object(App\Controllers\Dashboard))
#9 /home/wwwmand/public_html/pimes/system/CodeIgniter.php(312): CodeIgniter\CodeIgniter->handleRequest(NULL, Object(Config\Cache), false)
#10 /home/wwwmand/public_html/pimes/index.php(45): CodeIgniter\CodeIgniter->run()
#11 {main}
CRITICAL - 2021-04-06 02:08:26 --> Division by zero
#0 /home/wwwmand/public_html/pimes/app/Views/office/dashboard/list.php(133): CodeIgniter\Debug\Exceptions->errorHandler(2, 'Division by zer...', '/home/wwwmand/p...', 133, Array)
#1 /home/wwwmand/public_html/pimes/system/View/View.php(246): include('/home/wwwmand/p...')
#2 /home/wwwmand/public_html/pimes/system/Common.php(1119): CodeIgniter\View\View->render('office/dashboar...', Array, true)
#3 /home/wwwmand/public_html/pimes/app/Views/template/index.php(14): view('office/dashboar...')
#4 /home/wwwmand/public_html/pimes/system/View/View.php(246): include('/home/wwwmand/p...')
#5 /home/wwwmand/public_html/pimes/system/Common.php(1119): CodeIgniter\View\View->render('template/index', Array, true)
#6 /home/wwwmand/public_html/pimes/app/Controllers/Dashboard.php(57): view('template/index', Array)
#7 /home/wwwmand/public_html/pimes/system/CodeIgniter.php(918): App\Controllers\Dashboard->index()
#8 /home/wwwmand/public_html/pimes/system/CodeIgniter.php(404): CodeIgniter\CodeIgniter->runController(Object(App\Controllers\Dashboard))
#9 /home/wwwmand/public_html/pimes/system/CodeIgniter.php(312): CodeIgniter\CodeIgniter->handleRequest(NULL, Object(Config\Cache), false)
#10 /home/wwwmand/public_html/pimes/index.php(45): CodeIgniter\CodeIgniter->run()
#11 {main}
CRITICAL - 2021-04-06 02:08:27 --> Division by zero
#0 /home/wwwmand/public_html/pimes/app/Views/office/dashboard/list.php(133): CodeIgniter\Debug\Exceptions->errorHandler(2, 'Division by zer...', '/home/wwwmand/p...', 133, Array)
#1 /home/wwwmand/public_html/pimes/system/View/View.php(246): include('/home/wwwmand/p...')
#2 /home/wwwmand/public_html/pimes/system/Common.php(1119): CodeIgniter\View\View->render('office/dashboar...', Array, true)
#3 /home/wwwmand/public_html/pimes/app/Views/template/index.php(14): view('office/dashboar...')
#4 /home/wwwmand/public_html/pimes/system/View/View.php(246): include('/home/wwwmand/p...')
#5 /home/wwwmand/public_html/pimes/system/Common.php(1119): CodeIgniter\View\View->render('template/index', Array, true)
#6 /home/wwwmand/public_html/pimes/app/Controllers/Dashboard.php(57): view('template/index', Array)
#7 /home/wwwmand/public_html/pimes/system/CodeIgniter.php(918): App\Controllers\Dashboard->index()
#8 /home/wwwmand/public_html/pimes/system/CodeIgniter.php(404): CodeIgniter\CodeIgniter->runController(Object(App\Controllers\Dashboard))
#9 /home/wwwmand/public_html/pimes/system/CodeIgniter.php(312): CodeIgniter\CodeIgniter->handleRequest(NULL, Object(Config\Cache), false)
#10 /home/wwwmand/public_html/pimes/index.php(45): CodeIgniter\CodeIgniter->run()
#11 {main}
CRITICAL - 2021-04-06 02:12:13 --> Division by zero
#0 /home/wwwmand/public_html/pimes/app/Views/office/dashboard/list.php(197): CodeIgniter\Debug\Exceptions->errorHandler(2, 'Division by zer...', '/home/wwwmand/p...', 197, Array)
#1 /home/wwwmand/public_html/pimes/system/View/View.php(246): include('/home/wwwmand/p...')
#2 /home/wwwmand/public_html/pimes/system/Common.php(1119): CodeIgniter\View\View->render('office/dashboar...', Array, true)
#3 /home/wwwmand/public_html/pimes/app/Views/template/index.php(14): view('office/dashboar...')
#4 /home/wwwmand/public_html/pimes/system/View/View.php(246): include('/home/wwwmand/p...')
#5 /home/wwwmand/public_html/pimes/system/Common.php(1119): CodeIgniter\View\View->render('template/index', Array, true)
#6 /home/wwwmand/public_html/pimes/app/Controllers/Dashboard.php(57): view('template/index', Array)
#7 /home/wwwmand/public_html/pimes/system/CodeIgniter.php(918): App\Controllers\Dashboard->index()
#8 /home/wwwmand/public_html/pimes/system/CodeIgniter.php(404): CodeIgniter\CodeIgniter->runController(Object(App\Controllers\Dashboard))
#9 /home/wwwmand/public_html/pimes/system/CodeIgniter.php(312): CodeIgniter\CodeIgniter->handleRequest(NULL, Object(Config\Cache), false)
#10 /home/wwwmand/public_html/pimes/index.php(45): CodeIgniter\CodeIgniter->run()
#11 {main}
CRITICAL - 2021-04-06 02:12:14 --> Division by zero
#0 /home/wwwmand/public_html/pimes/app/Views/office/dashboard/list.php(197): CodeIgniter\Debug\Exceptions->errorHandler(2, 'Division by zer...', '/home/wwwmand/p...', 197, Array)
#1 /home/wwwmand/public_html/pimes/system/View/View.php(246): include('/home/wwwmand/p...')
#2 /home/wwwmand/public_html/pimes/system/Common.php(1119): CodeIgniter\View\View->render('office/dashboar...', Array, true)
#3 /home/wwwmand/public_html/pimes/app/Views/template/index.php(14): view('office/dashboar...')
#4 /home/wwwmand/public_html/pimes/system/View/View.php(246): include('/home/wwwmand/p...')
#5 /home/wwwmand/public_html/pimes/system/Common.php(1119): CodeIgniter\View\View->render('template/index', Array, true)
#6 /home/wwwmand/public_html/pimes/app/Controllers/Dashboard.php(57): view('template/index', Array)
#7 /home/wwwmand/public_html/pimes/system/CodeIgniter.php(918): App\Controllers\Dashboard->index()
#8 /home/wwwmand/public_html/pimes/system/CodeIgniter.php(404): CodeIgniter\CodeIgniter->runController(Object(App\Controllers\Dashboard))
#9 /home/wwwmand/public_html/pimes/system/CodeIgniter.php(312): CodeIgniter\CodeIgniter->handleRequest(NULL, Object(Config\Cache), false)
#10 /home/wwwmand/public_html/pimes/index.php(45): CodeIgniter\CodeIgniter->run()
#11 {main}
CRITICAL - 2021-04-06 02:13:00 --> Division by zero
#0 /home/wwwmand/public_html/pimes/app/Views/office/dashboard/js_file.php(41): CodeIgniter\Debug\Exceptions->errorHandler(2, 'Division by zer...', '/home/wwwmand/p...', 41, Array)
#1 /home/wwwmand/public_html/pimes/system/View/View.php(246): include('/home/wwwmand/p...')
#2 /home/wwwmand/public_html/pimes/system/Common.php(1119): CodeIgniter\View\View->render('office/dashboar...', Array, true)
#3 /home/wwwmand/public_html/pimes/app/Views/template/footer.php(492): view('office/dashboar...')
#4 /home/wwwmand/public_html/pimes/system/View/View.php(246): include('/home/wwwmand/p...')
#5 /home/wwwmand/public_html/pimes/system/Common.php(1119): CodeIgniter\View\View->render('template/footer...', Array, true)
#6 /home/wwwmand/public_html/pimes/app/Views/template/index.php(18): view('template/footer...')
#7 /home/wwwmand/public_html/pimes/system/View/View.php(246): include('/home/wwwmand/p...')
#8 /home/wwwmand/public_html/pimes/system/Common.php(1119): CodeIgniter\View\View->render('template/index', Array, true)
#9 /home/wwwmand/public_html/pimes/app/Controllers/Dashboard.php(57): view('template/index', Array)
#10 /home/wwwmand/public_html/pimes/system/CodeIgniter.php(918): App\Controllers\Dashboard->index()
#11 /home/wwwmand/public_html/pimes/system/CodeIgniter.php(404): CodeIgniter\CodeIgniter->runController(Object(App\Controllers\Dashboard))
#12 /home/wwwmand/public_html/pimes/system/CodeIgniter.php(312): CodeIgniter\CodeIgniter->handleRequest(NULL, Object(Config\Cache), false)
#13 /home/wwwmand/public_html/pimes/index.php(45): CodeIgniter\CodeIgniter->run()
#14 {main}
CRITICAL - 2021-04-06 02:13:01 --> Division by zero
#0 /home/wwwmand/public_html/pimes/app/Views/office/dashboard/js_file.php(41): CodeIgniter\Debug\Exceptions->errorHandler(2, 'Division by zer...', '/home/wwwmand/p...', 41, Array)
#1 /home/wwwmand/public_html/pimes/system/View/View.php(246): include('/home/wwwmand/p...')
#2 /home/wwwmand/public_html/pimes/system/Common.php(1119): CodeIgniter\View\View->render('office/dashboar...', Array, true)
#3 /home/wwwmand/public_html/pimes/app/Views/template/footer.php(492): view('office/dashboar...')
#4 /home/wwwmand/public_html/pimes/system/View/View.php(246): include('/home/wwwmand/p...')
#5 /home/wwwmand/public_html/pimes/system/Common.php(1119): CodeIgniter\View\View->render('template/footer...', Array, true)
#6 /home/wwwmand/public_html/pimes/app/Views/template/index.php(18): view('template/footer...')
#7 /home/wwwmand/public_html/pimes/system/View/View.php(246): include('/home/wwwmand/p...')
#8 /home/wwwmand/public_html/pimes/system/Common.php(1119): CodeIgniter\View\View->render('template/index', Array, true)
#9 /home/wwwmand/public_html/pimes/app/Controllers/Dashboard.php(57): view('template/index', Array)
#10 /home/wwwmand/public_html/pimes/system/CodeIgniter.php(918): App\Controllers\Dashboard->index()
#11 /home/wwwmand/public_html/pimes/system/CodeIgniter.php(404): CodeIgniter\CodeIgniter->runController(Object(App\Controllers\Dashboard))
#12 /home/wwwmand/public_html/pimes/system/CodeIgniter.php(312): CodeIgniter\CodeIgniter->handleRequest(NULL, Object(Config\Cache), false)
#13 /home/wwwmand/public_html/pimes/index.php(45): CodeIgniter\CodeIgniter->run()
#14 {main}
CRITICAL - 2021-04-06 02:21:37 --> Division by zero
#0 /home/wwwmand/public_html/pimes/app/Views/office/dashboard/js_file.php(41): CodeIgniter\Debug\Exceptions->errorHandler(2, 'Division by zer...', '/home/wwwmand/p...', 41, Array)
#1 /home/wwwmand/public_html/pimes/system/View/View.php(246): include('/home/wwwmand/p...')
#2 /home/wwwmand/public_html/pimes/system/Common.php(1119): CodeIgniter\View\View->render('office/dashboar...', Array, true)
#3 /home/wwwmand/public_html/pimes/app/Views/template/footer.php(492): view('office/dashboar...')
#4 /home/wwwmand/public_html/pimes/system/View/View.php(246): include('/home/wwwmand/p...')
#5 /home/wwwmand/public_html/pimes/system/Common.php(1119): CodeIgniter\View\View->render('template/footer...', Array, true)
#6 /home/wwwmand/public_html/pimes/app/Views/template/index.php(18): view('template/footer...')
#7 /home/wwwmand/public_html/pimes/system/View/View.php(246): include('/home/wwwmand/p...')
#8 /home/wwwmand/public_html/pimes/system/Common.php(1119): CodeIgniter\View\View->render('template/index', Array, true)
#9 /home/wwwmand/public_html/pimes/app/Controllers/Dashboard.php(57): view('template/index', Array)
#10 /home/wwwmand/public_html/pimes/system/CodeIgniter.php(918): App\Controllers\Dashboard->index()
#11 /home/wwwmand/public_html/pimes/system/CodeIgniter.php(404): CodeIgniter\CodeIgniter->runController(Object(App\Controllers\Dashboard))
#12 /home/wwwmand/public_html/pimes/system/CodeIgniter.php(312): CodeIgniter\CodeIgniter->handleRequest(NULL, Object(Config\Cache), false)
#13 /home/wwwmand/public_html/pimes/index.php(45): CodeIgniter\CodeIgniter->run()
#14 {main}
CRITICAL - 2021-04-06 02:21:38 --> Division by zero
#0 /home/wwwmand/public_html/pimes/app/Views/office/dashboard/js_file.php(41): CodeIgniter\Debug\Exceptions->errorHandler(2, 'Division by zer...', '/home/wwwmand/p...', 41, Array)
#1 /home/wwwmand/public_html/pimes/system/View/View.php(246): include('/home/wwwmand/p...')
#2 /home/wwwmand/public_html/pimes/system/Common.php(1119): CodeIgniter\View\View->render('office/dashboar...', Array, true)
#3 /home/wwwmand/public_html/pimes/app/Views/template/footer.php(492): view('office/dashboar...')
#4 /home/wwwmand/public_html/pimes/system/View/View.php(246): include('/home/wwwmand/p...')
#5 /home/wwwmand/public_html/pimes/system/Common.php(1119): CodeIgniter\View\View->render('template/footer...', Array, true)
#6 /home/wwwmand/public_html/pimes/app/Views/template/index.php(18): view('template/footer...')
#7 /home/wwwmand/public_html/pimes/system/View/View.php(246): include('/home/wwwmand/p...')
#8 /home/wwwmand/public_html/pimes/system/Common.php(1119): CodeIgniter\View\View->render('template/index', Array, true)
#9 /home/wwwmand/public_html/pimes/app/Controllers/Dashboard.php(57): view('template/index', Array)
#10 /home/wwwmand/public_html/pimes/system/CodeIgniter.php(918): App\Controllers\Dashboard->index()
#11 /home/wwwmand/public_html/pimes/system/CodeIgniter.php(404): CodeIgniter\CodeIgniter->runController(Object(App\Controllers\Dashboard))
#12 /home/wwwmand/public_html/pimes/system/CodeIgniter.php(312): CodeIgniter\CodeIgniter->handleRequest(NULL, Object(Config\Cache), false)
#13 /home/wwwmand/public_html/pimes/index.php(45): CodeIgniter\CodeIgniter->run()
#14 {main}
CRITICAL - 2021-04-06 02:23:39 --> Division by zero
#0 /home/wwwmand/public_html/pimes/app/Views/office/dashboard/js_file.php(41): CodeIgniter\Debug\Exceptions->errorHandler(2, 'Division by zer...', '/home/wwwmand/p...', 41, Array)
#1 /home/wwwmand/public_html/pimes/system/View/View.php(246): include('/home/wwwmand/p...')
#2 /home/wwwmand/public_html/pimes/system/Common.php(1119): CodeIgniter\View\View->render('office/dashboar...', Array, true)
#3 /home/wwwmand/public_html/pimes/app/Views/template/footer.php(492): view('office/dashboar...')
#4 /home/wwwmand/public_html/pimes/system/View/View.php(246): include('/home/wwwmand/p...')
#5 /home/wwwmand/public_html/pimes/system/Common.php(1119): CodeIgniter\View\View->render('template/footer...', Array, true)
#6 /home/wwwmand/public_html/pimes/app/Views/template/index.php(18): view('template/footer...')
#7 /home/wwwmand/public_html/pimes/system/View/View.php(246): include('/home/wwwmand/p...')
#8 /home/wwwmand/public_html/pimes/system/Common.php(1119): CodeIgniter\View\View->render('template/index', Array, true)
#9 /home/wwwmand/public_html/pimes/app/Controllers/Dashboard.php(57): view('template/index', Array)
#10 /home/wwwmand/public_html/pimes/system/CodeIgniter.php(918): App\Controllers\Dashboard->index()
#11 /home/wwwmand/public_html/pimes/system/CodeIgniter.php(404): CodeIgniter\CodeIgniter->runController(Object(App\Controllers\Dashboard))
#12 /home/wwwmand/public_html/pimes/system/CodeIgniter.php(312): CodeIgniter\CodeIgniter->handleRequest(NULL, Object(Config\Cache), false)
#13 /home/wwwmand/public_html/pimes/index.php(45): CodeIgniter\CodeIgniter->run()
#14 {main}
CRITICAL - 2021-04-06 02:23:40 --> Division by zero
#0 /home/wwwmand/public_html/pimes/app/Views/office/dashboard/js_file.php(41): CodeIgniter\Debug\Exceptions->errorHandler(2, 'Division by zer...', '/home/wwwmand/p...', 41, Array)
#1 /home/wwwmand/public_html/pimes/system/View/View.php(246): include('/home/wwwmand/p...')
#2 /home/wwwmand/public_html/pimes/system/Common.php(1119): CodeIgniter\View\View->render('office/dashboar...', Array, true)
#3 /home/wwwmand/public_html/pimes/app/Views/template/footer.php(492): view('office/dashboar...')
#4 /home/wwwmand/public_html/pimes/system/View/View.php(246): include('/home/wwwmand/p...')
#5 /home/wwwmand/public_html/pimes/system/Common.php(1119): CodeIgniter\View\View->render('template/footer...', Array, true)
#6 /home/wwwmand/public_html/pimes/app/Views/template/index.php(18): view('template/footer...')
#7 /home/wwwmand/public_html/pimes/system/View/View.php(246): include('/home/wwwmand/p...')
#8 /home/wwwmand/public_html/pimes/system/Common.php(1119): CodeIgniter\View\View->render('template/index', Array, true)
#9 /home/wwwmand/public_html/pimes/app/Controllers/Dashboard.php(57): view('template/index', Array)
#10 /home/wwwmand/public_html/pimes/system/CodeIgniter.php(918): App\Controllers\Dashboard->index()
#11 /home/wwwmand/public_html/pimes/system/CodeIgniter.php(404): CodeIgniter\CodeIgniter->runController(Object(App\Controllers\Dashboard))
#12 /home/wwwmand/public_html/pimes/system/CodeIgniter.php(312): CodeIgniter\CodeIgniter->handleRequest(NULL, Object(Config\Cache), false)
#13 /home/wwwmand/public_html/pimes/index.php(45): CodeIgniter\CodeIgniter->run()
#14 {main}
CRITICAL - 2021-04-06 02:23:48 --> Division by zero
#0 /home/wwwmand/public_html/pimes/app/Views/office/dashboard/js_file.php(41): CodeIgniter\Debug\Exceptions->errorHandler(2, 'Division by zer...', '/home/wwwmand/p...', 41, Array)
#1 /home/wwwmand/public_html/pimes/system/View/View.php(246): include('/home/wwwmand/p...')
#2 /home/wwwmand/public_html/pimes/system/Common.php(1119): CodeIgniter\View\View->render('office/dashboar...', Array, true)
#3 /home/wwwmand/public_html/pimes/app/Views/template/footer.php(492): view('office/dashboar...')
#4 /home/wwwmand/public_html/pimes/system/View/View.php(246): include('/home/wwwmand/p...')
#5 /home/wwwmand/public_html/pimes/system/Common.php(1119): CodeIgniter\View\View->render('template/footer...', Array, true)
#6 /home/wwwmand/public_html/pimes/app/Views/template/index.php(18): view('template/footer...')
#7 /home/wwwmand/public_html/pimes/system/View/View.php(246): include('/home/wwwmand/p...')
#8 /home/wwwmand/public_html/pimes/system/Common.php(1119): CodeIgniter\View\View->render('template/index', Array, true)
#9 /home/wwwmand/public_html/pimes/app/Controllers/Dashboard.php(57): view('template/index', Array)
#10 /home/wwwmand/public_html/pimes/system/CodeIgniter.php(918): App\Controllers\Dashboard->index()
#11 /home/wwwmand/public_html/pimes/system/CodeIgniter.php(404): CodeIgniter\CodeIgniter->runController(Object(App\Controllers\Dashboard))
#12 /home/wwwmand/public_html/pimes/system/CodeIgniter.php(312): CodeIgniter\CodeIgniter->handleRequest(NULL, Object(Config\Cache), false)
#13 /home/wwwmand/public_html/pimes/index.php(45): CodeIgniter\CodeIgniter->run()
#14 {main}
CRITICAL - 2021-04-06 02:23:49 --> Division by zero
#0 /home/wwwmand/public_html/pimes/app/Views/office/dashboard/js_file.php(41): CodeIgniter\Debug\Exceptions->errorHandler(2, 'Division by zer...', '/home/wwwmand/p...', 41, Array)
#1 /home/wwwmand/public_html/pimes/system/View/View.php(246): include('/home/wwwmand/p...')
#2 /home/wwwmand/public_html/pimes/system/Common.php(1119): CodeIgniter\View\View->render('office/dashboar...', Array, true)
#3 /home/wwwmand/public_html/pimes/app/Views/template/footer.php(492): view('office/dashboar...')
#4 /home/wwwmand/public_html/pimes/system/View/View.php(246): include('/home/wwwmand/p...')
#5 /home/wwwmand/public_html/pimes/system/Common.php(1119): CodeIgniter\View\View->render('template/footer...', Array, true)
#6 /home/wwwmand/public_html/pimes/app/Views/template/index.php(18): view('template/footer...')
#7 /home/wwwmand/public_html/pimes/system/View/View.php(246): include('/home/wwwmand/p...')
#8 /home/wwwmand/public_html/pimes/system/Common.php(1119): CodeIgniter\View\View->render('template/index', Array, true)
#9 /home/wwwmand/public_html/pimes/app/Controllers/Dashboard.php(57): view('template/index', Array)
#10 /home/wwwmand/public_html/pimes/system/CodeIgniter.php(918): App\Controllers\Dashboard->index()
#11 /home/wwwmand/public_html/pimes/system/CodeIgniter.php(404): CodeIgniter\CodeIgniter->runController(Object(App\Controllers\Dashboard))
#12 /home/wwwmand/public_html/pimes/system/CodeIgniter.php(312): CodeIgniter\CodeIgniter->handleRequest(NULL, Object(Config\Cache), false)
#13 /home/wwwmand/public_html/pimes/index.php(45): CodeIgniter\CodeIgniter->run()
#14 {main}
CRITICAL - 2021-04-06 02:23:58 --> Division by zero
#0 /home/wwwmand/public_html/pimes/app/Views/office/dashboard/js_file.php(41): CodeIgniter\Debug\Exceptions->errorHandler(2, 'Division by zer...', '/home/wwwmand/p...', 41, Array)
#1 /home/wwwmand/public_html/pimes/system/View/View.php(246): include('/home/wwwmand/p...')
#2 /home/wwwmand/public_html/pimes/system/Common.php(1119): CodeIgniter\View\View->render('office/dashboar...', Array, true)
#3 /home/wwwmand/public_html/pimes/app/Views/template/footer.php(492): view('office/dashboar...')
#4 /home/wwwmand/public_html/pimes/system/View/View.php(246): include('/home/wwwmand/p...')
#5 /home/wwwmand/public_html/pimes/system/Common.php(1119): CodeIgniter\View\View->render('template/footer...', Array, true)
#6 /home/wwwmand/public_html/pimes/app/Views/template/index.php(18): view('template/footer...')
#7 /home/wwwmand/public_html/pimes/system/View/View.php(246): include('/home/wwwmand/p...')
#8 /home/wwwmand/public_html/pimes/system/Common.php(1119): CodeIgniter\View\View->render('template/index', Array, true)
#9 /home/wwwmand/public_html/pimes/app/Controllers/Dashboard.php(57): view('template/index', Array)
#10 /home/wwwmand/public_html/pimes/system/CodeIgniter.php(918): App\Controllers\Dashboard->index()
#11 /home/wwwmand/public_html/pimes/system/CodeIgniter.php(404): CodeIgniter\CodeIgniter->runController(Object(App\Controllers\Dashboard))
#12 /home/wwwmand/public_html/pimes/system/CodeIgniter.php(312): CodeIgniter\CodeIgniter->handleRequest(NULL, Object(Config\Cache), false)
#13 /home/wwwmand/public_html/pimes/index.php(45): CodeIgniter\CodeIgniter->run()
#14 {main}
CRITICAL - 2021-04-06 02:23:59 --> Division by zero
#0 /home/wwwmand/public_html/pimes/app/Views/office/dashboard/js_file.php(41): CodeIgniter\Debug\Exceptions->errorHandler(2, 'Division by zer...', '/home/wwwmand/p...', 41, Array)
#1 /home/wwwmand/public_html/pimes/system/View/View.php(246): include('/home/wwwmand/p...')
#2 /home/wwwmand/public_html/pimes/system/Common.php(1119): CodeIgniter\View\View->render('office/dashboar...', Array, true)
#3 /home/wwwmand/public_html/pimes/app/Views/template/footer.php(492): view('office/dashboar...')
#4 /home/wwwmand/public_html/pimes/system/View/View.php(246): include('/home/wwwmand/p...')
#5 /home/wwwmand/public_html/pimes/system/Common.php(1119): CodeIgniter\View\View->render('template/footer...', Array, true)
#6 /home/wwwmand/public_html/pimes/app/Views/template/index.php(18): view('template/footer...')
#7 /home/wwwmand/public_html/pimes/system/View/View.php(246): include('/home/wwwmand/p...')
#8 /home/wwwmand/public_html/pimes/system/Common.php(1119): CodeIgniter\View\View->render('template/index', Array, true)
#9 /home/wwwmand/public_html/pimes/app/Controllers/Dashboard.php(57): view('template/index', Array)
#10 /home/wwwmand/public_html/pimes/system/CodeIgniter.php(918): App\Controllers\Dashboard->index()
#11 /home/wwwmand/public_html/pimes/system/CodeIgniter.php(404): CodeIgniter\CodeIgniter->runController(Object(App\Controllers\Dashboard))
#12 /home/wwwmand/public_html/pimes/system/CodeIgniter.php(312): CodeIgniter\CodeIgniter->handleRequest(NULL, Object(Config\Cache), false)
#13 /home/wwwmand/public_html/pimes/index.php(45): CodeIgniter\CodeIgniter->run()
#14 {main}
CRITICAL - 2021-04-06 02:36:24 --> Division by zero
#0 /home/wwwmand/public_html/pimes/app/Views/office/dashboard/js_file.php(41): CodeIgniter\Debug\Exceptions->errorHandler(2, 'Division by zer...', '/home/wwwmand/p...', 41, Array)
#1 /home/wwwmand/public_html/pimes/system/View/View.php(246): include('/home/wwwmand/p...')
#2 /home/wwwmand/public_html/pimes/system/Common.php(1119): CodeIgniter\View\View->render('office/dashboar...', Array, true)
#3 /home/wwwmand/public_html/pimes/app/Views/template/footer.php(492): view('office/dashboar...')
#4 /home/wwwmand/public_html/pimes/system/View/View.php(246): include('/home/wwwmand/p...')
#5 /home/wwwmand/public_html/pimes/system/Common.php(1119): CodeIgniter\View\View->render('template/footer...', Array, true)
#6 /home/wwwmand/public_html/pimes/app/Views/template/index.php(18): view('template/footer...')
#7 /home/wwwmand/public_html/pimes/system/View/View.php(246): include('/home/wwwmand/p...')
#8 /home/wwwmand/public_html/pimes/system/Common.php(1119): CodeIgniter\View\View->render('template/index', Array, true)
#9 /home/wwwmand/public_html/pimes/app/Controllers/Dashboard.php(57): view('template/index', Array)
#10 /home/wwwmand/public_html/pimes/system/CodeIgniter.php(918): App\Controllers\Dashboard->index()
#11 /home/wwwmand/public_html/pimes/system/CodeIgniter.php(404): CodeIgniter\CodeIgniter->runController(Object(App\Controllers\Dashboard))
#12 /home/wwwmand/public_html/pimes/system/CodeIgniter.php(312): CodeIgniter\CodeIgniter->handleRequest(NULL, Object(Config\Cache), false)
#13 /home/wwwmand/public_html/pimes/index.php(45): CodeIgniter\CodeIgniter->run()
#14 {main}
CRITICAL - 2021-04-06 02:36:24 --> Division by zero
#0 /home/wwwmand/public_html/pimes/app/Views/office/dashboard/js_file.php(41): CodeIgniter\Debug\Exceptions->errorHandler(2, 'Division by zer...', '/home/wwwmand/p...', 41, Array)
#1 /home/wwwmand/public_html/pimes/system/View/View.php(246): include('/home/wwwmand/p...')
#2 /home/wwwmand/public_html/pimes/system/Common.php(1119): CodeIgniter\View\View->render('office/dashboar...', Array, true)
#3 /home/wwwmand/public_html/pimes/app/Views/template/footer.php(492): view('office/dashboar...')
#4 /home/wwwmand/public_html/pimes/system/View/View.php(246): include('/home/wwwmand/p...')
#5 /home/wwwmand/public_html/pimes/system/Common.php(1119): CodeIgniter\View\View->render('template/footer...', Array, true)
#6 /home/wwwmand/public_html/pimes/app/Views/template/index.php(18): view('template/footer...')
#7 /home/wwwmand/public_html/pimes/system/View/View.php(246): include('/home/wwwmand/p...')
#8 /home/wwwmand/public_html/pimes/system/Common.php(1119): CodeIgniter\View\View->render('template/index', Array, true)
#9 /home/wwwmand/public_html/pimes/app/Controllers/Dashboard.php(57): view('template/index', Array)
#10 /home/wwwmand/public_html/pimes/system/CodeIgniter.php(918): App\Controllers\Dashboard->index()
#11 /home/wwwmand/public_html/pimes/system/CodeIgniter.php(404): CodeIgniter\CodeIgniter->runController(Object(App\Controllers\Dashboard))
#12 /home/wwwmand/public_html/pimes/system/CodeIgniter.php(312): CodeIgniter\CodeIgniter->handleRequest(NULL, Object(Config\Cache), false)
#13 /home/wwwmand/public_html/pimes/index.php(45): CodeIgniter\CodeIgniter->run()
#14 {main}
CRITICAL - 2021-04-06 02:36:26 --> Division by zero
#0 /home/wwwmand/public_html/pimes/app/Views/office/dashboard/js_file.php(41): CodeIgniter\Debug\Exceptions->errorHandler(2, 'Division by zer...', '/home/wwwmand/p...', 41, Array)
#1 /home/wwwmand/public_html/pimes/system/View/View.php(246): include('/home/wwwmand/p...')
#2 /home/wwwmand/public_html/pimes/system/Common.php(1119): CodeIgniter\View\View->render('office/dashboar...', Array, true)
#3 /home/wwwmand/public_html/pimes/app/Views/template/footer.php(492): view('office/dashboar...')
#4 /home/wwwmand/public_html/pimes/system/View/View.php(246): include('/home/wwwmand/p...')
#5 /home/wwwmand/public_html/pimes/system/Common.php(1119): CodeIgniter\View\View->render('template/footer...', Array, true)
#6 /home/wwwmand/public_html/pimes/app/Views/template/index.php(18): view('template/footer...')
#7 /home/wwwmand/public_html/pimes/system/View/View.php(246): include('/home/wwwmand/p...')
#8 /home/wwwmand/public_html/pimes/system/Common.php(1119): CodeIgniter\View\View->render('template/index', Array, true)
#9 /home/wwwmand/public_html/pimes/app/Controllers/Dashboard.php(57): view('template/index', Array)
#10 /home/wwwmand/public_html/pimes/system/CodeIgniter.php(918): App\Controllers\Dashboard->index()
#11 /home/wwwmand/public_html/pimes/system/CodeIgniter.php(404): CodeIgniter\CodeIgniter->runController(Object(App\Controllers\Dashboard))
#12 /home/wwwmand/public_html/pimes/system/CodeIgniter.php(312): CodeIgniter\CodeIgniter->handleRequest(NULL, Object(Config\Cache), false)
#13 /home/wwwmand/public_html/pimes/index.php(45): CodeIgniter\CodeIgniter->run()
#14 {main}
CRITICAL - 2021-04-06 02:48:08 --> Division by zero
#0 /home/wwwmand/public_html/pimes/app/Views/office/dashboard/js_file.php(41): CodeIgniter\Debug\Exceptions->errorHandler(2, 'Division by zer...', '/home/wwwmand/p...', 41, Array)
#1 /home/wwwmand/public_html/pimes/system/View/View.php(246): include('/home/wwwmand/p...')
#2 /home/wwwmand/public_html/pimes/system/Common.php(1119): CodeIgniter\View\View->render('office/dashboar...', Array, true)
#3 /home/wwwmand/public_html/pimes/app/Views/template/footer.php(492): view('office/dashboar...')
#4 /home/wwwmand/public_html/pimes/system/View/View.php(246): include('/home/wwwmand/p...')
#5 /home/wwwmand/public_html/pimes/system/Common.php(1119): CodeIgniter\View\View->render('template/footer...', Array, true)
#6 /home/wwwmand/public_html/pimes/app/Views/template/index.php(18): view('template/footer...')
#7 /home/wwwmand/public_html/pimes/system/View/View.php(246): include('/home/wwwmand/p...')
#8 /home/wwwmand/public_html/pimes/system/Common.php(1119): CodeIgniter\View\View->render('template/index', Array, true)
#9 /home/wwwmand/public_html/pimes/app/Controllers/Dashboard.php(57): view('template/index', Array)
#10 /home/wwwmand/public_html/pimes/system/CodeIgniter.php(918): App\Controllers\Dashboard->index()
#11 /home/wwwmand/public_html/pimes/system/CodeIgniter.php(404): CodeIgniter\CodeIgniter->runController(Object(App\Controllers\Dashboard))
#12 /home/wwwmand/public_html/pimes/system/CodeIgniter.php(312): CodeIgniter\CodeIgniter->handleRequest(NULL, Object(Config\Cache), false)
#13 /home/wwwmand/public_html/pimes/index.php(45): CodeIgniter\CodeIgniter->run()
#14 {main}
CRITICAL - 2021-04-06 02:48:08 --> Division by zero
#0 /home/wwwmand/public_html/pimes/app/Views/office/dashboard/js_file.php(41): CodeIgniter\Debug\Exceptions->errorHandler(2, 'Division by zer...', '/home/wwwmand/p...', 41, Array)
#1 /home/wwwmand/public_html/pimes/system/View/View.php(246): include('/home/wwwmand/p...')
#2 /home/wwwmand/public_html/pimes/system/Common.php(1119): CodeIgniter\View\View->render('office/dashboar...', Array, true)
#3 /home/wwwmand/public_html/pimes/app/Views/template/footer.php(492): view('office/dashboar...')
#4 /home/wwwmand/public_html/pimes/system/View/View.php(246): include('/home/wwwmand/p...')
#5 /home/wwwmand/public_html/pimes/system/Common.php(1119): CodeIgniter\View\View->render('template/footer...', Array, true)
#6 /home/wwwmand/public_html/pimes/app/Views/template/index.php(18): view('template/footer...')
#7 /home/wwwmand/public_html/pimes/system/View/View.php(246): include('/home/wwwmand/p...')
#8 /home/wwwmand/public_html/pimes/system/Common.php(1119): CodeIgniter\View\View->render('template/index', Array, true)
#9 /home/wwwmand/public_html/pimes/app/Controllers/Dashboard.php(57): view('template/index', Array)
#10 /home/wwwmand/public_html/pimes/system/CodeIgniter.php(918): App\Controllers\Dashboard->index()
#11 /home/wwwmand/public_html/pimes/system/CodeIgniter.php(404): CodeIgniter\CodeIgniter->runController(Object(App\Controllers\Dashboard))
#12 /home/wwwmand/public_html/pimes/system/CodeIgniter.php(312): CodeIgniter\CodeIgniter->handleRequest(NULL, Object(Config\Cache), false)
#13 /home/wwwmand/public_html/pimes/index.php(45): CodeIgniter\CodeIgniter->run()
#14 {main}
CRITICAL - 2021-04-06 02:48:19 --> Division by zero
#0 /home/wwwmand/public_html/pimes/app/Views/office/dashboard/js_file.php(41): CodeIgniter\Debug\Exceptions->errorHandler(2, 'Division by zer...', '/home/wwwmand/p...', 41, Array)
#1 /home/wwwmand/public_html/pimes/system/View/View.php(246): include('/home/wwwmand/p...')
#2 /home/wwwmand/public_html/pimes/system/Common.php(1119): CodeIgniter\View\View->render('office/dashboar...', Array, true)
#3 /home/wwwmand/public_html/pimes/app/Views/template/footer.php(492): view('office/dashboar...')
#4 /home/wwwmand/public_html/pimes/system/View/View.php(246): include('/home/wwwmand/p...')
#5 /home/wwwmand/public_html/pimes/system/Common.php(1119): CodeIgniter\View\View->render('template/footer...', Array, true)
#6 /home/wwwmand/public_html/pimes/app/Views/template/index.php(18): view('template/footer...')
#7 /home/wwwmand/public_html/pimes/system/View/View.php(246): include('/home/wwwmand/p...')
#8 /home/wwwmand/public_html/pimes/system/Common.php(1119): CodeIgniter\View\View->render('template/index', Array, true)
#9 /home/wwwmand/public_html/pimes/app/Controllers/Dashboard.php(57): view('template/index', Array)
#10 /home/wwwmand/public_html/pimes/system/CodeIgniter.php(918): App\Controllers\Dashboard->index()
#11 /home/wwwmand/public_html/pimes/system/CodeIgniter.php(404): CodeIgniter\CodeIgniter->runController(Object(App\Controllers\Dashboard))
#12 /home/wwwmand/public_html/pimes/system/CodeIgniter.php(312): CodeIgniter\CodeIgniter->handleRequest(NULL, Object(Config\Cache), false)
#13 /home/wwwmand/public_html/pimes/index.php(45): CodeIgniter\CodeIgniter->run()
#14 {main}
CRITICAL - 2021-04-06 02:48:20 --> Division by zero
#0 /home/wwwmand/public_html/pimes/app/Views/office/dashboard/js_file.php(41): CodeIgniter\Debug\Exceptions->errorHandler(2, 'Division by zer...', '/home/wwwmand/p...', 41, Array)
#1 /home/wwwmand/public_html/pimes/system/View/View.php(246): include('/home/wwwmand/p...')
#2 /home/wwwmand/public_html/pimes/system/Common.php(1119): CodeIgniter\View\View->render('office/dashboar...', Array, true)
#3 /home/wwwmand/public_html/pimes/app/Views/template/footer.php(492): view('office/dashboar...')
#4 /home/wwwmand/public_html/pimes/system/View/View.php(246): include('/home/wwwmand/p...')
#5 /home/wwwmand/public_html/pimes/system/Common.php(1119): CodeIgniter\View\View->render('template/footer...', Array, true)
#6 /home/wwwmand/public_html/pimes/app/Views/template/index.php(18): view('template/footer...')
#7 /home/wwwmand/public_html/pimes/system/View/View.php(246): include('/home/wwwmand/p...')
#8 /home/wwwmand/public_html/pimes/system/Common.php(1119): CodeIgniter\View\View->render('template/index', Array, true)
#9 /home/wwwmand/public_html/pimes/app/Controllers/Dashboard.php(57): view('template/index', Array)
#10 /home/wwwmand/public_html/pimes/system/CodeIgniter.php(918): App\Controllers\Dashboard->index()
#11 /home/wwwmand/public_html/pimes/system/CodeIgniter.php(404): CodeIgniter\CodeIgniter->runController(Object(App\Controllers\Dashboard))
#12 /home/wwwmand/public_html/pimes/system/CodeIgniter.php(312): CodeIgniter\CodeIgniter->handleRequest(NULL, Object(Config\Cache), false)
#13 /home/wwwmand/public_html/pimes/index.php(45): CodeIgniter\CodeIgniter->run()
#14 {main}
CRITICAL - 2021-04-06 03:06:20 --> Division by zero
#0 /home/wwwmand/public_html/pimes/app/Views/office/dashboard/js_file.php(41): CodeIgniter\Debug\Exceptions->errorHandler(2, 'Division by zer...', '/home/wwwmand/p...', 41, Array)
#1 /home/wwwmand/public_html/pimes/system/View/View.php(246): include('/home/wwwmand/p...')
#2 /home/wwwmand/public_html/pimes/system/Common.php(1119): CodeIgniter\View\View->render('office/dashboar...', Array, true)
#3 /home/wwwmand/public_html/pimes/app/Views/template/footer.php(492): view('office/dashboar...')
#4 /home/wwwmand/public_html/pimes/system/View/View.php(246): include('/home/wwwmand/p...')
#5 /home/wwwmand/public_html/pimes/system/Common.php(1119): CodeIgniter\View\View->render('template/footer...', Array, true)
#6 /home/wwwmand/public_html/pimes/app/Views/template/index.php(18): view('template/footer...')
#7 /home/wwwmand/public_html/pimes/system/View/View.php(246): include('/home/wwwmand/p...')
#8 /home/wwwmand/public_html/pimes/system/Common.php(1119): CodeIgniter\View\View->render('template/index', Array, true)
#9 /home/wwwmand/public_html/pimes/app/Controllers/Dashboard.php(57): view('template/index', Array)
#10 /home/wwwmand/public_html/pimes/system/CodeIgniter.php(918): App\Controllers\Dashboard->index()
#11 /home/wwwmand/public_html/pimes/system/CodeIgniter.php(404): CodeIgniter\CodeIgniter->runController(Object(App\Controllers\Dashboard))
#12 /home/wwwmand/public_html/pimes/system/CodeIgniter.php(312): CodeIgniter\CodeIgniter->handleRequest(NULL, Object(Config\Cache), false)
#13 /home/wwwmand/public_html/pimes/index.php(45): CodeIgniter\CodeIgniter->run()
#14 {main}
CRITICAL - 2021-04-06 03:06:21 --> Division by zero
#0 /home/wwwmand/public_html/pimes/app/Views/office/dashboard/js_file.php(41): CodeIgniter\Debug\Exceptions->errorHandler(2, 'Division by zer...', '/home/wwwmand/p...', 41, Array)
#1 /home/wwwmand/public_html/pimes/system/View/View.php(246): include('/home/wwwmand/p...')
#2 /home/wwwmand/public_html/pimes/system/Common.php(1119): CodeIgniter\View\View->render('office/dashboar...', Array, true)
#3 /home/wwwmand/public_html/pimes/app/Views/template/footer.php(492): view('office/dashboar...')
#4 /home/wwwmand/public_html/pimes/system/View/View.php(246): include('/home/wwwmand/p...')
#5 /home/wwwmand/public_html/pimes/system/Common.php(1119): CodeIgniter\View\View->render('template/footer...', Array, true)
#6 /home/wwwmand/public_html/pimes/app/Views/template/index.php(18): view('template/footer...')
#7 /home/wwwmand/public_html/pimes/system/View/View.php(246): include('/home/wwwmand/p...')
#8 /home/wwwmand/public_html/pimes/system/Common.php(1119): CodeIgniter\View\View->render('template/index', Array, true)
#9 /home/wwwmand/public_html/pimes/app/Controllers/Dashboard.php(57): view('template/index', Array)
#10 /home/wwwmand/public_html/pimes/system/CodeIgniter.php(918): App\Controllers\Dashboard->index()
#11 /home/wwwmand/public_html/pimes/system/CodeIgniter.php(404): CodeIgniter\CodeIgniter->runController(Object(App\Controllers\Dashboard))
#12 /home/wwwmand/public_html/pimes/system/CodeIgniter.php(312): CodeIgniter\CodeIgniter->handleRequest(NULL, Object(Config\Cache), false)
#13 /home/wwwmand/public_html/pimes/index.php(45): CodeIgniter\CodeIgniter->run()
#14 {main}
CRITICAL - 2021-04-06 03:06:47 --> Division by zero
#0 /home/wwwmand/public_html/pimes/app/Views/office/dashboard/js_file.php(41): CodeIgniter\Debug\Exceptions->errorHandler(2, 'Division by zer...', '/home/wwwmand/p...', 41, Array)
#1 /home/wwwmand/public_html/pimes/system/View/View.php(246): include('/home/wwwmand/p...')
#2 /home/wwwmand/public_html/pimes/system/Common.php(1119): CodeIgniter\View\View->render('office/dashboar...', Array, true)
#3 /home/wwwmand/public_html/pimes/app/Views/template/footer.php(492): view('office/dashboar...')
#4 /home/wwwmand/public_html/pimes/system/View/View.php(246): include('/home/wwwmand/p...')
#5 /home/wwwmand/public_html/pimes/system/Common.php(1119): CodeIgniter\View\View->render('template/footer...', Array, true)
#6 /home/wwwmand/public_html/pimes/app/Views/template/index.php(18): view('template/footer...')
#7 /home/wwwmand/public_html/pimes/system/View/View.php(246): include('/home/wwwmand/p...')
#8 /home/wwwmand/public_html/pimes/system/Common.php(1119): CodeIgniter\View\View->render('template/index', Array, true)
#9 /home/wwwmand/public_html/pimes/app/Controllers/Dashboard.php(57): view('template/index', Array)
#10 /home/wwwmand/public_html/pimes/system/CodeIgniter.php(918): App\Controllers\Dashboard->index()
#11 /home/wwwmand/public_html/pimes/system/CodeIgniter.php(404): CodeIgniter\CodeIgniter->runController(Object(App\Controllers\Dashboard))
#12 /home/wwwmand/public_html/pimes/system/CodeIgniter.php(312): CodeIgniter\CodeIgniter->handleRequest(NULL, Object(Config\Cache), false)
#13 /home/wwwmand/public_html/pimes/index.php(45): CodeIgniter\CodeIgniter->run()
#14 {main}
CRITICAL - 2021-04-06 03:06:48 --> Division by zero
#0 /home/wwwmand/public_html/pimes/app/Views/office/dashboard/js_file.php(41): CodeIgniter\Debug\Exceptions->errorHandler(2, 'Division by zer...', '/home/wwwmand/p...', 41, Array)
#1 /home/wwwmand/public_html/pimes/system/View/View.php(246): include('/home/wwwmand/p...')
#2 /home/wwwmand/public_html/pimes/system/Common.php(1119): CodeIgniter\View\View->render('office/dashboar...', Array, true)
#3 /home/wwwmand/public_html/pimes/app/Views/template/footer.php(492): view('office/dashboar...')
#4 /home/wwwmand/public_html/pimes/system/View/View.php(246): include('/home/wwwmand/p...')
#5 /home/wwwmand/public_html/pimes/system/Common.php(1119): CodeIgniter\View\View->render('template/footer...', Array, true)
#6 /home/wwwmand/public_html/pimes/app/Views/template/index.php(18): view('template/footer...')
#7 /home/wwwmand/public_html/pimes/system/View/View.php(246): include('/home/wwwmand/p...')
#8 /home/wwwmand/public_html/pimes/system/Common.php(1119): CodeIgniter\View\View->render('template/index', Array, true)
#9 /home/wwwmand/public_html/pimes/app/Controllers/Dashboard.php(57): view('template/index', Array)
#10 /home/wwwmand/public_html/pimes/system/CodeIgniter.php(918): App\Controllers\Dashboard->index()
#11 /home/wwwmand/public_html/pimes/system/CodeIgniter.php(404): CodeIgniter\CodeIgniter->runController(Object(App\Controllers\Dashboard))
#12 /home/wwwmand/public_html/pimes/system/CodeIgniter.php(312): CodeIgniter\CodeIgniter->handleRequest(NULL, Object(Config\Cache), false)
#13 /home/wwwmand/public_html/pimes/index.php(45): CodeIgniter\CodeIgniter->run()
#14 {main}
CRITICAL - 2021-04-06 03:06:52 --> Division by zero
#0 /home/wwwmand/public_html/pimes/app/Views/office/dashboard/js_file.php(41): CodeIgniter\Debug\Exceptions->errorHandler(2, 'Division by zer...', '/home/wwwmand/p...', 41, Array)
#1 /home/wwwmand/public_html/pimes/system/View/View.php(246): include('/home/wwwmand/p...')
#2 /home/wwwmand/public_html/pimes/system/Common.php(1119): CodeIgniter\View\View->render('office/dashboar...', Array, true)
#3 /home/wwwmand/public_html/pimes/app/Views/template/footer.php(492): view('office/dashboar...')
#4 /home/wwwmand/public_html/pimes/system/View/View.php(246): include('/home/wwwmand/p...')
#5 /home/wwwmand/public_html/pimes/system/Common.php(1119): CodeIgniter\View\View->render('template/footer...', Array, true)
#6 /home/wwwmand/public_html/pimes/app/Views/template/index.php(18): view('template/footer...')
#7 /home/wwwmand/public_html/pimes/system/View/View.php(246): include('/home/wwwmand/p...')
#8 /home/wwwmand/public_html/pimes/system/Common.php(1119): CodeIgniter\View\View->render('template/index', Array, true)
#9 /home/wwwmand/public_html/pimes/app/Controllers/Dashboard.php(57): view('template/index', Array)
#10 /home/wwwmand/public_html/pimes/system/CodeIgniter.php(918): App\Controllers\Dashboard->index()
#11 /home/wwwmand/public_html/pimes/system/CodeIgniter.php(404): CodeIgniter\CodeIgniter->runController(Object(App\Controllers\Dashboard))
#12 /home/wwwmand/public_html/pimes/system/CodeIgniter.php(312): CodeIgniter\CodeIgniter->handleRequest(NULL, Object(Config\Cache), false)
#13 /home/wwwmand/public_html/pimes/index.php(45): CodeIgniter\CodeIgniter->run()
#14 {main}
CRITICAL - 2021-04-06 03:06:53 --> Division by zero
#0 /home/wwwmand/public_html/pimes/app/Views/office/dashboard/js_file.php(41): CodeIgniter\Debug\Exceptions->errorHandler(2, 'Division by zer...', '/home/wwwmand/p...', 41, Array)
#1 /home/wwwmand/public_html/pimes/system/View/View.php(246): include('/home/wwwmand/p...')
#2 /home/wwwmand/public_html/pimes/system/Common.php(1119): CodeIgniter\View\View->render('office/dashboar...', Array, true)
#3 /home/wwwmand/public_html/pimes/app/Views/template/footer.php(492): view('office/dashboar...')
#4 /home/wwwmand/public_html/pimes/system/View/View.php(246): include('/home/wwwmand/p...')
#5 /home/wwwmand/public_html/pimes/system/Common.php(1119): CodeIgniter\View\View->render('template/footer...', Array, true)
#6 /home/wwwmand/public_html/pimes/app/Views/template/index.php(18): view('template/footer...')
#7 /home/wwwmand/public_html/pimes/system/View/View.php(246): include('/home/wwwmand/p...')
#8 /home/wwwmand/public_html/pimes/system/Common.php(1119): CodeIgniter\View\View->render('template/index', Array, true)
#9 /home/wwwmand/public_html/pimes/app/Controllers/Dashboard.php(57): view('template/index', Array)
#10 /home/wwwmand/public_html/pimes/system/CodeIgniter.php(918): App\Controllers\Dashboard->index()
#11 /home/wwwmand/public_html/pimes/system/CodeIgniter.php(404): CodeIgniter\CodeIgniter->runController(Object(App\Controllers\Dashboard))
#12 /home/wwwmand/public_html/pimes/system/CodeIgniter.php(312): CodeIgniter\CodeIgniter->handleRequest(NULL, Object(Config\Cache), false)
#13 /home/wwwmand/public_html/pimes/index.php(45): CodeIgniter\CodeIgniter->run()
#14 {main}
CRITICAL - 2021-04-06 07:53:34 --> Call to a member function clear() on null
#0 /home/wwwmand/public_html/pimes/app/Controllers/Auth.php(373): App\Libraries\Tank_auth->reset_password('1', '635c9250eafa2dd...', 'password')
#1 /home/wwwmand/public_html/pimes/system/CodeIgniter.php(918): App\Controllers\Auth->reset_password('1', '635c9250eafa2dd...')
#2 /home/wwwmand/public_html/pimes/system/CodeIgniter.php(404): CodeIgniter\CodeIgniter->runController(Object(App\Controllers\Auth))
#3 /home/wwwmand/public_html/pimes/system/CodeIgniter.php(312): CodeIgniter\CodeIgniter->handleRequest(NULL, Object(Config\Cache), false)
#4 /home/wwwmand/public_html/pimes/index.php(45): CodeIgniter\CodeIgniter->run()
#5 {main}
