CRITICAL - 2021-03-02 00:36:25 --> Trying to get property 'name' of non-object
#0 /home/wwwmand/public_html/pimes/app/Views/office/planning/projects/profile/view.php(44): CodeIgniter\Debug\Exceptions->errorHandler(8, 'Trying to get p...', '/home/wwwmand/p...', 44, Array)
#1 /home/wwwmand/public_html/pimes/system/View/View.php(246): include('/home/wwwmand/p...')
#2 /home/wwwmand/public_html/pimes/system/Common.php(1119): CodeIgniter\View\View->render('office/planning...', Array, true)
#3 /home/wwwmand/public_html/pimes/app/Views/template/index.php(14): view('office/planning...')
#4 /home/wwwmand/public_html/pimes/system/View/View.php(246): include('/home/wwwmand/p...')
#5 /home/wwwmand/public_html/pimes/system/Common.php(1119): CodeIgniter\View\View->render('template/index', Array, true)
#6 /home/wwwmand/public_html/pimes/app/Controllers/Planning/Project.php(221): view('template/index', Array)
#7 /home/wwwmand/public_html/pimes/system/CodeIgniter.php(918): App\Controllers\Planning\Project->view('31')
#8 /home/wwwmand/public_html/pimes/system/CodeIgniter.php(404): CodeIgniter\CodeIgniter->runController(Object(App\Controllers\Planning\Project))
#9 /home/wwwmand/public_html/pimes/system/CodeIgniter.php(312): CodeIgniter\CodeIgniter->handleRequest(NULL, Object(Config\Cache), false)
#10 /home/wwwmand/public_html/pimes/index.php(45): CodeIgniter\CodeIgniter->run()
#11 {main}
CRITICAL - 2021-03-02 00:36:25 --> Trying to get property 'name' of non-object
#0 /home/wwwmand/public_html/pimes/app/Views/office/planning/projects/profile/view.php(44): CodeIgniter\Debug\Exceptions->errorHandler(8, 'Trying to get p...', '/home/wwwmand/p...', 44, Array)
#1 /home/wwwmand/public_html/pimes/system/View/View.php(246): include('/home/wwwmand/p...')
#2 /home/wwwmand/public_html/pimes/system/Common.php(1119): CodeIgniter\View\View->render('office/planning...', Array, true)
#3 /home/wwwmand/public_html/pimes/app/Views/template/index.php(14): view('office/planning...')
#4 /home/wwwmand/public_html/pimes/system/View/View.php(246): include('/home/wwwmand/p...')
#5 /home/wwwmand/public_html/pimes/system/Common.php(1119): CodeIgniter\View\View->render('template/index', Array, true)
#6 /home/wwwmand/public_html/pimes/app/Controllers/Planning/Project.php(221): view('template/index', Array)
#7 /home/wwwmand/public_html/pimes/system/CodeIgniter.php(918): App\Controllers\Planning\Project->view('31')
#8 /home/wwwmand/public_html/pimes/system/CodeIgniter.php(404): CodeIgniter\CodeIgniter->runController(Object(App\Controllers\Planning\Project))
#9 /home/wwwmand/public_html/pimes/system/CodeIgniter.php(312): CodeIgniter\CodeIgniter->handleRequest(NULL, Object(Config\Cache), false)
#10 /home/wwwmand/public_html/pimes/index.php(45): CodeIgniter\CodeIgniter->run()
#11 {main}
CRITICAL - 2021-03-02 00:36:26 --> Trying to get property 'name' of non-object
#0 /home/wwwmand/public_html/pimes/app/Views/office/planning/projects/profile/view.php(44): CodeIgniter\Debug\Exceptions->errorHandler(8, 'Trying to get p...', '/home/wwwmand/p...', 44, Array)
#1 /home/wwwmand/public_html/pimes/system/View/View.php(246): include('/home/wwwmand/p...')
#2 /home/wwwmand/public_html/pimes/system/Common.php(1119): CodeIgniter\View\View->render('office/planning...', Array, true)
#3 /home/wwwmand/public_html/pimes/app/Views/template/index.php(14): view('office/planning...')
#4 /home/wwwmand/public_html/pimes/system/View/View.php(246): include('/home/wwwmand/p...')
#5 /home/wwwmand/public_html/pimes/system/Common.php(1119): CodeIgniter\View\View->render('template/index', Array, true)
#6 /home/wwwmand/public_html/pimes/app/Controllers/Planning/Project.php(221): view('template/index', Array)
#7 /home/wwwmand/public_html/pimes/system/CodeIgniter.php(918): App\Controllers\Planning\Project->view('31')
#8 /home/wwwmand/public_html/pimes/system/CodeIgniter.php(404): CodeIgniter\CodeIgniter->runController(Object(App\Controllers\Planning\Project))
#9 /home/wwwmand/public_html/pimes/system/CodeIgniter.php(312): CodeIgniter\CodeIgniter->handleRequest(NULL, Object(Config\Cache), false)
#10 /home/wwwmand/public_html/pimes/index.php(45): CodeIgniter\CodeIgniter->run()
#11 {main}
CRITICAL - 2021-03-02 00:37:09 --> Trying to get property 'name' of non-object
#0 /home/wwwmand/public_html/pimes/app/Views/office/planning/projects/profile/view.php(44): CodeIgniter\Debug\Exceptions->errorHandler(8, 'Trying to get p...', '/home/wwwmand/p...', 44, Array)
#1 /home/wwwmand/public_html/pimes/system/View/View.php(246): include('/home/wwwmand/p...')
#2 /home/wwwmand/public_html/pimes/system/Common.php(1119): CodeIgniter\View\View->render('office/planning...', Array, true)
#3 /home/wwwmand/public_html/pimes/app/Views/template/index.php(14): view('office/planning...')
#4 /home/wwwmand/public_html/pimes/system/View/View.php(246): include('/home/wwwmand/p...')
#5 /home/wwwmand/public_html/pimes/system/Common.php(1119): CodeIgniter\View\View->render('template/index', Array, true)
#6 /home/wwwmand/public_html/pimes/app/Controllers/Planning/Project.php(221): view('template/index', Array)
#7 /home/wwwmand/public_html/pimes/system/CodeIgniter.php(918): App\Controllers\Planning\Project->view('32')
#8 /home/wwwmand/public_html/pimes/system/CodeIgniter.php(404): CodeIgniter\CodeIgniter->runController(Object(App\Controllers\Planning\Project))
#9 /home/wwwmand/public_html/pimes/system/CodeIgniter.php(312): CodeIgniter\CodeIgniter->handleRequest(NULL, Object(Config\Cache), false)
#10 /home/wwwmand/public_html/pimes/index.php(45): CodeIgniter\CodeIgniter->run()
#11 {main}
CRITICAL - 2021-03-02 00:37:10 --> Trying to get property 'name' of non-object
#0 /home/wwwmand/public_html/pimes/app/Views/office/planning/projects/profile/view.php(44): CodeIgniter\Debug\Exceptions->errorHandler(8, 'Trying to get p...', '/home/wwwmand/p...', 44, Array)
#1 /home/wwwmand/public_html/pimes/system/View/View.php(246): include('/home/wwwmand/p...')
#2 /home/wwwmand/public_html/pimes/system/Common.php(1119): CodeIgniter\View\View->render('office/planning...', Array, true)
#3 /home/wwwmand/public_html/pimes/app/Views/template/index.php(14): view('office/planning...')
#4 /home/wwwmand/public_html/pimes/system/View/View.php(246): include('/home/wwwmand/p...')
#5 /home/wwwmand/public_html/pimes/system/Common.php(1119): CodeIgniter\View\View->render('template/index', Array, true)
#6 /home/wwwmand/public_html/pimes/app/Controllers/Planning/Project.php(221): view('template/index', Array)
#7 /home/wwwmand/public_html/pimes/system/CodeIgniter.php(918): App\Controllers\Planning\Project->view('32')
#8 /home/wwwmand/public_html/pimes/system/CodeIgniter.php(404): CodeIgniter\CodeIgniter->runController(Object(App\Controllers\Planning\Project))
#9 /home/wwwmand/public_html/pimes/system/CodeIgniter.php(312): CodeIgniter\CodeIgniter->handleRequest(NULL, Object(Config\Cache), false)
#10 /home/wwwmand/public_html/pimes/index.php(45): CodeIgniter\CodeIgniter->run()
#11 {main}
CRITICAL - 2021-03-02 00:37:11 --> Trying to get property 'name' of non-object
#0 /home/wwwmand/public_html/pimes/app/Views/office/planning/projects/profile/view.php(44): CodeIgniter\Debug\Exceptions->errorHandler(8, 'Trying to get p...', '/home/wwwmand/p...', 44, Array)
#1 /home/wwwmand/public_html/pimes/system/View/View.php(246): include('/home/wwwmand/p...')
#2 /home/wwwmand/public_html/pimes/system/Common.php(1119): CodeIgniter\View\View->render('office/planning...', Array, true)
#3 /home/wwwmand/public_html/pimes/app/Views/template/index.php(14): view('office/planning...')
#4 /home/wwwmand/public_html/pimes/system/View/View.php(246): include('/home/wwwmand/p...')
#5 /home/wwwmand/public_html/pimes/system/Common.php(1119): CodeIgniter\View\View->render('template/index', Array, true)
#6 /home/wwwmand/public_html/pimes/app/Controllers/Planning/Project.php(221): view('template/index', Array)
#7 /home/wwwmand/public_html/pimes/system/CodeIgniter.php(918): App\Controllers\Planning\Project->view('32')
#8 /home/wwwmand/public_html/pimes/system/CodeIgniter.php(404): CodeIgniter\CodeIgniter->runController(Object(App\Controllers\Planning\Project))
#9 /home/wwwmand/public_html/pimes/system/CodeIgniter.php(312): CodeIgniter\CodeIgniter->handleRequest(NULL, Object(Config\Cache), false)
#10 /home/wwwmand/public_html/pimes/index.php(45): CodeIgniter\CodeIgniter->run()
#11 {main}
CRITICAL - 2021-03-02 00:37:12 --> Trying to get property 'name' of non-object
#0 /home/wwwmand/public_html/pimes/app/Views/office/planning/projects/profile/view.php(44): CodeIgniter\Debug\Exceptions->errorHandler(8, 'Trying to get p...', '/home/wwwmand/p...', 44, Array)
#1 /home/wwwmand/public_html/pimes/system/View/View.php(246): include('/home/wwwmand/p...')
#2 /home/wwwmand/public_html/pimes/system/Common.php(1119): CodeIgniter\View\View->render('office/planning...', Array, true)
#3 /home/wwwmand/public_html/pimes/app/Views/template/index.php(14): view('office/planning...')
#4 /home/wwwmand/public_html/pimes/system/View/View.php(246): include('/home/wwwmand/p...')
#5 /home/wwwmand/public_html/pimes/system/Common.php(1119): CodeIgniter\View\View->render('template/index', Array, true)
#6 /home/wwwmand/public_html/pimes/app/Controllers/Planning/Project.php(221): view('template/index', Array)
#7 /home/wwwmand/public_html/pimes/system/CodeIgniter.php(918): App\Controllers\Planning\Project->view('32')
#8 /home/wwwmand/public_html/pimes/system/CodeIgniter.php(404): CodeIgniter\CodeIgniter->runController(Object(App\Controllers\Planning\Project))
#9 /home/wwwmand/public_html/pimes/system/CodeIgniter.php(312): CodeIgniter\CodeIgniter->handleRequest(NULL, Object(Config\Cache), false)
#10 /home/wwwmand/public_html/pimes/index.php(45): CodeIgniter\CodeIgniter->run()
#11 {main}
CRITICAL - 2021-03-02 00:37:13 --> Trying to get property 'name' of non-object
#0 /home/wwwmand/public_html/pimes/app/Views/office/planning/projects/profile/view.php(44): CodeIgniter\Debug\Exceptions->errorHandler(8, 'Trying to get p...', '/home/wwwmand/p...', 44, Array)
#1 /home/wwwmand/public_html/pimes/system/View/View.php(246): include('/home/wwwmand/p...')
#2 /home/wwwmand/public_html/pimes/system/Common.php(1119): CodeIgniter\View\View->render('office/planning...', Array, true)
#3 /home/wwwmand/public_html/pimes/app/Views/template/index.php(14): view('office/planning...')
#4 /home/wwwmand/public_html/pimes/system/View/View.php(246): include('/home/wwwmand/p...')
#5 /home/wwwmand/public_html/pimes/system/Common.php(1119): CodeIgniter\View\View->render('template/index', Array, true)
#6 /home/wwwmand/public_html/pimes/app/Controllers/Planning/Project.php(221): view('template/index', Array)
#7 /home/wwwmand/public_html/pimes/system/CodeIgniter.php(918): App\Controllers\Planning\Project->view('32')
#8 /home/wwwmand/public_html/pimes/system/CodeIgniter.php(404): CodeIgniter\CodeIgniter->runController(Object(App\Controllers\Planning\Project))
#9 /home/wwwmand/public_html/pimes/system/CodeIgniter.php(312): CodeIgniter\CodeIgniter->handleRequest(NULL, Object(Config\Cache), false)
#10 /home/wwwmand/public_html/pimes/index.php(45): CodeIgniter\CodeIgniter->run()
#11 {main}
CRITICAL - 2021-03-02 01:28:36 --> Trying to get property 'name' of non-object
#0 /home/wwwmand/public_html/pimes/app/Views/office/planning/projects/profile/view.php(44): CodeIgniter\Debug\Exceptions->errorHandler(8, 'Trying to get p...', '/home/wwwmand/p...', 44, Array)
#1 /home/wwwmand/public_html/pimes/system/View/View.php(246): include('/home/wwwmand/p...')
#2 /home/wwwmand/public_html/pimes/system/Common.php(1119): CodeIgniter\View\View->render('office/planning...', Array, true)
#3 /home/wwwmand/public_html/pimes/app/Views/template/index.php(14): view('office/planning...')
#4 /home/wwwmand/public_html/pimes/system/View/View.php(246): include('/home/wwwmand/p...')
#5 /home/wwwmand/public_html/pimes/system/Common.php(1119): CodeIgniter\View\View->render('template/index', Array, true)
#6 /home/wwwmand/public_html/pimes/app/Controllers/Planning/Project.php(224): view('template/index', Array)
#7 /home/wwwmand/public_html/pimes/system/CodeIgniter.php(918): App\Controllers\Planning\Project->view('32')
#8 /home/wwwmand/public_html/pimes/system/CodeIgniter.php(404): CodeIgniter\CodeIgniter->runController(Object(App\Controllers\Planning\Project))
#9 /home/wwwmand/public_html/pimes/system/CodeIgniter.php(312): CodeIgniter\CodeIgniter->handleRequest(NULL, Object(Config\Cache), false)
#10 /home/wwwmand/public_html/pimes/index.php(45): CodeIgniter\CodeIgniter->run()
#11 {main}
CRITICAL - 2021-03-02 01:28:37 --> Trying to get property 'name' of non-object
#0 /home/wwwmand/public_html/pimes/app/Views/office/planning/projects/profile/view.php(44): CodeIgniter\Debug\Exceptions->errorHandler(8, 'Trying to get p...', '/home/wwwmand/p...', 44, Array)
#1 /home/wwwmand/public_html/pimes/system/View/View.php(246): include('/home/wwwmand/p...')
#2 /home/wwwmand/public_html/pimes/system/Common.php(1119): CodeIgniter\View\View->render('office/planning...', Array, true)
#3 /home/wwwmand/public_html/pimes/app/Views/template/index.php(14): view('office/planning...')
#4 /home/wwwmand/public_html/pimes/system/View/View.php(246): include('/home/wwwmand/p...')
#5 /home/wwwmand/public_html/pimes/system/Common.php(1119): CodeIgniter\View\View->render('template/index', Array, true)
#6 /home/wwwmand/public_html/pimes/app/Controllers/Planning/Project.php(224): view('template/index', Array)
#7 /home/wwwmand/public_html/pimes/system/CodeIgniter.php(918): App\Controllers\Planning\Project->view('32')
#8 /home/wwwmand/public_html/pimes/system/CodeIgniter.php(404): CodeIgniter\CodeIgniter->runController(Object(App\Controllers\Planning\Project))
#9 /home/wwwmand/public_html/pimes/system/CodeIgniter.php(312): CodeIgniter\CodeIgniter->handleRequest(NULL, Object(Config\Cache), false)
#10 /home/wwwmand/public_html/pimes/index.php(45): CodeIgniter\CodeIgniter->run()
#11 {main}
CRITICAL - 2021-03-02 01:28:37 --> Trying to get property 'name' of non-object
#0 /home/wwwmand/public_html/pimes/app/Views/office/planning/projects/profile/view.php(44): CodeIgniter\Debug\Exceptions->errorHandler(8, 'Trying to get p...', '/home/wwwmand/p...', 44, Array)
#1 /home/wwwmand/public_html/pimes/system/View/View.php(246): include('/home/wwwmand/p...')
#2 /home/wwwmand/public_html/pimes/system/Common.php(1119): CodeIgniter\View\View->render('office/planning...', Array, true)
#3 /home/wwwmand/public_html/pimes/app/Views/template/index.php(14): view('office/planning...')
#4 /home/wwwmand/public_html/pimes/system/View/View.php(246): include('/home/wwwmand/p...')
#5 /home/wwwmand/public_html/pimes/system/Common.php(1119): CodeIgniter\View\View->render('template/index', Array, true)
#6 /home/wwwmand/public_html/pimes/app/Controllers/Planning/Project.php(224): view('template/index', Array)
#7 /home/wwwmand/public_html/pimes/system/CodeIgniter.php(918): App\Controllers\Planning\Project->view('32')
#8 /home/wwwmand/public_html/pimes/system/CodeIgniter.php(404): CodeIgniter\CodeIgniter->runController(Object(App\Controllers\Planning\Project))
#9 /home/wwwmand/public_html/pimes/system/CodeIgniter.php(312): CodeIgniter\CodeIgniter->handleRequest(NULL, Object(Config\Cache), false)
#10 /home/wwwmand/public_html/pimes/index.php(45): CodeIgniter\CodeIgniter->run()
#11 {main}
CRITICAL - 2021-03-02 01:40:01 --> Trying to get property 'name' of non-object
#0 /home/wwwmand/public_html/pimes/app/Views/office/planning/projects/profile/view.php(44): CodeIgniter\Debug\Exceptions->errorHandler(8, 'Trying to get p...', '/home/wwwmand/p...', 44, Array)
#1 /home/wwwmand/public_html/pimes/system/View/View.php(246): include('/home/wwwmand/p...')
#2 /home/wwwmand/public_html/pimes/system/Common.php(1119): CodeIgniter\View\View->render('office/planning...', Array, true)
#3 /home/wwwmand/public_html/pimes/app/Views/template/index.php(14): view('office/planning...')
#4 /home/wwwmand/public_html/pimes/system/View/View.php(246): include('/home/wwwmand/p...')
#5 /home/wwwmand/public_html/pimes/system/Common.php(1119): CodeIgniter\View\View->render('template/index', Array, true)
#6 /home/wwwmand/public_html/pimes/app/Controllers/Planning/Project.php(224): view('template/index', Array)
#7 /home/wwwmand/public_html/pimes/system/CodeIgniter.php(918): App\Controllers\Planning\Project->view('32')
#8 /home/wwwmand/public_html/pimes/system/CodeIgniter.php(404): CodeIgniter\CodeIgniter->runController(Object(App\Controllers\Planning\Project))
#9 /home/wwwmand/public_html/pimes/system/CodeIgniter.php(312): CodeIgniter\CodeIgniter->handleRequest(NULL, Object(Config\Cache), false)
#10 /home/wwwmand/public_html/pimes/index.php(45): CodeIgniter\CodeIgniter->run()
#11 {main}
CRITICAL - 2021-03-02 01:40:02 --> Trying to get property 'name' of non-object
#0 /home/wwwmand/public_html/pimes/app/Views/office/planning/projects/profile/view.php(44): CodeIgniter\Debug\Exceptions->errorHandler(8, 'Trying to get p...', '/home/wwwmand/p...', 44, Array)
#1 /home/wwwmand/public_html/pimes/system/View/View.php(246): include('/home/wwwmand/p...')
#2 /home/wwwmand/public_html/pimes/system/Common.php(1119): CodeIgniter\View\View->render('office/planning...', Array, true)
#3 /home/wwwmand/public_html/pimes/app/Views/template/index.php(14): view('office/planning...')
#4 /home/wwwmand/public_html/pimes/system/View/View.php(246): include('/home/wwwmand/p...')
#5 /home/wwwmand/public_html/pimes/system/Common.php(1119): CodeIgniter\View\View->render('template/index', Array, true)
#6 /home/wwwmand/public_html/pimes/app/Controllers/Planning/Project.php(224): view('template/index', Array)
#7 /home/wwwmand/public_html/pimes/system/CodeIgniter.php(918): App\Controllers\Planning\Project->view('32')
#8 /home/wwwmand/public_html/pimes/system/CodeIgniter.php(404): CodeIgniter\CodeIgniter->runController(Object(App\Controllers\Planning\Project))
#9 /home/wwwmand/public_html/pimes/system/CodeIgniter.php(312): CodeIgniter\CodeIgniter->handleRequest(NULL, Object(Config\Cache), false)
#10 /home/wwwmand/public_html/pimes/index.php(45): CodeIgniter\CodeIgniter->run()
#11 {main}
CRITICAL - 2021-03-02 02:10:56 --> Table 'wwwmand_pimes.ctbl_users_login_attempts' doesn't exist
#0 /home/wwwmand/public_html/pimes/system/Database/MySQLi/Connection.php(331): mysqli->query('SELECT 1\nFROM `...')
#1 /home/wwwmand/public_html/pimes/system/Database/BaseConnection.php(741): CodeIgniter\Database\MySQLi\Connection->execute('SELECT 1\nFROM `...')
#2 /home/wwwmand/public_html/pimes/system/Database/BaseConnection.php(669): CodeIgniter\Database\BaseConnection->simpleQuery('SELECT 1\nFROM `...')
#3 /home/wwwmand/public_html/pimes/system/Database/BaseBuilder.php(1860): CodeIgniter\Database\BaseConnection->query('SELECT 1\nFROM `...', Array, false)
#4 /home/wwwmand/public_html/pimes/app/Models/tank_auth/Login_attempts.php(55): CodeIgniter\Database\BaseBuilder->get()
#5 /home/wwwmand/public_html/pimes/app/Libraries/Tank_auth.php(679): App\Models\tank_auth\Login_attempts->get_attempts_num('103.73.35.166', '')
#6 /home/wwwmand/public_html/pimes/app/Controllers/Auth.php(102): App\Libraries\Tank_auth->is_max_login_attempts_exceeded('')
#7 /home/wwwmand/public_html/pimes/system/CodeIgniter.php(918): App\Controllers\Auth->login()
#8 /home/wwwmand/public_html/pimes/system/CodeIgniter.php(404): CodeIgniter\CodeIgniter->runController(Object(App\Controllers\Auth))
#9 /home/wwwmand/public_html/pimes/system/CodeIgniter.php(312): CodeIgniter\CodeIgniter->handleRequest(NULL, Object(Config\Cache), false)
#10 /home/wwwmand/public_html/pimes/index.php(45): CodeIgniter\CodeIgniter->run()
#11 {main}
CRITICAL - 2021-03-02 02:10:56 --> Table 'wwwmand_pimes.ctbl_users_login_attempts' doesn't exist
#0 /home/wwwmand/public_html/pimes/system/Database/MySQLi/Connection.php(331): mysqli->query('SELECT 1\nFROM `...')
#1 /home/wwwmand/public_html/pimes/system/Database/BaseConnection.php(741): CodeIgniter\Database\MySQLi\Connection->execute('SELECT 1\nFROM `...')
#2 /home/wwwmand/public_html/pimes/system/Database/BaseConnection.php(669): CodeIgniter\Database\BaseConnection->simpleQuery('SELECT 1\nFROM `...')
#3 /home/wwwmand/public_html/pimes/system/Database/BaseBuilder.php(1860): CodeIgniter\Database\BaseConnection->query('SELECT 1\nFROM `...', Array, false)
#4 /home/wwwmand/public_html/pimes/app/Models/tank_auth/Login_attempts.php(55): CodeIgniter\Database\BaseBuilder->get()
#5 /home/wwwmand/public_html/pimes/app/Libraries/Tank_auth.php(679): App\Models\tank_auth\Login_attempts->get_attempts_num('103.73.35.166', '')
#6 /home/wwwmand/public_html/pimes/app/Controllers/Auth.php(102): App\Libraries\Tank_auth->is_max_login_attempts_exceeded('')
#7 /home/wwwmand/public_html/pimes/system/CodeIgniter.php(918): App\Controllers\Auth->login()
#8 /home/wwwmand/public_html/pimes/system/CodeIgniter.php(404): CodeIgniter\CodeIgniter->runController(Object(App\Controllers\Auth))
#9 /home/wwwmand/public_html/pimes/system/CodeIgniter.php(312): CodeIgniter\CodeIgniter->handleRequest(NULL, Object(Config\Cache), false)
#10 /home/wwwmand/public_html/pimes/index.php(45): CodeIgniter\CodeIgniter->run()
#11 {main}
