CRITICAL - 2021-08-07 02:51:07 --> Invalid file: office/dashboard/budget_performance.php
#0 E:\www\FAWE\system\View\View.php(228): CodeIgniter\Exceptions\FrameworkException::forInvalidFile('office/dashboar...')
#1 E:\www\FAWE\system\Common.php(1119): CodeIgniter\View\View->render('office/dashboar...', Array, true)
#2 E:\www\FAWE\app\Views\template\index.php(14): view('office/dashboar...')
#3 E:\www\FAWE\system\View\View.php(246): include('E:\\www\\FAWE\\ap...')
#4 E:\www\FAWE\system\Common.php(1119): CodeIgniter\View\View->render('template/index', Array, true)
#5 E:\www\FAWE\app\Controllers\Dashboard.php(282): view('template/index', Array)
#6 E:\www\FAWE\system\CodeIgniter.php(918): App\Controllers\Dashboard->budget_performance()
#7 E:\www\FAWE\system\CodeIgniter.php(404): CodeIgniter\CodeIgniter->runController(Object(App\Controllers\Dashboard))
#8 E:\www\FAWE\system\CodeIgniter.php(312): CodeIgniter\CodeIgniter->handleRequest(NULL, Object(Config\Cache), false)
#9 E:\www\FAWE\index.php(45): CodeIgniter\CodeIgniter->run()
#10 {main}
CRITICAL - 2021-08-07 05:13:25 --> Undefined variable: beneficiaries_report
#0 E:\www\FAWE\app\Views\template\leftpanel.php(421): CodeIgniter\Debug\Exceptions->errorHandler(8, 'Undefined varia...', 'E:\\www\\FAWE\\ap...', 421, Array)
#1 E:\www\FAWE\system\View\View.php(246): include('E:\\www\\FAWE\\ap...')
#2 E:\www\FAWE\system\Common.php(1119): CodeIgniter\View\View->render('template/leftpa...', Array, true)
#3 E:\www\FAWE\app\Views\template\index.php(6): view('template/leftpa...')
#4 E:\www\FAWE\system\View\View.php(246): include('E:\\www\\FAWE\\ap...')
#5 E:\www\FAWE\system\Common.php(1119): CodeIgniter\View\View->render('template/index', Array, true)
#6 E:\www\FAWE\app\Controllers\Reporting\Project_data\Beneficiaries_report.php(66): view('template/index', Array)
#7 E:\www\FAWE\system\CodeIgniter.php(918): App\Controllers\Reporting\Project_data\Beneficiaries_report->index()
#8 E:\www\FAWE\system\CodeIgniter.php(404): CodeIgniter\CodeIgniter->runController(Object(App\Controllers\Reporting\Project_data\Beneficiaries_report))
#9 E:\www\FAWE\system\CodeIgniter.php(312): CodeIgniter\CodeIgniter->handleRequest(NULL, Object(Config\Cache), false)
#10 E:\www\FAWE\index.php(45): CodeIgniter\CodeIgniter->run()
#11 {main}
CRITICAL - 2021-08-07 05:13:25 --> Undefined variable: beneficiaries_report
#0 E:\www\FAWE\app\Views\template\leftpanel.php(421): CodeIgniter\Debug\Exceptions->errorHandler(8, 'Undefined varia...', 'E:\\www\\FAWE\\ap...', 421, Array)
#1 E:\www\FAWE\system\View\View.php(246): include('E:\\www\\FAWE\\ap...')
#2 E:\www\FAWE\system\Common.php(1119): CodeIgniter\View\View->render('template/leftpa...', Array, true)
#3 E:\www\FAWE\app\Views\template\index.php(6): view('template/leftpa...')
#4 E:\www\FAWE\system\View\View.php(246): include('E:\\www\\FAWE\\ap...')
#5 E:\www\FAWE\system\Common.php(1119): CodeIgniter\View\View->render('template/index', Array, true)
#6 E:\www\FAWE\app\Controllers\Reporting\Project_data\Beneficiaries_report.php(66): view('template/index', Array)
#7 E:\www\FAWE\system\CodeIgniter.php(918): App\Controllers\Reporting\Project_data\Beneficiaries_report->index()
#8 E:\www\FAWE\system\CodeIgniter.php(404): CodeIgniter\CodeIgniter->runController(Object(App\Controllers\Reporting\Project_data\Beneficiaries_report))
#9 E:\www\FAWE\system\CodeIgniter.php(312): CodeIgniter\CodeIgniter->handleRequest(NULL, Object(Config\Cache), false)
#10 E:\www\FAWE\index.php(45): CodeIgniter\CodeIgniter->run()
#11 {main}
CRITICAL - 2021-08-07 07:18:23 --> Undefined index: quarter
#0 E:\www\FAWE\app\Views\office\reporting\project_data\beneficiaries_report\list.php(66): CodeIgniter\Debug\Exceptions->errorHandler(8, 'Undefined index...', 'E:\\www\\FAWE\\ap...', 66, Array)
#1 E:\www\FAWE\system\View\View.php(246): include('E:\\www\\FAWE\\ap...')
#2 E:\www\FAWE\system\Common.php(1119): CodeIgniter\View\View->render('office/reportin...', Array, true)
#3 E:\www\FAWE\app\Views\template\index.php(14): view('office/reportin...')
#4 E:\www\FAWE\system\View\View.php(246): include('E:\\www\\FAWE\\ap...')
#5 E:\www\FAWE\system\Common.php(1119): CodeIgniter\View\View->render('template/index', Array, true)
#6 E:\www\FAWE\app\Controllers\Reporting\Project_data\Beneficiaries_report.php(66): view('template/index', Array)
#7 E:\www\FAWE\system\CodeIgniter.php(918): App\Controllers\Reporting\Project_data\Beneficiaries_report->index()
#8 E:\www\FAWE\system\CodeIgniter.php(404): CodeIgniter\CodeIgniter->runController(Object(App\Controllers\Reporting\Project_data\Beneficiaries_report))
#9 E:\www\FAWE\system\CodeIgniter.php(312): CodeIgniter\CodeIgniter->handleRequest(NULL, Object(Config\Cache), false)
#10 E:\www\FAWE\index.php(45): CodeIgniter\CodeIgniter->run()
#11 {main}
CRITICAL - 2021-08-07 07:18:23 --> Undefined index: quarter
#0 E:\www\FAWE\app\Views\office\reporting\project_data\beneficiaries_report\list.php(66): CodeIgniter\Debug\Exceptions->errorHandler(8, 'Undefined index...', 'E:\\www\\FAWE\\ap...', 66, Array)
#1 E:\www\FAWE\system\View\View.php(246): include('E:\\www\\FAWE\\ap...')
#2 E:\www\FAWE\system\Common.php(1119): CodeIgniter\View\View->render('office/reportin...', Array, true)
#3 E:\www\FAWE\app\Views\template\index.php(14): view('office/reportin...')
#4 E:\www\FAWE\system\View\View.php(246): include('E:\\www\\FAWE\\ap...')
#5 E:\www\FAWE\system\Common.php(1119): CodeIgniter\View\View->render('template/index', Array, true)
#6 E:\www\FAWE\app\Controllers\Reporting\Project_data\Beneficiaries_report.php(66): view('template/index', Array)
#7 E:\www\FAWE\system\CodeIgniter.php(918): App\Controllers\Reporting\Project_data\Beneficiaries_report->index()
#8 E:\www\FAWE\system\CodeIgniter.php(404): CodeIgniter\CodeIgniter->runController(Object(App\Controllers\Reporting\Project_data\Beneficiaries_report))
#9 E:\www\FAWE\system\CodeIgniter.php(312): CodeIgniter\CodeIgniter->handleRequest(NULL, Object(Config\Cache), false)
#10 E:\www\FAWE\index.php(45): CodeIgniter\CodeIgniter->run()
#11 {main}
CRITICAL - 2021-08-07 07:21:29 --> Table 'FAWE.county' doesn't exist
#0 E:\www\FAWE\system\Database\MySQLi\Connection.php(331): mysqli->query('SELECT *\nFROM `...')
#1 E:\www\FAWE\system\Database\BaseConnection.php(741): CodeIgniter\Database\MySQLi\Connection->execute('SELECT *\nFROM `...')
#2 E:\www\FAWE\system\Database\BaseConnection.php(669): CodeIgniter\Database\BaseConnection->simpleQuery('SELECT *\nFROM `...')
#3 E:\www\FAWE\system\Database\BaseBuilder.php(1860): CodeIgniter\Database\BaseConnection->query('SELECT *\nFROM `...', Array, false)
#4 E:\www\FAWE\system\Common.php(1187): CodeIgniter\Database\BaseBuilder->get()
#5 E:\www\FAWE\app\Views\office\reporting\project_data\beneficiaries_report\list.php(68): get_by_id('id', '1', 'county')
#6 E:\www\FAWE\system\View\View.php(246): include('E:\\www\\FAWE\\ap...')
#7 E:\www\FAWE\system\Common.php(1119): CodeIgniter\View\View->render('office/reportin...', Array, true)
#8 E:\www\FAWE\app\Views\template\index.php(14): view('office/reportin...')
#9 E:\www\FAWE\system\View\View.php(246): include('E:\\www\\FAWE\\ap...')
#10 E:\www\FAWE\system\Common.php(1119): CodeIgniter\View\View->render('template/index', Array, true)
#11 E:\www\FAWE\app\Controllers\Reporting\Project_data\Beneficiaries_report.php(66): view('template/index', Array)
#12 E:\www\FAWE\system\CodeIgniter.php(918): App\Controllers\Reporting\Project_data\Beneficiaries_report->index()
#13 E:\www\FAWE\system\CodeIgniter.php(404): CodeIgniter\CodeIgniter->runController(Object(App\Controllers\Reporting\Project_data\Beneficiaries_report))
#14 E:\www\FAWE\system\CodeIgniter.php(312): CodeIgniter\CodeIgniter->handleRequest(NULL, Object(Config\Cache), false)
#15 E:\www\FAWE\index.php(45): CodeIgniter\CodeIgniter->run()
#16 {main}
CRITICAL - 2021-08-07 07:21:29 --> Table 'FAWE.county' doesn't exist
#0 E:\www\FAWE\system\Database\MySQLi\Connection.php(331): mysqli->query('SELECT *\nFROM `...')
#1 E:\www\FAWE\system\Database\BaseConnection.php(741): CodeIgniter\Database\MySQLi\Connection->execute('SELECT *\nFROM `...')
#2 E:\www\FAWE\system\Database\BaseConnection.php(669): CodeIgniter\Database\BaseConnection->simpleQuery('SELECT *\nFROM `...')
#3 E:\www\FAWE\system\Database\BaseBuilder.php(1860): CodeIgniter\Database\BaseConnection->query('SELECT *\nFROM `...', Array, false)
#4 E:\www\FAWE\system\Common.php(1187): CodeIgniter\Database\BaseBuilder->get()
#5 E:\www\FAWE\app\Views\office\reporting\project_data\beneficiaries_report\list.php(68): get_by_id('id', '1', 'county')
#6 E:\www\FAWE\system\View\View.php(246): include('E:\\www\\FAWE\\ap...')
#7 E:\www\FAWE\system\Common.php(1119): CodeIgniter\View\View->render('office/reportin...', Array, true)
#8 E:\www\FAWE\app\Views\template\index.php(14): view('office/reportin...')
#9 E:\www\FAWE\system\View\View.php(246): include('E:\\www\\FAWE\\ap...')
#10 E:\www\FAWE\system\Common.php(1119): CodeIgniter\View\View->render('template/index', Array, true)
#11 E:\www\FAWE\app\Controllers\Reporting\Project_data\Beneficiaries_report.php(66): view('template/index', Array)
#12 E:\www\FAWE\system\CodeIgniter.php(918): App\Controllers\Reporting\Project_data\Beneficiaries_report->index()
#13 E:\www\FAWE\system\CodeIgniter.php(404): CodeIgniter\CodeIgniter->runController(Object(App\Controllers\Reporting\Project_data\Beneficiaries_report))
#14 E:\www\FAWE\system\CodeIgniter.php(312): CodeIgniter\CodeIgniter->handleRequest(NULL, Object(Config\Cache), false)
#15 E:\www\FAWE\index.php(45): CodeIgniter\CodeIgniter->run()
#16 {main}
CRITICAL - 2021-08-07 07:21:39 --> Unknown column 'flag' in 'where clause'
#0 E:\www\FAWE\system\Database\MySQLi\Connection.php(331): mysqli->query('SELECT *\nFROM `...')
#1 E:\www\FAWE\system\Database\BaseConnection.php(741): CodeIgniter\Database\MySQLi\Connection->execute('SELECT *\nFROM `...')
#2 E:\www\FAWE\system\Database\BaseConnection.php(669): CodeIgniter\Database\BaseConnection->simpleQuery('SELECT *\nFROM `...')
#3 E:\www\FAWE\system\Database\BaseBuilder.php(1860): CodeIgniter\Database\BaseConnection->query('SELECT *\nFROM `...', Array, false)
#4 E:\www\FAWE\system\Common.php(1187): CodeIgniter\Database\BaseBuilder->get()
#5 E:\www\FAWE\app\Views\office\reporting\project_data\beneficiaries_report\list.php(68): get_by_id('id', '1', 'mas_county')
#6 E:\www\FAWE\system\View\View.php(246): include('E:\\www\\FAWE\\ap...')
#7 E:\www\FAWE\system\Common.php(1119): CodeIgniter\View\View->render('office/reportin...', Array, true)
#8 E:\www\FAWE\app\Views\template\index.php(14): view('office/reportin...')
#9 E:\www\FAWE\system\View\View.php(246): include('E:\\www\\FAWE\\ap...')
#10 E:\www\FAWE\system\Common.php(1119): CodeIgniter\View\View->render('template/index', Array, true)
#11 E:\www\FAWE\app\Controllers\Reporting\Project_data\Beneficiaries_report.php(66): view('template/index', Array)
#12 E:\www\FAWE\system\CodeIgniter.php(918): App\Controllers\Reporting\Project_data\Beneficiaries_report->index()
#13 E:\www\FAWE\system\CodeIgniter.php(404): CodeIgniter\CodeIgniter->runController(Object(App\Controllers\Reporting\Project_data\Beneficiaries_report))
#14 E:\www\FAWE\system\CodeIgniter.php(312): CodeIgniter\CodeIgniter->handleRequest(NULL, Object(Config\Cache), false)
#15 E:\www\FAWE\index.php(45): CodeIgniter\CodeIgniter->run()
#16 {main}
CRITICAL - 2021-08-07 07:21:39 --> Unknown column 'flag' in 'where clause'
#0 E:\www\FAWE\system\Database\MySQLi\Connection.php(331): mysqli->query('SELECT *\nFROM `...')
#1 E:\www\FAWE\system\Database\BaseConnection.php(741): CodeIgniter\Database\MySQLi\Connection->execute('SELECT *\nFROM `...')
#2 E:\www\FAWE\system\Database\BaseConnection.php(669): CodeIgniter\Database\BaseConnection->simpleQuery('SELECT *\nFROM `...')
#3 E:\www\FAWE\system\Database\BaseBuilder.php(1860): CodeIgniter\Database\BaseConnection->query('SELECT *\nFROM `...', Array, false)
#4 E:\www\FAWE\system\Common.php(1187): CodeIgniter\Database\BaseBuilder->get()
#5 E:\www\FAWE\app\Views\office\reporting\project_data\beneficiaries_report\list.php(68): get_by_id('id', '1', 'mas_county')
#6 E:\www\FAWE\system\View\View.php(246): include('E:\\www\\FAWE\\ap...')
#7 E:\www\FAWE\system\Common.php(1119): CodeIgniter\View\View->render('office/reportin...', Array, true)
#8 E:\www\FAWE\app\Views\template\index.php(14): view('office/reportin...')
#9 E:\www\FAWE\system\View\View.php(246): include('E:\\www\\FAWE\\ap...')
#10 E:\www\FAWE\system\Common.php(1119): CodeIgniter\View\View->render('template/index', Array, true)
#11 E:\www\FAWE\app\Controllers\Reporting\Project_data\Beneficiaries_report.php(66): view('template/index', Array)
#12 E:\www\FAWE\system\CodeIgniter.php(918): App\Controllers\Reporting\Project_data\Beneficiaries_report->index()
#13 E:\www\FAWE\system\CodeIgniter.php(404): CodeIgniter\CodeIgniter->runController(Object(App\Controllers\Reporting\Project_data\Beneficiaries_report))
#14 E:\www\FAWE\system\CodeIgniter.php(312): CodeIgniter\CodeIgniter->handleRequest(NULL, Object(Config\Cache), false)
#15 E:\www\FAWE\index.php(45): CodeIgniter\CodeIgniter->run()
#16 {main}
CRITICAL - 2021-08-07 07:21:50 --> Call to undefined function get_by_id_any()
#0 E:\www\FAWE\system\View\View.php(246): include()
#1 E:\www\FAWE\system\Common.php(1119): CodeIgniter\View\View->render('office/reportin...', Array, true)
#2 E:\www\FAWE\app\Views\template\index.php(14): view('office/reportin...')
#3 E:\www\FAWE\system\View\View.php(246): include('E:\\www\\FAWE\\ap...')
#4 E:\www\FAWE\system\Common.php(1119): CodeIgniter\View\View->render('template/index', Array, true)
#5 E:\www\FAWE\app\Controllers\Reporting\Project_data\Beneficiaries_report.php(66): view('template/index', Array)
#6 E:\www\FAWE\system\CodeIgniter.php(918): App\Controllers\Reporting\Project_data\Beneficiaries_report->index()
#7 E:\www\FAWE\system\CodeIgniter.php(404): CodeIgniter\CodeIgniter->runController(Object(App\Controllers\Reporting\Project_data\Beneficiaries_report))
#8 E:\www\FAWE\system\CodeIgniter.php(312): CodeIgniter\CodeIgniter->handleRequest(NULL, Object(Config\Cache), false)
#9 E:\www\FAWE\index.php(45): CodeIgniter\CodeIgniter->run()
#10 {main}
CRITICAL - 2021-08-07 07:21:50 --> Call to undefined function get_by_id_any()
#0 E:\www\FAWE\system\View\View.php(246): include()
#1 E:\www\FAWE\system\Common.php(1119): CodeIgniter\View\View->render('office/reportin...', Array, true)
#2 E:\www\FAWE\app\Views\template\index.php(14): view('office/reportin...')
#3 E:\www\FAWE\system\View\View.php(246): include('E:\\www\\FAWE\\ap...')
#4 E:\www\FAWE\system\Common.php(1119): CodeIgniter\View\View->render('template/index', Array, true)
#5 E:\www\FAWE\app\Controllers\Reporting\Project_data\Beneficiaries_report.php(66): view('template/index', Array)
#6 E:\www\FAWE\system\CodeIgniter.php(918): App\Controllers\Reporting\Project_data\Beneficiaries_report->index()
#7 E:\www\FAWE\system\CodeIgniter.php(404): CodeIgniter\CodeIgniter->runController(Object(App\Controllers\Reporting\Project_data\Beneficiaries_report))
#8 E:\www\FAWE\system\CodeIgniter.php(312): CodeIgniter\CodeIgniter->handleRequest(NULL, Object(Config\Cache), false)
#9 E:\www\FAWE\index.php(45): CodeIgniter\CodeIgniter->run()
#10 {main}
CRITICAL - 2021-08-07 07:26:08 --> Call to undefined function get_by_any_id()
#0 E:\www\FAWE\system\View\View.php(246): include()
#1 E:\www\FAWE\system\Common.php(1119): CodeIgniter\View\View->render('office/reportin...', Array, true)
#2 E:\www\FAWE\app\Views\template\index.php(14): view('office/reportin...')
#3 E:\www\FAWE\system\View\View.php(246): include('E:\\www\\FAWE\\ap...')
#4 E:\www\FAWE\system\Common.php(1119): CodeIgniter\View\View->render('template/index', Array, true)
#5 E:\www\FAWE\app\Controllers\Reporting\Project_data\Beneficiaries_report.php(66): view('template/index', Array)
#6 E:\www\FAWE\system\CodeIgniter.php(918): App\Controllers\Reporting\Project_data\Beneficiaries_report->index()
#7 E:\www\FAWE\system\CodeIgniter.php(404): CodeIgniter\CodeIgniter->runController(Object(App\Controllers\Reporting\Project_data\Beneficiaries_report))
#8 E:\www\FAWE\system\CodeIgniter.php(312): CodeIgniter\CodeIgniter->handleRequest(NULL, Object(Config\Cache), false)
#9 E:\www\FAWE\index.php(45): CodeIgniter\CodeIgniter->run()
#10 {main}
CRITICAL - 2021-08-07 07:26:09 --> Call to undefined function get_by_any_id()
#0 E:\www\FAWE\system\View\View.php(246): include()
#1 E:\www\FAWE\system\Common.php(1119): CodeIgniter\View\View->render('office/reportin...', Array, true)
#2 E:\www\FAWE\app\Views\template\index.php(14): view('office/reportin...')
#3 E:\www\FAWE\system\View\View.php(246): include('E:\\www\\FAWE\\ap...')
#4 E:\www\FAWE\system\Common.php(1119): CodeIgniter\View\View->render('template/index', Array, true)
#5 E:\www\FAWE\app\Controllers\Reporting\Project_data\Beneficiaries_report.php(66): view('template/index', Array)
#6 E:\www\FAWE\system\CodeIgniter.php(918): App\Controllers\Reporting\Project_data\Beneficiaries_report->index()
#7 E:\www\FAWE\system\CodeIgniter.php(404): CodeIgniter\CodeIgniter->runController(Object(App\Controllers\Reporting\Project_data\Beneficiaries_report))
#8 E:\www\FAWE\system\CodeIgniter.php(312): CodeIgniter\CodeIgniter->handleRequest(NULL, Object(Config\Cache), false)
#9 E:\www\FAWE\index.php(45): CodeIgniter\CodeIgniter->run()
#10 {main}
CRITICAL - 2021-08-07 07:29:47 --> Undefined index: quarter
#0 E:\www\FAWE\app\Views\office\reporting\project_data\beneficiaries_report\edit.php(106): CodeIgniter\Debug\Exceptions->errorHandler(8, 'Undefined index...', 'E:\\www\\FAWE\\ap...', 106, Array)
#1 E:\www\FAWE\system\View\View.php(246): include('E:\\www\\FAWE\\ap...')
#2 E:\www\FAWE\system\Common.php(1119): CodeIgniter\View\View->render('office/reportin...', Array, true)
#3 E:\www\FAWE\app\Views\template\index.php(14): view('office/reportin...')
#4 E:\www\FAWE\system\View\View.php(246): include('E:\\www\\FAWE\\ap...')
#5 E:\www\FAWE\system\Common.php(1119): CodeIgniter\View\View->render('template/index', Array, true)
#6 E:\www\FAWE\app\Controllers\Reporting\Project_data\Beneficiaries_report.php(276): view('template/index', Array)
#7 E:\www\FAWE\system\CodeIgniter.php(918): App\Controllers\Reporting\Project_data\Beneficiaries_report->edit('2')
#8 E:\www\FAWE\system\CodeIgniter.php(404): CodeIgniter\CodeIgniter->runController(Object(App\Controllers\Reporting\Project_data\Beneficiaries_report))
#9 E:\www\FAWE\system\CodeIgniter.php(312): CodeIgniter\CodeIgniter->handleRequest(NULL, Object(Config\Cache), false)
#10 E:\www\FAWE\index.php(45): CodeIgniter\CodeIgniter->run()
#11 {main}
CRITICAL - 2021-08-07 07:29:47 --> Undefined index: quarter
#0 E:\www\FAWE\app\Views\office\reporting\project_data\beneficiaries_report\edit.php(106): CodeIgniter\Debug\Exceptions->errorHandler(8, 'Undefined index...', 'E:\\www\\FAWE\\ap...', 106, Array)
#1 E:\www\FAWE\system\View\View.php(246): include('E:\\www\\FAWE\\ap...')
#2 E:\www\FAWE\system\Common.php(1119): CodeIgniter\View\View->render('office/reportin...', Array, true)
#3 E:\www\FAWE\app\Views\template\index.php(14): view('office/reportin...')
#4 E:\www\FAWE\system\View\View.php(246): include('E:\\www\\FAWE\\ap...')
#5 E:\www\FAWE\system\Common.php(1119): CodeIgniter\View\View->render('template/index', Array, true)
#6 E:\www\FAWE\app\Controllers\Reporting\Project_data\Beneficiaries_report.php(276): view('template/index', Array)
#7 E:\www\FAWE\system\CodeIgniter.php(918): App\Controllers\Reporting\Project_data\Beneficiaries_report->edit('2')
#8 E:\www\FAWE\system\CodeIgniter.php(404): CodeIgniter\CodeIgniter->runController(Object(App\Controllers\Reporting\Project_data\Beneficiaries_report))
#9 E:\www\FAWE\system\CodeIgniter.php(312): CodeIgniter\CodeIgniter->handleRequest(NULL, Object(Config\Cache), false)
#10 E:\www\FAWE\index.php(45): CodeIgniter\CodeIgniter->run()
#11 {main}
CRITICAL - 2021-08-07 07:31:31 --> Undefined index: key_highlights
#0 E:\www\FAWE\app\Views\office\reporting\project_data\beneficiaries_report\edit.php(120): CodeIgniter\Debug\Exceptions->errorHandler(8, 'Undefined index...', 'E:\\www\\FAWE\\ap...', 120, Array)
#1 E:\www\FAWE\system\View\View.php(246): include('E:\\www\\FAWE\\ap...')
#2 E:\www\FAWE\system\Common.php(1119): CodeIgniter\View\View->render('office/reportin...', Array, true)
#3 E:\www\FAWE\app\Views\template\index.php(14): view('office/reportin...')
#4 E:\www\FAWE\system\View\View.php(246): include('E:\\www\\FAWE\\ap...')
#5 E:\www\FAWE\system\Common.php(1119): CodeIgniter\View\View->render('template/index', Array, true)
#6 E:\www\FAWE\app\Controllers\Reporting\Project_data\Beneficiaries_report.php(276): view('template/index', Array)
#7 E:\www\FAWE\system\CodeIgniter.php(918): App\Controllers\Reporting\Project_data\Beneficiaries_report->edit('2')
#8 E:\www\FAWE\system\CodeIgniter.php(404): CodeIgniter\CodeIgniter->runController(Object(App\Controllers\Reporting\Project_data\Beneficiaries_report))
#9 E:\www\FAWE\system\CodeIgniter.php(312): CodeIgniter\CodeIgniter->handleRequest(NULL, Object(Config\Cache), false)
#10 E:\www\FAWE\index.php(45): CodeIgniter\CodeIgniter->run()
#11 {main}
CRITICAL - 2021-08-07 07:31:31 --> Undefined index: key_highlights
#0 E:\www\FAWE\app\Views\office\reporting\project_data\beneficiaries_report\edit.php(120): CodeIgniter\Debug\Exceptions->errorHandler(8, 'Undefined index...', 'E:\\www\\FAWE\\ap...', 120, Array)
#1 E:\www\FAWE\system\View\View.php(246): include('E:\\www\\FAWE\\ap...')
#2 E:\www\FAWE\system\Common.php(1119): CodeIgniter\View\View->render('office/reportin...', Array, true)
#3 E:\www\FAWE\app\Views\template\index.php(14): view('office/reportin...')
#4 E:\www\FAWE\system\View\View.php(246): include('E:\\www\\FAWE\\ap...')
#5 E:\www\FAWE\system\Common.php(1119): CodeIgniter\View\View->render('template/index', Array, true)
#6 E:\www\FAWE\app\Controllers\Reporting\Project_data\Beneficiaries_report.php(276): view('template/index', Array)
#7 E:\www\FAWE\system\CodeIgniter.php(918): App\Controllers\Reporting\Project_data\Beneficiaries_report->edit('2')
#8 E:\www\FAWE\system\CodeIgniter.php(404): CodeIgniter\CodeIgniter->runController(Object(App\Controllers\Reporting\Project_data\Beneficiaries_report))
#9 E:\www\FAWE\system\CodeIgniter.php(312): CodeIgniter\CodeIgniter->handleRequest(NULL, Object(Config\Cache), false)
#10 E:\www\FAWE\index.php(45): CodeIgniter\CodeIgniter->run()
#11 {main}
