CRITICAL - 2021-09-14 13:35:14 --> Call to undefined method App\Libraries\Tank_auth::get_user_type()
#0 E:\www\FAWE\system\CodeIgniter.php(918): App\Controllers\Review_approve\Review_activity_reporting->review('2')
#1 E:\www\FAWE\system\CodeIgniter.php(404): CodeIgniter\CodeIgniter->runController(Object(App\Controllers\Review_approve\Review_activity_reporting))
#2 E:\www\FAWE\system\CodeIgniter.php(312): CodeIgniter\CodeIgniter->handleRequest(NULL, Object(Config\Cache), false)
#3 E:\www\FAWE\index.php(45): CodeIgniter\CodeIgniter->run()
#4 {main}
CRITICAL - 2021-09-14 13:36:49 --> syntax error, unexpected 'die' (T_EXIT), expecting ',' or ';'
#0 E:\www\FAWE\system\Router\Router.php(195): CodeIgniter\Router\Router->autoRoute('/review_approve...')
#1 E:\www\FAWE\system\CodeIgniter.php(793): CodeIgniter\Router\Router->handle('/review_approve...')
#2 E:\www\FAWE\system\CodeIgniter.php(364): CodeIgniter\CodeIgniter->tryToRouteIt(Object(CodeIgniter\Router\RouteCollection))
#3 E:\www\FAWE\system\CodeIgniter.php(312): CodeIgniter\CodeIgniter->handleRequest(NULL, Object(Config\Cache), false)
#4 E:\www\FAWE\index.php(45): CodeIgniter\CodeIgniter->run()
#5 {main}
CRITICAL - 2021-09-14 13:37:04 --> Call to undefined method App\Libraries\Tank_auth::get_user_type()
#0 E:\www\FAWE\system\CodeIgniter.php(918): App\Controllers\Review_approve\Review_activity_reporting->review('2')
#1 E:\www\FAWE\system\CodeIgniter.php(404): CodeIgniter\CodeIgniter->runController(Object(App\Controllers\Review_approve\Review_activity_reporting))
#2 E:\www\FAWE\system\CodeIgniter.php(312): CodeIgniter\CodeIgniter->handleRequest(NULL, Object(Config\Cache), false)
#3 E:\www\FAWE\index.php(45): CodeIgniter\CodeIgniter->run()
#4 {main}
CRITICAL - 2021-09-14 13:56:29 --> Object of class App\Controllers\Review_approve\Review_activity_reporting could not be converted to string
#0 E:\www\FAWE\app\Controllers\Review_approve\Review_activity_reporting.php(129): CodeIgniter\Debug\Exceptions->errorHandler(4096, 'Object of class...', 'E:\\www\\FAWE\\ap...', 129, Array)
#1 E:\www\FAWE\system\CodeIgniter.php(918): App\Controllers\Review_approve\Review_activity_reporting->review('2')
#2 E:\www\FAWE\system\CodeIgniter.php(404): CodeIgniter\CodeIgniter->runController(Object(App\Controllers\Review_approve\Review_activity_reporting))
#3 E:\www\FAWE\system\CodeIgniter.php(312): CodeIgniter\CodeIgniter->handleRequest(NULL, Object(Config\Cache), false)
#4 E:\www\FAWE\index.php(45): CodeIgniter\CodeIgniter->run()
#5 {main}
CRITICAL - 2021-09-14 14:24:23 --> Class 'App\Controllers\Review_approve\Review_activity_reporting_model' not found
#0 E:\www\FAWE\system\CodeIgniter.php(918): App\Controllers\Review_approve\Review_activity_reporting->review('2')
#1 E:\www\FAWE\system\CodeIgniter.php(404): CodeIgniter\CodeIgniter->runController(Object(App\Controllers\Review_approve\Review_activity_reporting))
#2 E:\www\FAWE\system\CodeIgniter.php(312): CodeIgniter\CodeIgniter->handleRequest(NULL, Object(Config\Cache), false)
#3 E:\www\FAWE\index.php(45): CodeIgniter\CodeIgniter->run()
#4 {main}
CRITICAL - 2021-09-14 14:25:24 --> Object of class App\Controllers\Review_approve\Review_activity_reporting could not be converted to string
#0 E:\www\FAWE\app\Controllers\Review_approve\Review_activity_reporting.php(130): CodeIgniter\Debug\Exceptions->errorHandler(4096, 'Object of class...', 'E:\\www\\FAWE\\ap...', 130, Array)
#1 E:\www\FAWE\system\CodeIgniter.php(918): App\Controllers\Review_approve\Review_activity_reporting->review('2')
#2 E:\www\FAWE\system\CodeIgniter.php(404): CodeIgniter\CodeIgniter->runController(Object(App\Controllers\Review_approve\Review_activity_reporting))
#3 E:\www\FAWE\system\CodeIgniter.php(312): CodeIgniter\CodeIgniter->handleRequest(NULL, Object(Config\Cache), false)
#4 E:\www\FAWE\index.php(45): CodeIgniter\CodeIgniter->run()
#5 {main}
CRITICAL - 2021-09-14 15:17:17 --> Class 'App\Controllers\Review_approve\Activity_reporting_tool_model' not found
#0 E:\www\FAWE\system\CodeIgniter.php(918): App\Controllers\Review_approve\Review_activity_reporting->view('2')
#1 E:\www\FAWE\system\CodeIgniter.php(404): CodeIgniter\CodeIgniter->runController(Object(App\Controllers\Review_approve\Review_activity_reporting))
#2 E:\www\FAWE\system\CodeIgniter.php(312): CodeIgniter\CodeIgniter->handleRequest(NULL, Object(Config\Cache), false)
#3 E:\www\FAWE\index.php(45): CodeIgniter\CodeIgniter->run()
#4 {main}
CRITICAL - 2021-09-14 15:32:09 --> Call to undefined method CodeIgniter\Database\MySQLi\Result::getNumRows()
#0 E:\www\FAWE\system\View\View.php(246): include()
#1 E:\www\FAWE\system\Common.php(1119): CodeIgniter\View\View->render('office/review_a...', Array, true)
#2 E:\www\FAWE\app\Views\template\index.php(14): view('office/review_a...')
#3 E:\www\FAWE\system\View\View.php(246): include('E:\\www\\FAWE\\ap...')
#4 E:\www\FAWE\system\Common.php(1119): CodeIgniter\View\View->render('template/index', Array, true)
#5 E:\www\FAWE\app\Controllers\Review_approve\Review_activity_reporting.php(207): view('template/index', Array)
#6 E:\www\FAWE\system\CodeIgniter.php(918): App\Controllers\Review_approve\Review_activity_reporting->view('2')
#7 E:\www\FAWE\system\CodeIgniter.php(404): CodeIgniter\CodeIgniter->runController(Object(App\Controllers\Review_approve\Review_activity_reporting))
#8 E:\www\FAWE\system\CodeIgniter.php(312): CodeIgniter\CodeIgniter->handleRequest(NULL, Object(Config\Cache), false)
#9 E:\www\FAWE\index.php(45): CodeIgniter\CodeIgniter->run()
#10 {main}
CRITICAL - 2021-09-14 15:32:09 --> Call to undefined method CodeIgniter\Database\MySQLi\Result::getNumRows()
#0 E:\www\FAWE\system\View\View.php(246): include()
#1 E:\www\FAWE\system\Common.php(1119): CodeIgniter\View\View->render('office/review_a...', Array, true)
#2 E:\www\FAWE\app\Views\template\index.php(14): view('office/review_a...')
#3 E:\www\FAWE\system\View\View.php(246): include('E:\\www\\FAWE\\ap...')
#4 E:\www\FAWE\system\Common.php(1119): CodeIgniter\View\View->render('template/index', Array, true)
#5 E:\www\FAWE\app\Controllers\Review_approve\Review_activity_reporting.php(207): view('template/index', Array)
#6 E:\www\FAWE\system\CodeIgniter.php(918): App\Controllers\Review_approve\Review_activity_reporting->view('2')
#7 E:\www\FAWE\system\CodeIgniter.php(404): CodeIgniter\CodeIgniter->runController(Object(App\Controllers\Review_approve\Review_activity_reporting))
#8 E:\www\FAWE\system\CodeIgniter.php(312): CodeIgniter\CodeIgniter->handleRequest(NULL, Object(Config\Cache), false)
#9 E:\www\FAWE\index.php(45): CodeIgniter\CodeIgniter->run()
#10 {main}
CRITICAL - 2021-09-14 15:33:19 --> Call to undefined method CodeIgniter\Database\MySQLi\Result::countResultAll()
#0 E:\www\FAWE\system\View\View.php(246): include()
#1 E:\www\FAWE\system\Common.php(1119): CodeIgniter\View\View->render('office/review_a...', Array, true)
#2 E:\www\FAWE\app\Views\template\index.php(14): view('office/review_a...')
#3 E:\www\FAWE\system\View\View.php(246): include('E:\\www\\FAWE\\ap...')
#4 E:\www\FAWE\system\Common.php(1119): CodeIgniter\View\View->render('template/index', Array, true)
#5 E:\www\FAWE\app\Controllers\Review_approve\Review_activity_reporting.php(207): view('template/index', Array)
#6 E:\www\FAWE\system\CodeIgniter.php(918): App\Controllers\Review_approve\Review_activity_reporting->view('2')
#7 E:\www\FAWE\system\CodeIgniter.php(404): CodeIgniter\CodeIgniter->runController(Object(App\Controllers\Review_approve\Review_activity_reporting))
#8 E:\www\FAWE\system\CodeIgniter.php(312): CodeIgniter\CodeIgniter->handleRequest(NULL, Object(Config\Cache), false)
#9 E:\www\FAWE\index.php(45): CodeIgniter\CodeIgniter->run()
#10 {main}
CRITICAL - 2021-09-14 15:33:19 --> Call to undefined method CodeIgniter\Database\MySQLi\Result::countResultAll()
#0 E:\www\FAWE\system\View\View.php(246): include()
#1 E:\www\FAWE\system\Common.php(1119): CodeIgniter\View\View->render('office/review_a...', Array, true)
#2 E:\www\FAWE\app\Views\template\index.php(14): view('office/review_a...')
#3 E:\www\FAWE\system\View\View.php(246): include('E:\\www\\FAWE\\ap...')
#4 E:\www\FAWE\system\Common.php(1119): CodeIgniter\View\View->render('template/index', Array, true)
#5 E:\www\FAWE\app\Controllers\Review_approve\Review_activity_reporting.php(207): view('template/index', Array)
#6 E:\www\FAWE\system\CodeIgniter.php(918): App\Controllers\Review_approve\Review_activity_reporting->view('2')
#7 E:\www\FAWE\system\CodeIgniter.php(404): CodeIgniter\CodeIgniter->runController(Object(App\Controllers\Review_approve\Review_activity_reporting))
#8 E:\www\FAWE\system\CodeIgniter.php(312): CodeIgniter\CodeIgniter->handleRequest(NULL, Object(Config\Cache), false)
#9 E:\www\FAWE\index.php(45): CodeIgniter\CodeIgniter->run()
#10 {main}
CRITICAL - 2021-09-14 15:34:30 --> Call to undefined method CodeIgniter\Database\MySQLi\Result::countAllResults()
#0 E:\www\FAWE\system\View\View.php(246): include()
#1 E:\www\FAWE\system\Common.php(1119): CodeIgniter\View\View->render('office/review_a...', Array, true)
#2 E:\www\FAWE\app\Views\template\index.php(14): view('office/review_a...')
#3 E:\www\FAWE\system\View\View.php(246): include('E:\\www\\FAWE\\ap...')
#4 E:\www\FAWE\system\Common.php(1119): CodeIgniter\View\View->render('template/index', Array, true)
#5 E:\www\FAWE\app\Controllers\Review_approve\Review_activity_reporting.php(207): view('template/index', Array)
#6 E:\www\FAWE\system\CodeIgniter.php(918): App\Controllers\Review_approve\Review_activity_reporting->view('2')
#7 E:\www\FAWE\system\CodeIgniter.php(404): CodeIgniter\CodeIgniter->runController(Object(App\Controllers\Review_approve\Review_activity_reporting))
#8 E:\www\FAWE\system\CodeIgniter.php(312): CodeIgniter\CodeIgniter->handleRequest(NULL, Object(Config\Cache), false)
#9 E:\www\FAWE\index.php(45): CodeIgniter\CodeIgniter->run()
#10 {main}
CRITICAL - 2021-09-14 15:34:30 --> Call to undefined method CodeIgniter\Database\MySQLi\Result::countAllResults()
#0 E:\www\FAWE\system\View\View.php(246): include()
#1 E:\www\FAWE\system\Common.php(1119): CodeIgniter\View\View->render('office/review_a...', Array, true)
#2 E:\www\FAWE\app\Views\template\index.php(14): view('office/review_a...')
#3 E:\www\FAWE\system\View\View.php(246): include('E:\\www\\FAWE\\ap...')
#4 E:\www\FAWE\system\Common.php(1119): CodeIgniter\View\View->render('template/index', Array, true)
#5 E:\www\FAWE\app\Controllers\Review_approve\Review_activity_reporting.php(207): view('template/index', Array)
#6 E:\www\FAWE\system\CodeIgniter.php(918): App\Controllers\Review_approve\Review_activity_reporting->view('2')
#7 E:\www\FAWE\system\CodeIgniter.php(404): CodeIgniter\CodeIgniter->runController(Object(App\Controllers\Review_approve\Review_activity_reporting))
#8 E:\www\FAWE\system\CodeIgniter.php(312): CodeIgniter\CodeIgniter->handleRequest(NULL, Object(Config\Cache), false)
#9 E:\www\FAWE\index.php(45): CodeIgniter\CodeIgniter->run()
#10 {main}
CRITICAL - 2021-09-14 15:53:04 --> Invalid file: office/review_approve/review_activity_reporting/review.php
#0 E:\www\FAWE\system\View\View.php(228): CodeIgniter\Exceptions\FrameworkException::forInvalidFile('office/review_a...')
#1 E:\www\FAWE\system\Common.php(1119): CodeIgniter\View\View->render('office/review_a...', Array, true)
#2 E:\www\FAWE\app\Views\template\index.php(14): view('office/review_a...')
#3 E:\www\FAWE\system\View\View.php(246): include('E:\\www\\FAWE\\ap...')
#4 E:\www\FAWE\system\Common.php(1119): CodeIgniter\View\View->render('template/index', Array, true)
#5 E:\www\FAWE\app\Controllers\Review_approve\Review_activity_reporting.php(184): view('template/index', Array)
#6 E:\www\FAWE\system\CodeIgniter.php(918): App\Controllers\Review_approve\Review_activity_reporting->review('2')
#7 E:\www\FAWE\system\CodeIgniter.php(404): CodeIgniter\CodeIgniter->runController(Object(App\Controllers\Review_approve\Review_activity_reporting))
#8 E:\www\FAWE\system\CodeIgniter.php(312): CodeIgniter\CodeIgniter->handleRequest(NULL, Object(Config\Cache), false)
#9 E:\www\FAWE\index.php(45): CodeIgniter\CodeIgniter->run()
#10 {main}
CRITICAL - 2021-09-14 16:17:54 --> Call to a member function getRandomName() on null
#0 E:\www\FAWE\system\CodeIgniter.php(918): App\Controllers\Review_approve\Review_activity_reporting->review('2')
#1 E:\www\FAWE\system\CodeIgniter.php(404): CodeIgniter\CodeIgniter->runController(Object(App\Controllers\Review_approve\Review_activity_reporting))
#2 E:\www\FAWE\system\CodeIgniter.php(312): CodeIgniter\CodeIgniter->handleRequest(NULL, Object(Config\Cache), false)
#3 E:\www\FAWE\index.php(45): CodeIgniter\CodeIgniter->run()
#4 {main}
CRITICAL - 2021-09-14 16:27:24 --> syntax error, unexpected end of file
#0 E:\www\FAWE\system\Common.php(1119): CodeIgniter\View\View->render('office/review_a...', Array, true)
#1 E:\www\FAWE\app\Views\template\index.php(14): view('office/review_a...')
#2 E:\www\FAWE\system\View\View.php(246): include('E:\\www\\FAWE\\ap...')
#3 E:\www\FAWE\system\Common.php(1119): CodeIgniter\View\View->render('template/index', Array, true)
#4 E:\www\FAWE\app\Controllers\Review_approve\Review_activity_reporting.php(215): view('template/index', Array)
#5 E:\www\FAWE\system\CodeIgniter.php(918): App\Controllers\Review_approve\Review_activity_reporting->view('2')
#6 E:\www\FAWE\system\CodeIgniter.php(404): CodeIgniter\CodeIgniter->runController(Object(App\Controllers\Review_approve\Review_activity_reporting))
#7 E:\www\FAWE\system\CodeIgniter.php(312): CodeIgniter\CodeIgniter->handleRequest(NULL, Object(Config\Cache), false)
#8 E:\www\FAWE\index.php(45): CodeIgniter\CodeIgniter->run()
#9 {main}
CRITICAL - 2021-09-14 16:27:25 --> syntax error, unexpected end of file
#0 E:\www\FAWE\system\Common.php(1119): CodeIgniter\View\View->render('office/review_a...', Array, true)
#1 E:\www\FAWE\app\Views\template\index.php(14): view('office/review_a...')
#2 E:\www\FAWE\system\View\View.php(246): include('E:\\www\\FAWE\\ap...')
#3 E:\www\FAWE\system\Common.php(1119): CodeIgniter\View\View->render('template/index', Array, true)
#4 E:\www\FAWE\app\Controllers\Review_approve\Review_activity_reporting.php(215): view('template/index', Array)
#5 E:\www\FAWE\system\CodeIgniter.php(918): App\Controllers\Review_approve\Review_activity_reporting->view('2')
#6 E:\www\FAWE\system\CodeIgniter.php(404): CodeIgniter\CodeIgniter->runController(Object(App\Controllers\Review_approve\Review_activity_reporting))
#7 E:\www\FAWE\system\CodeIgniter.php(312): CodeIgniter\CodeIgniter->handleRequest(NULL, Object(Config\Cache), false)
#8 E:\www\FAWE\index.php(45): CodeIgniter\CodeIgniter->run()
#9 {main}
CRITICAL - 2021-09-14 17:26:30 --> The original file is not a valid file.
#0 E:\www\FAWE\system\HTTP\Files\UploadedFile.php(172): CodeIgniter\HTTP\Exceptions\HTTPException::forInvalidFile()
#1 E:\www\FAWE\app\Controllers\Review_approve\Review_activity_reporting.php(111): CodeIgniter\HTTP\Files\UploadedFile->move('E:\\www\\FAWE\\pu...', '1631629590_d5cd...')
#2 E:\www\FAWE\system\CodeIgniter.php(918): App\Controllers\Review_approve\Review_activity_reporting->review('2')
#3 E:\www\FAWE\system\CodeIgniter.php(404): CodeIgniter\CodeIgniter->runController(Object(App\Controllers\Review_approve\Review_activity_reporting))
#4 E:\www\FAWE\system\CodeIgniter.php(312): CodeIgniter\CodeIgniter->handleRequest(NULL, Object(Config\Cache), false)
#5 E:\www\FAWE\index.php(45): CodeIgniter\CodeIgniter->run()
#6 {main}
CRITICAL - 2021-09-14 17:27:50 --> Undefined variable: newName
#0 E:\www\FAWE\app\Controllers\Review_approve\Review_activity_reporting.php(125): CodeIgniter\Debug\Exceptions->errorHandler(8, 'Undefined varia...', 'E:\\www\\FAWE\\ap...', 125, Array)
#1 E:\www\FAWE\system\CodeIgniter.php(918): App\Controllers\Review_approve\Review_activity_reporting->review('2')
#2 E:\www\FAWE\system\CodeIgniter.php(404): CodeIgniter\CodeIgniter->runController(Object(App\Controllers\Review_approve\Review_activity_reporting))
#3 E:\www\FAWE\system\CodeIgniter.php(312): CodeIgniter\CodeIgniter->handleRequest(NULL, Object(Config\Cache), false)
#4 E:\www\FAWE\index.php(45): CodeIgniter\CodeIgniter->run()
#5 {main}
CRITICAL - 2021-09-14 17:36:59 --> Undefined index: submitted_date1
#0 E:\www\FAWE\app\Views\email\activity_reporting_tool_approve-html.php(41): CodeIgniter\Debug\Exceptions->errorHandler(8, 'Undefined index...', 'E:\\www\\FAWE\\ap...', 41, Array)
#1 E:\www\FAWE\system\View\View.php(246): include('E:\\www\\FAWE\\ap...')
#2 E:\www\FAWE\system\Common.php(1119): CodeIgniter\View\View->render('email/activity_...', Array, true)
#3 E:\www\FAWE\app\Controllers\Review_approve\Review_activity_reporting.php(371): view('email/activity_...', Array)
#4 E:\www\FAWE\app\Controllers\Review_approve\Review_activity_reporting.php(171): App\Controllers\Review_approve\Review_activity_reporting->_send_email('activity_report...', 'vikas@ubsgroup....', Array)
#5 E:\www\FAWE\system\CodeIgniter.php(918): App\Controllers\Review_approve\Review_activity_reporting->review('2')
#6 E:\www\FAWE\system\CodeIgniter.php(404): CodeIgniter\CodeIgniter->runController(Object(App\Controllers\Review_approve\Review_activity_reporting))
#7 E:\www\FAWE\system\CodeIgniter.php(312): CodeIgniter\CodeIgniter->handleRequest(NULL, Object(Config\Cache), false)
#8 E:\www\FAWE\index.php(45): CodeIgniter\CodeIgniter->run()
#9 {main}
CRITICAL - 2021-09-14 17:48:10 --> Class 'App\Controllers\Review_approve\Activity_reporting_tool_model' not found
#0 E:\www\FAWE\system\CodeIgniter.php(918): App\Controllers\Review_approve\Review_activity_reporting->print_page('2')
#1 E:\www\FAWE\system\CodeIgniter.php(404): CodeIgniter\CodeIgniter->runController(Object(App\Controllers\Review_approve\Review_activity_reporting))
#2 E:\www\FAWE\system\CodeIgniter.php(312): CodeIgniter\CodeIgniter->handleRequest(NULL, Object(Config\Cache), false)
#3 E:\www\FAWE\index.php(45): CodeIgniter\CodeIgniter->run()
#4 {main}
CRITICAL - 2021-09-14 18:10:31 --> Undefined variable: record
#0 E:\www\FAWE\app\Views\office\reporting\project_data\activity_reporting_tool\edit.php(53): CodeIgniter\Debug\Exceptions->errorHandler(8, 'Undefined varia...', 'E:\\www\\FAWE\\ap...', 53, Array)
#1 E:\www\FAWE\system\View\View.php(246): include('E:\\www\\FAWE\\ap...')
#2 E:\www\FAWE\system\Common.php(1119): CodeIgniter\View\View->render('office/reportin...', Array, true)
#3 E:\www\FAWE\app\Views\template\index.php(14): view('office/reportin...')
#4 E:\www\FAWE\system\View\View.php(246): include('E:\\www\\FAWE\\ap...')
#5 E:\www\FAWE\system\Common.php(1119): CodeIgniter\View\View->render('template/index', Array, true)
#6 E:\www\FAWE\app\Controllers\Reporting\Project_data\Activity_reporting_tool.php(546): view('template/index', Array)
#7 E:\www\FAWE\system\CodeIgniter.php(918): App\Controllers\Reporting\Project_data\Activity_reporting_tool->edit('2')
#8 E:\www\FAWE\system\CodeIgniter.php(404): CodeIgniter\CodeIgniter->runController(Object(App\Controllers\Reporting\Project_data\Activity_reporting_tool))
#9 E:\www\FAWE\system\CodeIgniter.php(312): CodeIgniter\CodeIgniter->handleRequest(NULL, Object(Config\Cache), false)
#10 E:\www\FAWE\index.php(45): CodeIgniter\CodeIgniter->run()
#11 {main}
CRITICAL - 2021-09-14 18:10:31 --> Undefined variable: record
#0 E:\www\FAWE\app\Views\office\reporting\project_data\activity_reporting_tool\edit.php(53): CodeIgniter\Debug\Exceptions->errorHandler(8, 'Undefined varia...', 'E:\\www\\FAWE\\ap...', 53, Array)
#1 E:\www\FAWE\system\View\View.php(246): include('E:\\www\\FAWE\\ap...')
#2 E:\www\FAWE\system\Common.php(1119): CodeIgniter\View\View->render('office/reportin...', Array, true)
#3 E:\www\FAWE\app\Views\template\index.php(14): view('office/reportin...')
#4 E:\www\FAWE\system\View\View.php(246): include('E:\\www\\FAWE\\ap...')
#5 E:\www\FAWE\system\Common.php(1119): CodeIgniter\View\View->render('template/index', Array, true)
#6 E:\www\FAWE\app\Controllers\Reporting\Project_data\Activity_reporting_tool.php(546): view('template/index', Array)
#7 E:\www\FAWE\system\CodeIgniter.php(918): App\Controllers\Reporting\Project_data\Activity_reporting_tool->edit('2')
#8 E:\www\FAWE\system\CodeIgniter.php(404): CodeIgniter\CodeIgniter->runController(Object(App\Controllers\Reporting\Project_data\Activity_reporting_tool))
#9 E:\www\FAWE\system\CodeIgniter.php(312): CodeIgniter\CodeIgniter->handleRequest(NULL, Object(Config\Cache), false)
#10 E:\www\FAWE\index.php(45): CodeIgniter\CodeIgniter->run()
#11 {main}
