CRITICAL - 2021-03-01 23:35:20 --> Trying to get property 'name' of non-object
#0 /home/wwwmand/public_html/pimes/app/Views/office/planning/projects/profile/view.php(44): CodeIgniter\Debug\Exceptions->errorHandler(8, 'Trying to get p...', '/home/wwwmand/p...', 44, Array)
#1 /home/wwwmand/public_html/pimes/system/View/View.php(246): include('/home/wwwmand/p...')
#2 /home/wwwmand/public_html/pimes/system/Common.php(1119): CodeIgniter\View\View->render('office/planning...', Array, true)
#3 /home/wwwmand/public_html/pimes/app/Views/template/index.php(14): view('office/planning...')
#4 /home/wwwmand/public_html/pimes/system/View/View.php(246): include('/home/wwwmand/p...')
#5 /home/wwwmand/public_html/pimes/system/Common.php(1119): CodeIgniter\View\View->render('template/index', Array, true)
#6 /home/wwwmand/public_html/pimes/app/Controllers/Planning/Project.php(221): view('template/index', Array)
#7 /home/wwwmand/public_html/pimes/system/CodeIgniter.php(918): App\Controllers\Planning\Project->view('32')
#8 /home/wwwmand/public_html/pimes/system/CodeIgniter.php(404): CodeIgniter\CodeIgniter->runController(Object(App\Controllers\Planning\Project))
#9 /home/wwwmand/public_html/pimes/system/CodeIgniter.php(312): CodeIgniter\CodeIgniter->handleRequest(NULL, Object(Config\Cache), false)
#10 /home/wwwmand/public_html/pimes/index.php(45): CodeIgniter\CodeIgniter->run()
#11 {main}
CRITICAL - 2021-03-01 23:35:21 --> Trying to get property 'name' of non-object
#0 /home/wwwmand/public_html/pimes/app/Views/office/planning/projects/profile/view.php(44): CodeIgniter\Debug\Exceptions->errorHandler(8, 'Trying to get p...', '/home/wwwmand/p...', 44, Array)
#1 /home/wwwmand/public_html/pimes/system/View/View.php(246): include('/home/wwwmand/p...')
#2 /home/wwwmand/public_html/pimes/system/Common.php(1119): CodeIgniter\View\View->render('office/planning...', Array, true)
#3 /home/wwwmand/public_html/pimes/app/Views/template/index.php(14): view('office/planning...')
#4 /home/wwwmand/public_html/pimes/system/View/View.php(246): include('/home/wwwmand/p...')
#5 /home/wwwmand/public_html/pimes/system/Common.php(1119): CodeIgniter\View\View->render('template/index', Array, true)
#6 /home/wwwmand/public_html/pimes/app/Controllers/Planning/Project.php(221): view('template/index', Array)
#7 /home/wwwmand/public_html/pimes/system/CodeIgniter.php(918): App\Controllers\Planning\Project->view('32')
#8 /home/wwwmand/public_html/pimes/system/CodeIgniter.php(404): CodeIgniter\CodeIgniter->runController(Object(App\Controllers\Planning\Project))
#9 /home/wwwmand/public_html/pimes/system/CodeIgniter.php(312): CodeIgniter\CodeIgniter->handleRequest(NULL, Object(Config\Cache), false)
#10 /home/wwwmand/public_html/pimes/index.php(45): CodeIgniter\CodeIgniter->run()
#11 {main}
CRITICAL - 2021-03-01 23:35:22 --> Trying to get property 'name' of non-object
#0 /home/wwwmand/public_html/pimes/app/Views/office/planning/projects/profile/view.php(44): CodeIgniter\Debug\Exceptions->errorHandler(8, 'Trying to get p...', '/home/wwwmand/p...', 44, Array)
#1 /home/wwwmand/public_html/pimes/system/View/View.php(246): include('/home/wwwmand/p...')
#2 /home/wwwmand/public_html/pimes/system/Common.php(1119): CodeIgniter\View\View->render('office/planning...', Array, true)
#3 /home/wwwmand/public_html/pimes/app/Views/template/index.php(14): view('office/planning...')
#4 /home/wwwmand/public_html/pimes/system/View/View.php(246): include('/home/wwwmand/p...')
#5 /home/wwwmand/public_html/pimes/system/Common.php(1119): CodeIgniter\View\View->render('template/index', Array, true)
#6 /home/wwwmand/public_html/pimes/app/Controllers/Planning/Project.php(221): view('template/index', Array)
#7 /home/wwwmand/public_html/pimes/system/CodeIgniter.php(918): App\Controllers\Planning\Project->view('32')
#8 /home/wwwmand/public_html/pimes/system/CodeIgniter.php(404): CodeIgniter\CodeIgniter->runController(Object(App\Controllers\Planning\Project))
#9 /home/wwwmand/public_html/pimes/system/CodeIgniter.php(312): CodeIgniter\CodeIgniter->handleRequest(NULL, Object(Config\Cache), false)
#10 /home/wwwmand/public_html/pimes/index.php(45): CodeIgniter\CodeIgniter->run()
#11 {main}
CRITICAL - 2021-03-01 23:43:19 --> Trying to get property 'name' of non-object
#0 /home/wwwmand/public_html/pimes/app/Views/office/planning/projects/profile/view.php(44): CodeIgniter\Debug\Exceptions->errorHandler(8, 'Trying to get p...', '/home/wwwmand/p...', 44, Array)
#1 /home/wwwmand/public_html/pimes/system/View/View.php(246): include('/home/wwwmand/p...')
#2 /home/wwwmand/public_html/pimes/system/Common.php(1119): CodeIgniter\View\View->render('office/planning...', Array, true)
#3 /home/wwwmand/public_html/pimes/app/Views/template/index.php(14): view('office/planning...')
#4 /home/wwwmand/public_html/pimes/system/View/View.php(246): include('/home/wwwmand/p...')
#5 /home/wwwmand/public_html/pimes/system/Common.php(1119): CodeIgniter\View\View->render('template/index', Array, true)
#6 /home/wwwmand/public_html/pimes/app/Controllers/Planning/Project.php(221): view('template/index', Array)
#7 /home/wwwmand/public_html/pimes/system/CodeIgniter.php(918): App\Controllers\Planning\Project->view('31')
#8 /home/wwwmand/public_html/pimes/system/CodeIgniter.php(404): CodeIgniter\CodeIgniter->runController(Object(App\Controllers\Planning\Project))
#9 /home/wwwmand/public_html/pimes/system/CodeIgniter.php(312): CodeIgniter\CodeIgniter->handleRequest(NULL, Object(Config\Cache), false)
#10 /home/wwwmand/public_html/pimes/index.php(45): CodeIgniter\CodeIgniter->run()
#11 {main}
CRITICAL - 2021-03-01 23:43:20 --> Trying to get property 'name' of non-object
#0 /home/wwwmand/public_html/pimes/app/Views/office/planning/projects/profile/view.php(44): CodeIgniter\Debug\Exceptions->errorHandler(8, 'Trying to get p...', '/home/wwwmand/p...', 44, Array)
#1 /home/wwwmand/public_html/pimes/system/View/View.php(246): include('/home/wwwmand/p...')
#2 /home/wwwmand/public_html/pimes/system/Common.php(1119): CodeIgniter\View\View->render('office/planning...', Array, true)
#3 /home/wwwmand/public_html/pimes/app/Views/template/index.php(14): view('office/planning...')
#4 /home/wwwmand/public_html/pimes/system/View/View.php(246): include('/home/wwwmand/p...')
#5 /home/wwwmand/public_html/pimes/system/Common.php(1119): CodeIgniter\View\View->render('template/index', Array, true)
#6 /home/wwwmand/public_html/pimes/app/Controllers/Planning/Project.php(221): view('template/index', Array)
#7 /home/wwwmand/public_html/pimes/system/CodeIgniter.php(918): App\Controllers\Planning\Project->view('31')
#8 /home/wwwmand/public_html/pimes/system/CodeIgniter.php(404): CodeIgniter\CodeIgniter->runController(Object(App\Controllers\Planning\Project))
#9 /home/wwwmand/public_html/pimes/system/CodeIgniter.php(312): CodeIgniter\CodeIgniter->handleRequest(NULL, Object(Config\Cache), false)
#10 /home/wwwmand/public_html/pimes/index.php(45): CodeIgniter\CodeIgniter->run()
#11 {main}
CRITICAL - 2021-03-01 23:43:21 --> Trying to get property 'name' of non-object
#0 /home/wwwmand/public_html/pimes/app/Views/office/planning/projects/profile/view.php(44): CodeIgniter\Debug\Exceptions->errorHandler(8, 'Trying to get p...', '/home/wwwmand/p...', 44, Array)
#1 /home/wwwmand/public_html/pimes/system/View/View.php(246): include('/home/wwwmand/p...')
#2 /home/wwwmand/public_html/pimes/system/Common.php(1119): CodeIgniter\View\View->render('office/planning...', Array, true)
#3 /home/wwwmand/public_html/pimes/app/Views/template/index.php(14): view('office/planning...')
#4 /home/wwwmand/public_html/pimes/system/View/View.php(246): include('/home/wwwmand/p...')
#5 /home/wwwmand/public_html/pimes/system/Common.php(1119): CodeIgniter\View\View->render('template/index', Array, true)
#6 /home/wwwmand/public_html/pimes/app/Controllers/Planning/Project.php(221): view('template/index', Array)
#7 /home/wwwmand/public_html/pimes/system/CodeIgniter.php(918): App\Controllers\Planning\Project->view('31')
#8 /home/wwwmand/public_html/pimes/system/CodeIgniter.php(404): CodeIgniter\CodeIgniter->runController(Object(App\Controllers\Planning\Project))
#9 /home/wwwmand/public_html/pimes/system/CodeIgniter.php(312): CodeIgniter\CodeIgniter->handleRequest(NULL, Object(Config\Cache), false)
#10 /home/wwwmand/public_html/pimes/index.php(45): CodeIgniter\CodeIgniter->run()
#11 {main}
CRITICAL - 2021-03-01 23:43:26 --> Trying to get property 'name' of non-object
#0 /home/wwwmand/public_html/pimes/app/Views/office/planning/projects/profile/view.php(44): CodeIgniter\Debug\Exceptions->errorHandler(8, 'Trying to get p...', '/home/wwwmand/p...', 44, Array)
#1 /home/wwwmand/public_html/pimes/system/View/View.php(246): include('/home/wwwmand/p...')
#2 /home/wwwmand/public_html/pimes/system/Common.php(1119): CodeIgniter\View\View->render('office/planning...', Array, true)
#3 /home/wwwmand/public_html/pimes/app/Views/template/index.php(14): view('office/planning...')
#4 /home/wwwmand/public_html/pimes/system/View/View.php(246): include('/home/wwwmand/p...')
#5 /home/wwwmand/public_html/pimes/system/Common.php(1119): CodeIgniter\View\View->render('template/index', Array, true)
#6 /home/wwwmand/public_html/pimes/app/Controllers/Planning/Project.php(221): view('template/index', Array)
#7 /home/wwwmand/public_html/pimes/system/CodeIgniter.php(918): App\Controllers\Planning\Project->view('29')
#8 /home/wwwmand/public_html/pimes/system/CodeIgniter.php(404): CodeIgniter\CodeIgniter->runController(Object(App\Controllers\Planning\Project))
#9 /home/wwwmand/public_html/pimes/system/CodeIgniter.php(312): CodeIgniter\CodeIgniter->handleRequest(NULL, Object(Config\Cache), false)
#10 /home/wwwmand/public_html/pimes/index.php(45): CodeIgniter\CodeIgniter->run()
#11 {main}
CRITICAL - 2021-03-01 23:43:27 --> Trying to get property 'name' of non-object
#0 /home/wwwmand/public_html/pimes/app/Views/office/planning/projects/profile/view.php(44): CodeIgniter\Debug\Exceptions->errorHandler(8, 'Trying to get p...', '/home/wwwmand/p...', 44, Array)
#1 /home/wwwmand/public_html/pimes/system/View/View.php(246): include('/home/wwwmand/p...')
#2 /home/wwwmand/public_html/pimes/system/Common.php(1119): CodeIgniter\View\View->render('office/planning...', Array, true)
#3 /home/wwwmand/public_html/pimes/app/Views/template/index.php(14): view('office/planning...')
#4 /home/wwwmand/public_html/pimes/system/View/View.php(246): include('/home/wwwmand/p...')
#5 /home/wwwmand/public_html/pimes/system/Common.php(1119): CodeIgniter\View\View->render('template/index', Array, true)
#6 /home/wwwmand/public_html/pimes/app/Controllers/Planning/Project.php(221): view('template/index', Array)
#7 /home/wwwmand/public_html/pimes/system/CodeIgniter.php(918): App\Controllers\Planning\Project->view('29')
#8 /home/wwwmand/public_html/pimes/system/CodeIgniter.php(404): CodeIgniter\CodeIgniter->runController(Object(App\Controllers\Planning\Project))
#9 /home/wwwmand/public_html/pimes/system/CodeIgniter.php(312): CodeIgniter\CodeIgniter->handleRequest(NULL, Object(Config\Cache), false)
#10 /home/wwwmand/public_html/pimes/index.php(45): CodeIgniter\CodeIgniter->run()
#11 {main}
CRITICAL - 2021-03-01 23:43:28 --> Trying to get property 'name' of non-object
#0 /home/wwwmand/public_html/pimes/app/Views/office/planning/projects/profile/view.php(44): CodeIgniter\Debug\Exceptions->errorHandler(8, 'Trying to get p...', '/home/wwwmand/p...', 44, Array)
#1 /home/wwwmand/public_html/pimes/system/View/View.php(246): include('/home/wwwmand/p...')
#2 /home/wwwmand/public_html/pimes/system/Common.php(1119): CodeIgniter\View\View->render('office/planning...', Array, true)
#3 /home/wwwmand/public_html/pimes/app/Views/template/index.php(14): view('office/planning...')
#4 /home/wwwmand/public_html/pimes/system/View/View.php(246): include('/home/wwwmand/p...')
#5 /home/wwwmand/public_html/pimes/system/Common.php(1119): CodeIgniter\View\View->render('template/index', Array, true)
#6 /home/wwwmand/public_html/pimes/app/Controllers/Planning/Project.php(221): view('template/index', Array)
#7 /home/wwwmand/public_html/pimes/system/CodeIgniter.php(918): App\Controllers\Planning\Project->view('29')
#8 /home/wwwmand/public_html/pimes/system/CodeIgniter.php(404): CodeIgniter\CodeIgniter->runController(Object(App\Controllers\Planning\Project))
#9 /home/wwwmand/public_html/pimes/system/CodeIgniter.php(312): CodeIgniter\CodeIgniter->handleRequest(NULL, Object(Config\Cache), false)
#10 /home/wwwmand/public_html/pimes/index.php(45): CodeIgniter\CodeIgniter->run()
#11 {main}
CRITICAL - 2021-03-01 23:47:04 --> Cannot delete or update a parent row: a foreign key constraint fails (`wwwmand_pimes`.`mda_activity`, CONSTRAINT `const_activity` FOREIGN KEY (`mda_plan_id`) REFERENCES `mda_strategic_plans_workflow` (`id`))
#0 /home/wwwmand/public_html/pimes/system/Database/MySQLi/Connection.php(331): mysqli->query('DELETE FROM `md...')
#1 /home/wwwmand/public_html/pimes/system/Database/BaseConnection.php(741): CodeIgniter\Database\MySQLi\Connection->execute('DELETE FROM `md...')
#2 /home/wwwmand/public_html/pimes/system/Database/BaseConnection.php(669): CodeIgniter\Database\BaseConnection->simpleQuery('DELETE FROM `md...')
#3 /home/wwwmand/public_html/pimes/system/Database/BaseBuilder.php(2853): CodeIgniter\Database\BaseConnection->query('DELETE FROM `md...', Array, false)
#4 /home/wwwmand/public_html/pimes/system/Model.php(977): CodeIgniter\Database\BaseBuilder->delete()
#5 /home/wwwmand/public_html/pimes/app/Controllers/Planning/Strategic_plans.php(589): CodeIgniter\Model->delete(Array)
#6 /home/wwwmand/public_html/pimes/system/CodeIgniter.php(918): App\Controllers\Planning\Strategic_plans->delete('1')
#7 /home/wwwmand/public_html/pimes/system/CodeIgniter.php(404): CodeIgniter\CodeIgniter->runController(Object(App\Controllers\Planning\Strategic_plans))
#8 /home/wwwmand/public_html/pimes/system/CodeIgniter.php(312): CodeIgniter\CodeIgniter->handleRequest(NULL, Object(Config\Cache), false)
#9 /home/wwwmand/public_html/pimes/index.php(45): CodeIgniter\CodeIgniter->run()
#10 {main}
