CRITICAL - 2021-02-10 00:59:51 --> Undefined property: App\Controllers\master\structure::$input
#0 G:\xampp\htdocs\UBS\pime_somali\app\Controllers\master\Structure.php(85): CodeIgniter\Debug\Exceptions->errorHandler(8, 'Undefined prope...', 'G:\\xampp\\htdocs...', 85, Array)
#1 G:\xampp\htdocs\UBS\pime_somali\system\CodeIgniter.php(918): App\Controllers\master\structure->add()
#2 G:\xampp\htdocs\UBS\pime_somali\system\CodeIgniter.php(404): CodeIgniter\CodeIgniter->runController(Object(App\Controllers\master\structure))
#3 G:\xampp\htdocs\UBS\pime_somali\system\CodeIgniter.php(312): CodeIgniter\CodeIgniter->handleRequest(NULL, Object(Config\Cache), false)
#4 G:\xampp\htdocs\UBS\pime_somali\index.php(45): CodeIgniter\CodeIgniter->run()
#5 {main}
CRITICAL - 2021-02-10 01:01:10 --> Undefined property: CodeIgniter\HTTP\IncomingRequest::$getMethod
#0 G:\xampp\htdocs\UBS\pime_somali\app\Controllers\master\Structure.php(85): CodeIgniter\Debug\Exceptions->errorHandler(8, 'Undefined prope...', 'G:\\xampp\\htdocs...', 85, Array)
#1 G:\xampp\htdocs\UBS\pime_somali\system\CodeIgniter.php(918): App\Controllers\master\structure->add()
#2 G:\xampp\htdocs\UBS\pime_somali\system\CodeIgniter.php(404): CodeIgniter\CodeIgniter->runController(Object(App\Controllers\master\structure))
#3 G:\xampp\htdocs\UBS\pime_somali\system\CodeIgniter.php(312): CodeIgniter\CodeIgniter->handleRequest(NULL, Object(Config\Cache), false)
#4 G:\xampp\htdocs\UBS\pime_somali\index.php(45): CodeIgniter\CodeIgniter->run()
#5 {main}
CRITICAL - 2021-02-10 01:13:59 --> Undefined variable: error
#0 G:\xampp\htdocs\UBS\pime_somali\app\Views\office\master\structure\add.php(19): CodeIgniter\Debug\Exceptions->errorHandler(8, 'Undefined varia...', 'G:\\xampp\\htdocs...', 19, Array)
#1 G:\xampp\htdocs\UBS\pime_somali\system\View\View.php(246): include('G:\\xampp\\htdocs...')
#2 G:\xampp\htdocs\UBS\pime_somali\system\Common.php(1119): CodeIgniter\View\View->render('office/master/s...', Array, true)
#3 G:\xampp\htdocs\UBS\pime_somali\app\Views\template\index.php(14): view('office/master/s...')
#4 G:\xampp\htdocs\UBS\pime_somali\system\View\View.php(246): include('G:\\xampp\\htdocs...')
#5 G:\xampp\htdocs\UBS\pime_somali\system\Common.php(1119): CodeIgniter\View\View->render('template/index', Array, true)
#6 G:\xampp\htdocs\UBS\pime_somali\app\Controllers\master\Structure.php(96): view('template/index', Array)
#7 G:\xampp\htdocs\UBS\pime_somali\system\CodeIgniter.php(918): App\Controllers\master\structure->add()
#8 G:\xampp\htdocs\UBS\pime_somali\system\CodeIgniter.php(404): CodeIgniter\CodeIgniter->runController(Object(App\Controllers\master\structure))
#9 G:\xampp\htdocs\UBS\pime_somali\system\CodeIgniter.php(312): CodeIgniter\CodeIgniter->handleRequest(NULL, Object(Config\Cache), false)
#10 G:\xampp\htdocs\UBS\pime_somali\index.php(45): CodeIgniter\CodeIgniter->run()
#11 {main}
CRITICAL - 2021-02-10 01:13:59 --> Undefined variable: error
#0 G:\xampp\htdocs\UBS\pime_somali\app\Views\office\master\structure\add.php(19): CodeIgniter\Debug\Exceptions->errorHandler(8, 'Undefined varia...', 'G:\\xampp\\htdocs...', 19, Array)
#1 G:\xampp\htdocs\UBS\pime_somali\system\View\View.php(246): include('G:\\xampp\\htdocs...')
#2 G:\xampp\htdocs\UBS\pime_somali\system\Common.php(1119): CodeIgniter\View\View->render('office/master/s...', Array, true)
#3 G:\xampp\htdocs\UBS\pime_somali\app\Views\template\index.php(14): view('office/master/s...')
#4 G:\xampp\htdocs\UBS\pime_somali\system\View\View.php(246): include('G:\\xampp\\htdocs...')
#5 G:\xampp\htdocs\UBS\pime_somali\system\Common.php(1119): CodeIgniter\View\View->render('template/index', Array, true)
#6 G:\xampp\htdocs\UBS\pime_somali\app\Controllers\master\Structure.php(96): view('template/index', Array)
#7 G:\xampp\htdocs\UBS\pime_somali\system\CodeIgniter.php(918): App\Controllers\master\structure->add()
#8 G:\xampp\htdocs\UBS\pime_somali\system\CodeIgniter.php(404): CodeIgniter\CodeIgniter->runController(Object(App\Controllers\master\structure))
#9 G:\xampp\htdocs\UBS\pime_somali\system\CodeIgniter.php(312): CodeIgniter\CodeIgniter->handleRequest(NULL, Object(Config\Cache), false)
#10 G:\xampp\htdocs\UBS\pime_somali\index.php(45): CodeIgniter\CodeIgniter->run()
#11 {main}
CRITICAL - 2021-02-10 01:14:00 --> Undefined variable: error
#0 G:\xampp\htdocs\UBS\pime_somali\app\Views\office\master\structure\add.php(19): CodeIgniter\Debug\Exceptions->errorHandler(8, 'Undefined varia...', 'G:\\xampp\\htdocs...', 19, Array)
#1 G:\xampp\htdocs\UBS\pime_somali\system\View\View.php(246): include('G:\\xampp\\htdocs...')
#2 G:\xampp\htdocs\UBS\pime_somali\system\Common.php(1119): CodeIgniter\View\View->render('office/master/s...', Array, true)
#3 G:\xampp\htdocs\UBS\pime_somali\app\Views\template\index.php(14): view('office/master/s...')
#4 G:\xampp\htdocs\UBS\pime_somali\system\View\View.php(246): include('G:\\xampp\\htdocs...')
#5 G:\xampp\htdocs\UBS\pime_somali\system\Common.php(1119): CodeIgniter\View\View->render('template/index', Array, true)
#6 G:\xampp\htdocs\UBS\pime_somali\app\Controllers\master\Structure.php(96): view('template/index', Array)
#7 G:\xampp\htdocs\UBS\pime_somali\system\CodeIgniter.php(918): App\Controllers\master\structure->add()
#8 G:\xampp\htdocs\UBS\pime_somali\system\CodeIgniter.php(404): CodeIgniter\CodeIgniter->runController(Object(App\Controllers\master\structure))
#9 G:\xampp\htdocs\UBS\pime_somali\system\CodeIgniter.php(312): CodeIgniter\CodeIgniter->handleRequest(NULL, Object(Config\Cache), false)
#10 G:\xampp\htdocs\UBS\pime_somali\index.php(45): CodeIgniter\CodeIgniter->run()
#11 {main}
CRITICAL - 2021-02-10 01:38:16 --> Undefined variable: errors
#0 G:\xampp\htdocs\UBS\pime_somali\app\Views\office\master\structure\add.php(19): CodeIgniter\Debug\Exceptions->errorHandler(8, 'Undefined varia...', 'G:\\xampp\\htdocs...', 19, Array)
#1 G:\xampp\htdocs\UBS\pime_somali\system\View\View.php(246): include('G:\\xampp\\htdocs...')
#2 G:\xampp\htdocs\UBS\pime_somali\system\Common.php(1119): CodeIgniter\View\View->render('office/master/s...', Array, true)
#3 G:\xampp\htdocs\UBS\pime_somali\app\Views\template\index.php(14): view('office/master/s...')
#4 G:\xampp\htdocs\UBS\pime_somali\system\View\View.php(246): include('G:\\xampp\\htdocs...')
#5 G:\xampp\htdocs\UBS\pime_somali\system\Common.php(1119): CodeIgniter\View\View->render('template/index', Array, true)
#6 G:\xampp\htdocs\UBS\pime_somali\app\Controllers\master\Structure.php(110): view('template/index', Array)
#7 G:\xampp\htdocs\UBS\pime_somali\system\CodeIgniter.php(918): App\Controllers\master\structure->add()
#8 G:\xampp\htdocs\UBS\pime_somali\system\CodeIgniter.php(404): CodeIgniter\CodeIgniter->runController(Object(App\Controllers\master\structure))
#9 G:\xampp\htdocs\UBS\pime_somali\system\CodeIgniter.php(312): CodeIgniter\CodeIgniter->handleRequest(NULL, Object(Config\Cache), false)
#10 G:\xampp\htdocs\UBS\pime_somali\index.php(45): CodeIgniter\CodeIgniter->run()
#11 {main}
CRITICAL - 2021-02-10 01:38:17 --> Undefined variable: errors
#0 G:\xampp\htdocs\UBS\pime_somali\app\Views\office\master\structure\add.php(19): CodeIgniter\Debug\Exceptions->errorHandler(8, 'Undefined varia...', 'G:\\xampp\\htdocs...', 19, Array)
#1 G:\xampp\htdocs\UBS\pime_somali\system\View\View.php(246): include('G:\\xampp\\htdocs...')
#2 G:\xampp\htdocs\UBS\pime_somali\system\Common.php(1119): CodeIgniter\View\View->render('office/master/s...', Array, true)
#3 G:\xampp\htdocs\UBS\pime_somali\app\Views\template\index.php(14): view('office/master/s...')
#4 G:\xampp\htdocs\UBS\pime_somali\system\View\View.php(246): include('G:\\xampp\\htdocs...')
#5 G:\xampp\htdocs\UBS\pime_somali\system\Common.php(1119): CodeIgniter\View\View->render('template/index', Array, true)
#6 G:\xampp\htdocs\UBS\pime_somali\app\Controllers\master\Structure.php(110): view('template/index', Array)
#7 G:\xampp\htdocs\UBS\pime_somali\system\CodeIgniter.php(918): App\Controllers\master\structure->add()
#8 G:\xampp\htdocs\UBS\pime_somali\system\CodeIgniter.php(404): CodeIgniter\CodeIgniter->runController(Object(App\Controllers\master\structure))
#9 G:\xampp\htdocs\UBS\pime_somali\system\CodeIgniter.php(312): CodeIgniter\CodeIgniter->handleRequest(NULL, Object(Config\Cache), false)
#10 G:\xampp\htdocs\UBS\pime_somali\index.php(45): CodeIgniter\CodeIgniter->run()
#11 {main}
CRITICAL - 2021-02-10 01:38:17 --> Undefined variable: errors
#0 G:\xampp\htdocs\UBS\pime_somali\app\Views\office\master\structure\add.php(19): CodeIgniter\Debug\Exceptions->errorHandler(8, 'Undefined varia...', 'G:\\xampp\\htdocs...', 19, Array)
#1 G:\xampp\htdocs\UBS\pime_somali\system\View\View.php(246): include('G:\\xampp\\htdocs...')
#2 G:\xampp\htdocs\UBS\pime_somali\system\Common.php(1119): CodeIgniter\View\View->render('office/master/s...', Array, true)
#3 G:\xampp\htdocs\UBS\pime_somali\app\Views\template\index.php(14): view('office/master/s...')
#4 G:\xampp\htdocs\UBS\pime_somali\system\View\View.php(246): include('G:\\xampp\\htdocs...')
#5 G:\xampp\htdocs\UBS\pime_somali\system\Common.php(1119): CodeIgniter\View\View->render('template/index', Array, true)
#6 G:\xampp\htdocs\UBS\pime_somali\app\Controllers\master\Structure.php(110): view('template/index', Array)
#7 G:\xampp\htdocs\UBS\pime_somali\system\CodeIgniter.php(918): App\Controllers\master\structure->add()
#8 G:\xampp\htdocs\UBS\pime_somali\system\CodeIgniter.php(404): CodeIgniter\CodeIgniter->runController(Object(App\Controllers\master\structure))
#9 G:\xampp\htdocs\UBS\pime_somali\system\CodeIgniter.php(312): CodeIgniter\CodeIgniter->handleRequest(NULL, Object(Config\Cache), false)
#10 G:\xampp\htdocs\UBS\pime_somali\index.php(45): CodeIgniter\CodeIgniter->run()
#11 {main}
CRITICAL - 2021-02-10 01:39:14 --> Undefined variable: errors
#0 G:\xampp\htdocs\UBS\pime_somali\app\Views\office\master\structure\add.php(19): CodeIgniter\Debug\Exceptions->errorHandler(8, 'Undefined varia...', 'G:\\xampp\\htdocs...', 19, Array)
#1 G:\xampp\htdocs\UBS\pime_somali\system\View\View.php(246): include('G:\\xampp\\htdocs...')
#2 G:\xampp\htdocs\UBS\pime_somali\system\Common.php(1119): CodeIgniter\View\View->render('office/master/s...', Array, true)
#3 G:\xampp\htdocs\UBS\pime_somali\app\Views\template\index.php(14): view('office/master/s...')
#4 G:\xampp\htdocs\UBS\pime_somali\system\View\View.php(246): include('G:\\xampp\\htdocs...')
#5 G:\xampp\htdocs\UBS\pime_somali\system\Common.php(1119): CodeIgniter\View\View->render('template/index', Array, true)
#6 G:\xampp\htdocs\UBS\pime_somali\app\Controllers\master\Structure.php(110): view('template/index', Array)
#7 G:\xampp\htdocs\UBS\pime_somali\system\CodeIgniter.php(918): App\Controllers\master\structure->add()
#8 G:\xampp\htdocs\UBS\pime_somali\system\CodeIgniter.php(404): CodeIgniter\CodeIgniter->runController(Object(App\Controllers\master\structure))
#9 G:\xampp\htdocs\UBS\pime_somali\system\CodeIgniter.php(312): CodeIgniter\CodeIgniter->handleRequest(NULL, Object(Config\Cache), false)
#10 G:\xampp\htdocs\UBS\pime_somali\index.php(45): CodeIgniter\CodeIgniter->run()
#11 {main}
CRITICAL - 2021-02-10 01:39:14 --> Undefined variable: errors
#0 G:\xampp\htdocs\UBS\pime_somali\app\Views\office\master\structure\add.php(19): CodeIgniter\Debug\Exceptions->errorHandler(8, 'Undefined varia...', 'G:\\xampp\\htdocs...', 19, Array)
#1 G:\xampp\htdocs\UBS\pime_somali\system\View\View.php(246): include('G:\\xampp\\htdocs...')
#2 G:\xampp\htdocs\UBS\pime_somali\system\Common.php(1119): CodeIgniter\View\View->render('office/master/s...', Array, true)
#3 G:\xampp\htdocs\UBS\pime_somali\app\Views\template\index.php(14): view('office/master/s...')
#4 G:\xampp\htdocs\UBS\pime_somali\system\View\View.php(246): include('G:\\xampp\\htdocs...')
#5 G:\xampp\htdocs\UBS\pime_somali\system\Common.php(1119): CodeIgniter\View\View->render('template/index', Array, true)
#6 G:\xampp\htdocs\UBS\pime_somali\app\Controllers\master\Structure.php(110): view('template/index', Array)
#7 G:\xampp\htdocs\UBS\pime_somali\system\CodeIgniter.php(918): App\Controllers\master\structure->add()
#8 G:\xampp\htdocs\UBS\pime_somali\system\CodeIgniter.php(404): CodeIgniter\CodeIgniter->runController(Object(App\Controllers\master\structure))
#9 G:\xampp\htdocs\UBS\pime_somali\system\CodeIgniter.php(312): CodeIgniter\CodeIgniter->handleRequest(NULL, Object(Config\Cache), false)
#10 G:\xampp\htdocs\UBS\pime_somali\index.php(45): CodeIgniter\CodeIgniter->run()
#11 {main}
CRITICAL - 2021-02-10 01:39:15 --> Undefined variable: errors
#0 G:\xampp\htdocs\UBS\pime_somali\app\Views\office\master\structure\add.php(19): CodeIgniter\Debug\Exceptions->errorHandler(8, 'Undefined varia...', 'G:\\xampp\\htdocs...', 19, Array)
#1 G:\xampp\htdocs\UBS\pime_somali\system\View\View.php(246): include('G:\\xampp\\htdocs...')
#2 G:\xampp\htdocs\UBS\pime_somali\system\Common.php(1119): CodeIgniter\View\View->render('office/master/s...', Array, true)
#3 G:\xampp\htdocs\UBS\pime_somali\app\Views\template\index.php(14): view('office/master/s...')
#4 G:\xampp\htdocs\UBS\pime_somali\system\View\View.php(246): include('G:\\xampp\\htdocs...')
#5 G:\xampp\htdocs\UBS\pime_somali\system\Common.php(1119): CodeIgniter\View\View->render('template/index', Array, true)
#6 G:\xampp\htdocs\UBS\pime_somali\app\Controllers\master\Structure.php(110): view('template/index', Array)
#7 G:\xampp\htdocs\UBS\pime_somali\system\CodeIgniter.php(918): App\Controllers\master\structure->add()
#8 G:\xampp\htdocs\UBS\pime_somali\system\CodeIgniter.php(404): CodeIgniter\CodeIgniter->runController(Object(App\Controllers\master\structure))
#9 G:\xampp\htdocs\UBS\pime_somali\system\CodeIgniter.php(312): CodeIgniter\CodeIgniter->handleRequest(NULL, Object(Config\Cache), false)
#10 G:\xampp\htdocs\UBS\pime_somali\index.php(45): CodeIgniter\CodeIgniter->run()
#11 {main}
CRITICAL - 2021-02-10 01:39:41 --> Undefined variable: errors
#0 G:\xampp\htdocs\UBS\pime_somali\app\Views\office\master\structure\add.php(19): CodeIgniter\Debug\Exceptions->errorHandler(8, 'Undefined varia...', 'G:\\xampp\\htdocs...', 19, Array)
#1 G:\xampp\htdocs\UBS\pime_somali\system\View\View.php(246): include('G:\\xampp\\htdocs...')
#2 G:\xampp\htdocs\UBS\pime_somali\system\Common.php(1119): CodeIgniter\View\View->render('office/master/s...', Array, true)
#3 G:\xampp\htdocs\UBS\pime_somali\app\Views\template\index.php(14): view('office/master/s...')
#4 G:\xampp\htdocs\UBS\pime_somali\system\View\View.php(246): include('G:\\xampp\\htdocs...')
#5 G:\xampp\htdocs\UBS\pime_somali\system\Common.php(1119): CodeIgniter\View\View->render('template/index', Array, true)
#6 G:\xampp\htdocs\UBS\pime_somali\app\Controllers\master\Structure.php(110): view('template/index', Array)
#7 G:\xampp\htdocs\UBS\pime_somali\system\CodeIgniter.php(918): App\Controllers\master\structure->add()
#8 G:\xampp\htdocs\UBS\pime_somali\system\CodeIgniter.php(404): CodeIgniter\CodeIgniter->runController(Object(App\Controllers\master\structure))
#9 G:\xampp\htdocs\UBS\pime_somali\system\CodeIgniter.php(312): CodeIgniter\CodeIgniter->handleRequest(NULL, Object(Config\Cache), false)
#10 G:\xampp\htdocs\UBS\pime_somali\index.php(45): CodeIgniter\CodeIgniter->run()
#11 {main}
CRITICAL - 2021-02-10 01:39:41 --> Undefined variable: errors
#0 G:\xampp\htdocs\UBS\pime_somali\app\Views\office\master\structure\add.php(19): CodeIgniter\Debug\Exceptions->errorHandler(8, 'Undefined varia...', 'G:\\xampp\\htdocs...', 19, Array)
#1 G:\xampp\htdocs\UBS\pime_somali\system\View\View.php(246): include('G:\\xampp\\htdocs...')
#2 G:\xampp\htdocs\UBS\pime_somali\system\Common.php(1119): CodeIgniter\View\View->render('office/master/s...', Array, true)
#3 G:\xampp\htdocs\UBS\pime_somali\app\Views\template\index.php(14): view('office/master/s...')
#4 G:\xampp\htdocs\UBS\pime_somali\system\View\View.php(246): include('G:\\xampp\\htdocs...')
#5 G:\xampp\htdocs\UBS\pime_somali\system\Common.php(1119): CodeIgniter\View\View->render('template/index', Array, true)
#6 G:\xampp\htdocs\UBS\pime_somali\app\Controllers\master\Structure.php(110): view('template/index', Array)
#7 G:\xampp\htdocs\UBS\pime_somali\system\CodeIgniter.php(918): App\Controllers\master\structure->add()
#8 G:\xampp\htdocs\UBS\pime_somali\system\CodeIgniter.php(404): CodeIgniter\CodeIgniter->runController(Object(App\Controllers\master\structure))
#9 G:\xampp\htdocs\UBS\pime_somali\system\CodeIgniter.php(312): CodeIgniter\CodeIgniter->handleRequest(NULL, Object(Config\Cache), false)
#10 G:\xampp\htdocs\UBS\pime_somali\index.php(45): CodeIgniter\CodeIgniter->run()
#11 {main}
CRITICAL - 2021-02-10 01:39:41 --> Undefined variable: errors
#0 G:\xampp\htdocs\UBS\pime_somali\app\Views\office\master\structure\add.php(19): CodeIgniter\Debug\Exceptions->errorHandler(8, 'Undefined varia...', 'G:\\xampp\\htdocs...', 19, Array)
#1 G:\xampp\htdocs\UBS\pime_somali\system\View\View.php(246): include('G:\\xampp\\htdocs...')
#2 G:\xampp\htdocs\UBS\pime_somali\system\Common.php(1119): CodeIgniter\View\View->render('office/master/s...', Array, true)
#3 G:\xampp\htdocs\UBS\pime_somali\app\Views\template\index.php(14): view('office/master/s...')
#4 G:\xampp\htdocs\UBS\pime_somali\system\View\View.php(246): include('G:\\xampp\\htdocs...')
#5 G:\xampp\htdocs\UBS\pime_somali\system\Common.php(1119): CodeIgniter\View\View->render('template/index', Array, true)
#6 G:\xampp\htdocs\UBS\pime_somali\app\Controllers\master\Structure.php(110): view('template/index', Array)
#7 G:\xampp\htdocs\UBS\pime_somali\system\CodeIgniter.php(918): App\Controllers\master\structure->add()
#8 G:\xampp\htdocs\UBS\pime_somali\system\CodeIgniter.php(404): CodeIgniter\CodeIgniter->runController(Object(App\Controllers\master\structure))
#9 G:\xampp\htdocs\UBS\pime_somali\system\CodeIgniter.php(312): CodeIgniter\CodeIgniter->handleRequest(NULL, Object(Config\Cache), false)
#10 G:\xampp\htdocs\UBS\pime_somali\index.php(45): CodeIgniter\CodeIgniter->run()
#11 {main}
CRITICAL - 2021-02-10 01:41:58 --> Call to undefined function validation_errors()
#0 G:\xampp\htdocs\UBS\pime_somali\system\View\View.php(246): include()
#1 G:\xampp\htdocs\UBS\pime_somali\system\Common.php(1119): CodeIgniter\View\View->render('office/master/s...', Array, true)
#2 G:\xampp\htdocs\UBS\pime_somali\app\Views\template\index.php(14): view('office/master/s...')
#3 G:\xampp\htdocs\UBS\pime_somali\system\View\View.php(246): include('G:\\xampp\\htdocs...')
#4 G:\xampp\htdocs\UBS\pime_somali\system\Common.php(1119): CodeIgniter\View\View->render('template/index', Array, true)
#5 G:\xampp\htdocs\UBS\pime_somali\app\Controllers\master\Structure.php(110): view('template/index', Array)
#6 G:\xampp\htdocs\UBS\pime_somali\system\CodeIgniter.php(918): App\Controllers\master\structure->add()
#7 G:\xampp\htdocs\UBS\pime_somali\system\CodeIgniter.php(404): CodeIgniter\CodeIgniter->runController(Object(App\Controllers\master\structure))
#8 G:\xampp\htdocs\UBS\pime_somali\system\CodeIgniter.php(312): CodeIgniter\CodeIgniter->handleRequest(NULL, Object(Config\Cache), false)
#9 G:\xampp\htdocs\UBS\pime_somali\index.php(45): CodeIgniter\CodeIgniter->run()
#10 {main}
CRITICAL - 2021-02-10 01:41:59 --> Call to undefined function validation_errors()
#0 G:\xampp\htdocs\UBS\pime_somali\system\View\View.php(246): include()
#1 G:\xampp\htdocs\UBS\pime_somali\system\Common.php(1119): CodeIgniter\View\View->render('office/master/s...', Array, true)
#2 G:\xampp\htdocs\UBS\pime_somali\app\Views\template\index.php(14): view('office/master/s...')
#3 G:\xampp\htdocs\UBS\pime_somali\system\View\View.php(246): include('G:\\xampp\\htdocs...')
#4 G:\xampp\htdocs\UBS\pime_somali\system\Common.php(1119): CodeIgniter\View\View->render('template/index', Array, true)
#5 G:\xampp\htdocs\UBS\pime_somali\app\Controllers\master\Structure.php(110): view('template/index', Array)
#6 G:\xampp\htdocs\UBS\pime_somali\system\CodeIgniter.php(918): App\Controllers\master\structure->add()
#7 G:\xampp\htdocs\UBS\pime_somali\system\CodeIgniter.php(404): CodeIgniter\CodeIgniter->runController(Object(App\Controllers\master\structure))
#8 G:\xampp\htdocs\UBS\pime_somali\system\CodeIgniter.php(312): CodeIgniter\CodeIgniter->handleRequest(NULL, Object(Config\Cache), false)
#9 G:\xampp\htdocs\UBS\pime_somali\index.php(45): CodeIgniter\CodeIgniter->run()
#10 {main}
CRITICAL - 2021-02-10 01:41:59 --> Call to undefined function validation_errors()
#0 G:\xampp\htdocs\UBS\pime_somali\system\View\View.php(246): include()
#1 G:\xampp\htdocs\UBS\pime_somali\system\Common.php(1119): CodeIgniter\View\View->render('office/master/s...', Array, true)
#2 G:\xampp\htdocs\UBS\pime_somali\app\Views\template\index.php(14): view('office/master/s...')
#3 G:\xampp\htdocs\UBS\pime_somali\system\View\View.php(246): include('G:\\xampp\\htdocs...')
#4 G:\xampp\htdocs\UBS\pime_somali\system\Common.php(1119): CodeIgniter\View\View->render('template/index', Array, true)
#5 G:\xampp\htdocs\UBS\pime_somali\app\Controllers\master\Structure.php(110): view('template/index', Array)
#6 G:\xampp\htdocs\UBS\pime_somali\system\CodeIgniter.php(918): App\Controllers\master\structure->add()
#7 G:\xampp\htdocs\UBS\pime_somali\system\CodeIgniter.php(404): CodeIgniter\CodeIgniter->runController(Object(App\Controllers\master\structure))
#8 G:\xampp\htdocs\UBS\pime_somali\system\CodeIgniter.php(312): CodeIgniter\CodeIgniter->handleRequest(NULL, Object(Config\Cache), false)
#9 G:\xampp\htdocs\UBS\pime_somali\index.php(45): CodeIgniter\CodeIgniter->run()
#10 {main}
CRITICAL - 2021-02-10 03:51:24 --> Call to undefined function validation_errors()
#0 G:\xampp\htdocs\UBS\pime_somali\system\View\View.php(246): include()
#1 G:\xampp\htdocs\UBS\pime_somali\system\Common.php(1119): CodeIgniter\View\View->render('office/master/s...', Array, true)
#2 G:\xampp\htdocs\UBS\pime_somali\app\Views\template\index.php(14): view('office/master/s...')
#3 G:\xampp\htdocs\UBS\pime_somali\system\View\View.php(246): include('G:\\xampp\\htdocs...')
#4 G:\xampp\htdocs\UBS\pime_somali\system\Common.php(1119): CodeIgniter\View\View->render('template/index', Array, true)
#5 G:\xampp\htdocs\UBS\pime_somali\app\Controllers\master\Structure.php(110): view('template/index', Array)
#6 G:\xampp\htdocs\UBS\pime_somali\system\CodeIgniter.php(918): App\Controllers\master\structure->add()
#7 G:\xampp\htdocs\UBS\pime_somali\system\CodeIgniter.php(404): CodeIgniter\CodeIgniter->runController(Object(App\Controllers\master\structure))
#8 G:\xampp\htdocs\UBS\pime_somali\system\CodeIgniter.php(312): CodeIgniter\CodeIgniter->handleRequest(NULL, Object(Config\Cache), false)
#9 G:\xampp\htdocs\UBS\pime_somali\index.php(45): CodeIgniter\CodeIgniter->run()
#10 {main}
CRITICAL - 2021-02-10 03:51:25 --> Call to undefined function validation_errors()
#0 G:\xampp\htdocs\UBS\pime_somali\system\View\View.php(246): include()
#1 G:\xampp\htdocs\UBS\pime_somali\system\Common.php(1119): CodeIgniter\View\View->render('office/master/s...', Array, true)
#2 G:\xampp\htdocs\UBS\pime_somali\app\Views\template\index.php(14): view('office/master/s...')
#3 G:\xampp\htdocs\UBS\pime_somali\system\View\View.php(246): include('G:\\xampp\\htdocs...')
#4 G:\xampp\htdocs\UBS\pime_somali\system\Common.php(1119): CodeIgniter\View\View->render('template/index', Array, true)
#5 G:\xampp\htdocs\UBS\pime_somali\app\Controllers\master\Structure.php(110): view('template/index', Array)
#6 G:\xampp\htdocs\UBS\pime_somali\system\CodeIgniter.php(918): App\Controllers\master\structure->add()
#7 G:\xampp\htdocs\UBS\pime_somali\system\CodeIgniter.php(404): CodeIgniter\CodeIgniter->runController(Object(App\Controllers\master\structure))
#8 G:\xampp\htdocs\UBS\pime_somali\system\CodeIgniter.php(312): CodeIgniter\CodeIgniter->handleRequest(NULL, Object(Config\Cache), false)
#9 G:\xampp\htdocs\UBS\pime_somali\index.php(45): CodeIgniter\CodeIgniter->run()
#10 {main}
CRITICAL - 2021-02-10 03:51:25 --> Call to undefined function validation_errors()
#0 G:\xampp\htdocs\UBS\pime_somali\system\View\View.php(246): include()
#1 G:\xampp\htdocs\UBS\pime_somali\system\Common.php(1119): CodeIgniter\View\View->render('office/master/s...', Array, true)
#2 G:\xampp\htdocs\UBS\pime_somali\app\Views\template\index.php(14): view('office/master/s...')
#3 G:\xampp\htdocs\UBS\pime_somali\system\View\View.php(246): include('G:\\xampp\\htdocs...')
#4 G:\xampp\htdocs\UBS\pime_somali\system\Common.php(1119): CodeIgniter\View\View->render('template/index', Array, true)
#5 G:\xampp\htdocs\UBS\pime_somali\app\Controllers\master\Structure.php(110): view('template/index', Array)
#6 G:\xampp\htdocs\UBS\pime_somali\system\CodeIgniter.php(918): App\Controllers\master\structure->add()
#7 G:\xampp\htdocs\UBS\pime_somali\system\CodeIgniter.php(404): CodeIgniter\CodeIgniter->runController(Object(App\Controllers\master\structure))
#8 G:\xampp\htdocs\UBS\pime_somali\system\CodeIgniter.php(312): CodeIgniter\CodeIgniter->handleRequest(NULL, Object(Config\Cache), false)
#9 G:\xampp\htdocs\UBS\pime_somali\index.php(45): CodeIgniter\CodeIgniter->run()
#10 {main}
CRITICAL - 2021-02-10 04:00:43 --> syntax error, unexpected '$insert_url' (T_VARIABLE), expecting ',' or ';'
#0 G:\xampp\htdocs\UBS\pime_somali\system\Common.php(1119): CodeIgniter\View\View->render('office/master/s...', Array, true)
#1 G:\xampp\htdocs\UBS\pime_somali\app\Views\template\index.php(14): view('office/master/s...')
#2 G:\xampp\htdocs\UBS\pime_somali\system\View\View.php(246): include('G:\\xampp\\htdocs...')
#3 G:\xampp\htdocs\UBS\pime_somali\system\Common.php(1119): CodeIgniter\View\View->render('template/index', Array, true)
#4 G:\xampp\htdocs\UBS\pime_somali\app\Controllers\master\Structure.php(110): view('template/index', Array)
#5 G:\xampp\htdocs\UBS\pime_somali\system\CodeIgniter.php(918): App\Controllers\master\structure->add()
#6 G:\xampp\htdocs\UBS\pime_somali\system\CodeIgniter.php(404): CodeIgniter\CodeIgniter->runController(Object(App\Controllers\master\structure))
#7 G:\xampp\htdocs\UBS\pime_somali\system\CodeIgniter.php(312): CodeIgniter\CodeIgniter->handleRequest(NULL, Object(Config\Cache), false)
#8 G:\xampp\htdocs\UBS\pime_somali\index.php(45): CodeIgniter\CodeIgniter->run()
#9 {main}
CRITICAL - 2021-02-10 04:00:43 --> syntax error, unexpected '$insert_url' (T_VARIABLE), expecting ',' or ';'
#0 G:\xampp\htdocs\UBS\pime_somali\system\Common.php(1119): CodeIgniter\View\View->render('office/master/s...', Array, true)
#1 G:\xampp\htdocs\UBS\pime_somali\app\Views\template\index.php(14): view('office/master/s...')
#2 G:\xampp\htdocs\UBS\pime_somali\system\View\View.php(246): include('G:\\xampp\\htdocs...')
#3 G:\xampp\htdocs\UBS\pime_somali\system\Common.php(1119): CodeIgniter\View\View->render('template/index', Array, true)
#4 G:\xampp\htdocs\UBS\pime_somali\app\Controllers\master\Structure.php(110): view('template/index', Array)
#5 G:\xampp\htdocs\UBS\pime_somali\system\CodeIgniter.php(918): App\Controllers\master\structure->add()
#6 G:\xampp\htdocs\UBS\pime_somali\system\CodeIgniter.php(404): CodeIgniter\CodeIgniter->runController(Object(App\Controllers\master\structure))
#7 G:\xampp\htdocs\UBS\pime_somali\system\CodeIgniter.php(312): CodeIgniter\CodeIgniter->handleRequest(NULL, Object(Config\Cache), false)
#8 G:\xampp\htdocs\UBS\pime_somali\index.php(45): CodeIgniter\CodeIgniter->run()
#9 {main}
CRITICAL - 2021-02-10 04:00:43 --> syntax error, unexpected '$insert_url' (T_VARIABLE), expecting ',' or ';'
#0 G:\xampp\htdocs\UBS\pime_somali\system\Common.php(1119): CodeIgniter\View\View->render('office/master/s...', Array, true)
#1 G:\xampp\htdocs\UBS\pime_somali\app\Views\template\index.php(14): view('office/master/s...')
#2 G:\xampp\htdocs\UBS\pime_somali\system\View\View.php(246): include('G:\\xampp\\htdocs...')
#3 G:\xampp\htdocs\UBS\pime_somali\system\Common.php(1119): CodeIgniter\View\View->render('template/index', Array, true)
#4 G:\xampp\htdocs\UBS\pime_somali\app\Controllers\master\Structure.php(110): view('template/index', Array)
#5 G:\xampp\htdocs\UBS\pime_somali\system\CodeIgniter.php(918): App\Controllers\master\structure->add()
#6 G:\xampp\htdocs\UBS\pime_somali\system\CodeIgniter.php(404): CodeIgniter\CodeIgniter->runController(Object(App\Controllers\master\structure))
#7 G:\xampp\htdocs\UBS\pime_somali\system\CodeIgniter.php(312): CodeIgniter\CodeIgniter->handleRequest(NULL, Object(Config\Cache), false)
#8 G:\xampp\htdocs\UBS\pime_somali\index.php(45): CodeIgniter\CodeIgniter->run()
#9 {main}
CRITICAL - 2021-02-10 04:02:50 --> syntax error, unexpected '$insert_url' (T_VARIABLE), expecting ',' or ';'
#0 G:\xampp\htdocs\UBS\pime_somali\system\Common.php(1119): CodeIgniter\View\View->render('office/master/s...', Array, true)
#1 G:\xampp\htdocs\UBS\pime_somali\app\Views\template\index.php(14): view('office/master/s...')
#2 G:\xampp\htdocs\UBS\pime_somali\system\View\View.php(246): include('G:\\xampp\\htdocs...')
#3 G:\xampp\htdocs\UBS\pime_somali\system\Common.php(1119): CodeIgniter\View\View->render('template/index', Array, true)
#4 G:\xampp\htdocs\UBS\pime_somali\app\Controllers\master\Structure.php(110): view('template/index', Array)
#5 G:\xampp\htdocs\UBS\pime_somali\system\CodeIgniter.php(918): App\Controllers\master\structure->add()
#6 G:\xampp\htdocs\UBS\pime_somali\system\CodeIgniter.php(404): CodeIgniter\CodeIgniter->runController(Object(App\Controllers\master\structure))
#7 G:\xampp\htdocs\UBS\pime_somali\system\CodeIgniter.php(312): CodeIgniter\CodeIgniter->handleRequest(NULL, Object(Config\Cache), false)
#8 G:\xampp\htdocs\UBS\pime_somali\index.php(45): CodeIgniter\CodeIgniter->run()
#9 {main}
CRITICAL - 2021-02-10 04:02:51 --> syntax error, unexpected '$insert_url' (T_VARIABLE), expecting ',' or ';'
#0 G:\xampp\htdocs\UBS\pime_somali\system\Common.php(1119): CodeIgniter\View\View->render('office/master/s...', Array, true)
#1 G:\xampp\htdocs\UBS\pime_somali\app\Views\template\index.php(14): view('office/master/s...')
#2 G:\xampp\htdocs\UBS\pime_somali\system\View\View.php(246): include('G:\\xampp\\htdocs...')
#3 G:\xampp\htdocs\UBS\pime_somali\system\Common.php(1119): CodeIgniter\View\View->render('template/index', Array, true)
#4 G:\xampp\htdocs\UBS\pime_somali\app\Controllers\master\Structure.php(110): view('template/index', Array)
#5 G:\xampp\htdocs\UBS\pime_somali\system\CodeIgniter.php(918): App\Controllers\master\structure->add()
#6 G:\xampp\htdocs\UBS\pime_somali\system\CodeIgniter.php(404): CodeIgniter\CodeIgniter->runController(Object(App\Controllers\master\structure))
#7 G:\xampp\htdocs\UBS\pime_somali\system\CodeIgniter.php(312): CodeIgniter\CodeIgniter->handleRequest(NULL, Object(Config\Cache), false)
#8 G:\xampp\htdocs\UBS\pime_somali\index.php(45): CodeIgniter\CodeIgniter->run()
#9 {main}
CRITICAL - 2021-02-10 04:02:51 --> syntax error, unexpected '$insert_url' (T_VARIABLE), expecting ',' or ';'
#0 G:\xampp\htdocs\UBS\pime_somali\system\Common.php(1119): CodeIgniter\View\View->render('office/master/s...', Array, true)
#1 G:\xampp\htdocs\UBS\pime_somali\app\Views\template\index.php(14): view('office/master/s...')
#2 G:\xampp\htdocs\UBS\pime_somali\system\View\View.php(246): include('G:\\xampp\\htdocs...')
#3 G:\xampp\htdocs\UBS\pime_somali\system\Common.php(1119): CodeIgniter\View\View->render('template/index', Array, true)
#4 G:\xampp\htdocs\UBS\pime_somali\app\Controllers\master\Structure.php(110): view('template/index', Array)
#5 G:\xampp\htdocs\UBS\pime_somali\system\CodeIgniter.php(918): App\Controllers\master\structure->add()
#6 G:\xampp\htdocs\UBS\pime_somali\system\CodeIgniter.php(404): CodeIgniter\CodeIgniter->runController(Object(App\Controllers\master\structure))
#7 G:\xampp\htdocs\UBS\pime_somali\system\CodeIgniter.php(312): CodeIgniter\CodeIgniter->handleRequest(NULL, Object(Config\Cache), false)
#8 G:\xampp\htdocs\UBS\pime_somali\index.php(45): CodeIgniter\CodeIgniter->run()
#9 {main}
CRITICAL - 2021-02-10 04:53:57 --> Undefined variable: userModel
#0 G:\xampp\htdocs\UBS\pime_somali\app\Controllers\master\Structure.php(100): CodeIgniter\Debug\Exceptions->errorHandler(8, 'Undefined varia...', 'G:\\xampp\\htdocs...', 100, Array)
#1 G:\xampp\htdocs\UBS\pime_somali\system\CodeIgniter.php(918): App\Controllers\master\structure->add()
#2 G:\xampp\htdocs\UBS\pime_somali\system\CodeIgniter.php(404): CodeIgniter\CodeIgniter->runController(Object(App\Controllers\master\structure))
#3 G:\xampp\htdocs\UBS\pime_somali\system\CodeIgniter.php(312): CodeIgniter\CodeIgniter->handleRequest(NULL, Object(Config\Cache), false)
#4 G:\xampp\htdocs\UBS\pime_somali\index.php(45): CodeIgniter\CodeIgniter->run()
#5 {main}
CRITICAL - 2021-02-10 04:56:43 --> Undefined variable: StructureModel
#0 G:\xampp\htdocs\UBS\pime_somali\app\Controllers\master\Structure.php(101): CodeIgniter\Debug\Exceptions->errorHandler(8, 'Undefined varia...', 'G:\\xampp\\htdocs...', 101, Array)
#1 G:\xampp\htdocs\UBS\pime_somali\system\CodeIgniter.php(918): App\Controllers\master\structure->add()
#2 G:\xampp\htdocs\UBS\pime_somali\system\CodeIgniter.php(404): CodeIgniter\CodeIgniter->runController(Object(App\Controllers\master\structure))
#3 G:\xampp\htdocs\UBS\pime_somali\system\CodeIgniter.php(312): CodeIgniter\CodeIgniter->handleRequest(NULL, Object(Config\Cache), false)
#4 G:\xampp\htdocs\UBS\pime_somali\index.php(45): CodeIgniter\CodeIgniter->run()
#5 {main}
CRITICAL - 2021-02-10 04:57:22 --> Call to undefined method CodeIgniter\Session\Session::set_flashdata()
#0 G:\xampp\htdocs\UBS\pime_somali\system\CodeIgniter.php(918): App\Controllers\master\structure->add()
#1 G:\xampp\htdocs\UBS\pime_somali\system\CodeIgniter.php(404): CodeIgniter\CodeIgniter->runController(Object(App\Controllers\master\structure))
#2 G:\xampp\htdocs\UBS\pime_somali\system\CodeIgniter.php(312): CodeIgniter\CodeIgniter->handleRequest(NULL, Object(Config\Cache), false)
#3 G:\xampp\htdocs\UBS\pime_somali\index.php(45): CodeIgniter\CodeIgniter->run()
#4 {main}
CRITICAL - 2021-02-10 04:58:00 --> Call to undefined method CodeIgniter\Session\Session::set_flashdata()
#0 G:\xampp\htdocs\UBS\pime_somali\system\CodeIgniter.php(918): App\Controllers\master\structure->add()
#1 G:\xampp\htdocs\UBS\pime_somali\system\CodeIgniter.php(404): CodeIgniter\CodeIgniter->runController(Object(App\Controllers\master\structure))
#2 G:\xampp\htdocs\UBS\pime_somali\system\CodeIgniter.php(312): CodeIgniter\CodeIgniter->handleRequest(NULL, Object(Config\Cache), false)
#3 G:\xampp\htdocs\UBS\pime_somali\index.php(45): CodeIgniter\CodeIgniter->run()
#4 {main}
CRITICAL - 2021-02-10 05:03:45 --> Call to undefined method CodeIgniter\Session\Session::flashdata()
#0 G:\xampp\htdocs\UBS\pime_somali\system\View\View.php(246): include()
#1 G:\xampp\htdocs\UBS\pime_somali\system\Common.php(1119): CodeIgniter\View\View->render('office/master/s...', Array, true)
#2 G:\xampp\htdocs\UBS\pime_somali\app\Views\template\index.php(14): view('office/master/s...')
#3 G:\xampp\htdocs\UBS\pime_somali\system\View\View.php(246): include('G:\\xampp\\htdocs...')
#4 G:\xampp\htdocs\UBS\pime_somali\system\Common.php(1119): CodeIgniter\View\View->render('template/index', Array, true)
#5 G:\xampp\htdocs\UBS\pime_somali\app\Controllers\master\Structure.php(64): view('template/index', Array)
#6 G:\xampp\htdocs\UBS\pime_somali\system\CodeIgniter.php(918): App\Controllers\master\structure->index()
#7 G:\xampp\htdocs\UBS\pime_somali\system\CodeIgniter.php(404): CodeIgniter\CodeIgniter->runController(Object(App\Controllers\master\structure))
#8 G:\xampp\htdocs\UBS\pime_somali\system\CodeIgniter.php(312): CodeIgniter\CodeIgniter->handleRequest(NULL, Object(Config\Cache), false)
#9 G:\xampp\htdocs\UBS\pime_somali\index.php(45): CodeIgniter\CodeIgniter->run()
#10 {main}
CRITICAL - 2021-02-10 05:05:22 --> Call to a member function flashdata() on null
#0 G:\xampp\htdocs\UBS\pime_somali\system\View\View.php(246): include()
#1 G:\xampp\htdocs\UBS\pime_somali\system\Common.php(1119): CodeIgniter\View\View->render('office/master/s...', Array, true)
#2 G:\xampp\htdocs\UBS\pime_somali\app\Views\template\index.php(14): view('office/master/s...')
#3 G:\xampp\htdocs\UBS\pime_somali\system\View\View.php(246): include('G:\\xampp\\htdocs...')
#4 G:\xampp\htdocs\UBS\pime_somali\system\Common.php(1119): CodeIgniter\View\View->render('template/index', Array, true)
#5 G:\xampp\htdocs\UBS\pime_somali\app\Controllers\master\Structure.php(64): view('template/index', Array)
#6 G:\xampp\htdocs\UBS\pime_somali\system\CodeIgniter.php(918): App\Controllers\master\structure->index()
#7 G:\xampp\htdocs\UBS\pime_somali\system\CodeIgniter.php(404): CodeIgniter\CodeIgniter->runController(Object(App\Controllers\master\structure))
#8 G:\xampp\htdocs\UBS\pime_somali\system\CodeIgniter.php(312): CodeIgniter\CodeIgniter->handleRequest(NULL, Object(Config\Cache), false)
#9 G:\xampp\htdocs\UBS\pime_somali\index.php(45): CodeIgniter\CodeIgniter->run()
#10 {main}
CRITICAL - 2021-02-10 05:05:52 --> Call to a member function flashdata() on null
#0 G:\xampp\htdocs\UBS\pime_somali\system\View\View.php(246): include()
#1 G:\xampp\htdocs\UBS\pime_somali\system\Common.php(1119): CodeIgniter\View\View->render('office/master/s...', Array, true)
#2 G:\xampp\htdocs\UBS\pime_somali\app\Views\template\index.php(14): view('office/master/s...')
#3 G:\xampp\htdocs\UBS\pime_somali\system\View\View.php(246): include('G:\\xampp\\htdocs...')
#4 G:\xampp\htdocs\UBS\pime_somali\system\Common.php(1119): CodeIgniter\View\View->render('template/index', Array, true)
#5 G:\xampp\htdocs\UBS\pime_somali\app\Controllers\master\Structure.php(64): view('template/index', Array)
#6 G:\xampp\htdocs\UBS\pime_somali\system\CodeIgniter.php(918): App\Controllers\master\structure->index()
#7 G:\xampp\htdocs\UBS\pime_somali\system\CodeIgniter.php(404): CodeIgniter\CodeIgniter->runController(Object(App\Controllers\master\structure))
#8 G:\xampp\htdocs\UBS\pime_somali\system\CodeIgniter.php(312): CodeIgniter\CodeIgniter->handleRequest(NULL, Object(Config\Cache), false)
#9 G:\xampp\htdocs\UBS\pime_somali\index.php(45): CodeIgniter\CodeIgniter->run()
#10 {main}
CRITICAL - 2021-02-10 05:23:49 --> Unknown column 'mas_structure.deleted_at' in 'where clause'
#0 G:\xampp\htdocs\UBS\pime_somali\system\Database\MySQLi\Connection.php(331): mysqli->query('SELECT *\nFROM `...')
#1 G:\xampp\htdocs\UBS\pime_somali\system\Database\BaseConnection.php(741): CodeIgniter\Database\MySQLi\Connection->execute('SELECT *\nFROM `...')
#2 G:\xampp\htdocs\UBS\pime_somali\system\Database\BaseConnection.php(669): CodeIgniter\Database\BaseConnection->simpleQuery('SELECT *\nFROM `...')
#3 G:\xampp\htdocs\UBS\pime_somali\system\Database\BaseBuilder.php(1860): CodeIgniter\Database\BaseConnection->query('SELECT *\nFROM `...', Array, false)
#4 G:\xampp\htdocs\UBS\pime_somali\system\Model.php(462): CodeIgniter\Database\BaseBuilder->get()
#5 G:\xampp\htdocs\UBS\pime_somali\app\Controllers\master\Structure.php(59): CodeIgniter\Model->findAll()
#6 G:\xampp\htdocs\UBS\pime_somali\system\CodeIgniter.php(918): App\Controllers\master\structure->index()
#7 G:\xampp\htdocs\UBS\pime_somali\system\CodeIgniter.php(404): CodeIgniter\CodeIgniter->runController(Object(App\Controllers\master\structure))
#8 G:\xampp\htdocs\UBS\pime_somali\system\CodeIgniter.php(312): CodeIgniter\CodeIgniter->handleRequest(NULL, Object(Config\Cache), false)
#9 G:\xampp\htdocs\UBS\pime_somali\index.php(45): CodeIgniter\CodeIgniter->run()
#10 {main}
CRITICAL - 2021-02-10 05:23:59 --> Unknown column 'mas_structure.deleted_at' in 'where clause'
#0 G:\xampp\htdocs\UBS\pime_somali\system\Database\MySQLi\Connection.php(331): mysqli->query('SELECT *\nFROM `...')
#1 G:\xampp\htdocs\UBS\pime_somali\system\Database\BaseConnection.php(741): CodeIgniter\Database\MySQLi\Connection->execute('SELECT *\nFROM `...')
#2 G:\xampp\htdocs\UBS\pime_somali\system\Database\BaseConnection.php(669): CodeIgniter\Database\BaseConnection->simpleQuery('SELECT *\nFROM `...')
#3 G:\xampp\htdocs\UBS\pime_somali\system\Database\BaseBuilder.php(1860): CodeIgniter\Database\BaseConnection->query('SELECT *\nFROM `...', Array, false)
#4 G:\xampp\htdocs\UBS\pime_somali\system\Model.php(462): CodeIgniter\Database\BaseBuilder->get()
#5 G:\xampp\htdocs\UBS\pime_somali\app\Controllers\master\Structure.php(59): CodeIgniter\Model->findAll()
#6 G:\xampp\htdocs\UBS\pime_somali\system\CodeIgniter.php(918): App\Controllers\master\structure->index()
#7 G:\xampp\htdocs\UBS\pime_somali\system\CodeIgniter.php(404): CodeIgniter\CodeIgniter->runController(Object(App\Controllers\master\structure))
#8 G:\xampp\htdocs\UBS\pime_somali\system\CodeIgniter.php(312): CodeIgniter\CodeIgniter->handleRequest(NULL, Object(Config\Cache), false)
#9 G:\xampp\htdocs\UBS\pime_somali\index.php(45): CodeIgniter\CodeIgniter->run()
#10 {main}
CRITICAL - 2021-02-10 05:24:01 --> Unknown column 'mas_structure.deleted_at' in 'where clause'
#0 G:\xampp\htdocs\UBS\pime_somali\system\Database\MySQLi\Connection.php(331): mysqli->query('SELECT *\nFROM `...')
#1 G:\xampp\htdocs\UBS\pime_somali\system\Database\BaseConnection.php(741): CodeIgniter\Database\MySQLi\Connection->execute('SELECT *\nFROM `...')
#2 G:\xampp\htdocs\UBS\pime_somali\system\Database\BaseConnection.php(669): CodeIgniter\Database\BaseConnection->simpleQuery('SELECT *\nFROM `...')
#3 G:\xampp\htdocs\UBS\pime_somali\system\Database\BaseBuilder.php(1860): CodeIgniter\Database\BaseConnection->query('SELECT *\nFROM `...', Array, false)
#4 G:\xampp\htdocs\UBS\pime_somali\system\Model.php(462): CodeIgniter\Database\BaseBuilder->get()
#5 G:\xampp\htdocs\UBS\pime_somali\app\Controllers\master\Structure.php(59): CodeIgniter\Model->findAll()
#6 G:\xampp\htdocs\UBS\pime_somali\system\CodeIgniter.php(918): App\Controllers\master\structure->index()
#7 G:\xampp\htdocs\UBS\pime_somali\system\CodeIgniter.php(404): CodeIgniter\CodeIgniter->runController(Object(App\Controllers\master\structure))
#8 G:\xampp\htdocs\UBS\pime_somali\system\CodeIgniter.php(312): CodeIgniter\CodeIgniter->handleRequest(NULL, Object(Config\Cache), false)
#9 G:\xampp\htdocs\UBS\pime_somali\index.php(45): CodeIgniter\CodeIgniter->run()
#10 {main}
CRITICAL - 2021-02-10 05:24:13 --> Unknown column 'mas_structure.deleted_at' in 'where clause'
#0 G:\xampp\htdocs\UBS\pime_somali\system\Database\MySQLi\Connection.php(331): mysqli->query('SELECT *\nFROM `...')
#1 G:\xampp\htdocs\UBS\pime_somali\system\Database\BaseConnection.php(741): CodeIgniter\Database\MySQLi\Connection->execute('SELECT *\nFROM `...')
#2 G:\xampp\htdocs\UBS\pime_somali\system\Database\BaseConnection.php(669): CodeIgniter\Database\BaseConnection->simpleQuery('SELECT *\nFROM `...')
#3 G:\xampp\htdocs\UBS\pime_somali\system\Database\BaseBuilder.php(1860): CodeIgniter\Database\BaseConnection->query('SELECT *\nFROM `...', Array, false)
#4 G:\xampp\htdocs\UBS\pime_somali\system\Model.php(462): CodeIgniter\Database\BaseBuilder->get()
#5 G:\xampp\htdocs\UBS\pime_somali\app\Controllers\master\Structure.php(59): CodeIgniter\Model->findAll()
#6 G:\xampp\htdocs\UBS\pime_somali\system\CodeIgniter.php(918): App\Controllers\master\structure->index()
#7 G:\xampp\htdocs\UBS\pime_somali\system\CodeIgniter.php(404): CodeIgniter\CodeIgniter->runController(Object(App\Controllers\master\structure))
#8 G:\xampp\htdocs\UBS\pime_somali\system\CodeIgniter.php(312): CodeIgniter\CodeIgniter->handleRequest(NULL, Object(Config\Cache), false)
#9 G:\xampp\htdocs\UBS\pime_somali\index.php(45): CodeIgniter\CodeIgniter->run()
#10 {main}
CRITICAL - 2021-02-10 06:46:12 --> Call to undefined method CodeIgniter\Database\MySQLi\Connection::set()
#0 G:\xampp\htdocs\UBS\pime_somali\app\Libraries\Tank_auth.php(383): App\Models\Users->set_password_key('1', '291e153e4a4b42c...')
#1 G:\xampp\htdocs\UBS\pime_somali\app\Controllers\Auth.php(327): App\Libraries\Tank_auth->forgot_password('admin@super')
#2 G:\xampp\htdocs\UBS\pime_somali\system\CodeIgniter.php(918): App\Controllers\Auth->forgot_password()
#3 G:\xampp\htdocs\UBS\pime_somali\system\CodeIgniter.php(404): CodeIgniter\CodeIgniter->runController(Object(App\Controllers\Auth))
#4 G:\xampp\htdocs\UBS\pime_somali\system\CodeIgniter.php(312): CodeIgniter\CodeIgniter->handleRequest(NULL, Object(Config\Cache), false)
#5 G:\xampp\htdocs\UBS\pime_somali\index.php(45): CodeIgniter\CodeIgniter->run()
#6 {main}
CRITICAL - 2021-02-10 06:49:20 --> Undefined variable: db
#0 G:\xampp\htdocs\UBS\pime_somali\app\Models\tank_auth\Users.php(186): CodeIgniter\Debug\Exceptions->errorHandler(8, 'Undefined varia...', 'G:\\xampp\\htdocs...', 186, Array)
#1 G:\xampp\htdocs\UBS\pime_somali\app\Libraries\Tank_auth.php(374): App\Models\Users->get_user_by_login('admin@super')
#2 G:\xampp\htdocs\UBS\pime_somali\app\Controllers\Auth.php(327): App\Libraries\Tank_auth->forgot_password('admin@super')
#3 G:\xampp\htdocs\UBS\pime_somali\system\CodeIgniter.php(918): App\Controllers\Auth->forgot_password()
#4 G:\xampp\htdocs\UBS\pime_somali\system\CodeIgniter.php(404): CodeIgniter\CodeIgniter->runController(Object(App\Controllers\Auth))
#5 G:\xampp\htdocs\UBS\pime_somali\system\CodeIgniter.php(312): CodeIgniter\CodeIgniter->handleRequest(NULL, Object(Config\Cache), false)
#6 G:\xampp\htdocs\UBS\pime_somali\index.php(45): CodeIgniter\CodeIgniter->run()
#7 {main}
CRITICAL - 2021-02-10 06:50:36 --> Call to undefined method CodeIgniter\Database\MySQLi\Connection::set()
#0 G:\xampp\htdocs\UBS\pime_somali\app\Libraries\Tank_auth.php(383): App\Models\Users->set_password_key('1', '7c8497cfc68ee9c...')
#1 G:\xampp\htdocs\UBS\pime_somali\app\Controllers\Auth.php(327): App\Libraries\Tank_auth->forgot_password('admin@super')
#2 G:\xampp\htdocs\UBS\pime_somali\system\CodeIgniter.php(918): App\Controllers\Auth->forgot_password()
#3 G:\xampp\htdocs\UBS\pime_somali\system\CodeIgniter.php(404): CodeIgniter\CodeIgniter->runController(Object(App\Controllers\Auth))
#4 G:\xampp\htdocs\UBS\pime_somali\system\CodeIgniter.php(312): CodeIgniter\CodeIgniter->handleRequest(NULL, Object(Config\Cache), false)
#5 G:\xampp\htdocs\UBS\pime_somali\index.php(45): CodeIgniter\CodeIgniter->run()
#6 {main}
CRITICAL - 2021-02-10 06:58:15 --> Call to undefined method CodeIgniter\Database\MySQLi\Connection::set()
#0 G:\xampp\htdocs\UBS\pime_somali\app\Libraries\Tank_auth.php(383): App\Models\Users->set_password_key('1', '06bb9bbb1fffcf3...')
#1 G:\xampp\htdocs\UBS\pime_somali\app\Controllers\Auth.php(327): App\Libraries\Tank_auth->forgot_password('admin@super')
#2 G:\xampp\htdocs\UBS\pime_somali\system\CodeIgniter.php(918): App\Controllers\Auth->forgot_password()
#3 G:\xampp\htdocs\UBS\pime_somali\system\CodeIgniter.php(404): CodeIgniter\CodeIgniter->runController(Object(App\Controllers\Auth))
#4 G:\xampp\htdocs\UBS\pime_somali\system\CodeIgniter.php(312): CodeIgniter\CodeIgniter->handleRequest(NULL, Object(Config\Cache), false)
#5 G:\xampp\htdocs\UBS\pime_somali\index.php(45): CodeIgniter\CodeIgniter->run()
#6 {main}
CRITICAL - 2021-02-10 06:58:25 --> Call to undefined method CodeIgniter\Database\MySQLi\Connection::set()
#0 G:\xampp\htdocs\UBS\pime_somali\app\Libraries\Tank_auth.php(383): App\Models\Users->set_password_key('1', '8adddbd83331cdf...')
#1 G:\xampp\htdocs\UBS\pime_somali\app\Controllers\Auth.php(327): App\Libraries\Tank_auth->forgot_password('admin@super')
#2 G:\xampp\htdocs\UBS\pime_somali\system\CodeIgniter.php(918): App\Controllers\Auth->forgot_password()
#3 G:\xampp\htdocs\UBS\pime_somali\system\CodeIgniter.php(404): CodeIgniter\CodeIgniter->runController(Object(App\Controllers\Auth))
#4 G:\xampp\htdocs\UBS\pime_somali\system\CodeIgniter.php(312): CodeIgniter\CodeIgniter->handleRequest(NULL, Object(Config\Cache), false)
#5 G:\xampp\htdocs\UBS\pime_somali\index.php(45): CodeIgniter\CodeIgniter->run()
#6 {main}
CRITICAL - 2021-02-10 06:58:36 --> Call to undefined method CodeIgniter\Database\MySQLi\Connection::set()
#0 G:\xampp\htdocs\UBS\pime_somali\app\Libraries\Tank_auth.php(383): App\Models\Users->set_password_key('1', 'e8097ccb67936d2...')
#1 G:\xampp\htdocs\UBS\pime_somali\app\Controllers\Auth.php(327): App\Libraries\Tank_auth->forgot_password('admin@super')
#2 G:\xampp\htdocs\UBS\pime_somali\system\CodeIgniter.php(918): App\Controllers\Auth->forgot_password()
#3 G:\xampp\htdocs\UBS\pime_somali\system\CodeIgniter.php(404): CodeIgniter\CodeIgniter->runController(Object(App\Controllers\Auth))
#4 G:\xampp\htdocs\UBS\pime_somali\system\CodeIgniter.php(312): CodeIgniter\CodeIgniter->handleRequest(NULL, Object(Config\Cache), false)
#5 G:\xampp\htdocs\UBS\pime_somali\index.php(45): CodeIgniter\CodeIgniter->run()
#6 {main}
CRITICAL - 2021-02-10 07:07:43 --> Undefined property: App\Controllers\Auth::$config
#0 G:\xampp\htdocs\UBS\pime_somali\app\Controllers\Auth.php(329): CodeIgniter\Debug\Exceptions->errorHandler(8, 'Undefined prope...', 'G:\\xampp\\htdocs...', 329, Array)
#1 G:\xampp\htdocs\UBS\pime_somali\system\CodeIgniter.php(918): App\Controllers\Auth->forgot_password()
#2 G:\xampp\htdocs\UBS\pime_somali\system\CodeIgniter.php(404): CodeIgniter\CodeIgniter->runController(Object(App\Controllers\Auth))
#3 G:\xampp\htdocs\UBS\pime_somali\system\CodeIgniter.php(312): CodeIgniter\CodeIgniter->handleRequest(NULL, Object(Config\Cache), false)
#4 G:\xampp\htdocs\UBS\pime_somali\index.php(45): CodeIgniter\CodeIgniter->run()
#5 {main}
CRITICAL - 2021-02-10 07:08:54 --> Undefined property: App\Controllers\Auth::$load
#0 G:\xampp\htdocs\UBS\pime_somali\app\Controllers\Auth.php(523): CodeIgniter\Debug\Exceptions->errorHandler(8, 'Undefined prope...', 'G:\\xampp\\htdocs...', 523, Array)
#1 G:\xampp\htdocs\UBS\pime_somali\app\Controllers\Auth.php(332): App\Controllers\Auth->_send_email('forgot_password', 'mukesh@ubsgroup...', Array)
#2 G:\xampp\htdocs\UBS\pime_somali\system\CodeIgniter.php(918): App\Controllers\Auth->forgot_password()
#3 G:\xampp\htdocs\UBS\pime_somali\system\CodeIgniter.php(404): CodeIgniter\CodeIgniter->runController(Object(App\Controllers\Auth))
#4 G:\xampp\htdocs\UBS\pime_somali\system\CodeIgniter.php(312): CodeIgniter\CodeIgniter->handleRequest(NULL, Object(Config\Cache), false)
#5 G:\xampp\htdocs\UBS\pime_somali\index.php(45): CodeIgniter\CodeIgniter->run()
#6 {main}
CRITICAL - 2021-02-10 07:09:50 --> Undefined property: App\Controllers\Auth::$email
#0 G:\xampp\htdocs\UBS\pime_somali\app\Controllers\Auth.php(524): CodeIgniter\Debug\Exceptions->errorHandler(8, 'Undefined prope...', 'G:\\xampp\\htdocs...', 524, Array)
#1 G:\xampp\htdocs\UBS\pime_somali\app\Controllers\Auth.php(332): App\Controllers\Auth->_send_email('forgot_password', 'mukesh@ubsgroup...', Array)
#2 G:\xampp\htdocs\UBS\pime_somali\system\CodeIgniter.php(918): App\Controllers\Auth->forgot_password()
#3 G:\xampp\htdocs\UBS\pime_somali\system\CodeIgniter.php(404): CodeIgniter\CodeIgniter->runController(Object(App\Controllers\Auth))
#4 G:\xampp\htdocs\UBS\pime_somali\system\CodeIgniter.php(312): CodeIgniter\CodeIgniter->handleRequest(NULL, Object(Config\Cache), false)
#5 G:\xampp\htdocs\UBS\pime_somali\index.php(45): CodeIgniter\CodeIgniter->run()
#6 {main}
CRITICAL - 2021-02-10 07:11:17 --> Undefined property: App\Controllers\Auth::$email
#0 G:\xampp\htdocs\UBS\pime_somali\app\Controllers\Auth.php(524): CodeIgniter\Debug\Exceptions->errorHandler(8, 'Undefined prope...', 'G:\\xampp\\htdocs...', 524, Array)
#1 G:\xampp\htdocs\UBS\pime_somali\app\Controllers\Auth.php(332): App\Controllers\Auth->_send_email('forgot_password', 'mukesh@ubsgroup...', Array)
#2 G:\xampp\htdocs\UBS\pime_somali\system\CodeIgniter.php(918): App\Controllers\Auth->forgot_password()
#3 G:\xampp\htdocs\UBS\pime_somali\system\CodeIgniter.php(404): CodeIgniter\CodeIgniter->runController(Object(App\Controllers\Auth))
#4 G:\xampp\htdocs\UBS\pime_somali\system\CodeIgniter.php(312): CodeIgniter\CodeIgniter->handleRequest(NULL, Object(Config\Cache), false)
#5 G:\xampp\htdocs\UBS\pime_somali\index.php(45): CodeIgniter\CodeIgniter->run()
#6 {main}
CRITICAL - 2021-02-10 07:23:59 --> Call to undefined method CodeIgniter\Email\Email::Reply_To()
#0 G:\xampp\htdocs\UBS\pime_somali\app\Controllers\Auth.php(332): App\Controllers\Auth->_send_email('forgot_password', 'mukesh@ubsgroup...', Array)
#1 G:\xampp\htdocs\UBS\pime_somali\system\CodeIgniter.php(918): App\Controllers\Auth->forgot_password()
#2 G:\xampp\htdocs\UBS\pime_somali\system\CodeIgniter.php(404): CodeIgniter\CodeIgniter->runController(Object(App\Controllers\Auth))
#3 G:\xampp\htdocs\UBS\pime_somali\system\CodeIgniter.php(312): CodeIgniter\CodeIgniter->handleRequest(NULL, Object(Config\Cache), false)
#4 G:\xampp\htdocs\UBS\pime_somali\index.php(45): CodeIgniter\CodeIgniter->run()
#5 {main}
CRITICAL - 2021-02-10 07:24:20 --> Call to undefined method CodeIgniter\Email\Email::ReplyTo()
#0 G:\xampp\htdocs\UBS\pime_somali\app\Controllers\Auth.php(332): App\Controllers\Auth->_send_email('forgot_password', 'mukesh@ubsgroup...', Array)
#1 G:\xampp\htdocs\UBS\pime_somali\system\CodeIgniter.php(918): App\Controllers\Auth->forgot_password()
#2 G:\xampp\htdocs\UBS\pime_somali\system\CodeIgniter.php(404): CodeIgniter\CodeIgniter->runController(Object(App\Controllers\Auth))
#3 G:\xampp\htdocs\UBS\pime_somali\system\CodeIgniter.php(312): CodeIgniter\CodeIgniter->handleRequest(NULL, Object(Config\Cache), false)
#4 G:\xampp\htdocs\UBS\pime_somali\index.php(45): CodeIgniter\CodeIgniter->run()
#5 {main}
CRITICAL - 2021-02-10 07:27:47 --> Call to undefined method CodeIgniter\Email\Email::replyTo()
#0 G:\xampp\htdocs\UBS\pime_somali\app\Controllers\Auth.php(332): App\Controllers\Auth->_send_email('forgot_password', 'mukesh@ubsgroup...', Array)
#1 G:\xampp\htdocs\UBS\pime_somali\system\CodeIgniter.php(918): App\Controllers\Auth->forgot_password()
#2 G:\xampp\htdocs\UBS\pime_somali\system\CodeIgniter.php(404): CodeIgniter\CodeIgniter->runController(Object(App\Controllers\Auth))
#3 G:\xampp\htdocs\UBS\pime_somali\system\CodeIgniter.php(312): CodeIgniter\CodeIgniter->handleRequest(NULL, Object(Config\Cache), false)
#4 G:\xampp\htdocs\UBS\pime_somali\index.php(45): CodeIgniter\CodeIgniter->run()
#5 {main}
CRITICAL - 2021-02-10 07:28:08 --> Call to undefined method CodeIgniter\Email\Email::replyTo()
#0 G:\xampp\htdocs\UBS\pime_somali\app\Controllers\Auth.php(332): App\Controllers\Auth->_send_email('forgot_password', 'mukesh@ubsgroup...', Array)
#1 G:\xampp\htdocs\UBS\pime_somali\system\CodeIgniter.php(918): App\Controllers\Auth->forgot_password()
#2 G:\xampp\htdocs\UBS\pime_somali\system\CodeIgniter.php(404): CodeIgniter\CodeIgniter->runController(Object(App\Controllers\Auth))
#3 G:\xampp\htdocs\UBS\pime_somali\system\CodeIgniter.php(312): CodeIgniter\CodeIgniter->handleRequest(NULL, Object(Config\Cache), false)
#4 G:\xampp\htdocs\UBS\pime_somali\index.php(45): CodeIgniter\CodeIgniter->run()
#5 {main}
CRITICAL - 2021-02-10 07:30:13 --> Undefined property: App\Controllers\Auth::$load
#0 G:\xampp\htdocs\UBS\pime_somali\app\Controllers\Auth.php(529): CodeIgniter\Debug\Exceptions->errorHandler(8, 'Undefined prope...', 'G:\\xampp\\htdocs...', 529, Array)
#1 G:\xampp\htdocs\UBS\pime_somali\app\Controllers\Auth.php(332): App\Controllers\Auth->_send_email('forgot_password', 'mukesh@ubsgroup...', Array)
#2 G:\xampp\htdocs\UBS\pime_somali\system\CodeIgniter.php(918): App\Controllers\Auth->forgot_password()
#3 G:\xampp\htdocs\UBS\pime_somali\system\CodeIgniter.php(404): CodeIgniter\CodeIgniter->runController(Object(App\Controllers\Auth))
#4 G:\xampp\htdocs\UBS\pime_somali\system\CodeIgniter.php(312): CodeIgniter\CodeIgniter->handleRequest(NULL, Object(Config\Cache), false)
#5 G:\xampp\htdocs\UBS\pime_somali\index.php(45): CodeIgniter\CodeIgniter->run()
#6 {main}
CRITICAL - 2021-02-10 07:31:08 --> Argument 3 passed to view() must be of the type array, boolean given, called in G:\xampp\htdocs\UBS\pime_somali\app\Controllers\Auth.php on line 529
#0 G:\xampp\htdocs\UBS\pime_somali\app\Controllers\Auth.php(529): view('email/forgot_pa...', Array, true)
#1 G:\xampp\htdocs\UBS\pime_somali\app\Controllers\Auth.php(332): App\Controllers\Auth->_send_email('forgot_password', 'mukesh@ubsgroup...', Array)
#2 G:\xampp\htdocs\UBS\pime_somali\system\CodeIgniter.php(918): App\Controllers\Auth->forgot_password()
#3 G:\xampp\htdocs\UBS\pime_somali\system\CodeIgniter.php(404): CodeIgniter\CodeIgniter->runController(Object(App\Controllers\Auth))
#4 G:\xampp\htdocs\UBS\pime_somali\system\CodeIgniter.php(312): CodeIgniter\CodeIgniter->handleRequest(NULL, Object(Config\Cache), false)
#5 G:\xampp\htdocs\UBS\pime_somali\index.php(45): CodeIgniter\CodeIgniter->run()
#6 {main}
CRITICAL - 2021-02-10 07:31:31 --> Invalid file: email/forgot_password-html.php
#0 G:\xampp\htdocs\UBS\pime_somali\system\View\View.php(228): CodeIgniter\Exceptions\FrameworkException::forInvalidFile('email/forgot_pa...')
#1 G:\xampp\htdocs\UBS\pime_somali\system\Common.php(1119): CodeIgniter\View\View->render('email/forgot_pa...', Array, true)
#2 G:\xampp\htdocs\UBS\pime_somali\app\Controllers\Auth.php(529): view('email/forgot_pa...', Array)
#3 G:\xampp\htdocs\UBS\pime_somali\app\Controllers\Auth.php(332): App\Controllers\Auth->_send_email('forgot_password', 'mukesh@ubsgroup...', Array)
#4 G:\xampp\htdocs\UBS\pime_somali\system\CodeIgniter.php(918): App\Controllers\Auth->forgot_password()
#5 G:\xampp\htdocs\UBS\pime_somali\system\CodeIgniter.php(404): CodeIgniter\CodeIgniter->runController(Object(App\Controllers\Auth))
#6 G:\xampp\htdocs\UBS\pime_somali\system\CodeIgniter.php(312): CodeIgniter\CodeIgniter->handleRequest(NULL, Object(Config\Cache), false)
#7 G:\xampp\htdocs\UBS\pime_somali\index.php(45): CodeIgniter\CodeIgniter->run()
#8 {main}
