CRITICAL - 2021-06-18 01:07:01 --> Table 'FAWE.project_results_framework_workflow' doesn't exist
#0 E:\www\FAWE\system\Database\MySQLi\Connection.php(331): mysqli->query('SELECT *\nFROM `...')
#1 E:\www\FAWE\system\Database\BaseConnection.php(741): CodeIgniter\Database\MySQLi\Connection->execute('SELECT *\nFROM `...')
#2 E:\www\FAWE\system\Database\BaseConnection.php(669): CodeIgniter\Database\BaseConnection->simpleQuery('SELECT *\nFROM `...')
#3 E:\www\FAWE\system\Database\BaseBuilder.php(1860): CodeIgniter\Database\BaseConnection->query('SELECT *\nFROM `...', Array, false)
#4 E:\www\FAWE\system\Model.php(462): CodeIgniter\Database\BaseBuilder->get()
#5 E:\www\FAWE\app\Controllers\Planning\Project_me_plan.php(64): CodeIgniter\Model->findAll()
#6 E:\www\FAWE\system\CodeIgniter.php(918): App\Controllers\Planning\Project_me_plan->index()
#7 E:\www\FAWE\system\CodeIgniter.php(404): CodeIgniter\CodeIgniter->runController(Object(App\Controllers\Planning\Project_me_plan))
#8 E:\www\FAWE\system\CodeIgniter.php(312): CodeIgniter\CodeIgniter->handleRequest(NULL, Object(Config\Cache), false)
#9 E:\www\FAWE\index.php(45): CodeIgniter\CodeIgniter->run()
#10 {main}
CRITICAL - 2021-06-18 02:06:19 --> Unable to connect to the database.
#0 E:\www\FAWE\system\Database\BaseConnection.php(646): CodeIgniter\Database\BaseConnection->initialize()
#1 E:\www\FAWE\app\Filters\CheckLogin.php(19): CodeIgniter\Database\BaseConnection->query('select token  F...')
#2 E:\www\FAWE\system\Filters\Filters.php(173): App\Filters\checkLogin->before(Object(CodeIgniter\HTTP\IncomingRequest), NULL)
#3 E:\www\FAWE\system\CodeIgniter.php(382): CodeIgniter\Filters\Filters->run('/planning/proje...', 'before')
#4 E:\www\FAWE\system\CodeIgniter.php(312): CodeIgniter\CodeIgniter->handleRequest(NULL, Object(Config\Cache), false)
#5 E:\www\FAWE\index.php(45): CodeIgniter\CodeIgniter->run()
#6 {main}
CRITICAL - 2021-06-18 02:20:12 --> Undefined index: name
#0 E:\www\FAWE\app\Views\office\planning\project_data\project_me_plan\logframe.php(90): CodeIgniter\Debug\Exceptions->errorHandler(8, 'Undefined index...', 'E:\\www\\FAWE\\ap...', 90, Array)
#1 E:\www\FAWE\system\View\View.php(246): include('E:\\www\\FAWE\\ap...')
#2 E:\www\FAWE\system\Common.php(1119): CodeIgniter\View\View->render('office/planning...', Array, true)
#3 E:\www\FAWE\app\Views\template\index.php(14): view('office/planning...')
#4 E:\www\FAWE\system\View\View.php(246): include('E:\\www\\FAWE\\ap...')
#5 E:\www\FAWE\system\Common.php(1119): CodeIgniter\View\View->render('template/index', Array, true)
#6 E:\www\FAWE\app\Controllers\Planning\Project_me_plan.php(333): view('template/index', Array)
#7 E:\www\FAWE\system\CodeIgniter.php(918): App\Controllers\Planning\Project_me_plan->logframe('3')
#8 E:\www\FAWE\system\CodeIgniter.php(404): CodeIgniter\CodeIgniter->runController(Object(App\Controllers\Planning\Project_me_plan))
#9 E:\www\FAWE\system\CodeIgniter.php(312): CodeIgniter\CodeIgniter->handleRequest(NULL, Object(Config\Cache), false)
#10 E:\www\FAWE\index.php(45): CodeIgniter\CodeIgniter->run()
#11 {main}
CRITICAL - 2021-06-18 02:20:12 --> Undefined index: name
#0 E:\www\FAWE\app\Views\office\planning\project_data\project_me_plan\logframe.php(90): CodeIgniter\Debug\Exceptions->errorHandler(8, 'Undefined index...', 'E:\\www\\FAWE\\ap...', 90, Array)
#1 E:\www\FAWE\system\View\View.php(246): include('E:\\www\\FAWE\\ap...')
#2 E:\www\FAWE\system\Common.php(1119): CodeIgniter\View\View->render('office/planning...', Array, true)
#3 E:\www\FAWE\app\Views\template\index.php(14): view('office/planning...')
#4 E:\www\FAWE\system\View\View.php(246): include('E:\\www\\FAWE\\ap...')
#5 E:\www\FAWE\system\Common.php(1119): CodeIgniter\View\View->render('template/index', Array, true)
#6 E:\www\FAWE\app\Controllers\Planning\Project_me_plan.php(333): view('template/index', Array)
#7 E:\www\FAWE\system\CodeIgniter.php(918): App\Controllers\Planning\Project_me_plan->logframe('3')
#8 E:\www\FAWE\system\CodeIgniter.php(404): CodeIgniter\CodeIgniter->runController(Object(App\Controllers\Planning\Project_me_plan))
#9 E:\www\FAWE\system\CodeIgniter.php(312): CodeIgniter\CodeIgniter->handleRequest(NULL, Object(Config\Cache), false)
#10 E:\www\FAWE\index.php(45): CodeIgniter\CodeIgniter->run()
#11 {main}
CRITICAL - 2021-06-18 04:47:20 --> Unknown column 'outcome_id' in 'where clause'
#0 E:\www\FAWE\system\Database\MySQLi\Connection.php(331): mysqli->query('SELECT  *  from...')
#1 E:\www\FAWE\system\Database\BaseConnection.php(741): CodeIgniter\Database\MySQLi\Connection->execute('SELECT  *  from...')
#2 E:\www\FAWE\system\Database\BaseConnection.php(669): CodeIgniter\Database\BaseConnection->simpleQuery('SELECT  *  from...')
#3 E:\www\FAWE\app\Views\office\planning\project_data\project_me_plan\logframe.php(115): CodeIgniter\Database\BaseConnection->query('SELECT  *  from...')
#4 E:\www\FAWE\system\View\View.php(246): include('E:\\www\\FAWE\\ap...')
#5 E:\www\FAWE\system\Common.php(1119): CodeIgniter\View\View->render('office/planning...', Array, true)
#6 E:\www\FAWE\app\Views\template\index.php(14): view('office/planning...')
#7 E:\www\FAWE\system\View\View.php(246): include('E:\\www\\FAWE\\ap...')
#8 E:\www\FAWE\system\Common.php(1119): CodeIgniter\View\View->render('template/index', Array, true)
#9 E:\www\FAWE\app\Controllers\Planning\Project_me_plan.php(333): view('template/index', Array)
#10 E:\www\FAWE\system\CodeIgniter.php(918): App\Controllers\Planning\Project_me_plan->logframe('3')
#11 E:\www\FAWE\system\CodeIgniter.php(404): CodeIgniter\CodeIgniter->runController(Object(App\Controllers\Planning\Project_me_plan))
#12 E:\www\FAWE\system\CodeIgniter.php(312): CodeIgniter\CodeIgniter->handleRequest(NULL, Object(Config\Cache), false)
#13 E:\www\FAWE\index.php(45): CodeIgniter\CodeIgniter->run()
#14 {main}
CRITICAL - 2021-06-18 04:47:20 --> Unknown column 'outcome_id' in 'where clause'
#0 E:\www\FAWE\system\Database\MySQLi\Connection.php(331): mysqli->query('SELECT  *  from...')
#1 E:\www\FAWE\system\Database\BaseConnection.php(741): CodeIgniter\Database\MySQLi\Connection->execute('SELECT  *  from...')
#2 E:\www\FAWE\system\Database\BaseConnection.php(669): CodeIgniter\Database\BaseConnection->simpleQuery('SELECT  *  from...')
#3 E:\www\FAWE\app\Views\office\planning\project_data\project_me_plan\logframe.php(115): CodeIgniter\Database\BaseConnection->query('SELECT  *  from...')
#4 E:\www\FAWE\system\View\View.php(246): include('E:\\www\\FAWE\\ap...')
#5 E:\www\FAWE\system\Common.php(1119): CodeIgniter\View\View->render('office/planning...', Array, true)
#6 E:\www\FAWE\app\Views\template\index.php(14): view('office/planning...')
#7 E:\www\FAWE\system\View\View.php(246): include('E:\\www\\FAWE\\ap...')
#8 E:\www\FAWE\system\Common.php(1119): CodeIgniter\View\View->render('template/index', Array, true)
#9 E:\www\FAWE\app\Controllers\Planning\Project_me_plan.php(333): view('template/index', Array)
#10 E:\www\FAWE\system\CodeIgniter.php(918): App\Controllers\Planning\Project_me_plan->logframe('3')
#11 E:\www\FAWE\system\CodeIgniter.php(404): CodeIgniter\CodeIgniter->runController(Object(App\Controllers\Planning\Project_me_plan))
#12 E:\www\FAWE\system\CodeIgniter.php(312): CodeIgniter\CodeIgniter->handleRequest(NULL, Object(Config\Cache), false)
#13 E:\www\FAWE\index.php(45): CodeIgniter\CodeIgniter->run()
#14 {main}
CRITICAL - 2021-06-18 05:23:09 --> Undefined variable: outcome_data
#0 E:\www\FAWE\app\Views\office\planning\project_data\project_me_plan\edit_goal_indicator.php(77): CodeIgniter\Debug\Exceptions->errorHandler(8, 'Undefined varia...', 'E:\\www\\FAWE\\ap...', 77, Array)
#1 E:\www\FAWE\system\View\View.php(246): include('E:\\www\\FAWE\\ap...')
#2 E:\www\FAWE\system\Common.php(1119): CodeIgniter\View\View->render('office/planning...', Array, true)
#3 E:\www\FAWE\app\Views\template\index.php(14): view('office/planning...')
#4 E:\www\FAWE\system\View\View.php(246): include('E:\\www\\FAWE\\ap...')
#5 E:\www\FAWE\system\Common.php(1119): CodeIgniter\View\View->render('template/index', Array, true)
#6 E:\www\FAWE\app\Controllers\Planning\Project_me_plan.php(685): view('template/index', Array)
#7 E:\www\FAWE\system\CodeIgniter.php(918): App\Controllers\Planning\Project_me_plan->edit_goal_indicator('1', '')
#8 E:\www\FAWE\system\CodeIgniter.php(404): CodeIgniter\CodeIgniter->runController(Object(App\Controllers\Planning\Project_me_plan))
#9 E:\www\FAWE\system\CodeIgniter.php(312): CodeIgniter\CodeIgniter->handleRequest(NULL, Object(Config\Cache), false)
#10 E:\www\FAWE\index.php(45): CodeIgniter\CodeIgniter->run()
#11 {main}
CRITICAL - 2021-06-18 05:23:09 --> Undefined variable: outcome_data
#0 E:\www\FAWE\app\Views\office\planning\project_data\project_me_plan\edit_goal_indicator.php(77): CodeIgniter\Debug\Exceptions->errorHandler(8, 'Undefined varia...', 'E:\\www\\FAWE\\ap...', 77, Array)
#1 E:\www\FAWE\system\View\View.php(246): include('E:\\www\\FAWE\\ap...')
#2 E:\www\FAWE\system\Common.php(1119): CodeIgniter\View\View->render('office/planning...', Array, true)
#3 E:\www\FAWE\app\Views\template\index.php(14): view('office/planning...')
#4 E:\www\FAWE\system\View\View.php(246): include('E:\\www\\FAWE\\ap...')
#5 E:\www\FAWE\system\Common.php(1119): CodeIgniter\View\View->render('template/index', Array, true)
#6 E:\www\FAWE\app\Controllers\Planning\Project_me_plan.php(685): view('template/index', Array)
#7 E:\www\FAWE\system\CodeIgniter.php(918): App\Controllers\Planning\Project_me_plan->edit_goal_indicator('1', '')
#8 E:\www\FAWE\system\CodeIgniter.php(404): CodeIgniter\CodeIgniter->runController(Object(App\Controllers\Planning\Project_me_plan))
#9 E:\www\FAWE\system\CodeIgniter.php(312): CodeIgniter\CodeIgniter->handleRequest(NULL, Object(Config\Cache), false)
#10 E:\www\FAWE\index.php(45): CodeIgniter\CodeIgniter->run()
#11 {main}
CRITICAL - 2021-06-18 05:23:37 --> Undefined offset: 2023
#0 E:\www\FAWE\app\Views\office\planning\project_data\project_me_plan\edit_goal_indicator.php(194): CodeIgniter\Debug\Exceptions->errorHandler(8, 'Undefined offse...', 'E:\\www\\FAWE\\ap...', 194, Array)
#1 E:\www\FAWE\system\View\View.php(246): include('E:\\www\\FAWE\\ap...')
#2 E:\www\FAWE\system\Common.php(1119): CodeIgniter\View\View->render('office/planning...', Array, true)
#3 E:\www\FAWE\app\Views\template\index.php(14): view('office/planning...')
#4 E:\www\FAWE\system\View\View.php(246): include('E:\\www\\FAWE\\ap...')
#5 E:\www\FAWE\system\Common.php(1119): CodeIgniter\View\View->render('template/index', Array, true)
#6 E:\www\FAWE\app\Controllers\Planning\Project_me_plan.php(685): view('template/index', Array)
#7 E:\www\FAWE\system\CodeIgniter.php(918): App\Controllers\Planning\Project_me_plan->edit_goal_indicator('1', '')
#8 E:\www\FAWE\system\CodeIgniter.php(404): CodeIgniter\CodeIgniter->runController(Object(App\Controllers\Planning\Project_me_plan))
#9 E:\www\FAWE\system\CodeIgniter.php(312): CodeIgniter\CodeIgniter->handleRequest(NULL, Object(Config\Cache), false)
#10 E:\www\FAWE\index.php(45): CodeIgniter\CodeIgniter->run()
#11 {main}
CRITICAL - 2021-06-18 05:23:37 --> Undefined offset: 2023
#0 E:\www\FAWE\app\Views\office\planning\project_data\project_me_plan\edit_goal_indicator.php(194): CodeIgniter\Debug\Exceptions->errorHandler(8, 'Undefined offse...', 'E:\\www\\FAWE\\ap...', 194, Array)
#1 E:\www\FAWE\system\View\View.php(246): include('E:\\www\\FAWE\\ap...')
#2 E:\www\FAWE\system\Common.php(1119): CodeIgniter\View\View->render('office/planning...', Array, true)
#3 E:\www\FAWE\app\Views\template\index.php(14): view('office/planning...')
#4 E:\www\FAWE\system\View\View.php(246): include('E:\\www\\FAWE\\ap...')
#5 E:\www\FAWE\system\Common.php(1119): CodeIgniter\View\View->render('template/index', Array, true)
#6 E:\www\FAWE\app\Controllers\Planning\Project_me_plan.php(685): view('template/index', Array)
#7 E:\www\FAWE\system\CodeIgniter.php(918): App\Controllers\Planning\Project_me_plan->edit_goal_indicator('1', '')
#8 E:\www\FAWE\system\CodeIgniter.php(404): CodeIgniter\CodeIgniter->runController(Object(App\Controllers\Planning\Project_me_plan))
#9 E:\www\FAWE\system\CodeIgniter.php(312): CodeIgniter\CodeIgniter->handleRequest(NULL, Object(Config\Cache), false)
#10 E:\www\FAWE\index.php(45): CodeIgniter\CodeIgniter->run()
#11 {main}
CRITICAL - 2021-06-18 05:52:48 --> Undefined variable: goal_id
#0 E:\www\FAWE\app\Controllers\Planning\Project_me_plan.php(878): CodeIgniter\Debug\Exceptions->errorHandler(8, 'Undefined varia...', 'E:\\www\\FAWE\\ap...', 878, Array)
#1 E:\www\FAWE\system\CodeIgniter.php(918): App\Controllers\Planning\Project_me_plan->add_outcome_indicator('1', '')
#2 E:\www\FAWE\system\CodeIgniter.php(404): CodeIgniter\CodeIgniter->runController(Object(App\Controllers\Planning\Project_me_plan))
#3 E:\www\FAWE\system\CodeIgniter.php(312): CodeIgniter\CodeIgniter->handleRequest(NULL, Object(Config\Cache), false)
#4 E:\www\FAWE\index.php(45): CodeIgniter\CodeIgniter->run()
#5 {main}
CRITICAL - 2021-06-18 05:54:20 --> Undefined variable: goal_id
#0 E:\www\FAWE\app\Controllers\Planning\Project_me_plan.php(981): CodeIgniter\Debug\Exceptions->errorHandler(8, 'Undefined varia...', 'E:\\www\\FAWE\\ap...', 981, Array)
#1 E:\www\FAWE\system\CodeIgniter.php(918): App\Controllers\Planning\Project_me_plan->edit_outcome_indicator('1', '')
#2 E:\www\FAWE\system\CodeIgniter.php(404): CodeIgniter\CodeIgniter->runController(Object(App\Controllers\Planning\Project_me_plan))
#3 E:\www\FAWE\system\CodeIgniter.php(312): CodeIgniter\CodeIgniter->handleRequest(NULL, Object(Config\Cache), false)
#4 E:\www\FAWE\index.php(45): CodeIgniter\CodeIgniter->run()
#5 {main}
CRITICAL - 2021-06-18 05:56:16 --> Return value of set_value() must be of the type string, array returned
#0 E:\www\FAWE\app\Views\office\planning\project_data\project_me_plan\add_outcome_indicator.php(148): set_value('annul_target')
#1 E:\www\FAWE\system\View\View.php(246): include('E:\\www\\FAWE\\ap...')
#2 E:\www\FAWE\system\Common.php(1119): CodeIgniter\View\View->render('office/planning...', Array, true)
#3 E:\www\FAWE\app\Views\template\index.php(14): view('office/planning...')
#4 E:\www\FAWE\system\View\View.php(246): include('E:\\www\\FAWE\\ap...')
#5 E:\www\FAWE\system\Common.php(1119): CodeIgniter\View\View->render('template/index', Array, true)
#6 E:\www\FAWE\app\Controllers\Planning\Project_me_plan.php(961): view('template/index', Array)
#7 E:\www\FAWE\system\CodeIgniter.php(918): App\Controllers\Planning\Project_me_plan->add_outcome_indicator('1', '')
#8 E:\www\FAWE\system\CodeIgniter.php(404): CodeIgniter\CodeIgniter->runController(Object(App\Controllers\Planning\Project_me_plan))
#9 E:\www\FAWE\system\CodeIgniter.php(312): CodeIgniter\CodeIgniter->handleRequest(NULL, Object(Config\Cache), false)
#10 E:\www\FAWE\index.php(45): CodeIgniter\CodeIgniter->run()
#11 {main}
CRITICAL - 2021-06-18 05:57:06 --> Return value of set_value() must be of the type string, array returned
#0 E:\www\FAWE\app\Views\office\planning\project_data\project_me_plan\add_outcome_indicator.php(148): set_value('annul_target')
#1 E:\www\FAWE\system\View\View.php(246): include('E:\\www\\FAWE\\ap...')
#2 E:\www\FAWE\system\Common.php(1119): CodeIgniter\View\View->render('office/planning...', Array, true)
#3 E:\www\FAWE\app\Views\template\index.php(14): view('office/planning...')
#4 E:\www\FAWE\system\View\View.php(246): include('E:\\www\\FAWE\\ap...')
#5 E:\www\FAWE\system\Common.php(1119): CodeIgniter\View\View->render('template/index', Array, true)
#6 E:\www\FAWE\app\Controllers\Planning\Project_me_plan.php(961): view('template/index', Array)
#7 E:\www\FAWE\system\CodeIgniter.php(918): App\Controllers\Planning\Project_me_plan->add_outcome_indicator('1', '')
#8 E:\www\FAWE\system\CodeIgniter.php(404): CodeIgniter\CodeIgniter->runController(Object(App\Controllers\Planning\Project_me_plan))
#9 E:\www\FAWE\system\CodeIgniter.php(312): CodeIgniter\CodeIgniter->handleRequest(NULL, Object(Config\Cache), false)
#10 E:\www\FAWE\index.php(45): CodeIgniter\CodeIgniter->run()
#11 {main}
CRITICAL - 2021-06-18 05:57:47 --> Return value of set_value() must be of the type string, array returned
#0 E:\www\FAWE\app\Views\office\planning\project_data\project_me_plan\add_outcome_indicator.php(148): set_value('annul_target')
#1 E:\www\FAWE\system\View\View.php(246): include('E:\\www\\FAWE\\ap...')
#2 E:\www\FAWE\system\Common.php(1119): CodeIgniter\View\View->render('office/planning...', Array, true)
#3 E:\www\FAWE\app\Views\template\index.php(14): view('office/planning...')
#4 E:\www\FAWE\system\View\View.php(246): include('E:\\www\\FAWE\\ap...')
#5 E:\www\FAWE\system\Common.php(1119): CodeIgniter\View\View->render('template/index', Array, true)
#6 E:\www\FAWE\app\Controllers\Planning\Project_me_plan.php(961): view('template/index', Array)
#7 E:\www\FAWE\system\CodeIgniter.php(918): App\Controllers\Planning\Project_me_plan->add_outcome_indicator('1', '')
#8 E:\www\FAWE\system\CodeIgniter.php(404): CodeIgniter\CodeIgniter->runController(Object(App\Controllers\Planning\Project_me_plan))
#9 E:\www\FAWE\system\CodeIgniter.php(312): CodeIgniter\CodeIgniter->handleRequest(NULL, Object(Config\Cache), false)
#10 E:\www\FAWE\index.php(45): CodeIgniter\CodeIgniter->run()
#11 {main}
CRITICAL - 2021-06-18 06:03:26 --> Undefined variable: goal_data
#0 E:\www\FAWE\app\Views\office\planning\project_data\project_me_plan\add_output.php(73): CodeIgniter\Debug\Exceptions->errorHandler(8, 'Undefined varia...', 'E:\\www\\FAWE\\ap...', 73, Array)
#1 E:\www\FAWE\system\View\View.php(246): include('E:\\www\\FAWE\\ap...')
#2 E:\www\FAWE\system\Common.php(1119): CodeIgniter\View\View->render('office/planning...', Array, true)
#3 E:\www\FAWE\app\Views\template\index.php(14): view('office/planning...')
#4 E:\www\FAWE\system\View\View.php(246): include('E:\\www\\FAWE\\ap...')
#5 E:\www\FAWE\system\Common.php(1119): CodeIgniter\View\View->render('template/index', Array, true)
#6 E:\www\FAWE\app\Controllers\Planning\Project_me_plan.php(1148): view('template/index', Array)
#7 E:\www\FAWE\system\CodeIgniter.php(918): App\Controllers\Planning\Project_me_plan->add_output('1', '')
#8 E:\www\FAWE\system\CodeIgniter.php(404): CodeIgniter\CodeIgniter->runController(Object(App\Controllers\Planning\Project_me_plan))
#9 E:\www\FAWE\system\CodeIgniter.php(312): CodeIgniter\CodeIgniter->handleRequest(NULL, Object(Config\Cache), false)
#10 E:\www\FAWE\index.php(45): CodeIgniter\CodeIgniter->run()
#11 {main}
CRITICAL - 2021-06-18 06:03:26 --> Undefined variable: goal_data
#0 E:\www\FAWE\app\Views\office\planning\project_data\project_me_plan\add_output.php(73): CodeIgniter\Debug\Exceptions->errorHandler(8, 'Undefined varia...', 'E:\\www\\FAWE\\ap...', 73, Array)
#1 E:\www\FAWE\system\View\View.php(246): include('E:\\www\\FAWE\\ap...')
#2 E:\www\FAWE\system\Common.php(1119): CodeIgniter\View\View->render('office/planning...', Array, true)
#3 E:\www\FAWE\app\Views\template\index.php(14): view('office/planning...')
#4 E:\www\FAWE\system\View\View.php(246): include('E:\\www\\FAWE\\ap...')
#5 E:\www\FAWE\system\Common.php(1119): CodeIgniter\View\View->render('template/index', Array, true)
#6 E:\www\FAWE\app\Controllers\Planning\Project_me_plan.php(1148): view('template/index', Array)
#7 E:\www\FAWE\system\CodeIgniter.php(918): App\Controllers\Planning\Project_me_plan->add_output('1', '')
#8 E:\www\FAWE\system\CodeIgniter.php(404): CodeIgniter\CodeIgniter->runController(Object(App\Controllers\Planning\Project_me_plan))
#9 E:\www\FAWE\system\CodeIgniter.php(312): CodeIgniter\CodeIgniter->handleRequest(NULL, Object(Config\Cache), false)
#10 E:\www\FAWE\index.php(45): CodeIgniter\CodeIgniter->run()
#11 {main}
CRITICAL - 2021-06-18 06:07:02 --> Undefined variable: goal_data
#0 E:\www\FAWE\app\Views\office\planning\project_data\project_me_plan\add_output.php(73): CodeIgniter\Debug\Exceptions->errorHandler(8, 'Undefined varia...', 'E:\\www\\FAWE\\ap...', 73, Array)
#1 E:\www\FAWE\system\View\View.php(246): include('E:\\www\\FAWE\\ap...')
#2 E:\www\FAWE\system\Common.php(1119): CodeIgniter\View\View->render('office/planning...', Array, true)
#3 E:\www\FAWE\app\Views\template\index.php(14): view('office/planning...')
#4 E:\www\FAWE\system\View\View.php(246): include('E:\\www\\FAWE\\ap...')
#5 E:\www\FAWE\system\Common.php(1119): CodeIgniter\View\View->render('template/index', Array, true)
#6 E:\www\FAWE\app\Controllers\Planning\Project_me_plan.php(1148): view('template/index', Array)
#7 E:\www\FAWE\system\CodeIgniter.php(918): App\Controllers\Planning\Project_me_plan->add_output('1', '')
#8 E:\www\FAWE\system\CodeIgniter.php(404): CodeIgniter\CodeIgniter->runController(Object(App\Controllers\Planning\Project_me_plan))
#9 E:\www\FAWE\system\CodeIgniter.php(312): CodeIgniter\CodeIgniter->handleRequest(NULL, Object(Config\Cache), false)
#10 E:\www\FAWE\index.php(45): CodeIgniter\CodeIgniter->run()
#11 {main}
CRITICAL - 2021-06-18 06:07:02 --> Undefined variable: goal_data
#0 E:\www\FAWE\app\Views\office\planning\project_data\project_me_plan\add_output.php(73): CodeIgniter\Debug\Exceptions->errorHandler(8, 'Undefined varia...', 'E:\\www\\FAWE\\ap...', 73, Array)
#1 E:\www\FAWE\system\View\View.php(246): include('E:\\www\\FAWE\\ap...')
#2 E:\www\FAWE\system\Common.php(1119): CodeIgniter\View\View->render('office/planning...', Array, true)
#3 E:\www\FAWE\app\Views\template\index.php(14): view('office/planning...')
#4 E:\www\FAWE\system\View\View.php(246): include('E:\\www\\FAWE\\ap...')
#5 E:\www\FAWE\system\Common.php(1119): CodeIgniter\View\View->render('template/index', Array, true)
#6 E:\www\FAWE\app\Controllers\Planning\Project_me_plan.php(1148): view('template/index', Array)
#7 E:\www\FAWE\system\CodeIgniter.php(918): App\Controllers\Planning\Project_me_plan->add_output('1', '')
#8 E:\www\FAWE\system\CodeIgniter.php(404): CodeIgniter\CodeIgniter->runController(Object(App\Controllers\Planning\Project_me_plan))
#9 E:\www\FAWE\system\CodeIgniter.php(312): CodeIgniter\CodeIgniter->handleRequest(NULL, Object(Config\Cache), false)
#10 E:\www\FAWE\index.php(45): CodeIgniter\CodeIgniter->run()
#11 {main}
CRITICAL - 2021-06-18 06:20:06 --> Undefined variable: outcome_id
#0 E:\www\FAWE\app\Controllers\Planning\Project_me_plan.php(1284): CodeIgniter\Debug\Exceptions->errorHandler(8, 'Undefined varia...', 'E:\\www\\FAWE\\ap...', 1284, Array)
#1 E:\www\FAWE\system\CodeIgniter.php(918): App\Controllers\Planning\Project_me_plan->add_output_indicator('1', '')
#2 E:\www\FAWE\system\CodeIgniter.php(404): CodeIgniter\CodeIgniter->runController(Object(App\Controllers\Planning\Project_me_plan))
#3 E:\www\FAWE\system\CodeIgniter.php(312): CodeIgniter\CodeIgniter->handleRequest(NULL, Object(Config\Cache), false)
#4 E:\www\FAWE\index.php(45): CodeIgniter\CodeIgniter->run()
#5 {main}
CRITICAL - 2021-06-18 06:22:17 --> Undefined offset: 2023
#0 E:\www\FAWE\app\Views\office\planning\project_data\project_me_plan\edit_output_indicator.php(197): CodeIgniter\Debug\Exceptions->errorHandler(8, 'Undefined offse...', 'E:\\www\\FAWE\\ap...', 197, Array)
#1 E:\www\FAWE\system\View\View.php(246): include('E:\\www\\FAWE\\ap...')
#2 E:\www\FAWE\system\Common.php(1119): CodeIgniter\View\View->render('office/planning...', Array, true)
#3 E:\www\FAWE\app\Views\template\index.php(14): view('office/planning...')
#4 E:\www\FAWE\system\View\View.php(246): include('E:\\www\\FAWE\\ap...')
#5 E:\www\FAWE\system\Common.php(1119): CodeIgniter\View\View->render('template/index', Array, true)
#6 E:\www\FAWE\app\Controllers\Planning\Project_me_plan.php(1437): view('template/index', Array)
#7 E:\www\FAWE\system\CodeIgniter.php(918): App\Controllers\Planning\Project_me_plan->edit_output_indicator('1', '')
#8 E:\www\FAWE\system\CodeIgniter.php(404): CodeIgniter\CodeIgniter->runController(Object(App\Controllers\Planning\Project_me_plan))
#9 E:\www\FAWE\system\CodeIgniter.php(312): CodeIgniter\CodeIgniter->handleRequest(NULL, Object(Config\Cache), false)
#10 E:\www\FAWE\index.php(45): CodeIgniter\CodeIgniter->run()
#11 {main}
CRITICAL - 2021-06-18 06:22:17 --> Undefined offset: 2023
#0 E:\www\FAWE\app\Views\office\planning\project_data\project_me_plan\edit_output_indicator.php(197): CodeIgniter\Debug\Exceptions->errorHandler(8, 'Undefined offse...', 'E:\\www\\FAWE\\ap...', 197, Array)
#1 E:\www\FAWE\system\View\View.php(246): include('E:\\www\\FAWE\\ap...')
#2 E:\www\FAWE\system\Common.php(1119): CodeIgniter\View\View->render('office/planning...', Array, true)
#3 E:\www\FAWE\app\Views\template\index.php(14): view('office/planning...')
#4 E:\www\FAWE\system\View\View.php(246): include('E:\\www\\FAWE\\ap...')
#5 E:\www\FAWE\system\Common.php(1119): CodeIgniter\View\View->render('template/index', Array, true)
#6 E:\www\FAWE\app\Controllers\Planning\Project_me_plan.php(1437): view('template/index', Array)
#7 E:\www\FAWE\system\CodeIgniter.php(918): App\Controllers\Planning\Project_me_plan->edit_output_indicator('1', '')
#8 E:\www\FAWE\system\CodeIgniter.php(404): CodeIgniter\CodeIgniter->runController(Object(App\Controllers\Planning\Project_me_plan))
#9 E:\www\FAWE\system\CodeIgniter.php(312): CodeIgniter\CodeIgniter->handleRequest(NULL, Object(Config\Cache), false)
#10 E:\www\FAWE\index.php(45): CodeIgniter\CodeIgniter->run()
#11 {main}
CRITICAL - 2021-06-18 06:23:00 --> Undefined offset: 2023
#0 E:\www\FAWE\app\Views\office\planning\project_data\project_me_plan\edit_output_indicator.php(197): CodeIgniter\Debug\Exceptions->errorHandler(8, 'Undefined offse...', 'E:\\www\\FAWE\\ap...', 197, Array)
#1 E:\www\FAWE\system\View\View.php(246): include('E:\\www\\FAWE\\ap...')
#2 E:\www\FAWE\system\Common.php(1119): CodeIgniter\View\View->render('office/planning...', Array, true)
#3 E:\www\FAWE\app\Views\template\index.php(14): view('office/planning...')
#4 E:\www\FAWE\system\View\View.php(246): include('E:\\www\\FAWE\\ap...')
#5 E:\www\FAWE\system\Common.php(1119): CodeIgniter\View\View->render('template/index', Array, true)
#6 E:\www\FAWE\app\Controllers\Planning\Project_me_plan.php(1437): view('template/index', Array)
#7 E:\www\FAWE\system\CodeIgniter.php(918): App\Controllers\Planning\Project_me_plan->edit_output_indicator('1', '')
#8 E:\www\FAWE\system\CodeIgniter.php(404): CodeIgniter\CodeIgniter->runController(Object(App\Controllers\Planning\Project_me_plan))
#9 E:\www\FAWE\system\CodeIgniter.php(312): CodeIgniter\CodeIgniter->handleRequest(NULL, Object(Config\Cache), false)
#10 E:\www\FAWE\index.php(45): CodeIgniter\CodeIgniter->run()
#11 {main}
CRITICAL - 2021-06-18 06:23:00 --> Undefined offset: 2023
#0 E:\www\FAWE\app\Views\office\planning\project_data\project_me_plan\edit_output_indicator.php(197): CodeIgniter\Debug\Exceptions->errorHandler(8, 'Undefined offse...', 'E:\\www\\FAWE\\ap...', 197, Array)
#1 E:\www\FAWE\system\View\View.php(246): include('E:\\www\\FAWE\\ap...')
#2 E:\www\FAWE\system\Common.php(1119): CodeIgniter\View\View->render('office/planning...', Array, true)
#3 E:\www\FAWE\app\Views\template\index.php(14): view('office/planning...')
#4 E:\www\FAWE\system\View\View.php(246): include('E:\\www\\FAWE\\ap...')
#5 E:\www\FAWE\system\Common.php(1119): CodeIgniter\View\View->render('template/index', Array, true)
#6 E:\www\FAWE\app\Controllers\Planning\Project_me_plan.php(1437): view('template/index', Array)
#7 E:\www\FAWE\system\CodeIgniter.php(918): App\Controllers\Planning\Project_me_plan->edit_output_indicator('1', '')
#8 E:\www\FAWE\system\CodeIgniter.php(404): CodeIgniter\CodeIgniter->runController(Object(App\Controllers\Planning\Project_me_plan))
#9 E:\www\FAWE\system\CodeIgniter.php(312): CodeIgniter\CodeIgniter->handleRequest(NULL, Object(Config\Cache), false)
#10 E:\www\FAWE\index.php(45): CodeIgniter\CodeIgniter->run()
#11 {main}
CRITICAL - 2021-06-18 06:24:20 --> Undefined variable: output_data
#0 E:\www\FAWE\app\Views\office\planning\project_data\project_me_plan\edit_output_indicator.php(80): CodeIgniter\Debug\Exceptions->errorHandler(8, 'Undefined varia...', 'E:\\www\\FAWE\\ap...', 80, Array)
#1 E:\www\FAWE\system\View\View.php(246): include('E:\\www\\FAWE\\ap...')
#2 E:\www\FAWE\system\Common.php(1119): CodeIgniter\View\View->render('office/planning...', Array, true)
#3 E:\www\FAWE\app\Views\template\index.php(14): view('office/planning...')
#4 E:\www\FAWE\system\View\View.php(246): include('E:\\www\\FAWE\\ap...')
#5 E:\www\FAWE\system\Common.php(1119): CodeIgniter\View\View->render('template/index', Array, true)
#6 E:\www\FAWE\app\Controllers\Planning\Project_me_plan.php(1437): view('template/index', Array)
#7 E:\www\FAWE\system\CodeIgniter.php(918): App\Controllers\Planning\Project_me_plan->edit_output_indicator('1', '')
#8 E:\www\FAWE\system\CodeIgniter.php(404): CodeIgniter\CodeIgniter->runController(Object(App\Controllers\Planning\Project_me_plan))
#9 E:\www\FAWE\system\CodeIgniter.php(312): CodeIgniter\CodeIgniter->handleRequest(NULL, Object(Config\Cache), false)
#10 E:\www\FAWE\index.php(45): CodeIgniter\CodeIgniter->run()
#11 {main}
CRITICAL - 2021-06-18 06:24:20 --> Undefined variable: output_data
#0 E:\www\FAWE\app\Views\office\planning\project_data\project_me_plan\edit_output_indicator.php(80): CodeIgniter\Debug\Exceptions->errorHandler(8, 'Undefined varia...', 'E:\\www\\FAWE\\ap...', 80, Array)
#1 E:\www\FAWE\system\View\View.php(246): include('E:\\www\\FAWE\\ap...')
#2 E:\www\FAWE\system\Common.php(1119): CodeIgniter\View\View->render('office/planning...', Array, true)
#3 E:\www\FAWE\app\Views\template\index.php(14): view('office/planning...')
#4 E:\www\FAWE\system\View\View.php(246): include('E:\\www\\FAWE\\ap...')
#5 E:\www\FAWE\system\Common.php(1119): CodeIgniter\View\View->render('template/index', Array, true)
#6 E:\www\FAWE\app\Controllers\Planning\Project_me_plan.php(1437): view('template/index', Array)
#7 E:\www\FAWE\system\CodeIgniter.php(918): App\Controllers\Planning\Project_me_plan->edit_output_indicator('1', '')
#8 E:\www\FAWE\system\CodeIgniter.php(404): CodeIgniter\CodeIgniter->runController(Object(App\Controllers\Planning\Project_me_plan))
#9 E:\www\FAWE\system\CodeIgniter.php(312): CodeIgniter\CodeIgniter->handleRequest(NULL, Object(Config\Cache), false)
#10 E:\www\FAWE\index.php(45): CodeIgniter\CodeIgniter->run()
#11 {main}
CRITICAL - 2021-06-18 06:56:31 --> Class 'App\Controllers\Planning\Project_implementation_planModel' not found
#0 E:\www\FAWE\system\CodeIgniter.php(918): App\Controllers\Planning\Project_me_plan->add_activity('1', '')
#1 E:\www\FAWE\system\CodeIgniter.php(404): CodeIgniter\CodeIgniter->runController(Object(App\Controllers\Planning\Project_me_plan))
#2 E:\www\FAWE\system\CodeIgniter.php(312): CodeIgniter\CodeIgniter->handleRequest(NULL, Object(Config\Cache), false)
#3 E:\www\FAWE\index.php(45): CodeIgniter\CodeIgniter->run()
#4 {main}
CRITICAL - 2021-06-18 06:57:20 --> Undefined index: year
#0 E:\www\FAWE\app\Views\office\planning\project_data\project_me_plan\add_activity.php(38): CodeIgniter\Debug\Exceptions->errorHandler(8, 'Undefined index...', 'E:\\www\\FAWE\\ap...', 38, Array)
#1 E:\www\FAWE\system\View\View.php(246): include('E:\\www\\FAWE\\ap...')
#2 E:\www\FAWE\system\Common.php(1119): CodeIgniter\View\View->render('office/planning...', Array, true)
#3 E:\www\FAWE\app\Views\template\index.php(14): view('office/planning...')
#4 E:\www\FAWE\system\View\View.php(246): include('E:\\www\\FAWE\\ap...')
#5 E:\www\FAWE\system\Common.php(1119): CodeIgniter\View\View->render('template/index', Array, true)
#6 E:\www\FAWE\app\Controllers\Planning\Project_me_plan.php(1544): view('template/index', Array)
#7 E:\www\FAWE\system\CodeIgniter.php(918): App\Controllers\Planning\Project_me_plan->add_activity('1', '')
#8 E:\www\FAWE\system\CodeIgniter.php(404): CodeIgniter\CodeIgniter->runController(Object(App\Controllers\Planning\Project_me_plan))
#9 E:\www\FAWE\system\CodeIgniter.php(312): CodeIgniter\CodeIgniter->handleRequest(NULL, Object(Config\Cache), false)
#10 E:\www\FAWE\index.php(45): CodeIgniter\CodeIgniter->run()
#11 {main}
CRITICAL - 2021-06-18 06:57:20 --> Undefined index: year
#0 E:\www\FAWE\app\Views\office\planning\project_data\project_me_plan\add_activity.php(38): CodeIgniter\Debug\Exceptions->errorHandler(8, 'Undefined index...', 'E:\\www\\FAWE\\ap...', 38, Array)
#1 E:\www\FAWE\system\View\View.php(246): include('E:\\www\\FAWE\\ap...')
#2 E:\www\FAWE\system\Common.php(1119): CodeIgniter\View\View->render('office/planning...', Array, true)
#3 E:\www\FAWE\app\Views\template\index.php(14): view('office/planning...')
#4 E:\www\FAWE\system\View\View.php(246): include('E:\\www\\FAWE\\ap...')
#5 E:\www\FAWE\system\Common.php(1119): CodeIgniter\View\View->render('template/index', Array, true)
#6 E:\www\FAWE\app\Controllers\Planning\Project_me_plan.php(1544): view('template/index', Array)
#7 E:\www\FAWE\system\CodeIgniter.php(918): App\Controllers\Planning\Project_me_plan->add_activity('1', '')
#8 E:\www\FAWE\system\CodeIgniter.php(404): CodeIgniter\CodeIgniter->runController(Object(App\Controllers\Planning\Project_me_plan))
#9 E:\www\FAWE\system\CodeIgniter.php(312): CodeIgniter\CodeIgniter->handleRequest(NULL, Object(Config\Cache), false)
#10 E:\www\FAWE\index.php(45): CodeIgniter\CodeIgniter->run()
#11 {main}
CRITICAL - 2021-06-18 06:58:28 --> syntax error, unexpected '?>
'FAWE
#0 E:\www\FAWE\system\Common.php(1119): CodeIgniter\View\View->render('office/planning...', Array, true)
#1 E:\www\FAWE\app\Views\template\index.php(14): view('officFAWEnning...')
#2 E:\www\FAWE\system\View\View.php(246): include('E:\\www\\creaw\\ap...')
#3 E:\www\FAWE\system\Common.php(1119): CodeIgniter\View\View->render('template/index', Array, true)
#4 E:\www\FAWE\app\Controllers\Planning\Project_me_plan.php(1544): view('template/index', Array)
#5 E:\www\FAWE\system\CodeIgniter.php(918): App\Controllers\Planning\Project_me_plan->add_activity('1', '')
#6 E:\www\FAWE\system\CodeIgniter.php(404): CodeIgniter\CodeIgniter->runController(Object(App\Controllers\Planning\Project_me_plan))
#7 E:\www\FAWE\system\CodeIgniter.php(312): CodeIgniter\CodeIgniter->handleRequest(NULL, Object(Config\Cache), false)
#8 E:\www\creaw\index.php(45): CodeIgniter\CodeIgniter->run()
#9 {main}
CRITICAL -FAWE-06-18 06:58:28 --> syntax error, unexpected '?>
'FAWE
#0 E:\www\FAWE\system\Common.php(1119): CodeIgniter\View\VieFAWEnder('office/planning...', Array, true)
#1 E:\www\FAWE\app\Views\template\index.php(14): view('office/planning...')
#2 E:\www\FAWE\system\View\View.php(246): include('E:\\www\\creaw\\ap...')
#3 E:\www\FAWE\system\Common.php(1119): CodeIgniter\View\View->render('template/index', Array, true)
#4 E:\www\FAWE\app\Controllers\Planning\Project_me_plan.php(1544): view('template/index', Array)
#5 E:\www\FAWE\system\CodeIgniter.php(918): App\Controllers\Planning\Project_me_plan->add_activity('1', '')
#6 E:\www\FAWE\system\CodeIgniter.php(404): CodeIgniter\CodeIgniter->runController(Object(App\Controllers\Planning\Project_me_plan))
#7 E:\www\creaw\system\CodeIgniter.php(312): CodeIgniter\CodeIgniter->handleRequest(NULL, Object(Config\Cache), false)
#8 E:\www\creaw\index.php(45): CodeIgniter\CodeIgniter->run()
#9 {main}FAWEFAWE
CRITICAL -FAWE-06-18 08:15:53 --> Undefined variable: row_ouFAWE
#0 E:\www\FAWE\app\Views\office\planning\project_data\project_me_plan\add.php(96): CodeIgniter\Debug\Exceptions->errorHandler(8, 'Undefined varia...', 'E:\\www\\creaw\\ap...', 96, Array)
#1 E:\www\FAWE\system\View\View.php(246): include('E:\\www\\creaw\\ap...')
#2 E:\www\FAWE\system\Common.php(1119): CodeIgniter\View\VieFAWEnder('office/planning...', Array, true)
#3 E:\www\FAWE\app\Views\template\index.php(14): view('office/planning...')
#4 E:\www\FAWE\system\View\View.php(246): include('E:\\www\\creaw\\ap...')
#5 E:\www\FAWE\system\Common.php(1119): CodeIgniter\View\View->render('template/index', Array, true)
#6 E:\www\FAWE\app\Controllers\Planning\Project_me_plan.php(181): view('template/index', Array)
#7 E:\www\FAWE\system\CodeIgniter.php(918): App\Controllers\Planning\Project_me_plan->add('1')
#8 E:\www\cFAWEsystem\CodeIgniter.php(404): CodeIgniter\CodeIgniter->runController(Object(App\Controllers\Planning\Project_me_plan))
#9 E:\www\creaw\system\CodeIgniter.php(312): CodeIgniter\CodeIgniter->handleRequest(NULL, Object(Config\Cache), false)
#10 E:\www\creaw\index.php(45): CodeIgniter\CodeIgniter->run()
#11 {main}FAWEFAWE
CRITICAL -FAWE-06-18 08:15:54 --> Undefined variable: row_ouFAWE
#0 E:\www\FAWE\app\Views\office\planning\project_data\project_me_plan\add.php(96): CodeIgniter\Debug\Exceptions->errorHandler(8, 'Undefined varia...', 'E:\\www\\creaw\\ap...', 96, Array)
#1 E:\www\FAWE\system\View\View.php(246): include('E:\\www\\creaw\\ap...')
#2 E:\www\FAWE\system\Common.php(1119): CodeIgniter\View\VieFAWEnder('office/planning...', Array, true)
#3 E:\www\FAWE\app\Views\template\index.php(14): view('office/planning...')
#4 E:\www\FAWE\system\View\View.php(246): include('E:\\www\\creaw\\ap...')
#5 E:\www\FAWE\system\Common.php(1119): CodeIgniter\View\View->render('template/index', Array, true)
#6 E:\www\FAWE\app\Controllers\Planning\Project_me_plan.php(181): view('template/index', Array)
#7 E:\www\FAWE\system\CodeIgniter.php(918): App\Controllers\Planning\Project_me_plan->add('1')
#8 E:\www\cFAWEsystem\CodeIgniter.php(404): CodeIgniter\CodeIgniter->runController(Object(App\Controllers\Planning\Project_me_plan))
#9 E:\www\creaw\system\CodeIgniter.php(312): CodeIgniter\CodeIgniter->handleRequest(NULL, Object(Config\Cache), false)
#10 E:\www\creaw\index.php(45): CodeIgniter\CodeIgniter->run()
#11 {main}FAWEFAWE
CRITICAL -FAWE-06-18 08:16:15 --> Undefined variable: row_ouFAWE
#0 E:\www\FAWE\app\Views\office\planning\project_data\project_me_plan\add.php(102): CodeIgniter\Debug\Exceptions->errorHandler(8, 'Undefined varia...', 'E:\\www\\creaw\\ap...', 102, Array)
#1 E:\www\FAWE\system\View\View.php(246): include('E:\\www\\creaw\\ap...')
#2 E:\www\FAWE\system\Common.php(1119): CodeIgniter\View\VieFAWEnder('office/planning...', Array, true)
#3 E:\www\FAWE\app\Views\template\index.php(14): view('office/planning...')
#4 E:\www\FAWE\system\View\View.php(246): include('E:\\www\\creaw\\ap...')
#5 E:\www\FAWE\system\Common.php(1119): CodeIgniter\View\View->render('template/index', Array, true)
#6 E:\www\FAWE\app\Controllers\Planning\Project_me_plan.php(181): view('template/index', Array)
#7 E:\www\FAWE\system\CodeIgniter.php(918): App\Controllers\Planning\Project_me_plan->add('1')
#8 E:\www\cFAWEsystem\CodeIgniter.php(404): CodeIgniter\CodeIgniter->runController(Object(App\Controllers\Planning\Project_me_plan))
#9 E:\www\creaw\system\CodeIgniter.php(312): CodeIgniter\CodeIgniter->handleRequest(NULL, Object(Config\Cache), false)
#10 E:\www\creaw\index.php(45): CodeIgniter\CodeIgniter->run()
#11 {main}FAWEFAWE
CRITICAL -FAWE-06-18 08:16:15 --> Undefined variable: row_ouFAWE
#0 E:\www\FAWE\app\Views\office\planning\project_data\project_me_plan\add.php(102): CodeIgniter\Debug\Exceptions->errorHandler(8, 'Undefined varia...', 'E:\\www\\creaw\\ap...', 102, Array)
#1 E:\www\FAWE\system\View\View.php(246): include('E:\\www\\creaw\\ap...')
#2 E:\www\FAWE\system\Common.php(1119): CodeIgniter\View\VieFAWEnder('office/planning...', Array, true)
#3 E:\www\FAWE\app\Views\template\index.php(14): view('office/planning...')
#4 E:\www\FAWE\system\View\View.php(246): include('E:\\www\\creaw\\ap...')
#5 E:\www\FAWE\system\Common.php(1119): CodeIgniter\View\View->render('template/index', Array, true)
#6 E:\www\FAWE\app\Controllers\Planning\Project_me_plan.php(181): view('template/index', Array)
#7 E:\www\FAWE\system\CodeIgniter.php(918): App\Controllers\Planning\Project_me_plan->add('1')
#8 E:\www\cFAWEsystem\CodeIgniter.php(404): CodeIgniter\CodeIgniter->runController(Object(App\Controllers\Planning\Project_me_plan))
#9 E:\www\creaw\system\CodeIgniter.php(312): CodeIgniter\CodeIgniter->handleRequest(NULL, Object(Config\Cache), false)
#10 E:\www\creaw\index.php(45): CodeIgniter\CodeIgniter->run()
#11 {main}FAWEFAWE
CRITICAL -FAWE-06-18 08:20:19 --> Undefined variable: row_ouFAWE
#0 E:\www\FAWE\app\Views\office\planning\project_data\project_me_plan\add.php(102): CodeIgniter\Debug\Exceptions->errorHandler(8, 'Undefined varia...', 'E:\\www\\creaw\\ap...', 102, Array)
#1 E:\www\FAWE\system\View\View.php(246): include('E:\\www\\creaw\\ap...')
#2 E:\www\FAWE\system\Common.php(1119): CodeIgniter\View\VieFAWEnder('office/planning...', Array, true)
#3 E:\www\FAWE\app\Views\template\index.php(14): view('office/planning...')
#4 E:\www\FAWE\system\View\View.php(246): include('E:\\www\\creaw\\ap...')
#5 E:\www\FAWE\system\Common.php(1119): CodeIgniter\View\View->render('template/index', Array, true)
#6 E:\www\FAWE\app\Controllers\Planning\Project_me_plan.php(181): view('template/index', Array)
#7 E:\www\FAWE\system\CodeIgniter.php(918): App\Controllers\Planning\Project_me_plan->add('1')
#8 E:\www\cFAWEsystem\CodeIgniter.php(404): CodeIgniter\CodeIgniter->runController(Object(App\Controllers\Planning\Project_me_plan))
#9 E:\www\creaw\system\CodeIgniter.php(312): CodeIgniter\CodeIgniter->handleRequest(NULL, Object(Config\Cache), false)
#10 E:\www\creaw\index.php(45): CodeIgniter\CodeIgniter->run()
#11 {main}FAWEFAWE
CRITICAL -FAWE-06-18 08:20:19 --> Undefined variable: row_ouFAWE
#0 E:\www\FAWE\app\Views\office\planning\project_data\project_me_plan\add.php(102): CodeIgniter\Debug\Exceptions->errorHandler(8, 'Undefined varia...', 'E:\\www\\creaw\\ap...', 102, Array)
#1 E:\www\FAWE\system\View\View.php(246): include('E:\\www\\creaw\\ap...')
#2 E:\www\FAWE\system\Common.php(1119): CodeIgniter\View\VieFAWEnder('office/planning...', Array, true)
#3 E:\www\FAWE\app\Views\template\index.php(14): view('office/planning...')
#4 E:\www\FAWE\system\View\View.php(246): include('E:\\www\\creaw\\ap...')
#5 E:\www\FAWE\system\Common.php(1119): CodeIgniter\View\View->render('template/index', Array, true)
#6 E:\www\FAWE\app\Controllers\Planning\Project_me_plan.php(181): view('template/index', Array)
#7 E:\www\FAWE\system\CodeIgniter.php(918): App\Controllers\Planning\Project_me_plan->add('1')
#8 E:\www\cFAWEsystem\CodeIgniter.php(404): CodeIgniter\CodeIgniter->runController(Object(App\Controllers\Planning\Project_me_plan))
#9 E:\www\creaw\system\CodeIgniter.php(312): CodeIgniter\CodeIgniter->handleRequest(NULL, Object(Config\Cache), false)
#10 E:\www\creaw\index.php(45): CodeIgniter\CodeIgniter->run()
#11 {main}FAWEFAWE
CRITICAL -FAWE-06-18 08:21:27 --> Undefined variable: row_ouFAWE
#0 E:\www\FAWE\app\Views\office\planning\project_data\project_me_plan\add.php(102): CodeIgniter\Debug\Exceptions->errorHandler(8, 'Undefined varia...', 'E:\\www\\creaw\\ap...', 102, Array)
#1 E:\www\FAWE\system\View\View.php(246): include('E:\\www\\creaw\\ap...')
#2 E:\www\FAWE\system\Common.php(1119): CodeIgniter\View\VieFAWEnder('office/planning...', Array, true)
#3 E:\www\FAWE\app\Views\template\index.php(14): view('office/planning...')
#4 E:\www\FAWE\system\View\View.php(246): include('E:\\www\\creaw\\ap...')
#5 E:\www\FAWE\system\Common.php(1119): CodeIgniter\View\View->render('template/index', Array, true)
#6 E:\www\FAWE\app\Controllers\Planning\Project_me_plan.php(181): view('template/index', Array)
#7 E:\www\FAWE\system\CodeIgniter.php(918): App\Controllers\Planning\Project_me_plan->add('1')
#8 E:\www\cFAWEsystem\CodeIgniter.php(404): CodeIgniter\CodeIgniter->runController(Object(App\Controllers\Planning\Project_me_plan))
#9 E:\www\creaw\system\CodeIgniter.php(312): CodeIgniter\CodeIgniter->handleRequest(NULL, Object(Config\Cache), false)
#10 E:\www\creaw\index.php(45): CodeIgniter\CodeIgniter->run()
#11 {main}FAWEFAWE
CRITICAL -FAWE-06-18 08:21:27 --> Undefined variable: row_ouFAWE
#0 E:\www\FAWE\app\Views\office\planning\project_data\project_me_plan\add.php(102): CodeIgniter\Debug\Exceptions->errorHandler(8, 'Undefined varia...', 'E:\\www\\creaw\\ap...', 102, Array)
#1 E:\www\FAWE\system\View\View.php(246): include('E:\\www\\creaw\\ap...')
#2 E:\www\FAWE\system\Common.php(1119): CodeIgniter\View\VieFAWEnder('office/planning...', Array, true)
#3 E:\www\FAWE\app\Views\template\index.php(14): view('office/planning...')
#4 E:\www\FAWE\system\View\View.php(246): include('E:\\www\\creaw\\ap...')
#5 E:\www\FAWE\system\Common.php(1119): CodeIgniter\View\View->render('template/index', Array, true)
#6 E:\www\FAWE\app\Controllers\Planning\Project_me_plan.php(181): view('template/index', Array)
#7 E:\www\FAWE\system\CodeIgniter.php(918): App\Controllers\Planning\Project_me_plan->add('1')
#8 E:\www\cFAWEsystem\CodeIgniter.php(404): CodeIgniter\CodeIgniter->runController(Object(App\Controllers\Planning\Project_me_plan))
#9 E:\www\creaw\system\CodeIgniter.php(312): CodeIgniter\CodeIgniter->handleRequest(NULL, Object(Config\Cache), false)
#10 E:\www\creaw\index.php(45): CodeIgniter\CodeIgniter->run()
#11 {main}FAWE
CRITICAL -FAWE-06-18 08:27:32 --> Unknown column 'goal_id' in 'where clause'
#0 E:\www\FAWE\system\Database\MySQLi\Connection.php(331): mysqli->query('select * from p...')
#1 E:\www\FAWE\system\Database\BaseConnection.php(741): CodeIgniter\Database\MySQLi\Connection->execute('select * from p...')
#2 E:\www\FAWE\system\Database\BaseConnection.php(669): CodeFAWEer\Database\BaseConnection->simpleQuery('select * from p...')
#3 E:\www\FAWE\app\Views\office\planning\project_data\project_me_plan\add.php(140): CodeIgniter\Database\BaseConnection->query('select * from p...')
#4 E:\www\FAWE\system\View\View.php(246): include('E:\\www\\creaw\\ap...')
#5 E:\www\FAWE\system\Common.php(1119): CodeIgniter\View\VieFAWEnder('office/planning...', Array, true)
#6 E:\www\FAWE\app\Views\template\index.php(14): view('office/planning...')
#7 E:\www\FAWE\system\View\View.php(246): include('E:\\www\\creaw\\ap...')
#8 E:\www\cFAWEsystem\Common.php(1119): CodeIgniter\View\View->render('template/index', Array, true)
#9 E:\www\cFAWEapp\Controllers\Planning\Project_me_plan.php(181): view('template/index', Array)
#10 E:\www\FAWE\system\CodeIgniter.php(918): App\Controllers\Planning\Project_me_plan->add('1')
#11 E:\www\FAWE\system\CodeIgniter.php(404): CodeIgniter\CodeIgniter->runController(Object(App\Controllers\Planning\Project_me_plan))
#12 E:\www\creaw\system\CodeIgniter.php(312): CodeIgniter\CodeIgniter->handleRequest(NULL, Object(Config\Cache), false)
#13 E:\www\creaw\index.php(45): CodeIgniter\CodeIgniter->run()
#14 {main}FAWE
CRITICAL -FAWE-06-18 08:27:33 --> Unknown column 'goal_id' in 'where clause'
#0 E:\www\FAWE\system\Database\MySQLi\Connection.php(331): mysqli->query('select * from p...')
#1 E:\www\FAWE\system\Database\BaseConnection.php(741): CodeIgniter\Database\MySQLi\Connection->execute('select * from p...')
#2 E:\www\FAWE\system\Database\BaseConnection.php(669): CodeFAWEer\Database\BaseConnection->simpleQuery('select * from p...')
#3 E:\www\FAWE\app\Views\office\planning\project_data\project_me_plan\add.php(140): CodeIgniter\Database\BaseConnection->query('select * from p...')
#4 E:\www\FAWE\system\View\View.php(246): include('E:\\www\\creaw\\ap...')
#5 E:\www\FAWE\system\Common.php(1119): CodeIgniter\View\VieFAWEnder('office/planning...', Array, true)
#6 E:\www\FAWE\app\Views\template\index.php(14): view('office/planning...')
#7 E:\www\FAWE\system\View\View.php(246): include('E:\\www\\creaw\\ap...')
#8 E:\www\cFAWEsystem\Common.php(1119): CodeIgniter\View\View->render('template/index', Array, true)
#9 E:\www\cFAWEapp\Controllers\Planning\Project_me_plan.php(181): view('template/index', Array)
#10 E:\www\FAWE\system\CodeIgniter.php(918): App\Controllers\Planning\Project_me_plan->add('1')
#11 E:\www\FAWE\system\CodeIgniter.php(404): CodeIgniter\CodeIgniter->runController(Object(App\Controllers\Planning\Project_me_plan))
#12 E:\www\creaw\system\CodeIgniter.php(312): CodeIgniter\CodeIgniter->handleRequest(NULL, Object(Config\Cache), false)
#13 E:\www\creaw\index.php(45): CodeIgniter\CodeIgniter->run()
#14 {main}
