CRITICAL - 2021-03-06 05:16:32 --> Invalid file: office/master/Region/edit.php
#0 /home/wwwmand/public_html/pimes/system/View/View.php(228): CodeIgniter\Exceptions\FrameworkException::forInvalidFile('office/master/R...')
#1 /home/wwwmand/public_html/pimes/system/Common.php(1119): CodeIgniter\View\View->render('office/master/R...', Array, true)
#2 /home/wwwmand/public_html/pimes/app/Views/template/index.php(14): view('office/master/R...')
#3 /home/wwwmand/public_html/pimes/system/View/View.php(246): include('/home/wwwmand/p...')
#4 /home/wwwmand/public_html/pimes/system/Common.php(1119): CodeIgniter\View\View->render('template/index', Array, true)
#5 /home/wwwmand/public_html/pimes/app/Controllers/Master/Region.php(210): view('template/index', Array)
#6 /home/wwwmand/public_html/pimes/system/CodeIgniter.php(918): App\Controllers\master\region->edit('48')
#7 /home/wwwmand/public_html/pimes/system/CodeIgniter.php(404): CodeIgniter\CodeIgniter->runController(Object(App\Controllers\master\region))
#8 /home/wwwmand/public_html/pimes/system/CodeIgniter.php(312): CodeIgniter\CodeIgniter->handleRequest(NULL, Object(Config\Cache), false)
#9 /home/wwwmand/public_html/pimes/index.php(45): CodeIgniter\CodeIgniter->run()
#10 {main}
CRITICAL - 2021-03-06 05:16:38 --> Invalid file: office/master/Region/edit.php
#0 /home/wwwmand/public_html/pimes/system/View/View.php(228): CodeIgniter\Exceptions\FrameworkException::forInvalidFile('office/master/R...')
#1 /home/wwwmand/public_html/pimes/system/Common.php(1119): CodeIgniter\View\View->render('office/master/R...', Array, true)
#2 /home/wwwmand/public_html/pimes/app/Views/template/index.php(14): view('office/master/R...')
#3 /home/wwwmand/public_html/pimes/system/View/View.php(246): include('/home/wwwmand/p...')
#4 /home/wwwmand/public_html/pimes/system/Common.php(1119): CodeIgniter\View\View->render('template/index', Array, true)
#5 /home/wwwmand/public_html/pimes/app/Controllers/Master/Region.php(210): view('template/index', Array)
#6 /home/wwwmand/public_html/pimes/system/CodeIgniter.php(918): App\Controllers\master\region->edit('48')
#7 /home/wwwmand/public_html/pimes/system/CodeIgniter.php(404): CodeIgniter\CodeIgniter->runController(Object(App\Controllers\master\region))
#8 /home/wwwmand/public_html/pimes/system/CodeIgniter.php(312): CodeIgniter\CodeIgniter->handleRequest(NULL, Object(Config\Cache), false)
#9 /home/wwwmand/public_html/pimes/index.php(45): CodeIgniter\CodeIgniter->run()
#10 {main}
CRITICAL - 2021-03-06 05:19:33 --> Invalid file: office/master/Region/edit.php
#0 /home/wwwmand/public_html/pimes/system/View/View.php(228): CodeIgniter\Exceptions\FrameworkException::forInvalidFile('office/master/R...')
#1 /home/wwwmand/public_html/pimes/system/Common.php(1119): CodeIgniter\View\View->render('office/master/R...', Array, true)
#2 /home/wwwmand/public_html/pimes/app/Views/template/index.php(14): view('office/master/R...')
#3 /home/wwwmand/public_html/pimes/system/View/View.php(246): include('/home/wwwmand/p...')
#4 /home/wwwmand/public_html/pimes/system/Common.php(1119): CodeIgniter\View\View->render('template/index', Array, true)
#5 /home/wwwmand/public_html/pimes/app/Controllers/Master/Region.php(210): view('template/index', Array)
#6 /home/wwwmand/public_html/pimes/system/CodeIgniter.php(918): App\Controllers\master\region->edit('49')
#7 /home/wwwmand/public_html/pimes/system/CodeIgniter.php(404): CodeIgniter\CodeIgniter->runController(Object(App\Controllers\master\region))
#8 /home/wwwmand/public_html/pimes/system/CodeIgniter.php(312): CodeIgniter\CodeIgniter->handleRequest(NULL, Object(Config\Cache), false)
#9 /home/wwwmand/public_html/pimes/index.php(45): CodeIgniter\CodeIgniter->run()
#10 {main}
CRITICAL - 2021-03-06 05:20:02 --> Invalid file: office/master/Region/edit.php
#0 /home/wwwmand/public_html/pimes/system/View/View.php(228): CodeIgniter\Exceptions\FrameworkException::forInvalidFile('office/master/R...')
#1 /home/wwwmand/public_html/pimes/system/Common.php(1119): CodeIgniter\View\View->render('office/master/R...', Array, true)
#2 /home/wwwmand/public_html/pimes/app/Views/template/index.php(14): view('office/master/R...')
#3 /home/wwwmand/public_html/pimes/system/View/View.php(246): include('/home/wwwmand/p...')
#4 /home/wwwmand/public_html/pimes/system/Common.php(1119): CodeIgniter\View\View->render('template/index', Array, true)
#5 /home/wwwmand/public_html/pimes/app/Controllers/Master/Region.php(210): view('template/index', Array)
#6 /home/wwwmand/public_html/pimes/system/CodeIgniter.php(918): App\Controllers\master\region->edit('49')
#7 /home/wwwmand/public_html/pimes/system/CodeIgniter.php(404): CodeIgniter\CodeIgniter->runController(Object(App\Controllers\master\region))
#8 /home/wwwmand/public_html/pimes/system/CodeIgniter.php(312): CodeIgniter\CodeIgniter->handleRequest(NULL, Object(Config\Cache), false)
#9 /home/wwwmand/public_html/pimes/index.php(45): CodeIgniter\CodeIgniter->run()
#10 {main}
CRITICAL - 2021-03-06 05:22:37 --> Invalid file: office/master/Region/edit.php
#0 /home/wwwmand/public_html/pimes/system/View/View.php(228): CodeIgniter\Exceptions\FrameworkException::forInvalidFile('office/master/R...')
#1 /home/wwwmand/public_html/pimes/system/Common.php(1119): CodeIgniter\View\View->render('office/master/R...', Array, true)
#2 /home/wwwmand/public_html/pimes/app/Views/template/index.php(14): view('office/master/R...')
#3 /home/wwwmand/public_html/pimes/system/View/View.php(246): include('/home/wwwmand/p...')
#4 /home/wwwmand/public_html/pimes/system/Common.php(1119): CodeIgniter\View\View->render('template/index', Array, true)
#5 /home/wwwmand/public_html/pimes/app/Controllers/Master/Region.php(210): view('template/index', Array)
#6 /home/wwwmand/public_html/pimes/system/CodeIgniter.php(918): App\Controllers\master\region->edit('49')
#7 /home/wwwmand/public_html/pimes/system/CodeIgniter.php(404): CodeIgniter\CodeIgniter->runController(Object(App\Controllers\master\region))
#8 /home/wwwmand/public_html/pimes/system/CodeIgniter.php(312): CodeIgniter\CodeIgniter->handleRequest(NULL, Object(Config\Cache), false)
#9 /home/wwwmand/public_html/pimes/index.php(45): CodeIgniter\CodeIgniter->run()
#10 {main}
CRITICAL - 2021-03-06 05:22:44 --> Invalid file: office/master/Region/edit.php
#0 /home/wwwmand/public_html/pimes/system/View/View.php(228): CodeIgniter\Exceptions\FrameworkException::forInvalidFile('office/master/R...')
#1 /home/wwwmand/public_html/pimes/system/Common.php(1119): CodeIgniter\View\View->render('office/master/R...', Array, true)
#2 /home/wwwmand/public_html/pimes/app/Views/template/index.php(14): view('office/master/R...')
#3 /home/wwwmand/public_html/pimes/system/View/View.php(246): include('/home/wwwmand/p...')
#4 /home/wwwmand/public_html/pimes/system/Common.php(1119): CodeIgniter\View\View->render('template/index', Array, true)
#5 /home/wwwmand/public_html/pimes/app/Controllers/Master/Region.php(210): view('template/index', Array)
#6 /home/wwwmand/public_html/pimes/system/CodeIgniter.php(918): App\Controllers\master\region->edit('49')
#7 /home/wwwmand/public_html/pimes/system/CodeIgniter.php(404): CodeIgniter\CodeIgniter->runController(Object(App\Controllers\master\region))
#8 /home/wwwmand/public_html/pimes/system/CodeIgniter.php(312): CodeIgniter\CodeIgniter->handleRequest(NULL, Object(Config\Cache), false)
#9 /home/wwwmand/public_html/pimes/index.php(45): CodeIgniter\CodeIgniter->run()
#10 {main}
CRITICAL - 2021-03-06 05:22:53 --> Invalid file: office/master/Region/edit.php
#0 /home/wwwmand/public_html/pimes/system/View/View.php(228): CodeIgniter\Exceptions\FrameworkException::forInvalidFile('office/master/R...')
#1 /home/wwwmand/public_html/pimes/system/Common.php(1119): CodeIgniter\View\View->render('office/master/R...', Array, true)
#2 /home/wwwmand/public_html/pimes/app/Views/template/index.php(14): view('office/master/R...')
#3 /home/wwwmand/public_html/pimes/system/View/View.php(246): include('/home/wwwmand/p...')
#4 /home/wwwmand/public_html/pimes/system/Common.php(1119): CodeIgniter\View\View->render('template/index', Array, true)
#5 /home/wwwmand/public_html/pimes/app/Controllers/Master/Region.php(210): view('template/index', Array)
#6 /home/wwwmand/public_html/pimes/system/CodeIgniter.php(918): App\Controllers\master\region->edit('49')
#7 /home/wwwmand/public_html/pimes/system/CodeIgniter.php(404): CodeIgniter\CodeIgniter->runController(Object(App\Controllers\master\region))
#8 /home/wwwmand/public_html/pimes/system/CodeIgniter.php(312): CodeIgniter\CodeIgniter->handleRequest(NULL, Object(Config\Cache), false)
#9 /home/wwwmand/public_html/pimes/index.php(45): CodeIgniter\CodeIgniter->run()
#10 {main}
