CRITICAL - 2021-05-27 02:48:59 --> Class 'App\Controllers\user_management\Implementing_partner_Model' not found
#0 E:\www\FAWE\system\CodeIgniter.php(918): App\Controllers\user_management\Users->edit('13')
#1 E:\www\FAWE\system\CodeIgniter.php(404): CodeIgniter\CodeIgniter->runController(Object(App\Controllers\user_management\Users))
#2 E:\www\FAWE\system\CodeIgniter.php(312): CodeIgniter\CodeIgniter->handleRequest(NULL, Object(Config\Cache), false)
#3 E:\www\FAWE\index.php(45): CodeIgniter\CodeIgniter->run()
#4 {main}
CRITICAL - 2021-05-27 02:49:39 --> Class 'App\Controllers\user_management\Implementing_partner_Model' not found
#0 E:\www\FAWE\system\CodeIgniter.php(918): App\Controllers\user_management\Users->edit('13')
#1 E:\www\FAWE\system\CodeIgniter.php(404): CodeIgniter\CodeIgniter->runController(Object(App\Controllers\user_management\Users))
#2 E:\www\FAWE\system\CodeIgniter.php(312): CodeIgniter\CodeIgniter->handleRequest(NULL, Object(Config\Cache), false)
#3 E:\www\FAWE\index.php(45): CodeIgniter\CodeIgniter->run()
#4 {main}
CRITICAL - 2021-05-27 02:50:48 --> Class 'App\Controllers\user_management\Implementing_partner_Model' not found
#0 E:\www\FAWE\system\CodeIgniter.php(918): App\Controllers\user_management\Users->edit('13')
#1 E:\www\FAWE\system\CodeIgniter.php(404): CodeIgniter\CodeIgniter->runController(Object(App\Controllers\user_management\Users))
#2 E:\www\FAWE\system\CodeIgniter.php(312): CodeIgniter\CodeIgniter->handleRequest(NULL, Object(Config\Cache), false)
#3 E:\www\FAWE\index.php(45): CodeIgniter\CodeIgniter->run()
#4 {main}
CRITICAL - 2021-05-27 04:50:53 --> in_array() expects parameter 2 to be array, null given
#0 [internal function]: CodeIgniter\Debug\Exceptions->errorHandler(2, 'in_array() expe...', 'E:\\www\\FAWE\\ap...', 203, Array)
#1 E:\www\FAWE\app\Views\template\leftpanel.php(203): in_array('1', NULL)
#2 E:\www\FAWE\system\View\View.php(246): include('E:\\www\\FAWE\\ap...')
#3 E:\www\FAWE\system\Common.php(1119): CodeIgniter\View\View->render('template/leftpa...', Array, true)
#4 E:\www\FAWE\app\Views\template\index.php(6): view('template/leftpa...')
#5 E:\www\FAWE\system\View\View.php(246): include('E:\\www\\FAWE\\ap...')
#6 E:\www\FAWE\system\Common.php(1119): CodeIgniter\View\View->render('template/index', Array, true)
#7 E:\www\FAWE\app\Controllers\Planning\Results_framework.php(67): view('template/index', Array)
#8 E:\www\FAWE\system\CodeIgniter.php(918): App\Controllers\Planning\Results_framework->index()
#9 E:\www\FAWE\system\CodeIgniter.php(404): CodeIgniter\CodeIgniter->runController(Object(App\Controllers\Planning\Results_framework))
#10 E:\www\FAWE\system\CodeIgniter.php(312): CodeIgniter\CodeIgniter->handleRequest(NULL, Object(Config\Cache), false)
#11 E:\www\FAWE\index.php(45): CodeIgniter\CodeIgniter->run()
#12 {main}
CRITICAL - 2021-05-27 04:50:53 --> in_array() expects parameter 2 to be array, null given
#0 [internal function]: CodeIgniter\Debug\Exceptions->errorHandler(2, 'in_array() expe...', 'E:\\www\\FAWE\\ap...', 203, Array)
#1 E:\www\FAWE\app\Views\template\leftpanel.php(203): in_array('1', NULL)
#2 E:\www\FAWE\system\View\View.php(246): include('E:\\www\\FAWE\\ap...')
#3 E:\www\FAWE\system\Common.php(1119): CodeIgniter\View\View->render('template/leftpa...', Array, true)
#4 E:\www\FAWE\app\Views\template\index.php(6): view('template/leftpa...')
#5 E:\www\FAWE\system\View\View.php(246): include('E:\\www\\FAWE\\ap...')
#6 E:\www\FAWE\system\Common.php(1119): CodeIgniter\View\View->render('template/index', Array, true)
#7 E:\www\FAWE\app\Controllers\Planning\Results_framework.php(67): view('template/index', Array)
#8 E:\www\FAWE\system\CodeIgniter.php(918): App\Controllers\Planning\Results_framework->index()
#9 E:\www\FAWE\system\CodeIgniter.php(404): CodeIgniter\CodeIgniter->runController(Object(App\Controllers\Planning\Results_framework))
#10 E:\www\FAWE\system\CodeIgniter.php(312): CodeIgniter\CodeIgniter->handleRequest(NULL, Object(Config\Cache), false)
#11 E:\www\FAWE\index.php(45): CodeIgniter\CodeIgniter->run()
#12 {main}
CRITICAL - 2021-05-27 04:50:59 --> in_array() expects parameter 2 to be array, null given
#0 [internal function]: CodeIgniter\Debug\Exceptions->errorHandler(2, 'in_array() expe...', 'E:\\www\\FAWE\\ap...', 203, Array)
#1 E:\www\FAWE\app\Views\template\leftpanel.php(203): in_array('1', NULL)
#2 E:\www\FAWE\system\View\View.php(246): include('E:\\www\\FAWE\\ap...')
#3 E:\www\FAWE\system\Common.php(1119): CodeIgniter\View\View->render('template/leftpa...', Array, true)
#4 E:\www\FAWE\app\Views\template\index.php(6): view('template/leftpa...')
#5 E:\www\FAWE\system\View\View.php(246): include('E:\\www\\FAWE\\ap...')
#6 E:\www\FAWE\system\Common.php(1119): CodeIgniter\View\View->render('template/index', Array, true)
#7 E:\www\FAWE\app\Controllers\Planning\Results_framework.php(154): view('template/index', Array)
#8 E:\www\FAWE\system\CodeIgniter.php(918): App\Controllers\Planning\Results_framework->select_list()
#9 E:\www\FAWE\system\CodeIgniter.php(404): CodeIgniter\CodeIgniter->runController(Object(App\Controllers\Planning\Results_framework))
#10 E:\www\FAWE\system\CodeIgniter.php(312): CodeIgniter\CodeIgniter->handleRequest(NULL, Object(Config\Cache), false)
#11 E:\www\FAWE\index.php(45): CodeIgniter\CodeIgniter->run()
#12 {main}
CRITICAL - 2021-05-27 04:50:59 --> in_array() expects parameter 2 to be array, null given
#0 [internal function]: CodeIgniter\Debug\Exceptions->errorHandler(2, 'in_array() expe...', 'E:\\www\\FAWE\\ap...', 203, Array)
#1 E:\www\FAWE\app\Views\template\leftpanel.php(203): in_array('1', NULL)
#2 E:\www\FAWE\system\View\View.php(246): include('E:\\www\\FAWE\\ap...')
#3 E:\www\FAWE\system\Common.php(1119): CodeIgniter\View\View->render('template/leftpa...', Array, true)
#4 E:\www\FAWE\app\Views\template\index.php(6): view('template/leftpa...')
#5 E:\www\FAWE\system\View\View.php(246): include('E:\\www\\FAWE\\ap...')
#6 E:\www\FAWE\system\Common.php(1119): CodeIgniter\View\View->render('template/index', Array, true)
#7 E:\www\FAWE\app\Controllers\Planning\Results_framework.php(154): view('template/index', Array)
#8 E:\www\FAWE\system\CodeIgniter.php(918): App\Controllers\Planning\Results_framework->select_list()
#9 E:\www\FAWE\system\CodeIgniter.php(404): CodeIgniter\CodeIgniter->runController(Object(App\Controllers\Planning\Results_framework))
#10 E:\www\FAWE\system\CodeIgniter.php(312): CodeIgniter\CodeIgniter->handleRequest(NULL, Object(Config\Cache), false)
#11 E:\www\FAWE\index.php(45): CodeIgniter\CodeIgniter->run()
#12 {main}
CRITICAL - 2021-05-27 04:51:00 --> in_array() expects parameter 2 to be array, null given
#0 [internal function]: CodeIgniter\Debug\Exceptions->errorHandler(2, 'in_array() expe...', 'E:\\www\\FAWE\\ap...', 203, Array)
#1 E:\www\FAWE\app\Views\template\leftpanel.php(203): in_array('1', NULL)
#2 E:\www\FAWE\system\View\View.php(246): include('E:\\www\\FAWE\\ap...')
#3 E:\www\FAWE\system\Common.php(1119): CodeIgniter\View\View->render('template/leftpa...', Array, true)
#4 E:\www\FAWE\app\Views\template\index.php(6): view('template/leftpa...')
#5 E:\www\FAWE\system\View\View.php(246): include('E:\\www\\FAWE\\ap...')
#6 E:\www\FAWE\system\Common.php(1119): CodeIgniter\View\View->render('template/index', Array, true)
#7 E:\www\FAWE\app\Controllers\Planning\Results_framework.php(67): view('template/index', Array)
#8 E:\www\FAWE\system\CodeIgniter.php(918): App\Controllers\Planning\Results_framework->index()
#9 E:\www\FAWE\system\CodeIgniter.php(404): CodeIgniter\CodeIgniter->runController(Object(App\Controllers\Planning\Results_framework))
#10 E:\www\FAWE\system\CodeIgniter.php(312): CodeIgniter\CodeIgniter->handleRequest(NULL, Object(Config\Cache), false)
#11 E:\www\FAWE\index.php(45): CodeIgniter\CodeIgniter->run()
#12 {main}
CRITICAL - 2021-05-27 04:51:00 --> in_array() expects parameter 2 to be array, null given
#0 [internal function]: CodeIgniter\Debug\Exceptions->errorHandler(2, 'in_array() expe...', 'E:\\www\\FAWE\\ap...', 203, Array)
#1 E:\www\FAWE\app\Views\template\leftpanel.php(203): in_array('1', NULL)
#2 E:\www\FAWE\system\View\View.php(246): include('E:\\www\\FAWE\\ap...')
#3 E:\www\FAWE\system\Common.php(1119): CodeIgniter\View\View->render('template/leftpa...', Array, true)
#4 E:\www\FAWE\app\Views\template\index.php(6): view('template/leftpa...')
#5 E:\www\FAWE\system\View\View.php(246): include('E:\\www\\FAWE\\ap...')
#6 E:\www\FAWE\system\Common.php(1119): CodeIgniter\View\View->render('template/index', Array, true)
#7 E:\www\FAWE\app\Controllers\Planning\Results_framework.php(67): view('template/index', Array)
#8 E:\www\FAWE\system\CodeIgniter.php(918): App\Controllers\Planning\Results_framework->index()
#9 E:\www\FAWE\system\CodeIgniter.php(404): CodeIgniter\CodeIgniter->runController(Object(App\Controllers\Planning\Results_framework))
#10 E:\www\FAWE\system\CodeIgniter.php(312): CodeIgniter\CodeIgniter->handleRequest(NULL, Object(Config\Cache), false)
#11 E:\www\FAWE\index.php(45): CodeIgniter\CodeIgniter->run()
#12 {main}
CRITICAL - 2021-05-27 04:51:16 --> syntax error, unexpected '}', expecting end of file
#0 E:\www\FAWE\system\Common.php(1119): CodeIgniter\View\View->render('template/leftpa...', Array, true)
#1 E:\www\FAWE\app\Views\template\index.php(6): view('template/leftpa...')
#2 E:\www\FAWE\system\View\View.php(246): include('E:\\www\\FAWE\\ap...')
#3 E:\www\FAWE\system\Common.php(1119): CodeIgniter\View\View->render('template/index', Array, true)
#4 E:\www\FAWE\app\Controllers\Planning\Results_framework.php(67): view('template/index', Array)
#5 E:\www\FAWE\system\CodeIgniter.php(918): App\Controllers\Planning\Results_framework->index()
#6 E:\www\FAWE\system\CodeIgniter.php(404): CodeIgniter\CodeIgniter->runController(Object(App\Controllers\Planning\Results_framework))
#7 E:\www\FAWE\system\CodeIgniter.php(312): CodeIgniter\CodeIgniter->handleRequest(NULL, Object(Config\Cache), false)
#8 E:\www\FAWE\index.php(45): CodeIgniter\CodeIgniter->run()
#9 {main}
CRITICAL - 2021-05-27 04:51:17 --> syntax error, unexpected '}', expecting end of file
#0 E:\www\FAWE\system\Common.php(1119): CodeIgniter\View\View->render('template/leftpa...', Array, true)
#1 E:\www\FAWE\app\Views\template\index.php(6): view('template/leftpa...')
#2 E:\www\FAWE\system\View\View.php(246): include('E:\\www\\FAWE\\ap...')
#3 E:\www\FAWE\system\Common.php(1119): CodeIgniter\View\View->render('template/index', Array, true)
#4 E:\www\FAWE\app\Controllers\Planning\Results_framework.php(67): view('template/index', Array)
#5 E:\www\FAWE\system\CodeIgniter.php(918): App\Controllers\Planning\Results_framework->index()
#6 E:\www\FAWE\system\CodeIgniter.php(404): CodeIgniter\CodeIgniter->runController(Object(App\Controllers\Planning\Results_framework))
#7 E:\www\FAWE\system\CodeIgniter.php(312): CodeIgniter\CodeIgniter->handleRequest(NULL, Object(Config\Cache), false)
#8 E:\www\FAWE\index.php(45): CodeIgniter\CodeIgniter->run()
#9 {main}
