CRITICAL - 2021-07-22 08:07:17 --> Unable to connect to the database.
#0 E:\www\FAWE\system\Database\BaseConnection.php(646): CodeIgniter\Database\BaseConnection->initialize()
#1 E:\www\FAWE\app\Filters\CheckLogin.php(19): CodeIgniter\Database\BaseConnection->query('select token  F...')
#2 E:\www\FAWE\system\Filters\Filters.php(173): App\Filters\checkLogin->before(Object(CodeIgniter\HTTP\IncomingRequest), NULL)
#3 E:\www\FAWE\system\CodeIgniter.php(382): CodeIgniter\Filters\Filters->run('/', 'before')
#4 E:\www\FAWE\system\CodeIgniter.php(312): CodeIgniter\CodeIgniter->handleRequest(NULL, Object(Config\Cache), false)
#5 E:\www\FAWE\index.php(45): CodeIgniter\CodeIgniter->run()
#6 {main}
CRITICAL - 2021-07-22 08:07:31 --> Unable to connect to the database.
#0 E:\www\FAWE\system\Database\BaseConnection.php(646): CodeIgniter\Database\BaseConnection->initialize()
#1 E:\www\FAWE\app\Filters\CheckLogin.php(19): CodeIgniter\Database\BaseConnection->query('select token  F...')
#2 E:\www\FAWE\system\Filters\Filters.php(173): App\Filters\checkLogin->before(Object(CodeIgniter\HTTP\IncomingRequest), NULL)
#3 E:\www\FAWE\system\CodeIgniter.php(382): CodeIgniter\Filters\Filters->run('/', 'before')
#4 E:\www\FAWE\system\CodeIgniter.php(312): CodeIgniter\CodeIgniter->handleRequest(NULL, Object(Config\Cache), false)
#5 E:\www\FAWE\index.php(45): CodeIgniter\CodeIgniter->run()
#6 {main}
CRITICAL - 2021-07-22 08:07:42 --> Unable to connect to the database.
#0 E:\www\FAWE\system\Database\BaseConnection.php(646): CodeIgniter\Database\BaseConnection->initialize()
#1 E:\www\FAWE\app\Filters\CheckLogin.php(19): CodeIgniter\Database\BaseConnection->query('select token  F...')
#2 E:\www\FAWE\system\Filters\Filters.php(173): App\Filters\checkLogin->before(Object(CodeIgniter\HTTP\IncomingRequest), NULL)
#3 E:\www\FAWE\system\CodeIgniter.php(382): CodeIgniter\Filters\Filters->run('/', 'before')
#4 E:\www\FAWE\system\CodeIgniter.php(312): CodeIgniter\CodeIgniter->handleRequest(NULL, Object(Config\Cache), false)
#5 E:\www\FAWE\index.php(45): CodeIgniter\CodeIgniter->run()
#6 {main}
CRITICAL - 2021-07-22 08:08:22 --> Unable to connect to the database.
#0 E:\www\FAWE\system\Database\BaseConnection.php(646): CodeIgniter\Database\BaseConnection->initialize()
#1 E:\www\FAWE\app\Filters\CheckLogin.php(19): CodeIgniter\Database\BaseConnection->query('select token  F...')
#2 E:\www\FAWE\system\Filters\Filters.php(173): App\Filters\checkLogin->before(Object(CodeIgniter\HTTP\IncomingRequest), NULL)
#3 E:\www\FAWE\system\CodeIgniter.php(382): CodeIgniter\Filters\Filters->run('/', 'before')
#4 E:\www\FAWE\system\CodeIgniter.php(312): CodeIgniter\CodeIgniter->handleRequest(NULL, Object(Config\Cache), false)
#5 E:\www\FAWE\index.php(45): CodeIgniter\CodeIgniter->run()
#6 {main}
CRITICAL - 2021-07-22 08:08:46 --> Unable to connect to the database.
#0 E:\www\FAWE\system\Database\BaseConnection.php(646): CodeIgniter\Database\BaseConnection->initialize()
#1 E:\www\FAWE\app\Filters\CheckLogin.php(19): CodeIgniter\Database\BaseConnection->query('select token  F...')
#2 E:\www\FAWE\system\Filters\Filters.php(173): App\Filters\checkLogin->before(Object(CodeIgniter\HTTP\IncomingRequest), NULL)
#3 E:\www\FAWE\system\CodeIgniter.php(382): CodeIgniter\Filters\Filters->run('/', 'before')
#4 E:\www\FAWE\system\CodeIgniter.php(312): CodeIgniter\CodeIgniter->handleRequest(NULL, Object(Config\Cache), false)
#5 E:\www\FAWE\index.php(45): CodeIgniter\CodeIgniter->run()
#6 {main}
CRITICAL - 2021-07-22 10:21:06 --> Trying to access array offset on value of type null
#0 E:\www\FAWE\app\Filters\CheckLogin.php(22): CodeIgniter\Debug\Exceptions->errorHandler(8, 'Trying to acces...', 'E:\\www\\FAWE\\ap...', 22, Array)
#1 E:\www\FAWE\system\Filters\Filters.php(173): App\Filters\checkLogin->before(Object(CodeIgniter\HTTP\IncomingRequest), NULL)
#2 E:\www\FAWE\system\CodeIgniter.php(382): CodeIgniter\Filters\Filters->run('/', 'before')
#3 E:\www\FAWE\system\CodeIgniter.php(312): CodeIgniter\CodeIgniter->handleRequest(NULL, Object(Config\Cache), false)
#4 E:\www\FAWE\index.php(45): CodeIgniter\CodeIgniter->run()
#5 {main}
CRITICAL - 2021-07-22 10:22:37 --> Trying to access array offset on value of type null
#0 E:\www\FAWE\app\Filters\CheckLogin.php(22): CodeIgniter\Debug\Exceptions->errorHandler(8, 'Trying to acces...', 'E:\\www\\FAWE\\ap...', 22, Array)
#1 E:\www\FAWE\system\Filters\Filters.php(173): App\Filters\checkLogin->before(Object(CodeIgniter\HTTP\IncomingRequest), NULL)
#2 E:\www\FAWE\system\CodeIgniter.php(382): CodeIgniter\Filters\Filters->run('/', 'before')
#3 E:\www\FAWE\system\CodeIgniter.php(312): CodeIgniter\CodeIgniter->handleRequest(NULL, Object(Config\Cache), false)
#4 E:\www\FAWE\index.php(45): CodeIgniter\CodeIgniter->run()
#5 {main}
CRITICAL - 2021-07-22 10:24:05 --> Trying to access array offset on value of type null
#0 E:\www\FAWE\app\Filters\CheckLogin.php(22): CodeIgniter\Debug\Exceptions->errorHandler(8, 'Trying to acces...', 'E:\\www\\FAWE\\ap...', 22, Array)
#1 E:\www\FAWE\system\Filters\Filters.php(173): App\Filters\checkLogin->before(Object(CodeIgniter\HTTP\IncomingRequest), NULL)
#2 E:\www\FAWE\system\CodeIgniter.php(382): CodeIgniter\Filters\Filters->run('/', 'before')
#3 E:\www\FAWE\system\CodeIgniter.php(312): CodeIgniter\CodeIgniter->handleRequest(NULL, Object(Config\Cache), false)
#4 E:\www\FAWE\index.php(45): CodeIgniter\CodeIgniter->run()
#5 {main}
CRITICAL - 2021-07-22 10:24:18 --> Trying to access array offset on value of type null
#0 E:\www\FAWE\app\Filters\CheckLogin.php(22): CodeIgniter\Debug\Exceptions->errorHandler(8, 'Trying to acces...', 'E:\\www\\FAWE\\ap...', 22, Array)
#1 E:\www\FAWE\system\Filters\Filters.php(173): App\Filters\checkLogin->before(Object(CodeIgniter\HTTP\IncomingRequest), NULL)
#2 E:\www\FAWE\system\CodeIgniter.php(382): CodeIgniter\Filters\Filters->run('/', 'before')
#3 E:\www\FAWE\system\CodeIgniter.php(312): CodeIgniter\CodeIgniter->handleRequest(NULL, Object(Config\Cache), false)
#4 E:\www\FAWE\index.php(45): CodeIgniter\CodeIgniter->run()
#5 {main}
