CRITICAL - 2021-05-13 08:03:01 --> syntax error, unexpected ';', expecting ']'
#0 /home/wwwmand/public_html/pimes/system/Router/Router.php(195): CodeIgniter\Router\Router->autoRoute('dashboard/proje...')
#1 /home/wwwmand/public_html/pimes/system/CodeIgniter.php(793): CodeIgniter\Router\Router->handle('dashboard/proje...')
#2 /home/wwwmand/public_html/pimes/system/CodeIgniter.php(364): CodeIgniter\CodeIgniter->tryToRouteIt(Object(CodeIgniter\Router\RouteCollection))
#3 /home/wwwmand/public_html/pimes/system/CodeIgniter.php(312): CodeIgniter\CodeIgniter->handleRequest(NULL, Object(Config\Cache), false)
#4 /home/wwwmand/public_html/pimes/index.php(45): CodeIgniter\CodeIgniter->run()
#5 {main}
CRITICAL - 2021-05-13 08:13:49 --> syntax error, unexpected '}'
#0 /home/wwwmand/public_html/pimes/system/Router/Router.php(195): CodeIgniter\Router\Router->autoRoute('dashboard/proje...')
#1 /home/wwwmand/public_html/pimes/system/CodeIgniter.php(793): CodeIgniter\Router\Router->handle('dashboard/proje...')
#2 /home/wwwmand/public_html/pimes/system/CodeIgniter.php(364): CodeIgniter\CodeIgniter->tryToRouteIt(Object(CodeIgniter\Router\RouteCollection))
#3 /home/wwwmand/public_html/pimes/system/CodeIgniter.php(312): CodeIgniter\CodeIgniter->handleRequest(NULL, Object(Config\Cache), false)
#4 /home/wwwmand/public_html/pimes/index.php(45): CodeIgniter\CodeIgniter->run()
#5 {main}
CRITICAL - 2021-05-13 08:35:40 --> Call to a member function query() on null
#0 /home/wwwmand/public_html/pimes/system/View/View.php(246): include()
#1 /home/wwwmand/public_html/pimes/system/Common.php(1119): CodeIgniter\View\View->render('office/dashboar...', Array, true)
#2 /home/wwwmand/public_html/pimes/app/Views/template/index.php(14): view('office/dashboar...')
#3 /home/wwwmand/public_html/pimes/system/View/View.php(246): include('/home/wwwmand/p...')
#4 /home/wwwmand/public_html/pimes/system/Common.php(1119): CodeIgniter\View\View->render('template/index', Array, true)
#5 /home/wwwmand/public_html/pimes/app/Controllers/Dashboard.php(172): view('template/index', Array)
#6 /home/wwwmand/public_html/pimes/system/CodeIgniter.php(918): App\Controllers\Dashboard->project_listing('40')
#7 /home/wwwmand/public_html/pimes/system/CodeIgniter.php(404): CodeIgniter\CodeIgniter->runController(Object(App\Controllers\Dashboard))
#8 /home/wwwmand/public_html/pimes/system/CodeIgniter.php(312): CodeIgniter\CodeIgniter->handleRequest(NULL, Object(Config\Cache), false)
#9 /home/wwwmand/public_html/pimes/index.php(45): CodeIgniter\CodeIgniter->run()
#10 {main}
CRITICAL - 2021-05-13 08:35:41 --> Call to a member function query() on null
#0 /home/wwwmand/public_html/pimes/system/View/View.php(246): include()
#1 /home/wwwmand/public_html/pimes/system/Common.php(1119): CodeIgniter\View\View->render('office/dashboar...', Array, true)
#2 /home/wwwmand/public_html/pimes/app/Views/template/index.php(14): view('office/dashboar...')
#3 /home/wwwmand/public_html/pimes/system/View/View.php(246): include('/home/wwwmand/p...')
#4 /home/wwwmand/public_html/pimes/system/Common.php(1119): CodeIgniter\View\View->render('template/index', Array, true)
#5 /home/wwwmand/public_html/pimes/app/Controllers/Dashboard.php(172): view('template/index', Array)
#6 /home/wwwmand/public_html/pimes/system/CodeIgniter.php(918): App\Controllers\Dashboard->project_listing('40')
#7 /home/wwwmand/public_html/pimes/system/CodeIgniter.php(404): CodeIgniter\CodeIgniter->runController(Object(App\Controllers\Dashboard))
#8 /home/wwwmand/public_html/pimes/system/CodeIgniter.php(312): CodeIgniter\CodeIgniter->handleRequest(NULL, Object(Config\Cache), false)
#9 /home/wwwmand/public_html/pimes/index.php(45): CodeIgniter\CodeIgniter->run()
#10 {main}
CRITICAL - 2021-05-13 08:35:54 --> Call to a member function query() on null
#0 /home/wwwmand/public_html/pimes/system/View/View.php(246): include()
#1 /home/wwwmand/public_html/pimes/system/Common.php(1119): CodeIgniter\View\View->render('office/dashboar...', Array, true)
#2 /home/wwwmand/public_html/pimes/app/Views/template/index.php(14): view('office/dashboar...')
#3 /home/wwwmand/public_html/pimes/system/View/View.php(246): include('/home/wwwmand/p...')
#4 /home/wwwmand/public_html/pimes/system/Common.php(1119): CodeIgniter\View\View->render('template/index', Array, true)
#5 /home/wwwmand/public_html/pimes/app/Controllers/Dashboard.php(172): view('template/index', Array)
#6 /home/wwwmand/public_html/pimes/system/CodeIgniter.php(918): App\Controllers\Dashboard->project_listing('40')
#7 /home/wwwmand/public_html/pimes/system/CodeIgniter.php(404): CodeIgniter\CodeIgniter->runController(Object(App\Controllers\Dashboard))
#8 /home/wwwmand/public_html/pimes/system/CodeIgniter.php(312): CodeIgniter\CodeIgniter->handleRequest(NULL, Object(Config\Cache), false)
#9 /home/wwwmand/public_html/pimes/index.php(45): CodeIgniter\CodeIgniter->run()
#10 {main}
CRITICAL - 2021-05-13 08:37:02 --> Call to a member function query() on null
#0 /home/wwwmand/public_html/pimes/system/View/View.php(246): include()
#1 /home/wwwmand/public_html/pimes/system/Common.php(1119): CodeIgniter\View\View->render('office/dashboar...', Array, true)
#2 /home/wwwmand/public_html/pimes/app/Views/template/index.php(14): view('office/dashboar...')
#3 /home/wwwmand/public_html/pimes/system/View/View.php(246): include('/home/wwwmand/p...')
#4 /home/wwwmand/public_html/pimes/system/Common.php(1119): CodeIgniter\View\View->render('template/index', Array, true)
#5 /home/wwwmand/public_html/pimes/app/Controllers/Dashboard.php(172): view('template/index', Array)
#6 /home/wwwmand/public_html/pimes/system/CodeIgniter.php(918): App\Controllers\Dashboard->project_listing('40')
#7 /home/wwwmand/public_html/pimes/system/CodeIgniter.php(404): CodeIgniter\CodeIgniter->runController(Object(App\Controllers\Dashboard))
#8 /home/wwwmand/public_html/pimes/system/CodeIgniter.php(312): CodeIgniter\CodeIgniter->handleRequest(NULL, Object(Config\Cache), false)
#9 /home/wwwmand/public_html/pimes/index.php(45): CodeIgniter\CodeIgniter->run()
#10 {main}
CRITICAL - 2021-05-13 08:37:02 --> Call to a member function query() on null
#0 /home/wwwmand/public_html/pimes/system/View/View.php(246): include()
#1 /home/wwwmand/public_html/pimes/system/Common.php(1119): CodeIgniter\View\View->render('office/dashboar...', Array, true)
#2 /home/wwwmand/public_html/pimes/app/Views/template/index.php(14): view('office/dashboar...')
#3 /home/wwwmand/public_html/pimes/system/View/View.php(246): include('/home/wwwmand/p...')
#4 /home/wwwmand/public_html/pimes/system/Common.php(1119): CodeIgniter\View\View->render('template/index', Array, true)
#5 /home/wwwmand/public_html/pimes/app/Controllers/Dashboard.php(172): view('template/index', Array)
#6 /home/wwwmand/public_html/pimes/system/CodeIgniter.php(918): App\Controllers\Dashboard->project_listing('40')
#7 /home/wwwmand/public_html/pimes/system/CodeIgniter.php(404): CodeIgniter\CodeIgniter->runController(Object(App\Controllers\Dashboard))
#8 /home/wwwmand/public_html/pimes/system/CodeIgniter.php(312): CodeIgniter\CodeIgniter->handleRequest(NULL, Object(Config\Cache), false)
#9 /home/wwwmand/public_html/pimes/index.php(45): CodeIgniter\CodeIgniter->run()
#10 {main}
CRITICAL - 2021-05-13 08:38:07 --> Call to a member function query() on null
#0 /home/wwwmand/public_html/pimes/system/View/View.php(246): include()
#1 /home/wwwmand/public_html/pimes/system/Common.php(1119): CodeIgniter\View\View->render('office/dashboar...', Array, true)
#2 /home/wwwmand/public_html/pimes/app/Views/template/index.php(14): view('office/dashboar...')
#3 /home/wwwmand/public_html/pimes/system/View/View.php(246): include('/home/wwwmand/p...')
#4 /home/wwwmand/public_html/pimes/system/Common.php(1119): CodeIgniter\View\View->render('template/index', Array, true)
#5 /home/wwwmand/public_html/pimes/app/Controllers/Dashboard.php(172): view('template/index', Array)
#6 /home/wwwmand/public_html/pimes/system/CodeIgniter.php(918): App\Controllers\Dashboard->project_listing('40')
#7 /home/wwwmand/public_html/pimes/system/CodeIgniter.php(404): CodeIgniter\CodeIgniter->runController(Object(App\Controllers\Dashboard))
#8 /home/wwwmand/public_html/pimes/system/CodeIgniter.php(312): CodeIgniter\CodeIgniter->handleRequest(NULL, Object(Config\Cache), false)
#9 /home/wwwmand/public_html/pimes/index.php(45): CodeIgniter\CodeIgniter->run()
#10 {main}
CRITICAL - 2021-05-13 08:38:08 --> Call to a member function query() on null
#0 /home/wwwmand/public_html/pimes/system/View/View.php(246): include()
#1 /home/wwwmand/public_html/pimes/system/Common.php(1119): CodeIgniter\View\View->render('office/dashboar...', Array, true)
#2 /home/wwwmand/public_html/pimes/app/Views/template/index.php(14): view('office/dashboar...')
#3 /home/wwwmand/public_html/pimes/system/View/View.php(246): include('/home/wwwmand/p...')
#4 /home/wwwmand/public_html/pimes/system/Common.php(1119): CodeIgniter\View\View->render('template/index', Array, true)
#5 /home/wwwmand/public_html/pimes/app/Controllers/Dashboard.php(172): view('template/index', Array)
#6 /home/wwwmand/public_html/pimes/system/CodeIgniter.php(918): App\Controllers\Dashboard->project_listing('40')
#7 /home/wwwmand/public_html/pimes/system/CodeIgniter.php(404): CodeIgniter\CodeIgniter->runController(Object(App\Controllers\Dashboard))
#8 /home/wwwmand/public_html/pimes/system/CodeIgniter.php(312): CodeIgniter\CodeIgniter->handleRequest(NULL, Object(Config\Cache), false)
#9 /home/wwwmand/public_html/pimes/index.php(45): CodeIgniter\CodeIgniter->run()
#10 {main}
CRITICAL - 2021-05-13 08:40:35 --> Call to a member function query() on null
#0 /home/wwwmand/public_html/pimes/system/View/View.php(246): include()
#1 /home/wwwmand/public_html/pimes/system/Common.php(1119): CodeIgniter\View\View->render('office/dashboar...', Array, true)
#2 /home/wwwmand/public_html/pimes/app/Views/template/index.php(14): view('office/dashboar...')
#3 /home/wwwmand/public_html/pimes/system/View/View.php(246): include('/home/wwwmand/p...')
#4 /home/wwwmand/public_html/pimes/system/Common.php(1119): CodeIgniter\View\View->render('template/index', Array, true)
#5 /home/wwwmand/public_html/pimes/app/Controllers/Dashboard.php(172): view('template/index', Array)
#6 /home/wwwmand/public_html/pimes/system/CodeIgniter.php(918): App\Controllers\Dashboard->project_listing('40')
#7 /home/wwwmand/public_html/pimes/system/CodeIgniter.php(404): CodeIgniter\CodeIgniter->runController(Object(App\Controllers\Dashboard))
#8 /home/wwwmand/public_html/pimes/system/CodeIgniter.php(312): CodeIgniter\CodeIgniter->handleRequest(NULL, Object(Config\Cache), false)
#9 /home/wwwmand/public_html/pimes/index.php(45): CodeIgniter\CodeIgniter->run()
#10 {main}
CRITICAL - 2021-05-13 08:40:35 --> Call to a member function query() on null
#0 /home/wwwmand/public_html/pimes/system/View/View.php(246): include()
#1 /home/wwwmand/public_html/pimes/system/Common.php(1119): CodeIgniter\View\View->render('office/dashboar...', Array, true)
#2 /home/wwwmand/public_html/pimes/app/Views/template/index.php(14): view('office/dashboar...')
#3 /home/wwwmand/public_html/pimes/system/View/View.php(246): include('/home/wwwmand/p...')
#4 /home/wwwmand/public_html/pimes/system/Common.php(1119): CodeIgniter\View\View->render('template/index', Array, true)
#5 /home/wwwmand/public_html/pimes/app/Controllers/Dashboard.php(172): view('template/index', Array)
#6 /home/wwwmand/public_html/pimes/system/CodeIgniter.php(918): App\Controllers\Dashboard->project_listing('40')
#7 /home/wwwmand/public_html/pimes/system/CodeIgniter.php(404): CodeIgniter\CodeIgniter->runController(Object(App\Controllers\Dashboard))
#8 /home/wwwmand/public_html/pimes/system/CodeIgniter.php(312): CodeIgniter\CodeIgniter->handleRequest(NULL, Object(Config\Cache), false)
#9 /home/wwwmand/public_html/pimes/index.php(45): CodeIgniter\CodeIgniter->run()
#10 {main}
CRITICAL - 2021-05-13 08:40:45 --> Too few arguments to function App\Controllers\Dashboard::project_listing(), 0 passed in /home/wwwmand/public_html/pimes/system/CodeIgniter.php on line 918 and exactly 1 expected
#0 /home/wwwmand/public_html/pimes/system/CodeIgniter.php(918): App\Controllers\Dashboard->project_listing()
#1 /home/wwwmand/public_html/pimes/system/CodeIgniter.php(404): CodeIgniter\CodeIgniter->runController(Object(App\Controllers\Dashboard))
#2 /home/wwwmand/public_html/pimes/system/CodeIgniter.php(312): CodeIgniter\CodeIgniter->handleRequest(NULL, Object(Config\Cache), false)
#3 /home/wwwmand/public_html/pimes/index.php(45): CodeIgniter\CodeIgniter->run()
#4 {main}
CRITICAL - 2021-05-13 08:40:50 --> Call to a member function query() on null
#0 /home/wwwmand/public_html/pimes/system/View/View.php(246): include()
#1 /home/wwwmand/public_html/pimes/system/Common.php(1119): CodeIgniter\View\View->render('office/dashboar...', Array, true)
#2 /home/wwwmand/public_html/pimes/app/Views/template/index.php(14): view('office/dashboar...')
#3 /home/wwwmand/public_html/pimes/system/View/View.php(246): include('/home/wwwmand/p...')
#4 /home/wwwmand/public_html/pimes/system/Common.php(1119): CodeIgniter\View\View->render('template/index', Array, true)
#5 /home/wwwmand/public_html/pimes/app/Controllers/Dashboard.php(172): view('template/index', Array)
#6 /home/wwwmand/public_html/pimes/system/CodeIgniter.php(918): App\Controllers\Dashboard->project_listing('40')
#7 /home/wwwmand/public_html/pimes/system/CodeIgniter.php(404): CodeIgniter\CodeIgniter->runController(Object(App\Controllers\Dashboard))
#8 /home/wwwmand/public_html/pimes/system/CodeIgniter.php(312): CodeIgniter\CodeIgniter->handleRequest(NULL, Object(Config\Cache), false)
#9 /home/wwwmand/public_html/pimes/index.php(45): CodeIgniter\CodeIgniter->run()
#10 {main}
CRITICAL - 2021-05-13 08:40:51 --> Call to a member function query() on null
#0 /home/wwwmand/public_html/pimes/system/View/View.php(246): include()
#1 /home/wwwmand/public_html/pimes/system/Common.php(1119): CodeIgniter\View\View->render('office/dashboar...', Array, true)
#2 /home/wwwmand/public_html/pimes/app/Views/template/index.php(14): view('office/dashboar...')
#3 /home/wwwmand/public_html/pimes/system/View/View.php(246): include('/home/wwwmand/p...')
#4 /home/wwwmand/public_html/pimes/system/Common.php(1119): CodeIgniter\View\View->render('template/index', Array, true)
#5 /home/wwwmand/public_html/pimes/app/Controllers/Dashboard.php(172): view('template/index', Array)
#6 /home/wwwmand/public_html/pimes/system/CodeIgniter.php(918): App\Controllers\Dashboard->project_listing('40')
#7 /home/wwwmand/public_html/pimes/system/CodeIgniter.php(404): CodeIgniter\CodeIgniter->runController(Object(App\Controllers\Dashboard))
#8 /home/wwwmand/public_html/pimes/system/CodeIgniter.php(312): CodeIgniter\CodeIgniter->handleRequest(NULL, Object(Config\Cache), false)
#9 /home/wwwmand/public_html/pimes/index.php(45): CodeIgniter\CodeIgniter->run()
#10 {main}
CRITICAL - 2021-05-13 08:41:57 --> Call to a member function query() on null
#0 /home/wwwmand/public_html/pimes/system/View/View.php(246): include()
#1 /home/wwwmand/public_html/pimes/system/Common.php(1119): CodeIgniter\View\View->render('office/dashboar...', Array, true)
#2 /home/wwwmand/public_html/pimes/app/Views/template/index.php(14): view('office/dashboar...')
#3 /home/wwwmand/public_html/pimes/system/View/View.php(246): include('/home/wwwmand/p...')
#4 /home/wwwmand/public_html/pimes/system/Common.php(1119): CodeIgniter\View\View->render('template/index', Array, true)
#5 /home/wwwmand/public_html/pimes/app/Controllers/Dashboard.php(172): view('template/index', Array)
#6 /home/wwwmand/public_html/pimes/system/CodeIgniter.php(918): App\Controllers\Dashboard->project_listing('40')
#7 /home/wwwmand/public_html/pimes/system/CodeIgniter.php(404): CodeIgniter\CodeIgniter->runController(Object(App\Controllers\Dashboard))
#8 /home/wwwmand/public_html/pimes/system/CodeIgniter.php(312): CodeIgniter\CodeIgniter->handleRequest(NULL, Object(Config\Cache), false)
#9 /home/wwwmand/public_html/pimes/index.php(45): CodeIgniter\CodeIgniter->run()
#10 {main}
CRITICAL - 2021-05-13 08:41:58 --> Call to a member function query() on null
#0 /home/wwwmand/public_html/pimes/system/View/View.php(246): include()
#1 /home/wwwmand/public_html/pimes/system/Common.php(1119): CodeIgniter\View\View->render('office/dashboar...', Array, true)
#2 /home/wwwmand/public_html/pimes/app/Views/template/index.php(14): view('office/dashboar...')
#3 /home/wwwmand/public_html/pimes/system/View/View.php(246): include('/home/wwwmand/p...')
#4 /home/wwwmand/public_html/pimes/system/Common.php(1119): CodeIgniter\View\View->render('template/index', Array, true)
#5 /home/wwwmand/public_html/pimes/app/Controllers/Dashboard.php(172): view('template/index', Array)
#6 /home/wwwmand/public_html/pimes/system/CodeIgniter.php(918): App\Controllers\Dashboard->project_listing('40')
#7 /home/wwwmand/public_html/pimes/system/CodeIgniter.php(404): CodeIgniter\CodeIgniter->runController(Object(App\Controllers\Dashboard))
#8 /home/wwwmand/public_html/pimes/system/CodeIgniter.php(312): CodeIgniter\CodeIgniter->handleRequest(NULL, Object(Config\Cache), false)
#9 /home/wwwmand/public_html/pimes/index.php(45): CodeIgniter\CodeIgniter->run()
#10 {main}
CRITICAL - 2021-05-13 08:42:01 --> Call to a member function query() on null
#0 /home/wwwmand/public_html/pimes/system/View/View.php(246): include()
#1 /home/wwwmand/public_html/pimes/system/Common.php(1119): CodeIgniter\View\View->render('office/dashboar...', Array, true)
#2 /home/wwwmand/public_html/pimes/app/Views/template/index.php(14): view('office/dashboar...')
#3 /home/wwwmand/public_html/pimes/system/View/View.php(246): include('/home/wwwmand/p...')
#4 /home/wwwmand/public_html/pimes/system/Common.php(1119): CodeIgniter\View\View->render('template/index', Array, true)
#5 /home/wwwmand/public_html/pimes/app/Controllers/Dashboard.php(172): view('template/index', Array)
#6 /home/wwwmand/public_html/pimes/system/CodeIgniter.php(918): App\Controllers\Dashboard->project_listing('40')
#7 /home/wwwmand/public_html/pimes/system/CodeIgniter.php(404): CodeIgniter\CodeIgniter->runController(Object(App\Controllers\Dashboard))
#8 /home/wwwmand/public_html/pimes/system/CodeIgniter.php(312): CodeIgniter\CodeIgniter->handleRequest(NULL, Object(Config\Cache), false)
#9 /home/wwwmand/public_html/pimes/index.php(45): CodeIgniter\CodeIgniter->run()
#10 {main}
CRITICAL - 2021-05-13 08:43:38 --> Call to a member function query() on null
#0 /home/wwwmand/public_html/pimes/system/View/View.php(246): include()
#1 /home/wwwmand/public_html/pimes/system/Common.php(1119): CodeIgniter\View\View->render('office/dashboar...', Array, true)
#2 /home/wwwmand/public_html/pimes/app/Views/template/index.php(14): view('office/dashboar...')
#3 /home/wwwmand/public_html/pimes/system/View/View.php(246): include('/home/wwwmand/p...')
#4 /home/wwwmand/public_html/pimes/system/Common.php(1119): CodeIgniter\View\View->render('template/index', Array, true)
#5 /home/wwwmand/public_html/pimes/app/Controllers/Dashboard.php(172): view('template/index', Array)
#6 /home/wwwmand/public_html/pimes/system/CodeIgniter.php(918): App\Controllers\Dashboard->project_listing('40')
#7 /home/wwwmand/public_html/pimes/system/CodeIgniter.php(404): CodeIgniter\CodeIgniter->runController(Object(App\Controllers\Dashboard))
#8 /home/wwwmand/public_html/pimes/system/CodeIgniter.php(312): CodeIgniter\CodeIgniter->handleRequest(NULL, Object(Config\Cache), false)
#9 /home/wwwmand/public_html/pimes/index.php(45): CodeIgniter\CodeIgniter->run()
#10 {main}
CRITICAL - 2021-05-13 08:43:39 --> Call to a member function query() on null
#0 /home/wwwmand/public_html/pimes/system/View/View.php(246): include()
#1 /home/wwwmand/public_html/pimes/system/Common.php(1119): CodeIgniter\View\View->render('office/dashboar...', Array, true)
#2 /home/wwwmand/public_html/pimes/app/Views/template/index.php(14): view('office/dashboar...')
#3 /home/wwwmand/public_html/pimes/system/View/View.php(246): include('/home/wwwmand/p...')
#4 /home/wwwmand/public_html/pimes/system/Common.php(1119): CodeIgniter\View\View->render('template/index', Array, true)
#5 /home/wwwmand/public_html/pimes/app/Controllers/Dashboard.php(172): view('template/index', Array)
#6 /home/wwwmand/public_html/pimes/system/CodeIgniter.php(918): App\Controllers\Dashboard->project_listing('40')
#7 /home/wwwmand/public_html/pimes/system/CodeIgniter.php(404): CodeIgniter\CodeIgniter->runController(Object(App\Controllers\Dashboard))
#8 /home/wwwmand/public_html/pimes/system/CodeIgniter.php(312): CodeIgniter\CodeIgniter->handleRequest(NULL, Object(Config\Cache), false)
#9 /home/wwwmand/public_html/pimes/index.php(45): CodeIgniter\CodeIgniter->run()
#10 {main}
CRITICAL - 2021-05-13 08:43:44 --> Call to a member function query() on null
#0 /home/wwwmand/public_html/pimes/system/View/View.php(246): include()
#1 /home/wwwmand/public_html/pimes/system/Common.php(1119): CodeIgniter\View\View->render('office/dashboar...', Array, true)
#2 /home/wwwmand/public_html/pimes/app/Views/template/index.php(14): view('office/dashboar...')
#3 /home/wwwmand/public_html/pimes/system/View/View.php(246): include('/home/wwwmand/p...')
#4 /home/wwwmand/public_html/pimes/system/Common.php(1119): CodeIgniter\View\View->render('template/index', Array, true)
#5 /home/wwwmand/public_html/pimes/app/Controllers/Dashboard.php(172): view('template/index', Array)
#6 /home/wwwmand/public_html/pimes/system/CodeIgniter.php(918): App\Controllers\Dashboard->project_listing('40')
#7 /home/wwwmand/public_html/pimes/system/CodeIgniter.php(404): CodeIgniter\CodeIgniter->runController(Object(App\Controllers\Dashboard))
#8 /home/wwwmand/public_html/pimes/system/CodeIgniter.php(312): CodeIgniter\CodeIgniter->handleRequest(NULL, Object(Config\Cache), false)
#9 /home/wwwmand/public_html/pimes/index.php(45): CodeIgniter\CodeIgniter->run()
#10 {main}
CRITICAL - 2021-05-13 08:44:40 --> Undefined variable: db
#0 /home/wwwmand/public_html/pimes/app/Views/office/dashboard/project_list.php(40): CodeIgniter\Debug\Exceptions->errorHandler(8, 'Undefined varia...', '/home/wwwmand/p...', 40, Array)
#1 /home/wwwmand/public_html/pimes/system/View/View.php(246): include('/home/wwwmand/p...')
#2 /home/wwwmand/public_html/pimes/system/Common.php(1119): CodeIgniter\View\View->render('office/dashboar...', Array, true)
#3 /home/wwwmand/public_html/pimes/app/Views/template/index.php(14): view('office/dashboar...')
#4 /home/wwwmand/public_html/pimes/system/View/View.php(246): include('/home/wwwmand/p...')
#5 /home/wwwmand/public_html/pimes/system/Common.php(1119): CodeIgniter\View\View->render('template/index', Array, true)
#6 /home/wwwmand/public_html/pimes/app/Controllers/Dashboard.php(172): view('template/index', Array)
#7 /home/wwwmand/public_html/pimes/system/CodeIgniter.php(918): App\Controllers\Dashboard->project_listing('40')
#8 /home/wwwmand/public_html/pimes/system/CodeIgniter.php(404): CodeIgniter\CodeIgniter->runController(Object(App\Controllers\Dashboard))
#9 /home/wwwmand/public_html/pimes/system/CodeIgniter.php(312): CodeIgniter\CodeIgniter->handleRequest(NULL, Object(Config\Cache), false)
#10 /home/wwwmand/public_html/pimes/index.php(45): CodeIgniter\CodeIgniter->run()
#11 {main}
CRITICAL - 2021-05-13 08:44:41 --> Undefined variable: db
#0 /home/wwwmand/public_html/pimes/app/Views/office/dashboard/project_list.php(40): CodeIgniter\Debug\Exceptions->errorHandler(8, 'Undefined varia...', '/home/wwwmand/p...', 40, Array)
#1 /home/wwwmand/public_html/pimes/system/View/View.php(246): include('/home/wwwmand/p...')
#2 /home/wwwmand/public_html/pimes/system/Common.php(1119): CodeIgniter\View\View->render('office/dashboar...', Array, true)
#3 /home/wwwmand/public_html/pimes/app/Views/template/index.php(14): view('office/dashboar...')
#4 /home/wwwmand/public_html/pimes/system/View/View.php(246): include('/home/wwwmand/p...')
#5 /home/wwwmand/public_html/pimes/system/Common.php(1119): CodeIgniter\View\View->render('template/index', Array, true)
#6 /home/wwwmand/public_html/pimes/app/Controllers/Dashboard.php(172): view('template/index', Array)
#7 /home/wwwmand/public_html/pimes/system/CodeIgniter.php(918): App\Controllers\Dashboard->project_listing('40')
#8 /home/wwwmand/public_html/pimes/system/CodeIgniter.php(404): CodeIgniter\CodeIgniter->runController(Object(App\Controllers\Dashboard))
#9 /home/wwwmand/public_html/pimes/system/CodeIgniter.php(312): CodeIgniter\CodeIgniter->handleRequest(NULL, Object(Config\Cache), false)
#10 /home/wwwmand/public_html/pimes/index.php(45): CodeIgniter\CodeIgniter->run()
#11 {main}
