CRITICAL - 2021-06-25 08:47:31 --> Table 'FAWE.project_annual_plan_workflow' doesn't exist
#0 E:\www\FAWE\system\Database\MySQLi\Connection.php(331): mysqli->query('SELECT *\nFROM `...')
#1 E:\www\FAWE\system\Database\BaseConnection.php(741): CodeIgniter\Database\MySQLi\Connection->execute('SELECT *\nFROM `...')
#2 E:\www\FAWE\system\Database\BaseConnection.php(669): CodeIgniter\Database\BaseConnection->simpleQuery('SELECT *\nFROM `...')
#3 E:\www\FAWE\system\Database\BaseBuilder.php(1860): CodeIgniter\Database\BaseConnection->query('SELECT *\nFROM `...', Array, false)
#4 E:\www\FAWE\system\Common.php(1187): CodeIgniter\Database\BaseBuilder->get()
#5 E:\www\FAWE\app\Views\office\planning\project_data\project_annual_plan\logframe.php(66): get_by_id('id', '3', 'project_annual_...')
#6 E:\www\FAWE\system\View\View.php(246): include('E:\\www\\FAWE\\ap...')
#7 E:\www\FAWE\system\Common.php(1119): CodeIgniter\View\View->render('office/planning...', Array, true)
#8 E:\www\FAWE\app\Views\template\index.php(14): view('office/planning...')
#9 E:\www\FAWE\system\View\View.php(246): include('E:\\www\\FAWE\\ap...')
#10 E:\www\FAWE\system\Common.php(1119): CodeIgniter\View\View->render('template/index', Array, true)
#11 E:\www\FAWE\app\Controllers\Planning\Project_annual_plan.php(338): view('template/index', Array)
#12 E:\www\FAWE\system\CodeIgniter.php(918): App\Controllers\Planning\Project_annual_plan->logframe('3')
#13 E:\www\FAWE\system\CodeIgniter.php(404): CodeIgniter\CodeIgniter->runController(Object(App\Controllers\Planning\Project_annual_plan))
#14 E:\www\FAWE\system\CodeIgniter.php(312): CodeIgniter\CodeIgniter->handleRequest(NULL, Object(Config\Cache), false)
#15 E:\www\FAWE\index.php(45): CodeIgniter\CodeIgniter->run()
#16 {main}
CRITICAL - 2021-06-25 08:47:32 --> Table 'FAWE.project_annual_plan_workflow' doesn't exist
#0 E:\www\FAWE\system\Database\MySQLi\Connection.php(331): mysqli->query('SELECT *\nFROM `...')
#1 E:\www\FAWE\system\Database\BaseConnection.php(741): CodeIgniter\Database\MySQLi\Connection->execute('SELECT *\nFROM `...')
#2 E:\www\FAWE\system\Database\BaseConnection.php(669): CodeIgniter\Database\BaseConnection->simpleQuery('SELECT *\nFROM `...')
#3 E:\www\FAWE\system\Database\BaseBuilder.php(1860): CodeIgniter\Database\BaseConnection->query('SELECT *\nFROM `...', Array, false)
#4 E:\www\FAWE\system\Common.php(1187): CodeIgniter\Database\BaseBuilder->get()
#5 E:\www\FAWE\app\Views\office\planning\project_data\project_annual_plan\logframe.php(66): get_by_id('id', '3', 'project_annual_...')
#6 E:\www\FAWE\system\View\View.php(246): include('E:\\www\\FAWE\\ap...')
#7 E:\www\FAWE\system\Common.php(1119): CodeIgniter\View\View->render('office/planning...', Array, true)
#8 E:\www\FAWE\app\Views\template\index.php(14): view('office/planning...')
#9 E:\www\FAWE\system\View\View.php(246): include('E:\\www\\FAWE\\ap...')
#10 E:\www\FAWE\system\Common.php(1119): CodeIgniter\View\View->render('template/index', Array, true)
#11 E:\www\FAWE\app\Controllers\Planning\Project_annual_plan.php(338): view('template/index', Array)
#12 E:\www\FAWE\system\CodeIgniter.php(918): App\Controllers\Planning\Project_annual_plan->logframe('3')
#13 E:\www\FAWE\system\CodeIgniter.php(404): CodeIgniter\CodeIgniter->runController(Object(App\Controllers\Planning\Project_annual_plan))
#14 E:\www\FAWE\system\CodeIgniter.php(312): CodeIgniter\CodeIgniter->handleRequest(NULL, Object(Config\Cache), false)
#15 E:\www\FAWE\index.php(45): CodeIgniter\CodeIgniter->run()
#16 {main}
CRITICAL - 2021-06-25 08:49:36 --> Table 'FAWE.project_annual_plan_workflow' doesn't exist
#0 E:\www\FAWE\system\Database\MySQLi\Connection.php(331): mysqli->query('SELECT *\nFROM `...')
#1 E:\www\FAWE\system\Database\BaseConnection.php(741): CodeIgniter\Database\MySQLi\Connection->execute('SELECT *\nFROM `...')
#2 E:\www\FAWE\system\Database\BaseConnection.php(669): CodeIgniter\Database\BaseConnection->simpleQuery('SELECT *\nFROM `...')
#3 E:\www\FAWE\system\Database\BaseBuilder.php(1860): CodeIgniter\Database\BaseConnection->query('SELECT *\nFROM `...', Array, false)
#4 E:\www\FAWE\system\Model.php(506): CodeIgniter\Database\BaseBuilder->get()
#5 E:\www\FAWE\app\Controllers\Planning\Project_annual_plan.php(329): CodeIgniter\Model->first()
#6 E:\www\FAWE\system\CodeIgniter.php(918): App\Controllers\Planning\Project_annual_plan->logframe('3')
#7 E:\www\FAWE\system\CodeIgniter.php(404): CodeIgniter\CodeIgniter->runController(Object(App\Controllers\Planning\Project_annual_plan))
#8 E:\www\FAWE\system\CodeIgniter.php(312): CodeIgniter\CodeIgniter->handleRequest(NULL, Object(Config\Cache), false)
#9 E:\www\FAWE\index.php(45): CodeIgniter\CodeIgniter->run()
#10 {main}
CRITICAL - 2021-06-25 08:57:29 --> Table 'FAWE.project_annual_plan_workflow' doesn't exist
#0 E:\www\FAWE\system\Database\MySQLi\Connection.php(331): mysqli->query('SELECT *\nFROM `...')
#1 E:\www\FAWE\system\Database\BaseConnection.php(741): CodeIgniter\Database\MySQLi\Connection->execute('SELECT *\nFROM `...')
#2 E:\www\FAWE\system\Database\BaseConnection.php(669): CodeIgniter\Database\BaseConnection->simpleQuery('SELECT *\nFROM `...')
#3 E:\www\FAWE\system\Database\BaseBuilder.php(1860): CodeIgniter\Database\BaseConnection->query('SELECT *\nFROM `...', Array, false)
#4 E:\www\FAWE\system\Model.php(506): CodeIgniter\Database\BaseBuilder->get()
#5 E:\www\FAWE\app\Controllers\Planning\Project_annual_plan.php(329): CodeIgniter\Model->first()
#6 E:\www\FAWE\system\CodeIgniter.php(918): App\Controllers\Planning\Project_annual_plan->logframe('3')
#7 E:\www\FAWE\system\CodeIgniter.php(404): CodeIgniter\CodeIgniter->runController(Object(App\Controllers\Planning\Project_annual_plan))
#8 E:\www\FAWE\system\CodeIgniter.php(312): CodeIgniter\CodeIgniter->handleRequest(NULL, Object(Config\Cache), false)
#9 E:\www\FAWE\index.php(45): CodeIgniter\CodeIgniter->run()
#10 {main}
CRITICAL - 2021-06-25 09:03:56 --> Table 'FAWE.project_annual_plan_workflow' doesn't exist
#0 E:\www\FAWE\system\Database\MySQLi\Connection.php(331): mysqli->query('SELECT *\nFROM `...')
#1 E:\www\FAWE\system\Database\BaseConnection.php(741): CodeIgniter\Database\MySQLi\Connection->execute('SELECT *\nFROM `...')
#2 E:\www\FAWE\system\Database\BaseConnection.php(669): CodeIgniter\Database\BaseConnection->simpleQuery('SELECT *\nFROM `...')
#3 E:\www\FAWE\system\Database\BaseBuilder.php(1860): CodeIgniter\Database\BaseConnection->query('SELECT *\nFROM `...', Array, false)
#4 E:\www\FAWE\system\Model.php(506): CodeIgniter\Database\BaseBuilder->get()
#5 E:\www\FAWE\app\Controllers\Planning\Project_annual_plan.php(329): CodeIgniter\Model->first()
#6 E:\www\FAWE\system\CodeIgniter.php(918): App\Controllers\Planning\Project_annual_plan->logframe('3')
#7 E:\www\FAWE\system\CodeIgniter.php(404): CodeIgniter\CodeIgniter->runController(Object(App\Controllers\Planning\Project_annual_plan))
#8 E:\www\FAWE\system\CodeIgniter.php(312): CodeIgniter\CodeIgniter->handleRequest(NULL, Object(Config\Cache), false)
#9 E:\www\FAWE\index.php(45): CodeIgniter\CodeIgniter->run()
#10 {main}
CRITICAL - 2021-06-25 09:04:10 --> Table 'FAWE.project_annual_plan_workflow' doesn't exist
#0 E:\www\FAWE\system\Database\MySQLi\Connection.php(331): mysqli->query('SELECT *\nFROM `...')
#1 E:\www\FAWE\system\Database\BaseConnection.php(741): CodeIgniter\Database\MySQLi\Connection->execute('SELECT *\nFROM `...')
#2 E:\www\FAWE\system\Database\BaseConnection.php(669): CodeIgniter\Database\BaseConnection->simpleQuery('SELECT *\nFROM `...')
#3 E:\www\FAWE\system\Database\BaseBuilder.php(1860): CodeIgniter\Database\BaseConnection->query('SELECT *\nFROM `...', Array, false)
#4 E:\www\FAWE\system\Model.php(506): CodeIgniter\Database\BaseBuilder->get()
#5 E:\www\FAWE\app\Controllers\Planning\Project_annual_plan.php(174): CodeIgniter\Model->first()
#6 E:\www\FAWE\system\CodeIgniter.php(918): App\Controllers\Planning\Project_annual_plan->add('3')
#7 E:\www\FAWE\system\CodeIgniter.php(404): CodeIgniter\CodeIgniter->runController(Object(App\Controllers\Planning\Project_annual_plan))
#8 E:\www\FAWE\system\CodeIgniter.php(312): CodeIgniter\CodeIgniter->handleRequest(NULL, Object(Config\Cache), false)
#9 E:\www\FAWE\index.php(45): CodeIgniter\CodeIgniter->run()
#10 {main}
CRITICAL - 2021-06-25 09:04:20 --> Table 'FAWE.project_annual_plan_workflow' doesn't exist
#0 E:\www\FAWE\system\Database\MySQLi\Connection.php(331): mysqli->query('select * FROM p...')
#1 E:\www\FAWE\system\Database\BaseConnection.php(741): CodeIgniter\Database\MySQLi\Connection->execute('select * FROM p...')
#2 E:\www\FAWE\system\Database\BaseConnection.php(669): CodeIgniter\Database\BaseConnection->simpleQuery('select * FROM p...')
#3 E:\www\FAWE\app\Controllers\Planning\Project_annual_plan.php(106): CodeIgniter\Database\BaseConnection->query('select * FROM p...')
#4 E:\www\FAWE\system\CodeIgniter.php(918): App\Controllers\Planning\Project_annual_plan->select_list()
#5 E:\www\FAWE\system\CodeIgniter.php(404): CodeIgniter\CodeIgniter->runController(Object(App\Controllers\Planning\Project_annual_plan))
#6 E:\www\FAWE\system\CodeIgniter.php(312): CodeIgniter\CodeIgniter->handleRequest(NULL, Object(Config\Cache), false)
#7 E:\www\FAWE\index.php(45): CodeIgniter\CodeIgniter->run()
#8 {main}
CRITICAL - 2021-06-25 09:05:41 --> Table 'FAWE.project_annual_plan_workflow' doesn't exist
#0 E:\www\FAWE\system\Database\MySQLi\Connection.php(331): mysqli->query('select * FROM p...')
#1 E:\www\FAWE\system\Database\BaseConnection.php(741): CodeIgniter\Database\MySQLi\Connection->execute('select * FROM p...')
#2 E:\www\FAWE\system\Database\BaseConnection.php(669): CodeIgniter\Database\BaseConnection->simpleQuery('select * FROM p...')
#3 E:\www\FAWE\app\Controllers\Planning\Project_annual_plan.php(106): CodeIgniter\Database\BaseConnection->query('select * FROM p...')
#4 E:\www\FAWE\system\CodeIgniter.php(918): App\Controllers\Planning\Project_annual_plan->select_list()
#5 E:\www\FAWE\system\CodeIgniter.php(404): CodeIgniter\CodeIgniter->runController(Object(App\Controllers\Planning\Project_annual_plan))
#6 E:\www\FAWE\system\CodeIgniter.php(312): CodeIgniter\CodeIgniter->handleRequest(NULL, Object(Config\Cache), false)
#7 E:\www\FAWE\index.php(45): CodeIgniter\CodeIgniter->run()
#8 {main}
CRITICAL - 2021-06-25 10:57:39 --> Undefined variable: enddate
#0 E:\www\FAWE\app\Views\office\planning\project_data\project_annual_plan\add.php(80): CodeIgniter\Debug\Exceptions->errorHandler(8, 'Undefined varia...', 'E:\\www\\FAWE\\ap...', 80, Array)
#1 E:\www\FAWE\system\View\View.php(246): include('E:\\www\\FAWE\\ap...')
#2 E:\www\FAWE\system\Common.php(1119): CodeIgniter\View\View->render('office/planning...', Array, true)
#3 E:\www\FAWE\app\Views\template\index.php(14): view('office/planning...')
#4 E:\www\FAWE\system\View\View.php(246): include('E:\\www\\FAWE\\ap...')
#5 E:\www\FAWE\system\Common.php(1119): CodeIgniter\View\View->render('template/index', Array, true)
#6 E:\www\FAWE\app\Controllers\Planning\Project_annual_plan.php(190): view('template/index', Array)
#7 E:\www\FAWE\system\CodeIgniter.php(918): App\Controllers\Planning\Project_annual_plan->add('1')
#8 E:\www\FAWE\system\CodeIgniter.php(404): CodeIgniter\CodeIgniter->runController(Object(App\Controllers\Planning\Project_annual_plan))
#9 E:\www\FAWE\system\CodeIgniter.php(312): CodeIgniter\CodeIgniter->handleRequest(NULL, Object(Config\Cache), false)
#10 E:\www\FAWE\index.php(45): CodeIgniter\CodeIgniter->run()
#11 {main}
CRITICAL - 2021-06-25 10:57:39 --> Undefined variable: enddate
#0 E:\www\FAWE\app\Views\office\planning\project_data\project_annual_plan\add.php(80): CodeIgniter\Debug\Exceptions->errorHandler(8, 'Undefined varia...', 'E:\\www\\FAWE\\ap...', 80, Array)
#1 E:\www\FAWE\system\View\View.php(246): include('E:\\www\\FAWE\\ap...')
#2 E:\www\FAWE\system\Common.php(1119): CodeIgniter\View\View->render('office/planning...', Array, true)
#3 E:\www\FAWE\app\Views\template\index.php(14): view('office/planning...')
#4 E:\www\FAWE\system\View\View.php(246): include('E:\\www\\FAWE\\ap...')
#5 E:\www\FAWE\system\Common.php(1119): CodeIgniter\View\View->render('template/index', Array, true)
#6 E:\www\FAWE\app\Controllers\Planning\Project_annual_plan.php(190): view('template/index', Array)
#7 E:\www\FAWE\system\CodeIgniter.php(918): App\Controllers\Planning\Project_annual_plan->add('1')
#8 E:\www\FAWE\system\CodeIgniter.php(404): CodeIgniter\CodeIgniter->runController(Object(App\Controllers\Planning\Project_annual_plan))
#9 E:\www\FAWE\system\CodeIgniter.php(312): CodeIgniter\CodeIgniter->handleRequest(NULL, Object(Config\Cache), false)
#10 E:\www\FAWE\index.php(45): CodeIgniter\CodeIgniter->run()
#11 {main}
CRITICAL - 2021-06-25 10:58:48 --> Undefined variable: startdate
#0 E:\www\FAWE\app\Views\office\planning\project_data\project_annual_plan\add.php(127): CodeIgniter\Debug\Exceptions->errorHandler(8, 'Undefined varia...', 'E:\\www\\FAWE\\ap...', 127, Array)
#1 E:\www\FAWE\system\View\View.php(246): include('E:\\www\\FAWE\\ap...')
#2 E:\www\FAWE\system\Common.php(1119): CodeIgniter\View\View->render('office/planning...', Array, true)
#3 E:\www\FAWE\app\Views\template\index.php(14): view('office/planning...')
#4 E:\www\FAWE\system\View\View.php(246): include('E:\\www\\FAWE\\ap...')
#5 E:\www\FAWE\system\Common.php(1119): CodeIgniter\View\View->render('template/index', Array, true)
#6 E:\www\FAWE\app\Controllers\Planning\Project_annual_plan.php(190): view('template/index', Array)
#7 E:\www\FAWE\system\CodeIgniter.php(918): App\Controllers\Planning\Project_annual_plan->add('1')
#8 E:\www\FAWE\system\CodeIgniter.php(404): CodeIgniter\CodeIgniter->runController(Object(App\Controllers\Planning\Project_annual_plan))
#9 E:\www\FAWE\system\CodeIgniter.php(312): CodeIgniter\CodeIgniter->handleRequest(NULL, Object(Config\Cache), false)
#10 E:\www\FAWE\index.php(45): CodeIgniter\CodeIgniter->run()
#11 {main}
CRITICAL - 2021-06-25 10:58:48 --> Undefined variable: startdate
#0 E:\www\FAWE\app\Views\office\planning\project_data\project_annual_plan\add.php(127): CodeIgniter\Debug\Exceptions->errorHandler(8, 'Undefined varia...', 'E:\\www\\FAWE\\ap...', 127, Array)
#1 E:\www\FAWE\system\View\View.php(246): include('E:\\www\\FAWE\\ap...')
#2 E:\www\FAWE\system\Common.php(1119): CodeIgniter\View\View->render('office/planning...', Array, true)
#3 E:\www\FAWE\app\Views\template\index.php(14): view('office/planning...')
#4 E:\www\FAWE\system\View\View.php(246): include('E:\\www\\FAWE\\ap...')
#5 E:\www\FAWE\system\Common.php(1119): CodeIgniter\View\View->render('template/index', Array, true)
#6 E:\www\FAWE\app\Controllers\Planning\Project_annual_plan.php(190): view('template/index', Array)
#7 E:\www\FAWE\system\CodeIgniter.php(918): App\Controllers\Planning\Project_annual_plan->add('1')
#8 E:\www\FAWE\system\CodeIgniter.php(404): CodeIgniter\CodeIgniter->runController(Object(App\Controllers\Planning\Project_annual_plan))
#9 E:\www\FAWE\system\CodeIgniter.php(312): CodeIgniter\CodeIgniter->handleRequest(NULL, Object(Config\Cache), false)
#10 E:\www\FAWE\index.php(45): CodeIgniter\CodeIgniter->run()
#11 {main}
CRITICAL - 2021-06-25 11:00:11 --> Undefined variable: startdate
#0 E:\www\FAWE\app\Views\office\planning\project_data\project_annual_plan\add.php(164): CodeIgniter\Debug\Exceptions->errorHandler(8, 'Undefined varia...', 'E:\\www\\FAWE\\ap...', 164, Array)
#1 E:\www\FAWE\system\View\View.php(246): include('E:\\www\\FAWE\\ap...')
#2 E:\www\FAWE\system\Common.php(1119): CodeIgniter\View\View->render('office/planning...', Array, true)
#3 E:\www\FAWE\app\Views\template\index.php(14): view('office/planning...')
#4 E:\www\FAWE\system\View\View.php(246): include('E:\\www\\FAWE\\ap...')
#5 E:\www\FAWE\system\Common.php(1119): CodeIgniter\View\View->render('template/index', Array, true)
#6 E:\www\FAWE\app\Controllers\Planning\Project_annual_plan.php(190): view('template/index', Array)
#7 E:\www\FAWE\system\CodeIgniter.php(918): App\Controllers\Planning\Project_annual_plan->add('1')
#8 E:\www\FAWE\system\CodeIgniter.php(404): CodeIgniter\CodeIgniter->runController(Object(App\Controllers\Planning\Project_annual_plan))
#9 E:\www\FAWE\system\CodeIgniter.php(312): CodeIgniter\CodeIgniter->handleRequest(NULL, Object(Config\Cache), false)
#10 E:\www\FAWE\index.php(45): CodeIgniter\CodeIgniter->run()
#11 {main}
CRITICAL - 2021-06-25 11:00:11 --> Undefined variable: startdate
#0 E:\www\FAWE\app\Views\office\planning\project_data\project_annual_plan\add.php(164): CodeIgniter\Debug\Exceptions->errorHandler(8, 'Undefined varia...', 'E:\\www\\FAWE\\ap...', 164, Array)
#1 E:\www\FAWE\system\View\View.php(246): include('E:\\www\\FAWE\\ap...')
#2 E:\www\FAWE\system\Common.php(1119): CodeIgniter\View\View->render('office/planning...', Array, true)
#3 E:\www\FAWE\app\Views\template\index.php(14): view('office/planning...')
#4 E:\www\FAWE\system\View\View.php(246): include('E:\\www\\FAWE\\ap...')
#5 E:\www\FAWE\system\Common.php(1119): CodeIgniter\View\View->render('template/index', Array, true)
#6 E:\www\FAWE\app\Controllers\Planning\Project_annual_plan.php(190): view('template/index', Array)
#7 E:\www\FAWE\system\CodeIgniter.php(918): App\Controllers\Planning\Project_annual_plan->add('1')
#8 E:\www\FAWE\system\CodeIgniter.php(404): CodeIgniter\CodeIgniter->runController(Object(App\Controllers\Planning\Project_annual_plan))
#9 E:\www\FAWE\system\CodeIgniter.php(312): CodeIgniter\CodeIgniter->handleRequest(NULL, Object(Config\Cache), false)
#10 E:\www\FAWE\index.php(45): CodeIgniter\CodeIgniter->run()
#11 {main}
