CRITICAL - 2021-08-02 00:22:14 --> Table 'creaw.county' doesn't exist
#0 E:\www\creaw\system\Database\MySQLi\Connection.php(331): mysqli->query('select  * from ...')
#1 E:\www\creaw\system\Database\BaseConnection.php(741): CodeIgniter\Database\MySQLi\Connection->execute('select  * from ...')
#2 E:\www\creaw\system\Database\BaseConnection.php(669): CodeIgniter\Database\BaseConnection->simpleQuery('select  * from ...')
#3 E:\www\creaw\app\Views\office\system_reports\cases_report\cases_field_office\list.php(99): CodeIgniter\Database\BaseConnection->query('select  * from ...')
#4 E:\www\creaw\system\View\View.php(246): include('E:\\www\\creaw\\ap...')
#5 E:\www\creaw\system\Common.php(1119): CodeIgniter\View\View->render('office/system_r...', Array, true)
#6 E:\www\creaw\app\Views\template\index.php(14): view('office/system_r...')
#7 E:\www\creaw\system\View\View.php(246): include('E:\\www\\creaw\\ap...')
#8 E:\www\creaw\system\Common.php(1119): CodeIgniter\View\View->render('template/index', Array, true)
#9 E:\www\creaw\app\Controllers\System_reports\Cases_field_office.php(74): view('template/index', Array)
#10 E:\www\creaw\system\CodeIgniter.php(918): App\Controllers\system_reports\Cases_field_office->index()
#11 E:\www\creaw\system\CodeIgniter.php(404): CodeIgniter\CodeIgniter->runController(Object(App\Controllers\system_reports\Cases_field_office))
#12 E:\www\creaw\system\CodeIgniter.php(312): CodeIgniter\CodeIgniter->handleRequest(NULL, Object(Config\Cache), false)
#13 E:\www\creaw\index.php(45): CodeIgniter\CodeIgniter->run()
#14 {main}
CRITICAL - 2021-08-02 00:22:14 --> Table 'creaw.county' doesn't exist
#0 E:\www\creaw\system\Database\MySQLi\Connection.php(331): mysqli->query('select  * from ...')
#1 E:\www\creaw\system\Database\BaseConnection.php(741): CodeIgniter\Database\MySQLi\Connection->execute('select  * from ...')
#2 E:\www\creaw\system\Database\BaseConnection.php(669): CodeIgniter\Database\BaseConnection->simpleQuery('select  * from ...')
#3 E:\www\creaw\app\Views\office\system_reports\cases_report\cases_field_office\list.php(99): CodeIgniter\Database\BaseConnection->query('select  * from ...')
#4 E:\www\creaw\system\View\View.php(246): include('E:\\www\\creaw\\ap...')
#5 E:\www\creaw\system\Common.php(1119): CodeIgniter\View\View->render('office/system_r...', Array, true)
#6 E:\www\creaw\app\Views\template\index.php(14): view('office/system_r...')
#7 E:\www\creaw\system\View\View.php(246): include('E:\\www\\creaw\\ap...')
#8 E:\www\creaw\system\Common.php(1119): CodeIgniter\View\View->render('template/index', Array, true)
#9 E:\www\creaw\app\Controllers\System_reports\Cases_field_office.php(74): view('template/index', Array)
#10 E:\www\creaw\system\CodeIgniter.php(918): App\Controllers\system_reports\Cases_field_office->index()
#11 E:\www\creaw\system\CodeIgniter.php(404): CodeIgniter\CodeIgniter->runController(Object(App\Controllers\system_reports\Cases_field_office))
#12 E:\www\creaw\system\CodeIgniter.php(312): CodeIgniter\CodeIgniter->handleRequest(NULL, Object(Config\Cache), false)
#13 E:\www\creaw\index.php(45): CodeIgniter\CodeIgniter->run()
#14 {main}
CRITICAL - 2021-08-02 00:23:41 --> Undefined variable: field_office
#0 E:\www\creaw\app\Views\office\system_reports\cases_report\cases_field_office\list.php(145): CodeIgniter\Debug\Exceptions->errorHandler(8, 'Undefined varia...', 'E:\\www\\creaw\\ap...', 145, Array)
#1 E:\www\creaw\system\View\View.php(246): include('E:\\www\\creaw\\ap...')
#2 E:\www\creaw\system\Common.php(1119): CodeIgniter\View\View->render('office/system_r...', Array, true)
#3 E:\www\creaw\app\Views\template\index.php(14): view('office/system_r...')
#4 E:\www\creaw\system\View\View.php(246): include('E:\\www\\creaw\\ap...')
#5 E:\www\creaw\system\Common.php(1119): CodeIgniter\View\View->render('template/index', Array, true)
#6 E:\www\creaw\app\Controllers\System_reports\Cases_field_office.php(74): view('template/index', Array)
#7 E:\www\creaw\system\CodeIgniter.php(918): App\Controllers\system_reports\Cases_field_office->index()
#8 E:\www\creaw\system\CodeIgniter.php(404): CodeIgniter\CodeIgniter->runController(Object(App\Controllers\system_reports\Cases_field_office))
#9 E:\www\creaw\system\CodeIgniter.php(312): CodeIgniter\CodeIgniter->handleRequest(NULL, Object(Config\Cache), false)
#10 E:\www\creaw\index.php(45): CodeIgniter\CodeIgniter->run()
#11 {main}
CRITICAL - 2021-08-02 00:24:10 --> Undefined variable: field_office
#0 E:\www\creaw\app\Views\office\system_reports\cases_report\cases_field_office\list.php(145): CodeIgniter\Debug\Exceptions->errorHandler(8, 'Undefined varia...', 'E:\\www\\creaw\\ap...', 145, Array)
#1 E:\www\creaw\system\View\View.php(246): include('E:\\www\\creaw\\ap...')
#2 E:\www\creaw\system\Common.php(1119): CodeIgniter\View\View->render('office/system_r...', Array, true)
#3 E:\www\creaw\app\Views\template\index.php(14): view('office/system_r...')
#4 E:\www\creaw\system\View\View.php(246): include('E:\\www\\creaw\\ap...')
#5 E:\www\creaw\system\Common.php(1119): CodeIgniter\View\View->render('template/index', Array, true)
#6 E:\www\creaw\app\Controllers\System_reports\Cases_field_office.php(74): view('template/index', Array)
#7 E:\www\creaw\system\CodeIgniter.php(918): App\Controllers\system_reports\Cases_field_office->index()
#8 E:\www\creaw\system\CodeIgniter.php(404): CodeIgniter\CodeIgniter->runController(Object(App\Controllers\system_reports\Cases_field_office))
#9 E:\www\creaw\system\CodeIgniter.php(312): CodeIgniter\CodeIgniter->handleRequest(NULL, Object(Config\Cache), false)
#10 E:\www\creaw\index.php(45): CodeIgniter\CodeIgniter->run()
#11 {main}
CRITICAL - 2021-08-02 00:24:55 --> Undefined variable: field_office
#0 E:\www\creaw\app\Views\office\system_reports\cases_report\cases_field_office\report.php(20): CodeIgniter\Debug\Exceptions->errorHandler(8, 'Undefined varia...', 'E:\\www\\creaw\\ap...', 20, Array)
#1 E:\www\creaw\app\Views\office\system_reports\cases_report\cases_field_office\list.php(175): include('E:\\www\\creaw\\ap...')
#2 E:\www\creaw\system\View\View.php(246): include('E:\\www\\creaw\\ap...')
#3 E:\www\creaw\system\Common.php(1119): CodeIgniter\View\View->render('office/system_r...', Array, true)
#4 E:\www\creaw\app\Views\template\index.php(14): view('office/system_r...')
#5 E:\www\creaw\system\View\View.php(246): include('E:\\www\\creaw\\ap...')
#6 E:\www\creaw\system\Common.php(1119): CodeIgniter\View\View->render('template/index', Array, true)
#7 E:\www\creaw\app\Controllers\System_reports\Cases_field_office.php(74): view('template/index', Array)
#8 E:\www\creaw\system\CodeIgniter.php(918): App\Controllers\system_reports\Cases_field_office->index()
#9 E:\www\creaw\system\CodeIgniter.php(404): CodeIgniter\CodeIgniter->runController(Object(App\Controllers\system_reports\Cases_field_office))
#10 E:\www\creaw\system\CodeIgniter.php(312): CodeIgniter\CodeIgniter->handleRequest(NULL, Object(Config\Cache), false)
#11 E:\www\creaw\index.php(45): CodeIgniter\CodeIgniter->run()
#12 {main}
CRITICAL - 2021-08-02 00:25:15 --> Unknown column 'flag' in 'where clause'
#0 E:\www\creaw\system\Database\MySQLi\Connection.php(331): mysqli->query('SELECT *\nFROM `...')
#1 E:\www\creaw\system\Database\BaseConnection.php(741): CodeIgniter\Database\MySQLi\Connection->execute('SELECT *\nFROM `...')
#2 E:\www\creaw\system\Database\BaseConnection.php(669): CodeIgniter\Database\BaseConnection->simpleQuery('SELECT *\nFROM `...')
#3 E:\www\creaw\system\Database\BaseBuilder.php(1860): CodeIgniter\Database\BaseConnection->query('SELECT *\nFROM `...', Array, false)
#4 E:\www\creaw\system\Common.php(1187): CodeIgniter\Database\BaseBuilder->get()
#5 E:\www\creaw\app\Views\office\system_reports\cases_report\cases_field_office\report.php(20): get_by_id('id', '2', 'mas_county')
#6 E:\www\creaw\app\Views\office\system_reports\cases_report\cases_field_office\list.php(175): include('E:\\www\\creaw\\ap...')
#7 E:\www\creaw\system\View\View.php(246): include('E:\\www\\creaw\\ap...')
#8 E:\www\creaw\system\Common.php(1119): CodeIgniter\View\View->render('office/system_r...', Array, true)
#9 E:\www\creaw\app\Views\template\index.php(14): view('office/system_r...')
#10 E:\www\creaw\system\View\View.php(246): include('E:\\www\\creaw\\ap...')
#11 E:\www\creaw\system\Common.php(1119): CodeIgniter\View\View->render('template/index', Array, true)
#12 E:\www\creaw\app\Controllers\System_reports\Cases_field_office.php(74): view('template/index', Array)
#13 E:\www\creaw\system\CodeIgniter.php(918): App\Controllers\system_reports\Cases_field_office->index()
#14 E:\www\creaw\system\CodeIgniter.php(404): CodeIgniter\CodeIgniter->runController(Object(App\Controllers\system_reports\Cases_field_office))
#15 E:\www\creaw\system\CodeIgniter.php(312): CodeIgniter\CodeIgniter->handleRequest(NULL, Object(Config\Cache), false)
#16 E:\www\creaw\index.php(45): CodeIgniter\CodeIgniter->run()
#17 {main}
CRITICAL - 2021-08-02 00:31:04 --> Undefined variable: field_office
#0 E:\www\creaw\app\Views\office\system_reports\cases_report\cases_field_office\report.php(76): CodeIgniter\Debug\Exceptions->errorHandler(8, 'Undefined varia...', 'E:\\www\\creaw\\ap...', 76, Array)
#1 E:\www\creaw\app\Views\office\system_reports\cases_report\cases_field_office\list.php(175): include('E:\\www\\creaw\\ap...')
#2 E:\www\creaw\system\View\View.php(246): include('E:\\www\\creaw\\ap...')
#3 E:\www\creaw\system\Common.php(1119): CodeIgniter\View\View->render('office/system_r...', Array, true)
#4 E:\www\creaw\app\Views\template\index.php(14): view('office/system_r...')
#5 E:\www\creaw\system\View\View.php(246): include('E:\\www\\creaw\\ap...')
#6 E:\www\creaw\system\Common.php(1119): CodeIgniter\View\View->render('template/index', Array, true)
#7 E:\www\creaw\app\Controllers\System_reports\Cases_field_office.php(74): view('template/index', Array)
#8 E:\www\creaw\system\CodeIgniter.php(918): App\Controllers\system_reports\Cases_field_office->index()
#9 E:\www\creaw\system\CodeIgniter.php(404): CodeIgniter\CodeIgniter->runController(Object(App\Controllers\system_reports\Cases_field_office))
#10 E:\www\creaw\system\CodeIgniter.php(312): CodeIgniter\CodeIgniter->handleRequest(NULL, Object(Config\Cache), false)
#11 E:\www\creaw\index.php(45): CodeIgniter\CodeIgniter->run()
#12 {main}
CRITICAL - 2021-08-02 00:31:41 --> Undefined variable: field_office
#0 E:\www\creaw\app\Views\office\system_reports\cases_report\cases_field_office\report.php(151): CodeIgniter\Debug\Exceptions->errorHandler(8, 'Undefined varia...', 'E:\\www\\creaw\\ap...', 151, Array)
#1 E:\www\creaw\app\Views\office\system_reports\cases_report\cases_field_office\list.php(175): include('E:\\www\\creaw\\ap...')
#2 E:\www\creaw\system\View\View.php(246): include('E:\\www\\creaw\\ap...')
#3 E:\www\creaw\system\Common.php(1119): CodeIgniter\View\View->render('office/system_r...', Array, true)
#4 E:\www\creaw\app\Views\template\index.php(14): view('office/system_r...')
#5 E:\www\creaw\system\View\View.php(246): include('E:\\www\\creaw\\ap...')
#6 E:\www\creaw\system\Common.php(1119): CodeIgniter\View\View->render('template/index', Array, true)
#7 E:\www\creaw\app\Controllers\System_reports\Cases_field_office.php(74): view('template/index', Array)
#8 E:\www\creaw\system\CodeIgniter.php(918): App\Controllers\system_reports\Cases_field_office->index()
#9 E:\www\creaw\system\CodeIgniter.php(404): CodeIgniter\CodeIgniter->runController(Object(App\Controllers\system_reports\Cases_field_office))
#10 E:\www\creaw\system\CodeIgniter.php(312): CodeIgniter\CodeIgniter->handleRequest(NULL, Object(Config\Cache), false)
#11 E:\www\creaw\index.php(45): CodeIgniter\CodeIgniter->run()
#12 {main}
CRITICAL - 2021-08-02 00:33:26 --> Unknown column 'flag' in 'where clause'
#0 E:\www\creaw\system\Database\MySQLi\Connection.php(331): mysqli->query('SELECT *\nFROM `...')
#1 E:\www\creaw\system\Database\BaseConnection.php(741): CodeIgniter\Database\MySQLi\Connection->execute('SELECT *\nFROM `...')
#2 E:\www\creaw\system\Database\BaseConnection.php(669): CodeIgniter\Database\BaseConnection->simpleQuery('SELECT *\nFROM `...')
#3 E:\www\creaw\system\Database\BaseBuilder.php(1860): CodeIgniter\Database\BaseConnection->query('SELECT *\nFROM `...', Array, false)
#4 E:\www\creaw\system\Common.php(1187): CodeIgniter\Database\BaseBuilder->get()
#5 E:\www\creaw\app\Views\office\system_reports\cases_report\cases_field_office\report.php(20): get_by_id('id', '2', 'mas_county')
#6 E:\www\creaw\app\Views\office\system_reports\cases_report\cases_field_office\list.php(175): include('E:\\www\\creaw\\ap...')
#7 E:\www\creaw\system\View\View.php(246): include('E:\\www\\creaw\\ap...')
#8 E:\www\creaw\system\Common.php(1119): CodeIgniter\View\View->render('office/system_r...', Array, true)
#9 E:\www\creaw\app\Views\template\index.php(14): view('office/system_r...')
#10 E:\www\creaw\system\View\View.php(246): include('E:\\www\\creaw\\ap...')
#11 E:\www\creaw\system\Common.php(1119): CodeIgniter\View\View->render('template/index', Array, true)
#12 E:\www\creaw\app\Controllers\System_reports\Cases_field_office.php(74): view('template/index', Array)
#13 E:\www\creaw\system\CodeIgniter.php(918): App\Controllers\system_reports\Cases_field_office->index()
#14 E:\www\creaw\system\CodeIgniter.php(404): CodeIgniter\CodeIgniter->runController(Object(App\Controllers\system_reports\Cases_field_office))
#15 E:\www\creaw\system\CodeIgniter.php(312): CodeIgniter\CodeIgniter->handleRequest(NULL, Object(Config\Cache), false)
#16 E:\www\creaw\index.php(45): CodeIgniter\CodeIgniter->run()
#17 {main}
CRITICAL - 2021-08-02 00:33:40 --> Call to undefined function get_by_id_any()
#0 E:\www\creaw\app\Views\office\system_reports\cases_report\cases_field_office\list.php(175): include()
#1 E:\www\creaw\system\View\View.php(246): include('E:\\www\\creaw\\ap...')
#2 E:\www\creaw\system\Common.php(1119): CodeIgniter\View\View->render('office/system_r...', Array, true)
#3 E:\www\creaw\app\Views\template\index.php(14): view('office/system_r...')
#4 E:\www\creaw\system\View\View.php(246): include('E:\\www\\creaw\\ap...')
#5 E:\www\creaw\system\Common.php(1119): CodeIgniter\View\View->render('template/index', Array, true)
#6 E:\www\creaw\app\Controllers\System_reports\Cases_field_office.php(74): view('template/index', Array)
#7 E:\www\creaw\system\CodeIgniter.php(918): App\Controllers\system_reports\Cases_field_office->index()
#8 E:\www\creaw\system\CodeIgniter.php(404): CodeIgniter\CodeIgniter->runController(Object(App\Controllers\system_reports\Cases_field_office))
#9 E:\www\creaw\system\CodeIgniter.php(312): CodeIgniter\CodeIgniter->handleRequest(NULL, Object(Config\Cache), false)
#10 E:\www\creaw\index.php(45): CodeIgniter\CodeIgniter->run()
#11 {main}
CRITICAL - 2021-08-02 00:33:57 --> Undefined variable: field_office
#0 E:\www\creaw\app\Views\office\system_reports\cases_report\cases_field_office\report.php(76): CodeIgniter\Debug\Exceptions->errorHandler(8, 'Undefined varia...', 'E:\\www\\creaw\\ap...', 76, Array)
#1 E:\www\creaw\app\Views\office\system_reports\cases_report\cases_field_office\list.php(175): include('E:\\www\\creaw\\ap...')
#2 E:\www\creaw\system\View\View.php(246): include('E:\\www\\creaw\\ap...')
#3 E:\www\creaw\system\Common.php(1119): CodeIgniter\View\View->render('office/system_r...', Array, true)
#4 E:\www\creaw\app\Views\template\index.php(14): view('office/system_r...')
#5 E:\www\creaw\system\View\View.php(246): include('E:\\www\\creaw\\ap...')
#6 E:\www\creaw\system\Common.php(1119): CodeIgniter\View\View->render('template/index', Array, true)
#7 E:\www\creaw\app\Controllers\System_reports\Cases_field_office.php(74): view('template/index', Array)
#8 E:\www\creaw\system\CodeIgniter.php(918): App\Controllers\system_reports\Cases_field_office->index()
#9 E:\www\creaw\system\CodeIgniter.php(404): CodeIgniter\CodeIgniter->runController(Object(App\Controllers\system_reports\Cases_field_office))
#10 E:\www\creaw\system\CodeIgniter.php(312): CodeIgniter\CodeIgniter->handleRequest(NULL, Object(Config\Cache), false)
#11 E:\www\creaw\index.php(45): CodeIgniter\CodeIgniter->run()
#12 {main}
CRITICAL - 2021-08-02 00:42:50 --> Undefined variable: mas_county
#0 E:\www\creaw\app\Views\office\system_reports\cases_report\cases_field_office\export.php(67): CodeIgniter\Debug\Exceptions->errorHandler(8, 'Undefined varia...', 'E:\\www\\creaw\\ap...', 67, Array)
#1 E:\www\creaw\system\View\View.php(246): include('E:\\www\\creaw\\ap...')
#2 E:\www\creaw\system\Common.php(1119): CodeIgniter\View\View->render('office/system_r...', Array, true)
#3 E:\www\creaw\app\Controllers\System_reports\Cases_field_office.php(216): view('office/system_r...', Array)
#4 E:\www\creaw\system\CodeIgniter.php(918): App\Controllers\system_reports\Cases_field_office->print_page('2021', '07', '3')
#5 E:\www\creaw\system\CodeIgniter.php(404): CodeIgniter\CodeIgniter->runController(Object(App\Controllers\system_reports\Cases_field_office))
#6 E:\www\creaw\system\CodeIgniter.php(312): CodeIgniter\CodeIgniter->handleRequest(NULL, Object(Config\Cache), false)
#7 E:\www\creaw\index.php(45): CodeIgniter\CodeIgniter->run()
#8 {main}
CRITICAL - 2021-08-02 01:18:02 --> Table 'creaw.mas_structure' doesn't exist
#0 E:\www\creaw\system\Database\MySQLi\Connection.php(331): mysqli->query('SELECT *\nFROM `...')
#1 E:\www\creaw\system\Database\BaseConnection.php(741): CodeIgniter\Database\MySQLi\Connection->execute('SELECT *\nFROM `...')
#2 E:\www\creaw\system\Database\BaseConnection.php(669): CodeIgniter\Database\BaseConnection->simpleQuery('SELECT *\nFROM `...')
#3 E:\www\creaw\system\Database\BaseBuilder.php(1860): CodeIgniter\Database\BaseConnection->query('SELECT *\nFROM `...', Array, false)
#4 E:\www\creaw\system\Model.php(462): CodeIgniter\Database\BaseBuilder->get()
#5 E:\www\creaw\app\Controllers\User_management\Users.php(109): CodeIgniter\Model->findAll()
#6 E:\www\creaw\system\CodeIgniter.php(918): App\Controllers\user_management\Users->add()
#7 E:\www\creaw\system\CodeIgniter.php(404): CodeIgniter\CodeIgniter->runController(Object(App\Controllers\user_management\Users))
#8 E:\www\creaw\system\CodeIgniter.php(312): CodeIgniter\CodeIgniter->handleRequest(NULL, Object(Config\Cache), false)
#9 E:\www\creaw\index.php(45): CodeIgniter\CodeIgniter->run()
#10 {main}
CRITICAL - 2021-08-02 03:03:25 --> Table 'creaw.mas_structure' doesn't exist
#0 E:\www\creaw\system\Database\MySQLi\Connection.php(331): mysqli->query('SELECT *\nFROM `...')
#1 E:\www\creaw\system\Database\BaseConnection.php(741): CodeIgniter\Database\MySQLi\Connection->execute('SELECT *\nFROM `...')
#2 E:\www\creaw\system\Database\BaseConnection.php(669): CodeIgniter\Database\BaseConnection->simpleQuery('SELECT *\nFROM `...')
#3 E:\www\creaw\system\Database\BaseBuilder.php(1860): CodeIgniter\Database\BaseConnection->query('SELECT *\nFROM `...', Array, false)
#4 E:\www\creaw\system\Model.php(462): CodeIgniter\Database\BaseBuilder->get()
#5 E:\www\creaw\app\Controllers\User_management\Users.php(109): CodeIgniter\Model->findAll()
#6 E:\www\creaw\system\CodeIgniter.php(918): App\Controllers\user_management\Users->add()
#7 E:\www\creaw\system\CodeIgniter.php(404): CodeIgniter\CodeIgniter->runController(Object(App\Controllers\user_management\Users))
#8 E:\www\creaw\system\CodeIgniter.php(312): CodeIgniter\CodeIgniter->handleRequest(NULL, Object(Config\Cache), false)
#9 E:\www\creaw\index.php(45): CodeIgniter\CodeIgniter->run()
#10 {main}
CRITICAL - 2021-08-02 03:04:22 --> Table 'creaw.mas_structure' doesn't exist
#0 E:\www\creaw\system\Database\MySQLi\Connection.php(331): mysqli->query('SELECT *\nFROM `...')
#1 E:\www\creaw\system\Database\BaseConnection.php(741): CodeIgniter\Database\MySQLi\Connection->execute('SELECT *\nFROM `...')
#2 E:\www\creaw\system\Database\BaseConnection.php(669): CodeIgniter\Database\BaseConnection->simpleQuery('SELECT *\nFROM `...')
#3 E:\www\creaw\system\Database\BaseBuilder.php(1860): CodeIgniter\Database\BaseConnection->query('SELECT *\nFROM `...', Array, false)
#4 E:\www\creaw\system\Model.php(462): CodeIgniter\Database\BaseBuilder->get()
#5 E:\www\creaw\app\Controllers\User_management\Users.php(109): CodeIgniter\Model->findAll()
#6 E:\www\creaw\system\CodeIgniter.php(918): App\Controllers\user_management\Users->add()
#7 E:\www\creaw\system\CodeIgniter.php(404): CodeIgniter\CodeIgniter->runController(Object(App\Controllers\user_management\Users))
#8 E:\www\creaw\system\CodeIgniter.php(312): CodeIgniter\CodeIgniter->handleRequest(NULL, Object(Config\Cache), false)
#9 E:\www\creaw\index.php(45): CodeIgniter\CodeIgniter->run()
#10 {main}
CRITICAL - 2021-08-02 03:22:16 --> syntax error, unexpected end of file
#0 E:\www\creaw\system\Common.php(1119): CodeIgniter\View\View->render('template/leftpa...', Array, true)
#1 E:\www\creaw\app\Views\template\index.php(6): view('template/leftpa...')
#2 E:\www\creaw\system\View\View.php(246): include('E:\\www\\creaw\\ap...')
#3 E:\www\creaw\system\Common.php(1119): CodeIgniter\View\View->render('template/index', Array, true)
#4 E:\www\creaw\app\Controllers\Dashboard.php(57): view('template/index', Array)
#5 E:\www\creaw\system\CodeIgniter.php(918): App\Controllers\Dashboard->index()
#6 E:\www\creaw\system\CodeIgniter.php(404): CodeIgniter\CodeIgniter->runController(Object(App\Controllers\Dashboard))
#7 E:\www\creaw\system\CodeIgniter.php(312): CodeIgniter\CodeIgniter->handleRequest(NULL, Object(Config\Cache), false)
#8 E:\www\creaw\index.php(45): CodeIgniter\CodeIgniter->run()
#9 {main}
CRITICAL - 2021-08-02 03:22:16 --> syntax error, unexpected end of file
#0 E:\www\creaw\system\Common.php(1119): CodeIgniter\View\View->render('template/leftpa...', Array, true)
#1 E:\www\creaw\app\Views\template\index.php(6): view('template/leftpa...')
#2 E:\www\creaw\system\View\View.php(246): include('E:\\www\\creaw\\ap...')
#3 E:\www\creaw\system\Common.php(1119): CodeIgniter\View\View->render('template/index', Array, true)
#4 E:\www\creaw\app\Controllers\Dashboard.php(57): view('template/index', Array)
#5 E:\www\creaw\system\CodeIgniter.php(918): App\Controllers\Dashboard->index()
#6 E:\www\creaw\system\CodeIgniter.php(404): CodeIgniter\CodeIgniter->runController(Object(App\Controllers\Dashboard))
#7 E:\www\creaw\system\CodeIgniter.php(312): CodeIgniter\CodeIgniter->handleRequest(NULL, Object(Config\Cache), false)
#8 E:\www\creaw\index.php(45): CodeIgniter\CodeIgniter->run()
#9 {main}
CRITICAL - 2021-08-02 06:11:26 --> Column 'date' cannot be null
#0 E:\www\creaw\system\Database\MySQLi\Connection.php(331): mysqli->query('INSERT INTO `im...')
#1 E:\www\creaw\system\Database\BaseConnection.php(741): CodeIgniter\Database\MySQLi\Connection->execute('INSERT INTO `im...')
#2 E:\www\creaw\system\Database\BaseConnection.php(669): CodeIgniter\Database\BaseConnection->simpleQuery('INSERT INTO `im...')
#3 E:\www\creaw\system\Database\BaseBuilder.php(2249): CodeIgniter\Database\BaseConnection->query('INSERT INTO `im...', Array, false)
#4 E:\www\creaw\system\Model.php(755): CodeIgniter\Database\BaseBuilder->insert()
#5 E:\www\creaw\app\Controllers\Api\Import_activities.php(40): CodeIgniter\Model->insert(Array)
#6 E:\www\creaw\system\CodeIgniter.php(918): App\Controllers\api\Import_activities->index()
#7 E:\www\creaw\system\CodeIgniter.php(404): CodeIgniter\CodeIgniter->runController(Object(App\Controllers\api\Import_activities))
#8 E:\www\creaw\system\CodeIgniter.php(312): CodeIgniter\CodeIgniter->handleRequest(NULL, Object(Config\Cache), false)
#9 E:\www\creaw\index.php(45): CodeIgniter\CodeIgniter->run()
#10 {main}
CRITICAL - 2021-08-02 06:11:29 --> Column 'date' cannot be null
#0 E:\www\creaw\system\Database\MySQLi\Connection.php(331): mysqli->query('INSERT INTO `im...')
#1 E:\www\creaw\system\Database\BaseConnection.php(741): CodeIgniter\Database\MySQLi\Connection->execute('INSERT INTO `im...')
#2 E:\www\creaw\system\Database\BaseConnection.php(669): CodeIgniter\Database\BaseConnection->simpleQuery('INSERT INTO `im...')
#3 E:\www\creaw\system\Database\BaseBuilder.php(2249): CodeIgniter\Database\BaseConnection->query('INSERT INTO `im...', Array, false)
#4 E:\www\creaw\system\Model.php(755): CodeIgniter\Database\BaseBuilder->insert()
#5 E:\www\creaw\app\Controllers\Api\Import_activities.php(40): CodeIgniter\Model->insert(Array)
#6 E:\www\creaw\system\CodeIgniter.php(918): App\Controllers\api\Import_activities->index()
#7 E:\www\creaw\system\CodeIgniter.php(404): CodeIgniter\CodeIgniter->runController(Object(App\Controllers\api\Import_activities))
#8 E:\www\creaw\system\CodeIgniter.php(312): CodeIgniter\CodeIgniter->handleRequest(NULL, Object(Config\Cache), false)
#9 E:\www\creaw\index.php(45): CodeIgniter\CodeIgniter->run()
#10 {main}
CRITICAL - 2021-08-02 06:11:33 --> Column 'date' cannot be null
#0 E:\www\creaw\system\Database\MySQLi\Connection.php(331): mysqli->query('INSERT INTO `im...')
#1 E:\www\creaw\system\Database\BaseConnection.php(741): CodeIgniter\Database\MySQLi\Connection->execute('INSERT INTO `im...')
#2 E:\www\creaw\system\Database\BaseConnection.php(669): CodeIgniter\Database\BaseConnection->simpleQuery('INSERT INTO `im...')
#3 E:\www\creaw\system\Database\BaseBuilder.php(2249): CodeIgniter\Database\BaseConnection->query('INSERT INTO `im...', Array, false)
#4 E:\www\creaw\system\Model.php(755): CodeIgniter\Database\BaseBuilder->insert()
#5 E:\www\creaw\app\Controllers\Api\Import_activities.php(40): CodeIgniter\Model->insert(Array)
#6 E:\www\creaw\system\CodeIgniter.php(918): App\Controllers\api\Import_activities->index()
#7 E:\www\creaw\system\CodeIgniter.php(404): CodeIgniter\CodeIgniter->runController(Object(App\Controllers\api\Import_activities))
#8 E:\www\creaw\system\CodeIgniter.php(312): CodeIgniter\CodeIgniter->handleRequest(NULL, Object(Config\Cache), false)
#9 E:\www\creaw\index.php(45): CodeIgniter\CodeIgniter->run()
#10 {main}
CRITICAL - 2021-08-02 06:12:01 --> Column 'date' cannot be null
#0 E:\www\creaw\system\Database\MySQLi\Connection.php(331): mysqli->query('INSERT INTO `im...')
#1 E:\www\creaw\system\Database\BaseConnection.php(741): CodeIgniter\Database\MySQLi\Connection->execute('INSERT INTO `im...')
#2 E:\www\creaw\system\Database\BaseConnection.php(669): CodeIgniter\Database\BaseConnection->simpleQuery('INSERT INTO `im...')
#3 E:\www\creaw\system\Database\BaseBuilder.php(2249): CodeIgniter\Database\BaseConnection->query('INSERT INTO `im...', Array, false)
#4 E:\www\creaw\system\Model.php(755): CodeIgniter\Database\BaseBuilder->insert()
#5 E:\www\creaw\app\Controllers\Api\Import_activities.php(40): CodeIgniter\Model->insert(Array)
#6 E:\www\creaw\system\CodeIgniter.php(918): App\Controllers\api\Import_activities->index()
#7 E:\www\creaw\system\CodeIgniter.php(404): CodeIgniter\CodeIgniter->runController(Object(App\Controllers\api\Import_activities))
#8 E:\www\creaw\system\CodeIgniter.php(312): CodeIgniter\CodeIgniter->handleRequest(NULL, Object(Config\Cache), false)
#9 E:\www\creaw\index.php(45): CodeIgniter\CodeIgniter->run()
#10 {main}
CRITICAL - 2021-08-02 06:12:25 --> Column 'date' cannot be null
#0 E:\www\creaw\system\Database\MySQLi\Connection.php(331): mysqli->query('INSERT INTO `im...')
#1 E:\www\creaw\system\Database\BaseConnection.php(741): CodeIgniter\Database\MySQLi\Connection->execute('INSERT INTO `im...')
#2 E:\www\creaw\system\Database\BaseConnection.php(669): CodeIgniter\Database\BaseConnection->simpleQuery('INSERT INTO `im...')
#3 E:\www\creaw\system\Database\BaseBuilder.php(2249): CodeIgniter\Database\BaseConnection->query('INSERT INTO `im...', Array, false)
#4 E:\www\creaw\system\Model.php(755): CodeIgniter\Database\BaseBuilder->insert()
#5 E:\www\creaw\app\Controllers\Api\Import_activities.php(40): CodeIgniter\Model->insert(Array)
#6 E:\www\creaw\system\CodeIgniter.php(918): App\Controllers\api\Import_activities->index()
#7 E:\www\creaw\system\CodeIgniter.php(404): CodeIgniter\CodeIgniter->runController(Object(App\Controllers\api\Import_activities))
#8 E:\www\creaw\system\CodeIgniter.php(312): CodeIgniter\CodeIgniter->handleRequest(NULL, Object(Config\Cache), false)
#9 E:\www\creaw\index.php(45): CodeIgniter\CodeIgniter->run()
#10 {main}
CRITICAL - 2021-08-02 06:13:07 --> Column 'date' cannot be null
#0 E:\www\creaw\system\Database\MySQLi\Connection.php(331): mysqli->query('INSERT INTO `im...')
#1 E:\www\creaw\system\Database\BaseConnection.php(741): CodeIgniter\Database\MySQLi\Connection->execute('INSERT INTO `im...')
#2 E:\www\creaw\system\Database\BaseConnection.php(669): CodeIgniter\Database\BaseConnection->simpleQuery('INSERT INTO `im...')
#3 E:\www\creaw\system\Database\BaseBuilder.php(2249): CodeIgniter\Database\BaseConnection->query('INSERT INTO `im...', Array, false)
#4 E:\www\creaw\system\Model.php(755): CodeIgniter\Database\BaseBuilder->insert()
#5 E:\www\creaw\app\Controllers\Api\Import_activities.php(40): CodeIgniter\Model->insert(Array)
#6 E:\www\creaw\system\CodeIgniter.php(918): App\Controllers\api\Import_activities->index()
#7 E:\www\creaw\system\CodeIgniter.php(404): CodeIgniter\CodeIgniter->runController(Object(App\Controllers\api\Import_activities))
#8 E:\www\creaw\system\CodeIgniter.php(312): CodeIgniter\CodeIgniter->handleRequest(NULL, Object(Config\Cache), false)
#9 E:\www\creaw\index.php(45): CodeIgniter\CodeIgniter->run()
#10 {main}
CRITICAL - 2021-08-02 06:13:09 --> Column 'date' cannot be null
#0 E:\www\creaw\system\Database\MySQLi\Connection.php(331): mysqli->query('INSERT INTO `im...')
#1 E:\www\creaw\system\Database\BaseConnection.php(741): CodeIgniter\Database\MySQLi\Connection->execute('INSERT INTO `im...')
#2 E:\www\creaw\system\Database\BaseConnection.php(669): CodeIgniter\Database\BaseConnection->simpleQuery('INSERT INTO `im...')
#3 E:\www\creaw\system\Database\BaseBuilder.php(2249): CodeIgniter\Database\BaseConnection->query('INSERT INTO `im...', Array, false)
#4 E:\www\creaw\system\Model.php(755): CodeIgniter\Database\BaseBuilder->insert()
#5 E:\www\creaw\app\Controllers\Api\Import_activities.php(40): CodeIgniter\Model->insert(Array)
#6 E:\www\creaw\system\CodeIgniter.php(918): App\Controllers\api\Import_activities->index()
#7 E:\www\creaw\system\CodeIgniter.php(404): CodeIgniter\CodeIgniter->runController(Object(App\Controllers\api\Import_activities))
#8 E:\www\creaw\system\CodeIgniter.php(312): CodeIgniter\CodeIgniter->handleRequest(NULL, Object(Config\Cache), false)
#9 E:\www\creaw\index.php(45): CodeIgniter\CodeIgniter->run()
#10 {main}
CRITICAL - 2021-08-02 06:13:12 --> Column 'date' cannot be null
#0 E:\www\creaw\system\Database\MySQLi\Connection.php(331): mysqli->query('INSERT INTO `im...')
#1 E:\www\creaw\system\Database\BaseConnection.php(741): CodeIgniter\Database\MySQLi\Connection->execute('INSERT INTO `im...')
#2 E:\www\creaw\system\Database\BaseConnection.php(669): CodeIgniter\Database\BaseConnection->simpleQuery('INSERT INTO `im...')
#3 E:\www\creaw\system\Database\BaseBuilder.php(2249): CodeIgniter\Database\BaseConnection->query('INSERT INTO `im...', Array, false)
#4 E:\www\creaw\system\Model.php(755): CodeIgniter\Database\BaseBuilder->insert()
#5 E:\www\creaw\app\Controllers\Api\Import_activities.php(40): CodeIgniter\Model->insert(Array)
#6 E:\www\creaw\system\CodeIgniter.php(918): App\Controllers\api\Import_activities->index()
#7 E:\www\creaw\system\CodeIgniter.php(404): CodeIgniter\CodeIgniter->runController(Object(App\Controllers\api\Import_activities))
#8 E:\www\creaw\system\CodeIgniter.php(312): CodeIgniter\CodeIgniter->handleRequest(NULL, Object(Config\Cache), false)
#9 E:\www\creaw\index.php(45): CodeIgniter\CodeIgniter->run()
#10 {main}
CRITICAL - 2021-08-02 06:13:23 --> Column 'date' cannot be null
#0 E:\www\creaw\system\Database\MySQLi\Connection.php(331): mysqli->query('INSERT INTO `im...')
#1 E:\www\creaw\system\Database\BaseConnection.php(741): CodeIgniter\Database\MySQLi\Connection->execute('INSERT INTO `im...')
#2 E:\www\creaw\system\Database\BaseConnection.php(669): CodeIgniter\Database\BaseConnection->simpleQuery('INSERT INTO `im...')
#3 E:\www\creaw\system\Database\BaseBuilder.php(2249): CodeIgniter\Database\BaseConnection->query('INSERT INTO `im...', Array, false)
#4 E:\www\creaw\system\Model.php(755): CodeIgniter\Database\BaseBuilder->insert()
#5 E:\www\creaw\app\Controllers\Api\Import_activities.php(40): CodeIgniter\Model->insert(Array)
#6 E:\www\creaw\system\CodeIgniter.php(918): App\Controllers\api\Import_activities->index()
#7 E:\www\creaw\system\CodeIgniter.php(404): CodeIgniter\CodeIgniter->runController(Object(App\Controllers\api\Import_activities))
#8 E:\www\creaw\system\CodeIgniter.php(312): CodeIgniter\CodeIgniter->handleRequest(NULL, Object(Config\Cache), false)
#9 E:\www\creaw\index.php(45): CodeIgniter\CodeIgniter->run()
#10 {main}
CRITICAL - 2021-08-02 06:13:35 --> Column 'date' cannot be null
#0 E:\www\creaw\system\Database\MySQLi\Connection.php(331): mysqli->query('INSERT INTO `im...')
#1 E:\www\creaw\system\Database\BaseConnection.php(741): CodeIgniter\Database\MySQLi\Connection->execute('INSERT INTO `im...')
#2 E:\www\creaw\system\Database\BaseConnection.php(669): CodeIgniter\Database\BaseConnection->simpleQuery('INSERT INTO `im...')
#3 E:\www\creaw\system\Database\BaseBuilder.php(2249): CodeIgniter\Database\BaseConnection->query('INSERT INTO `im...', Array, false)
#4 E:\www\creaw\system\Model.php(755): CodeIgniter\Database\BaseBuilder->insert()
#5 E:\www\creaw\app\Controllers\Api\Import_activities.php(40): CodeIgniter\Model->insert(Array)
#6 E:\www\creaw\system\CodeIgniter.php(918): App\Controllers\api\Import_activities->index()
#7 E:\www\creaw\system\CodeIgniter.php(404): CodeIgniter\CodeIgniter->runController(Object(App\Controllers\api\Import_activities))
#8 E:\www\creaw\system\CodeIgniter.php(312): CodeIgniter\CodeIgniter->handleRequest(NULL, Object(Config\Cache), false)
#9 E:\www\creaw\index.php(45): CodeIgniter\CodeIgniter->run()
#10 {main}
CRITICAL - 2021-08-02 06:15:00 --> Column 'date' cannot be null
#0 E:\www\creaw\system\Database\MySQLi\Connection.php(331): mysqli->query('INSERT INTO `im...')
#1 E:\www\creaw\system\Database\BaseConnection.php(741): CodeIgniter\Database\MySQLi\Connection->execute('INSERT INTO `im...')
#2 E:\www\creaw\system\Database\BaseConnection.php(669): CodeIgniter\Database\BaseConnection->simpleQuery('INSERT INTO `im...')
#3 E:\www\creaw\system\Database\BaseBuilder.php(2249): CodeIgniter\Database\BaseConnection->query('INSERT INTO `im...', Array, false)
#4 E:\www\creaw\system\Model.php(755): CodeIgniter\Database\BaseBuilder->insert()
#5 E:\www\creaw\app\Controllers\Api\Import_activities.php(40): CodeIgniter\Model->insert(Array)
#6 E:\www\creaw\system\CodeIgniter.php(918): App\Controllers\api\Import_activities->index()
#7 E:\www\creaw\system\CodeIgniter.php(404): CodeIgniter\CodeIgniter->runController(Object(App\Controllers\api\Import_activities))
#8 E:\www\creaw\system\CodeIgniter.php(312): CodeIgniter\CodeIgniter->handleRequest(NULL, Object(Config\Cache), false)
#9 E:\www\creaw\index.php(45): CodeIgniter\CodeIgniter->run()
#10 {main}
CRITICAL - 2021-08-02 06:25:28 --> Undefined variable: request
#0 E:\www\creaw\app\Controllers\Api\Import_activities.php(17): CodeIgniter\Debug\Exceptions->errorHandler(8, 'Undefined varia...', 'E:\\www\\creaw\\ap...', 17, Array)
#1 E:\www\creaw\system\CodeIgniter.php(918): App\Controllers\api\Import_activities->index()
#2 E:\www\creaw\system\CodeIgniter.php(404): CodeIgniter\CodeIgniter->runController(Object(App\Controllers\api\Import_activities))
#3 E:\www\creaw\system\CodeIgniter.php(312): CodeIgniter\CodeIgniter->handleRequest(NULL, Object(Config\Cache), false)
#4 E:\www\creaw\index.php(45): CodeIgniter\CodeIgniter->run()
#5 {main}
CRITICAL - 2021-08-02 06:26:08 --> Undefined variable: request
#0 E:\www\creaw\app\Controllers\Api\Import_activities.php(17): CodeIgniter\Debug\Exceptions->errorHandler(8, 'Undefined varia...', 'E:\\www\\creaw\\ap...', 17, Array)
#1 E:\www\creaw\system\CodeIgniter.php(918): App\Controllers\api\Import_activities->index()
#2 E:\www\creaw\system\CodeIgniter.php(404): CodeIgniter\CodeIgniter->runController(Object(App\Controllers\api\Import_activities))
#3 E:\www\creaw\system\CodeIgniter.php(312): CodeIgniter\CodeIgniter->handleRequest(NULL, Object(Config\Cache), false)
#4 E:\www\creaw\index.php(45): CodeIgniter\CodeIgniter->run()
#5 {main}
CRITICAL - 2021-08-02 06:29:25 --> json_decode() expects at least 1 parameter, 0 given
#0 [internal function]: CodeIgniter\Debug\Exceptions->errorHandler(2, 'json_decode() e...', 'E:\\www\\creaw\\ap...', 17, Array)
#1 E:\www\creaw\app\Controllers\Api\Import_activities.php(17): json_decode()
#2 E:\www\creaw\system\CodeIgniter.php(918): App\Controllers\api\Import_activities->index()
#3 E:\www\creaw\system\CodeIgniter.php(404): CodeIgniter\CodeIgniter->runController(Object(App\Controllers\api\Import_activities))
#4 E:\www\creaw\system\CodeIgniter.php(312): CodeIgniter\CodeIgniter->handleRequest(NULL, Object(Config\Cache), false)
#5 E:\www\creaw\index.php(45): CodeIgniter\CodeIgniter->run()
#6 {main}
CRITICAL - 2021-08-02 06:30:00 --> syntax error, unexpected '(', expecting identifier (T_STRING) or variable (T_VARIABLE) or '{' or '$'
#0 E:\www\creaw\system\Router\Router.php(195): CodeIgniter\Router\Router->autoRoute('/api/import_act...')
#1 E:\www\creaw\system\CodeIgniter.php(793): CodeIgniter\Router\Router->handle('/api/import_act...')
#2 E:\www\creaw\system\CodeIgniter.php(364): CodeIgniter\CodeIgniter->tryToRouteIt(Object(CodeIgniter\Router\RouteCollection))
#3 E:\www\creaw\system\CodeIgniter.php(312): CodeIgniter\CodeIgniter->handleRequest(NULL, Object(Config\Cache), false)
#4 E:\www\creaw\index.php(45): CodeIgniter\CodeIgniter->run()
#5 {main}
CRITICAL - 2021-08-02 06:30:21 --> json_decode() expects parameter 1 to be string, array given
#0 [internal function]: CodeIgniter\Debug\Exceptions->errorHandler(2, 'json_decode() e...', 'E:\\www\\creaw\\ap...', 17, Array)
#1 E:\www\creaw\app\Controllers\Api\Import_activities.php(17): json_decode(Array)
#2 E:\www\creaw\system\CodeIgniter.php(918): App\Controllers\api\Import_activities->index()
#3 E:\www\creaw\system\CodeIgniter.php(404): CodeIgniter\CodeIgniter->runController(Object(App\Controllers\api\Import_activities))
#4 E:\www\creaw\system\CodeIgniter.php(312): CodeIgniter\CodeIgniter->handleRequest(NULL, Object(Config\Cache), false)
#5 E:\www\creaw\index.php(45): CodeIgniter\CodeIgniter->run()
#6 {main}
CRITICAL - 2021-08-02 06:30:34 --> Call to undefined method App\Controllers\api\Import_activities::request()
#0 E:\www\creaw\system\CodeIgniter.php(918): App\Controllers\api\Import_activities->index()
#1 E:\www\creaw\system\CodeIgniter.php(404): CodeIgniter\CodeIgniter->runController(Object(App\Controllers\api\Import_activities))
#2 E:\www\creaw\system\CodeIgniter.php(312): CodeIgniter\CodeIgniter->handleRequest(NULL, Object(Config\Cache), false)
#3 E:\www\creaw\index.php(45): CodeIgniter\CodeIgniter->run()
#4 {main}
CRITICAL - 2021-08-02 08:34:56 --> Unknown column 'name' in 'order clause'
#0 E:\www\creaw\system\Database\MySQLi\Connection.php(331): mysqli->query('select * from  ...')
#1 E:\www\creaw\system\Database\BaseConnection.php(741): CodeIgniter\Database\MySQLi\Connection->execute('select * from  ...')
#2 E:\www\creaw\system\Database\BaseConnection.php(669): CodeIgniter\Database\BaseConnection->simpleQuery('select * from  ...')
#3 E:\www\creaw\app\Views\office\planning\project_data\project_me_plan\add_activity.php(108): CodeIgniter\Database\BaseConnection->query('select * from  ...')
#4 E:\www\creaw\system\View\View.php(246): include('E:\\www\\creaw\\ap...')
#5 E:\www\creaw\system\Common.php(1119): CodeIgniter\View\View->render('office/planning...', Array, true)
#6 E:\www\creaw\app\Views\template\index.php(14): view('office/planning...')
#7 E:\www\creaw\system\View\View.php(246): include('E:\\www\\creaw\\ap...')
#8 E:\www\creaw\system\Common.php(1119): CodeIgniter\View\View->render('template/index', Array, true)
#9 E:\www\creaw\app\Controllers\Planning\Project_me_plan.php(1567): view('template/index', Array)
#10 E:\www\creaw\system\CodeIgniter.php(918): App\Controllers\Planning\Project_me_plan->add_activity('2', '')
#11 E:\www\creaw\system\CodeIgniter.php(404): CodeIgniter\CodeIgniter->runController(Object(App\Controllers\Planning\Project_me_plan))
#12 E:\www\creaw\system\CodeIgniter.php(312): CodeIgniter\CodeIgniter->handleRequest(NULL, Object(Config\Cache), false)
#13 E:\www\creaw\index.php(45): CodeIgniter\CodeIgniter->run()
#14 {main}
CRITICAL - 2021-08-02 08:34:56 --> Unknown column 'name' in 'order clause'
#0 E:\www\creaw\system\Database\MySQLi\Connection.php(331): mysqli->query('select * from  ...')
#1 E:\www\creaw\system\Database\BaseConnection.php(741): CodeIgniter\Database\MySQLi\Connection->execute('select * from  ...')
#2 E:\www\creaw\system\Database\BaseConnection.php(669): CodeIgniter\Database\BaseConnection->simpleQuery('select * from  ...')
#3 E:\www\creaw\app\Views\office\planning\project_data\project_me_plan\add_activity.php(108): CodeIgniter\Database\BaseConnection->query('select * from  ...')
#4 E:\www\creaw\system\View\View.php(246): include('E:\\www\\creaw\\ap...')
#5 E:\www\creaw\system\Common.php(1119): CodeIgniter\View\View->render('office/planning...', Array, true)
#6 E:\www\creaw\app\Views\template\index.php(14): view('office/planning...')
#7 E:\www\creaw\system\View\View.php(246): include('E:\\www\\creaw\\ap...')
#8 E:\www\creaw\system\Common.php(1119): CodeIgniter\View\View->render('template/index', Array, true)
#9 E:\www\creaw\app\Controllers\Planning\Project_me_plan.php(1567): view('template/index', Array)
#10 E:\www\creaw\system\CodeIgniter.php(918): App\Controllers\Planning\Project_me_plan->add_activity('2', '')
#11 E:\www\creaw\system\CodeIgniter.php(404): CodeIgniter\CodeIgniter->runController(Object(App\Controllers\Planning\Project_me_plan))
#12 E:\www\creaw\system\CodeIgniter.php(312): CodeIgniter\CodeIgniter->handleRequest(NULL, Object(Config\Cache), false)
#13 E:\www\creaw\index.php(45): CodeIgniter\CodeIgniter->run()
#14 {main}
CRITICAL - 2021-08-02 11:03:22 --> syntax error, unexpected '!'
#0 E:\www\creaw\system\Router\Router.php(195): CodeIgniter\Router\Router->autoRoute('/planning/proje...')
#1 E:\www\creaw\system\CodeIgniter.php(793): CodeIgniter\Router\Router->handle('/planning/proje...')
#2 E:\www\creaw\system\CodeIgniter.php(364): CodeIgniter\CodeIgniter->tryToRouteIt(Object(CodeIgniter\Router\RouteCollection))
#3 E:\www\creaw\system\CodeIgniter.php(312): CodeIgniter\CodeIgniter->handleRequest(NULL, Object(Config\Cache), false)
#4 E:\www\creaw\index.php(45): CodeIgniter\CodeIgniter->run()
#5 {main}
CRITICAL - 2021-08-02 11:03:52 --> syntax error, unexpected '!'
#0 E:\www\creaw\system\Router\Router.php(195): CodeIgniter\Router\Router->autoRoute('/planning/proje...')
#1 E:\www\creaw\system\CodeIgniter.php(793): CodeIgniter\Router\Router->handle('/planning/proje...')
#2 E:\www\creaw\system\CodeIgniter.php(364): CodeIgniter\CodeIgniter->tryToRouteIt(Object(CodeIgniter\Router\RouteCollection))
#3 E:\www\creaw\system\CodeIgniter.php(312): CodeIgniter\CodeIgniter->handleRequest(NULL, Object(Config\Cache), false)
#4 E:\www\creaw\index.php(45): CodeIgniter\CodeIgniter->run()
#5 {main}
