CRITICAL - 2021-07-19 00:49:40 --> Undefined index: project_budget
#0 E:\www\creaw\app\Views\office\dashboard\project_overview.php(193): CodeIgniter\Debug\Exceptions->errorHandler(8, 'Undefined index...', 'E:\\www\\creaw\\ap...', 193, Array)
#1 E:\www\creaw\system\View\View.php(246): include('E:\\www\\creaw\\ap...')
#2 E:\www\creaw\system\Common.php(1119): CodeIgniter\View\View->render('office/dashboar...', Array, true)
#3 E:\www\creaw\app\Views\template\index.php(14): view('office/dashboar...')
#4 E:\www\creaw\system\View\View.php(246): include('E:\\www\\creaw\\ap...')
#5 E:\www\creaw\system\Common.php(1119): CodeIgniter\View\View->render('template/index', Array, true)
#6 E:\www\creaw\app\Controllers\Dashboard.php(155): view('template/index', Array)
#7 E:\www\creaw\system\CodeIgniter.php(918): App\Controllers\Dashboard->project_overview()
#8 E:\www\creaw\system\CodeIgniter.php(404): CodeIgniter\CodeIgniter->runController(Object(App\Controllers\Dashboard))
#9 E:\www\creaw\system\CodeIgniter.php(312): CodeIgniter\CodeIgniter->handleRequest(NULL, Object(Config\Cache), false)
#10 E:\www\creaw\index.php(45): CodeIgniter\CodeIgniter->run()
#11 {main}
CRITICAL - 2021-07-19 00:49:40 --> Undefined index: project_budget
#0 E:\www\creaw\app\Views\office\dashboard\project_overview.php(193): CodeIgniter\Debug\Exceptions->errorHandler(8, 'Undefined index...', 'E:\\www\\creaw\\ap...', 193, Array)
#1 E:\www\creaw\system\View\View.php(246): include('E:\\www\\creaw\\ap...')
#2 E:\www\creaw\system\Common.php(1119): CodeIgniter\View\View->render('office/dashboar...', Array, true)
#3 E:\www\creaw\app\Views\template\index.php(14): view('office/dashboar...')
#4 E:\www\creaw\system\View\View.php(246): include('E:\\www\\creaw\\ap...')
#5 E:\www\creaw\system\Common.php(1119): CodeIgniter\View\View->render('template/index', Array, true)
#6 E:\www\creaw\app\Controllers\Dashboard.php(155): view('template/index', Array)
#7 E:\www\creaw\system\CodeIgniter.php(918): App\Controllers\Dashboard->project_overview()
#8 E:\www\creaw\system\CodeIgniter.php(404): CodeIgniter\CodeIgniter->runController(Object(App\Controllers\Dashboard))
#9 E:\www\creaw\system\CodeIgniter.php(312): CodeIgniter\CodeIgniter->handleRequest(NULL, Object(Config\Cache), false)
#10 E:\www\creaw\index.php(45): CodeIgniter\CodeIgniter->run()
#11 {main}
CRITICAL - 2021-07-19 00:50:03 --> Undefined index: project_budget
#0 E:\www\creaw\app\Views\office\dashboard\project_overview.php(193): CodeIgniter\Debug\Exceptions->errorHandler(8, 'Undefined index...', 'E:\\www\\creaw\\ap...', 193, Array)
#1 E:\www\creaw\system\View\View.php(246): include('E:\\www\\creaw\\ap...')
#2 E:\www\creaw\system\Common.php(1119): CodeIgniter\View\View->render('office/dashboar...', Array, true)
#3 E:\www\creaw\app\Views\template\index.php(14): view('office/dashboar...')
#4 E:\www\creaw\system\View\View.php(246): include('E:\\www\\creaw\\ap...')
#5 E:\www\creaw\system\Common.php(1119): CodeIgniter\View\View->render('template/index', Array, true)
#6 E:\www\creaw\app\Controllers\Dashboard.php(155): view('template/index', Array)
#7 E:\www\creaw\system\CodeIgniter.php(918): App\Controllers\Dashboard->project_overview()
#8 E:\www\creaw\system\CodeIgniter.php(404): CodeIgniter\CodeIgniter->runController(Object(App\Controllers\Dashboard))
#9 E:\www\creaw\system\CodeIgniter.php(312): CodeIgniter\CodeIgniter->handleRequest(NULL, Object(Config\Cache), false)
#10 E:\www\creaw\index.php(45): CodeIgniter\CodeIgniter->run()
#11 {main}
CRITICAL - 2021-07-19 00:50:03 --> Undefined index: project_budget
#0 E:\www\creaw\app\Views\office\dashboard\project_overview.php(193): CodeIgniter\Debug\Exceptions->errorHandler(8, 'Undefined index...', 'E:\\www\\creaw\\ap...', 193, Array)
#1 E:\www\creaw\system\View\View.php(246): include('E:\\www\\creaw\\ap...')
#2 E:\www\creaw\system\Common.php(1119): CodeIgniter\View\View->render('office/dashboar...', Array, true)
#3 E:\www\creaw\app\Views\template\index.php(14): view('office/dashboar...')
#4 E:\www\creaw\system\View\View.php(246): include('E:\\www\\creaw\\ap...')
#5 E:\www\creaw\system\Common.php(1119): CodeIgniter\View\View->render('template/index', Array, true)
#6 E:\www\creaw\app\Controllers\Dashboard.php(155): view('template/index', Array)
#7 E:\www\creaw\system\CodeIgniter.php(918): App\Controllers\Dashboard->project_overview()
#8 E:\www\creaw\system\CodeIgniter.php(404): CodeIgniter\CodeIgniter->runController(Object(App\Controllers\Dashboard))
#9 E:\www\creaw\system\CodeIgniter.php(312): CodeIgniter\CodeIgniter->handleRequest(NULL, Object(Config\Cache), false)
#10 E:\www\creaw\index.php(45): CodeIgniter\CodeIgniter->run()
#11 {main}
CRITICAL - 2021-07-19 01:20:55 --> Unknown column 'tbl_thematic_map.project_id' in 'on clause'
#0 E:\www\creaw\system\Database\MySQLi\Connection.php(331): mysqli->query('select org_them...')
#1 E:\www\creaw\system\Database\BaseConnection.php(741): CodeIgniter\Database\MySQLi\Connection->execute('select org_them...')
#2 E:\www\creaw\system\Database\BaseConnection.php(669): CodeIgniter\Database\BaseConnection->simpleQuery('select org_them...')
#3 E:\www\creaw\app\Views\office\dashboard\project_overview.php(225): CodeIgniter\Database\BaseConnection->query('select org_them...')
#4 E:\www\creaw\system\View\View.php(246): include('E:\\www\\creaw\\ap...')
#5 E:\www\creaw\system\Common.php(1119): CodeIgniter\View\View->render('office/dashboar...', Array, true)
#6 E:\www\creaw\app\Views\template\index.php(14): view('office/dashboar...')
#7 E:\www\creaw\system\View\View.php(246): include('E:\\www\\creaw\\ap...')
#8 E:\www\creaw\system\Common.php(1119): CodeIgniter\View\View->render('template/index', Array, true)
#9 E:\www\creaw\app\Controllers\Dashboard.php(155): view('template/index', Array)
#10 E:\www\creaw\system\CodeIgniter.php(918): App\Controllers\Dashboard->project_overview()
#11 E:\www\creaw\system\CodeIgniter.php(404): CodeIgniter\CodeIgniter->runController(Object(App\Controllers\Dashboard))
#12 E:\www\creaw\system\CodeIgniter.php(312): CodeIgniter\CodeIgniter->handleRequest(NULL, Object(Config\Cache), false)
#13 E:\www\creaw\index.php(45): CodeIgniter\CodeIgniter->run()
#14 {main}
CRITICAL - 2021-07-19 01:20:56 --> Unknown column 'tbl_thematic_map.project_id' in 'on clause'
#0 E:\www\creaw\system\Database\MySQLi\Connection.php(331): mysqli->query('select org_them...')
#1 E:\www\creaw\system\Database\BaseConnection.php(741): CodeIgniter\Database\MySQLi\Connection->execute('select org_them...')
#2 E:\www\creaw\system\Database\BaseConnection.php(669): CodeIgniter\Database\BaseConnection->simpleQuery('select org_them...')
#3 E:\www\creaw\app\Views\office\dashboard\project_overview.php(225): CodeIgniter\Database\BaseConnection->query('select org_them...')
#4 E:\www\creaw\system\View\View.php(246): include('E:\\www\\creaw\\ap...')
#5 E:\www\creaw\system\Common.php(1119): CodeIgniter\View\View->render('office/dashboar...', Array, true)
#6 E:\www\creaw\app\Views\template\index.php(14): view('office/dashboar...')
#7 E:\www\creaw\system\View\View.php(246): include('E:\\www\\creaw\\ap...')
#8 E:\www\creaw\system\Common.php(1119): CodeIgniter\View\View->render('template/index', Array, true)
#9 E:\www\creaw\app\Controllers\Dashboard.php(155): view('template/index', Array)
#10 E:\www\creaw\system\CodeIgniter.php(918): App\Controllers\Dashboard->project_overview()
#11 E:\www\creaw\system\CodeIgniter.php(404): CodeIgniter\CodeIgniter->runController(Object(App\Controllers\Dashboard))
#12 E:\www\creaw\system\CodeIgniter.php(312): CodeIgniter\CodeIgniter->handleRequest(NULL, Object(Config\Cache), false)
#13 E:\www\creaw\index.php(45): CodeIgniter\CodeIgniter->run()
#14 {main}
CRITICAL - 2021-07-19 01:25:41 --> Unknown column 'tbl_thematic_map.thematic_area_id' in 'on clause'
#0 E:\www\creaw\system\Database\MySQLi\Connection.php(331): mysqli->query('select org_them...')
#1 E:\www\creaw\system\Database\BaseConnection.php(741): CodeIgniter\Database\MySQLi\Connection->execute('select org_them...')
#2 E:\www\creaw\system\Database\BaseConnection.php(669): CodeIgniter\Database\BaseConnection->simpleQuery('select org_them...')
#3 E:\www\creaw\app\Views\office\dashboard\project_overview.php(225): CodeIgniter\Database\BaseConnection->query('select org_them...')
#4 E:\www\creaw\system\View\View.php(246): include('E:\\www\\creaw\\ap...')
#5 E:\www\creaw\system\Common.php(1119): CodeIgniter\View\View->render('office/dashboar...', Array, true)
#6 E:\www\creaw\app\Views\template\index.php(14): view('office/dashboar...')
#7 E:\www\creaw\system\View\View.php(246): include('E:\\www\\creaw\\ap...')
#8 E:\www\creaw\system\Common.php(1119): CodeIgniter\View\View->render('template/index', Array, true)
#9 E:\www\creaw\app\Controllers\Dashboard.php(155): view('template/index', Array)
#10 E:\www\creaw\system\CodeIgniter.php(918): App\Controllers\Dashboard->project_overview()
#11 E:\www\creaw\system\CodeIgniter.php(404): CodeIgniter\CodeIgniter->runController(Object(App\Controllers\Dashboard))
#12 E:\www\creaw\system\CodeIgniter.php(312): CodeIgniter\CodeIgniter->handleRequest(NULL, Object(Config\Cache), false)
#13 E:\www\creaw\index.php(45): CodeIgniter\CodeIgniter->run()
#14 {main}
CRITICAL - 2021-07-19 01:25:41 --> Unknown column 'tbl_thematic_map.thematic_area_id' in 'on clause'
#0 E:\www\creaw\system\Database\MySQLi\Connection.php(331): mysqli->query('select org_them...')
#1 E:\www\creaw\system\Database\BaseConnection.php(741): CodeIgniter\Database\MySQLi\Connection->execute('select org_them...')
#2 E:\www\creaw\system\Database\BaseConnection.php(669): CodeIgniter\Database\BaseConnection->simpleQuery('select org_them...')
#3 E:\www\creaw\app\Views\office\dashboard\project_overview.php(225): CodeIgniter\Database\BaseConnection->query('select org_them...')
#4 E:\www\creaw\system\View\View.php(246): include('E:\\www\\creaw\\ap...')
#5 E:\www\creaw\system\Common.php(1119): CodeIgniter\View\View->render('office/dashboar...', Array, true)
#6 E:\www\creaw\app\Views\template\index.php(14): view('office/dashboar...')
#7 E:\www\creaw\system\View\View.php(246): include('E:\\www\\creaw\\ap...')
#8 E:\www\creaw\system\Common.php(1119): CodeIgniter\View\View->render('template/index', Array, true)
#9 E:\www\creaw\app\Controllers\Dashboard.php(155): view('template/index', Array)
#10 E:\www\creaw\system\CodeIgniter.php(918): App\Controllers\Dashboard->project_overview()
#11 E:\www\creaw\system\CodeIgniter.php(404): CodeIgniter\CodeIgniter->runController(Object(App\Controllers\Dashboard))
#12 E:\www\creaw\system\CodeIgniter.php(312): CodeIgniter\CodeIgniter->handleRequest(NULL, Object(Config\Cache), false)
#13 E:\www\creaw\index.php(45): CodeIgniter\CodeIgniter->run()
#14 {main}
CRITICAL - 2021-07-19 06:23:22 --> Unknown column 'region_id' in 'field list'
#0 E:\www\creaw\system\Database\MySQLi\Connection.php(331): mysqli->query('SELECT name, to...')
#1 E:\www\creaw\system\Database\BaseConnection.php(741): CodeIgniter\Database\MySQLi\Connection->execute('SELECT name, to...')
#2 E:\www\creaw\system\Database\BaseConnection.php(669): CodeIgniter\Database\BaseConnection->simpleQuery('SELECT name, to...')
#3 E:\www\creaw\app\Views\office\dashboard\region_performance.php(78): CodeIgniter\Database\BaseConnection->query('SELECT name, to...')
#4 E:\www\creaw\system\View\View.php(246): include('E:\\www\\creaw\\ap...')
#5 E:\www\creaw\system\Common.php(1119): CodeIgniter\View\View->render('office/dashboar...', Array, true)
#6 E:\www\creaw\app\Views\template\index.php(14): view('office/dashboar...')
#7 E:\www\creaw\system\View\View.php(246): include('E:\\www\\creaw\\ap...')
#8 E:\www\creaw\system\Common.php(1119): CodeIgniter\View\View->render('template/index', Array, true)
#9 E:\www\creaw\app\Controllers\Dashboard.php(188): view('template/index', Array)
#10 E:\www\creaw\system\CodeIgniter.php(918): App\Controllers\Dashboard->region_performance()
#11 E:\www\creaw\system\CodeIgniter.php(404): CodeIgniter\CodeIgniter->runController(Object(App\Controllers\Dashboard))
#12 E:\www\creaw\system\CodeIgniter.php(312): CodeIgniter\CodeIgniter->handleRequest(NULL, Object(Config\Cache), false)
#13 E:\www\creaw\index.php(45): CodeIgniter\CodeIgniter->run()
#14 {main}
CRITICAL - 2021-07-19 06:23:22 --> Unknown column 'region_id' in 'field list'
#0 E:\www\creaw\system\Database\MySQLi\Connection.php(331): mysqli->query('SELECT name, to...')
#1 E:\www\creaw\system\Database\BaseConnection.php(741): CodeIgniter\Database\MySQLi\Connection->execute('SELECT name, to...')
#2 E:\www\creaw\system\Database\BaseConnection.php(669): CodeIgniter\Database\BaseConnection->simpleQuery('SELECT name, to...')
#3 E:\www\creaw\app\Views\office\dashboard\region_performance.php(78): CodeIgniter\Database\BaseConnection->query('SELECT name, to...')
#4 E:\www\creaw\system\View\View.php(246): include('E:\\www\\creaw\\ap...')
#5 E:\www\creaw\system\Common.php(1119): CodeIgniter\View\View->render('office/dashboar...', Array, true)
#6 E:\www\creaw\app\Views\template\index.php(14): view('office/dashboar...')
#7 E:\www\creaw\system\View\View.php(246): include('E:\\www\\creaw\\ap...')
#8 E:\www\creaw\system\Common.php(1119): CodeIgniter\View\View->render('template/index', Array, true)
#9 E:\www\creaw\app\Controllers\Dashboard.php(188): view('template/index', Array)
#10 E:\www\creaw\system\CodeIgniter.php(918): App\Controllers\Dashboard->region_performance()
#11 E:\www\creaw\system\CodeIgniter.php(404): CodeIgniter\CodeIgniter->runController(Object(App\Controllers\Dashboard))
#12 E:\www\creaw\system\CodeIgniter.php(312): CodeIgniter\CodeIgniter->handleRequest(NULL, Object(Config\Cache), false)
#13 E:\www\creaw\index.php(45): CodeIgniter\CodeIgniter->run()
#14 {main}
CRITICAL - 2021-07-19 06:26:32 --> Unknown column 'project_budget' in 'field list'
#0 E:\www\creaw\system\Database\MySQLi\Connection.php(331): mysqli->query('SELECT name, pr...')
#1 E:\www\creaw\system\Database\BaseConnection.php(741): CodeIgniter\Database\MySQLi\Connection->execute('SELECT name, pr...')
#2 E:\www\creaw\system\Database\BaseConnection.php(669): CodeIgniter\Database\BaseConnection->simpleQuery('SELECT name, pr...')
#3 E:\www\creaw\app\Views\office\dashboard\region_performance.php(126): CodeIgniter\Database\BaseConnection->query('SELECT name, pr...')
#4 E:\www\creaw\system\View\View.php(246): include('E:\\www\\creaw\\ap...')
#5 E:\www\creaw\system\Common.php(1119): CodeIgniter\View\View->render('office/dashboar...', Array, true)
#6 E:\www\creaw\app\Views\template\index.php(14): view('office/dashboar...')
#7 E:\www\creaw\system\View\View.php(246): include('E:\\www\\creaw\\ap...')
#8 E:\www\creaw\system\Common.php(1119): CodeIgniter\View\View->render('template/index', Array, true)
#9 E:\www\creaw\app\Controllers\Dashboard.php(188): view('template/index', Array)
#10 E:\www\creaw\system\CodeIgniter.php(918): App\Controllers\Dashboard->region_performance()
#11 E:\www\creaw\system\CodeIgniter.php(404): CodeIgniter\CodeIgniter->runController(Object(App\Controllers\Dashboard))
#12 E:\www\creaw\system\CodeIgniter.php(312): CodeIgniter\CodeIgniter->handleRequest(NULL, Object(Config\Cache), false)
#13 E:\www\creaw\index.php(45): CodeIgniter\CodeIgniter->run()
#14 {main}
CRITICAL - 2021-07-19 06:26:32 --> Unknown column 'project_budget' in 'field list'
#0 E:\www\creaw\system\Database\MySQLi\Connection.php(331): mysqli->query('SELECT name, pr...')
#1 E:\www\creaw\system\Database\BaseConnection.php(741): CodeIgniter\Database\MySQLi\Connection->execute('SELECT name, pr...')
#2 E:\www\creaw\system\Database\BaseConnection.php(669): CodeIgniter\Database\BaseConnection->simpleQuery('SELECT name, pr...')
#3 E:\www\creaw\app\Views\office\dashboard\region_performance.php(126): CodeIgniter\Database\BaseConnection->query('SELECT name, pr...')
#4 E:\www\creaw\system\View\View.php(246): include('E:\\www\\creaw\\ap...')
#5 E:\www\creaw\system\Common.php(1119): CodeIgniter\View\View->render('office/dashboar...', Array, true)
#6 E:\www\creaw\app\Views\template\index.php(14): view('office/dashboar...')
#7 E:\www\creaw\system\View\View.php(246): include('E:\\www\\creaw\\ap...')
#8 E:\www\creaw\system\Common.php(1119): CodeIgniter\View\View->render('template/index', Array, true)
#9 E:\www\creaw\app\Controllers\Dashboard.php(188): view('template/index', Array)
#10 E:\www\creaw\system\CodeIgniter.php(918): App\Controllers\Dashboard->region_performance()
#11 E:\www\creaw\system\CodeIgniter.php(404): CodeIgniter\CodeIgniter->runController(Object(App\Controllers\Dashboard))
#12 E:\www\creaw\system\CodeIgniter.php(312): CodeIgniter\CodeIgniter->handleRequest(NULL, Object(Config\Cache), false)
#13 E:\www\creaw\index.php(45): CodeIgniter\CodeIgniter->run()
#14 {main}
CRITICAL - 2021-07-19 06:31:24 --> Unknown column 'region_id' in 'field list'
#0 E:\www\creaw\system\Database\MySQLi\Connection.php(331): mysqli->query('SELECT  name,to...')
#1 E:\www\creaw\system\Database\BaseConnection.php(741): CodeIgniter\Database\MySQLi\Connection->execute('SELECT  name,to...')
#2 E:\www\creaw\system\Database\BaseConnection.php(669): CodeIgniter\Database\BaseConnection->simpleQuery('SELECT  name,to...')
#3 E:\www\creaw\app\Views\office\dashboard\region_performance_js.php(39): CodeIgniter\Database\BaseConnection->query('SELECT  name,to...')
#4 E:\www\creaw\system\View\View.php(246): include('E:\\www\\creaw\\ap...')
#5 E:\www\creaw\system\Common.php(1119): CodeIgniter\View\View->render('office/dashboar...', Array, true)
#6 E:\www\creaw\app\Views\template\footer.php(492): view('office/dashboar...')
#7 E:\www\creaw\system\View\View.php(246): include('E:\\www\\creaw\\ap...')
#8 E:\www\creaw\system\Common.php(1119): CodeIgniter\View\View->render('template/footer...', Array, true)
#9 E:\www\creaw\app\Views\template\index.php(18): view('template/footer...')
#10 E:\www\creaw\system\View\View.php(246): include('E:\\www\\creaw\\ap...')
#11 E:\www\creaw\system\Common.php(1119): CodeIgniter\View\View->render('template/index', Array, true)
#12 E:\www\creaw\app\Controllers\Dashboard.php(188): view('template/index', Array)
#13 E:\www\creaw\system\CodeIgniter.php(918): App\Controllers\Dashboard->region_performance()
#14 E:\www\creaw\system\CodeIgniter.php(404): CodeIgniter\CodeIgniter->runController(Object(App\Controllers\Dashboard))
#15 E:\www\creaw\system\CodeIgniter.php(312): CodeIgniter\CodeIgniter->handleRequest(NULL, Object(Config\Cache), false)
#16 E:\www\creaw\index.php(45): CodeIgniter\CodeIgniter->run()
#17 {main}
CRITICAL - 2021-07-19 06:31:24 --> Unknown column 'region_id' in 'field list'
#0 E:\www\creaw\system\Database\MySQLi\Connection.php(331): mysqli->query('SELECT  name,to...')
#1 E:\www\creaw\system\Database\BaseConnection.php(741): CodeIgniter\Database\MySQLi\Connection->execute('SELECT  name,to...')
#2 E:\www\creaw\system\Database\BaseConnection.php(669): CodeIgniter\Database\BaseConnection->simpleQuery('SELECT  name,to...')
#3 E:\www\creaw\app\Views\office\dashboard\region_performance_js.php(39): CodeIgniter\Database\BaseConnection->query('SELECT  name,to...')
#4 E:\www\creaw\system\View\View.php(246): include('E:\\www\\creaw\\ap...')
#5 E:\www\creaw\system\Common.php(1119): CodeIgniter\View\View->render('office/dashboar...', Array, true)
#6 E:\www\creaw\app\Views\template\footer.php(492): view('office/dashboar...')
#7 E:\www\creaw\system\View\View.php(246): include('E:\\www\\creaw\\ap...')
#8 E:\www\creaw\system\Common.php(1119): CodeIgniter\View\View->render('template/footer...', Array, true)
#9 E:\www\creaw\app\Views\template\index.php(18): view('template/footer...')
#10 E:\www\creaw\system\View\View.php(246): include('E:\\www\\creaw\\ap...')
#11 E:\www\creaw\system\Common.php(1119): CodeIgniter\View\View->render('template/index', Array, true)
#12 E:\www\creaw\app\Controllers\Dashboard.php(188): view('template/index', Array)
#13 E:\www\creaw\system\CodeIgniter.php(918): App\Controllers\Dashboard->region_performance()
#14 E:\www\creaw\system\CodeIgniter.php(404): CodeIgniter\CodeIgniter->runController(Object(App\Controllers\Dashboard))
#15 E:\www\creaw\system\CodeIgniter.php(312): CodeIgniter\CodeIgniter->handleRequest(NULL, Object(Config\Cache), false)
#16 E:\www\creaw\index.php(45): CodeIgniter\CodeIgniter->run()
#17 {main}
CRITICAL - 2021-07-19 06:32:18 --> Unknown column 'mas_region.id' in 'on clause'
#0 E:\www\creaw\system\Database\MySQLi\Connection.php(331): mysqli->query('SELECT  name,to...')
#1 E:\www\creaw\system\Database\BaseConnection.php(741): CodeIgniter\Database\MySQLi\Connection->execute('SELECT  name,to...')
#2 E:\www\creaw\system\Database\BaseConnection.php(669): CodeIgniter\Database\BaseConnection->simpleQuery('SELECT  name,to...')
#3 E:\www\creaw\app\Views\office\dashboard\region_performance_js.php(39): CodeIgniter\Database\BaseConnection->query('SELECT  name,to...')
#4 E:\www\creaw\system\View\View.php(246): include('E:\\www\\creaw\\ap...')
#5 E:\www\creaw\system\Common.php(1119): CodeIgniter\View\View->render('office/dashboar...', Array, true)
#6 E:\www\creaw\app\Views\template\footer.php(492): view('office/dashboar...')
#7 E:\www\creaw\system\View\View.php(246): include('E:\\www\\creaw\\ap...')
#8 E:\www\creaw\system\Common.php(1119): CodeIgniter\View\View->render('template/footer...', Array, true)
#9 E:\www\creaw\app\Views\template\index.php(18): view('template/footer...')
#10 E:\www\creaw\system\View\View.php(246): include('E:\\www\\creaw\\ap...')
#11 E:\www\creaw\system\Common.php(1119): CodeIgniter\View\View->render('template/index', Array, true)
#12 E:\www\creaw\app\Controllers\Dashboard.php(188): view('template/index', Array)
#13 E:\www\creaw\system\CodeIgniter.php(918): App\Controllers\Dashboard->region_performance()
#14 E:\www\creaw\system\CodeIgniter.php(404): CodeIgniter\CodeIgniter->runController(Object(App\Controllers\Dashboard))
#15 E:\www\creaw\system\CodeIgniter.php(312): CodeIgniter\CodeIgniter->handleRequest(NULL, Object(Config\Cache), false)
#16 E:\www\creaw\index.php(45): CodeIgniter\CodeIgniter->run()
#17 {main}
CRITICAL - 2021-07-19 06:32:18 --> Unknown column 'mas_region.id' in 'on clause'
#0 E:\www\creaw\system\Database\MySQLi\Connection.php(331): mysqli->query('SELECT  name,to...')
#1 E:\www\creaw\system\Database\BaseConnection.php(741): CodeIgniter\Database\MySQLi\Connection->execute('SELECT  name,to...')
#2 E:\www\creaw\system\Database\BaseConnection.php(669): CodeIgniter\Database\BaseConnection->simpleQuery('SELECT  name,to...')
#3 E:\www\creaw\app\Views\office\dashboard\region_performance_js.php(39): CodeIgniter\Database\BaseConnection->query('SELECT  name,to...')
#4 E:\www\creaw\system\View\View.php(246): include('E:\\www\\creaw\\ap...')
#5 E:\www\creaw\system\Common.php(1119): CodeIgniter\View\View->render('office/dashboar...', Array, true)
#6 E:\www\creaw\app\Views\template\footer.php(492): view('office/dashboar...')
#7 E:\www\creaw\system\View\View.php(246): include('E:\\www\\creaw\\ap...')
#8 E:\www\creaw\system\Common.php(1119): CodeIgniter\View\View->render('template/footer...', Array, true)
#9 E:\www\creaw\app\Views\template\index.php(18): view('template/footer...')
#10 E:\www\creaw\system\View\View.php(246): include('E:\\www\\creaw\\ap...')
#11 E:\www\creaw\system\Common.php(1119): CodeIgniter\View\View->render('template/index', Array, true)
#12 E:\www\creaw\app\Controllers\Dashboard.php(188): view('template/index', Array)
#13 E:\www\creaw\system\CodeIgniter.php(918): App\Controllers\Dashboard->region_performance()
#14 E:\www\creaw\system\CodeIgniter.php(404): CodeIgniter\CodeIgniter->runController(Object(App\Controllers\Dashboard))
#15 E:\www\creaw\system\CodeIgniter.php(312): CodeIgniter\CodeIgniter->handleRequest(NULL, Object(Config\Cache), false)
#16 E:\www\creaw\index.php(45): CodeIgniter\CodeIgniter->run()
#17 {main}
CRITICAL - 2021-07-19 06:43:18 --> Undefined index: region
#0 E:\www\creaw\app\Views\office\dashboard\region_performance_js.php(63): CodeIgniter\Debug\Exceptions->errorHandler(8, 'Undefined index...', 'E:\\www\\creaw\\ap...', 63, Array)
#1 E:\www\creaw\system\View\View.php(246): include('E:\\www\\creaw\\ap...')
#2 E:\www\creaw\system\Common.php(1119): CodeIgniter\View\View->render('office/dashboar...', Array, true)
#3 E:\www\creaw\app\Views\template\footer.php(492): view('office/dashboar...')
#4 E:\www\creaw\system\View\View.php(246): include('E:\\www\\creaw\\ap...')
#5 E:\www\creaw\system\Common.php(1119): CodeIgniter\View\View->render('template/footer...', Array, true)
#6 E:\www\creaw\app\Views\template\index.php(18): view('template/footer...')
#7 E:\www\creaw\system\View\View.php(246): include('E:\\www\\creaw\\ap...')
#8 E:\www\creaw\system\Common.php(1119): CodeIgniter\View\View->render('template/index', Array, true)
#9 E:\www\creaw\app\Controllers\Dashboard.php(188): view('template/index', Array)
#10 E:\www\creaw\system\CodeIgniter.php(918): App\Controllers\Dashboard->region_performance()
#11 E:\www\creaw\system\CodeIgniter.php(404): CodeIgniter\CodeIgniter->runController(Object(App\Controllers\Dashboard))
#12 E:\www\creaw\system\CodeIgniter.php(312): CodeIgniter\CodeIgniter->handleRequest(NULL, Object(Config\Cache), false)
#13 E:\www\creaw\index.php(45): CodeIgniter\CodeIgniter->run()
#14 {main}
CRITICAL - 2021-07-19 06:43:19 --> Undefined index: region
#0 E:\www\creaw\app\Views\office\dashboard\region_performance_js.php(63): CodeIgniter\Debug\Exceptions->errorHandler(8, 'Undefined index...', 'E:\\www\\creaw\\ap...', 63, Array)
#1 E:\www\creaw\system\View\View.php(246): include('E:\\www\\creaw\\ap...')
#2 E:\www\creaw\system\Common.php(1119): CodeIgniter\View\View->render('office/dashboar...', Array, true)
#3 E:\www\creaw\app\Views\template\footer.php(492): view('office/dashboar...')
#4 E:\www\creaw\system\View\View.php(246): include('E:\\www\\creaw\\ap...')
#5 E:\www\creaw\system\Common.php(1119): CodeIgniter\View\View->render('template/footer...', Array, true)
#6 E:\www\creaw\app\Views\template\index.php(18): view('template/footer...')
#7 E:\www\creaw\system\View\View.php(246): include('E:\\www\\creaw\\ap...')
#8 E:\www\creaw\system\Common.php(1119): CodeIgniter\View\View->render('template/index', Array, true)
#9 E:\www\creaw\app\Controllers\Dashboard.php(188): view('template/index', Array)
#10 E:\www\creaw\system\CodeIgniter.php(918): App\Controllers\Dashboard->region_performance()
#11 E:\www\creaw\system\CodeIgniter.php(404): CodeIgniter\CodeIgniter->runController(Object(App\Controllers\Dashboard))
#12 E:\www\creaw\system\CodeIgniter.php(312): CodeIgniter\CodeIgniter->handleRequest(NULL, Object(Config\Cache), false)
#13 E:\www\creaw\index.php(45): CodeIgniter\CodeIgniter->run()
#14 {main}
CRITICAL - 2021-07-19 06:43:46 --> Undefined index: name
#0 E:\www\creaw\app\Views\office\dashboard\region_performance_js.php(63): CodeIgniter\Debug\Exceptions->errorHandler(8, 'Undefined index...', 'E:\\www\\creaw\\ap...', 63, Array)
#1 E:\www\creaw\system\View\View.php(246): include('E:\\www\\creaw\\ap...')
#2 E:\www\creaw\system\Common.php(1119): CodeIgniter\View\View->render('office/dashboar...', Array, true)
#3 E:\www\creaw\app\Views\template\footer.php(492): view('office/dashboar...')
#4 E:\www\creaw\system\View\View.php(246): include('E:\\www\\creaw\\ap...')
#5 E:\www\creaw\system\Common.php(1119): CodeIgniter\View\View->render('template/footer...', Array, true)
#6 E:\www\creaw\app\Views\template\index.php(18): view('template/footer...')
#7 E:\www\creaw\system\View\View.php(246): include('E:\\www\\creaw\\ap...')
#8 E:\www\creaw\system\Common.php(1119): CodeIgniter\View\View->render('template/index', Array, true)
#9 E:\www\creaw\app\Controllers\Dashboard.php(188): view('template/index', Array)
#10 E:\www\creaw\system\CodeIgniter.php(918): App\Controllers\Dashboard->region_performance()
#11 E:\www\creaw\system\CodeIgniter.php(404): CodeIgniter\CodeIgniter->runController(Object(App\Controllers\Dashboard))
#12 E:\www\creaw\system\CodeIgniter.php(312): CodeIgniter\CodeIgniter->handleRequest(NULL, Object(Config\Cache), false)
#13 E:\www\creaw\index.php(45): CodeIgniter\CodeIgniter->run()
#14 {main}
CRITICAL - 2021-07-19 06:43:47 --> Undefined index: name
#0 E:\www\creaw\app\Views\office\dashboard\region_performance_js.php(63): CodeIgniter\Debug\Exceptions->errorHandler(8, 'Undefined index...', 'E:\\www\\creaw\\ap...', 63, Array)
#1 E:\www\creaw\system\View\View.php(246): include('E:\\www\\creaw\\ap...')
#2 E:\www\creaw\system\Common.php(1119): CodeIgniter\View\View->render('office/dashboar...', Array, true)
#3 E:\www\creaw\app\Views\template\footer.php(492): view('office/dashboar...')
#4 E:\www\creaw\system\View\View.php(246): include('E:\\www\\creaw\\ap...')
#5 E:\www\creaw\system\Common.php(1119): CodeIgniter\View\View->render('template/footer...', Array, true)
#6 E:\www\creaw\app\Views\template\index.php(18): view('template/footer...')
#7 E:\www\creaw\system\View\View.php(246): include('E:\\www\\creaw\\ap...')
#8 E:\www\creaw\system\Common.php(1119): CodeIgniter\View\View->render('template/index', Array, true)
#9 E:\www\creaw\app\Controllers\Dashboard.php(188): view('template/index', Array)
#10 E:\www\creaw\system\CodeIgniter.php(918): App\Controllers\Dashboard->region_performance()
#11 E:\www\creaw\system\CodeIgniter.php(404): CodeIgniter\CodeIgniter->runController(Object(App\Controllers\Dashboard))
#12 E:\www\creaw\system\CodeIgniter.php(312): CodeIgniter\CodeIgniter->handleRequest(NULL, Object(Config\Cache), false)
#13 E:\www\creaw\index.php(45): CodeIgniter\CodeIgniter->run()
#14 {main}
CRITICAL - 2021-07-19 07:01:50 --> Undefined index: region
#0 E:\www\creaw\app\Views\office\dashboard\region_performance_js.php(63): CodeIgniter\Debug\Exceptions->errorHandler(8, 'Undefined index...', 'E:\\www\\creaw\\ap...', 63, Array)
#1 E:\www\creaw\system\View\View.php(246): include('E:\\www\\creaw\\ap...')
#2 E:\www\creaw\system\Common.php(1119): CodeIgniter\View\View->render('office/dashboar...', Array, true)
#3 E:\www\creaw\app\Views\template\footer.php(492): view('office/dashboar...')
#4 E:\www\creaw\system\View\View.php(246): include('E:\\www\\creaw\\ap...')
#5 E:\www\creaw\system\Common.php(1119): CodeIgniter\View\View->render('template/footer...', Array, true)
#6 E:\www\creaw\app\Views\template\index.php(18): view('template/footer...')
#7 E:\www\creaw\system\View\View.php(246): include('E:\\www\\creaw\\ap...')
#8 E:\www\creaw\system\Common.php(1119): CodeIgniter\View\View->render('template/index', Array, true)
#9 E:\www\creaw\app\Controllers\Dashboard.php(188): view('template/index', Array)
#10 E:\www\creaw\system\CodeIgniter.php(918): App\Controllers\Dashboard->region_performance()
#11 E:\www\creaw\system\CodeIgniter.php(404): CodeIgniter\CodeIgniter->runController(Object(App\Controllers\Dashboard))
#12 E:\www\creaw\system\CodeIgniter.php(312): CodeIgniter\CodeIgniter->handleRequest(NULL, Object(Config\Cache), false)
#13 E:\www\creaw\index.php(45): CodeIgniter\CodeIgniter->run()
#14 {main}
CRITICAL - 2021-07-19 07:01:50 --> Undefined index: region
#0 E:\www\creaw\app\Views\office\dashboard\region_performance_js.php(63): CodeIgniter\Debug\Exceptions->errorHandler(8, 'Undefined index...', 'E:\\www\\creaw\\ap...', 63, Array)
#1 E:\www\creaw\system\View\View.php(246): include('E:\\www\\creaw\\ap...')
#2 E:\www\creaw\system\Common.php(1119): CodeIgniter\View\View->render('office/dashboar...', Array, true)
#3 E:\www\creaw\app\Views\template\footer.php(492): view('office/dashboar...')
#4 E:\www\creaw\system\View\View.php(246): include('E:\\www\\creaw\\ap...')
#5 E:\www\creaw\system\Common.php(1119): CodeIgniter\View\View->render('template/footer...', Array, true)
#6 E:\www\creaw\app\Views\template\index.php(18): view('template/footer...')
#7 E:\www\creaw\system\View\View.php(246): include('E:\\www\\creaw\\ap...')
#8 E:\www\creaw\system\Common.php(1119): CodeIgniter\View\View->render('template/index', Array, true)
#9 E:\www\creaw\app\Controllers\Dashboard.php(188): view('template/index', Array)
#10 E:\www\creaw\system\CodeIgniter.php(918): App\Controllers\Dashboard->region_performance()
#11 E:\www\creaw\system\CodeIgniter.php(404): CodeIgniter\CodeIgniter->runController(Object(App\Controllers\Dashboard))
#12 E:\www\creaw\system\CodeIgniter.php(312): CodeIgniter\CodeIgniter->handleRequest(NULL, Object(Config\Cache), false)
#13 E:\www\creaw\index.php(45): CodeIgniter\CodeIgniter->run()
#14 {main}
CRITICAL - 2021-07-19 07:02:12 --> Undefined index: name
#0 E:\www\creaw\app\Views\office\dashboard\region_performance_js.php(63): CodeIgniter\Debug\Exceptions->errorHandler(8, 'Undefined index...', 'E:\\www\\creaw\\ap...', 63, Array)
#1 E:\www\creaw\system\View\View.php(246): include('E:\\www\\creaw\\ap...')
#2 E:\www\creaw\system\Common.php(1119): CodeIgniter\View\View->render('office/dashboar...', Array, true)
#3 E:\www\creaw\app\Views\template\footer.php(492): view('office/dashboar...')
#4 E:\www\creaw\system\View\View.php(246): include('E:\\www\\creaw\\ap...')
#5 E:\www\creaw\system\Common.php(1119): CodeIgniter\View\View->render('template/footer...', Array, true)
#6 E:\www\creaw\app\Views\template\index.php(18): view('template/footer...')
#7 E:\www\creaw\system\View\View.php(246): include('E:\\www\\creaw\\ap...')
#8 E:\www\creaw\system\Common.php(1119): CodeIgniter\View\View->render('template/index', Array, true)
#9 E:\www\creaw\app\Controllers\Dashboard.php(188): view('template/index', Array)
#10 E:\www\creaw\system\CodeIgniter.php(918): App\Controllers\Dashboard->region_performance()
#11 E:\www\creaw\system\CodeIgniter.php(404): CodeIgniter\CodeIgniter->runController(Object(App\Controllers\Dashboard))
#12 E:\www\creaw\system\CodeIgniter.php(312): CodeIgniter\CodeIgniter->handleRequest(NULL, Object(Config\Cache), false)
#13 E:\www\creaw\index.php(45): CodeIgniter\CodeIgniter->run()
#14 {main}
CRITICAL - 2021-07-19 07:02:12 --> Undefined index: name
#0 E:\www\creaw\app\Views\office\dashboard\region_performance_js.php(63): CodeIgniter\Debug\Exceptions->errorHandler(8, 'Undefined index...', 'E:\\www\\creaw\\ap...', 63, Array)
#1 E:\www\creaw\system\View\View.php(246): include('E:\\www\\creaw\\ap...')
#2 E:\www\creaw\system\Common.php(1119): CodeIgniter\View\View->render('office/dashboar...', Array, true)
#3 E:\www\creaw\app\Views\template\footer.php(492): view('office/dashboar...')
#4 E:\www\creaw\system\View\View.php(246): include('E:\\www\\creaw\\ap...')
#5 E:\www\creaw\system\Common.php(1119): CodeIgniter\View\View->render('template/footer...', Array, true)
#6 E:\www\creaw\app\Views\template\index.php(18): view('template/footer...')
#7 E:\www\creaw\system\View\View.php(246): include('E:\\www\\creaw\\ap...')
#8 E:\www\creaw\system\Common.php(1119): CodeIgniter\View\View->render('template/index', Array, true)
#9 E:\www\creaw\app\Controllers\Dashboard.php(188): view('template/index', Array)
#10 E:\www\creaw\system\CodeIgniter.php(918): App\Controllers\Dashboard->region_performance()
#11 E:\www\creaw\system\CodeIgniter.php(404): CodeIgniter\CodeIgniter->runController(Object(App\Controllers\Dashboard))
#12 E:\www\creaw\system\CodeIgniter.php(312): CodeIgniter\CodeIgniter->handleRequest(NULL, Object(Config\Cache), false)
#13 E:\www\creaw\index.php(45): CodeIgniter\CodeIgniter->run()
#14 {main}
CRITICAL - 2021-07-19 07:03:59 --> Undefined index: name
#0 E:\www\creaw\app\Views\office\dashboard\region_performance_js.php(63): CodeIgniter\Debug\Exceptions->errorHandler(8, 'Undefined index...', 'E:\\www\\creaw\\ap...', 63, Array)
#1 E:\www\creaw\system\View\View.php(246): include('E:\\www\\creaw\\ap...')
#2 E:\www\creaw\system\Common.php(1119): CodeIgniter\View\View->render('office/dashboar...', Array, true)
#3 E:\www\creaw\app\Views\template\footer.php(492): view('office/dashboar...')
#4 E:\www\creaw\system\View\View.php(246): include('E:\\www\\creaw\\ap...')
#5 E:\www\creaw\system\Common.php(1119): CodeIgniter\View\View->render('template/footer...', Array, true)
#6 E:\www\creaw\app\Views\template\index.php(18): view('template/footer...')
#7 E:\www\creaw\system\View\View.php(246): include('E:\\www\\creaw\\ap...')
#8 E:\www\creaw\system\Common.php(1119): CodeIgniter\View\View->render('template/index', Array, true)
#9 E:\www\creaw\app\Controllers\Dashboard.php(188): view('template/index', Array)
#10 E:\www\creaw\system\CodeIgniter.php(918): App\Controllers\Dashboard->region_performance()
#11 E:\www\creaw\system\CodeIgniter.php(404): CodeIgniter\CodeIgniter->runController(Object(App\Controllers\Dashboard))
#12 E:\www\creaw\system\CodeIgniter.php(312): CodeIgniter\CodeIgniter->handleRequest(NULL, Object(Config\Cache), false)
#13 E:\www\creaw\index.php(45): CodeIgniter\CodeIgniter->run()
#14 {main}
CRITICAL - 2021-07-19 07:03:59 --> Undefined index: name
#0 E:\www\creaw\app\Views\office\dashboard\region_performance_js.php(63): CodeIgniter\Debug\Exceptions->errorHandler(8, 'Undefined index...', 'E:\\www\\creaw\\ap...', 63, Array)
#1 E:\www\creaw\system\View\View.php(246): include('E:\\www\\creaw\\ap...')
#2 E:\www\creaw\system\Common.php(1119): CodeIgniter\View\View->render('office/dashboar...', Array, true)
#3 E:\www\creaw\app\Views\template\footer.php(492): view('office/dashboar...')
#4 E:\www\creaw\system\View\View.php(246): include('E:\\www\\creaw\\ap...')
#5 E:\www\creaw\system\Common.php(1119): CodeIgniter\View\View->render('template/footer...', Array, true)
#6 E:\www\creaw\app\Views\template\index.php(18): view('template/footer...')
#7 E:\www\creaw\system\View\View.php(246): include('E:\\www\\creaw\\ap...')
#8 E:\www\creaw\system\Common.php(1119): CodeIgniter\View\View->render('template/index', Array, true)
#9 E:\www\creaw\app\Controllers\Dashboard.php(188): view('template/index', Array)
#10 E:\www\creaw\system\CodeIgniter.php(918): App\Controllers\Dashboard->region_performance()
#11 E:\www\creaw\system\CodeIgniter.php(404): CodeIgniter\CodeIgniter->runController(Object(App\Controllers\Dashboard))
#12 E:\www\creaw\system\CodeIgniter.php(312): CodeIgniter\CodeIgniter->handleRequest(NULL, Object(Config\Cache), false)
#13 E:\www\creaw\index.php(45): CodeIgniter\CodeIgniter->run()
#14 {main}
CRITICAL - 2021-07-19 07:04:03 --> Undefined index: name
#0 E:\www\creaw\app\Views\office\dashboard\region_performance_js.php(63): CodeIgniter\Debug\Exceptions->errorHandler(8, 'Undefined index...', 'E:\\www\\creaw\\ap...', 63, Array)
#1 E:\www\creaw\system\View\View.php(246): include('E:\\www\\creaw\\ap...')
#2 E:\www\creaw\system\Common.php(1119): CodeIgniter\View\View->render('office/dashboar...', Array, true)
#3 E:\www\creaw\app\Views\template\footer.php(492): view('office/dashboar...')
#4 E:\www\creaw\system\View\View.php(246): include('E:\\www\\creaw\\ap...')
#5 E:\www\creaw\system\Common.php(1119): CodeIgniter\View\View->render('template/footer...', Array, true)
#6 E:\www\creaw\app\Views\template\index.php(18): view('template/footer...')
#7 E:\www\creaw\system\View\View.php(246): include('E:\\www\\creaw\\ap...')
#8 E:\www\creaw\system\Common.php(1119): CodeIgniter\View\View->render('template/index', Array, true)
#9 E:\www\creaw\app\Controllers\Dashboard.php(188): view('template/index', Array)
#10 E:\www\creaw\system\CodeIgniter.php(918): App\Controllers\Dashboard->region_performance()
#11 E:\www\creaw\system\CodeIgniter.php(404): CodeIgniter\CodeIgniter->runController(Object(App\Controllers\Dashboard))
#12 E:\www\creaw\system\CodeIgniter.php(312): CodeIgniter\CodeIgniter->handleRequest(NULL, Object(Config\Cache), false)
#13 E:\www\creaw\index.php(45): CodeIgniter\CodeIgniter->run()
#14 {main}
CRITICAL - 2021-07-19 07:04:03 --> Undefined index: name
#0 E:\www\creaw\app\Views\office\dashboard\region_performance_js.php(63): CodeIgniter\Debug\Exceptions->errorHandler(8, 'Undefined index...', 'E:\\www\\creaw\\ap...', 63, Array)
#1 E:\www\creaw\system\View\View.php(246): include('E:\\www\\creaw\\ap...')
#2 E:\www\creaw\system\Common.php(1119): CodeIgniter\View\View->render('office/dashboar...', Array, true)
#3 E:\www\creaw\app\Views\template\footer.php(492): view('office/dashboar...')
#4 E:\www\creaw\system\View\View.php(246): include('E:\\www\\creaw\\ap...')
#5 E:\www\creaw\system\Common.php(1119): CodeIgniter\View\View->render('template/footer...', Array, true)
#6 E:\www\creaw\app\Views\template\index.php(18): view('template/footer...')
#7 E:\www\creaw\system\View\View.php(246): include('E:\\www\\creaw\\ap...')
#8 E:\www\creaw\system\Common.php(1119): CodeIgniter\View\View->render('template/index', Array, true)
#9 E:\www\creaw\app\Controllers\Dashboard.php(188): view('template/index', Array)
#10 E:\www\creaw\system\CodeIgniter.php(918): App\Controllers\Dashboard->region_performance()
#11 E:\www\creaw\system\CodeIgniter.php(404): CodeIgniter\CodeIgniter->runController(Object(App\Controllers\Dashboard))
#12 E:\www\creaw\system\CodeIgniter.php(312): CodeIgniter\CodeIgniter->handleRequest(NULL, Object(Config\Cache), false)
#13 E:\www\creaw\index.php(45): CodeIgniter\CodeIgniter->run()
#14 {main}
CRITICAL - 2021-07-19 07:04:12 --> Undefined index: name
#0 E:\www\creaw\app\Views\office\dashboard\region_performance_js.php(63): CodeIgniter\Debug\Exceptions->errorHandler(8, 'Undefined index...', 'E:\\www\\creaw\\ap...', 63, Array)
#1 E:\www\creaw\system\View\View.php(246): include('E:\\www\\creaw\\ap...')
#2 E:\www\creaw\system\Common.php(1119): CodeIgniter\View\View->render('office/dashboar...', Array, true)
#3 E:\www\creaw\app\Views\template\footer.php(492): view('office/dashboar...')
#4 E:\www\creaw\system\View\View.php(246): include('E:\\www\\creaw\\ap...')
#5 E:\www\creaw\system\Common.php(1119): CodeIgniter\View\View->render('template/footer...', Array, true)
#6 E:\www\creaw\app\Views\template\index.php(18): view('template/footer...')
#7 E:\www\creaw\system\View\View.php(246): include('E:\\www\\creaw\\ap...')
#8 E:\www\creaw\system\Common.php(1119): CodeIgniter\View\View->render('template/index', Array, true)
#9 E:\www\creaw\app\Controllers\Dashboard.php(188): view('template/index', Array)
#10 E:\www\creaw\system\CodeIgniter.php(918): App\Controllers\Dashboard->region_performance()
#11 E:\www\creaw\system\CodeIgniter.php(404): CodeIgniter\CodeIgniter->runController(Object(App\Controllers\Dashboard))
#12 E:\www\creaw\system\CodeIgniter.php(312): CodeIgniter\CodeIgniter->handleRequest(NULL, Object(Config\Cache), false)
#13 E:\www\creaw\index.php(45): CodeIgniter\CodeIgniter->run()
#14 {main}
CRITICAL - 2021-07-19 07:04:12 --> Undefined index: name
#0 E:\www\creaw\app\Views\office\dashboard\region_performance_js.php(63): CodeIgniter\Debug\Exceptions->errorHandler(8, 'Undefined index...', 'E:\\www\\creaw\\ap...', 63, Array)
#1 E:\www\creaw\system\View\View.php(246): include('E:\\www\\creaw\\ap...')
#2 E:\www\creaw\system\Common.php(1119): CodeIgniter\View\View->render('office/dashboar...', Array, true)
#3 E:\www\creaw\app\Views\template\footer.php(492): view('office/dashboar...')
#4 E:\www\creaw\system\View\View.php(246): include('E:\\www\\creaw\\ap...')
#5 E:\www\creaw\system\Common.php(1119): CodeIgniter\View\View->render('template/footer...', Array, true)
#6 E:\www\creaw\app\Views\template\index.php(18): view('template/footer...')
#7 E:\www\creaw\system\View\View.php(246): include('E:\\www\\creaw\\ap...')
#8 E:\www\creaw\system\Common.php(1119): CodeIgniter\View\View->render('template/index', Array, true)
#9 E:\www\creaw\app\Controllers\Dashboard.php(188): view('template/index', Array)
#10 E:\www\creaw\system\CodeIgniter.php(918): App\Controllers\Dashboard->region_performance()
#11 E:\www\creaw\system\CodeIgniter.php(404): CodeIgniter\CodeIgniter->runController(Object(App\Controllers\Dashboard))
#12 E:\www\creaw\system\CodeIgniter.php(312): CodeIgniter\CodeIgniter->handleRequest(NULL, Object(Config\Cache), false)
#13 E:\www\creaw\index.php(45): CodeIgniter\CodeIgniter->run()
#14 {main}
CRITICAL - 2021-07-19 07:04:17 --> Undefined index: name
#0 E:\www\creaw\app\Views\office\dashboard\region_performance_js.php(63): CodeIgniter\Debug\Exceptions->errorHandler(8, 'Undefined index...', 'E:\\www\\creaw\\ap...', 63, Array)
#1 E:\www\creaw\system\View\View.php(246): include('E:\\www\\creaw\\ap...')
#2 E:\www\creaw\system\Common.php(1119): CodeIgniter\View\View->render('office/dashboar...', Array, true)
#3 E:\www\creaw\app\Views\template\footer.php(492): view('office/dashboar...')
#4 E:\www\creaw\system\View\View.php(246): include('E:\\www\\creaw\\ap...')
#5 E:\www\creaw\system\Common.php(1119): CodeIgniter\View\View->render('template/footer...', Array, true)
#6 E:\www\creaw\app\Views\template\index.php(18): view('template/footer...')
#7 E:\www\creaw\system\View\View.php(246): include('E:\\www\\creaw\\ap...')
#8 E:\www\creaw\system\Common.php(1119): CodeIgniter\View\View->render('template/index', Array, true)
#9 E:\www\creaw\app\Controllers\Dashboard.php(188): view('template/index', Array)
#10 E:\www\creaw\system\CodeIgniter.php(918): App\Controllers\Dashboard->region_performance()
#11 E:\www\creaw\system\CodeIgniter.php(404): CodeIgniter\CodeIgniter->runController(Object(App\Controllers\Dashboard))
#12 E:\www\creaw\system\CodeIgniter.php(312): CodeIgniter\CodeIgniter->handleRequest(NULL, Object(Config\Cache), false)
#13 E:\www\creaw\index.php(45): CodeIgniter\CodeIgniter->run()
#14 {main}
CRITICAL - 2021-07-19 07:04:18 --> Undefined index: name
#0 E:\www\creaw\app\Views\office\dashboard\region_performance_js.php(63): CodeIgniter\Debug\Exceptions->errorHandler(8, 'Undefined index...', 'E:\\www\\creaw\\ap...', 63, Array)
#1 E:\www\creaw\system\View\View.php(246): include('E:\\www\\creaw\\ap...')
#2 E:\www\creaw\system\Common.php(1119): CodeIgniter\View\View->render('office/dashboar...', Array, true)
#3 E:\www\creaw\app\Views\template\footer.php(492): view('office/dashboar...')
#4 E:\www\creaw\system\View\View.php(246): include('E:\\www\\creaw\\ap...')
#5 E:\www\creaw\system\Common.php(1119): CodeIgniter\View\View->render('template/footer...', Array, true)
#6 E:\www\creaw\app\Views\template\index.php(18): view('template/footer...')
#7 E:\www\creaw\system\View\View.php(246): include('E:\\www\\creaw\\ap...')
#8 E:\www\creaw\system\Common.php(1119): CodeIgniter\View\View->render('template/index', Array, true)
#9 E:\www\creaw\app\Controllers\Dashboard.php(188): view('template/index', Array)
#10 E:\www\creaw\system\CodeIgniter.php(918): App\Controllers\Dashboard->region_performance()
#11 E:\www\creaw\system\CodeIgniter.php(404): CodeIgniter\CodeIgniter->runController(Object(App\Controllers\Dashboard))
#12 E:\www\creaw\system\CodeIgniter.php(312): CodeIgniter\CodeIgniter->handleRequest(NULL, Object(Config\Cache), false)
#13 E:\www\creaw\index.php(45): CodeIgniter\CodeIgniter->run()
#14 {main}
CRITICAL - 2021-07-19 08:05:10 --> Undefined index: name
#0 E:\www\creaw\app\Views\office\dashboard\region_performance_js.php(63): CodeIgniter\Debug\Exceptions->errorHandler(8, 'Undefined index...', 'E:\\www\\creaw\\ap...', 63, Array)
#1 E:\www\creaw\system\View\View.php(246): include('E:\\www\\creaw\\ap...')
#2 E:\www\creaw\system\Common.php(1119): CodeIgniter\View\View->render('office/dashboar...', Array, true)
#3 E:\www\creaw\app\Views\template\footer.php(492): view('office/dashboar...')
#4 E:\www\creaw\system\View\View.php(246): include('E:\\www\\creaw\\ap...')
#5 E:\www\creaw\system\Common.php(1119): CodeIgniter\View\View->render('template/footer...', Array, true)
#6 E:\www\creaw\app\Views\template\index.php(18): view('template/footer...')
#7 E:\www\creaw\system\View\View.php(246): include('E:\\www\\creaw\\ap...')
#8 E:\www\creaw\system\Common.php(1119): CodeIgniter\View\View->render('template/index', Array, true)
#9 E:\www\creaw\app\Controllers\Dashboard.php(188): view('template/index', Array)
#10 E:\www\creaw\system\CodeIgniter.php(918): App\Controllers\Dashboard->region_performance()
#11 E:\www\creaw\system\CodeIgniter.php(404): CodeIgniter\CodeIgniter->runController(Object(App\Controllers\Dashboard))
#12 E:\www\creaw\system\CodeIgniter.php(312): CodeIgniter\CodeIgniter->handleRequest(NULL, Object(Config\Cache), false)
#13 E:\www\creaw\index.php(45): CodeIgniter\CodeIgniter->run()
#14 {main}
CRITICAL - 2021-07-19 08:05:10 --> Undefined index: name
#0 E:\www\creaw\app\Views\office\dashboard\region_performance_js.php(63): CodeIgniter\Debug\Exceptions->errorHandler(8, 'Undefined index...', 'E:\\www\\creaw\\ap...', 63, Array)
#1 E:\www\creaw\system\View\View.php(246): include('E:\\www\\creaw\\ap...')
#2 E:\www\creaw\system\Common.php(1119): CodeIgniter\View\View->render('office/dashboar...', Array, true)
#3 E:\www\creaw\app\Views\template\footer.php(492): view('office/dashboar...')
#4 E:\www\creaw\system\View\View.php(246): include('E:\\www\\creaw\\ap...')
#5 E:\www\creaw\system\Common.php(1119): CodeIgniter\View\View->render('template/footer...', Array, true)
#6 E:\www\creaw\app\Views\template\index.php(18): view('template/footer...')
#7 E:\www\creaw\system\View\View.php(246): include('E:\\www\\creaw\\ap...')
#8 E:\www\creaw\system\Common.php(1119): CodeIgniter\View\View->render('template/index', Array, true)
#9 E:\www\creaw\app\Controllers\Dashboard.php(188): view('template/index', Array)
#10 E:\www\creaw\system\CodeIgniter.php(918): App\Controllers\Dashboard->region_performance()
#11 E:\www\creaw\system\CodeIgniter.php(404): CodeIgniter\CodeIgniter->runController(Object(App\Controllers\Dashboard))
#12 E:\www\creaw\system\CodeIgniter.php(312): CodeIgniter\CodeIgniter->handleRequest(NULL, Object(Config\Cache), false)
#13 E:\www\creaw\index.php(45): CodeIgniter\CodeIgniter->run()
#14 {main}
CRITICAL - 2021-07-19 08:08:56 --> You have an error in your SQL syntax; check the manual that corresponds to your MariaDB server version for the right syntax to use near 'project_status !=""' at line 10
#0 E:\www\creaw\system\Database\MySQLi\Connection.php(331): mysqli->query('SELECT  name as...')
#1 E:\www\creaw\system\Database\BaseConnection.php(741): CodeIgniter\Database\MySQLi\Connection->execute('SELECT  name as...')
#2 E:\www\creaw\system\Database\BaseConnection.php(669): CodeIgniter\Database\BaseConnection->simpleQuery('SELECT  name as...')
#3 E:\www\creaw\app\Views\office\dashboard\region_performance_js.php(39): CodeIgniter\Database\BaseConnection->query('SELECT  name as...')
#4 E:\www\creaw\system\View\View.php(246): include('E:\\www\\creaw\\ap...')
#5 E:\www\creaw\system\Common.php(1119): CodeIgniter\View\View->render('office/dashboar...', Array, true)
#6 E:\www\creaw\app\Views\template\footer.php(492): view('office/dashboar...')
#7 E:\www\creaw\system\View\View.php(246): include('E:\\www\\creaw\\ap...')
#8 E:\www\creaw\system\Common.php(1119): CodeIgniter\View\View->render('template/footer...', Array, true)
#9 E:\www\creaw\app\Views\template\index.php(18): view('template/footer...')
#10 E:\www\creaw\system\View\View.php(246): include('E:\\www\\creaw\\ap...')
#11 E:\www\creaw\system\Common.php(1119): CodeIgniter\View\View->render('template/index', Array, true)
#12 E:\www\creaw\app\Controllers\Dashboard.php(188): view('template/index', Array)
#13 E:\www\creaw\system\CodeIgniter.php(918): App\Controllers\Dashboard->region_performance()
#14 E:\www\creaw\system\CodeIgniter.php(404): CodeIgniter\CodeIgniter->runController(Object(App\Controllers\Dashboard))
#15 E:\www\creaw\system\CodeIgniter.php(312): CodeIgniter\CodeIgniter->handleRequest(NULL, Object(Config\Cache), false)
#16 E:\www\creaw\index.php(45): CodeIgniter\CodeIgniter->run()
#17 {main}
CRITICAL - 2021-07-19 08:08:56 --> You have an error in your SQL syntax; check the manual that corresponds to your MariaDB server version for the right syntax to use near 'project_status !=""' at line 10
#0 E:\www\creaw\system\Database\MySQLi\Connection.php(331): mysqli->query('SELECT  name as...')
#1 E:\www\creaw\system\Database\BaseConnection.php(741): CodeIgniter\Database\MySQLi\Connection->execute('SELECT  name as...')
#2 E:\www\creaw\system\Database\BaseConnection.php(669): CodeIgniter\Database\BaseConnection->simpleQuery('SELECT  name as...')
#3 E:\www\creaw\app\Views\office\dashboard\region_performance_js.php(39): CodeIgniter\Database\BaseConnection->query('SELECT  name as...')
#4 E:\www\creaw\system\View\View.php(246): include('E:\\www\\creaw\\ap...')
#5 E:\www\creaw\system\Common.php(1119): CodeIgniter\View\View->render('office/dashboar...', Array, true)
#6 E:\www\creaw\app\Views\template\footer.php(492): view('office/dashboar...')
#7 E:\www\creaw\system\View\View.php(246): include('E:\\www\\creaw\\ap...')
#8 E:\www\creaw\system\Common.php(1119): CodeIgniter\View\View->render('template/footer...', Array, true)
#9 E:\www\creaw\app\Views\template\index.php(18): view('template/footer...')
#10 E:\www\creaw\system\View\View.php(246): include('E:\\www\\creaw\\ap...')
#11 E:\www\creaw\system\Common.php(1119): CodeIgniter\View\View->render('template/index', Array, true)
#12 E:\www\creaw\app\Controllers\Dashboard.php(188): view('template/index', Array)
#13 E:\www\creaw\system\CodeIgniter.php(918): App\Controllers\Dashboard->region_performance()
#14 E:\www\creaw\system\CodeIgniter.php(404): CodeIgniter\CodeIgniter->runController(Object(App\Controllers\Dashboard))
#15 E:\www\creaw\system\CodeIgniter.php(312): CodeIgniter\CodeIgniter->handleRequest(NULL, Object(Config\Cache), false)
#16 E:\www\creaw\index.php(45): CodeIgniter\CodeIgniter->run()
#17 {main}
CRITICAL - 2021-07-19 08:09:33 --> Unknown column 'project_status' in 'where clause'
#0 E:\www\creaw\system\Database\MySQLi\Connection.php(331): mysqli->query('SELECT  name as...')
#1 E:\www\creaw\system\Database\BaseConnection.php(741): CodeIgniter\Database\MySQLi\Connection->execute('SELECT  name as...')
#2 E:\www\creaw\system\Database\BaseConnection.php(669): CodeIgniter\Database\BaseConnection->simpleQuery('SELECT  name as...')
#3 E:\www\creaw\app\Views\office\dashboard\region_performance_js.php(39): CodeIgniter\Database\BaseConnection->query('SELECT  name as...')
#4 E:\www\creaw\system\View\View.php(246): include('E:\\www\\creaw\\ap...')
#5 E:\www\creaw\system\Common.php(1119): CodeIgniter\View\View->render('office/dashboar...', Array, true)
#6 E:\www\creaw\app\Views\template\footer.php(492): view('office/dashboar...')
#7 E:\www\creaw\system\View\View.php(246): include('E:\\www\\creaw\\ap...')
#8 E:\www\creaw\system\Common.php(1119): CodeIgniter\View\View->render('template/footer...', Array, true)
#9 E:\www\creaw\app\Views\template\index.php(18): view('template/footer...')
#10 E:\www\creaw\system\View\View.php(246): include('E:\\www\\creaw\\ap...')
#11 E:\www\creaw\system\Common.php(1119): CodeIgniter\View\View->render('template/index', Array, true)
#12 E:\www\creaw\app\Controllers\Dashboard.php(188): view('template/index', Array)
#13 E:\www\creaw\system\CodeIgniter.php(918): App\Controllers\Dashboard->region_performance()
#14 E:\www\creaw\system\CodeIgniter.php(404): CodeIgniter\CodeIgniter->runController(Object(App\Controllers\Dashboard))
#15 E:\www\creaw\system\CodeIgniter.php(312): CodeIgniter\CodeIgniter->handleRequest(NULL, Object(Config\Cache), false)
#16 E:\www\creaw\index.php(45): CodeIgniter\CodeIgniter->run()
#17 {main}
CRITICAL - 2021-07-19 08:09:33 --> Unknown column 'project_status' in 'where clause'
#0 E:\www\creaw\system\Database\MySQLi\Connection.php(331): mysqli->query('SELECT  name as...')
#1 E:\www\creaw\system\Database\BaseConnection.php(741): CodeIgniter\Database\MySQLi\Connection->execute('SELECT  name as...')
#2 E:\www\creaw\system\Database\BaseConnection.php(669): CodeIgniter\Database\BaseConnection->simpleQuery('SELECT  name as...')
#3 E:\www\creaw\app\Views\office\dashboard\region_performance_js.php(39): CodeIgniter\Database\BaseConnection->query('SELECT  name as...')
#4 E:\www\creaw\system\View\View.php(246): include('E:\\www\\creaw\\ap...')
#5 E:\www\creaw\system\Common.php(1119): CodeIgniter\View\View->render('office/dashboar...', Array, true)
#6 E:\www\creaw\app\Views\template\footer.php(492): view('office/dashboar...')
#7 E:\www\creaw\system\View\View.php(246): include('E:\\www\\creaw\\ap...')
#8 E:\www\creaw\system\Common.php(1119): CodeIgniter\View\View->render('template/footer...', Array, true)
#9 E:\www\creaw\app\Views\template\index.php(18): view('template/footer...')
#10 E:\www\creaw\system\View\View.php(246): include('E:\\www\\creaw\\ap...')
#11 E:\www\creaw\system\Common.php(1119): CodeIgniter\View\View->render('template/index', Array, true)
#12 E:\www\creaw\app\Controllers\Dashboard.php(188): view('template/index', Array)
#13 E:\www\creaw\system\CodeIgniter.php(918): App\Controllers\Dashboard->region_performance()
#14 E:\www\creaw\system\CodeIgniter.php(404): CodeIgniter\CodeIgniter->runController(Object(App\Controllers\Dashboard))
#15 E:\www\creaw\system\CodeIgniter.php(312): CodeIgniter\CodeIgniter->handleRequest(NULL, Object(Config\Cache), false)
#16 E:\www\creaw\index.php(45): CodeIgniter\CodeIgniter->run()
#17 {main}
CRITICAL - 2021-07-19 08:09:52 --> Unknown column 'project.project_status' in 'where clause'
#0 E:\www\creaw\system\Database\MySQLi\Connection.php(331): mysqli->query('SELECT  name as...')
#1 E:\www\creaw\system\Database\BaseConnection.php(741): CodeIgniter\Database\MySQLi\Connection->execute('SELECT  name as...')
#2 E:\www\creaw\system\Database\BaseConnection.php(669): CodeIgniter\Database\BaseConnection->simpleQuery('SELECT  name as...')
#3 E:\www\creaw\app\Views\office\dashboard\region_performance_js.php(39): CodeIgniter\Database\BaseConnection->query('SELECT  name as...')
#4 E:\www\creaw\system\View\View.php(246): include('E:\\www\\creaw\\ap...')
#5 E:\www\creaw\system\Common.php(1119): CodeIgniter\View\View->render('office/dashboar...', Array, true)
#6 E:\www\creaw\app\Views\template\footer.php(492): view('office/dashboar...')
#7 E:\www\creaw\system\View\View.php(246): include('E:\\www\\creaw\\ap...')
#8 E:\www\creaw\system\Common.php(1119): CodeIgniter\View\View->render('template/footer...', Array, true)
#9 E:\www\creaw\app\Views\template\index.php(18): view('template/footer...')
#10 E:\www\creaw\system\View\View.php(246): include('E:\\www\\creaw\\ap...')
#11 E:\www\creaw\system\Common.php(1119): CodeIgniter\View\View->render('template/index', Array, true)
#12 E:\www\creaw\app\Controllers\Dashboard.php(188): view('template/index', Array)
#13 E:\www\creaw\system\CodeIgniter.php(918): App\Controllers\Dashboard->region_performance()
#14 E:\www\creaw\system\CodeIgniter.php(404): CodeIgniter\CodeIgniter->runController(Object(App\Controllers\Dashboard))
#15 E:\www\creaw\system\CodeIgniter.php(312): CodeIgniter\CodeIgniter->handleRequest(NULL, Object(Config\Cache), false)
#16 E:\www\creaw\index.php(45): CodeIgniter\CodeIgniter->run()
#17 {main}
CRITICAL - 2021-07-19 08:09:53 --> Unknown column 'project.project_status' in 'where clause'
#0 E:\www\creaw\system\Database\MySQLi\Connection.php(331): mysqli->query('SELECT  name as...')
#1 E:\www\creaw\system\Database\BaseConnection.php(741): CodeIgniter\Database\MySQLi\Connection->execute('SELECT  name as...')
#2 E:\www\creaw\system\Database\BaseConnection.php(669): CodeIgniter\Database\BaseConnection->simpleQuery('SELECT  name as...')
#3 E:\www\creaw\app\Views\office\dashboard\region_performance_js.php(39): CodeIgniter\Database\BaseConnection->query('SELECT  name as...')
#4 E:\www\creaw\system\View\View.php(246): include('E:\\www\\creaw\\ap...')
#5 E:\www\creaw\system\Common.php(1119): CodeIgniter\View\View->render('office/dashboar...', Array, true)
#6 E:\www\creaw\app\Views\template\footer.php(492): view('office/dashboar...')
#7 E:\www\creaw\system\View\View.php(246): include('E:\\www\\creaw\\ap...')
#8 E:\www\creaw\system\Common.php(1119): CodeIgniter\View\View->render('template/footer...', Array, true)
#9 E:\www\creaw\app\Views\template\index.php(18): view('template/footer...')
#10 E:\www\creaw\system\View\View.php(246): include('E:\\www\\creaw\\ap...')
#11 E:\www\creaw\system\Common.php(1119): CodeIgniter\View\View->render('template/index', Array, true)
#12 E:\www\creaw\app\Controllers\Dashboard.php(188): view('template/index', Array)
#13 E:\www\creaw\system\CodeIgniter.php(918): App\Controllers\Dashboard->region_performance()
#14 E:\www\creaw\system\CodeIgniter.php(404): CodeIgniter\CodeIgniter->runController(Object(App\Controllers\Dashboard))
#15 E:\www\creaw\system\CodeIgniter.php(312): CodeIgniter\CodeIgniter->handleRequest(NULL, Object(Config\Cache), false)
#16 E:\www\creaw\index.php(45): CodeIgniter\CodeIgniter->run()
#17 {main}
CRITICAL - 2021-07-19 08:48:42 --> Unknown column 'project_map_thematic_area.project_id' in 'on clause'
#0 E:\www\creaw\system\Database\MySQLi\Connection.php(331): mysqli->query('SELECT name, pr...')
#1 E:\www\creaw\system\Database\BaseConnection.php(741): CodeIgniter\Database\MySQLi\Connection->execute('SELECT name, pr...')
#2 E:\www\creaw\system\Database\BaseConnection.php(669): CodeIgniter\Database\BaseConnection->simpleQuery('SELECT name, pr...')
#3 E:\www\creaw\app\Views\office\dashboard\sector_performance.php(75): CodeIgniter\Database\BaseConnection->query('SELECT name, pr...')
#4 E:\www\creaw\system\View\View.php(246): include('E:\\www\\creaw\\ap...')
#5 E:\www\creaw\system\Common.php(1119): CodeIgniter\View\View->render('office/dashboar...', Array, true)
#6 E:\www\creaw\app\Views\template\index.php(14): view('office/dashboar...')
#7 E:\www\creaw\system\View\View.php(246): include('E:\\www\\creaw\\ap...')
#8 E:\www\creaw\system\Common.php(1119): CodeIgniter\View\View->render('template/index', Array, true)
#9 E:\www\creaw\app\Controllers\Dashboard.php(205): view('template/index', Array)
#10 E:\www\creaw\system\CodeIgniter.php(918): App\Controllers\Dashboard->sector_performance()
#11 E:\www\creaw\system\CodeIgniter.php(404): CodeIgniter\CodeIgniter->runController(Object(App\Controllers\Dashboard))
#12 E:\www\creaw\system\CodeIgniter.php(312): CodeIgniter\CodeIgniter->handleRequest(NULL, Object(Config\Cache), false)
#13 E:\www\creaw\index.php(45): CodeIgniter\CodeIgniter->run()
#14 {main}
CRITICAL - 2021-07-19 08:48:42 --> Unknown column 'project_map_thematic_area.project_id' in 'on clause'
#0 E:\www\creaw\system\Database\MySQLi\Connection.php(331): mysqli->query('SELECT name, pr...')
#1 E:\www\creaw\system\Database\BaseConnection.php(741): CodeIgniter\Database\MySQLi\Connection->execute('SELECT name, pr...')
#2 E:\www\creaw\system\Database\BaseConnection.php(669): CodeIgniter\Database\BaseConnection->simpleQuery('SELECT name, pr...')
#3 E:\www\creaw\app\Views\office\dashboard\sector_performance.php(75): CodeIgniter\Database\BaseConnection->query('SELECT name, pr...')
#4 E:\www\creaw\system\View\View.php(246): include('E:\\www\\creaw\\ap...')
#5 E:\www\creaw\system\Common.php(1119): CodeIgniter\View\View->render('office/dashboar...', Array, true)
#6 E:\www\creaw\app\Views\template\index.php(14): view('office/dashboar...')
#7 E:\www\creaw\system\View\View.php(246): include('E:\\www\\creaw\\ap...')
#8 E:\www\creaw\system\Common.php(1119): CodeIgniter\View\View->render('template/index', Array, true)
#9 E:\www\creaw\app\Controllers\Dashboard.php(205): view('template/index', Array)
#10 E:\www\creaw\system\CodeIgniter.php(918): App\Controllers\Dashboard->sector_performance()
#11 E:\www\creaw\system\CodeIgniter.php(404): CodeIgniter\CodeIgniter->runController(Object(App\Controllers\Dashboard))
#12 E:\www\creaw\system\CodeIgniter.php(312): CodeIgniter\CodeIgniter->handleRequest(NULL, Object(Config\Cache), false)
#13 E:\www\creaw\index.php(45): CodeIgniter\CodeIgniter->run()
#14 {main}
CRITICAL - 2021-07-19 08:49:07 --> Unknown column 'project_map_thematic_area.project_id' in 'on clause'
#0 E:\www\creaw\system\Database\MySQLi\Connection.php(331): mysqli->query('SELECT name, pr...')
#1 E:\www\creaw\system\Database\BaseConnection.php(741): CodeIgniter\Database\MySQLi\Connection->execute('SELECT name, pr...')
#2 E:\www\creaw\system\Database\BaseConnection.php(669): CodeIgniter\Database\BaseConnection->simpleQuery('SELECT name, pr...')
#3 E:\www\creaw\app\Views\office\dashboard\sector_performance.php(75): CodeIgniter\Database\BaseConnection->query('SELECT name, pr...')
#4 E:\www\creaw\system\View\View.php(246): include('E:\\www\\creaw\\ap...')
#5 E:\www\creaw\system\Common.php(1119): CodeIgniter\View\View->render('office/dashboar...', Array, true)
#6 E:\www\creaw\app\Views\template\index.php(14): view('office/dashboar...')
#7 E:\www\creaw\system\View\View.php(246): include('E:\\www\\creaw\\ap...')
#8 E:\www\creaw\system\Common.php(1119): CodeIgniter\View\View->render('template/index', Array, true)
#9 E:\www\creaw\app\Controllers\Dashboard.php(205): view('template/index', Array)
#10 E:\www\creaw\system\CodeIgniter.php(918): App\Controllers\Dashboard->sector_performance()
#11 E:\www\creaw\system\CodeIgniter.php(404): CodeIgniter\CodeIgniter->runController(Object(App\Controllers\Dashboard))
#12 E:\www\creaw\system\CodeIgniter.php(312): CodeIgniter\CodeIgniter->handleRequest(NULL, Object(Config\Cache), false)
#13 E:\www\creaw\index.php(45): CodeIgniter\CodeIgniter->run()
#14 {main}
CRITICAL - 2021-07-19 08:49:07 --> Unknown column 'project_map_thematic_area.project_id' in 'on clause'
#0 E:\www\creaw\system\Database\MySQLi\Connection.php(331): mysqli->query('SELECT name, pr...')
#1 E:\www\creaw\system\Database\BaseConnection.php(741): CodeIgniter\Database\MySQLi\Connection->execute('SELECT name, pr...')
#2 E:\www\creaw\system\Database\BaseConnection.php(669): CodeIgniter\Database\BaseConnection->simpleQuery('SELECT name, pr...')
#3 E:\www\creaw\app\Views\office\dashboard\sector_performance.php(75): CodeIgniter\Database\BaseConnection->query('SELECT name, pr...')
#4 E:\www\creaw\system\View\View.php(246): include('E:\\www\\creaw\\ap...')
#5 E:\www\creaw\system\Common.php(1119): CodeIgniter\View\View->render('office/dashboar...', Array, true)
#6 E:\www\creaw\app\Views\template\index.php(14): view('office/dashboar...')
#7 E:\www\creaw\system\View\View.php(246): include('E:\\www\\creaw\\ap...')
#8 E:\www\creaw\system\Common.php(1119): CodeIgniter\View\View->render('template/index', Array, true)
#9 E:\www\creaw\app\Controllers\Dashboard.php(205): view('template/index', Array)
#10 E:\www\creaw\system\CodeIgniter.php(918): App\Controllers\Dashboard->sector_performance()
#11 E:\www\creaw\system\CodeIgniter.php(404): CodeIgniter\CodeIgniter->runController(Object(App\Controllers\Dashboard))
#12 E:\www\creaw\system\CodeIgniter.php(312): CodeIgniter\CodeIgniter->handleRequest(NULL, Object(Config\Cache), false)
#13 E:\www\creaw\index.php(45): CodeIgniter\CodeIgniter->run()
#14 {main}
CRITICAL - 2021-07-19 08:49:15 --> Unknown column 'project_map_thematic_area.project_id' in 'on clause'
#0 E:\www\creaw\system\Database\MySQLi\Connection.php(331): mysqli->query('SELECT name, pr...')
#1 E:\www\creaw\system\Database\BaseConnection.php(741): CodeIgniter\Database\MySQLi\Connection->execute('SELECT name, pr...')
#2 E:\www\creaw\system\Database\BaseConnection.php(669): CodeIgniter\Database\BaseConnection->simpleQuery('SELECT name, pr...')
#3 E:\www\creaw\app\Views\office\dashboard\sector_performance.php(75): CodeIgniter\Database\BaseConnection->query('SELECT name, pr...')
#4 E:\www\creaw\system\View\View.php(246): include('E:\\www\\creaw\\ap...')
#5 E:\www\creaw\system\Common.php(1119): CodeIgniter\View\View->render('office/dashboar...', Array, true)
#6 E:\www\creaw\app\Views\template\index.php(14): view('office/dashboar...')
#7 E:\www\creaw\system\View\View.php(246): include('E:\\www\\creaw\\ap...')
#8 E:\www\creaw\system\Common.php(1119): CodeIgniter\View\View->render('template/index', Array, true)
#9 E:\www\creaw\app\Controllers\Dashboard.php(205): view('template/index', Array)
#10 E:\www\creaw\system\CodeIgniter.php(918): App\Controllers\Dashboard->sector_performance()
#11 E:\www\creaw\system\CodeIgniter.php(404): CodeIgniter\CodeIgniter->runController(Object(App\Controllers\Dashboard))
#12 E:\www\creaw\system\CodeIgniter.php(312): CodeIgniter\CodeIgniter->handleRequest(NULL, Object(Config\Cache), false)
#13 E:\www\creaw\index.php(45): CodeIgniter\CodeIgniter->run()
#14 {main}
CRITICAL - 2021-07-19 08:49:15 --> Unknown column 'project_map_thematic_area.project_id' in 'on clause'
#0 E:\www\creaw\system\Database\MySQLi\Connection.php(331): mysqli->query('SELECT name, pr...')
#1 E:\www\creaw\system\Database\BaseConnection.php(741): CodeIgniter\Database\MySQLi\Connection->execute('SELECT name, pr...')
#2 E:\www\creaw\system\Database\BaseConnection.php(669): CodeIgniter\Database\BaseConnection->simpleQuery('SELECT name, pr...')
#3 E:\www\creaw\app\Views\office\dashboard\sector_performance.php(75): CodeIgniter\Database\BaseConnection->query('SELECT name, pr...')
#4 E:\www\creaw\system\View\View.php(246): include('E:\\www\\creaw\\ap...')
#5 E:\www\creaw\system\Common.php(1119): CodeIgniter\View\View->render('office/dashboar...', Array, true)
#6 E:\www\creaw\app\Views\template\index.php(14): view('office/dashboar...')
#7 E:\www\creaw\system\View\View.php(246): include('E:\\www\\creaw\\ap...')
#8 E:\www\creaw\system\Common.php(1119): CodeIgniter\View\View->render('template/index', Array, true)
#9 E:\www\creaw\app\Controllers\Dashboard.php(205): view('template/index', Array)
#10 E:\www\creaw\system\CodeIgniter.php(918): App\Controllers\Dashboard->sector_performance()
#11 E:\www\creaw\system\CodeIgniter.php(404): CodeIgniter\CodeIgniter->runController(Object(App\Controllers\Dashboard))
#12 E:\www\creaw\system\CodeIgniter.php(312): CodeIgniter\CodeIgniter->handleRequest(NULL, Object(Config\Cache), false)
#13 E:\www\creaw\index.php(45): CodeIgniter\CodeIgniter->run()
#14 {main}
CRITICAL - 2021-07-19 08:50:04 --> Unknown column 'project_map_thematic_area.project_id' in 'on clause'
#0 E:\www\creaw\system\Database\MySQLi\Connection.php(331): mysqli->query('SELECT name, pr...')
#1 E:\www\creaw\system\Database\BaseConnection.php(741): CodeIgniter\Database\MySQLi\Connection->execute('SELECT name, pr...')
#2 E:\www\creaw\system\Database\BaseConnection.php(669): CodeIgniter\Database\BaseConnection->simpleQuery('SELECT name, pr...')
#3 E:\www\creaw\app\Views\office\dashboard\sector_performance.php(75): CodeIgniter\Database\BaseConnection->query('SELECT name, pr...')
#4 E:\www\creaw\system\View\View.php(246): include('E:\\www\\creaw\\ap...')
#5 E:\www\creaw\system\Common.php(1119): CodeIgniter\View\View->render('office/dashboar...', Array, true)
#6 E:\www\creaw\app\Views\template\index.php(14): view('office/dashboar...')
#7 E:\www\creaw\system\View\View.php(246): include('E:\\www\\creaw\\ap...')
#8 E:\www\creaw\system\Common.php(1119): CodeIgniter\View\View->render('template/index', Array, true)
#9 E:\www\creaw\app\Controllers\Dashboard.php(205): view('template/index', Array)
#10 E:\www\creaw\system\CodeIgniter.php(918): App\Controllers\Dashboard->sector_performance()
#11 E:\www\creaw\system\CodeIgniter.php(404): CodeIgniter\CodeIgniter->runController(Object(App\Controllers\Dashboard))
#12 E:\www\creaw\system\CodeIgniter.php(312): CodeIgniter\CodeIgniter->handleRequest(NULL, Object(Config\Cache), false)
#13 E:\www\creaw\index.php(45): CodeIgniter\CodeIgniter->run()
#14 {main}
CRITICAL - 2021-07-19 08:50:04 --> Unknown column 'project_map_thematic_area.project_id' in 'on clause'
#0 E:\www\creaw\system\Database\MySQLi\Connection.php(331): mysqli->query('SELECT name, pr...')
#1 E:\www\creaw\system\Database\BaseConnection.php(741): CodeIgniter\Database\MySQLi\Connection->execute('SELECT name, pr...')
#2 E:\www\creaw\system\Database\BaseConnection.php(669): CodeIgniter\Database\BaseConnection->simpleQuery('SELECT name, pr...')
#3 E:\www\creaw\app\Views\office\dashboard\sector_performance.php(75): CodeIgniter\Database\BaseConnection->query('SELECT name, pr...')
#4 E:\www\creaw\system\View\View.php(246): include('E:\\www\\creaw\\ap...')
#5 E:\www\creaw\system\Common.php(1119): CodeIgniter\View\View->render('office/dashboar...', Array, true)
#6 E:\www\creaw\app\Views\template\index.php(14): view('office/dashboar...')
#7 E:\www\creaw\system\View\View.php(246): include('E:\\www\\creaw\\ap...')
#8 E:\www\creaw\system\Common.php(1119): CodeIgniter\View\View->render('template/index', Array, true)
#9 E:\www\creaw\app\Controllers\Dashboard.php(205): view('template/index', Array)
#10 E:\www\creaw\system\CodeIgniter.php(918): App\Controllers\Dashboard->sector_performance()
#11 E:\www\creaw\system\CodeIgniter.php(404): CodeIgniter\CodeIgniter->runController(Object(App\Controllers\Dashboard))
#12 E:\www\creaw\system\CodeIgniter.php(312): CodeIgniter\CodeIgniter->handleRequest(NULL, Object(Config\Cache), false)
#13 E:\www\creaw\index.php(45): CodeIgniter\CodeIgniter->run()
#14 {main}
CRITICAL - 2021-07-19 08:53:01 --> Undefined index: sector
#0 E:\www\creaw\app\Views\office\dashboard\sector_performance.php(133): CodeIgniter\Debug\Exceptions->errorHandler(8, 'Undefined index...', 'E:\\www\\creaw\\ap...', 133, Array)
#1 E:\www\creaw\system\View\View.php(246): include('E:\\www\\creaw\\ap...')
#2 E:\www\creaw\system\Common.php(1119): CodeIgniter\View\View->render('office/dashboar...', Array, true)
#3 E:\www\creaw\app\Views\template\index.php(14): view('office/dashboar...')
#4 E:\www\creaw\system\View\View.php(246): include('E:\\www\\creaw\\ap...')
#5 E:\www\creaw\system\Common.php(1119): CodeIgniter\View\View->render('template/index', Array, true)
#6 E:\www\creaw\app\Controllers\Dashboard.php(205): view('template/index', Array)
#7 E:\www\creaw\system\CodeIgniter.php(918): App\Controllers\Dashboard->sector_performance()
#8 E:\www\creaw\system\CodeIgniter.php(404): CodeIgniter\CodeIgniter->runController(Object(App\Controllers\Dashboard))
#9 E:\www\creaw\system\CodeIgniter.php(312): CodeIgniter\CodeIgniter->handleRequest(NULL, Object(Config\Cache), false)
#10 E:\www\creaw\index.php(45): CodeIgniter\CodeIgniter->run()
#11 {main}
CRITICAL - 2021-07-19 08:53:01 --> Undefined index: sector
#0 E:\www\creaw\app\Views\office\dashboard\sector_performance.php(133): CodeIgniter\Debug\Exceptions->errorHandler(8, 'Undefined index...', 'E:\\www\\creaw\\ap...', 133, Array)
#1 E:\www\creaw\system\View\View.php(246): include('E:\\www\\creaw\\ap...')
#2 E:\www\creaw\system\Common.php(1119): CodeIgniter\View\View->render('office/dashboar...', Array, true)
#3 E:\www\creaw\app\Views\template\index.php(14): view('office/dashboar...')
#4 E:\www\creaw\system\View\View.php(246): include('E:\\www\\creaw\\ap...')
#5 E:\www\creaw\system\Common.php(1119): CodeIgniter\View\View->render('template/index', Array, true)
#6 E:\www\creaw\app\Controllers\Dashboard.php(205): view('template/index', Array)
#7 E:\www\creaw\system\CodeIgniter.php(918): App\Controllers\Dashboard->sector_performance()
#8 E:\www\creaw\system\CodeIgniter.php(404): CodeIgniter\CodeIgniter->runController(Object(App\Controllers\Dashboard))
#9 E:\www\creaw\system\CodeIgniter.php(312): CodeIgniter\CodeIgniter->handleRequest(NULL, Object(Config\Cache), false)
#10 E:\www\creaw\index.php(45): CodeIgniter\CodeIgniter->run()
#11 {main}
CRITICAL - 2021-07-19 08:59:01 --> Unknown column 'mas_structure.id' in 'on clause'
#0 E:\www\creaw\system\Database\MySQLi\Connection.php(331): mysqli->query('SELECT name, IF...')
#1 E:\www\creaw\system\Database\BaseConnection.php(741): CodeIgniter\Database\MySQLi\Connection->execute('SELECT name, IF...')
#2 E:\www\creaw\system\Database\BaseConnection.php(669): CodeIgniter\Database\BaseConnection->simpleQuery('SELECT name, IF...')
#3 E:\www\creaw\app\Views\office\dashboard\mda_performance.php(78): CodeIgniter\Database\BaseConnection->query('SELECT name, IF...')
#4 E:\www\creaw\system\View\View.php(246): include('E:\\www\\creaw\\ap...')
#5 E:\www\creaw\system\Common.php(1119): CodeIgniter\View\View->render('office/dashboar...', Array, true)
#6 E:\www\creaw\app\Views\template\index.php(14): view('office/dashboar...')
#7 E:\www\creaw\system\View\View.php(246): include('E:\\www\\creaw\\ap...')
#8 E:\www\creaw\system\Common.php(1119): CodeIgniter\View\View->render('template/index', Array, true)
#9 E:\www\creaw\app\Controllers\Dashboard.php(241): view('template/index', Array)
#10 E:\www\creaw\system\CodeIgniter.php(918): App\Controllers\Dashboard->mda_performance()
#11 E:\www\creaw\system\CodeIgniter.php(404): CodeIgniter\CodeIgniter->runController(Object(App\Controllers\Dashboard))
#12 E:\www\creaw\system\CodeIgniter.php(312): CodeIgniter\CodeIgniter->handleRequest(NULL, Object(Config\Cache), false)
#13 E:\www\creaw\index.php(45): CodeIgniter\CodeIgniter->run()
#14 {main}
CRITICAL - 2021-07-19 08:59:01 --> Unknown column 'mas_structure.id' in 'on clause'
#0 E:\www\creaw\system\Database\MySQLi\Connection.php(331): mysqli->query('SELECT name, IF...')
#1 E:\www\creaw\system\Database\BaseConnection.php(741): CodeIgniter\Database\MySQLi\Connection->execute('SELECT name, IF...')
#2 E:\www\creaw\system\Database\BaseConnection.php(669): CodeIgniter\Database\BaseConnection->simpleQuery('SELECT name, IF...')
#3 E:\www\creaw\app\Views\office\dashboard\mda_performance.php(78): CodeIgniter\Database\BaseConnection->query('SELECT name, IF...')
#4 E:\www\creaw\system\View\View.php(246): include('E:\\www\\creaw\\ap...')
#5 E:\www\creaw\system\Common.php(1119): CodeIgniter\View\View->render('office/dashboar...', Array, true)
#6 E:\www\creaw\app\Views\template\index.php(14): view('office/dashboar...')
#7 E:\www\creaw\system\View\View.php(246): include('E:\\www\\creaw\\ap...')
#8 E:\www\creaw\system\Common.php(1119): CodeIgniter\View\View->render('template/index', Array, true)
#9 E:\www\creaw\app\Controllers\Dashboard.php(241): view('template/index', Array)
#10 E:\www\creaw\system\CodeIgniter.php(918): App\Controllers\Dashboard->mda_performance()
#11 E:\www\creaw\system\CodeIgniter.php(404): CodeIgniter\CodeIgniter->runController(Object(App\Controllers\Dashboard))
#12 E:\www\creaw\system\CodeIgniter.php(312): CodeIgniter\CodeIgniter->handleRequest(NULL, Object(Config\Cache), false)
#13 E:\www\creaw\index.php(45): CodeIgniter\CodeIgniter->run()
#14 {main}
CRITICAL - 2021-07-19 08:59:39 --> Unknown column 'ongoing.implementing_partner' in 'on clause'
#0 E:\www\creaw\system\Database\MySQLi\Connection.php(331): mysqli->query('SELECT name, IF...')
#1 E:\www\creaw\system\Database\BaseConnection.php(741): CodeIgniter\Database\MySQLi\Connection->execute('SELECT name, IF...')
#2 E:\www\creaw\system\Database\BaseConnection.php(669): CodeIgniter\Database\BaseConnection->simpleQuery('SELECT name, IF...')
#3 E:\www\creaw\app\Views\office\dashboard\mda_performance.php(78): CodeIgniter\Database\BaseConnection->query('SELECT name, IF...')
#4 E:\www\creaw\system\View\View.php(246): include('E:\\www\\creaw\\ap...')
#5 E:\www\creaw\system\Common.php(1119): CodeIgniter\View\View->render('office/dashboar...', Array, true)
#6 E:\www\creaw\app\Views\template\index.php(14): view('office/dashboar...')
#7 E:\www\creaw\system\View\View.php(246): include('E:\\www\\creaw\\ap...')
#8 E:\www\creaw\system\Common.php(1119): CodeIgniter\View\View->render('template/index', Array, true)
#9 E:\www\creaw\app\Controllers\Dashboard.php(241): view('template/index', Array)
#10 E:\www\creaw\system\CodeIgniter.php(918): App\Controllers\Dashboard->mda_performance()
#11 E:\www\creaw\system\CodeIgniter.php(404): CodeIgniter\CodeIgniter->runController(Object(App\Controllers\Dashboard))
#12 E:\www\creaw\system\CodeIgniter.php(312): CodeIgniter\CodeIgniter->handleRequest(NULL, Object(Config\Cache), false)
#13 E:\www\creaw\index.php(45): CodeIgniter\CodeIgniter->run()
#14 {main}
CRITICAL - 2021-07-19 08:59:39 --> Unknown column 'ongoing.implementing_partner' in 'on clause'
#0 E:\www\creaw\system\Database\MySQLi\Connection.php(331): mysqli->query('SELECT name, IF...')
#1 E:\www\creaw\system\Database\BaseConnection.php(741): CodeIgniter\Database\MySQLi\Connection->execute('SELECT name, IF...')
#2 E:\www\creaw\system\Database\BaseConnection.php(669): CodeIgniter\Database\BaseConnection->simpleQuery('SELECT name, IF...')
#3 E:\www\creaw\app\Views\office\dashboard\mda_performance.php(78): CodeIgniter\Database\BaseConnection->query('SELECT name, IF...')
#4 E:\www\creaw\system\View\View.php(246): include('E:\\www\\creaw\\ap...')
#5 E:\www\creaw\system\Common.php(1119): CodeIgniter\View\View->render('office/dashboar...', Array, true)
#6 E:\www\creaw\app\Views\template\index.php(14): view('office/dashboar...')
#7 E:\www\creaw\system\View\View.php(246): include('E:\\www\\creaw\\ap...')
#8 E:\www\creaw\system\Common.php(1119): CodeIgniter\View\View->render('template/index', Array, true)
#9 E:\www\creaw\app\Controllers\Dashboard.php(241): view('template/index', Array)
#10 E:\www\creaw\system\CodeIgniter.php(918): App\Controllers\Dashboard->mda_performance()
#11 E:\www\creaw\system\CodeIgniter.php(404): CodeIgniter\CodeIgniter->runController(Object(App\Controllers\Dashboard))
#12 E:\www\creaw\system\CodeIgniter.php(312): CodeIgniter\CodeIgniter->handleRequest(NULL, Object(Config\Cache), false)
#13 E:\www\creaw\index.php(45): CodeIgniter\CodeIgniter->run()
#14 {main}
CRITICAL - 2021-07-19 09:02:30 --> Unknown column 'project_budget' in 'field list'
#0 E:\www\creaw\system\Database\MySQLi\Connection.php(331): mysqli->query('SELECT name, IF...')
#1 E:\www\creaw\system\Database\BaseConnection.php(741): CodeIgniter\Database\MySQLi\Connection->execute('SELECT name, IF...')
#2 E:\www\creaw\system\Database\BaseConnection.php(669): CodeIgniter\Database\BaseConnection->simpleQuery('SELECT name, IF...')
#3 E:\www\creaw\app\Views\office\dashboard\mda_performance.php(126): CodeIgniter\Database\BaseConnection->query('SELECT name, IF...')
#4 E:\www\creaw\system\View\View.php(246): include('E:\\www\\creaw\\ap...')
#5 E:\www\creaw\system\Common.php(1119): CodeIgniter\View\View->render('office/dashboar...', Array, true)
#6 E:\www\creaw\app\Views\template\index.php(14): view('office/dashboar...')
#7 E:\www\creaw\system\View\View.php(246): include('E:\\www\\creaw\\ap...')
#8 E:\www\creaw\system\Common.php(1119): CodeIgniter\View\View->render('template/index', Array, true)
#9 E:\www\creaw\app\Controllers\Dashboard.php(241): view('template/index', Array)
#10 E:\www\creaw\system\CodeIgniter.php(918): App\Controllers\Dashboard->mda_performance()
#11 E:\www\creaw\system\CodeIgniter.php(404): CodeIgniter\CodeIgniter->runController(Object(App\Controllers\Dashboard))
#12 E:\www\creaw\system\CodeIgniter.php(312): CodeIgniter\CodeIgniter->handleRequest(NULL, Object(Config\Cache), false)
#13 E:\www\creaw\index.php(45): CodeIgniter\CodeIgniter->run()
#14 {main}
CRITICAL - 2021-07-19 09:02:30 --> Unknown column 'project_budget' in 'field list'
#0 E:\www\creaw\system\Database\MySQLi\Connection.php(331): mysqli->query('SELECT name, IF...')
#1 E:\www\creaw\system\Database\BaseConnection.php(741): CodeIgniter\Database\MySQLi\Connection->execute('SELECT name, IF...')
#2 E:\www\creaw\system\Database\BaseConnection.php(669): CodeIgniter\Database\BaseConnection->simpleQuery('SELECT name, IF...')
#3 E:\www\creaw\app\Views\office\dashboard\mda_performance.php(126): CodeIgniter\Database\BaseConnection->query('SELECT name, IF...')
#4 E:\www\creaw\system\View\View.php(246): include('E:\\www\\creaw\\ap...')
#5 E:\www\creaw\system\Common.php(1119): CodeIgniter\View\View->render('office/dashboar...', Array, true)
#6 E:\www\creaw\app\Views\template\index.php(14): view('office/dashboar...')
#7 E:\www\creaw\system\View\View.php(246): include('E:\\www\\creaw\\ap...')
#8 E:\www\creaw\system\Common.php(1119): CodeIgniter\View\View->render('template/index', Array, true)
#9 E:\www\creaw\app\Controllers\Dashboard.php(241): view('template/index', Array)
#10 E:\www\creaw\system\CodeIgniter.php(918): App\Controllers\Dashboard->mda_performance()
#11 E:\www\creaw\system\CodeIgniter.php(404): CodeIgniter\CodeIgniter->runController(Object(App\Controllers\Dashboard))
#12 E:\www\creaw\system\CodeIgniter.php(312): CodeIgniter\CodeIgniter->handleRequest(NULL, Object(Config\Cache), false)
#13 E:\www\creaw\index.php(45): CodeIgniter\CodeIgniter->run()
#14 {main}
CRITICAL - 2021-07-19 09:03:17 --> Unknown column 'project_budget' in 'field list'
#0 E:\www\creaw\system\Database\MySQLi\Connection.php(331): mysqli->query('SELECT name, IF...')
#1 E:\www\creaw\system\Database\BaseConnection.php(741): CodeIgniter\Database\MySQLi\Connection->execute('SELECT name, IF...')
#2 E:\www\creaw\system\Database\BaseConnection.php(669): CodeIgniter\Database\BaseConnection->simpleQuery('SELECT name, IF...')
#3 E:\www\creaw\app\Views\office\dashboard\mda_performance.php(126): CodeIgniter\Database\BaseConnection->query('SELECT name, IF...')
#4 E:\www\creaw\system\View\View.php(246): include('E:\\www\\creaw\\ap...')
#5 E:\www\creaw\system\Common.php(1119): CodeIgniter\View\View->render('office/dashboar...', Array, true)
#6 E:\www\creaw\app\Views\template\index.php(14): view('office/dashboar...')
#7 E:\www\creaw\system\View\View.php(246): include('E:\\www\\creaw\\ap...')
#8 E:\www\creaw\system\Common.php(1119): CodeIgniter\View\View->render('template/index', Array, true)
#9 E:\www\creaw\app\Controllers\Dashboard.php(241): view('template/index', Array)
#10 E:\www\creaw\system\CodeIgniter.php(918): App\Controllers\Dashboard->mda_performance()
#11 E:\www\creaw\system\CodeIgniter.php(404): CodeIgniter\CodeIgniter->runController(Object(App\Controllers\Dashboard))
#12 E:\www\creaw\system\CodeIgniter.php(312): CodeIgniter\CodeIgniter->handleRequest(NULL, Object(Config\Cache), false)
#13 E:\www\creaw\index.php(45): CodeIgniter\CodeIgniter->run()
#14 {main}
CRITICAL - 2021-07-19 09:03:17 --> Unknown column 'project_budget' in 'field list'
#0 E:\www\creaw\system\Database\MySQLi\Connection.php(331): mysqli->query('SELECT name, IF...')
#1 E:\www\creaw\system\Database\BaseConnection.php(741): CodeIgniter\Database\MySQLi\Connection->execute('SELECT name, IF...')
#2 E:\www\creaw\system\Database\BaseConnection.php(669): CodeIgniter\Database\BaseConnection->simpleQuery('SELECT name, IF...')
#3 E:\www\creaw\app\Views\office\dashboard\mda_performance.php(126): CodeIgniter\Database\BaseConnection->query('SELECT name, IF...')
#4 E:\www\creaw\system\View\View.php(246): include('E:\\www\\creaw\\ap...')
#5 E:\www\creaw\system\Common.php(1119): CodeIgniter\View\View->render('office/dashboar...', Array, true)
#6 E:\www\creaw\app\Views\template\index.php(14): view('office/dashboar...')
#7 E:\www\creaw\system\View\View.php(246): include('E:\\www\\creaw\\ap...')
#8 E:\www\creaw\system\Common.php(1119): CodeIgniter\View\View->render('template/index', Array, true)
#9 E:\www\creaw\app\Controllers\Dashboard.php(241): view('template/index', Array)
#10 E:\www\creaw\system\CodeIgniter.php(918): App\Controllers\Dashboard->mda_performance()
#11 E:\www\creaw\system\CodeIgniter.php(404): CodeIgniter\CodeIgniter->runController(Object(App\Controllers\Dashboard))
#12 E:\www\creaw\system\CodeIgniter.php(312): CodeIgniter\CodeIgniter->handleRequest(NULL, Object(Config\Cache), false)
#13 E:\www\creaw\index.php(45): CodeIgniter\CodeIgniter->run()
#14 {main}
CRITICAL - 2021-07-19 09:45:43 --> Unknown column 'tbl_not_started.county_id' in 'on clause'
#0 E:\www\creaw\system\Database\MySQLi\Connection.php(331): mysqli->query('select name as ...')
#1 E:\www\creaw\system\Database\BaseConnection.php(741): CodeIgniter\Database\MySQLi\Connection->execute('select name as ...')
#2 E:\www\creaw\system\Database\BaseConnection.php(669): CodeIgniter\Database\BaseConnection->simpleQuery('select name as ...')
#3 E:\www\creaw\app\Views\office\dashboard\mda_performance_js.php(39): CodeIgniter\Database\BaseConnection->query('select name as ...')
#4 E:\www\creaw\system\View\View.php(246): include('E:\\www\\creaw\\ap...')
#5 E:\www\creaw\system\Common.php(1119): CodeIgniter\View\View->render('office/dashboar...', Array, true)
#6 E:\www\creaw\app\Views\template\footer.php(492): view('office/dashboar...')
#7 E:\www\creaw\system\View\View.php(246): include('E:\\www\\creaw\\ap...')
#8 E:\www\creaw\system\Common.php(1119): CodeIgniter\View\View->render('template/footer...', Array, true)
#9 E:\www\creaw\app\Views\template\index.php(18): view('template/footer...')
#10 E:\www\creaw\system\View\View.php(246): include('E:\\www\\creaw\\ap...')
#11 E:\www\creaw\system\Common.php(1119): CodeIgniter\View\View->render('template/index', Array, true)
#12 E:\www\creaw\app\Controllers\Dashboard.php(241): view('template/index', Array)
#13 E:\www\creaw\system\CodeIgniter.php(918): App\Controllers\Dashboard->mda_performance()
#14 E:\www\creaw\system\CodeIgniter.php(404): CodeIgniter\CodeIgniter->runController(Object(App\Controllers\Dashboard))
#15 E:\www\creaw\system\CodeIgniter.php(312): CodeIgniter\CodeIgniter->handleRequest(NULL, Object(Config\Cache), false)
#16 E:\www\creaw\index.php(45): CodeIgniter\CodeIgniter->run()
#17 {main}
CRITICAL - 2021-07-19 09:45:43 --> Unknown column 'tbl_not_started.county_id' in 'on clause'
#0 E:\www\creaw\system\Database\MySQLi\Connection.php(331): mysqli->query('select name as ...')
#1 E:\www\creaw\system\Database\BaseConnection.php(741): CodeIgniter\Database\MySQLi\Connection->execute('select name as ...')
#2 E:\www\creaw\system\Database\BaseConnection.php(669): CodeIgniter\Database\BaseConnection->simpleQuery('select name as ...')
#3 E:\www\creaw\app\Views\office\dashboard\mda_performance_js.php(39): CodeIgniter\Database\BaseConnection->query('select name as ...')
#4 E:\www\creaw\system\View\View.php(246): include('E:\\www\\creaw\\ap...')
#5 E:\www\creaw\system\Common.php(1119): CodeIgniter\View\View->render('office/dashboar...', Array, true)
#6 E:\www\creaw\app\Views\template\footer.php(492): view('office/dashboar...')
#7 E:\www\creaw\system\View\View.php(246): include('E:\\www\\creaw\\ap...')
#8 E:\www\creaw\system\Common.php(1119): CodeIgniter\View\View->render('template/footer...', Array, true)
#9 E:\www\creaw\app\Views\template\index.php(18): view('template/footer...')
#10 E:\www\creaw\system\View\View.php(246): include('E:\\www\\creaw\\ap...')
#11 E:\www\creaw\system\Common.php(1119): CodeIgniter\View\View->render('template/index', Array, true)
#12 E:\www\creaw\app\Controllers\Dashboard.php(241): view('template/index', Array)
#13 E:\www\creaw\system\CodeIgniter.php(918): App\Controllers\Dashboard->mda_performance()
#14 E:\www\creaw\system\CodeIgniter.php(404): CodeIgniter\CodeIgniter->runController(Object(App\Controllers\Dashboard))
#15 E:\www\creaw\system\CodeIgniter.php(312): CodeIgniter\CodeIgniter->handleRequest(NULL, Object(Config\Cache), false)
#16 E:\www\creaw\index.php(45): CodeIgniter\CodeIgniter->run()
#17 {main}
CRITICAL - 2021-07-19 09:56:03 --> Class 'App\Controllers\master\Funding_partner_Model' not found
#0 E:\www\creaw\system\CodeIgniter.php(918): App\Controllers\master\Field_office->index()
#1 E:\www\creaw\system\CodeIgniter.php(404): CodeIgniter\CodeIgniter->runController(Object(App\Controllers\master\Field_office))
#2 E:\www\creaw\system\CodeIgniter.php(312): CodeIgniter\CodeIgniter->handleRequest(NULL, Object(Config\Cache), false)
#3 E:\www\creaw\index.php(45): CodeIgniter\CodeIgniter->run()
#4 {main}
CRITICAL - 2021-07-19 09:56:30 --> Class 'App\Controllers\master\Funding_partner_Model' not found
#0 E:\www\creaw\system\CodeIgniter.php(918): App\Controllers\master\Field_office->index()
#1 E:\www\creaw\system\CodeIgniter.php(404): CodeIgniter\CodeIgniter->runController(Object(App\Controllers\master\Field_office))
#2 E:\www\creaw\system\CodeIgniter.php(312): CodeIgniter\CodeIgniter->handleRequest(NULL, Object(Config\Cache), false)
#3 E:\www\creaw\index.php(45): CodeIgniter\CodeIgniter->run()
#4 {main}
CRITICAL - 2021-07-19 10:24:11 --> Class 'App\Controllers\master\Unit_Model' not found
#0 E:\www\creaw\system\CodeIgniter.php(918): App\Controllers\master\Currency->index()
#1 E:\www\creaw\system\CodeIgniter.php(404): CodeIgniter\CodeIgniter->runController(Object(App\Controllers\master\Currency))
#2 E:\www\creaw\system\CodeIgniter.php(312): CodeIgniter\CodeIgniter->handleRequest(NULL, Object(Config\Cache), false)
#3 E:\www\creaw\index.php(45): CodeIgniter\CodeIgniter->run()
#4 {main}
CRITICAL - 2021-07-19 23:40:53 --> Trying to get property 'name' of non-object
#0 E:\www\creaw\app\Views\office\system_reports\submitted_reports\project_reports\monthly_progress_report.php(25): CodeIgniter\Debug\Exceptions->errorHandler(8, 'Trying to get p...', 'E:\\www\\creaw\\ap...', 25, Array)
#1 E:\www\creaw\app\Views\office\system_reports\submitted_reports\project_reports\list.php(151): include('E:\\www\\creaw\\ap...')
#2 E:\www\creaw\system\View\View.php(246): include('E:\\www\\creaw\\ap...')
#3 E:\www\creaw\system\Common.php(1119): CodeIgniter\View\View->render('office/system_r...', Array, true)
#4 E:\www\creaw\app\Views\template\index.php(14): view('office/system_r...')
#5 E:\www\creaw\system\View\View.php(246): include('E:\\www\\creaw\\ap...')
#6 E:\www\creaw\system\Common.php(1119): CodeIgniter\View\View->render('template/index', Array, true)
#7 E:\www\creaw\app\Controllers\System_reports\Project_reports.php(65): view('template/index', Array)
#8 E:\www\creaw\system\CodeIgniter.php(918): App\Controllers\system_reports\project_reports->index()
#9 E:\www\creaw\system\CodeIgniter.php(404): CodeIgniter\CodeIgniter->runController(Object(App\Controllers\system_reports\project_reports))
#10 E:\www\creaw\system\CodeIgniter.php(312): CodeIgniter\CodeIgniter->handleRequest(NULL, Object(Config\Cache), false)
#11 E:\www\creaw\index.php(45): CodeIgniter\CodeIgniter->run()
#12 {main}
