CRITICAL - 2021-02-06 02:34:25 --> Undefined property: CodeIgniter\View\View::$uri
#0 G:\xampp\htdocs\UBS\pime_somali\app\Views\Auth\forgot_password_form.php(33): CodeIgniter\Debug\Exceptions->errorHandler(8, 'Undefined prope...', 'G:\\xampp\\htdocs...', 33, Array)
#1 G:\xampp\htdocs\UBS\pime_somali\system\View\View.php(246): include('G:\\xampp\\htdocs...')
#2 G:\xampp\htdocs\UBS\pime_somali\system\Common.php(1119): CodeIgniter\View\View->render('auth/forgot_pas...', Array, true)
#3 G:\xampp\htdocs\UBS\pime_somali\app\Controllers\Auth.php(337): view('auth/forgot_pas...', Array)
#4 G:\xampp\htdocs\UBS\pime_somali\system\CodeIgniter.php(918): App\Controllers\Auth->forgot_password()
#5 G:\xampp\htdocs\UBS\pime_somali\system\CodeIgniter.php(404): CodeIgniter\CodeIgniter->runController(Object(App\Controllers\Auth))
#6 G:\xampp\htdocs\UBS\pime_somali\system\CodeIgniter.php(312): CodeIgniter\CodeIgniter->handleRequest(NULL, Object(Config\Cache), false)
#7 G:\xampp\htdocs\UBS\pime_somali\index.php(45): CodeIgniter\CodeIgniter->run()
#8 {main}
CRITICAL - 2021-02-06 02:35:15 --> Undefined property: CodeIgniter\View\View::$request
#0 G:\xampp\htdocs\UBS\pime_somali\app\Views\Auth\forgot_password_form.php(33): CodeIgniter\Debug\Exceptions->errorHandler(8, 'Undefined prope...', 'G:\\xampp\\htdocs...', 33, Array)
#1 G:\xampp\htdocs\UBS\pime_somali\system\View\View.php(246): include('G:\\xampp\\htdocs...')
#2 G:\xampp\htdocs\UBS\pime_somali\system\Common.php(1119): CodeIgniter\View\View->render('auth/forgot_pas...', Array, true)
#3 G:\xampp\htdocs\UBS\pime_somali\app\Controllers\Auth.php(337): view('auth/forgot_pas...', Array)
#4 G:\xampp\htdocs\UBS\pime_somali\system\CodeIgniter.php(918): App\Controllers\Auth->forgot_password()
#5 G:\xampp\htdocs\UBS\pime_somali\system\CodeIgniter.php(404): CodeIgniter\CodeIgniter->runController(Object(App\Controllers\Auth))
#6 G:\xampp\htdocs\UBS\pime_somali\system\CodeIgniter.php(312): CodeIgniter\CodeIgniter->handleRequest(NULL, Object(Config\Cache), false)
#7 G:\xampp\htdocs\UBS\pime_somali\index.php(45): CodeIgniter\CodeIgniter->run()
#8 {main}
CRITICAL - 2021-02-06 02:35:43 --> Undefined property: CodeIgniter\View\View::$request
#0 G:\xampp\htdocs\UBS\pime_somali\app\Views\Auth\forgot_password_form.php(34): CodeIgniter\Debug\Exceptions->errorHandler(8, 'Undefined prope...', 'G:\\xampp\\htdocs...', 34, Array)
#1 G:\xampp\htdocs\UBS\pime_somali\system\View\View.php(246): include('G:\\xampp\\htdocs...')
#2 G:\xampp\htdocs\UBS\pime_somali\system\Common.php(1119): CodeIgniter\View\View->render('auth/forgot_pas...', Array, true)
#3 G:\xampp\htdocs\UBS\pime_somali\app\Controllers\Auth.php(337): view('auth/forgot_pas...', Array)
#4 G:\xampp\htdocs\UBS\pime_somali\system\CodeIgniter.php(918): App\Controllers\Auth->forgot_password()
#5 G:\xampp\htdocs\UBS\pime_somali\system\CodeIgniter.php(404): CodeIgniter\CodeIgniter->runController(Object(App\Controllers\Auth))
#6 G:\xampp\htdocs\UBS\pime_somali\system\CodeIgniter.php(312): CodeIgniter\CodeIgniter->handleRequest(NULL, Object(Config\Cache), false)
#7 G:\xampp\htdocs\UBS\pime_somali\index.php(45): CodeIgniter\CodeIgniter->run()
#8 {main}
CRITICAL - 2021-02-06 03:49:39 --> Undefined variable: login
#0 G:\xampp\htdocs\UBS\pime_somali\app\Views\Auth\forgot_password_form.php(38): CodeIgniter\Debug\Exceptions->errorHandler(8, 'Undefined varia...', 'G:\\xampp\\htdocs...', 38, Array)
#1 G:\xampp\htdocs\UBS\pime_somali\system\View\View.php(246): include('G:\\xampp\\htdocs...')
#2 G:\xampp\htdocs\UBS\pime_somali\system\Common.php(1119): CodeIgniter\View\View->render('auth/forgot_pas...', Array, true)
#3 G:\xampp\htdocs\UBS\pime_somali\app\Controllers\Auth.php(337): view('auth/forgot_pas...', Array)
#4 G:\xampp\htdocs\UBS\pime_somali\system\CodeIgniter.php(918): App\Controllers\Auth->forgot_password()
#5 G:\xampp\htdocs\UBS\pime_somali\system\CodeIgniter.php(404): CodeIgniter\CodeIgniter->runController(Object(App\Controllers\Auth))
#6 G:\xampp\htdocs\UBS\pime_somali\system\CodeIgniter.php(312): CodeIgniter\CodeIgniter->handleRequest(NULL, Object(Config\Cache), false)
#7 G:\xampp\htdocs\UBS\pime_somali\index.php(45): CodeIgniter\CodeIgniter->run()
#8 {main}
CRITICAL - 2021-02-06 03:50:09 --> Call to undefined method Config\View::item()
#0 G:\xampp\htdocs\UBS\pime_somali\system\View\View.php(246): include()
#1 G:\xampp\htdocs\UBS\pime_somali\system\Common.php(1119): CodeIgniter\View\View->render('auth/forgot_pas...', Array, true)
#2 G:\xampp\htdocs\UBS\pime_somali\app\Controllers\Auth.php(337): view('auth/forgot_pas...', Array)
#3 G:\xampp\htdocs\UBS\pime_somali\system\CodeIgniter.php(918): App\Controllers\Auth->forgot_password()
#4 G:\xampp\htdocs\UBS\pime_somali\system\CodeIgniter.php(404): CodeIgniter\CodeIgniter->runController(Object(App\Controllers\Auth))
#5 G:\xampp\htdocs\UBS\pime_somali\system\CodeIgniter.php(312): CodeIgniter\CodeIgniter->handleRequest(NULL, Object(Config\Cache), false)
#6 G:\xampp\htdocs\UBS\pime_somali\index.php(45): CodeIgniter\CodeIgniter->run()
#7 {main}
CRITICAL - 2021-02-06 03:52:27 --> Undefined property: CodeIgniter\View\View::$configTankAuth
#0 G:\xampp\htdocs\UBS\pime_somali\app\Views\Auth\forgot_password_form.php(20): CodeIgniter\Debug\Exceptions->errorHandler(8, 'Undefined prope...', 'G:\\xampp\\htdocs...', 20, Array)
#1 G:\xampp\htdocs\UBS\pime_somali\system\View\View.php(246): include('G:\\xampp\\htdocs...')
#2 G:\xampp\htdocs\UBS\pime_somali\system\Common.php(1119): CodeIgniter\View\View->render('auth/forgot_pas...', Array, true)
#3 G:\xampp\htdocs\UBS\pime_somali\app\Controllers\Auth.php(337): view('auth/forgot_pas...', Array)
#4 G:\xampp\htdocs\UBS\pime_somali\system\CodeIgniter.php(918): App\Controllers\Auth->forgot_password()
#5 G:\xampp\htdocs\UBS\pime_somali\system\CodeIgniter.php(404): CodeIgniter\CodeIgniter->runController(Object(App\Controllers\Auth))
#6 G:\xampp\htdocs\UBS\pime_somali\system\CodeIgniter.php(312): CodeIgniter\CodeIgniter->handleRequest(NULL, Object(Config\Cache), false)
#7 G:\xampp\htdocs\UBS\pime_somali\index.php(45): CodeIgniter\CodeIgniter->run()
#8 {main}
CRITICAL - 2021-02-06 04:06:11 --> Undefined property: CodeIgniter\View\View::$configTankAuth
#0 G:\xampp\htdocs\UBS\pime_somali\app\Views\Auth\forgot_password_form.php(20): CodeIgniter\Debug\Exceptions->errorHandler(8, 'Undefined prope...', 'G:\\xampp\\htdocs...', 20, Array)
#1 G:\xampp\htdocs\UBS\pime_somali\system\View\View.php(246): include('G:\\xampp\\htdocs...')
#2 G:\xampp\htdocs\UBS\pime_somali\system\Common.php(1119): CodeIgniter\View\View->render('auth/forgot_pas...', Array, true)
#3 G:\xampp\htdocs\UBS\pime_somali\app\Controllers\Auth.php(337): view('auth/forgot_pas...', Array)
#4 G:\xampp\htdocs\UBS\pime_somali\system\CodeIgniter.php(918): App\Controllers\Auth->forgot_password()
#5 G:\xampp\htdocs\UBS\pime_somali\system\CodeIgniter.php(404): CodeIgniter\CodeIgniter->runController(Object(App\Controllers\Auth))
#6 G:\xampp\htdocs\UBS\pime_somali\system\CodeIgniter.php(312): CodeIgniter\CodeIgniter->handleRequest(NULL, Object(Config\Cache), false)
#7 G:\xampp\htdocs\UBS\pime_somali\index.php(45): CodeIgniter\CodeIgniter->run()
#8 {main}
CRITICAL - 2021-02-06 04:06:39 --> Undefined property: App\Libraries\Tank_auth::$use_username
#0 G:\xampp\htdocs\UBS\pime_somali\app\Views\Auth\forgot_password_form.php(20): CodeIgniter\Debug\Exceptions->errorHandler(8, 'Undefined prope...', 'G:\\xampp\\htdocs...', 20, Array)
#1 G:\xampp\htdocs\UBS\pime_somali\system\View\View.php(246): include('G:\\xampp\\htdocs...')
#2 G:\xampp\htdocs\UBS\pime_somali\system\Common.php(1119): CodeIgniter\View\View->render('auth/forgot_pas...', Array, true)
#3 G:\xampp\htdocs\UBS\pime_somali\app\Controllers\Auth.php(337): view('auth/forgot_pas...', Array)
#4 G:\xampp\htdocs\UBS\pime_somali\system\CodeIgniter.php(918): App\Controllers\Auth->forgot_password()
#5 G:\xampp\htdocs\UBS\pime_somali\system\CodeIgniter.php(404): CodeIgniter\CodeIgniter->runController(Object(App\Controllers\Auth))
#6 G:\xampp\htdocs\UBS\pime_somali\system\CodeIgniter.php(312): CodeIgniter\CodeIgniter->handleRequest(NULL, Object(Config\Cache), false)
#7 G:\xampp\htdocs\UBS\pime_somali\index.php(45): CodeIgniter\CodeIgniter->run()
#8 {main}
CRITICAL - 2021-02-06 04:12:28 --> syntax error, unexpected '{', expecting ',' or ';'
#0 G:\xampp\htdocs\UBS\pime_somali\system\Common.php(1119): CodeIgniter\View\View->render('auth/forgot_pas...', Array, true)
#1 G:\xampp\htdocs\UBS\pime_somali\app\Controllers\Auth.php(337): view('auth/forgot_pas...', Array)
#2 G:\xampp\htdocs\UBS\pime_somali\system\CodeIgniter.php(918): App\Controllers\Auth->forgot_password()
#3 G:\xampp\htdocs\UBS\pime_somali\system\CodeIgniter.php(404): CodeIgniter\CodeIgniter->runController(Object(App\Controllers\Auth))
#4 G:\xampp\htdocs\UBS\pime_somali\system\CodeIgniter.php(312): CodeIgniter\CodeIgniter->handleRequest(NULL, Object(Config\Cache), false)
#5 G:\xampp\htdocs\UBS\pime_somali\index.php(45): CodeIgniter\CodeIgniter->run()
#6 {main}
CRITICAL - 2021-02-06 04:12:55 --> Undefined property: CodeIgniter\View\View::$session
#0 G:\xampp\htdocs\UBS\pime_somali\app\Views\Auth\forgot_password_form.php(65): CodeIgniter\Debug\Exceptions->errorHandler(8, 'Undefined prope...', 'G:\\xampp\\htdocs...', 65, Array)
#1 G:\xampp\htdocs\UBS\pime_somali\system\View\View.php(246): include('G:\\xampp\\htdocs...')
#2 G:\xampp\htdocs\UBS\pime_somali\system\Common.php(1119): CodeIgniter\View\View->render('auth/forgot_pas...', Array, true)
#3 G:\xampp\htdocs\UBS\pime_somali\app\Controllers\Auth.php(337): view('auth/forgot_pas...', Array)
#4 G:\xampp\htdocs\UBS\pime_somali\system\CodeIgniter.php(918): App\Controllers\Auth->forgot_password()
#5 G:\xampp\htdocs\UBS\pime_somali\system\CodeIgniter.php(404): CodeIgniter\CodeIgniter->runController(Object(App\Controllers\Auth))
#6 G:\xampp\htdocs\UBS\pime_somali\system\CodeIgniter.php(312): CodeIgniter\CodeIgniter->handleRequest(NULL, Object(Config\Cache), false)
#7 G:\xampp\htdocs\UBS\pime_somali\index.php(45): CodeIgniter\CodeIgniter->run()
#8 {main}
CRITICAL - 2021-02-06 04:14:09 --> Undefined property: App\Controllers\Auth::$form_validation
#0 G:\xampp\htdocs\UBS\pime_somali\app\Controllers\Auth.php(321): CodeIgniter\Debug\Exceptions->errorHandler(8, 'Undefined prope...', 'G:\\xampp\\htdocs...', 321, Array)
#1 G:\xampp\htdocs\UBS\pime_somali\system\CodeIgniter.php(918): App\Controllers\Auth->forgot_password()
#2 G:\xampp\htdocs\UBS\pime_somali\system\CodeIgniter.php(404): CodeIgniter\CodeIgniter->runController(Object(App\Controllers\Auth))
#3 G:\xampp\htdocs\UBS\pime_somali\system\CodeIgniter.php(312): CodeIgniter\CodeIgniter->handleRequest(NULL, Object(Config\Cache), false)
#4 G:\xampp\htdocs\UBS\pime_somali\index.php(45): CodeIgniter\CodeIgniter->run()
#5 {main}
CRITICAL - 2021-02-06 04:16:05 --> Call to undefined method CodeIgniter\Validation\Validation::set_value()
#0 G:\xampp\htdocs\UBS\pime_somali\system\CodeIgniter.php(918): App\Controllers\Auth->forgot_password()
#1 G:\xampp\htdocs\UBS\pime_somali\system\CodeIgniter.php(404): CodeIgniter\CodeIgniter->runController(Object(App\Controllers\Auth))
#2 G:\xampp\htdocs\UBS\pime_somali\system\CodeIgniter.php(312): CodeIgniter\CodeIgniter->handleRequest(NULL, Object(Config\Cache), false)
#3 G:\xampp\htdocs\UBS\pime_somali\index.php(45): CodeIgniter\CodeIgniter->run()
#4 {main}
CRITICAL - 2021-02-06 04:32:14 --> syntax error, unexpected ';', expecting ',' or ')'
#0 G:\xampp\htdocs\UBS\pime_somali\system\Router\Router.php(195): CodeIgniter\Router\Router->autoRoute('/auth/forgot_pa...')
#1 G:\xampp\htdocs\UBS\pime_somali\system\CodeIgniter.php(793): CodeIgniter\Router\Router->handle('/auth/forgot_pa...')
#2 G:\xampp\htdocs\UBS\pime_somali\system\CodeIgniter.php(364): CodeIgniter\CodeIgniter->tryToRouteIt(Object(CodeIgniter\Router\RouteCollection))
#3 G:\xampp\htdocs\UBS\pime_somali\system\CodeIgniter.php(312): CodeIgniter\CodeIgniter->handleRequest(NULL, Object(Config\Cache), false)
#4 G:\xampp\htdocs\UBS\pime_somali\index.php(45): CodeIgniter\CodeIgniter->run()
#5 {main}
CRITICAL - 2021-02-06 04:32:25 --> Call to undefined method CodeIgniter\Validation\Validation::set_value()
#0 G:\xampp\htdocs\UBS\pime_somali\system\CodeIgniter.php(918): App\Controllers\Auth->forgot_password()
#1 G:\xampp\htdocs\UBS\pime_somali\system\CodeIgniter.php(404): CodeIgniter\CodeIgniter->runController(Object(App\Controllers\Auth))
#2 G:\xampp\htdocs\UBS\pime_somali\system\CodeIgniter.php(312): CodeIgniter\CodeIgniter->handleRequest(NULL, Object(Config\Cache), false)
#3 G:\xampp\htdocs\UBS\pime_somali\index.php(45): CodeIgniter\CodeIgniter->run()
#4 {main}
CRITICAL - 2021-02-06 04:36:55 --> Undefined variable: validation
#0 G:\xampp\htdocs\UBS\pime_somali\app\Controllers\Auth.php(326): CodeIgniter\Debug\Exceptions->errorHandler(8, 'Undefined varia...', 'G:\\xampp\\htdocs...', 326, Array)
#1 G:\xampp\htdocs\UBS\pime_somali\system\CodeIgniter.php(918): App\Controllers\Auth->forgot_password()
#2 G:\xampp\htdocs\UBS\pime_somali\system\CodeIgniter.php(404): CodeIgniter\CodeIgniter->runController(Object(App\Controllers\Auth))
#3 G:\xampp\htdocs\UBS\pime_somali\system\CodeIgniter.php(312): CodeIgniter\CodeIgniter->handleRequest(NULL, Object(Config\Cache), false)
#4 G:\xampp\htdocs\UBS\pime_somali\index.php(45): CodeIgniter\CodeIgniter->run()
#5 {main}
CRITICAL - 2021-02-06 04:37:19 --> Too few arguments to function CodeIgniter\Validation\Validation::setRule(), 1 passed in G:\xampp\htdocs\UBS\pime_somali\app\Controllers\Auth.php on line 326 and at least 3 expected
#0 G:\xampp\htdocs\UBS\pime_somali\app\Controllers\Auth.php(326): CodeIgniter\Validation\Validation->setRule('login')
#1 G:\xampp\htdocs\UBS\pime_somali\system\CodeIgniter.php(918): App\Controllers\Auth->forgot_password()
#2 G:\xampp\htdocs\UBS\pime_somali\system\CodeIgniter.php(404): CodeIgniter\CodeIgniter->runController(Object(App\Controllers\Auth))
#3 G:\xampp\htdocs\UBS\pime_somali\system\CodeIgniter.php(312): CodeIgniter\CodeIgniter->handleRequest(NULL, Object(Config\Cache), false)
#4 G:\xampp\htdocs\UBS\pime_somali\index.php(45): CodeIgniter\CodeIgniter->run()
#5 {main}
CRITICAL - 2021-02-06 04:38:28 --> Too few arguments to function CodeIgniter\Validation\Validation::setRule(), 1 passed in G:\xampp\htdocs\UBS\pime_somali\app\Controllers\Auth.php on line 326 and at least 3 expected
#0 G:\xampp\htdocs\UBS\pime_somali\app\Controllers\Auth.php(326): CodeIgniter\Validation\Validation->setRule('login')
#1 G:\xampp\htdocs\UBS\pime_somali\system\CodeIgniter.php(918): App\Controllers\Auth->forgot_password()
#2 G:\xampp\htdocs\UBS\pime_somali\system\CodeIgniter.php(404): CodeIgniter\CodeIgniter->runController(Object(App\Controllers\Auth))
#3 G:\xampp\htdocs\UBS\pime_somali\system\CodeIgniter.php(312): CodeIgniter\CodeIgniter->handleRequest(NULL, Object(Config\Cache), false)
#4 G:\xampp\htdocs\UBS\pime_somali\index.php(45): CodeIgniter\CodeIgniter->run()
#5 {main}
CRITICAL - 2021-02-06 04:38:58 --> syntax error, unexpected 'if' (T_IF)
#0 G:\xampp\htdocs\UBS\pime_somali\system\Router\Router.php(195): CodeIgniter\Router\Router->autoRoute('/auth/forgot_pa...')
#1 G:\xampp\htdocs\UBS\pime_somali\system\CodeIgniter.php(793): CodeIgniter\Router\Router->handle('/auth/forgot_pa...')
#2 G:\xampp\htdocs\UBS\pime_somali\system\CodeIgniter.php(364): CodeIgniter\CodeIgniter->tryToRouteIt(Object(CodeIgniter\Router\RouteCollection))
#3 G:\xampp\htdocs\UBS\pime_somali\system\CodeIgniter.php(312): CodeIgniter\CodeIgniter->handleRequest(NULL, Object(Config\Cache), false)
#4 G:\xampp\htdocs\UBS\pime_somali\index.php(45): CodeIgniter\CodeIgniter->run()
#5 {main}
CRITICAL - 2021-02-06 04:39:25 --> syntax error, unexpected 'if' (T_IF)
#0 G:\xampp\htdocs\UBS\pime_somali\system\Router\Router.php(195): CodeIgniter\Router\Router->autoRoute('/auth/forgot_pa...')
#1 G:\xampp\htdocs\UBS\pime_somali\system\CodeIgniter.php(793): CodeIgniter\Router\Router->handle('/auth/forgot_pa...')
#2 G:\xampp\htdocs\UBS\pime_somali\system\CodeIgniter.php(364): CodeIgniter\CodeIgniter->tryToRouteIt(Object(CodeIgniter\Router\RouteCollection))
#3 G:\xampp\htdocs\UBS\pime_somali\system\CodeIgniter.php(312): CodeIgniter\CodeIgniter->handleRequest(NULL, Object(Config\Cache), false)
#4 G:\xampp\htdocs\UBS\pime_somali\index.php(45): CodeIgniter\CodeIgniter->run()
#5 {main}
CRITICAL - 2021-02-06 04:40:52 --> Undefined variable: validation
#0 G:\xampp\htdocs\UBS\pime_somali\app\Views\Auth\forgot_password_form.php(61): CodeIgniter\Debug\Exceptions->errorHandler(8, 'Undefined varia...', 'G:\\xampp\\htdocs...', 61, Array)
#1 G:\xampp\htdocs\UBS\pime_somali\system\View\View.php(246): include('G:\\xampp\\htdocs...')
#2 G:\xampp\htdocs\UBS\pime_somali\system\Common.php(1119): CodeIgniter\View\View->render('auth/forgot_pas...', Array, true)
#3 G:\xampp\htdocs\UBS\pime_somali\app\Controllers\Auth.php(342): view('auth/forgot_pas...', Array)
#4 G:\xampp\htdocs\UBS\pime_somali\system\CodeIgniter.php(918): App\Controllers\Auth->forgot_password()
#5 G:\xampp\htdocs\UBS\pime_somali\system\CodeIgniter.php(404): CodeIgniter\CodeIgniter->runController(Object(App\Controllers\Auth))
#6 G:\xampp\htdocs\UBS\pime_somali\system\CodeIgniter.php(312): CodeIgniter\CodeIgniter->handleRequest(NULL, Object(Config\Cache), false)
#7 G:\xampp\htdocs\UBS\pime_somali\index.php(45): CodeIgniter\CodeIgniter->run()
#8 {main}
CRITICAL - 2021-02-06 04:41:27 --> Call to undefined method CodeIgniter\Database\MySQLi\Connection::set()
#0 G:\xampp\htdocs\UBS\pime_somali\app\Libraries\Tank_auth.php(383): App\Models\Users->set_password_key('1', '2286eb3ec64ddf2...')
#1 G:\xampp\htdocs\UBS\pime_somali\app\Controllers\Auth.php(326): App\Libraries\Tank_auth->forgot_password('admin@super')
#2 G:\xampp\htdocs\UBS\pime_somali\system\CodeIgniter.php(918): App\Controllers\Auth->forgot_password()
#3 G:\xampp\htdocs\UBS\pime_somali\system\CodeIgniter.php(404): CodeIgniter\CodeIgniter->runController(Object(App\Controllers\Auth))
#4 G:\xampp\htdocs\UBS\pime_somali\system\CodeIgniter.php(312): CodeIgniter\CodeIgniter->handleRequest(NULL, Object(Config\Cache), false)
#5 G:\xampp\htdocs\UBS\pime_somali\index.php(45): CodeIgniter\CodeIgniter->run()
#6 {main}
CRITICAL - 2021-02-06 05:38:30 --> Call to undefined method CodeIgniter\Database\MySQLi\Connection::set()
#0 G:\xampp\htdocs\UBS\pime_somali\app\Libraries\Tank_auth.php(383): App\Models\Users->set_password_key('1', '288536c102e7fb9...')
#1 G:\xampp\htdocs\UBS\pime_somali\app\Controllers\Auth.php(326): App\Libraries\Tank_auth->forgot_password('admin@super')
#2 G:\xampp\htdocs\UBS\pime_somali\system\CodeIgniter.php(918): App\Controllers\Auth->forgot_password()
#3 G:\xampp\htdocs\UBS\pime_somali\system\CodeIgniter.php(404): CodeIgniter\CodeIgniter->runController(Object(App\Controllers\Auth))
#4 G:\xampp\htdocs\UBS\pime_somali\system\CodeIgniter.php(312): CodeIgniter\CodeIgniter->handleRequest(NULL, Object(Config\Cache), false)
#5 G:\xampp\htdocs\UBS\pime_somali\index.php(45): CodeIgniter\CodeIgniter->run()
#6 {main}
CRITICAL - 2021-02-06 05:39:54 --> Argument 1 passed to CodeIgniter\Database\BaseBuilder::update() must be of the type array or null, string given, called in G:\xampp\htdocs\UBS\pime_somali\app\Models\tank_auth\Users.php on line 370
#0 G:\xampp\htdocs\UBS\pime_somali\app\Models\tank_auth\Users.php(370): CodeIgniter\Database\BaseBuilder->update('ctbl_users')
#1 G:\xampp\htdocs\UBS\pime_somali\app\Libraries\Tank_auth.php(383): App\Models\Users->set_password_key('1', '446fdc47f7cc729...')
#2 G:\xampp\htdocs\UBS\pime_somali\app\Controllers\Auth.php(326): App\Libraries\Tank_auth->forgot_password('admin@super')
#3 G:\xampp\htdocs\UBS\pime_somali\system\CodeIgniter.php(918): App\Controllers\Auth->forgot_password()
#4 G:\xampp\htdocs\UBS\pime_somali\system\CodeIgniter.php(404): CodeIgniter\CodeIgniter->runController(Object(App\Controllers\Auth))
#5 G:\xampp\htdocs\UBS\pime_somali\system\CodeIgniter.php(312): CodeIgniter\CodeIgniter->handleRequest(NULL, Object(Config\Cache), false)
#6 G:\xampp\htdocs\UBS\pime_somali\index.php(45): CodeIgniter\CodeIgniter->run()
#7 {main}
CRITICAL - 2021-02-06 06:03:24 --> Call to undefined method CodeIgniter\Database\MySQLi\Connection::update()
#0 G:\xampp\htdocs\UBS\pime_somali\app\Libraries\Tank_auth.php(383): App\Models\Users->set_password_key('1', 'a54b6bc0d2f608f...')
#1 G:\xampp\htdocs\UBS\pime_somali\app\Controllers\Auth.php(326): App\Libraries\Tank_auth->forgot_password('admin@super')
#2 G:\xampp\htdocs\UBS\pime_somali\system\CodeIgniter.php(918): App\Controllers\Auth->forgot_password()
#3 G:\xampp\htdocs\UBS\pime_somali\system\CodeIgniter.php(404): CodeIgniter\CodeIgniter->runController(Object(App\Controllers\Auth))
#4 G:\xampp\htdocs\UBS\pime_somali\system\CodeIgniter.php(312): CodeIgniter\CodeIgniter->handleRequest(NULL, Object(Config\Cache), false)
#5 G:\xampp\htdocs\UBS\pime_somali\index.php(45): CodeIgniter\CodeIgniter->run()
#6 {main}
CRITICAL - 2021-02-06 06:05:34 --> Call to undefined method CodeIgniter\Database\MySQLi\Builder::affected_rows()
#0 G:\xampp\htdocs\UBS\pime_somali\app\Libraries\Tank_auth.php(383): App\Models\Users->set_password_key('1', '0dc1bd1b64a25b3...')
#1 G:\xampp\htdocs\UBS\pime_somali\app\Controllers\Auth.php(326): App\Libraries\Tank_auth->forgot_password('admin@super')
#2 G:\xampp\htdocs\UBS\pime_somali\system\CodeIgniter.php(918): App\Controllers\Auth->forgot_password()
#3 G:\xampp\htdocs\UBS\pime_somali\system\CodeIgniter.php(404): CodeIgniter\CodeIgniter->runController(Object(App\Controllers\Auth))
#4 G:\xampp\htdocs\UBS\pime_somali\system\CodeIgniter.php(312): CodeIgniter\CodeIgniter->handleRequest(NULL, Object(Config\Cache), false)
#5 G:\xampp\htdocs\UBS\pime_somali\index.php(45): CodeIgniter\CodeIgniter->run()
#6 {main}
CRITICAL - 2021-02-06 06:06:07 --> Call to undefined method CodeIgniter\Database\MySQLi\Builder::affectedRows()
#0 G:\xampp\htdocs\UBS\pime_somali\app\Libraries\Tank_auth.php(383): App\Models\Users->set_password_key('1', '5c3d91703fbcbcd...')
#1 G:\xampp\htdocs\UBS\pime_somali\app\Controllers\Auth.php(326): App\Libraries\Tank_auth->forgot_password('admin@super')
#2 G:\xampp\htdocs\UBS\pime_somali\system\CodeIgniter.php(918): App\Controllers\Auth->forgot_password()
#3 G:\xampp\htdocs\UBS\pime_somali\system\CodeIgniter.php(404): CodeIgniter\CodeIgniter->runController(Object(App\Controllers\Auth))
#4 G:\xampp\htdocs\UBS\pime_somali\system\CodeIgniter.php(312): CodeIgniter\CodeIgniter->handleRequest(NULL, Object(Config\Cache), false)
#5 G:\xampp\htdocs\UBS\pime_somali\index.php(45): CodeIgniter\CodeIgniter->run()
#6 {main}
CRITICAL - 2021-02-06 06:06:38 --> You must specify an index to match on for batch updates.
#0 G:\xampp\htdocs\UBS\pime_somali\app\Models\tank_auth\Users.php(371): CodeIgniter\Database\BaseBuilder->updateBatch()
#1 G:\xampp\htdocs\UBS\pime_somali\app\Libraries\Tank_auth.php(383): App\Models\Users->set_password_key('1', '7052cbfa3d81ab4...')
#2 G:\xampp\htdocs\UBS\pime_somali\app\Controllers\Auth.php(326): App\Libraries\Tank_auth->forgot_password('admin@super')
#3 G:\xampp\htdocs\UBS\pime_somali\system\CodeIgniter.php(918): App\Controllers\Auth->forgot_password()
#4 G:\xampp\htdocs\UBS\pime_somali\system\CodeIgniter.php(404): CodeIgniter\CodeIgniter->runController(Object(App\Controllers\Auth))
#5 G:\xampp\htdocs\UBS\pime_somali\system\CodeIgniter.php(312): CodeIgniter\CodeIgniter->handleRequest(NULL, Object(Config\Cache), false)
#6 G:\xampp\htdocs\UBS\pime_somali\index.php(45): CodeIgniter\CodeIgniter->run()
#7 {main}
CRITICAL - 2021-02-06 06:10:29 --> You must use the "set" method to update an entry.
#0 G:\xampp\htdocs\UBS\pime_somali\system\Database\BaseBuilder.php(2393): CodeIgniter\Database\BaseBuilder->validateUpdate()
#1 G:\xampp\htdocs\UBS\pime_somali\app\Models\tank_auth\Users.php(371): CodeIgniter\Database\BaseBuilder->getCompiledUpdate()
#2 G:\xampp\htdocs\UBS\pime_somali\app\Libraries\Tank_auth.php(383): App\Models\Users->set_password_key('1', 'dc3e89f0c832378...')
#3 G:\xampp\htdocs\UBS\pime_somali\app\Controllers\Auth.php(326): App\Libraries\Tank_auth->forgot_password('admin@super')
#4 G:\xampp\htdocs\UBS\pime_somali\system\CodeIgniter.php(918): App\Controllers\Auth->forgot_password()
#5 G:\xampp\htdocs\UBS\pime_somali\system\CodeIgniter.php(404): CodeIgniter\CodeIgniter->runController(Object(App\Controllers\Auth))
#6 G:\xampp\htdocs\UBS\pime_somali\system\CodeIgniter.php(312): CodeIgniter\CodeIgniter->handleRequest(NULL, Object(Config\Cache), false)
#7 G:\xampp\htdocs\UBS\pime_somali\index.php(45): CodeIgniter\CodeIgniter->run()
#8 {main}
CRITICAL - 2021-02-06 06:13:05 --> Call to undefined method CodeIgniter\Database\MySQLi\Builder::affectedRows()
#0 G:\xampp\htdocs\UBS\pime_somali\app\Libraries\Tank_auth.php(383): App\Models\Users->set_password_key('1', 'b76ab00772cc56e...')
#1 G:\xampp\htdocs\UBS\pime_somali\app\Controllers\Auth.php(326): App\Libraries\Tank_auth->forgot_password('admin@super')
#2 G:\xampp\htdocs\UBS\pime_somali\system\CodeIgniter.php(918): App\Controllers\Auth->forgot_password()
#3 G:\xampp\htdocs\UBS\pime_somali\system\CodeIgniter.php(404): CodeIgniter\CodeIgniter->runController(Object(App\Controllers\Auth))
#4 G:\xampp\htdocs\UBS\pime_somali\system\CodeIgniter.php(312): CodeIgniter\CodeIgniter->handleRequest(NULL, Object(Config\Cache), false)
#5 G:\xampp\htdocs\UBS\pime_somali\index.php(45): CodeIgniter\CodeIgniter->run()
#6 {main}
CRITICAL - 2021-02-06 06:13:57 --> Undefined property: App\Controllers\Auth::$config
#0 G:\xampp\htdocs\UBS\pime_somali\app\Controllers\Auth.php(328): CodeIgniter\Debug\Exceptions->errorHandler(8, 'Undefined prope...', 'G:\\xampp\\htdocs...', 328, Array)
#1 G:\xampp\htdocs\UBS\pime_somali\system\CodeIgniter.php(918): App\Controllers\Auth->forgot_password()
#2 G:\xampp\htdocs\UBS\pime_somali\system\CodeIgniter.php(404): CodeIgniter\CodeIgniter->runController(Object(App\Controllers\Auth))
#3 G:\xampp\htdocs\UBS\pime_somali\system\CodeIgniter.php(312): CodeIgniter\CodeIgniter->handleRequest(NULL, Object(Config\Cache), false)
#4 G:\xampp\htdocs\UBS\pime_somali\index.php(45): CodeIgniter\CodeIgniter->run()
#5 {main}
CRITICAL - 2021-02-06 06:15:09 --> syntax error, unexpected '->' (T_OBJECT_OPERATOR)
#0 G:\xampp\htdocs\UBS\pime_somali\system\Router\Router.php(195): CodeIgniter\Router\Router->autoRoute('/auth/forgot_pa...')
#1 G:\xampp\htdocs\UBS\pime_somali\system\CodeIgniter.php(793): CodeIgniter\Router\Router->handle('/auth/forgot_pa...')
#2 G:\xampp\htdocs\UBS\pime_somali\system\CodeIgniter.php(364): CodeIgniter\CodeIgniter->tryToRouteIt(Object(CodeIgniter\Router\RouteCollection))
#3 G:\xampp\htdocs\UBS\pime_somali\system\CodeIgniter.php(312): CodeIgniter\CodeIgniter->handleRequest(NULL, Object(Config\Cache), false)
#4 G:\xampp\htdocs\UBS\pime_somali\index.php(45): CodeIgniter\CodeIgniter->run()
#5 {main}
CRITICAL - 2021-02-06 06:15:22 --> Undefined property: App\Controllers\Auth::$load
#0 G:\xampp\htdocs\UBS\pime_somali\app\Controllers\Auth.php(522): CodeIgniter\Debug\Exceptions->errorHandler(8, 'Undefined prope...', 'G:\\xampp\\htdocs...', 522, Array)
#1 G:\xampp\htdocs\UBS\pime_somali\app\Controllers\Auth.php(331): App\Controllers\Auth->_send_email('forgot_password', 'mukesh@ubsgroup...', Array)
#2 G:\xampp\htdocs\UBS\pime_somali\system\CodeIgniter.php(918): App\Controllers\Auth->forgot_password()
#3 G:\xampp\htdocs\UBS\pime_somali\system\CodeIgniter.php(404): CodeIgniter\CodeIgniter->runController(Object(App\Controllers\Auth))
#4 G:\xampp\htdocs\UBS\pime_somali\system\CodeIgniter.php(312): CodeIgniter\CodeIgniter->handleRequest(NULL, Object(Config\Cache), false)
#5 G:\xampp\htdocs\UBS\pime_somali\index.php(45): CodeIgniter\CodeIgniter->run()
#6 {main}
CRITICAL - 2021-02-06 06:17:49 --> Undefined property: App\Controllers\Auth::$email
#0 G:\xampp\htdocs\UBS\pime_somali\app\Controllers\Auth.php(524): CodeIgniter\Debug\Exceptions->errorHandler(8, 'Undefined prope...', 'G:\\xampp\\htdocs...', 524, Array)
#1 G:\xampp\htdocs\UBS\pime_somali\app\Controllers\Auth.php(331): App\Controllers\Auth->_send_email('forgot_password', 'mukesh@ubsgroup...', Array)
#2 G:\xampp\htdocs\UBS\pime_somali\system\CodeIgniter.php(918): App\Controllers\Auth->forgot_password()
#3 G:\xampp\htdocs\UBS\pime_somali\system\CodeIgniter.php(404): CodeIgniter\CodeIgniter->runController(Object(App\Controllers\Auth))
#4 G:\xampp\htdocs\UBS\pime_somali\system\CodeIgniter.php(312): CodeIgniter\CodeIgniter->handleRequest(NULL, Object(Config\Cache), false)
#5 G:\xampp\htdocs\UBS\pime_somali\index.php(45): CodeIgniter\CodeIgniter->run()
#6 {main}
CRITICAL - 2021-02-06 06:19:25 --> Call to undefined method Config\Email::from()
#0 G:\xampp\htdocs\UBS\pime_somali\app\Controllers\Auth.php(331): App\Controllers\Auth->_send_email('forgot_password', 'mukesh@ubsgroup...', Array)
#1 G:\xampp\htdocs\UBS\pime_somali\system\CodeIgniter.php(918): App\Controllers\Auth->forgot_password()
#2 G:\xampp\htdocs\UBS\pime_somali\system\CodeIgniter.php(404): CodeIgniter\CodeIgniter->runController(Object(App\Controllers\Auth))
#3 G:\xampp\htdocs\UBS\pime_somali\system\CodeIgniter.php(312): CodeIgniter\CodeIgniter->handleRequest(NULL, Object(Config\Cache), false)
#4 G:\xampp\htdocs\UBS\pime_somali\index.php(45): CodeIgniter\CodeIgniter->run()
#5 {main}
CRITICAL - 2021-02-06 06:22:50 --> Call to undefined method CodeIgniter\Email\Email::from()
#0 G:\xampp\htdocs\UBS\pime_somali\app\Controllers\Auth.php(331): App\Controllers\Auth->_send_email('forgot_password', 'mukesh@ubsgroup...', Array)
#1 G:\xampp\htdocs\UBS\pime_somali\system\CodeIgniter.php(918): App\Controllers\Auth->forgot_password()
#2 G:\xampp\htdocs\UBS\pime_somali\system\CodeIgniter.php(404): CodeIgniter\CodeIgniter->runController(Object(App\Controllers\Auth))
#3 G:\xampp\htdocs\UBS\pime_somali\system\CodeIgniter.php(312): CodeIgniter\CodeIgniter->handleRequest(NULL, Object(Config\Cache), false)
#4 G:\xampp\htdocs\UBS\pime_somali\index.php(45): CodeIgniter\CodeIgniter->run()
#5 {main}
CRITICAL - 2021-02-06 09:26:59 --> Call to undefined method CodeIgniter\Email\Email::setreply_to()
#0 G:\xampp\htdocs\UBS\pime_somali\app\Controllers\Auth.php(331): App\Controllers\Auth->_send_email('forgot_password', 'mukesh@ubsgroup...', Array)
#1 G:\xampp\htdocs\UBS\pime_somali\system\CodeIgniter.php(918): App\Controllers\Auth->forgot_password()
#2 G:\xampp\htdocs\UBS\pime_somali\system\CodeIgniter.php(404): CodeIgniter\CodeIgniter->runController(Object(App\Controllers\Auth))
#3 G:\xampp\htdocs\UBS\pime_somali\system\CodeIgniter.php(312): CodeIgniter\CodeIgniter->handleRequest(NULL, Object(Config\Cache), false)
#4 G:\xampp\htdocs\UBS\pime_somali\index.php(45): CodeIgniter\CodeIgniter->run()
#5 {main}
CRITICAL - 2021-02-06 22:48:16 --> Call to undefined method CodeIgniter\Email\Email::setreply_to()
#0 G:\xampp\htdocs\UBS\pime_somali\app\Controllers\Auth.php(331): App\Controllers\Auth->_send_email('forgot_password', 'mukesh@ubsgroup...', Array)
#1 G:\xampp\htdocs\UBS\pime_somali\system\CodeIgniter.php(918): App\Controllers\Auth->forgot_password()
#2 G:\xampp\htdocs\UBS\pime_somali\system\CodeIgniter.php(404): CodeIgniter\CodeIgniter->runController(Object(App\Controllers\Auth))
#3 G:\xampp\htdocs\UBS\pime_somali\system\CodeIgniter.php(312): CodeIgniter\CodeIgniter->handleRequest(NULL, Object(Config\Cache), false)
#4 G:\xampp\htdocs\UBS\pime_somali\index.php(45): CodeIgniter\CodeIgniter->run()
#5 {main}
CRITICAL - 2021-02-06 22:48:55 --> Call to undefined method CodeIgniter\Email\Email::setReply_to()
#0 G:\xampp\htdocs\UBS\pime_somali\app\Controllers\Auth.php(331): App\Controllers\Auth->_send_email('forgot_password', 'mukesh@ubsgroup...', Array)
#1 G:\xampp\htdocs\UBS\pime_somali\system\CodeIgniter.php(918): App\Controllers\Auth->forgot_password()
#2 G:\xampp\htdocs\UBS\pime_somali\system\CodeIgniter.php(404): CodeIgniter\CodeIgniter->runController(Object(App\Controllers\Auth))
#3 G:\xampp\htdocs\UBS\pime_somali\system\CodeIgniter.php(312): CodeIgniter\CodeIgniter->handleRequest(NULL, Object(Config\Cache), false)
#4 G:\xampp\htdocs\UBS\pime_somali\index.php(45): CodeIgniter\CodeIgniter->run()
#5 {main}
CRITICAL - 2021-02-06 22:51:39 --> Undefined property: App\Controllers\Auth::$load
#0 G:\xampp\htdocs\UBS\pime_somali\app\Controllers\Auth.php(531): CodeIgniter\Debug\Exceptions->errorHandler(8, 'Undefined prope...', 'G:\\xampp\\htdocs...', 531, Array)
#1 G:\xampp\htdocs\UBS\pime_somali\app\Controllers\Auth.php(331): App\Controllers\Auth->_send_email('forgot_password', 'mukesh@ubsgroup...', Array)
#2 G:\xampp\htdocs\UBS\pime_somali\system\CodeIgniter.php(918): App\Controllers\Auth->forgot_password()
#3 G:\xampp\htdocs\UBS\pime_somali\system\CodeIgniter.php(404): CodeIgniter\CodeIgniter->runController(Object(App\Controllers\Auth))
#4 G:\xampp\htdocs\UBS\pime_somali\system\CodeIgniter.php(312): CodeIgniter\CodeIgniter->handleRequest(NULL, Object(Config\Cache), false)
#5 G:\xampp\htdocs\UBS\pime_somali\index.php(45): CodeIgniter\CodeIgniter->run()
#6 {main}
CRITICAL - 2021-02-06 22:52:07 --> Undefined property: App\Controllers\Auth::$load
#0 G:\xampp\htdocs\UBS\pime_somali\app\Controllers\Auth.php(531): CodeIgniter\Debug\Exceptions->errorHandler(8, 'Undefined prope...', 'G:\\xampp\\htdocs...', 531, Array)
#1 G:\xampp\htdocs\UBS\pime_somali\app\Controllers\Auth.php(331): App\Controllers\Auth->_send_email('forgot_password', 'mukesh@ubsgroup...', Array)
#2 G:\xampp\htdocs\UBS\pime_somali\system\CodeIgniter.php(918): App\Controllers\Auth->forgot_password()
#3 G:\xampp\htdocs\UBS\pime_somali\system\CodeIgniter.php(404): CodeIgniter\CodeIgniter->runController(Object(App\Controllers\Auth))
#4 G:\xampp\htdocs\UBS\pime_somali\system\CodeIgniter.php(312): CodeIgniter\CodeIgniter->handleRequest(NULL, Object(Config\Cache), false)
#5 G:\xampp\htdocs\UBS\pime_somali\index.php(45): CodeIgniter\CodeIgniter->run()
#6 {main}
CRITICAL - 2021-02-06 22:52:29 --> Argument 3 passed to view() must be of the type array, boolean given, called in G:\xampp\htdocs\UBS\pime_somali\app\Controllers\Auth.php on line 531
#0 G:\xampp\htdocs\UBS\pime_somali\app\Controllers\Auth.php(531): view('email/forgot_pa...', Array, true)
#1 G:\xampp\htdocs\UBS\pime_somali\app\Controllers\Auth.php(331): App\Controllers\Auth->_send_email('forgot_password', 'mukesh@ubsgroup...', Array)
#2 G:\xampp\htdocs\UBS\pime_somali\system\CodeIgniter.php(918): App\Controllers\Auth->forgot_password()
#3 G:\xampp\htdocs\UBS\pime_somali\system\CodeIgniter.php(404): CodeIgniter\CodeIgniter->runController(Object(App\Controllers\Auth))
#4 G:\xampp\htdocs\UBS\pime_somali\system\CodeIgniter.php(312): CodeIgniter\CodeIgniter->handleRequest(NULL, Object(Config\Cache), false)
#5 G:\xampp\htdocs\UBS\pime_somali\index.php(45): CodeIgniter\CodeIgniter->run()
#6 {main}
CRITICAL - 2021-02-06 22:53:20 --> Invalid file: email/forgot_password-html.php
#0 G:\xampp\htdocs\UBS\pime_somali\system\View\View.php(228): CodeIgniter\Exceptions\FrameworkException::forInvalidFile('email/forgot_pa...')
#1 G:\xampp\htdocs\UBS\pime_somali\system\Common.php(1119): CodeIgniter\View\View->render('email/forgot_pa...', Array, true)
#2 G:\xampp\htdocs\UBS\pime_somali\app\Controllers\Auth.php(531): view('email/forgot_pa...', Array)
#3 G:\xampp\htdocs\UBS\pime_somali\app\Controllers\Auth.php(331): App\Controllers\Auth->_send_email('forgot_password', 'mukesh@ubsgroup...', Array)
#4 G:\xampp\htdocs\UBS\pime_somali\system\CodeIgniter.php(918): App\Controllers\Auth->forgot_password()
#5 G:\xampp\htdocs\UBS\pime_somali\system\CodeIgniter.php(404): CodeIgniter\CodeIgniter->runController(Object(App\Controllers\Auth))
#6 G:\xampp\htdocs\UBS\pime_somali\system\CodeIgniter.php(312): CodeIgniter\CodeIgniter->handleRequest(NULL, Object(Config\Cache), false)
#7 G:\xampp\htdocs\UBS\pime_somali\index.php(45): CodeIgniter\CodeIgniter->run()
#8 {main}
CRITICAL - 2021-02-06 22:54:33 --> Call to undefined method CodeIgniter\Email\Email::set_alt_message()
#0 G:\xampp\htdocs\UBS\pime_somali\app\Controllers\Auth.php(331): App\Controllers\Auth->_send_email('forgot_password', 'mukesh@ubsgroup...', Array)
#1 G:\xampp\htdocs\UBS\pime_somali\system\CodeIgniter.php(918): App\Controllers\Auth->forgot_password()
#2 G:\xampp\htdocs\UBS\pime_somali\system\CodeIgniter.php(404): CodeIgniter\CodeIgniter->runController(Object(App\Controllers\Auth))
#3 G:\xampp\htdocs\UBS\pime_somali\system\CodeIgniter.php(312): CodeIgniter\CodeIgniter->handleRequest(NULL, Object(Config\Cache), false)
#4 G:\xampp\htdocs\UBS\pime_somali\index.php(45): CodeIgniter\CodeIgniter->run()
#5 {main}
