CRITICAL - 2021-07-12 02:47:14 --> Class 'App\Models\reporting\project_data\project_quarterly_indicator_tracking_report_model' not found
#0 E:\www\creaw\system\CodeIgniter.php(918): App\Controllers\reporting\project_data\project_quarterly_indicator_tracking_report->edit('1')
#1 E:\www\creaw\system\CodeIgniter.php(404): CodeIgniter\CodeIgniter->runController(Object(App\Controllers\reporting\project_data\project_quarterly_indicator_tracking_report))
#2 E:\www\creaw\system\CodeIgniter.php(312): CodeIgniter\CodeIgniter->handleRequest(NULL, Object(Config\Cache), false)
#3 E:\www\creaw\index.php(45): CodeIgniter\CodeIgniter->run()
#4 {main}
CRITICAL - 2021-07-12 02:47:17 --> Class 'App\Models\reporting\project_data\project_quarterly_indicator_tracking_report_model' not found
#0 E:\www\creaw\system\CodeIgniter.php(918): App\Controllers\reporting\project_data\project_quarterly_indicator_tracking_report->edit('1')
#1 E:\www\creaw\system\CodeIgniter.php(404): CodeIgniter\CodeIgniter->runController(Object(App\Controllers\reporting\project_data\project_quarterly_indicator_tracking_report))
#2 E:\www\creaw\system\CodeIgniter.php(312): CodeIgniter\CodeIgniter->handleRequest(NULL, Object(Config\Cache), false)
#3 E:\www\creaw\index.php(45): CodeIgniter\CodeIgniter->run()
#4 {main}
CRITICAL - 2021-07-12 02:47:19 --> Class 'App\Models\reporting\project_data\project_quarterly_indicator_tracking_report_model' not found
#0 E:\www\creaw\system\CodeIgniter.php(918): App\Controllers\reporting\project_data\project_quarterly_indicator_tracking_report->index()
#1 E:\www\creaw\system\CodeIgniter.php(404): CodeIgniter\CodeIgniter->runController(Object(App\Controllers\reporting\project_data\project_quarterly_indicator_tracking_report))
#2 E:\www\creaw\system\CodeIgniter.php(312): CodeIgniter\CodeIgniter->handleRequest(NULL, Object(Config\Cache), false)
#3 E:\www\creaw\index.php(45): CodeIgniter\CodeIgniter->run()
#4 {main}
CRITICAL - 2021-07-12 02:47:22 --> Class 'App\Models\reporting\project_data\project_quarterly_indicator_tracking_report_model' not found
#0 E:\www\creaw\system\CodeIgniter.php(918): App\Controllers\reporting\project_data\project_quarterly_indicator_tracking_report->index()
#1 E:\www\creaw\system\CodeIgniter.php(404): CodeIgniter\CodeIgniter->runController(Object(App\Controllers\reporting\project_data\project_quarterly_indicator_tracking_report))
#2 E:\www\creaw\system\CodeIgniter.php(312): CodeIgniter\CodeIgniter->handleRequest(NULL, Object(Config\Cache), false)
#3 E:\www\creaw\index.php(45): CodeIgniter\CodeIgniter->run()
#4 {main}
CRITICAL - 2021-07-12 02:48:01 --> Class 'App\Models\reporting\project_data\project_quarterly_indicator_tracking_report_model' not found
#0 E:\www\creaw\system\CodeIgniter.php(918): App\Controllers\reporting\project_data\project_quarterly_indicator_tracking_report->index()
#1 E:\www\creaw\system\CodeIgniter.php(404): CodeIgniter\CodeIgniter->runController(Object(App\Controllers\reporting\project_data\project_quarterly_indicator_tracking_report))
#2 E:\www\creaw\system\CodeIgniter.php(312): CodeIgniter\CodeIgniter->handleRequest(NULL, Object(Config\Cache), false)
#3 E:\www\creaw\index.php(45): CodeIgniter\CodeIgniter->run()
#4 {main}
CRITICAL - 2021-07-12 02:49:18 --> Class 'App\Controllers\reporting\project_data\Activity_reports_model' not found
#0 E:\www\creaw\system\CodeIgniter.php(918): App\Controllers\reporting\project_data\Project_quarterly_workplan_progress_reports->index()
#1 E:\www\creaw\system\CodeIgniter.php(404): CodeIgniter\CodeIgniter->runController(Object(App\Controllers\reporting\project_data\Project_quarterly_workplan_progress_reports))
#2 E:\www\creaw\system\CodeIgniter.php(312): CodeIgniter\CodeIgniter->handleRequest(NULL, Object(Config\Cache), false)
#3 E:\www\creaw\index.php(45): CodeIgniter\CodeIgniter->run()
#4 {main}
CRITICAL - 2021-07-12 02:49:48 --> Class 'App\Models\reporting\project_data\Project_quarterly_workplan_progress_reports_model' not found
#0 E:\www\creaw\system\CodeIgniter.php(918): App\Controllers\reporting\project_data\Project_quarterly_workplan_progress_reports->index()
#1 E:\www\creaw\system\CodeIgniter.php(404): CodeIgniter\CodeIgniter->runController(Object(App\Controllers\reporting\project_data\Project_quarterly_workplan_progress_reports))
#2 E:\www\creaw\system\CodeIgniter.php(312): CodeIgniter\CodeIgniter->handleRequest(NULL, Object(Config\Cache), false)
#3 E:\www\creaw\index.php(45): CodeIgniter\CodeIgniter->run()
#4 {main}
CRITICAL - 2021-07-12 02:50:08 --> Invalid file: office/report_submission/projects/project_activity_report/list.php
#0 E:\www\creaw\system\View\View.php(228): CodeIgniter\Exceptions\FrameworkException::forInvalidFile('office/report_s...')
#1 E:\www\creaw\system\Common.php(1119): CodeIgniter\View\View->render('office/report_s...', Array, true)
#2 E:\www\creaw\app\Views\template\index.php(14): view('office/report_s...')
#3 E:\www\creaw\system\View\View.php(246): include('E:\\www\\creaw\\ap...')
#4 E:\www\creaw\system\Common.php(1119): CodeIgniter\View\View->render('template/index', Array, true)
#5 E:\www\creaw\app\Controllers\reporting\project_data\Project_quarterly_workplan_progress_reports.php(66): view('template/index', Array)
#6 E:\www\creaw\system\CodeIgniter.php(918): App\Controllers\reporting\project_data\Project_quarterly_workplan_progress_reports->index()
#7 E:\www\creaw\system\CodeIgniter.php(404): CodeIgniter\CodeIgniter->runController(Object(App\Controllers\reporting\project_data\Project_quarterly_workplan_progress_reports))
#8 E:\www\creaw\system\CodeIgniter.php(312): CodeIgniter\CodeIgniter->handleRequest(NULL, Object(Config\Cache), false)
#9 E:\www\creaw\index.php(45): CodeIgniter\CodeIgniter->run()
#10 {main}
CRITICAL - 2021-07-12 02:52:47 --> Invalid file: office/reporting/project_data/project_quarterly_workplan_progress_reportst/list.php
#0 E:\www\creaw\system\View\View.php(228): CodeIgniter\Exceptions\FrameworkException::forInvalidFile('office/reportin...')
#1 E:\www\creaw\system\Common.php(1119): CodeIgniter\View\View->render('office/reportin...', Array, true)
#2 E:\www\creaw\app\Views\template\index.php(14): view('office/reportin...')
#3 E:\www\creaw\system\View\View.php(246): include('E:\\www\\creaw\\ap...')
#4 E:\www\creaw\system\Common.php(1119): CodeIgniter\View\View->render('template/index', Array, true)
#5 E:\www\creaw\app\Controllers\reporting\project_data\Project_quarterly_workplan_progress_reports.php(66): view('template/index', Array)
#6 E:\www\creaw\system\CodeIgniter.php(918): App\Controllers\reporting\project_data\Project_quarterly_workplan_progress_reports->index()
#7 E:\www\creaw\system\CodeIgniter.php(404): CodeIgniter\CodeIgniter->runController(Object(App\Controllers\reporting\project_data\Project_quarterly_workplan_progress_reports))
#8 E:\www\creaw\system\CodeIgniter.php(312): CodeIgniter\CodeIgniter->handleRequest(NULL, Object(Config\Cache), false)
#9 E:\www\creaw\index.php(45): CodeIgniter\CodeIgniter->run()
#10 {main}
CRITICAL - 2021-07-12 02:53:53 --> Invalid file: office/report_submission/projects/project_activity_report/list.php
#0 E:\www\creaw\system\View\View.php(228): CodeIgniter\Exceptions\FrameworkException::forInvalidFile('office/report_s...')
#1 E:\www\creaw\system\Common.php(1119): CodeIgniter\View\View->render('office/report_s...', Array, true)
#2 E:\www\creaw\app\Views\template\index.php(14): view('office/report_s...')
#3 E:\www\creaw\system\View\View.php(246): include('E:\\www\\creaw\\ap...')
#4 E:\www\creaw\system\Common.php(1119): CodeIgniter\View\View->render('template/index', Array, true)
#5 E:\www\creaw\app\Controllers\reporting\project_data\Project_quarterly_workplan_progress_reports.php(66): view('template/index', Array)
#6 E:\www\creaw\system\CodeIgniter.php(918): App\Controllers\reporting\project_data\Project_quarterly_workplan_progress_reports->index()
#7 E:\www\creaw\system\CodeIgniter.php(404): CodeIgniter\CodeIgniter->runController(Object(App\Controllers\reporting\project_data\Project_quarterly_workplan_progress_reports))
#8 E:\www\creaw\system\CodeIgniter.php(312): CodeIgniter\CodeIgniter->handleRequest(NULL, Object(Config\Cache), false)
#9 E:\www\creaw\index.php(45): CodeIgniter\CodeIgniter->run()
#10 {main}
CRITICAL - 2021-07-12 02:54:30 --> Invalid file: office/reporting/project_data/project_quarterly_workplan_progress_reports/list_js.php
#0 E:\www\creaw\system\View\View.php(228): CodeIgniter\Exceptions\FrameworkException::forInvalidFile('office/reportin...')
#1 E:\www\creaw\system\Common.php(1119): CodeIgniter\View\View->render('office/reportin...', Array, true)
#2 E:\www\creaw\app\Views\template\footer.php(492): view('office/reportin...')
#3 E:\www\creaw\system\View\View.php(246): include('E:\\www\\creaw\\ap...')
#4 E:\www\creaw\system\Common.php(1119): CodeIgniter\View\View->render('template/footer...', Array, true)
#5 E:\www\creaw\app\Views\template\index.php(18): view('template/footer...')
#6 E:\www\creaw\system\View\View.php(246): include('E:\\www\\creaw\\ap...')
#7 E:\www\creaw\system\Common.php(1119): CodeIgniter\View\View->render('template/index', Array, true)
#8 E:\www\creaw\app\Controllers\reporting\project_data\Project_quarterly_workplan_progress_reports.php(66): view('template/index', Array)
#9 E:\www\creaw\system\CodeIgniter.php(918): App\Controllers\reporting\project_data\Project_quarterly_workplan_progress_reports->index()
#10 E:\www\creaw\system\CodeIgniter.php(404): CodeIgniter\CodeIgniter->runController(Object(App\Controllers\reporting\project_data\Project_quarterly_workplan_progress_reports))
#11 E:\www\creaw\system\CodeIgniter.php(312): CodeIgniter\CodeIgniter->handleRequest(NULL, Object(Config\Cache), false)
#12 E:\www\creaw\index.php(45): CodeIgniter\CodeIgniter->run()
#13 {main}
CRITICAL - 2021-07-12 02:54:31 --> Invalid file: office/reporting/project_data/project_quarterly_workplan_progress_reports/list_js.php
#0 E:\www\creaw\system\View\View.php(228): CodeIgniter\Exceptions\FrameworkException::forInvalidFile('office/reportin...')
#1 E:\www\creaw\system\Common.php(1119): CodeIgniter\View\View->render('office/reportin...', Array, true)
#2 E:\www\creaw\app\Views\template\footer.php(492): view('office/reportin...')
#3 E:\www\creaw\system\View\View.php(246): include('E:\\www\\creaw\\ap...')
#4 E:\www\creaw\system\Common.php(1119): CodeIgniter\View\View->render('template/footer...', Array, true)
#5 E:\www\creaw\app\Views\template\index.php(18): view('template/footer...')
#6 E:\www\creaw\system\View\View.php(246): include('E:\\www\\creaw\\ap...')
#7 E:\www\creaw\system\Common.php(1119): CodeIgniter\View\View->render('template/index', Array, true)
#8 E:\www\creaw\app\Controllers\reporting\project_data\Project_quarterly_workplan_progress_reports.php(66): view('template/index', Array)
#9 E:\www\creaw\system\CodeIgniter.php(918): App\Controllers\reporting\project_data\Project_quarterly_workplan_progress_reports->index()
#10 E:\www\creaw\system\CodeIgniter.php(404): CodeIgniter\CodeIgniter->runController(Object(App\Controllers\reporting\project_data\Project_quarterly_workplan_progress_reports))
#11 E:\www\creaw\system\CodeIgniter.php(312): CodeIgniter\CodeIgniter->handleRequest(NULL, Object(Config\Cache), false)
#12 E:\www\creaw\index.php(45): CodeIgniter\CodeIgniter->run()
#13 {main}
CRITICAL - 2021-07-12 03:05:20 --> Invalid file: office/report_submission/projects/project_activity_report/add.php
#0 E:\www\creaw\system\View\View.php(228): CodeIgniter\Exceptions\FrameworkException::forInvalidFile('office/report_s...')
#1 E:\www\creaw\system\Common.php(1119): CodeIgniter\View\View->render('office/report_s...', Array, true)
#2 E:\www\creaw\app\Views\template\index.php(14): view('office/report_s...')
#3 E:\www\creaw\system\View\View.php(246): include('E:\\www\\creaw\\ap...')
#4 E:\www\creaw\system\Common.php(1119): CodeIgniter\View\View->render('template/index', Array, true)
#5 E:\www\creaw\app\Controllers\reporting\project_data\Project_quarterly_workplan_progress_reports.php(195): view('template/index', Array)
#6 E:\www\creaw\system\CodeIgniter.php(918): App\Controllers\reporting\project_data\Project_quarterly_workplan_progress_reports->add()
#7 E:\www\creaw\system\CodeIgniter.php(404): CodeIgniter\CodeIgniter->runController(Object(App\Controllers\reporting\project_data\Project_quarterly_workplan_progress_reports))
#8 E:\www\creaw\system\CodeIgniter.php(312): CodeIgniter\CodeIgniter->handleRequest(NULL, Object(Config\Cache), false)
#9 E:\www\creaw\index.php(45): CodeIgniter\CodeIgniter->run()
#10 {main}
CRITICAL - 2021-07-12 03:10:48 --> Class 'App\Controllers\reporting\project_data\Activity_reports_model' not found
#0 E:\www\creaw\system\CodeIgniter.php(918): App\Controllers\reporting\project_data\Project_quarterly_workplan_progress_reports->index()
#1 E:\www\creaw\system\CodeIgniter.php(404): CodeIgniter\CodeIgniter->runController(Object(App\Controllers\reporting\project_data\Project_quarterly_workplan_progress_reports))
#2 E:\www\creaw\system\CodeIgniter.php(312): CodeIgniter\CodeIgniter->handleRequest(NULL, Object(Config\Cache), false)
#3 E:\www\creaw\index.php(45): CodeIgniter\CodeIgniter->run()
#4 {main}
CRITICAL - 2021-07-12 03:32:49 --> Table 'creaw.project_goal1' doesn't exist
#0 E:\www\creaw\system\Database\MySQLi\Connection.php(331): mysqli->query('select * from p...')
#1 E:\www\creaw\system\Database\BaseConnection.php(741): CodeIgniter\Database\MySQLi\Connection->execute('select * from p...')
#2 E:\www\creaw\system\Database\BaseConnection.php(669): CodeIgniter\Database\BaseConnection->simpleQuery('select * from p...')
#3 E:\www\creaw\app\Views\office\planning\project_data\project_annual_plan\add.php(113): CodeIgniter\Database\BaseConnection->query('select * from p...')
#4 E:\www\creaw\system\View\View.php(246): include('E:\\www\\creaw\\ap...')
#5 E:\www\creaw\system\Common.php(1119): CodeIgniter\View\View->render('office/planning...', Array, true)
#6 E:\www\creaw\app\Views\template\index.php(14): view('office/planning...')
#7 E:\www\creaw\system\View\View.php(246): include('E:\\www\\creaw\\ap...')
#8 E:\www\creaw\system\Common.php(1119): CodeIgniter\View\View->render('template/index', Array, true)
#9 E:\www\creaw\app\Controllers\Planning\Project_annual_plan.php(190): view('template/index', Array)
#10 E:\www\creaw\system\CodeIgniter.php(918): App\Controllers\Planning\Project_annual_plan->add('8')
#11 E:\www\creaw\system\CodeIgniter.php(404): CodeIgniter\CodeIgniter->runController(Object(App\Controllers\Planning\Project_annual_plan))
#12 E:\www\creaw\system\CodeIgniter.php(312): CodeIgniter\CodeIgniter->handleRequest(NULL, Object(Config\Cache), false)
#13 E:\www\creaw\index.php(45): CodeIgniter\CodeIgniter->run()
#14 {main}
CRITICAL - 2021-07-12 03:32:49 --> Table 'creaw.project_goal1' doesn't exist
#0 E:\www\creaw\system\Database\MySQLi\Connection.php(331): mysqli->query('select * from p...')
#1 E:\www\creaw\system\Database\BaseConnection.php(741): CodeIgniter\Database\MySQLi\Connection->execute('select * from p...')
#2 E:\www\creaw\system\Database\BaseConnection.php(669): CodeIgniter\Database\BaseConnection->simpleQuery('select * from p...')
#3 E:\www\creaw\app\Views\office\planning\project_data\project_annual_plan\add.php(113): CodeIgniter\Database\BaseConnection->query('select * from p...')
#4 E:\www\creaw\system\View\View.php(246): include('E:\\www\\creaw\\ap...')
#5 E:\www\creaw\system\Common.php(1119): CodeIgniter\View\View->render('office/planning...', Array, true)
#6 E:\www\creaw\app\Views\template\index.php(14): view('office/planning...')
#7 E:\www\creaw\system\View\View.php(246): include('E:\\www\\creaw\\ap...')
#8 E:\www\creaw\system\Common.php(1119): CodeIgniter\View\View->render('template/index', Array, true)
#9 E:\www\creaw\app\Controllers\Planning\Project_annual_plan.php(190): view('template/index', Array)
#10 E:\www\creaw\system\CodeIgniter.php(918): App\Controllers\Planning\Project_annual_plan->add('8')
#11 E:\www\creaw\system\CodeIgniter.php(404): CodeIgniter\CodeIgniter->runController(Object(App\Controllers\Planning\Project_annual_plan))
#12 E:\www\creaw\system\CodeIgniter.php(312): CodeIgniter\CodeIgniter->handleRequest(NULL, Object(Config\Cache), false)
#13 E:\www\creaw\index.php(45): CodeIgniter\CodeIgniter->run()
#14 {main}
