CRITICAL - 2021-06-11 03:29:50 --> syntax error, unexpected '}', expecting end of file
#0 E:\www\FAWE\system\Common.php(1119): CodeIgniter\View\View->render('office/planning...', Array, true)
#1 E:\www\FAWE\app\Views\template\index.php(14): view('office/planning...')
#2 E:\www\FAWE\system\View\View.php(246): include('E:\\www\\FAWE\\ap...')
#3 E:\www\FAWE\system\Common.php(1119): CodeIgniter\View\View->render('template/index', Array, true)
#4 E:\www\FAWE\app\Controllers\Planning\Merl_framework.php(127): view('template/index', Array)
#5 E:\www\FAWE\system\CodeIgniter.php(918): App\Controllers\Planning\Merl_framework->edit('2')
#6 E:\www\FAWE\system\CodeIgniter.php(404): CodeIgniter\CodeIgniter->runController(Object(App\Controllers\Planning\Merl_framework))
#7 E:\www\FAWE\system\CodeIgniter.php(312): CodeIgniter\CodeIgniter->handleRequest(NULL, Object(Config\Cache), false)
#8 E:\www\FAWE\index.php(45): CodeIgniter\CodeIgniter->run()
#9 {main}
CRITICAL - 2021-06-11 03:29:50 --> syntax error, unexpected '}', expecting end of file
#0 E:\www\FAWE\system\Common.php(1119): CodeIgniter\View\View->render('office/planning...', Array, true)
#1 E:\www\FAWE\app\Views\template\index.php(14): view('office/planning...')
#2 E:\www\FAWE\system\View\View.php(246): include('E:\\www\\FAWE\\ap...')
#3 E:\www\FAWE\system\Common.php(1119): CodeIgniter\View\View->render('template/index', Array, true)
#4 E:\www\FAWE\app\Controllers\Planning\Merl_framework.php(127): view('template/index', Array)
#5 E:\www\FAWE\system\CodeIgniter.php(918): App\Controllers\Planning\Merl_framework->edit('2')
#6 E:\www\FAWE\system\CodeIgniter.php(404): CodeIgniter\CodeIgniter->runController(Object(App\Controllers\Planning\Merl_framework))
#7 E:\www\FAWE\system\CodeIgniter.php(312): CodeIgniter\CodeIgniter->handleRequest(NULL, Object(Config\Cache), false)
#8 E:\www\FAWE\index.php(45): CodeIgniter\CodeIgniter->run()
#9 {main}
CRITICAL - 2021-06-11 03:30:10 --> Unknown column 'org_intervention_indicator_target.year' in 'field list'
#0 E:\www\FAWE\system\Database\MySQLi\Connection.php(331): mysqli->query('SELECT \r\n      ...')
#1 E:\www\FAWE\system\Database\BaseConnection.php(741): CodeIgniter\Database\MySQLi\Connection->execute('SELECT \r\n      ...')
#2 E:\www\FAWE\system\Database\BaseConnection.php(669): CodeIgniter\Database\BaseConnection->simpleQuery('SELECT \r\n      ...')
#3 E:\www\FAWE\app\Views\office\planning\merl_framework\edit.php(211): CodeIgniter\Database\BaseConnection->query('SELECT \r\n      ...')
#4 E:\www\FAWE\system\View\View.php(246): include('E:\\www\\FAWE\\ap...')
#5 E:\www\FAWE\system\Common.php(1119): CodeIgniter\View\View->render('office/planning...', Array, true)
#6 E:\www\FAWE\app\Views\template\index.php(14): view('office/planning...')
#7 E:\www\FAWE\system\View\View.php(246): include('E:\\www\\FAWE\\ap...')
#8 E:\www\FAWE\system\Common.php(1119): CodeIgniter\View\View->render('template/index', Array, true)
#9 E:\www\FAWE\app\Controllers\Planning\Merl_framework.php(127): view('template/index', Array)
#10 E:\www\FAWE\system\CodeIgniter.php(918): App\Controllers\Planning\Merl_framework->edit('2')
#11 E:\www\FAWE\system\CodeIgniter.php(404): CodeIgniter\CodeIgniter->runController(Object(App\Controllers\Planning\Merl_framework))
#12 E:\www\FAWE\system\CodeIgniter.php(312): CodeIgniter\CodeIgniter->handleRequest(NULL, Object(Config\Cache), false)
#13 E:\www\FAWE\index.php(45): CodeIgniter\CodeIgniter->run()
#14 {main}
CRITICAL - 2021-06-11 03:30:10 --> Unknown column 'org_intervention_indicator_target.year' in 'field list'
#0 E:\www\FAWE\system\Database\MySQLi\Connection.php(331): mysqli->query('SELECT \r\n      ...')
#1 E:\www\FAWE\system\Database\BaseConnection.php(741): CodeIgniter\Database\MySQLi\Connection->execute('SELECT \r\n      ...')
#2 E:\www\FAWE\system\Database\BaseConnection.php(669): CodeIgniter\Database\BaseConnection->simpleQuery('SELECT \r\n      ...')
#3 E:\www\FAWE\app\Views\office\planning\merl_framework\edit.php(211): CodeIgniter\Database\BaseConnection->query('SELECT \r\n      ...')
#4 E:\www\FAWE\system\View\View.php(246): include('E:\\www\\FAWE\\ap...')
#5 E:\www\FAWE\system\Common.php(1119): CodeIgniter\View\View->render('office/planning...', Array, true)
#6 E:\www\FAWE\app\Views\template\index.php(14): view('office/planning...')
#7 E:\www\FAWE\system\View\View.php(246): include('E:\\www\\FAWE\\ap...')
#8 E:\www\FAWE\system\Common.php(1119): CodeIgniter\View\View->render('template/index', Array, true)
#9 E:\www\FAWE\app\Controllers\Planning\Merl_framework.php(127): view('template/index', Array)
#10 E:\www\FAWE\system\CodeIgniter.php(918): App\Controllers\Planning\Merl_framework->edit('2')
#11 E:\www\FAWE\system\CodeIgniter.php(404): CodeIgniter\CodeIgniter->runController(Object(App\Controllers\Planning\Merl_framework))
#12 E:\www\FAWE\system\CodeIgniter.php(312): CodeIgniter\CodeIgniter->handleRequest(NULL, Object(Config\Cache), false)
#13 E:\www\FAWE\index.php(45): CodeIgniter\CodeIgniter->run()
#14 {main}
CRITICAL - 2021-06-11 03:31:19 --> Unknown column 'org_intervention_indicator_target.year' in 'field list'
#0 E:\www\FAWE\system\Database\MySQLi\Connection.php(331): mysqli->query('SELECT \r\n      ...')
#1 E:\www\FAWE\system\Database\BaseConnection.php(741): CodeIgniter\Database\MySQLi\Connection->execute('SELECT \r\n      ...')
#2 E:\www\FAWE\system\Database\BaseConnection.php(669): CodeIgniter\Database\BaseConnection->simpleQuery('SELECT \r\n      ...')
#3 E:\www\FAWE\app\Views\office\planning\merl_framework\edit.php(211): CodeIgniter\Database\BaseConnection->query('SELECT \r\n      ...')
#4 E:\www\FAWE\system\View\View.php(246): include('E:\\www\\FAWE\\ap...')
#5 E:\www\FAWE\system\Common.php(1119): CodeIgniter\View\View->render('office/planning...', Array, true)
#6 E:\www\FAWE\app\Views\template\index.php(14): view('office/planning...')
#7 E:\www\FAWE\system\View\View.php(246): include('E:\\www\\FAWE\\ap...')
#8 E:\www\FAWE\system\Common.php(1119): CodeIgniter\View\View->render('template/index', Array, true)
#9 E:\www\FAWE\app\Controllers\Planning\Merl_framework.php(127): view('template/index', Array)
#10 E:\www\FAWE\system\CodeIgniter.php(918): App\Controllers\Planning\Merl_framework->edit('2')
#11 E:\www\FAWE\system\CodeIgniter.php(404): CodeIgniter\CodeIgniter->runController(Object(App\Controllers\Planning\Merl_framework))
#12 E:\www\FAWE\system\CodeIgniter.php(312): CodeIgniter\CodeIgniter->handleRequest(NULL, Object(Config\Cache), false)
#13 E:\www\FAWE\index.php(45): CodeIgniter\CodeIgniter->run()
#14 {main}
CRITICAL - 2021-06-11 03:31:19 --> Unknown column 'org_intervention_indicator_target.year' in 'field list'
#0 E:\www\FAWE\system\Database\MySQLi\Connection.php(331): mysqli->query('SELECT \r\n      ...')
#1 E:\www\FAWE\system\Database\BaseConnection.php(741): CodeIgniter\Database\MySQLi\Connection->execute('SELECT \r\n      ...')
#2 E:\www\FAWE\system\Database\BaseConnection.php(669): CodeIgniter\Database\BaseConnection->simpleQuery('SELECT \r\n      ...')
#3 E:\www\FAWE\app\Views\office\planning\merl_framework\edit.php(211): CodeIgniter\Database\BaseConnection->query('SELECT \r\n      ...')
#4 E:\www\FAWE\system\View\View.php(246): include('E:\\www\\FAWE\\ap...')
#5 E:\www\FAWE\system\Common.php(1119): CodeIgniter\View\View->render('office/planning...', Array, true)
#6 E:\www\FAWE\app\Views\template\index.php(14): view('office/planning...')
#7 E:\www\FAWE\system\View\View.php(246): include('E:\\www\\FAWE\\ap...')
#8 E:\www\FAWE\system\Common.php(1119): CodeIgniter\View\View->render('template/index', Array, true)
#9 E:\www\FAWE\app\Controllers\Planning\Merl_framework.php(127): view('template/index', Array)
#10 E:\www\FAWE\system\CodeIgniter.php(918): App\Controllers\Planning\Merl_framework->edit('2')
#11 E:\www\FAWE\system\CodeIgniter.php(404): CodeIgniter\CodeIgniter->runController(Object(App\Controllers\Planning\Merl_framework))
#12 E:\www\FAWE\system\CodeIgniter.php(312): CodeIgniter\CodeIgniter->handleRequest(NULL, Object(Config\Cache), false)
#13 E:\www\FAWE\index.php(45): CodeIgniter\CodeIgniter->run()
#14 {main}
CRITICAL - 2021-06-11 03:34:35 --> Undefined variable: row_int_ind
#0 E:\www\FAWE\app\Views\office\planning\merl_framework\edit.php(154): CodeIgniter\Debug\Exceptions->errorHandler(8, 'Undefined varia...', 'E:\\www\\FAWE\\ap...', 154, Array)
#1 E:\www\FAWE\system\View\View.php(246): include('E:\\www\\FAWE\\ap...')
#2 E:\www\FAWE\system\Common.php(1119): CodeIgniter\View\View->render('office/planning...', Array, true)
#3 E:\www\FAWE\app\Views\template\index.php(14): view('office/planning...')
#4 E:\www\FAWE\system\View\View.php(246): include('E:\\www\\FAWE\\ap...')
#5 E:\www\FAWE\system\Common.php(1119): CodeIgniter\View\View->render('template/index', Array, true)
#6 E:\www\FAWE\app\Controllers\Planning\Merl_framework.php(127): view('template/index', Array)
#7 E:\www\FAWE\system\CodeIgniter.php(918): App\Controllers\Planning\Merl_framework->edit('2')
#8 E:\www\FAWE\system\CodeIgniter.php(404): CodeIgniter\CodeIgniter->runController(Object(App\Controllers\Planning\Merl_framework))
#9 E:\www\FAWE\system\CodeIgniter.php(312): CodeIgniter\CodeIgniter->handleRequest(NULL, Object(Config\Cache), false)
#10 E:\www\FAWE\index.php(45): CodeIgniter\CodeIgniter->run()
#11 {main}
CRITICAL - 2021-06-11 03:34:35 --> Undefined variable: row_int_ind
#0 E:\www\FAWE\app\Views\office\planning\merl_framework\edit.php(154): CodeIgniter\Debug\Exceptions->errorHandler(8, 'Undefined varia...', 'E:\\www\\FAWE\\ap...', 154, Array)
#1 E:\www\FAWE\system\View\View.php(246): include('E:\\www\\FAWE\\ap...')
#2 E:\www\FAWE\system\Common.php(1119): CodeIgniter\View\View->render('office/planning...', Array, true)
#3 E:\www\FAWE\app\Views\template\index.php(14): view('office/planning...')
#4 E:\www\FAWE\system\View\View.php(246): include('E:\\www\\FAWE\\ap...')
#5 E:\www\FAWE\system\Common.php(1119): CodeIgniter\View\View->render('template/index', Array, true)
#6 E:\www\FAWE\app\Controllers\Planning\Merl_framework.php(127): view('template/index', Array)
#7 E:\www\FAWE\system\CodeIgniter.php(918): App\Controllers\Planning\Merl_framework->edit('2')
#8 E:\www\FAWE\system\CodeIgniter.php(404): CodeIgniter\CodeIgniter->runController(Object(App\Controllers\Planning\Merl_framework))
#9 E:\www\FAWE\system\CodeIgniter.php(312): CodeIgniter\CodeIgniter->handleRequest(NULL, Object(Config\Cache), false)
#10 E:\www\FAWE\index.php(45): CodeIgniter\CodeIgniter->run()
#11 {main}
CRITICAL - 2021-06-11 03:34:53 --> Undefined variable: row_int_ind
#0 E:\www\FAWE\app\Views\office\planning\merl_framework\edit.php(154): CodeIgniter\Debug\Exceptions->errorHandler(8, 'Undefined varia...', 'E:\\www\\FAWE\\ap...', 154, Array)
#1 E:\www\FAWE\system\View\View.php(246): include('E:\\www\\FAWE\\ap...')
#2 E:\www\FAWE\system\Common.php(1119): CodeIgniter\View\View->render('office/planning...', Array, true)
#3 E:\www\FAWE\app\Views\template\index.php(14): view('office/planning...')
#4 E:\www\FAWE\system\View\View.php(246): include('E:\\www\\FAWE\\ap...')
#5 E:\www\FAWE\system\Common.php(1119): CodeIgniter\View\View->render('template/index', Array, true)
#6 E:\www\FAWE\app\Controllers\Planning\Merl_framework.php(127): view('template/index', Array)
#7 E:\www\FAWE\system\CodeIgniter.php(918): App\Controllers\Planning\Merl_framework->edit('2')
#8 E:\www\FAWE\system\CodeIgniter.php(404): CodeIgniter\CodeIgniter->runController(Object(App\Controllers\Planning\Merl_framework))
#9 E:\www\FAWE\system\CodeIgniter.php(312): CodeIgniter\CodeIgniter->handleRequest(NULL, Object(Config\Cache), false)
#10 E:\www\FAWE\index.php(45): CodeIgniter\CodeIgniter->run()
#11 {main}
CRITICAL - 2021-06-11 03:34:53 --> Undefined variable: row_int_ind
#0 E:\www\FAWE\app\Views\office\planning\merl_framework\edit.php(154): CodeIgniter\Debug\Exceptions->errorHandler(8, 'Undefined varia...', 'E:\\www\\FAWE\\ap...', 154, Array)
#1 E:\www\FAWE\system\View\View.php(246): include('E:\\www\\FAWE\\ap...')
#2 E:\www\FAWE\system\Common.php(1119): CodeIgniter\View\View->render('office/planning...', Array, true)
#3 E:\www\FAWE\app\Views\template\index.php(14): view('office/planning...')
#4 E:\www\FAWE\system\View\View.php(246): include('E:\\www\\FAWE\\ap...')
#5 E:\www\FAWE\system\Common.php(1119): CodeIgniter\View\View->render('template/index', Array, true)
#6 E:\www\FAWE\app\Controllers\Planning\Merl_framework.php(127): view('template/index', Array)
#7 E:\www\FAWE\system\CodeIgniter.php(918): App\Controllers\Planning\Merl_framework->edit('2')
#8 E:\www\FAWE\system\CodeIgniter.php(404): CodeIgniter\CodeIgniter->runController(Object(App\Controllers\Planning\Merl_framework))
#9 E:\www\FAWE\system\CodeIgniter.php(312): CodeIgniter\CodeIgniter->handleRequest(NULL, Object(Config\Cache), false)
#10 E:\www\FAWE\index.php(45): CodeIgniter\CodeIgniter->run()
#11 {main}
CRITICAL - 2021-06-11 04:28:47 --> Table 'FAWE.units' doesn't exist
#0 E:\www\FAWE\system\Database\MySQLi\Connection.php(331): mysqli->query('SELECT *\nFROM `...')
#1 E:\www\FAWE\system\Database\BaseConnection.php(741): CodeIgniter\Database\MySQLi\Connection->execute('SELECT *\nFROM `...')
#2 E:\www\FAWE\system\Database\BaseConnection.php(669): CodeIgniter\Database\BaseConnection->simpleQuery('SELECT *\nFROM `...')
#3 E:\www\FAWE\system\Database\BaseBuilder.php(1860): CodeIgniter\Database\BaseConnection->query('SELECT *\nFROM `...', Array, false)
#4 E:\www\FAWE\system\Common.php(1187): CodeIgniter\Database\BaseBuilder->get()
#5 E:\www\FAWE\app\Views\office\planning\merl_framework\edit.php(148): get_by_id('id', '3', 'units')
#6 E:\www\FAWE\system\View\View.php(246): include('E:\\www\\FAWE\\ap...')
#7 E:\www\FAWE\system\Common.php(1119): CodeIgniter\View\View->render('office/planning...', Array, true)
#8 E:\www\FAWE\app\Views\template\index.php(14): view('office/planning...')
#9 E:\www\FAWE\system\View\View.php(246): include('E:\\www\\FAWE\\ap...')
#10 E:\www\FAWE\system\Common.php(1119): CodeIgniter\View\View->render('template/index', Array, true)
#11 E:\www\FAWE\app\Controllers\Planning\Merl_framework.php(127): view('template/index', Array)
#12 E:\www\FAWE\system\CodeIgniter.php(918): App\Controllers\Planning\Merl_framework->edit('2')
#13 E:\www\FAWE\system\CodeIgniter.php(404): CodeIgniter\CodeIgniter->runController(Object(App\Controllers\Planning\Merl_framework))
#14 E:\www\FAWE\system\CodeIgniter.php(312): CodeIgniter\CodeIgniter->handleRequest(NULL, Object(Config\Cache), false)
#15 E:\www\FAWE\index.php(45): CodeIgniter\CodeIgniter->run()
#16 {main}
CRITICAL - 2021-06-11 04:28:47 --> Table 'FAWE.units' doesn't exist
#0 E:\www\FAWE\system\Database\MySQLi\Connection.php(331): mysqli->query('SELECT *\nFROM `...')
#1 E:\www\FAWE\system\Database\BaseConnection.php(741): CodeIgniter\Database\MySQLi\Connection->execute('SELECT *\nFROM `...')
#2 E:\www\FAWE\system\Database\BaseConnection.php(669): CodeIgniter\Database\BaseConnection->simpleQuery('SELECT *\nFROM `...')
#3 E:\www\FAWE\system\Database\BaseBuilder.php(1860): CodeIgniter\Database\BaseConnection->query('SELECT *\nFROM `...', Array, false)
#4 E:\www\FAWE\system\Common.php(1187): CodeIgniter\Database\BaseBuilder->get()
#5 E:\www\FAWE\app\Views\office\planning\merl_framework\edit.php(148): get_by_id('id', '3', 'units')
#6 E:\www\FAWE\system\View\View.php(246): include('E:\\www\\FAWE\\ap...')
#7 E:\www\FAWE\system\Common.php(1119): CodeIgniter\View\View->render('office/planning...', Array, true)
#8 E:\www\FAWE\app\Views\template\index.php(14): view('office/planning...')
#9 E:\www\FAWE\system\View\View.php(246): include('E:\\www\\FAWE\\ap...')
#10 E:\www\FAWE\system\Common.php(1119): CodeIgniter\View\View->render('template/index', Array, true)
#11 E:\www\FAWE\app\Controllers\Planning\Merl_framework.php(127): view('template/index', Array)
#12 E:\www\FAWE\system\CodeIgniter.php(918): App\Controllers\Planning\Merl_framework->edit('2')
#13 E:\www\FAWE\system\CodeIgniter.php(404): CodeIgniter\CodeIgniter->runController(Object(App\Controllers\Planning\Merl_framework))
#14 E:\www\FAWE\system\CodeIgniter.php(312): CodeIgniter\CodeIgniter->handleRequest(NULL, Object(Config\Cache), false)
#15 E:\www\FAWE\index.php(45): CodeIgniter\CodeIgniter->run()
#16 {main}
CRITICAL - 2021-06-11 04:28:57 --> Table 'FAWE.unit' doesn't exist
#0 E:\www\FAWE\system\Database\MySQLi\Connection.php(331): mysqli->query('SELECT *\nFROM `...')
#1 E:\www\FAWE\system\Database\BaseConnection.php(741): CodeIgniter\Database\MySQLi\Connection->execute('SELECT *\nFROM `...')
#2 E:\www\FAWE\system\Database\BaseConnection.php(669): CodeIgniter\Database\BaseConnection->simpleQuery('SELECT *\nFROM `...')
#3 E:\www\FAWE\system\Database\BaseBuilder.php(1860): CodeIgniter\Database\BaseConnection->query('SELECT *\nFROM `...', Array, false)
#4 E:\www\FAWE\system\Common.php(1187): CodeIgniter\Database\BaseBuilder->get()
#5 E:\www\FAWE\app\Views\office\planning\merl_framework\edit.php(148): get_by_id('id', '3', 'unit')
#6 E:\www\FAWE\system\View\View.php(246): include('E:\\www\\FAWE\\ap...')
#7 E:\www\FAWE\system\Common.php(1119): CodeIgniter\View\View->render('office/planning...', Array, true)
#8 E:\www\FAWE\app\Views\template\index.php(14): view('office/planning...')
#9 E:\www\FAWE\system\View\View.php(246): include('E:\\www\\FAWE\\ap...')
#10 E:\www\FAWE\system\Common.php(1119): CodeIgniter\View\View->render('template/index', Array, true)
#11 E:\www\FAWE\app\Controllers\Planning\Merl_framework.php(127): view('template/index', Array)
#12 E:\www\FAWE\system\CodeIgniter.php(918): App\Controllers\Planning\Merl_framework->edit('2')
#13 E:\www\FAWE\system\CodeIgniter.php(404): CodeIgniter\CodeIgniter->runController(Object(App\Controllers\Planning\Merl_framework))
#14 E:\www\FAWE\system\CodeIgniter.php(312): CodeIgniter\CodeIgniter->handleRequest(NULL, Object(Config\Cache), false)
#15 E:\www\FAWE\index.php(45): CodeIgniter\CodeIgniter->run()
#16 {main}
CRITICAL - 2021-06-11 04:28:57 --> Table 'FAWE.unit' doesn't exist
#0 E:\www\FAWE\system\Database\MySQLi\Connection.php(331): mysqli->query('SELECT *\nFROM `...')
#1 E:\www\FAWE\system\Database\BaseConnection.php(741): CodeIgniter\Database\MySQLi\Connection->execute('SELECT *\nFROM `...')
#2 E:\www\FAWE\system\Database\BaseConnection.php(669): CodeIgniter\Database\BaseConnection->simpleQuery('SELECT *\nFROM `...')
#3 E:\www\FAWE\system\Database\BaseBuilder.php(1860): CodeIgniter\Database\BaseConnection->query('SELECT *\nFROM `...', Array, false)
#4 E:\www\FAWE\system\Common.php(1187): CodeIgniter\Database\BaseBuilder->get()
#5 E:\www\FAWE\app\Views\office\planning\merl_framework\edit.php(148): get_by_id('id', '3', 'unit')
#6 E:\www\FAWE\system\View\View.php(246): include('E:\\www\\FAWE\\ap...')
#7 E:\www\FAWE\system\Common.php(1119): CodeIgniter\View\View->render('office/planning...', Array, true)
#8 E:\www\FAWE\app\Views\template\index.php(14): view('office/planning...')
#9 E:\www\FAWE\system\View\View.php(246): include('E:\\www\\FAWE\\ap...')
#10 E:\www\FAWE\system\Common.php(1119): CodeIgniter\View\View->render('template/index', Array, true)
#11 E:\www\FAWE\app\Controllers\Planning\Merl_framework.php(127): view('template/index', Array)
#12 E:\www\FAWE\system\CodeIgniter.php(918): App\Controllers\Planning\Merl_framework->edit('2')
#13 E:\www\FAWE\system\CodeIgniter.php(404): CodeIgniter\CodeIgniter->runController(Object(App\Controllers\Planning\Merl_framework))
#14 E:\www\FAWE\system\CodeIgniter.php(312): CodeIgniter\CodeIgniter->handleRequest(NULL, Object(Config\Cache), false)
#15 E:\www\FAWE\index.php(45): CodeIgniter\CodeIgniter->run()
#16 {main}
CRITICAL - 2021-06-11 04:29:23 --> Undefined offset: 0
#0 E:\www\FAWE\app\Views\office\planning\merl_framework\edit.php(149): CodeIgniter\Debug\Exceptions->errorHandler(8, 'Undefined offse...', 'E:\\www\\FAWE\\ap...', 149, Array)
#1 E:\www\FAWE\system\View\View.php(246): include('E:\\www\\FAWE\\ap...')
#2 E:\www\FAWE\system\Common.php(1119): CodeIgniter\View\View->render('office/planning...', Array, true)
#3 E:\www\FAWE\app\Views\template\index.php(14): view('office/planning...')
#4 E:\www\FAWE\system\View\View.php(246): include('E:\\www\\FAWE\\ap...')
#5 E:\www\FAWE\system\Common.php(1119): CodeIgniter\View\View->render('template/index', Array, true)
#6 E:\www\FAWE\app\Controllers\Planning\Merl_framework.php(127): view('template/index', Array)
#7 E:\www\FAWE\system\CodeIgniter.php(918): App\Controllers\Planning\Merl_framework->edit('2')
#8 E:\www\FAWE\system\CodeIgniter.php(404): CodeIgniter\CodeIgniter->runController(Object(App\Controllers\Planning\Merl_framework))
#9 E:\www\FAWE\system\CodeIgniter.php(312): CodeIgniter\CodeIgniter->handleRequest(NULL, Object(Config\Cache), false)
#10 E:\www\FAWE\index.php(45): CodeIgniter\CodeIgniter->run()
#11 {main}
CRITICAL - 2021-06-11 04:29:23 --> Undefined offset: 0
#0 E:\www\FAWE\app\Views\office\planning\merl_framework\edit.php(149): CodeIgniter\Debug\Exceptions->errorHandler(8, 'Undefined offse...', 'E:\\www\\FAWE\\ap...', 149, Array)
#1 E:\www\FAWE\system\View\View.php(246): include('E:\\www\\FAWE\\ap...')
#2 E:\www\FAWE\system\Common.php(1119): CodeIgniter\View\View->render('office/planning...', Array, true)
#3 E:\www\FAWE\app\Views\template\index.php(14): view('office/planning...')
#4 E:\www\FAWE\system\View\View.php(246): include('E:\\www\\FAWE\\ap...')
#5 E:\www\FAWE\system\Common.php(1119): CodeIgniter\View\View->render('template/index', Array, true)
#6 E:\www\FAWE\app\Controllers\Planning\Merl_framework.php(127): view('template/index', Array)
#7 E:\www\FAWE\system\CodeIgniter.php(918): App\Controllers\Planning\Merl_framework->edit('2')
#8 E:\www\FAWE\system\CodeIgniter.php(404): CodeIgniter\CodeIgniter->runController(Object(App\Controllers\Planning\Merl_framework))
#9 E:\www\FAWE\system\CodeIgniter.php(312): CodeIgniter\CodeIgniter->handleRequest(NULL, Object(Config\Cache), false)
#10 E:\www\FAWE\index.php(45): CodeIgniter\CodeIgniter->run()
#11 {main}
