CRITICAL - 2021-07-27 11:00:46 --> Unknown column 'flag' in 'where clause'
#0 E:\www\FAWE\system\Database\MySQLi\Connection.php(331): mysqli->query('SELECT *\nFROM `...')
#1 E:\www\FAWE\system\Database\BaseConnection.php(741): CodeIgniter\Database\MySQLi\Connection->execute('SELECT *\nFROM `...')
#2 E:\www\FAWE\system\Database\BaseConnection.php(669): CodeIgniter\Database\BaseConnection->simpleQuery('SELECT *\nFROM `...')
#3 E:\www\FAWE\system\Database\BaseBuilder.php(1860): CodeIgniter\Database\BaseConnection->query('SELECT *\nFROM `...', Array, false)
#4 E:\www\FAWE\system\Common.php(1187): CodeIgniter\Database\BaseBuilder->get()
#5 E:\www\FAWE\app\Views\office\reporting\organizational_data\cases_database\view.php(113): get_by_id('id', '2', 'mas_county')
#6 E:\www\FAWE\system\View\View.php(246): include('E:\\www\\FAWE\\ap...')
#7 E:\www\FAWE\system\Common.php(1119): CodeIgniter\View\View->render('office/reportin...', Array, true)
#8 E:\www\FAWE\app\Views\template\index.php(14): view('office/reportin...')
#9 E:\www\FAWE\system\View\View.php(246): include('E:\\www\\FAWE\\ap...')
#10 E:\www\FAWE\system\Common.php(1119): CodeIgniter\View\View->render('template/index', Array, true)
#11 E:\www\FAWE\app\Controllers\Reporting\Organizational_data\Cases_database.php(487): view('template/index', Array)
#12 E:\www\FAWE\system\CodeIgniter.php(918): App\Controllers\Reporting\Organizational_data\Cases_database->view('1')
#13 E:\www\FAWE\system\CodeIgniter.php(404): CodeIgniter\CodeIgniter->runController(Object(App\Controllers\Reporting\Organizational_data\Cases_database))
#14 E:\www\FAWE\system\CodeIgniter.php(312): CodeIgniter\CodeIgniter->handleRequest(NULL, Object(Config\Cache), false)
#15 E:\www\FAWE\index.php(45): CodeIgniter\CodeIgniter->run()
#16 {main}
CRITICAL - 2021-07-27 11:00:47 --> Unknown column 'flag' in 'where clause'
#0 E:\www\FAWE\system\Database\MySQLi\Connection.php(331): mysqli->query('SELECT *\nFROM `...')
#1 E:\www\FAWE\system\Database\BaseConnection.php(741): CodeIgniter\Database\MySQLi\Connection->execute('SELECT *\nFROM `...')
#2 E:\www\FAWE\system\Database\BaseConnection.php(669): CodeIgniter\Database\BaseConnection->simpleQuery('SELECT *\nFROM `...')
#3 E:\www\FAWE\system\Database\BaseBuilder.php(1860): CodeIgniter\Database\BaseConnection->query('SELECT *\nFROM `...', Array, false)
#4 E:\www\FAWE\system\Common.php(1187): CodeIgniter\Database\BaseBuilder->get()
#5 E:\www\FAWE\app\Views\office\reporting\organizational_data\cases_database\view.php(113): get_by_id('id', '2', 'mas_county')
#6 E:\www\FAWE\system\View\View.php(246): include('E:\\www\\FAWE\\ap...')
#7 E:\www\FAWE\system\Common.php(1119): CodeIgniter\View\View->render('office/reportin...', Array, true)
#8 E:\www\FAWE\app\Views\template\index.php(14): view('office/reportin...')
#9 E:\www\FAWE\system\View\View.php(246): include('E:\\www\\FAWE\\ap...')
#10 E:\www\FAWE\system\Common.php(1119): CodeIgniter\View\View->render('template/index', Array, true)
#11 E:\www\FAWE\app\Controllers\Reporting\Organizational_data\Cases_database.php(487): view('template/index', Array)
#12 E:\www\FAWE\system\CodeIgniter.php(918): App\Controllers\Reporting\Organizational_data\Cases_database->view('1')
#13 E:\www\FAWE\system\CodeIgniter.php(404): CodeIgniter\CodeIgniter->runController(Object(App\Controllers\Reporting\Organizational_data\Cases_database))
#14 E:\www\FAWE\system\CodeIgniter.php(312): CodeIgniter\CodeIgniter->handleRequest(NULL, Object(Config\Cache), false)
#15 E:\www\FAWE\index.php(45): CodeIgniter\CodeIgniter->run()
#16 {main}
CRITICAL - 2021-07-27 11:01:03 --> Call to undefined function get_by_any_id()
#0 E:\www\FAWE\system\View\View.php(246): include()
#1 E:\www\FAWE\system\Common.php(1119): CodeIgniter\View\View->render('office/reportin...', Array, true)
#2 E:\www\FAWE\app\Views\template\index.php(14): view('office/reportin...')
#3 E:\www\FAWE\system\View\View.php(246): include('E:\\www\\FAWE\\ap...')
#4 E:\www\FAWE\system\Common.php(1119): CodeIgniter\View\View->render('template/index', Array, true)
#5 E:\www\FAWE\app\Controllers\Reporting\Organizational_data\Cases_database.php(487): view('template/index', Array)
#6 E:\www\FAWE\system\CodeIgniter.php(918): App\Controllers\Reporting\Organizational_data\Cases_database->view('1')
#7 E:\www\FAWE\system\CodeIgniter.php(404): CodeIgniter\CodeIgniter->runController(Object(App\Controllers\Reporting\Organizational_data\Cases_database))
#8 E:\www\FAWE\system\CodeIgniter.php(312): CodeIgniter\CodeIgniter->handleRequest(NULL, Object(Config\Cache), false)
#9 E:\www\FAWE\index.php(45): CodeIgniter\CodeIgniter->run()
#10 {main}
CRITICAL - 2021-07-27 11:01:03 --> Call to undefined function get_by_any_id()
#0 E:\www\FAWE\system\View\View.php(246): include()
#1 E:\www\FAWE\system\Common.php(1119): CodeIgniter\View\View->render('office/reportin...', Array, true)
#2 E:\www\FAWE\app\Views\template\index.php(14): view('office/reportin...')
#3 E:\www\FAWE\system\View\View.php(246): include('E:\\www\\FAWE\\ap...')
#4 E:\www\FAWE\system\Common.php(1119): CodeIgniter\View\View->render('template/index', Array, true)
#5 E:\www\FAWE\app\Controllers\Reporting\Organizational_data\Cases_database.php(487): view('template/index', Array)
#6 E:\www\FAWE\system\CodeIgniter.php(918): App\Controllers\Reporting\Organizational_data\Cases_database->view('1')
#7 E:\www\FAWE\system\CodeIgniter.php(404): CodeIgniter\CodeIgniter->runController(Object(App\Controllers\Reporting\Organizational_data\Cases_database))
#8 E:\www\FAWE\system\CodeIgniter.php(312): CodeIgniter\CodeIgniter->handleRequest(NULL, Object(Config\Cache), false)
#9 E:\www\FAWE\index.php(45): CodeIgniter\CodeIgniter->run()
#10 {main}
