CRITICAL - 2021-08-12 00:14:38 --> Column 'activity_code' cannot be null
#0 E:\www\FAWE\system\Database\MySQLi\Connection.php(331): mysqli->query('INSERT INTO `im...')
#1 E:\www\FAWE\system\Database\BaseConnection.php(741): CodeIgniter\Database\MySQLi\Connection->execute('INSERT INTO `im...')
#2 E:\www\FAWE\system\Database\BaseConnection.php(669): CodeIgniter\Database\BaseConnection->simpleQuery('INSERT INTO `im...')
#3 E:\www\FAWE\system\Database\BaseBuilder.php(2249): CodeIgniter\Database\BaseConnection->query('INSERT INTO `im...', Array, false)
#4 E:\www\FAWE\system\Model.php(755): CodeIgniter\Database\BaseBuilder->insert()
#5 E:\www\FAWE\app\Controllers\Api\Import_activities_dimension.php(41): CodeIgniter\Model->insert(Array)
#6 E:\www\FAWE\system\CodeIgniter.php(918): App\Controllers\api\Import_activities_dimension->index()
#7 E:\www\FAWE\system\CodeIgniter.php(404): CodeIgniter\CodeIgniter->runController(Object(App\Controllers\api\Import_activities_dimension))
#8 E:\www\FAWE\system\CodeIgniter.php(312): CodeIgniter\CodeIgniter->handleRequest(NULL, Object(Config\Cache), false)
#9 E:\www\FAWE\index.php(45): CodeIgniter\CodeIgniter->run()
#10 {main}
CRITICAL - 2021-08-12 00:16:51 --> Column 'activity_code' cannot be null
#0 E:\www\FAWE\system\Database\MySQLi\Connection.php(331): mysqli->query('INSERT INTO `im...')
#1 E:\www\FAWE\system\Database\BaseConnection.php(741): CodeIgniter\Database\MySQLi\Connection->execute('INSERT INTO `im...')
#2 E:\www\FAWE\system\Database\BaseConnection.php(669): CodeIgniter\Database\BaseConnection->simpleQuery('INSERT INTO `im...')
#3 E:\www\FAWE\system\Database\BaseBuilder.php(2249): CodeIgniter\Database\BaseConnection->query('INSERT INTO `im...', Array, false)
#4 E:\www\FAWE\system\Model.php(755): CodeIgniter\Database\BaseBuilder->insert()
#5 E:\www\FAWE\app\Controllers\Api\Import_activities_dimension.php(41): CodeIgniter\Model->insert(Array)
#6 E:\www\FAWE\system\CodeIgniter.php(918): App\Controllers\api\Import_activities_dimension->index()
#7 E:\www\FAWE\system\CodeIgniter.php(404): CodeIgniter\CodeIgniter->runController(Object(App\Controllers\api\Import_activities_dimension))
#8 E:\www\FAWE\system\CodeIgniter.php(312): CodeIgniter\CodeIgniter->handleRequest(NULL, Object(Config\Cache), false)
#9 E:\www\FAWE\index.php(45): CodeIgniter\CodeIgniter->run()
#10 {main}
CRITICAL - 2021-08-12 01:00:55 --> Undefined index: description
#0 E:\www\FAWE\app\Views\office\planning\project_data\project_me_plan\add_activity.php(113): CodeIgniter\Debug\Exceptions->errorHandler(8, 'Undefined index...', 'E:\\www\\FAWE\\ap...', 113, Array)
#1 E:\www\FAWE\system\View\View.php(246): include('E:\\www\\FAWE\\ap...')
#2 E:\www\FAWE\system\Common.php(1119): CodeIgniter\View\View->render('office/planning...', Array, true)
#3 E:\www\FAWE\app\Views\template\index.php(14): view('office/planning...')
#4 E:\www\FAWE\system\View\View.php(246): include('E:\\www\\FAWE\\ap...')
#5 E:\www\FAWE\system\Common.php(1119): CodeIgniter\View\View->render('template/index', Array, true)
#6 E:\www\FAWE\app\Controllers\Planning\Project_me_plan.php(1567): view('template/index', Array)
#7 E:\www\FAWE\system\CodeIgniter.php(918): App\Controllers\Planning\Project_me_plan->add_activity('2', '')
#8 E:\www\FAWE\system\CodeIgniter.php(404): CodeIgniter\CodeIgniter->runController(Object(App\Controllers\Planning\Project_me_plan))
#9 E:\www\FAWE\system\CodeIgniter.php(312): CodeIgniter\CodeIgniter->handleRequest(NULL, Object(Config\Cache), false)
#10 E:\www\FAWE\index.php(45): CodeIgniter\CodeIgniter->run()
#11 {main}
CRITICAL - 2021-08-12 01:00:55 --> Undefined index: description
#0 E:\www\FAWE\app\Views\office\planning\project_data\project_me_plan\add_activity.php(113): CodeIgniter\Debug\Exceptions->errorHandler(8, 'Undefined index...', 'E:\\www\\FAWE\\ap...', 113, Array)
#1 E:\www\FAWE\system\View\View.php(246): include('E:\\www\\FAWE\\ap...')
#2 E:\www\FAWE\system\Common.php(1119): CodeIgniter\View\View->render('office/planning...', Array, true)
#3 E:\www\FAWE\app\Views\template\index.php(14): view('office/planning...')
#4 E:\www\FAWE\system\View\View.php(246): include('E:\\www\\FAWE\\ap...')
#5 E:\www\FAWE\system\Common.php(1119): CodeIgniter\View\View->render('template/index', Array, true)
#6 E:\www\FAWE\app\Controllers\Planning\Project_me_plan.php(1567): view('template/index', Array)
#7 E:\www\FAWE\system\CodeIgniter.php(918): App\Controllers\Planning\Project_me_plan->add_activity('2', '')
#8 E:\www\FAWE\system\CodeIgniter.php(404): CodeIgniter\CodeIgniter->runController(Object(App\Controllers\Planning\Project_me_plan))
#9 E:\www\FAWE\system\CodeIgniter.php(312): CodeIgniter\CodeIgniter->handleRequest(NULL, Object(Config\Cache), false)
#10 E:\www\FAWE\index.php(45): CodeIgniter\CodeIgniter->run()
#11 {main}
CRITICAL - 2021-08-12 01:09:29 --> Undefined index: activity_code
#0 E:\www\FAWE\app\Controllers\Planning\Project_me_plan.php(1835): CodeIgniter\Debug\Exceptions->errorHandler(8, 'Undefined index...', 'E:\\www\\FAWE\\ap...', 1835, Array)
#1 E:\www\FAWE\system\CodeIgniter.php(918): App\Controllers\Planning\Project_me_plan->get_budget_activity2()
#2 E:\www\FAWE\system\CodeIgniter.php(404): CodeIgniter\CodeIgniter->runController(Object(App\Controllers\Planning\Project_me_plan))
#3 E:\www\FAWE\system\CodeIgniter.php(312): CodeIgniter\CodeIgniter->handleRequest(NULL, Object(Config\Cache), false)
#4 E:\www\FAWE\index.php(45): CodeIgniter\CodeIgniter->run()
#5 {main}
CRITICAL - 2021-08-12 01:10:46 --> Undefined index: activity_code
#0 E:\www\FAWE\app\Controllers\Planning\Project_me_plan.php(1835): CodeIgniter\Debug\Exceptions->errorHandler(8, 'Undefined index...', 'E:\\www\\FAWE\\ap...', 1835, Array)
#1 E:\www\FAWE\system\CodeIgniter.php(918): App\Controllers\Planning\Project_me_plan->get_budget_activity2()
#2 E:\www\FAWE\system\CodeIgniter.php(404): CodeIgniter\CodeIgniter->runController(Object(App\Controllers\Planning\Project_me_plan))
#3 E:\www\FAWE\system\CodeIgniter.php(312): CodeIgniter\CodeIgniter->handleRequest(NULL, Object(Config\Cache), false)
#4 E:\www\FAWE\index.php(45): CodeIgniter\CodeIgniter->run()
#5 {main}
CRITICAL - 2021-08-12 01:11:15 --> Undefined index: activity_code
#0 E:\www\FAWE\app\Controllers\Planning\Project_me_plan.php(1835): CodeIgniter\Debug\Exceptions->errorHandler(8, 'Undefined index...', 'E:\\www\\FAWE\\ap...', 1835, Array)
#1 E:\www\FAWE\system\CodeIgniter.php(918): App\Controllers\Planning\Project_me_plan->get_budget_activity2()
#2 E:\www\FAWE\system\CodeIgniter.php(404): CodeIgniter\CodeIgniter->runController(Object(App\Controllers\Planning\Project_me_plan))
#3 E:\www\FAWE\system\CodeIgniter.php(312): CodeIgniter\CodeIgniter->handleRequest(NULL, Object(Config\Cache), false)
#4 E:\www\FAWE\index.php(45): CodeIgniter\CodeIgniter->run()
#5 {main}
CRITICAL - 2021-08-12 01:11:32 --> Undefined index: activity_code
#0 E:\www\FAWE\app\Controllers\Planning\Project_me_plan.php(1835): CodeIgniter\Debug\Exceptions->errorHandler(8, 'Undefined index...', 'E:\\www\\FAWE\\ap...', 1835, Array)
#1 E:\www\FAWE\system\CodeIgniter.php(918): App\Controllers\Planning\Project_me_plan->get_budget_activity2()
#2 E:\www\FAWE\system\CodeIgniter.php(404): CodeIgniter\CodeIgniter->runController(Object(App\Controllers\Planning\Project_me_plan))
#3 E:\www\FAWE\system\CodeIgniter.php(312): CodeIgniter\CodeIgniter->handleRequest(NULL, Object(Config\Cache), false)
#4 E:\www\FAWE\index.php(45): CodeIgniter\CodeIgniter->run()
#5 {main}
CRITICAL - 2021-08-12 01:11:38 --> Undefined index: activity_code
#0 E:\www\FAWE\app\Controllers\Planning\Project_me_plan.php(1835): CodeIgniter\Debug\Exceptions->errorHandler(8, 'Undefined index...', 'E:\\www\\FAWE\\ap...', 1835, Array)
#1 E:\www\FAWE\system\CodeIgniter.php(918): App\Controllers\Planning\Project_me_plan->get_budget_activity2()
#2 E:\www\FAWE\system\CodeIgniter.php(404): CodeIgniter\CodeIgniter->runController(Object(App\Controllers\Planning\Project_me_plan))
#3 E:\www\FAWE\system\CodeIgniter.php(312): CodeIgniter\CodeIgniter->handleRequest(NULL, Object(Config\Cache), false)
#4 E:\www\FAWE\index.php(45): CodeIgniter\CodeIgniter->run()
#5 {main}
CRITICAL - 2021-08-12 01:11:47 --> Undefined index: activity_code
#0 E:\www\FAWE\app\Controllers\Planning\Project_me_plan.php(1835): CodeIgniter\Debug\Exceptions->errorHandler(8, 'Undefined index...', 'E:\\www\\FAWE\\ap...', 1835, Array)
#1 E:\www\FAWE\system\CodeIgniter.php(918): App\Controllers\Planning\Project_me_plan->get_budget_activity2()
#2 E:\www\FAWE\system\CodeIgniter.php(404): CodeIgniter\CodeIgniter->runController(Object(App\Controllers\Planning\Project_me_plan))
#3 E:\www\FAWE\system\CodeIgniter.php(312): CodeIgniter\CodeIgniter->handleRequest(NULL, Object(Config\Cache), false)
#4 E:\www\FAWE\index.php(45): CodeIgniter\CodeIgniter->run()
#5 {main}
CRITICAL - 2021-08-12 01:22:59 --> syntax error, unexpected '}'
#0 E:\www\FAWE\system\Router\Router.php(195): CodeIgniter\Router\Router->autoRoute('/planning/proje...')
#1 E:\www\FAWE\system\CodeIgniter.php(793): CodeIgniter\Router\Router->handle('/planning/proje...')
#2 E:\www\FAWE\system\CodeIgniter.php(364): CodeIgniter\CodeIgniter->tryToRouteIt(Object(CodeIgniter\Router\RouteCollection))
#3 E:\www\FAWE\system\CodeIgniter.php(312): CodeIgniter\CodeIgniter->handleRequest(NULL, Object(Config\Cache), false)
#4 E:\www\FAWE\index.php(45): CodeIgniter\CodeIgniter->run()
#5 {main}
CRITICAL - 2021-08-12 01:26:26 --> Return value of set_value() must be of the type string, array returned
#0 E:\www\FAWE\app\Views\office\planning\project_data\project_me_plan\add_activity.php(151): set_value('annul_budget')
#1 E:\www\FAWE\system\View\View.php(246): include('E:\\www\\FAWE\\ap...')
#2 E:\www\FAWE\system\Common.php(1119): CodeIgniter\View\View->render('office/planning...', Array, true)
#3 E:\www\FAWE\app\Views\template\index.php(14): view('office/planning...')
#4 E:\www\FAWE\system\View\View.php(246): include('E:\\www\\FAWE\\ap...')
#5 E:\www\FAWE\system\Common.php(1119): CodeIgniter\View\View->render('template/index', Array, true)
#6 E:\www\FAWE\app\Controllers\Planning\Project_me_plan.php(1578): view('template/index', Array)
#7 E:\www\FAWE\system\CodeIgniter.php(918): App\Controllers\Planning\Project_me_plan->add_activity('2', '')
#8 E:\www\FAWE\system\CodeIgniter.php(404): CodeIgniter\CodeIgniter->runController(Object(App\Controllers\Planning\Project_me_plan))
#9 E:\www\FAWE\system\CodeIgniter.php(312): CodeIgniter\CodeIgniter->handleRequest(NULL, Object(Config\Cache), false)
#10 E:\www\FAWE\index.php(45): CodeIgniter\CodeIgniter->run()
#11 {main}
CRITICAL - 2021-08-12 02:08:53 --> Table 'FAWE.activity_name' doesn't exist
#0 E:\www\FAWE\system\Database\MySQLi\Connection.php(331): mysqli->query('SELECT *\nFROM `...')
#1 E:\www\FAWE\system\Database\BaseConnection.php(741): CodeIgniter\Database\MySQLi\Connection->execute('SELECT *\nFROM `...')
#2 E:\www\FAWE\system\Database\BaseConnection.php(669): CodeIgniter\Database\BaseConnection->simpleQuery('SELECT *\nFROM `...')
#3 E:\www\FAWE\system\Database\BaseBuilder.php(1860): CodeIgniter\Database\BaseConnection->query('SELECT *\nFROM `...', Array, false)
#4 E:\www\FAWE\system\Common.php(1187): CodeIgniter\Database\BaseBuilder->get()
#5 E:\www\FAWE\app\Views\office\planning\project_data\project_me_plan\logframe.php(182): get_by_id('id', 'Test Activity -...', 'activity_name')
#6 E:\www\FAWE\system\View\View.php(246): include('E:\\www\\FAWE\\ap...')
#7 E:\www\FAWE\system\Common.php(1119): CodeIgniter\View\View->render('office/planning...', Array, true)
#8 E:\www\FAWE\app\Views\template\index.php(14): view('office/planning...')
#9 E:\www\FAWE\system\View\View.php(246): include('E:\\www\\FAWE\\ap...')
#10 E:\www\FAWE\system\Common.php(1119): CodeIgniter\View\View->render('template/index', Array, true)
#11 E:\www\FAWE\app\Controllers\Planning\Project_me_plan.php(333): view('template/index', Array)
#12 E:\www\FAWE\system\CodeIgniter.php(918): App\Controllers\Planning\Project_me_plan->logframe('2')
#13 E:\www\FAWE\system\CodeIgniter.php(404): CodeIgniter\CodeIgniter->runController(Object(App\Controllers\Planning\Project_me_plan))
#14 E:\www\FAWE\system\CodeIgniter.php(312): CodeIgniter\CodeIgniter->handleRequest(NULL, Object(Config\Cache), false)
#15 E:\www\FAWE\index.php(45): CodeIgniter\CodeIgniter->run()
#16 {main}
CRITICAL - 2021-08-12 02:08:53 --> Table 'FAWE.activity_name' doesn't exist
#0 E:\www\FAWE\system\Database\MySQLi\Connection.php(331): mysqli->query('SELECT *\nFROM `...')
#1 E:\www\FAWE\system\Database\BaseConnection.php(741): CodeIgniter\Database\MySQLi\Connection->execute('SELECT *\nFROM `...')
#2 E:\www\FAWE\system\Database\BaseConnection.php(669): CodeIgniter\Database\BaseConnection->simpleQuery('SELECT *\nFROM `...')
#3 E:\www\FAWE\system\Database\BaseBuilder.php(1860): CodeIgniter\Database\BaseConnection->query('SELECT *\nFROM `...', Array, false)
#4 E:\www\FAWE\system\Common.php(1187): CodeIgniter\Database\BaseBuilder->get()
#5 E:\www\FAWE\app\Views\office\planning\project_data\project_me_plan\logframe.php(182): get_by_id('id', 'Test Activity -...', 'activity_name')
#6 E:\www\FAWE\system\View\View.php(246): include('E:\\www\\FAWE\\ap...')
#7 E:\www\FAWE\system\Common.php(1119): CodeIgniter\View\View->render('office/planning...', Array, true)
#8 E:\www\FAWE\app\Views\template\index.php(14): view('office/planning...')
#9 E:\www\FAWE\system\View\View.php(246): include('E:\\www\\FAWE\\ap...')
#10 E:\www\FAWE\system\Common.php(1119): CodeIgniter\View\View->render('template/index', Array, true)
#11 E:\www\FAWE\app\Controllers\Planning\Project_me_plan.php(333): view('template/index', Array)
#12 E:\www\FAWE\system\CodeIgniter.php(918): App\Controllers\Planning\Project_me_plan->logframe('2')
#13 E:\www\FAWE\system\CodeIgniter.php(404): CodeIgniter\CodeIgniter->runController(Object(App\Controllers\Planning\Project_me_plan))
#14 E:\www\FAWE\system\CodeIgniter.php(312): CodeIgniter\CodeIgniter->handleRequest(NULL, Object(Config\Cache), false)
#15 E:\www\FAWE\index.php(45): CodeIgniter\CodeIgniter->run()
#16 {main}
CRITICAL - 2021-08-12 02:09:21 --> Unknown column 'flag' in 'where clause'
#0 E:\www\FAWE\system\Database\MySQLi\Connection.php(331): mysqli->query('SELECT *\nFROM `...')
#1 E:\www\FAWE\system\Database\BaseConnection.php(741): CodeIgniter\Database\MySQLi\Connection->execute('SELECT *\nFROM `...')
#2 E:\www\FAWE\system\Database\BaseConnection.php(669): CodeIgniter\Database\BaseConnection->simpleQuery('SELECT *\nFROM `...')
#3 E:\www\FAWE\system\Database\BaseBuilder.php(1860): CodeIgniter\Database\BaseConnection->query('SELECT *\nFROM `...', Array, false)
#4 E:\www\FAWE\system\Common.php(1187): CodeIgniter\Database\BaseBuilder->get()
#5 E:\www\FAWE\app\Views\office\planning\project_data\project_me_plan\logframe.php(182): get_by_id('id', 'Test Activity -...', 'import_activiti...')
#6 E:\www\FAWE\system\View\View.php(246): include('E:\\www\\FAWE\\ap...')
#7 E:\www\FAWE\system\Common.php(1119): CodeIgniter\View\View->render('office/planning...', Array, true)
#8 E:\www\FAWE\app\Views\template\index.php(14): view('office/planning...')
#9 E:\www\FAWE\system\View\View.php(246): include('E:\\www\\FAWE\\ap...')
#10 E:\www\FAWE\system\Common.php(1119): CodeIgniter\View\View->render('template/index', Array, true)
#11 E:\www\FAWE\app\Controllers\Planning\Project_me_plan.php(333): view('template/index', Array)
#12 E:\www\FAWE\system\CodeIgniter.php(918): App\Controllers\Planning\Project_me_plan->logframe('2')
#13 E:\www\FAWE\system\CodeIgniter.php(404): CodeIgniter\CodeIgniter->runController(Object(App\Controllers\Planning\Project_me_plan))
#14 E:\www\FAWE\system\CodeIgniter.php(312): CodeIgniter\CodeIgniter->handleRequest(NULL, Object(Config\Cache), false)
#15 E:\www\FAWE\index.php(45): CodeIgniter\CodeIgniter->run()
#16 {main}
CRITICAL - 2021-08-12 02:09:21 --> Unknown column 'flag' in 'where clause'
#0 E:\www\FAWE\system\Database\MySQLi\Connection.php(331): mysqli->query('SELECT *\nFROM `...')
#1 E:\www\FAWE\system\Database\BaseConnection.php(741): CodeIgniter\Database\MySQLi\Connection->execute('SELECT *\nFROM `...')
#2 E:\www\FAWE\system\Database\BaseConnection.php(669): CodeIgniter\Database\BaseConnection->simpleQuery('SELECT *\nFROM `...')
#3 E:\www\FAWE\system\Database\BaseBuilder.php(1860): CodeIgniter\Database\BaseConnection->query('SELECT *\nFROM `...', Array, false)
#4 E:\www\FAWE\system\Common.php(1187): CodeIgniter\Database\BaseBuilder->get()
#5 E:\www\FAWE\app\Views\office\planning\project_data\project_me_plan\logframe.php(182): get_by_id('id', 'Test Activity -...', 'import_activiti...')
#6 E:\www\FAWE\system\View\View.php(246): include('E:\\www\\FAWE\\ap...')
#7 E:\www\FAWE\system\Common.php(1119): CodeIgniter\View\View->render('office/planning...', Array, true)
#8 E:\www\FAWE\app\Views\template\index.php(14): view('office/planning...')
#9 E:\www\FAWE\system\View\View.php(246): include('E:\\www\\FAWE\\ap...')
#10 E:\www\FAWE\system\Common.php(1119): CodeIgniter\View\View->render('template/index', Array, true)
#11 E:\www\FAWE\app\Controllers\Planning\Project_me_plan.php(333): view('template/index', Array)
#12 E:\www\FAWE\system\CodeIgniter.php(918): App\Controllers\Planning\Project_me_plan->logframe('2')
#13 E:\www\FAWE\system\CodeIgniter.php(404): CodeIgniter\CodeIgniter->runController(Object(App\Controllers\Planning\Project_me_plan))
#14 E:\www\FAWE\system\CodeIgniter.php(312): CodeIgniter\CodeIgniter->handleRequest(NULL, Object(Config\Cache), false)
#15 E:\www\FAWE\index.php(45): CodeIgniter\CodeIgniter->run()
#16 {main}
CRITICAL - 2021-08-12 02:09:35 --> Call to undefined function get_by_any_id()
#0 E:\www\FAWE\system\View\View.php(246): include()
#1 E:\www\FAWE\system\Common.php(1119): CodeIgniter\View\View->render('office/planning...', Array, true)
#2 E:\www\FAWE\app\Views\template\index.php(14): view('office/planning...')
#3 E:\www\FAWE\system\View\View.php(246): include('E:\\www\\FAWE\\ap...')
#4 E:\www\FAWE\system\Common.php(1119): CodeIgniter\View\View->render('template/index', Array, true)
#5 E:\www\FAWE\app\Controllers\Planning\Project_me_plan.php(333): view('template/index', Array)
#6 E:\www\FAWE\system\CodeIgniter.php(918): App\Controllers\Planning\Project_me_plan->logframe('2')
#7 E:\www\FAWE\system\CodeIgniter.php(404): CodeIgniter\CodeIgniter->runController(Object(App\Controllers\Planning\Project_me_plan))
#8 E:\www\FAWE\system\CodeIgniter.php(312): CodeIgniter\CodeIgniter->handleRequest(NULL, Object(Config\Cache), false)
#9 E:\www\FAWE\index.php(45): CodeIgniter\CodeIgniter->run()
#10 {main}
CRITICAL - 2021-08-12 02:09:35 --> Call to undefined function get_by_any_id()
#0 E:\www\FAWE\system\View\View.php(246): include()
#1 E:\www\FAWE\system\Common.php(1119): CodeIgniter\View\View->render('office/planning...', Array, true)
#2 E:\www\FAWE\app\Views\template\index.php(14): view('office/planning...')
#3 E:\www\FAWE\system\View\View.php(246): include('E:\\www\\FAWE\\ap...')
#4 E:\www\FAWE\system\Common.php(1119): CodeIgniter\View\View->render('template/index', Array, true)
#5 E:\www\FAWE\app\Controllers\Planning\Project_me_plan.php(333): view('template/index', Array)
#6 E:\www\FAWE\system\CodeIgniter.php(918): App\Controllers\Planning\Project_me_plan->logframe('2')
#7 E:\www\FAWE\system\CodeIgniter.php(404): CodeIgniter\CodeIgniter->runController(Object(App\Controllers\Planning\Project_me_plan))
#8 E:\www\FAWE\system\CodeIgniter.php(312): CodeIgniter\CodeIgniter->handleRequest(NULL, Object(Config\Cache), false)
#9 E:\www\FAWE\index.php(45): CodeIgniter\CodeIgniter->run()
#10 {main}
CRITICAL - 2021-08-12 02:09:58 --> Call to undefined function get_by_id_any()
#0 E:\www\FAWE\system\View\View.php(246): include()
#1 E:\www\FAWE\system\Common.php(1119): CodeIgniter\View\View->render('office/planning...', Array, true)
#2 E:\www\FAWE\app\Views\template\index.php(14): view('office/planning...')
#3 E:\www\FAWE\system\View\View.php(246): include('E:\\www\\FAWE\\ap...')
#4 E:\www\FAWE\system\Common.php(1119): CodeIgniter\View\View->render('template/index', Array, true)
#5 E:\www\FAWE\app\Controllers\Planning\Project_me_plan.php(333): view('template/index', Array)
#6 E:\www\FAWE\system\CodeIgniter.php(918): App\Controllers\Planning\Project_me_plan->logframe('2')
#7 E:\www\FAWE\system\CodeIgniter.php(404): CodeIgniter\CodeIgniter->runController(Object(App\Controllers\Planning\Project_me_plan))
#8 E:\www\FAWE\system\CodeIgniter.php(312): CodeIgniter\CodeIgniter->handleRequest(NULL, Object(Config\Cache), false)
#9 E:\www\FAWE\index.php(45): CodeIgniter\CodeIgniter->run()
#10 {main}
CRITICAL - 2021-08-12 02:09:58 --> Call to undefined function get_by_id_any()
#0 E:\www\FAWE\system\View\View.php(246): include()
#1 E:\www\FAWE\system\Common.php(1119): CodeIgniter\View\View->render('office/planning...', Array, true)
#2 E:\www\FAWE\app\Views\template\index.php(14): view('office/planning...')
#3 E:\www\FAWE\system\View\View.php(246): include('E:\\www\\FAWE\\ap...')
#4 E:\www\FAWE\system\Common.php(1119): CodeIgniter\View\View->render('template/index', Array, true)
#5 E:\www\FAWE\app\Controllers\Planning\Project_me_plan.php(333): view('template/index', Array)
#6 E:\www\FAWE\system\CodeIgniter.php(918): App\Controllers\Planning\Project_me_plan->logframe('2')
#7 E:\www\FAWE\system\CodeIgniter.php(404): CodeIgniter\CodeIgniter->runController(Object(App\Controllers\Planning\Project_me_plan))
#8 E:\www\FAWE\system\CodeIgniter.php(312): CodeIgniter\CodeIgniter->handleRequest(NULL, Object(Config\Cache), false)
#9 E:\www\FAWE\index.php(45): CodeIgniter\CodeIgniter->run()
#10 {main}
CRITICAL - 2021-08-12 02:15:06 --> Undefined variable: query
#0 E:\www\FAWE\app\Views\office\planning\project_data\project_me_plan\logframe.php(184): CodeIgniter\Debug\Exceptions->errorHandler(8, 'Undefined varia...', 'E:\\www\\FAWE\\ap...', 184, Array)
#1 E:\www\FAWE\system\View\View.php(246): include('E:\\www\\FAWE\\ap...')
#2 E:\www\FAWE\system\Common.php(1119): CodeIgniter\View\View->render('office/planning...', Array, true)
#3 E:\www\FAWE\app\Views\template\index.php(14): view('office/planning...')
#4 E:\www\FAWE\system\View\View.php(246): include('E:\\www\\FAWE\\ap...')
#5 E:\www\FAWE\system\Common.php(1119): CodeIgniter\View\View->render('template/index', Array, true)
#6 E:\www\FAWE\app\Controllers\Planning\Project_me_plan.php(333): view('template/index', Array)
#7 E:\www\FAWE\system\CodeIgniter.php(918): App\Controllers\Planning\Project_me_plan->logframe('2')
#8 E:\www\FAWE\system\CodeIgniter.php(404): CodeIgniter\CodeIgniter->runController(Object(App\Controllers\Planning\Project_me_plan))
#9 E:\www\FAWE\system\CodeIgniter.php(312): CodeIgniter\CodeIgniter->handleRequest(NULL, Object(Config\Cache), false)
#10 E:\www\FAWE\index.php(45): CodeIgniter\CodeIgniter->run()
#11 {main}
CRITICAL - 2021-08-12 02:15:06 --> Undefined variable: query
#0 E:\www\FAWE\app\Views\office\planning\project_data\project_me_plan\logframe.php(184): CodeIgniter\Debug\Exceptions->errorHandler(8, 'Undefined varia...', 'E:\\www\\FAWE\\ap...', 184, Array)
#1 E:\www\FAWE\system\View\View.php(246): include('E:\\www\\FAWE\\ap...')
#2 E:\www\FAWE\system\Common.php(1119): CodeIgniter\View\View->render('office/planning...', Array, true)
#3 E:\www\FAWE\app\Views\template\index.php(14): view('office/planning...')
#4 E:\www\FAWE\system\View\View.php(246): include('E:\\www\\FAWE\\ap...')
#5 E:\www\FAWE\system\Common.php(1119): CodeIgniter\View\View->render('template/index', Array, true)
#6 E:\www\FAWE\app\Controllers\Planning\Project_me_plan.php(333): view('template/index', Array)
#7 E:\www\FAWE\system\CodeIgniter.php(918): App\Controllers\Planning\Project_me_plan->logframe('2')
#8 E:\www\FAWE\system\CodeIgniter.php(404): CodeIgniter\CodeIgniter->runController(Object(App\Controllers\Planning\Project_me_plan))
#9 E:\www\FAWE\system\CodeIgniter.php(312): CodeIgniter\CodeIgniter->handleRequest(NULL, Object(Config\Cache), false)
#10 E:\www\FAWE\index.php(45): CodeIgniter\CodeIgniter->run()
#11 {main}
CRITICAL - 2021-08-12 02:15:20 --> Trying to get property 'activity_name' of non-object
#0 E:\www\FAWE\app\Views\office\planning\project_data\project_me_plan\logframe.php(185): CodeIgniter\Debug\Exceptions->errorHandler(8, 'Trying to get p...', 'E:\\www\\FAWE\\ap...', 185, Array)
#1 E:\www\FAWE\system\View\View.php(246): include('E:\\www\\FAWE\\ap...')
#2 E:\www\FAWE\system\Common.php(1119): CodeIgniter\View\View->render('office/planning...', Array, true)
#3 E:\www\FAWE\app\Views\template\index.php(14): view('office/planning...')
#4 E:\www\FAWE\system\View\View.php(246): include('E:\\www\\FAWE\\ap...')
#5 E:\www\FAWE\system\Common.php(1119): CodeIgniter\View\View->render('template/index', Array, true)
#6 E:\www\FAWE\app\Controllers\Planning\Project_me_plan.php(333): view('template/index', Array)
#7 E:\www\FAWE\system\CodeIgniter.php(918): App\Controllers\Planning\Project_me_plan->logframe('2')
#8 E:\www\FAWE\system\CodeIgniter.php(404): CodeIgniter\CodeIgniter->runController(Object(App\Controllers\Planning\Project_me_plan))
#9 E:\www\FAWE\system\CodeIgniter.php(312): CodeIgniter\CodeIgniter->handleRequest(NULL, Object(Config\Cache), false)
#10 E:\www\FAWE\index.php(45): CodeIgniter\CodeIgniter->run()
#11 {main}
CRITICAL - 2021-08-12 02:15:20 --> Trying to get property 'activity_name' of non-object
#0 E:\www\FAWE\app\Views\office\planning\project_data\project_me_plan\logframe.php(185): CodeIgniter\Debug\Exceptions->errorHandler(8, 'Trying to get p...', 'E:\\www\\FAWE\\ap...', 185, Array)
#1 E:\www\FAWE\system\View\View.php(246): include('E:\\www\\FAWE\\ap...')
#2 E:\www\FAWE\system\Common.php(1119): CodeIgniter\View\View->render('office/planning...', Array, true)
#3 E:\www\FAWE\app\Views\template\index.php(14): view('office/planning...')
#4 E:\www\FAWE\system\View\View.php(246): include('E:\\www\\FAWE\\ap...')
#5 E:\www\FAWE\system\Common.php(1119): CodeIgniter\View\View->render('template/index', Array, true)
#6 E:\www\FAWE\app\Controllers\Planning\Project_me_plan.php(333): view('template/index', Array)
#7 E:\www\FAWE\system\CodeIgniter.php(918): App\Controllers\Planning\Project_me_plan->logframe('2')
#8 E:\www\FAWE\system\CodeIgniter.php(404): CodeIgniter\CodeIgniter->runController(Object(App\Controllers\Planning\Project_me_plan))
#9 E:\www\FAWE\system\CodeIgniter.php(312): CodeIgniter\CodeIgniter->handleRequest(NULL, Object(Config\Cache), false)
#10 E:\www\FAWE\index.php(45): CodeIgniter\CodeIgniter->run()
#11 {main}
CRITICAL - 2021-08-12 02:17:46 --> Trying to get property 'activity_name' of non-object
#0 E:\www\FAWE\app\Views\office\planning\project_data\project_me_plan\logframe.php(185): CodeIgniter\Debug\Exceptions->errorHandler(8, 'Trying to get p...', 'E:\\www\\FAWE\\ap...', 185, Array)
#1 E:\www\FAWE\system\View\View.php(246): include('E:\\www\\FAWE\\ap...')
#2 E:\www\FAWE\system\Common.php(1119): CodeIgniter\View\View->render('office/planning...', Array, true)
#3 E:\www\FAWE\app\Views\template\index.php(14): view('office/planning...')
#4 E:\www\FAWE\system\View\View.php(246): include('E:\\www\\FAWE\\ap...')
#5 E:\www\FAWE\system\Common.php(1119): CodeIgniter\View\View->render('template/index', Array, true)
#6 E:\www\FAWE\app\Controllers\Planning\Project_me_plan.php(333): view('template/index', Array)
#7 E:\www\FAWE\system\CodeIgniter.php(918): App\Controllers\Planning\Project_me_plan->logframe('2')
#8 E:\www\FAWE\system\CodeIgniter.php(404): CodeIgniter\CodeIgniter->runController(Object(App\Controllers\Planning\Project_me_plan))
#9 E:\www\FAWE\system\CodeIgniter.php(312): CodeIgniter\CodeIgniter->handleRequest(NULL, Object(Config\Cache), false)
#10 E:\www\FAWE\index.php(45): CodeIgniter\CodeIgniter->run()
#11 {main}
CRITICAL - 2021-08-12 02:17:46 --> Trying to get property 'activity_name' of non-object
#0 E:\www\FAWE\app\Views\office\planning\project_data\project_me_plan\logframe.php(185): CodeIgniter\Debug\Exceptions->errorHandler(8, 'Trying to get p...', 'E:\\www\\FAWE\\ap...', 185, Array)
#1 E:\www\FAWE\system\View\View.php(246): include('E:\\www\\FAWE\\ap...')
#2 E:\www\FAWE\system\Common.php(1119): CodeIgniter\View\View->render('office/planning...', Array, true)
#3 E:\www\FAWE\app\Views\template\index.php(14): view('office/planning...')
#4 E:\www\FAWE\system\View\View.php(246): include('E:\\www\\FAWE\\ap...')
#5 E:\www\FAWE\system\Common.php(1119): CodeIgniter\View\View->render('template/index', Array, true)
#6 E:\www\FAWE\app\Controllers\Planning\Project_me_plan.php(333): view('template/index', Array)
#7 E:\www\FAWE\system\CodeIgniter.php(918): App\Controllers\Planning\Project_me_plan->logframe('2')
#8 E:\www\FAWE\system\CodeIgniter.php(404): CodeIgniter\CodeIgniter->runController(Object(App\Controllers\Planning\Project_me_plan))
#9 E:\www\FAWE\system\CodeIgniter.php(312): CodeIgniter\CodeIgniter->handleRequest(NULL, Object(Config\Cache), false)
#10 E:\www\FAWE\index.php(45): CodeIgniter\CodeIgniter->run()
#11 {main}
CRITICAL - 2021-08-12 02:36:19 --> Use of undefined constant form_data - assumed 'form_data' (this will throw an Error in a future version of PHP)
#0 E:\www\FAWE\app\Views\office\planning\project_data\project_me_plan\edit_activity.php(121): CodeIgniter\Debug\Exceptions->errorHandler(2, 'Use of undefine...', 'E:\\www\\FAWE\\ap...', 121, Array)
#1 E:\www\FAWE\system\View\View.php(246): include('E:\\www\\FAWE\\ap...')
#2 E:\www\FAWE\system\Common.php(1119): CodeIgniter\View\View->render('office/planning...', Array, true)
#3 E:\www\FAWE\app\Views\template\index.php(14): view('office/planning...')
#4 E:\www\FAWE\system\View\View.php(246): include('E:\\www\\FAWE\\ap...')
#5 E:\www\FAWE\system\Common.php(1119): CodeIgniter\View\View->render('template/index', Array, true)
#6 E:\www\FAWE\app\Controllers\Planning\Project_me_plan.php(1674): view('template/index', Array)
#7 E:\www\FAWE\system\CodeIgniter.php(918): App\Controllers\Planning\Project_me_plan->edit_activity('2', '')
#8 E:\www\FAWE\system\CodeIgniter.php(404): CodeIgniter\CodeIgniter->runController(Object(App\Controllers\Planning\Project_me_plan))
#9 E:\www\FAWE\system\CodeIgniter.php(312): CodeIgniter\CodeIgniter->handleRequest(NULL, Object(Config\Cache), false)
#10 E:\www\FAWE\index.php(45): CodeIgniter\CodeIgniter->run()
#11 {main}
CRITICAL - 2021-08-12 02:36:19 --> Use of undefined constant form_data - assumed 'form_data' (this will throw an Error in a future version of PHP)
#0 E:\www\FAWE\app\Views\office\planning\project_data\project_me_plan\edit_activity.php(121): CodeIgniter\Debug\Exceptions->errorHandler(2, 'Use of undefine...', 'E:\\www\\FAWE\\ap...', 121, Array)
#1 E:\www\FAWE\system\View\View.php(246): include('E:\\www\\FAWE\\ap...')
#2 E:\www\FAWE\system\Common.php(1119): CodeIgniter\View\View->render('office/planning...', Array, true)
#3 E:\www\FAWE\app\Views\template\index.php(14): view('office/planning...')
#4 E:\www\FAWE\system\View\View.php(246): include('E:\\www\\FAWE\\ap...')
#5 E:\www\FAWE\system\Common.php(1119): CodeIgniter\View\View->render('template/index', Array, true)
#6 E:\www\FAWE\app\Controllers\Planning\Project_me_plan.php(1674): view('template/index', Array)
#7 E:\www\FAWE\system\CodeIgniter.php(918): App\Controllers\Planning\Project_me_plan->edit_activity('2', '')
#8 E:\www\FAWE\system\CodeIgniter.php(404): CodeIgniter\CodeIgniter->runController(Object(App\Controllers\Planning\Project_me_plan))
#9 E:\www\FAWE\system\CodeIgniter.php(312): CodeIgniter\CodeIgniter->handleRequest(NULL, Object(Config\Cache), false)
#10 E:\www\FAWE\index.php(45): CodeIgniter\CodeIgniter->run()
#11 {main}
CRITICAL - 2021-08-12 02:57:39 --> Undefined variable: db
#0 E:\www\FAWE\app\Views\office\planning\project_data\project_annual_plan\update_plan.php(84): CodeIgniter\Debug\Exceptions->errorHandler(8, 'Undefined varia...', 'E:\\www\\FAWE\\ap...', 84, Array)
#1 E:\www\FAWE\system\View\View.php(246): include('E:\\www\\FAWE\\ap...')
#2 E:\www\FAWE\system\Common.php(1119): CodeIgniter\View\View->render('office/planning...', Array, true)
#3 E:\www\FAWE\app\Views\template\index.php(14): view('office/planning...')
#4 E:\www\FAWE\system\View\View.php(246): include('E:\\www\\FAWE\\ap...')
#5 E:\www\FAWE\system\Common.php(1119): CodeIgniter\View\View->render('template/index', Array, true)
#6 E:\www\FAWE\app\Controllers\Planning\Project_annual_plan.php(435): view('template/index', Array)
#7 E:\www\FAWE\system\CodeIgniter.php(918): App\Controllers\Planning\Project_annual_plan->update_plan('12', '')
#8 E:\www\FAWE\system\CodeIgniter.php(404): CodeIgniter\CodeIgniter->runController(Object(App\Controllers\Planning\Project_annual_plan))
#9 E:\www\FAWE\system\CodeIgniter.php(312): CodeIgniter\CodeIgniter->handleRequest(NULL, Object(Config\Cache), false)
#10 E:\www\FAWE\index.php(45): CodeIgniter\CodeIgniter->run()
#11 {main}
CRITICAL - 2021-08-12 02:57:40 --> Undefined variable: db
#0 E:\www\FAWE\app\Views\office\planning\project_data\project_annual_plan\update_plan.php(84): CodeIgniter\Debug\Exceptions->errorHandler(8, 'Undefined varia...', 'E:\\www\\FAWE\\ap...', 84, Array)
#1 E:\www\FAWE\system\View\View.php(246): include('E:\\www\\FAWE\\ap...')
#2 E:\www\FAWE\system\Common.php(1119): CodeIgniter\View\View->render('office/planning...', Array, true)
#3 E:\www\FAWE\app\Views\template\index.php(14): view('office/planning...')
#4 E:\www\FAWE\system\View\View.php(246): include('E:\\www\\FAWE\\ap...')
#5 E:\www\FAWE\system\Common.php(1119): CodeIgniter\View\View->render('template/index', Array, true)
#6 E:\www\FAWE\app\Controllers\Planning\Project_annual_plan.php(435): view('template/index', Array)
#7 E:\www\FAWE\system\CodeIgniter.php(918): App\Controllers\Planning\Project_annual_plan->update_plan('12', '')
#8 E:\www\FAWE\system\CodeIgniter.php(404): CodeIgniter\CodeIgniter->runController(Object(App\Controllers\Planning\Project_annual_plan))
#9 E:\www\FAWE\system\CodeIgniter.php(312): CodeIgniter\CodeIgniter->handleRequest(NULL, Object(Config\Cache), false)
#10 E:\www\FAWE\index.php(45): CodeIgniter\CodeIgniter->run()
#11 {main}
