CRITICAL - 2021-06-17 23:20:49 --> Class 'App\Models\planning\Project_results_frameworkModel' not found
#0 E:\www\creaw\system\CodeIgniter.php(918): App\Controllers\Planning\Project_result_framework->index()
#1 E:\www\creaw\system\CodeIgniter.php(404): CodeIgniter\CodeIgniter->runController(Object(App\Controllers\Planning\Project_result_framework))
#2 E:\www\creaw\system\CodeIgniter.php(312): CodeIgniter\CodeIgniter->handleRequest(NULL, Object(Config\Cache), false)
#3 E:\www\creaw\index.php(45): CodeIgniter\CodeIgniter->run()
#4 {main}
CRITICAL - 2021-06-17 23:21:32 --> Class 'App\Models\planning\Project_results_frameworkModel' not found
#0 E:\www\creaw\system\CodeIgniter.php(918): App\Controllers\Planning\Project_result_framework->index()
#1 E:\www\creaw\system\CodeIgniter.php(404): CodeIgniter\CodeIgniter->runController(Object(App\Controllers\Planning\Project_result_framework))
#2 E:\www\creaw\system\CodeIgniter.php(312): CodeIgniter\CodeIgniter->handleRequest(NULL, Object(Config\Cache), false)
#3 E:\www\creaw\index.php(45): CodeIgniter\CodeIgniter->run()
#4 {main}
CRITICAL - 2021-06-17 23:40:05 --> Class 'App\Models\planning\Project_results_frameworkModel' not found
#0 E:\www\creaw\system\CodeIgniter.php(918): App\Controllers\Planning\Project_result_framework->index()
#1 E:\www\creaw\system\CodeIgniter.php(404): CodeIgniter\CodeIgniter->runController(Object(App\Controllers\Planning\Project_result_framework))
#2 E:\www\creaw\system\CodeIgniter.php(312): CodeIgniter\CodeIgniter->handleRequest(NULL, Object(Config\Cache), false)
#3 E:\www\creaw\index.php(45): CodeIgniter\CodeIgniter->run()
#4 {main}
CRITICAL - 2021-06-17 23:42:51 --> Class 'App\Models\project\Project_results_frameworkModel' not found
#0 E:\www\creaw\system\CodeIgniter.php(918): App\Controllers\Planning\Project_result_framework->index()
#1 E:\www\creaw\system\CodeIgniter.php(404): CodeIgniter\CodeIgniter->runController(Object(App\Controllers\Planning\Project_result_framework))
#2 E:\www\creaw\system\CodeIgniter.php(312): CodeIgniter\CodeIgniter->handleRequest(NULL, Object(Config\Cache), false)
#3 E:\www\creaw\index.php(45): CodeIgniter\CodeIgniter->run()
#4 {main}
CRITICAL - 2021-06-17 23:43:16 --> Invalid file: office/planning/projects/project_result_framework/list.php
#0 E:\www\creaw\system\View\View.php(228): CodeIgniter\Exceptions\FrameworkException::forInvalidFile('office/planning...')
#1 E:\www\creaw\system\Common.php(1119): CodeIgniter\View\View->render('office/planning...', Array, true)
#2 E:\www\creaw\app\Views\template\index.php(14): view('office/planning...')
#3 E:\www\creaw\system\View\View.php(246): include('E:\\www\\creaw\\ap...')
#4 E:\www\creaw\system\Common.php(1119): CodeIgniter\View\View->render('template/index', Array, true)
#5 E:\www\creaw\app\Controllers\Planning\Project_result_framework.php(69): view('template/index', Array)
#6 E:\www\creaw\system\CodeIgniter.php(918): App\Controllers\Planning\Project_result_framework->index()
#7 E:\www\creaw\system\CodeIgniter.php(404): CodeIgniter\CodeIgniter->runController(Object(App\Controllers\Planning\Project_result_framework))
#8 E:\www\creaw\system\CodeIgniter.php(312): CodeIgniter\CodeIgniter->handleRequest(NULL, Object(Config\Cache), false)
#9 E:\www\creaw\index.php(45): CodeIgniter\CodeIgniter->run()
#10 {main}
CRITICAL - 2021-06-17 23:56:47 --> Class 'App\Controllers\Planning\Project_results_frameworkModel' not found
#0 E:\www\creaw\system\CodeIgniter.php(918): App\Controllers\Planning\Project_me_plan->index()
#1 E:\www\creaw\system\CodeIgniter.php(404): CodeIgniter\CodeIgniter->runController(Object(App\Controllers\Planning\Project_me_plan))
#2 E:\www\creaw\system\CodeIgniter.php(312): CodeIgniter\CodeIgniter->handleRequest(NULL, Object(Config\Cache), false)
#3 E:\www\creaw\index.php(45): CodeIgniter\CodeIgniter->run()
#4 {main}
