CRITICAL - 2021-06-16 05:27:27 --> Table 'FAWE.mas_sector' doesn't exist
#0 E:\www\FAWE\system\Database\MySQLi\Connection.php(331): mysqli->query('select mas_sect...')
#1 E:\www\FAWE\system\Database\BaseConnection.php(741): CodeIgniter\Database\MySQLi\Connection->execute('select mas_sect...')
#2 E:\www\FAWE\system\Database\BaseConnection.php(669): CodeIgniter\Database\BaseConnection->simpleQuery('select mas_sect...')
#3 E:\www\FAWE\app\Views\office\dashboard\project_overview.php(266): CodeIgniter\Database\BaseConnection->query('select mas_sect...')
#4 E:\www\FAWE\system\View\View.php(246): include('E:\\www\\FAWE\\ap...')
#5 E:\www\FAWE\system\Common.php(1119): CodeIgniter\View\View->render('office/dashboar...', Array, true)
#6 E:\www\FAWE\app\Views\template\index.php(14): view('office/dashboar...')
#7 E:\www\FAWE\system\View\View.php(246): include('E:\\www\\FAWE\\ap...')
#8 E:\www\FAWE\system\Common.php(1119): CodeIgniter\View\View->render('template/index', Array, true)
#9 E:\www\FAWE\app\Controllers\Dashboard.php(155): view('template/index', Array)
#10 E:\www\FAWE\system\CodeIgniter.php(918): App\Controllers\Dashboard->project_overview()
#11 E:\www\FAWE\system\CodeIgniter.php(404): CodeIgniter\CodeIgniter->runController(Object(App\Controllers\Dashboard))
#12 E:\www\FAWE\system\CodeIgniter.php(312): CodeIgniter\CodeIgniter->handleRequest(NULL, Object(Config\Cache), false)
#13 E:\www\FAWE\index.php(45): CodeIgniter\CodeIgniter->run()
#14 {main}
CRITICAL - 2021-06-16 05:27:27 --> Table 'FAWE.mas_sector' doesn't exist
#0 E:\www\FAWE\system\Database\MySQLi\Connection.php(331): mysqli->query('select mas_sect...')
#1 E:\www\FAWE\system\Database\BaseConnection.php(741): CodeIgniter\Database\MySQLi\Connection->execute('select mas_sect...')
#2 E:\www\FAWE\system\Database\BaseConnection.php(669): CodeIgniter\Database\BaseConnection->simpleQuery('select mas_sect...')
#3 E:\www\FAWE\app\Views\office\dashboard\project_overview.php(266): CodeIgniter\Database\BaseConnection->query('select mas_sect...')
#4 E:\www\FAWE\system\View\View.php(246): include('E:\\www\\FAWE\\ap...')
#5 E:\www\FAWE\system\Common.php(1119): CodeIgniter\View\View->render('office/dashboar...', Array, true)
#6 E:\www\FAWE\app\Views\template\index.php(14): view('office/dashboar...')
#7 E:\www\FAWE\system\View\View.php(246): include('E:\\www\\FAWE\\ap...')
#8 E:\www\FAWE\system\Common.php(1119): CodeIgniter\View\View->render('template/index', Array, true)
#9 E:\www\FAWE\app\Controllers\Dashboard.php(155): view('template/index', Array)
#10 E:\www\FAWE\system\CodeIgniter.php(918): App\Controllers\Dashboard->project_overview()
#11 E:\www\FAWE\system\CodeIgniter.php(404): CodeIgniter\CodeIgniter->runController(Object(App\Controllers\Dashboard))
#12 E:\www\FAWE\system\CodeIgniter.php(312): CodeIgniter\CodeIgniter->handleRequest(NULL, Object(Config\Cache), false)
#13 E:\www\FAWE\index.php(45): CodeIgniter\CodeIgniter->run()
#14 {main}
CRITICAL - 2021-06-16 05:27:44 --> Table 'FAWE.mas_sector' doesn't exist
#0 E:\www\FAWE\system\Database\MySQLi\Connection.php(331): mysqli->query('select mas_sect...')
#1 E:\www\FAWE\system\Database\BaseConnection.php(741): CodeIgniter\Database\MySQLi\Connection->execute('select mas_sect...')
#2 E:\www\FAWE\system\Database\BaseConnection.php(669): CodeIgniter\Database\BaseConnection->simpleQuery('select mas_sect...')
#3 E:\www\FAWE\app\Views\office\dashboard\sector_performance.php(74): CodeIgniter\Database\BaseConnection->query('select mas_sect...')
#4 E:\www\FAWE\system\View\View.php(246): include('E:\\www\\FAWE\\ap...')
#5 E:\www\FAWE\system\Common.php(1119): CodeIgniter\View\View->render('office/dashboar...', Array, true)
#6 E:\www\FAWE\app\Views\template\index.php(14): view('office/dashboar...')
#7 E:\www\FAWE\system\View\View.php(246): include('E:\\www\\FAWE\\ap...')
#8 E:\www\FAWE\system\Common.php(1119): CodeIgniter\View\View->render('template/index', Array, true)
#9 E:\www\FAWE\app\Controllers\Dashboard.php(205): view('template/index', Array)
#10 E:\www\FAWE\system\CodeIgniter.php(918): App\Controllers\Dashboard->sector_performance()
#11 E:\www\FAWE\system\CodeIgniter.php(404): CodeIgniter\CodeIgniter->runController(Object(App\Controllers\Dashboard))
#12 E:\www\FAWE\system\CodeIgniter.php(312): CodeIgniter\CodeIgniter->handleRequest(NULL, Object(Config\Cache), false)
#13 E:\www\FAWE\index.php(45): CodeIgniter\CodeIgniter->run()
#14 {main}
CRITICAL - 2021-06-16 05:27:44 --> Table 'FAWE.mas_sector' doesn't exist
#0 E:\www\FAWE\system\Database\MySQLi\Connection.php(331): mysqli->query('select mas_sect...')
#1 E:\www\FAWE\system\Database\BaseConnection.php(741): CodeIgniter\Database\MySQLi\Connection->execute('select mas_sect...')
#2 E:\www\FAWE\system\Database\BaseConnection.php(669): CodeIgniter\Database\BaseConnection->simpleQuery('select mas_sect...')
#3 E:\www\FAWE\app\Views\office\dashboard\sector_performance.php(74): CodeIgniter\Database\BaseConnection->query('select mas_sect...')
#4 E:\www\FAWE\system\View\View.php(246): include('E:\\www\\FAWE\\ap...')
#5 E:\www\FAWE\system\Common.php(1119): CodeIgniter\View\View->render('office/dashboar...', Array, true)
#6 E:\www\FAWE\app\Views\template\index.php(14): view('office/dashboar...')
#7 E:\www\FAWE\system\View\View.php(246): include('E:\\www\\FAWE\\ap...')
#8 E:\www\FAWE\system\Common.php(1119): CodeIgniter\View\View->render('template/index', Array, true)
#9 E:\www\FAWE\app\Controllers\Dashboard.php(205): view('template/index', Array)
#10 E:\www\FAWE\system\CodeIgniter.php(918): App\Controllers\Dashboard->sector_performance()
#11 E:\www\FAWE\system\CodeIgniter.php(404): CodeIgniter\CodeIgniter->runController(Object(App\Controllers\Dashboard))
#12 E:\www\FAWE\system\CodeIgniter.php(312): CodeIgniter\CodeIgniter->handleRequest(NULL, Object(Config\Cache), false)
#13 E:\www\FAWE\index.php(45): CodeIgniter\CodeIgniter->run()
#14 {main}
CRITICAL - 2021-06-16 05:28:01 --> Table 'FAWE.mas_sector' doesn't exist
#0 E:\www\FAWE\system\Database\MySQLi\Connection.php(331): mysqli->query('select mas_sect...')
#1 E:\www\FAWE\system\Database\BaseConnection.php(741): CodeIgniter\Database\MySQLi\Connection->execute('select mas_sect...')
#2 E:\www\FAWE\system\Database\BaseConnection.php(669): CodeIgniter\Database\BaseConnection->simpleQuery('select mas_sect...')
#3 E:\www\FAWE\app\Views\office\dashboard\project_overview.php(266): CodeIgniter\Database\BaseConnection->query('select mas_sect...')
#4 E:\www\FAWE\system\View\View.php(246): include('E:\\www\\FAWE\\ap...')
#5 E:\www\FAWE\system\Common.php(1119): CodeIgniter\View\View->render('office/dashboar...', Array, true)
#6 E:\www\FAWE\app\Views\template\index.php(14): view('office/dashboar...')
#7 E:\www\FAWE\system\View\View.php(246): include('E:\\www\\FAWE\\ap...')
#8 E:\www\FAWE\system\Common.php(1119): CodeIgniter\View\View->render('template/index', Array, true)
#9 E:\www\FAWE\app\Controllers\Dashboard.php(155): view('template/index', Array)
#10 E:\www\FAWE\system\CodeIgniter.php(918): App\Controllers\Dashboard->project_overview()
#11 E:\www\FAWE\system\CodeIgniter.php(404): CodeIgniter\CodeIgniter->runController(Object(App\Controllers\Dashboard))
#12 E:\www\FAWE\system\CodeIgniter.php(312): CodeIgniter\CodeIgniter->handleRequest(NULL, Object(Config\Cache), false)
#13 E:\www\FAWE\index.php(45): CodeIgniter\CodeIgniter->run()
#14 {main}
CRITICAL - 2021-06-16 05:28:01 --> Table 'FAWE.mas_sector' doesn't exist
#0 E:\www\FAWE\system\Database\MySQLi\Connection.php(331): mysqli->query('select mas_sect...')
#1 E:\www\FAWE\system\Database\BaseConnection.php(741): CodeIgniter\Database\MySQLi\Connection->execute('select mas_sect...')
#2 E:\www\FAWE\system\Database\BaseConnection.php(669): CodeIgniter\Database\BaseConnection->simpleQuery('select mas_sect...')
#3 E:\www\FAWE\app\Views\office\dashboard\project_overview.php(266): CodeIgniter\Database\BaseConnection->query('select mas_sect...')
#4 E:\www\FAWE\system\View\View.php(246): include('E:\\www\\FAWE\\ap...')
#5 E:\www\FAWE\system\Common.php(1119): CodeIgniter\View\View->render('office/dashboar...', Array, true)
#6 E:\www\FAWE\app\Views\template\index.php(14): view('office/dashboar...')
#7 E:\www\FAWE\system\View\View.php(246): include('E:\\www\\FAWE\\ap...')
#8 E:\www\FAWE\system\Common.php(1119): CodeIgniter\View\View->render('template/index', Array, true)
#9 E:\www\FAWE\app\Controllers\Dashboard.php(155): view('template/index', Array)
#10 E:\www\FAWE\system\CodeIgniter.php(918): App\Controllers\Dashboard->project_overview()
#11 E:\www\FAWE\system\CodeIgniter.php(404): CodeIgniter\CodeIgniter->runController(Object(App\Controllers\Dashboard))
#12 E:\www\FAWE\system\CodeIgniter.php(312): CodeIgniter\CodeIgniter->handleRequest(NULL, Object(Config\Cache), false)
#13 E:\www\FAWE\index.php(45): CodeIgniter\CodeIgniter->run()
#14 {main}
CRITICAL - 2021-06-16 06:23:42 --> Return value of set_value() must be of the type string, array returned
#0 E:\www\FAWE\app\Views\office\planning\project_data\project\add.php(794): set_value('countries')
#1 E:\www\FAWE\system\View\View.php(246): include('E:\\www\\FAWE\\ap...')
#2 E:\www\FAWE\system\Common.php(1119): CodeIgniter\View\View->render('office/planning...', Array, true)
#3 E:\www\FAWE\app\Views\template\index.php(14): view('office/planning...')
#4 E:\www\FAWE\system\View\View.php(246): include('E:\\www\\FAWE\\ap...')
#5 E:\www\FAWE\system\Common.php(1119): CodeIgniter\View\View->render('template/index', Array, true)
#6 E:\www\FAWE\app\Controllers\Planning\Project.php(246): view('template/index', Array)
#7 E:\www\FAWE\system\CodeIgniter.php(918): App\Controllers\Planning\Project->add()
#8 E:\www\FAWE\system\CodeIgniter.php(404): CodeIgniter\CodeIgniter->runController(Object(App\Controllers\Planning\Project))
#9 E:\www\FAWE\system\CodeIgniter.php(312): CodeIgniter\CodeIgniter->handleRequest(NULL, Object(Config\Cache), false)
#10 E:\www\FAWE\index.php(45): CodeIgniter\CodeIgniter->run()
#11 {main}
CRITICAL - 2021-06-16 06:32:05 --> Return value of set_value() must be of the type string, array returned
#0 E:\www\FAWE\app\Views\office\planning\project_data\project\add.php(794): set_value('countries')
#1 E:\www\FAWE\system\View\View.php(246): include('E:\\www\\FAWE\\ap...')
#2 E:\www\FAWE\system\Common.php(1119): CodeIgniter\View\View->render('office/planning...', Array, true)
#3 E:\www\FAWE\app\Views\template\index.php(14): view('office/planning...')
#4 E:\www\FAWE\system\View\View.php(246): include('E:\\www\\FAWE\\ap...')
#5 E:\www\FAWE\system\Common.php(1119): CodeIgniter\View\View->render('template/index', Array, true)
#6 E:\www\FAWE\app\Controllers\Planning\Project.php(246): view('template/index', Array)
#7 E:\www\FAWE\system\CodeIgniter.php(918): App\Controllers\Planning\Project->add()
#8 E:\www\FAWE\system\CodeIgniter.php(404): CodeIgniter\CodeIgniter->runController(Object(App\Controllers\Planning\Project))
#9 E:\www\FAWE\system\CodeIgniter.php(312): CodeIgniter\CodeIgniter->handleRequest(NULL, Object(Config\Cache), false)
#10 E:\www\FAWE\index.php(45): CodeIgniter\CodeIgniter->run()
#11 {main}
CRITICAL - 2021-06-16 06:36:18 --> Undefined index: start_Date
#0 E:\www\FAWE\app\Views\office\planning\project_data\project\list.php(42): CodeIgniter\Debug\Exceptions->errorHandler(8, 'Undefined index...', 'E:\\www\\FAWE\\ap...', 42, Array)
#1 E:\www\FAWE\system\View\View.php(246): include('E:\\www\\FAWE\\ap...')
#2 E:\www\FAWE\system\Common.php(1119): CodeIgniter\View\View->render('office/planning...', Array, true)
#3 E:\www\FAWE\app\Views\template\index.php(14): view('office/planning...')
#4 E:\www\FAWE\system\View\View.php(246): include('E:\\www\\FAWE\\ap...')
#5 E:\www\FAWE\system\Common.php(1119): CodeIgniter\View\View->render('template/index', Array, true)
#6 E:\www\FAWE\app\Controllers\Planning\Project.php(68): view('template/index', Array)
#7 E:\www\FAWE\system\CodeIgniter.php(918): App\Controllers\Planning\Project->index()
#8 E:\www\FAWE\system\CodeIgniter.php(404): CodeIgniter\CodeIgniter->runController(Object(App\Controllers\Planning\Project))
#9 E:\www\FAWE\system\CodeIgniter.php(312): CodeIgniter\CodeIgniter->handleRequest(NULL, Object(Config\Cache), false)
#10 E:\www\FAWE\index.php(45): CodeIgniter\CodeIgniter->run()
#11 {main}
CRITICAL - 2021-06-16 06:36:18 --> Undefined index: start_Date
#0 E:\www\FAWE\app\Views\office\planning\project_data\project\list.php(42): CodeIgniter\Debug\Exceptions->errorHandler(8, 'Undefined index...', 'E:\\www\\FAWE\\ap...', 42, Array)
#1 E:\www\FAWE\system\View\View.php(246): include('E:\\www\\FAWE\\ap...')
#2 E:\www\FAWE\system\Common.php(1119): CodeIgniter\View\View->render('office/planning...', Array, true)
#3 E:\www\FAWE\app\Views\template\index.php(14): view('office/planning...')
#4 E:\www\FAWE\system\View\View.php(246): include('E:\\www\\FAWE\\ap...')
#5 E:\www\FAWE\system\Common.php(1119): CodeIgniter\View\View->render('template/index', Array, true)
#6 E:\www\FAWE\app\Controllers\Planning\Project.php(68): view('template/index', Array)
#7 E:\www\FAWE\system\CodeIgniter.php(918): App\Controllers\Planning\Project->index()
#8 E:\www\FAWE\system\CodeIgniter.php(404): CodeIgniter\CodeIgniter->runController(Object(App\Controllers\Planning\Project))
#9 E:\www\FAWE\system\CodeIgniter.php(312): CodeIgniter\CodeIgniter->handleRequest(NULL, Object(Config\Cache), false)
#10 E:\www\FAWE\index.php(45): CodeIgniter\CodeIgniter->run()
#11 {main}
CRITICAL - 2021-06-16 07:03:01 --> Undefined variable: db
#0 E:\www\FAWE\app\Views\office\planning\project_data\project\edit.php(106): CodeIgniter\Debug\Exceptions->errorHandler(8, 'Undefined varia...', 'E:\\www\\FAWE\\ap...', 106, Array)
#1 E:\www\FAWE\system\View\View.php(246): include('E:\\www\\FAWE\\ap...')
#2 E:\www\FAWE\system\Common.php(1119): CodeIgniter\View\View->render('office/planning...', Array, true)
#3 E:\www\FAWE\app\Views\template\index.php(14): view('office/planning...')
#4 E:\www\FAWE\system\View\View.php(246): include('E:\\www\\FAWE\\ap...')
#5 E:\www\FAWE\system\Common.php(1119): CodeIgniter\View\View->render('template/index', Array, true)
#6 E:\www\FAWE\app\Controllers\Planning\Project.php(484): view('template/index', Array)
#7 E:\www\FAWE\system\CodeIgniter.php(918): App\Controllers\Planning\Project->edit('7')
#8 E:\www\FAWE\system\CodeIgniter.php(404): CodeIgniter\CodeIgniter->runController(Object(App\Controllers\Planning\Project))
#9 E:\www\FAWE\system\CodeIgniter.php(312): CodeIgniter\CodeIgniter->handleRequest(NULL, Object(Config\Cache), false)
#10 E:\www\FAWE\index.php(45): CodeIgniter\CodeIgniter->run()
#11 {main}
CRITICAL - 2021-06-16 07:03:02 --> Undefined variable: db
#0 E:\www\FAWE\app\Views\office\planning\project_data\project\edit.php(106): CodeIgniter\Debug\Exceptions->errorHandler(8, 'Undefined varia...', 'E:\\www\\FAWE\\ap...', 106, Array)
#1 E:\www\FAWE\system\View\View.php(246): include('E:\\www\\FAWE\\ap...')
#2 E:\www\FAWE\system\Common.php(1119): CodeIgniter\View\View->render('office/planning...', Array, true)
#3 E:\www\FAWE\app\Views\template\index.php(14): view('office/planning...')
#4 E:\www\FAWE\system\View\View.php(246): include('E:\\www\\FAWE\\ap...')
#5 E:\www\FAWE\system\Common.php(1119): CodeIgniter\View\View->render('template/index', Array, true)
#6 E:\www\FAWE\app\Controllers\Planning\Project.php(484): view('template/index', Array)
#7 E:\www\FAWE\system\CodeIgniter.php(918): App\Controllers\Planning\Project->edit('7')
#8 E:\www\FAWE\system\CodeIgniter.php(404): CodeIgniter\CodeIgniter->runController(Object(App\Controllers\Planning\Project))
#9 E:\www\FAWE\system\CodeIgniter.php(312): CodeIgniter\CodeIgniter->handleRequest(NULL, Object(Config\Cache), false)
#10 E:\www\FAWE\index.php(45): CodeIgniter\CodeIgniter->run()
#11 {main}
CRITICAL - 2021-06-16 07:03:32 --> Undefined variable: db
#0 E:\www\FAWE\app\Views\office\planning\project_data\project\edit.php(106): CodeIgniter\Debug\Exceptions->errorHandler(8, 'Undefined varia...', 'E:\\www\\FAWE\\ap...', 106, Array)
#1 E:\www\FAWE\system\View\View.php(246): include('E:\\www\\FAWE\\ap...')
#2 E:\www\FAWE\system\Common.php(1119): CodeIgniter\View\View->render('office/planning...', Array, true)
#3 E:\www\FAWE\app\Views\template\index.php(14): view('office/planning...')
#4 E:\www\FAWE\system\View\View.php(246): include('E:\\www\\FAWE\\ap...')
#5 E:\www\FAWE\system\Common.php(1119): CodeIgniter\View\View->render('template/index', Array, true)
#6 E:\www\FAWE\app\Controllers\Planning\Project.php(484): view('template/index', Array)
#7 E:\www\FAWE\system\CodeIgniter.php(918): App\Controllers\Planning\Project->edit('7')
#8 E:\www\FAWE\system\CodeIgniter.php(404): CodeIgniter\CodeIgniter->runController(Object(App\Controllers\Planning\Project))
#9 E:\www\FAWE\system\CodeIgniter.php(312): CodeIgniter\CodeIgniter->handleRequest(NULL, Object(Config\Cache), false)
#10 E:\www\FAWE\index.php(45): CodeIgniter\CodeIgniter->run()
#11 {main}
CRITICAL - 2021-06-16 07:03:32 --> Undefined variable: db
#0 E:\www\FAWE\app\Views\office\planning\project_data\project\edit.php(106): CodeIgniter\Debug\Exceptions->errorHandler(8, 'Undefined varia...', 'E:\\www\\FAWE\\ap...', 106, Array)
#1 E:\www\FAWE\system\View\View.php(246): include('E:\\www\\FAWE\\ap...')
#2 E:\www\FAWE\system\Common.php(1119): CodeIgniter\View\View->render('office/planning...', Array, true)
#3 E:\www\FAWE\app\Views\template\index.php(14): view('office/planning...')
#4 E:\www\FAWE\system\View\View.php(246): include('E:\\www\\FAWE\\ap...')
#5 E:\www\FAWE\system\Common.php(1119): CodeIgniter\View\View->render('template/index', Array, true)
#6 E:\www\FAWE\app\Controllers\Planning\Project.php(484): view('template/index', Array)
#7 E:\www\FAWE\system\CodeIgniter.php(918): App\Controllers\Planning\Project->edit('7')
#8 E:\www\FAWE\system\CodeIgniter.php(404): CodeIgniter\CodeIgniter->runController(Object(App\Controllers\Planning\Project))
#9 E:\www\FAWE\system\CodeIgniter.php(312): CodeIgniter\CodeIgniter->handleRequest(NULL, Object(Config\Cache), false)
#10 E:\www\FAWE\index.php(45): CodeIgniter\CodeIgniter->run()
#11 {main}
CRITICAL - 2021-06-16 07:04:52 --> Undefined variable: db
#0 E:\www\FAWE\app\Views\office\planning\project_data\project\edit.php(112): CodeIgniter\Debug\Exceptions->errorHandler(8, 'Undefined varia...', 'E:\\www\\FAWE\\ap...', 112, Array)
#1 E:\www\FAWE\system\View\View.php(246): include('E:\\www\\FAWE\\ap...')
#2 E:\www\FAWE\system\Common.php(1119): CodeIgniter\View\View->render('office/planning...', Array, true)
#3 E:\www\FAWE\app\Views\template\index.php(14): view('office/planning...')
#4 E:\www\FAWE\system\View\View.php(246): include('E:\\www\\FAWE\\ap...')
#5 E:\www\FAWE\system\Common.php(1119): CodeIgniter\View\View->render('template/index', Array, true)
#6 E:\www\FAWE\app\Controllers\Planning\Project.php(484): view('template/index', Array)
#7 E:\www\FAWE\system\CodeIgniter.php(918): App\Controllers\Planning\Project->edit('7')
#8 E:\www\FAWE\system\CodeIgniter.php(404): CodeIgniter\CodeIgniter->runController(Object(App\Controllers\Planning\Project))
#9 E:\www\FAWE\system\CodeIgniter.php(312): CodeIgniter\CodeIgniter->handleRequest(NULL, Object(Config\Cache), false)
#10 E:\www\FAWE\index.php(45): CodeIgniter\CodeIgniter->run()
#11 {main}
CRITICAL - 2021-06-16 07:04:52 --> Undefined variable: db
#0 E:\www\FAWE\app\Views\office\planning\project_data\project\edit.php(112): CodeIgniter\Debug\Exceptions->errorHandler(8, 'Undefined varia...', 'E:\\www\\FAWE\\ap...', 112, Array)
#1 E:\www\FAWE\system\View\View.php(246): include('E:\\www\\FAWE\\ap...')
#2 E:\www\FAWE\system\Common.php(1119): CodeIgniter\View\View->render('office/planning...', Array, true)
#3 E:\www\FAWE\app\Views\template\index.php(14): view('office/planning...')
#4 E:\www\FAWE\system\View\View.php(246): include('E:\\www\\FAWE\\ap...')
#5 E:\www\FAWE\system\Common.php(1119): CodeIgniter\View\View->render('template/index', Array, true)
#6 E:\www\FAWE\app\Controllers\Planning\Project.php(484): view('template/index', Array)
#7 E:\www\FAWE\system\CodeIgniter.php(918): App\Controllers\Planning\Project->edit('7')
#8 E:\www\FAWE\system\CodeIgniter.php(404): CodeIgniter\CodeIgniter->runController(Object(App\Controllers\Planning\Project))
#9 E:\www\FAWE\system\CodeIgniter.php(312): CodeIgniter\CodeIgniter->handleRequest(NULL, Object(Config\Cache), false)
#10 E:\www\FAWE\index.php(45): CodeIgniter\CodeIgniter->run()
#11 {main}
CRITICAL - 2021-06-16 07:05:55 --> Undefined variable: db
#0 E:\www\FAWE\app\Views\office\planning\project_data\project\edit.php(118): CodeIgniter\Debug\Exceptions->errorHandler(8, 'Undefined varia...', 'E:\\www\\FAWE\\ap...', 118, Array)
#1 E:\www\FAWE\system\View\View.php(246): include('E:\\www\\FAWE\\ap...')
#2 E:\www\FAWE\system\Common.php(1119): CodeIgniter\View\View->render('office/planning...', Array, true)
#3 E:\www\FAWE\app\Views\template\index.php(14): view('office/planning...')
#4 E:\www\FAWE\system\View\View.php(246): include('E:\\www\\FAWE\\ap...')
#5 E:\www\FAWE\system\Common.php(1119): CodeIgniter\View\View->render('template/index', Array, true)
#6 E:\www\FAWE\app\Controllers\Planning\Project.php(484): view('template/index', Array)
#7 E:\www\FAWE\system\CodeIgniter.php(918): App\Controllers\Planning\Project->edit('7')
#8 E:\www\FAWE\system\CodeIgniter.php(404): CodeIgniter\CodeIgniter->runController(Object(App\Controllers\Planning\Project))
#9 E:\www\FAWE\system\CodeIgniter.php(312): CodeIgniter\CodeIgniter->handleRequest(NULL, Object(Config\Cache), false)
#10 E:\www\FAWE\index.php(45): CodeIgniter\CodeIgniter->run()
#11 {main}
CRITICAL - 2021-06-16 07:05:55 --> Undefined variable: db
#0 E:\www\FAWE\app\Views\office\planning\project_data\project\edit.php(118): CodeIgniter\Debug\Exceptions->errorHandler(8, 'Undefined varia...', 'E:\\www\\FAWE\\ap...', 118, Array)
#1 E:\www\FAWE\system\View\View.php(246): include('E:\\www\\FAWE\\ap...')
#2 E:\www\FAWE\system\Common.php(1119): CodeIgniter\View\View->render('office/planning...', Array, true)
#3 E:\www\FAWE\app\Views\template\index.php(14): view('office/planning...')
#4 E:\www\FAWE\system\View\View.php(246): include('E:\\www\\FAWE\\ap...')
#5 E:\www\FAWE\system\Common.php(1119): CodeIgniter\View\View->render('template/index', Array, true)
#6 E:\www\FAWE\app\Controllers\Planning\Project.php(484): view('template/index', Array)
#7 E:\www\FAWE\system\CodeIgniter.php(918): App\Controllers\Planning\Project->edit('7')
#8 E:\www\FAWE\system\CodeIgniter.php(404): CodeIgniter\CodeIgniter->runController(Object(App\Controllers\Planning\Project))
#9 E:\www\FAWE\system\CodeIgniter.php(312): CodeIgniter\CodeIgniter->handleRequest(NULL, Object(Config\Cache), false)
#10 E:\www\FAWE\index.php(45): CodeIgniter\CodeIgniter->run()
#11 {main}
CRITICAL - 2021-06-16 07:40:54 --> Unknown column 'region_id' in 'field list'
#0 E:\www\FAWE\system\Database\MySQLi\Connection.php(331): mysqli->query('SELECT region_i...')
#1 E:\www\FAWE\system\Database\BaseConnection.php(741): CodeIgniter\Database\MySQLi\Connection->execute('SELECT region_i...')
#2 E:\www\FAWE\system\Database\BaseConnection.php(669): CodeIgniter\Database\BaseConnection->simpleQuery('SELECT region_i...')
#3 E:\www\FAWE\app\Views\office\planning\project_data\project\edit.php(860): CodeIgniter\Database\BaseConnection->query('SELECT region_i...')
#4 E:\www\FAWE\system\View\View.php(246): include('E:\\www\\FAWE\\ap...')
#5 E:\www\FAWE\system\Common.php(1119): CodeIgniter\View\View->render('office/planning...', Array, true)
#6 E:\www\FAWE\app\Views\template\index.php(14): view('office/planning...')
#7 E:\www\FAWE\system\View\View.php(246): include('E:\\www\\FAWE\\ap...')
#8 E:\www\FAWE\system\Common.php(1119): CodeIgniter\View\View->render('template/index', Array, true)
#9 E:\www\FAWE\app\Controllers\Planning\Project.php(484): view('template/index', Array)
#10 E:\www\FAWE\system\CodeIgniter.php(918): App\Controllers\Planning\Project->edit('7')
#11 E:\www\FAWE\system\CodeIgniter.php(404): CodeIgniter\CodeIgniter->runController(Object(App\Controllers\Planning\Project))
#12 E:\www\FAWE\system\CodeIgniter.php(312): CodeIgniter\CodeIgniter->handleRequest(NULL, Object(Config\Cache), false)
#13 E:\www\FAWE\index.php(45): CodeIgniter\CodeIgniter->run()
#14 {main}
CRITICAL - 2021-06-16 07:40:55 --> Unknown column 'region_id' in 'field list'
#0 E:\www\FAWE\system\Database\MySQLi\Connection.php(331): mysqli->query('SELECT region_i...')
#1 E:\www\FAWE\system\Database\BaseConnection.php(741): CodeIgniter\Database\MySQLi\Connection->execute('SELECT region_i...')
#2 E:\www\FAWE\system\Database\BaseConnection.php(669): CodeIgniter\Database\BaseConnection->simpleQuery('SELECT region_i...')
#3 E:\www\FAWE\app\Views\office\planning\project_data\project\edit.php(860): CodeIgniter\Database\BaseConnection->query('SELECT region_i...')
#4 E:\www\FAWE\system\View\View.php(246): include('E:\\www\\FAWE\\ap...')
#5 E:\www\FAWE\system\Common.php(1119): CodeIgniter\View\View->render('office/planning...', Array, true)
#6 E:\www\FAWE\app\Views\template\index.php(14): view('office/planning...')
#7 E:\www\FAWE\system\View\View.php(246): include('E:\\www\\FAWE\\ap...')
#8 E:\www\FAWE\system\Common.php(1119): CodeIgniter\View\View->render('template/index', Array, true)
#9 E:\www\FAWE\app\Controllers\Planning\Project.php(484): view('template/index', Array)
#10 E:\www\FAWE\system\CodeIgniter.php(918): App\Controllers\Planning\Project->edit('7')
#11 E:\www\FAWE\system\CodeIgniter.php(404): CodeIgniter\CodeIgniter->runController(Object(App\Controllers\Planning\Project))
#12 E:\www\FAWE\system\CodeIgniter.php(312): CodeIgniter\CodeIgniter->handleRequest(NULL, Object(Config\Cache), false)
#13 E:\www\FAWE\index.php(45): CodeIgniter\CodeIgniter->run()
#14 {main}
CRITICAL - 2021-06-16 07:41:12 --> Cannot use object of type stdClass as array
#0 E:\www\FAWE\system\View\View.php(246): include()
#1 E:\www\FAWE\system\Common.php(1119): CodeIgniter\View\View->render('office/planning...', Array, true)
#2 E:\www\FAWE\app\Views\template\index.php(14): view('office/planning...')
#3 E:\www\FAWE\system\View\View.php(246): include('E:\\www\\FAWE\\ap...')
#4 E:\www\FAWE\system\Common.php(1119): CodeIgniter\View\View->render('template/index', Array, true)
#5 E:\www\FAWE\app\Controllers\Planning\Project.php(484): view('template/index', Array)
#6 E:\www\FAWE\system\CodeIgniter.php(918): App\Controllers\Planning\Project->edit('7')
#7 E:\www\FAWE\system\CodeIgniter.php(404): CodeIgniter\CodeIgniter->runController(Object(App\Controllers\Planning\Project))
#8 E:\www\FAWE\system\CodeIgniter.php(312): CodeIgniter\CodeIgniter->handleRequest(NULL, Object(Config\Cache), false)
#9 E:\www\FAWE\index.php(45): CodeIgniter\CodeIgniter->run()
#10 {main}
CRITICAL - 2021-06-16 07:41:12 --> Cannot use object of type stdClass as array
#0 E:\www\FAWE\system\View\View.php(246): include()
#1 E:\www\FAWE\system\Common.php(1119): CodeIgniter\View\View->render('office/planning...', Array, true)
#2 E:\www\FAWE\app\Views\template\index.php(14): view('office/planning...')
#3 E:\www\FAWE\system\View\View.php(246): include('E:\\www\\FAWE\\ap...')
#4 E:\www\FAWE\system\Common.php(1119): CodeIgniter\View\View->render('template/index', Array, true)
#5 E:\www\FAWE\app\Controllers\Planning\Project.php(484): view('template/index', Array)
#6 E:\www\FAWE\system\CodeIgniter.php(918): App\Controllers\Planning\Project->edit('7')
#7 E:\www\FAWE\system\CodeIgniter.php(404): CodeIgniter\CodeIgniter->runController(Object(App\Controllers\Planning\Project))
#8 E:\www\FAWE\system\CodeIgniter.php(312): CodeIgniter\CodeIgniter->handleRequest(NULL, Object(Config\Cache), false)
#9 E:\www\FAWE\index.php(45): CodeIgniter\CodeIgniter->run()
#10 {main}
CRITICAL - 2021-06-16 07:41:44 --> Cannot use object of type stdClass as array
#0 E:\www\FAWE\system\View\View.php(246): include()
#1 E:\www\FAWE\system\Common.php(1119): CodeIgniter\View\View->render('office/planning...', Array, true)
#2 E:\www\FAWE\app\Views\template\index.php(14): view('office/planning...')
#3 E:\www\FAWE\system\View\View.php(246): include('E:\\www\\FAWE\\ap...')
#4 E:\www\FAWE\system\Common.php(1119): CodeIgniter\View\View->render('template/index', Array, true)
#5 E:\www\FAWE\app\Controllers\Planning\Project.php(484): view('template/index', Array)
#6 E:\www\FAWE\system\CodeIgniter.php(918): App\Controllers\Planning\Project->edit('7')
#7 E:\www\FAWE\system\CodeIgniter.php(404): CodeIgniter\CodeIgniter->runController(Object(App\Controllers\Planning\Project))
#8 E:\www\FAWE\system\CodeIgniter.php(312): CodeIgniter\CodeIgniter->handleRequest(NULL, Object(Config\Cache), false)
#9 E:\www\FAWE\index.php(45): CodeIgniter\CodeIgniter->run()
#10 {main}
CRITICAL - 2021-06-16 07:41:44 --> Cannot use object of type stdClass as array
#0 E:\www\FAWE\system\View\View.php(246): include()
#1 E:\www\FAWE\system\Common.php(1119): CodeIgniter\View\View->render('office/planning...', Array, true)
#2 E:\www\FAWE\app\Views\template\index.php(14): view('office/planning...')
#3 E:\www\FAWE\system\View\View.php(246): include('E:\\www\\FAWE\\ap...')
#4 E:\www\FAWE\system\Common.php(1119): CodeIgniter\View\View->render('template/index', Array, true)
#5 E:\www\FAWE\app\Controllers\Planning\Project.php(484): view('template/index', Array)
#6 E:\www\FAWE\system\CodeIgniter.php(918): App\Controllers\Planning\Project->edit('7')
#7 E:\www\FAWE\system\CodeIgniter.php(404): CodeIgniter\CodeIgniter->runController(Object(App\Controllers\Planning\Project))
#8 E:\www\FAWE\system\CodeIgniter.php(312): CodeIgniter\CodeIgniter->handleRequest(NULL, Object(Config\Cache), false)
#9 E:\www\FAWE\index.php(45): CodeIgniter\CodeIgniter->run()
#10 {main}
CRITICAL - 2021-06-16 08:11:26 --> Undefined variable: p_id
#0 E:\www\FAWE\app\Controllers\Planning\Project.php(451): CodeIgniter\Debug\Exceptions->errorHandler(8, 'Undefined varia...', 'E:\\www\\FAWE\\ap...', 451, Array)
#1 E:\www\FAWE\system\CodeIgniter.php(918): App\Controllers\Planning\Project->edit('7')
#2 E:\www\FAWE\system\CodeIgniter.php(404): CodeIgniter\CodeIgniter->runController(Object(App\Controllers\Planning\Project))
#3 E:\www\FAWE\system\CodeIgniter.php(312): CodeIgniter\CodeIgniter->handleRequest(NULL, Object(Config\Cache), false)
#4 E:\www\FAWE\index.php(45): CodeIgniter\CodeIgniter->run()
#5 {main}
CRITICAL - 2021-06-16 08:15:02 --> Trying to get property 'name' of non-object
#0 E:\www\FAWE\app\Views\office\planning\project_data\project\view.php(137): CodeIgniter\Debug\Exceptions->errorHandler(8, 'Trying to get p...', 'E:\\www\\FAWE\\ap...', 137, Array)
#1 E:\www\FAWE\system\View\View.php(246): include('E:\\www\\FAWE\\ap...')
#2 E:\www\FAWE\system\Common.php(1119): CodeIgniter\View\View->render('office/planning...', Array, true)
#3 E:\www\FAWE\app\Views\template\index.php(14): view('office/planning...')
#4 E:\www\FAWE\system\View\View.php(246): include('E:\\www\\FAWE\\ap...')
#5 E:\www\FAWE\system\Common.php(1119): CodeIgniter\View\View->render('template/index', Array, true)
#6 E:\www\FAWE\app\Controllers\Planning\Project.php(293): view('template/index', Array)
#7 E:\www\FAWE\system\CodeIgniter.php(918): App\Controllers\Planning\Project->view('7')
#8 E:\www\FAWE\system\CodeIgniter.php(404): CodeIgniter\CodeIgniter->runController(Object(App\Controllers\Planning\Project))
#9 E:\www\FAWE\system\CodeIgniter.php(312): CodeIgniter\CodeIgniter->handleRequest(NULL, Object(Config\Cache), false)
#10 E:\www\FAWE\index.php(45): CodeIgniter\CodeIgniter->run()
#11 {main}
CRITICAL - 2021-06-16 08:15:02 --> Trying to get property 'name' of non-object
#0 E:\www\FAWE\app\Views\office\planning\project_data\project\view.php(137): CodeIgniter\Debug\Exceptions->errorHandler(8, 'Trying to get p...', 'E:\\www\\FAWE\\ap...', 137, Array)
#1 E:\www\FAWE\system\View\View.php(246): include('E:\\www\\FAWE\\ap...')
#2 E:\www\FAWE\system\Common.php(1119): CodeIgniter\View\View->render('office/planning...', Array, true)
#3 E:\www\FAWE\app\Views\template\index.php(14): view('office/planning...')
#4 E:\www\FAWE\system\View\View.php(246): include('E:\\www\\FAWE\\ap...')
#5 E:\www\FAWE\system\Common.php(1119): CodeIgniter\View\View->render('template/index', Array, true)
#6 E:\www\FAWE\app\Controllers\Planning\Project.php(293): view('template/index', Array)
#7 E:\www\FAWE\system\CodeIgniter.php(918): App\Controllers\Planning\Project->view('7')
#8 E:\www\FAWE\system\CodeIgniter.php(404): CodeIgniter\CodeIgniter->runController(Object(App\Controllers\Planning\Project))
#9 E:\www\FAWE\system\CodeIgniter.php(312): CodeIgniter\CodeIgniter->handleRequest(NULL, Object(Config\Cache), false)
#10 E:\www\FAWE\index.php(45): CodeIgniter\CodeIgniter->run()
#11 {main}
CRITICAL - 2021-06-16 08:16:05 --> Trying to get property 'name' of non-object
#0 E:\www\FAWE\app\Views\office\planning\project_data\project\view.php(96): CodeIgniter\Debug\Exceptions->errorHandler(8, 'Trying to get p...', 'E:\\www\\FAWE\\ap...', 96, Array)
#1 E:\www\FAWE\system\View\View.php(246): include('E:\\www\\FAWE\\ap...')
#2 E:\www\FAWE\system\Common.php(1119): CodeIgniter\View\View->render('office/planning...', Array, true)
#3 E:\www\FAWE\app\Views\template\index.php(14): view('office/planning...')
#4 E:\www\FAWE\system\View\View.php(246): include('E:\\www\\FAWE\\ap...')
#5 E:\www\FAWE\system\Common.php(1119): CodeIgniter\View\View->render('template/index', Array, true)
#6 E:\www\FAWE\app\Controllers\Planning\Project.php(293): view('template/index', Array)
#7 E:\www\FAWE\system\CodeIgniter.php(918): App\Controllers\Planning\Project->view('7')
#8 E:\www\FAWE\system\CodeIgniter.php(404): CodeIgniter\CodeIgniter->runController(Object(App\Controllers\Planning\Project))
#9 E:\www\FAWE\system\CodeIgniter.php(312): CodeIgniter\CodeIgniter->handleRequest(NULL, Object(Config\Cache), false)
#10 E:\www\FAWE\index.php(45): CodeIgniter\CodeIgniter->run()
#11 {main}
CRITICAL - 2021-06-16 08:16:05 --> Trying to get property 'name' of non-object
#0 E:\www\FAWE\app\Views\office\planning\project_data\project\view.php(96): CodeIgniter\Debug\Exceptions->errorHandler(8, 'Trying to get p...', 'E:\\www\\FAWE\\ap...', 96, Array)
#1 E:\www\FAWE\system\View\View.php(246): include('E:\\www\\FAWE\\ap...')
#2 E:\www\FAWE\system\Common.php(1119): CodeIgniter\View\View->render('office/planning...', Array, true)
#3 E:\www\FAWE\app\Views\template\index.php(14): view('office/planning...')
#4 E:\www\FAWE\system\View\View.php(246): include('E:\\www\\FAWE\\ap...')
#5 E:\www\FAWE\system\Common.php(1119): CodeIgniter\View\View->render('template/index', Array, true)
#6 E:\www\FAWE\app\Controllers\Planning\Project.php(293): view('template/index', Array)
#7 E:\www\FAWE\system\CodeIgniter.php(918): App\Controllers\Planning\Project->view('7')
#8 E:\www\FAWE\system\CodeIgniter.php(404): CodeIgniter\CodeIgniter->runController(Object(App\Controllers\Planning\Project))
#9 E:\www\FAWE\system\CodeIgniter.php(312): CodeIgniter\CodeIgniter->handleRequest(NULL, Object(Config\Cache), false)
#10 E:\www\FAWE\index.php(45): CodeIgniter\CodeIgniter->run()
#11 {main}
CRITICAL - 2021-06-16 08:18:32 --> Trying to get property 'name' of non-object
#0 E:\www\FAWE\app\Views\office\planning\project_data\project\view.php(87): CodeIgniter\Debug\Exceptions->errorHandler(8, 'Trying to get p...', 'E:\\www\\FAWE\\ap...', 87, Array)
#1 E:\www\FAWE\system\View\View.php(246): include('E:\\www\\FAWE\\ap...')
#2 E:\www\FAWE\system\Common.php(1119): CodeIgniter\View\View->render('office/planning...', Array, true)
#3 E:\www\FAWE\app\Views\template\index.php(14): view('office/planning...')
#4 E:\www\FAWE\system\View\View.php(246): include('E:\\www\\FAWE\\ap...')
#5 E:\www\FAWE\system\Common.php(1119): CodeIgniter\View\View->render('template/index', Array, true)
#6 E:\www\FAWE\app\Controllers\Planning\Project.php(293): view('template/index', Array)
#7 E:\www\FAWE\system\CodeIgniter.php(918): App\Controllers\Planning\Project->view('7')
#8 E:\www\FAWE\system\CodeIgniter.php(404): CodeIgniter\CodeIgniter->runController(Object(App\Controllers\Planning\Project))
#9 E:\www\FAWE\system\CodeIgniter.php(312): CodeIgniter\CodeIgniter->handleRequest(NULL, Object(Config\Cache), false)
#10 E:\www\FAWE\index.php(45): CodeIgniter\CodeIgniter->run()
#11 {main}
CRITICAL - 2021-06-16 08:18:33 --> Trying to get property 'name' of non-object
#0 E:\www\FAWE\app\Views\office\planning\project_data\project\view.php(87): CodeIgniter\Debug\Exceptions->errorHandler(8, 'Trying to get p...', 'E:\\www\\FAWE\\ap...', 87, Array)
#1 E:\www\FAWE\system\View\View.php(246): include('E:\\www\\FAWE\\ap...')
#2 E:\www\FAWE\system\Common.php(1119): CodeIgniter\View\View->render('office/planning...', Array, true)
#3 E:\www\FAWE\app\Views\template\index.php(14): view('office/planning...')
#4 E:\www\FAWE\system\View\View.php(246): include('E:\\www\\FAWE\\ap...')
#5 E:\www\FAWE\system\Common.php(1119): CodeIgniter\View\View->render('template/index', Array, true)
#6 E:\www\FAWE\app\Controllers\Planning\Project.php(293): view('template/index', Array)
#7 E:\www\FAWE\system\CodeIgniter.php(918): App\Controllers\Planning\Project->view('7')
#8 E:\www\FAWE\system\CodeIgniter.php(404): CodeIgniter\CodeIgniter->runController(Object(App\Controllers\Planning\Project))
#9 E:\www\FAWE\system\CodeIgniter.php(312): CodeIgniter\CodeIgniter->handleRequest(NULL, Object(Config\Cache), false)
#10 E:\www\FAWE\index.php(45): CodeIgniter\CodeIgniter->run()
#11 {main}
CRITICAL - 2021-06-16 08:19:37 --> Undefined variable: record
#0 E:\www\FAWE\app\Views\office\planning\project_data\project\view.php(85): CodeIgniter\Debug\Exceptions->errorHandler(8, 'Undefined varia...', 'E:\\www\\FAWE\\ap...', 85, Array)
#1 E:\www\FAWE\system\View\View.php(246): include('E:\\www\\FAWE\\ap...')
#2 E:\www\FAWE\system\Common.php(1119): CodeIgniter\View\View->render('office/planning...', Array, true)
#3 E:\www\FAWE\app\Views\template\index.php(14): view('office/planning...')
#4 E:\www\FAWE\system\View\View.php(246): include('E:\\www\\FAWE\\ap...')
#5 E:\www\FAWE\system\Common.php(1119): CodeIgniter\View\View->render('template/index', Array, true)
#6 E:\www\FAWE\app\Controllers\Planning\Project.php(293): view('template/index', Array)
#7 E:\www\FAWE\system\CodeIgniter.php(918): App\Controllers\Planning\Project->view('7')
#8 E:\www\FAWE\system\CodeIgniter.php(404): CodeIgniter\CodeIgniter->runController(Object(App\Controllers\Planning\Project))
#9 E:\www\FAWE\system\CodeIgniter.php(312): CodeIgniter\CodeIgniter->handleRequest(NULL, Object(Config\Cache), false)
#10 E:\www\FAWE\index.php(45): CodeIgniter\CodeIgniter->run()
#11 {main}
CRITICAL - 2021-06-16 08:19:37 --> Undefined variable: record
#0 E:\www\FAWE\app\Views\office\planning\project_data\project\view.php(85): CodeIgniter\Debug\Exceptions->errorHandler(8, 'Undefined varia...', 'E:\\www\\FAWE\\ap...', 85, Array)
#1 E:\www\FAWE\system\View\View.php(246): include('E:\\www\\FAWE\\ap...')
#2 E:\www\FAWE\system\Common.php(1119): CodeIgniter\View\View->render('office/planning...', Array, true)
#3 E:\www\FAWE\app\Views\template\index.php(14): view('office/planning...')
#4 E:\www\FAWE\system\View\View.php(246): include('E:\\www\\FAWE\\ap...')
#5 E:\www\FAWE\system\Common.php(1119): CodeIgniter\View\View->render('template/index', Array, true)
#6 E:\www\FAWE\app\Controllers\Planning\Project.php(293): view('template/index', Array)
#7 E:\www\FAWE\system\CodeIgniter.php(918): App\Controllers\Planning\Project->view('7')
#8 E:\www\FAWE\system\CodeIgniter.php(404): CodeIgniter\CodeIgniter->runController(Object(App\Controllers\Planning\Project))
#9 E:\www\FAWE\system\CodeIgniter.php(312): CodeIgniter\CodeIgniter->handleRequest(NULL, Object(Config\Cache), false)
#10 E:\www\FAWE\index.php(45): CodeIgniter\CodeIgniter->run()
#11 {main}
CRITICAL - 2021-06-16 08:19:55 --> Undefined variable: record
#0 E:\www\FAWE\app\Views\office\planning\project_data\project\view.php(73): CodeIgniter\Debug\Exceptions->errorHandler(8, 'Undefined varia...', 'E:\\www\\FAWE\\ap...', 73, Array)
#1 E:\www\FAWE\system\View\View.php(246): include('E:\\www\\FAWE\\ap...')
#2 E:\www\FAWE\system\Common.php(1119): CodeIgniter\View\View->render('office/planning...', Array, true)
#3 E:\www\FAWE\app\Views\template\index.php(14): view('office/planning...')
#4 E:\www\FAWE\system\View\View.php(246): include('E:\\www\\FAWE\\ap...')
#5 E:\www\FAWE\system\Common.php(1119): CodeIgniter\View\View->render('template/index', Array, true)
#6 E:\www\FAWE\app\Controllers\Planning\Project.php(293): view('template/index', Array)
#7 E:\www\FAWE\system\CodeIgniter.php(918): App\Controllers\Planning\Project->view('7')
#8 E:\www\FAWE\system\CodeIgniter.php(404): CodeIgniter\CodeIgniter->runController(Object(App\Controllers\Planning\Project))
#9 E:\www\FAWE\system\CodeIgniter.php(312): CodeIgniter\CodeIgniter->handleRequest(NULL, Object(Config\Cache), false)
#10 E:\www\FAWE\index.php(45): CodeIgniter\CodeIgniter->run()
#11 {main}
CRITICAL - 2021-06-16 08:19:55 --> Undefined variable: record
#0 E:\www\FAWE\app\Views\office\planning\project_data\project\view.php(73): CodeIgniter\Debug\Exceptions->errorHandler(8, 'Undefined varia...', 'E:\\www\\FAWE\\ap...', 73, Array)
#1 E:\www\FAWE\system\View\View.php(246): include('E:\\www\\FAWE\\ap...')
#2 E:\www\FAWE\system\Common.php(1119): CodeIgniter\View\View->render('office/planning...', Array, true)
#3 E:\www\FAWE\app\Views\template\index.php(14): view('office/planning...')
#4 E:\www\FAWE\system\View\View.php(246): include('E:\\www\\FAWE\\ap...')
#5 E:\www\FAWE\system\Common.php(1119): CodeIgniter\View\View->render('template/index', Array, true)
#6 E:\www\FAWE\app\Controllers\Planning\Project.php(293): view('template/index', Array)
#7 E:\www\FAWE\system\CodeIgniter.php(918): App\Controllers\Planning\Project->view('7')
#8 E:\www\FAWE\system\CodeIgniter.php(404): CodeIgniter\CodeIgniter->runController(Object(App\Controllers\Planning\Project))
#9 E:\www\FAWE\system\CodeIgniter.php(312): CodeIgniter\CodeIgniter->handleRequest(NULL, Object(Config\Cache), false)
#10 E:\www\FAWE\index.php(45): CodeIgniter\CodeIgniter->run()
#11 {main}
CRITICAL - 2021-06-16 08:26:16 --> Unknown column 'region' in 'field list'
#0 E:\www\FAWE\system\Database\MySQLi\Connection.php(331): mysqli->query('select region F...')
#1 E:\www\FAWE\system\Database\BaseConnection.php(741): CodeIgniter\Database\MySQLi\Connection->execute('select region F...')
#2 E:\www\FAWE\system\Database\BaseConnection.php(669): CodeIgniter\Database\BaseConnection->simpleQuery('select region F...')
#3 E:\www\FAWE\app\Views\office\planning\project_data\project\view.php(86): CodeIgniter\Database\BaseConnection->query('select region F...')
#4 E:\www\FAWE\system\View\View.php(246): include('E:\\www\\FAWE\\ap...')
#5 E:\www\FAWE\system\Common.php(1119): CodeIgniter\View\View->render('office/planning...', Array, true)
#6 E:\www\FAWE\app\Views\template\index.php(14): view('office/planning...')
#7 E:\www\FAWE\system\View\View.php(246): include('E:\\www\\FAWE\\ap...')
#8 E:\www\FAWE\system\Common.php(1119): CodeIgniter\View\View->render('template/index', Array, true)
#9 E:\www\FAWE\app\Controllers\Planning\Project.php(293): view('template/index', Array)
#10 E:\www\FAWE\system\CodeIgniter.php(918): App\Controllers\Planning\Project->view('7')
#11 E:\www\FAWE\system\CodeIgniter.php(404): CodeIgniter\CodeIgniter->runController(Object(App\Controllers\Planning\Project))
#12 E:\www\FAWE\system\CodeIgniter.php(312): CodeIgniter\CodeIgniter->handleRequest(NULL, Object(Config\Cache), false)
#13 E:\www\FAWE\index.php(45): CodeIgniter\CodeIgniter->run()
#14 {main}
CRITICAL - 2021-06-16 08:26:16 --> Unknown column 'region' in 'field list'
#0 E:\www\FAWE\system\Database\MySQLi\Connection.php(331): mysqli->query('select region F...')
#1 E:\www\FAWE\system\Database\BaseConnection.php(741): CodeIgniter\Database\MySQLi\Connection->execute('select region F...')
#2 E:\www\FAWE\system\Database\BaseConnection.php(669): CodeIgniter\Database\BaseConnection->simpleQuery('select region F...')
#3 E:\www\FAWE\app\Views\office\planning\project_data\project\view.php(86): CodeIgniter\Database\BaseConnection->query('select region F...')
#4 E:\www\FAWE\system\View\View.php(246): include('E:\\www\\FAWE\\ap...')
#5 E:\www\FAWE\system\Common.php(1119): CodeIgniter\View\View->render('office/planning...', Array, true)
#6 E:\www\FAWE\app\Views\template\index.php(14): view('office/planning...')
#7 E:\www\FAWE\system\View\View.php(246): include('E:\\www\\FAWE\\ap...')
#8 E:\www\FAWE\system\Common.php(1119): CodeIgniter\View\View->render('template/index', Array, true)
#9 E:\www\FAWE\app\Controllers\Planning\Project.php(293): view('template/index', Array)
#10 E:\www\FAWE\system\CodeIgniter.php(918): App\Controllers\Planning\Project->view('7')
#11 E:\www\FAWE\system\CodeIgniter.php(404): CodeIgniter\CodeIgniter->runController(Object(App\Controllers\Planning\Project))
#12 E:\www\FAWE\system\CodeIgniter.php(312): CodeIgniter\CodeIgniter->handleRequest(NULL, Object(Config\Cache), false)
#13 E:\www\FAWE\index.php(45): CodeIgniter\CodeIgniter->run()
#14 {main}
