CRITICAL - 2021-01-21 00:01:10 --> Undefined property: CodeIgniter\View\View::$uri
#0 G:\xampp\htdocs\UBS\pime_somali\app\Views\template\leftpanel.php(49): CodeIgniter\Debug\Exceptions->errorHandler(8, 'Undefined prope...', 'G:\\xampp\\htdocs...', 49, Array)
#1 G:\xampp\htdocs\UBS\pime_somali\system\View\View.php(246): include('G:\\xampp\\htdocs...')
#2 G:\xampp\htdocs\UBS\pime_somali\system\Common.php(1119): CodeIgniter\View\View->render('template/leftpa...', Array, true)
#3 G:\xampp\htdocs\UBS\pime_somali\app\Views\template\index.php(6): view('template/leftpa...')
#4 G:\xampp\htdocs\UBS\pime_somali\system\View\View.php(246): include('G:\\xampp\\htdocs...')
#5 G:\xampp\htdocs\UBS\pime_somali\system\Common.php(1119): CodeIgniter\View\View->render('template/index', Array, true)
#6 G:\xampp\htdocs\UBS\pime_somali\app\Controllers\Home.php(68): view('template/index', Array)
#7 G:\xampp\htdocs\UBS\pime_somali\system\CodeIgniter.php(918): App\Controllers\Home->index()
#8 G:\xampp\htdocs\UBS\pime_somali\system\CodeIgniter.php(404): CodeIgniter\CodeIgniter->runController(Object(App\Controllers\Home))
#9 G:\xampp\htdocs\UBS\pime_somali\system\CodeIgniter.php(312): CodeIgniter\CodeIgniter->handleRequest(NULL, Object(Config\Cache), false)
#10 G:\xampp\htdocs\UBS\pime_somali\index.php(45): CodeIgniter\CodeIgniter->run()
#11 {main}
CRITICAL - 2021-01-21 00:01:11 --> Undefined property: CodeIgniter\View\View::$uri
#0 G:\xampp\htdocs\UBS\pime_somali\app\Views\template\leftpanel.php(49): CodeIgniter\Debug\Exceptions->errorHandler(8, 'Undefined prope...', 'G:\\xampp\\htdocs...', 49, Array)
#1 G:\xampp\htdocs\UBS\pime_somali\system\View\View.php(246): include('G:\\xampp\\htdocs...')
#2 G:\xampp\htdocs\UBS\pime_somali\system\Common.php(1119): CodeIgniter\View\View->render('template/leftpa...', Array, true)
#3 G:\xampp\htdocs\UBS\pime_somali\app\Views\template\index.php(6): view('template/leftpa...')
#4 G:\xampp\htdocs\UBS\pime_somali\system\View\View.php(246): include('G:\\xampp\\htdocs...')
#5 G:\xampp\htdocs\UBS\pime_somali\system\Common.php(1119): CodeIgniter\View\View->render('template/index', Array, true)
#6 G:\xampp\htdocs\UBS\pime_somali\app\Controllers\Home.php(68): view('template/index', Array)
#7 G:\xampp\htdocs\UBS\pime_somali\system\CodeIgniter.php(918): App\Controllers\Home->index()
#8 G:\xampp\htdocs\UBS\pime_somali\system\CodeIgniter.php(404): CodeIgniter\CodeIgniter->runController(Object(App\Controllers\Home))
#9 G:\xampp\htdocs\UBS\pime_somali\system\CodeIgniter.php(312): CodeIgniter\CodeIgniter->handleRequest(NULL, Object(Config\Cache), false)
#10 G:\xampp\htdocs\UBS\pime_somali\index.php(45): CodeIgniter\CodeIgniter->run()
#11 {main}
CRITICAL - 2021-01-21 00:06:42 --> Undefined variable: main_content
#0 G:\xampp\htdocs\UBS\pime_somali\app\Views\template\index.php(16): CodeIgniter\Debug\Exceptions->errorHandler(8, 'Undefined varia...', 'G:\\xampp\\htdocs...', 16, Array)
#1 G:\xampp\htdocs\UBS\pime_somali\system\View\View.php(246): include('G:\\xampp\\htdocs...')
#2 G:\xampp\htdocs\UBS\pime_somali\system\Common.php(1119): CodeIgniter\View\View->render('template/index', Array, true)
#3 G:\xampp\htdocs\UBS\pime_somali\app\Controllers\Dashboard.php(61): view('template/index', Array)
#4 G:\xampp\htdocs\UBS\pime_somali\system\CodeIgniter.php(918): App\Controllers\Dashboard->index()
#5 G:\xampp\htdocs\UBS\pime_somali\system\CodeIgniter.php(404): CodeIgniter\CodeIgniter->runController(Object(App\Controllers\Dashboard))
#6 G:\xampp\htdocs\UBS\pime_somali\system\CodeIgniter.php(312): CodeIgniter\CodeIgniter->handleRequest(NULL, Object(Config\Cache), false)
#7 G:\xampp\htdocs\UBS\pime_somali\index.php(45): CodeIgniter\CodeIgniter->run()
#8 {main}
CRITICAL - 2021-01-21 00:08:05 --> Undefined variable: main_content
#0 G:\xampp\htdocs\UBS\pime_somali\app\Views\template\index.php(16): CodeIgniter\Debug\Exceptions->errorHandler(8, 'Undefined varia...', 'G:\\xampp\\htdocs...', 16, Array)
#1 G:\xampp\htdocs\UBS\pime_somali\system\View\View.php(246): include('G:\\xampp\\htdocs...')
#2 G:\xampp\htdocs\UBS\pime_somali\system\Common.php(1119): CodeIgniter\View\View->render('template/index', Array, true)
#3 G:\xampp\htdocs\UBS\pime_somali\app\Controllers\Dashboard.php(61): view('template/index', Array)
#4 G:\xampp\htdocs\UBS\pime_somali\system\CodeIgniter.php(918): App\Controllers\Dashboard->index()
#5 G:\xampp\htdocs\UBS\pime_somali\system\CodeIgniter.php(404): CodeIgniter\CodeIgniter->runController(Object(App\Controllers\Dashboard))
#6 G:\xampp\htdocs\UBS\pime_somali\system\CodeIgniter.php(312): CodeIgniter\CodeIgniter->handleRequest(NULL, Object(Config\Cache), false)
#7 G:\xampp\htdocs\UBS\pime_somali\index.php(45): CodeIgniter\CodeIgniter->run()
#8 {main}
CRITICAL - 2021-01-21 00:08:14 --> Invalid file: office/home/view.php
#0 G:\xampp\htdocs\UBS\pime_somali\system\View\View.php(228): CodeIgniter\Exceptions\FrameworkException::forInvalidFile('office/home/vie...')
#1 G:\xampp\htdocs\UBS\pime_somali\system\Common.php(1119): CodeIgniter\View\View->render('office/home/vie...', Array, true)
#2 G:\xampp\htdocs\UBS\pime_somali\app\Views\template\index.php(16): view('office/home/vie...')
#3 G:\xampp\htdocs\UBS\pime_somali\system\View\View.php(246): include('G:\\xampp\\htdocs...')
#4 G:\xampp\htdocs\UBS\pime_somali\system\Common.php(1119): CodeIgniter\View\View->render('template/index', Array, true)
#5 G:\xampp\htdocs\UBS\pime_somali\app\Controllers\Home.php(68): view('template/index', Array)
#6 G:\xampp\htdocs\UBS\pime_somali\system\CodeIgniter.php(918): App\Controllers\Home->index()
#7 G:\xampp\htdocs\UBS\pime_somali\system\CodeIgniter.php(404): CodeIgniter\CodeIgniter->runController(Object(App\Controllers\Home))
#8 G:\xampp\htdocs\UBS\pime_somali\system\CodeIgniter.php(312): CodeIgniter\CodeIgniter->handleRequest(NULL, Object(Config\Cache), false)
#9 G:\xampp\htdocs\UBS\pime_somali\index.php(45): CodeIgniter\CodeIgniter->run()
#10 {main}
CRITICAL - 2021-01-21 00:09:22 --> Undefined property: CodeIgniter\View\View::$tank_auth
#0 G:\xampp\htdocs\UBS\pime_somali\app\Views\office\home\view.php(23): CodeIgniter\Debug\Exceptions->errorHandler(8, 'Undefined prope...', 'G:\\xampp\\htdocs...', 23, Array)
#1 G:\xampp\htdocs\UBS\pime_somali\system\View\View.php(246): include('G:\\xampp\\htdocs...')
#2 G:\xampp\htdocs\UBS\pime_somali\system\Common.php(1119): CodeIgniter\View\View->render('office/home/vie...', Array, true)
#3 G:\xampp\htdocs\UBS\pime_somali\app\Views\template\index.php(16): view('office/home/vie...')
#4 G:\xampp\htdocs\UBS\pime_somali\system\View\View.php(246): include('G:\\xampp\\htdocs...')
#5 G:\xampp\htdocs\UBS\pime_somali\system\Common.php(1119): CodeIgniter\View\View->render('template/index', Array, true)
#6 G:\xampp\htdocs\UBS\pime_somali\app\Controllers\Home.php(68): view('template/index', Array)
#7 G:\xampp\htdocs\UBS\pime_somali\system\CodeIgniter.php(918): App\Controllers\Home->index()
#8 G:\xampp\htdocs\UBS\pime_somali\system\CodeIgniter.php(404): CodeIgniter\CodeIgniter->runController(Object(App\Controllers\Home))
#9 G:\xampp\htdocs\UBS\pime_somali\system\CodeIgniter.php(312): CodeIgniter\CodeIgniter->handleRequest(NULL, Object(Config\Cache), false)
#10 G:\xampp\htdocs\UBS\pime_somali\index.php(45): CodeIgniter\CodeIgniter->run()
#11 {main}
CRITICAL - 2021-01-21 00:09:22 --> Undefined property: CodeIgniter\View\View::$tank_auth
#0 G:\xampp\htdocs\UBS\pime_somali\app\Views\office\home\view.php(23): CodeIgniter\Debug\Exceptions->errorHandler(8, 'Undefined prope...', 'G:\\xampp\\htdocs...', 23, Array)
#1 G:\xampp\htdocs\UBS\pime_somali\system\View\View.php(246): include('G:\\xampp\\htdocs...')
#2 G:\xampp\htdocs\UBS\pime_somali\system\Common.php(1119): CodeIgniter\View\View->render('office/home/vie...', Array, true)
#3 G:\xampp\htdocs\UBS\pime_somali\app\Views\template\index.php(16): view('office/home/vie...')
#4 G:\xampp\htdocs\UBS\pime_somali\system\View\View.php(246): include('G:\\xampp\\htdocs...')
#5 G:\xampp\htdocs\UBS\pime_somali\system\Common.php(1119): CodeIgniter\View\View->render('template/index', Array, true)
#6 G:\xampp\htdocs\UBS\pime_somali\app\Controllers\Home.php(68): view('template/index', Array)
#7 G:\xampp\htdocs\UBS\pime_somali\system\CodeIgniter.php(918): App\Controllers\Home->index()
#8 G:\xampp\htdocs\UBS\pime_somali\system\CodeIgniter.php(404): CodeIgniter\CodeIgniter->runController(Object(App\Controllers\Home))
#9 G:\xampp\htdocs\UBS\pime_somali\system\CodeIgniter.php(312): CodeIgniter\CodeIgniter->handleRequest(NULL, Object(Config\Cache), false)
#10 G:\xampp\htdocs\UBS\pime_somali\index.php(45): CodeIgniter\CodeIgniter->run()
#11 {main}
CRITICAL - 2021-01-21 00:10:34 --> Undefined variable: main_content
#0 G:\xampp\htdocs\UBS\pime_somali\app\Views\template\index.php(16): CodeIgniter\Debug\Exceptions->errorHandler(8, 'Undefined varia...', 'G:\\xampp\\htdocs...', 16, Array)
#1 G:\xampp\htdocs\UBS\pime_somali\system\View\View.php(246): include('G:\\xampp\\htdocs...')
#2 G:\xampp\htdocs\UBS\pime_somali\system\Common.php(1119): CodeIgniter\View\View->render('template/index', Array, true)
#3 G:\xampp\htdocs\UBS\pime_somali\app\Controllers\Dashboard.php(61): view('template/index', Array)
#4 G:\xampp\htdocs\UBS\pime_somali\system\CodeIgniter.php(918): App\Controllers\Dashboard->index()
#5 G:\xampp\htdocs\UBS\pime_somali\system\CodeIgniter.php(404): CodeIgniter\CodeIgniter->runController(Object(App\Controllers\Dashboard))
#6 G:\xampp\htdocs\UBS\pime_somali\system\CodeIgniter.php(312): CodeIgniter\CodeIgniter->handleRequest(NULL, Object(Config\Cache), false)
#7 G:\xampp\htdocs\UBS\pime_somali\index.php(45): CodeIgniter\CodeIgniter->run()
#8 {main}
CRITICAL - 2021-01-21 00:13:26 --> Invalid file: office/home/dashboard.php
#0 G:\xampp\htdocs\UBS\pime_somali\system\View\View.php(228): CodeIgniter\Exceptions\FrameworkException::forInvalidFile('office/home/das...')
#1 G:\xampp\htdocs\UBS\pime_somali\system\Common.php(1119): CodeIgniter\View\View->render('office/home/das...', Array, true)
#2 G:\xampp\htdocs\UBS\pime_somali\app\Views\template\index.php(16): view('office/home/das...')
#3 G:\xampp\htdocs\UBS\pime_somali\system\View\View.php(246): include('G:\\xampp\\htdocs...')
#4 G:\xampp\htdocs\UBS\pime_somali\system\Common.php(1119): CodeIgniter\View\View->render('template/index', Array, true)
#5 G:\xampp\htdocs\UBS\pime_somali\app\Controllers\Dashboard.php(61): view('template/index', Array)
#6 G:\xampp\htdocs\UBS\pime_somali\system\CodeIgniter.php(918): App\Controllers\Dashboard->index()
#7 G:\xampp\htdocs\UBS\pime_somali\system\CodeIgniter.php(404): CodeIgniter\CodeIgniter->runController(Object(App\Controllers\Dashboard))
#8 G:\xampp\htdocs\UBS\pime_somali\system\CodeIgniter.php(312): CodeIgniter\CodeIgniter->handleRequest(NULL, Object(Config\Cache), false)
#9 G:\xampp\htdocs\UBS\pime_somali\index.php(45): CodeIgniter\CodeIgniter->run()
#10 {main}
CRITICAL - 2021-01-21 00:15:41 --> Invalid file: office/home/dashboard.php
#0 G:\xampp\htdocs\UBS\pime_somali\system\View\View.php(228): CodeIgniter\Exceptions\FrameworkException::forInvalidFile('office/home/das...')
#1 G:\xampp\htdocs\UBS\pime_somali\system\Common.php(1119): CodeIgniter\View\View->render('office/home/das...', Array, true)
#2 G:\xampp\htdocs\UBS\pime_somali\app\Views\template\index.php(16): view('office/home/das...')
#3 G:\xampp\htdocs\UBS\pime_somali\system\View\View.php(246): include('G:\\xampp\\htdocs...')
#4 G:\xampp\htdocs\UBS\pime_somali\system\Common.php(1119): CodeIgniter\View\View->render('template/index', Array, true)
#5 G:\xampp\htdocs\UBS\pime_somali\app\Controllers\Dashboard.php(61): view('template/index', Array)
#6 G:\xampp\htdocs\UBS\pime_somali\system\CodeIgniter.php(918): App\Controllers\Dashboard->index()
#7 G:\xampp\htdocs\UBS\pime_somali\system\CodeIgniter.php(404): CodeIgniter\CodeIgniter->runController(Object(App\Controllers\Dashboard))
#8 G:\xampp\htdocs\UBS\pime_somali\system\CodeIgniter.php(312): CodeIgniter\CodeIgniter->handleRequest(NULL, Object(Config\Cache), false)
#9 G:\xampp\htdocs\UBS\pime_somali\index.php(45): CodeIgniter\CodeIgniter->run()
#10 {main}
CRITICAL - 2021-01-21 00:17:58 --> Use of undefined constant title - assumed 'title' (this will throw an Error in a future version of PHP)
#0 G:\xampp\htdocs\UBS\pime_somali\app\Views\office\dashboard\list.php(4): CodeIgniter\Debug\Exceptions->errorHandler(2, 'Use of undefine...', 'G:\\xampp\\htdocs...', 4, Array)
#1 G:\xampp\htdocs\UBS\pime_somali\system\View\View.php(246): include('G:\\xampp\\htdocs...')
#2 G:\xampp\htdocs\UBS\pime_somali\system\Common.php(1119): CodeIgniter\View\View->render('office/dashboar...', Array, true)
#3 G:\xampp\htdocs\UBS\pime_somali\app\Views\template\index.php(16): view('office/dashboar...')
#4 G:\xampp\htdocs\UBS\pime_somali\system\View\View.php(246): include('G:\\xampp\\htdocs...')
#5 G:\xampp\htdocs\UBS\pime_somali\system\Common.php(1119): CodeIgniter\View\View->render('template/index', Array, true)
#6 G:\xampp\htdocs\UBS\pime_somali\app\Controllers\Dashboard.php(61): view('template/index', Array)
#7 G:\xampp\htdocs\UBS\pime_somali\system\CodeIgniter.php(918): App\Controllers\Dashboard->index()
#8 G:\xampp\htdocs\UBS\pime_somali\system\CodeIgniter.php(404): CodeIgniter\CodeIgniter->runController(Object(App\Controllers\Dashboard))
#9 G:\xampp\htdocs\UBS\pime_somali\system\CodeIgniter.php(312): CodeIgniter\CodeIgniter->handleRequest(NULL, Object(Config\Cache), false)
#10 G:\xampp\htdocs\UBS\pime_somali\index.php(45): CodeIgniter\CodeIgniter->run()
#11 {main}
CRITICAL - 2021-01-21 00:17:58 --> Use of undefined constant title - assumed 'title' (this will throw an Error in a future version of PHP)
#0 G:\xampp\htdocs\UBS\pime_somali\app\Views\office\dashboard\list.php(4): CodeIgniter\Debug\Exceptions->errorHandler(2, 'Use of undefine...', 'G:\\xampp\\htdocs...', 4, Array)
#1 G:\xampp\htdocs\UBS\pime_somali\system\View\View.php(246): include('G:\\xampp\\htdocs...')
#2 G:\xampp\htdocs\UBS\pime_somali\system\Common.php(1119): CodeIgniter\View\View->render('office/dashboar...', Array, true)
#3 G:\xampp\htdocs\UBS\pime_somali\app\Views\template\index.php(16): view('office/dashboar...')
#4 G:\xampp\htdocs\UBS\pime_somali\system\View\View.php(246): include('G:\\xampp\\htdocs...')
#5 G:\xampp\htdocs\UBS\pime_somali\system\Common.php(1119): CodeIgniter\View\View->render('template/index', Array, true)
#6 G:\xampp\htdocs\UBS\pime_somali\app\Controllers\Dashboard.php(61): view('template/index', Array)
#7 G:\xampp\htdocs\UBS\pime_somali\system\CodeIgniter.php(918): App\Controllers\Dashboard->index()
#8 G:\xampp\htdocs\UBS\pime_somali\system\CodeIgniter.php(404): CodeIgniter\CodeIgniter->runController(Object(App\Controllers\Dashboard))
#9 G:\xampp\htdocs\UBS\pime_somali\system\CodeIgniter.php(312): CodeIgniter\CodeIgniter->handleRequest(NULL, Object(Config\Cache), false)
#10 G:\xampp\htdocs\UBS\pime_somali\index.php(45): CodeIgniter\CodeIgniter->run()
#11 {main}
CRITICAL - 2021-01-21 01:25:07 --> Invalid file: office/planning/result_framework/view.php
#0 G:\xampp\htdocs\UBS\pime_somali\system\View\View.php(228): CodeIgniter\Exceptions\FrameworkException::forInvalidFile('office/planning...')
#1 G:\xampp\htdocs\UBS\pime_somali\system\Common.php(1119): CodeIgniter\View\View->render('office/planning...', Array, true)
#2 G:\xampp\htdocs\UBS\pime_somali\app\Views\template\index.php(16): view('office/planning...')
#3 G:\xampp\htdocs\UBS\pime_somali\system\View\View.php(246): include('G:\\xampp\\htdocs...')
#4 G:\xampp\htdocs\UBS\pime_somali\system\Common.php(1119): CodeIgniter\View\View->render('template/index', Array, true)
#5 G:\xampp\htdocs\UBS\pime_somali\app\Controllers\Results_framework.php(57): view('template/index', Array)
#6 G:\xampp\htdocs\UBS\pime_somali\system\CodeIgniter.php(918): App\Controllers\Results_framework->index()
#7 G:\xampp\htdocs\UBS\pime_somali\system\CodeIgniter.php(404): CodeIgniter\CodeIgniter->runController(Object(App\Controllers\Results_framework))
#8 G:\xampp\htdocs\UBS\pime_somali\system\CodeIgniter.php(312): CodeIgniter\CodeIgniter->handleRequest(NULL, Object(Config\Cache), false)
#9 G:\xampp\htdocs\UBS\pime_somali\index.php(45): CodeIgniter\CodeIgniter->run()
#10 {main}
