CRITICAL - 2021-03-23 04:34:21 --> Function name must be a string
#0 /home/wwwmand/public_html/pimes/system/View/View.php(246): include()
#1 /home/wwwmand/public_html/pimes/system/Common.php(1119): CodeIgniter\View\View->render('office/report_s...', Array, true)
#2 /home/wwwmand/public_html/pimes/app/Views/template/index.php(14): view('office/report_s...')
#3 /home/wwwmand/public_html/pimes/system/View/View.php(246): include('/home/wwwmand/p...')
#4 /home/wwwmand/public_html/pimes/system/Common.php(1119): CodeIgniter\View\View->render('template/index', Array, true)
#5 /home/wwwmand/public_html/pimes/app/Controllers/Report_submission/Mda_monthly_monitoring_reports.php(216): view('template/index', Array)
#6 /home/wwwmand/public_html/pimes/system/CodeIgniter.php(918): App\Controllers\report_submission\mda_monthly_monitoring_reports->edit('2')
#7 /home/wwwmand/public_html/pimes/system/CodeIgniter.php(404): CodeIgniter\CodeIgniter->runController(Object(App\Controllers\report_submission\mda_monthly_monitoring_reports))
#8 /home/wwwmand/public_html/pimes/system/CodeIgniter.php(312): CodeIgniter\CodeIgniter->handleRequest(NULL, Object(Config\Cache), false)
#9 /home/wwwmand/public_html/pimes/index.php(45): CodeIgniter\CodeIgniter->run()
#10 {main}
CRITICAL - 2021-03-23 04:34:22 --> Function name must be a string
#0 /home/wwwmand/public_html/pimes/system/View/View.php(246): include()
#1 /home/wwwmand/public_html/pimes/system/Common.php(1119): CodeIgniter\View\View->render('office/report_s...', Array, true)
#2 /home/wwwmand/public_html/pimes/app/Views/template/index.php(14): view('office/report_s...')
#3 /home/wwwmand/public_html/pimes/system/View/View.php(246): include('/home/wwwmand/p...')
#4 /home/wwwmand/public_html/pimes/system/Common.php(1119): CodeIgniter\View\View->render('template/index', Array, true)
#5 /home/wwwmand/public_html/pimes/app/Controllers/Report_submission/Mda_monthly_monitoring_reports.php(216): view('template/index', Array)
#6 /home/wwwmand/public_html/pimes/system/CodeIgniter.php(918): App\Controllers\report_submission\mda_monthly_monitoring_reports->edit('2')
#7 /home/wwwmand/public_html/pimes/system/CodeIgniter.php(404): CodeIgniter\CodeIgniter->runController(Object(App\Controllers\report_submission\mda_monthly_monitoring_reports))
#8 /home/wwwmand/public_html/pimes/system/CodeIgniter.php(312): CodeIgniter\CodeIgniter->handleRequest(NULL, Object(Config\Cache), false)
#9 /home/wwwmand/public_html/pimes/index.php(45): CodeIgniter\CodeIgniter->run()
#10 {main}
CRITICAL - 2021-03-23 04:34:51 --> Function name must be a string
#0 /home/wwwmand/public_html/pimes/system/View/View.php(246): include()
#1 /home/wwwmand/public_html/pimes/system/Common.php(1119): CodeIgniter\View\View->render('office/report_s...', Array, true)
#2 /home/wwwmand/public_html/pimes/app/Views/template/index.php(14): view('office/report_s...')
#3 /home/wwwmand/public_html/pimes/system/View/View.php(246): include('/home/wwwmand/p...')
#4 /home/wwwmand/public_html/pimes/system/Common.php(1119): CodeIgniter\View\View->render('template/index', Array, true)
#5 /home/wwwmand/public_html/pimes/app/Controllers/Report_submission/Mda_monthly_monitoring_reports.php(216): view('template/index', Array)
#6 /home/wwwmand/public_html/pimes/system/CodeIgniter.php(918): App\Controllers\report_submission\mda_monthly_monitoring_reports->edit('2')
#7 /home/wwwmand/public_html/pimes/system/CodeIgniter.php(404): CodeIgniter\CodeIgniter->runController(Object(App\Controllers\report_submission\mda_monthly_monitoring_reports))
#8 /home/wwwmand/public_html/pimes/system/CodeIgniter.php(312): CodeIgniter\CodeIgniter->handleRequest(NULL, Object(Config\Cache), false)
#9 /home/wwwmand/public_html/pimes/index.php(45): CodeIgniter\CodeIgniter->run()
#10 {main}
CRITICAL - 2021-03-23 04:34:52 --> Function name must be a string
#0 /home/wwwmand/public_html/pimes/system/View/View.php(246): include()
#1 /home/wwwmand/public_html/pimes/system/Common.php(1119): CodeIgniter\View\View->render('office/report_s...', Array, true)
#2 /home/wwwmand/public_html/pimes/app/Views/template/index.php(14): view('office/report_s...')
#3 /home/wwwmand/public_html/pimes/system/View/View.php(246): include('/home/wwwmand/p...')
#4 /home/wwwmand/public_html/pimes/system/Common.php(1119): CodeIgniter\View\View->render('template/index', Array, true)
#5 /home/wwwmand/public_html/pimes/app/Controllers/Report_submission/Mda_monthly_monitoring_reports.php(216): view('template/index', Array)
#6 /home/wwwmand/public_html/pimes/system/CodeIgniter.php(918): App\Controllers\report_submission\mda_monthly_monitoring_reports->edit('2')
#7 /home/wwwmand/public_html/pimes/system/CodeIgniter.php(404): CodeIgniter\CodeIgniter->runController(Object(App\Controllers\report_submission\mda_monthly_monitoring_reports))
#8 /home/wwwmand/public_html/pimes/system/CodeIgniter.php(312): CodeIgniter\CodeIgniter->handleRequest(NULL, Object(Config\Cache), false)
#9 /home/wwwmand/public_html/pimes/index.php(45): CodeIgniter\CodeIgniter->run()
#10 {main}
CRITICAL - 2021-03-23 11:38:22 --> Invalid file: office/planning/mda_plans/annual_plan/list.php
#0 /home/wwwmand/public_html/pimes/system/View/View.php(228): CodeIgniter\Exceptions\FrameworkException::forInvalidFile('office/planning...')
#1 /home/wwwmand/public_html/pimes/system/Common.php(1119): CodeIgniter\View\View->render('office/planning...', Array, true)
#2 /home/wwwmand/public_html/pimes/app/Views/template/index.php(14): view('office/planning...')
#3 /home/wwwmand/public_html/pimes/system/View/View.php(246): include('/home/wwwmand/p...')
#4 /home/wwwmand/public_html/pimes/system/Common.php(1119): CodeIgniter\View\View->render('template/index', Array, true)
#5 /home/wwwmand/public_html/pimes/app/Controllers/Planning/Annual_plan.php(64): view('template/index', Array)
#6 /home/wwwmand/public_html/pimes/system/CodeIgniter.php(918): App\Controllers\Planning\Annual_plan->index()
#7 /home/wwwmand/public_html/pimes/system/CodeIgniter.php(404): CodeIgniter\CodeIgniter->runController(Object(App\Controllers\Planning\Annual_plan))
#8 /home/wwwmand/public_html/pimes/system/CodeIgniter.php(312): CodeIgniter\CodeIgniter->handleRequest(NULL, Object(Config\Cache), false)
#9 /home/wwwmand/public_html/pimes/index.php(45): CodeIgniter\CodeIgniter->run()
#10 {main}
