CRITICAL - 2021-09-20 07:23:49 --> file_get_contents(): SSL: Handshake timed out
#0 [internal function]: CodeIgniter\Debug\Exceptions->errorHandler(2, 'file_get_conten...', 'C:\\xampp\\htdocs...', 41, Array)
#1 C:\xampp\htdocs\app\Filters\CheckLogin.php(41): file_get_contents('https://mandemo...')
#2 C:\xampp\htdocs\system\Filters\Filters.php(173): App\Filters\checkLogin->before(Object(CodeIgniter\HTTP\IncomingRequest), NULL)
#3 C:\xampp\htdocs\system\CodeIgniter.php(382): CodeIgniter\Filters\Filters->run('/auth/logout', 'before')
#4 C:\xampp\htdocs\system\CodeIgniter.php(312): CodeIgniter\CodeIgniter->handleRequest(NULL, Object(Config\Cache), false)
#5 C:\xampp\htdocs\index.php(45): CodeIgniter\CodeIgniter->run()
#6 {main}
CRITICAL - 2021-09-20 07:47:10 --> Division by zero
#0 C:\xampp\htdocs\app\Views\office\dashboard\js_file.php(0): CodeIgniter\Debug\Exceptions->errorHandler(2, 'Division by zer...', 'C:\\xampp\\htdocs...', 0, Array)
#1 C:\xampp\htdocs\system\View\View.php(246): include('C:\\xampp\\htdocs...')
#2 C:\xampp\htdocs\system\Common.php(1119): CodeIgniter\View\View->render('office/dashboar...', Array, true)
#3 C:\xampp\htdocs\app\Views\template\footer.php(0): view('office/dashboar...')
#4 C:\xampp\htdocs\system\View\View.php(246): include('C:\\xampp\\htdocs...')
#5 C:\xampp\htdocs\system\Common.php(1119): CodeIgniter\View\View->render('template/footer...', Array, true)
#6 C:\xampp\htdocs\app\Views\template\index.php(0): view('template/footer...')
#7 C:\xampp\htdocs\system\View\View.php(246): include('C:\\xampp\\htdocs...')
#8 C:\xampp\htdocs\system\Common.php(1119): CodeIgniter\View\View->render('template/index', Array, true)
#9 C:\xampp\htdocs\app\Controllers\Dashboard.php(0): view('template/index', Array)
#10 C:\xampp\htdocs\system\CodeIgniter.php(918): App\Controllers\Dashboard->index()
#11 C:\xampp\htdocs\system\CodeIgniter.php(404): CodeIgniter\CodeIgniter->runController(Object(App\Controllers\Dashboard))
#12 C:\xampp\htdocs\system\CodeIgniter.php(312): CodeIgniter\CodeIgniter->handleRequest(NULL, Object(Config\Cache), false)
#13 C:\xampp\htdocs\index.php(45): CodeIgniter\CodeIgniter->run()
#14 {main}
CRITICAL - 2021-09-20 07:47:12 --> Division by zero
#0 C:\xampp\htdocs\app\Views\office\dashboard\js_file.php(0): CodeIgniter\Debug\Exceptions->errorHandler(2, 'Division by zer...', 'C:\\xampp\\htdocs...', 0, Array)
#1 C:\xampp\htdocs\system\View\View.php(246): include('C:\\xampp\\htdocs...')
#2 C:\xampp\htdocs\system\Common.php(1119): CodeIgniter\View\View->render('office/dashboar...', Array, true)
#3 C:\xampp\htdocs\app\Views\template\footer.php(0): view('office/dashboar...')
#4 C:\xampp\htdocs\system\View\View.php(246): include('C:\\xampp\\htdocs...')
#5 C:\xampp\htdocs\system\Common.php(1119): CodeIgniter\View\View->render('template/footer...', Array, true)
#6 C:\xampp\htdocs\app\Views\template\index.php(0): view('template/footer...')
#7 C:\xampp\htdocs\system\View\View.php(246): include('C:\\xampp\\htdocs...')
#8 C:\xampp\htdocs\system\Common.php(1119): CodeIgniter\View\View->render('template/index', Array, true)
#9 C:\xampp\htdocs\app\Controllers\Dashboard.php(0): view('template/index', Array)
#10 C:\xampp\htdocs\system\CodeIgniter.php(918): App\Controllers\Dashboard->index()
#11 C:\xampp\htdocs\system\CodeIgniter.php(404): CodeIgniter\CodeIgniter->runController(Object(App\Controllers\Dashboard))
#12 C:\xampp\htdocs\system\CodeIgniter.php(312): CodeIgniter\CodeIgniter->handleRequest(NULL, Object(Config\Cache), false)
#13 C:\xampp\htdocs\index.php(45): CodeIgniter\CodeIgniter->run()
#14 {main}
CRITICAL - 2021-09-20 08:56:39 --> Division by zero
#0 C:\xampp\htdocs\app\Views\office\dashboard\js_file.php(0): CodeIgniter\Debug\Exceptions->errorHandler(2, 'Division by zer...', 'C:\\xampp\\htdocs...', 0, Array)
#1 C:\xampp\htdocs\system\View\View.php(246): include('C:\\xampp\\htdocs...')
#2 C:\xampp\htdocs\system\Common.php(1119): CodeIgniter\View\View->render('office/dashboar...', Array, true)
#3 C:\xampp\htdocs\app\Views\template\footer.php(0): view('office/dashboar...')
#4 C:\xampp\htdocs\system\View\View.php(246): include('C:\\xampp\\htdocs...')
#5 C:\xampp\htdocs\system\Common.php(1119): CodeIgniter\View\View->render('template/footer...', Array, true)
#6 C:\xampp\htdocs\app\Views\template\index.php(0): view('template/footer...')
#7 C:\xampp\htdocs\system\View\View.php(246): include('C:\\xampp\\htdocs...')
#8 C:\xampp\htdocs\system\Common.php(1119): CodeIgniter\View\View->render('template/index', Array, true)
#9 C:\xampp\htdocs\app\Controllers\Dashboard.php(0): view('template/index', Array)
#10 C:\xampp\htdocs\system\CodeIgniter.php(918): App\Controllers\Dashboard->index()
#11 C:\xampp\htdocs\system\CodeIgniter.php(404): CodeIgniter\CodeIgniter->runController(Object(App\Controllers\Dashboard))
#12 C:\xampp\htdocs\system\CodeIgniter.php(312): CodeIgniter\CodeIgniter->handleRequest(NULL, Object(Config\Cache), false)
#13 C:\xampp\htdocs\index.php(45): CodeIgniter\CodeIgniter->run()
#14 {main}
CRITICAL - 2021-09-20 08:56:41 --> Division by zero
#0 C:\xampp\htdocs\app\Views\office\dashboard\js_file.php(0): CodeIgniter\Debug\Exceptions->errorHandler(2, 'Division by zer...', 'C:\\xampp\\htdocs...', 0, Array)
#1 C:\xampp\htdocs\system\View\View.php(246): include('C:\\xampp\\htdocs...')
#2 C:\xampp\htdocs\system\Common.php(1119): CodeIgniter\View\View->render('office/dashboar...', Array, true)
#3 C:\xampp\htdocs\app\Views\template\footer.php(0): view('office/dashboar...')
#4 C:\xampp\htdocs\system\View\View.php(246): include('C:\\xampp\\htdocs...')
#5 C:\xampp\htdocs\system\Common.php(1119): CodeIgniter\View\View->render('template/footer...', Array, true)
#6 C:\xampp\htdocs\app\Views\template\index.php(0): view('template/footer...')
#7 C:\xampp\htdocs\system\View\View.php(246): include('C:\\xampp\\htdocs...')
#8 C:\xampp\htdocs\system\Common.php(1119): CodeIgniter\View\View->render('template/index', Array, true)
#9 C:\xampp\htdocs\app\Controllers\Dashboard.php(0): view('template/index', Array)
#10 C:\xampp\htdocs\system\CodeIgniter.php(918): App\Controllers\Dashboard->index()
#11 C:\xampp\htdocs\system\CodeIgniter.php(404): CodeIgniter\CodeIgniter->runController(Object(App\Controllers\Dashboard))
#12 C:\xampp\htdocs\system\CodeIgniter.php(312): CodeIgniter\CodeIgniter->handleRequest(NULL, Object(Config\Cache), false)
#13 C:\xampp\htdocs\index.php(45): CodeIgniter\CodeIgniter->run()
#14 {main}
