CRITICAL - 2021-02-14 15:33:20 --> Undefined property: CodeIgniter\View\View::$uri
#0 G:\xampp\htdocs\UBS\pime_somali\app\Views\office\planning\result_framework\logframe.php(147): CodeIgniter\Debug\Exceptions->errorHandler(8, 'Undefined prope...', 'G:\\xampp\\htdocs...', 147, Array)
#1 G:\xampp\htdocs\UBS\pime_somali\system\View\View.php(246): include('G:\\xampp\\htdocs...')
#2 G:\xampp\htdocs\UBS\pime_somali\system\Common.php(1119): CodeIgniter\View\View->render('office/planning...', Array, true)
#3 G:\xampp\htdocs\UBS\pime_somali\app\Views\template\index.php(14): view('office/planning...')
#4 G:\xampp\htdocs\UBS\pime_somali\system\View\View.php(246): include('G:\\xampp\\htdocs...')
#5 G:\xampp\htdocs\UBS\pime_somali\system\Common.php(1119): CodeIgniter\View\View->render('template/index', Array, true)
#6 G:\xampp\htdocs\UBS\pime_somali\app\Controllers\Planning\Results_framework.php(189): view('template/index', Array)
#7 G:\xampp\htdocs\UBS\pime_somali\system\CodeIgniter.php(918): App\Controllers\Planning\Results_framework->logframe('19')
#8 G:\xampp\htdocs\UBS\pime_somali\system\CodeIgniter.php(404): CodeIgniter\CodeIgniter->runController(Object(App\Controllers\Planning\Results_framework))
#9 G:\xampp\htdocs\UBS\pime_somali\system\CodeIgniter.php(312): CodeIgniter\CodeIgniter->handleRequest(NULL, Object(Config\Cache), false)
#10 G:\xampp\htdocs\UBS\pime_somali\index.php(45): CodeIgniter\CodeIgniter->run()
#11 {main}
CRITICAL - 2021-02-14 15:33:20 --> Undefined property: CodeIgniter\View\View::$uri
#0 G:\xampp\htdocs\UBS\pime_somali\app\Views\office\planning\result_framework\logframe.php(147): CodeIgniter\Debug\Exceptions->errorHandler(8, 'Undefined prope...', 'G:\\xampp\\htdocs...', 147, Array)
#1 G:\xampp\htdocs\UBS\pime_somali\system\View\View.php(246): include('G:\\xampp\\htdocs...')
#2 G:\xampp\htdocs\UBS\pime_somali\system\Common.php(1119): CodeIgniter\View\View->render('office/planning...', Array, true)
#3 G:\xampp\htdocs\UBS\pime_somali\app\Views\template\index.php(14): view('office/planning...')
#4 G:\xampp\htdocs\UBS\pime_somali\system\View\View.php(246): include('G:\\xampp\\htdocs...')
#5 G:\xampp\htdocs\UBS\pime_somali\system\Common.php(1119): CodeIgniter\View\View->render('template/index', Array, true)
#6 G:\xampp\htdocs\UBS\pime_somali\app\Controllers\Planning\Results_framework.php(189): view('template/index', Array)
#7 G:\xampp\htdocs\UBS\pime_somali\system\CodeIgniter.php(918): App\Controllers\Planning\Results_framework->logframe('19')
#8 G:\xampp\htdocs\UBS\pime_somali\system\CodeIgniter.php(404): CodeIgniter\CodeIgniter->runController(Object(App\Controllers\Planning\Results_framework))
#9 G:\xampp\htdocs\UBS\pime_somali\system\CodeIgniter.php(312): CodeIgniter\CodeIgniter->handleRequest(NULL, Object(Config\Cache), false)
#10 G:\xampp\htdocs\UBS\pime_somali\index.php(45): CodeIgniter\CodeIgniter->run()
#11 {main}
CRITICAL - 2021-02-14 15:33:21 --> Undefined property: CodeIgniter\View\View::$uri
#0 G:\xampp\htdocs\UBS\pime_somali\app\Views\office\planning\result_framework\logframe.php(147): CodeIgniter\Debug\Exceptions->errorHandler(8, 'Undefined prope...', 'G:\\xampp\\htdocs...', 147, Array)
#1 G:\xampp\htdocs\UBS\pime_somali\system\View\View.php(246): include('G:\\xampp\\htdocs...')
#2 G:\xampp\htdocs\UBS\pime_somali\system\Common.php(1119): CodeIgniter\View\View->render('office/planning...', Array, true)
#3 G:\xampp\htdocs\UBS\pime_somali\app\Views\template\index.php(14): view('office/planning...')
#4 G:\xampp\htdocs\UBS\pime_somali\system\View\View.php(246): include('G:\\xampp\\htdocs...')
#5 G:\xampp\htdocs\UBS\pime_somali\system\Common.php(1119): CodeIgniter\View\View->render('template/index', Array, true)
#6 G:\xampp\htdocs\UBS\pime_somali\app\Controllers\Planning\Results_framework.php(189): view('template/index', Array)
#7 G:\xampp\htdocs\UBS\pime_somali\system\CodeIgniter.php(918): App\Controllers\Planning\Results_framework->logframe('19')
#8 G:\xampp\htdocs\UBS\pime_somali\system\CodeIgniter.php(404): CodeIgniter\CodeIgniter->runController(Object(App\Controllers\Planning\Results_framework))
#9 G:\xampp\htdocs\UBS\pime_somali\system\CodeIgniter.php(312): CodeIgniter\CodeIgniter->handleRequest(NULL, Object(Config\Cache), false)
#10 G:\xampp\htdocs\UBS\pime_somali\index.php(45): CodeIgniter\CodeIgniter->run()
#11 {main}
CRITICAL - 2021-02-14 15:33:58 --> Call to undefined function segment()
#0 G:\xampp\htdocs\UBS\pime_somali\system\View\View.php(246): include()
#1 G:\xampp\htdocs\UBS\pime_somali\system\Common.php(1119): CodeIgniter\View\View->render('office/planning...', Array, true)
#2 G:\xampp\htdocs\UBS\pime_somali\app\Views\template\index.php(14): view('office/planning...')
#3 G:\xampp\htdocs\UBS\pime_somali\system\View\View.php(246): include('G:\\xampp\\htdocs...')
#4 G:\xampp\htdocs\UBS\pime_somali\system\Common.php(1119): CodeIgniter\View\View->render('template/index', Array, true)
#5 G:\xampp\htdocs\UBS\pime_somali\app\Controllers\Planning\Results_framework.php(189): view('template/index', Array)
#6 G:\xampp\htdocs\UBS\pime_somali\system\CodeIgniter.php(918): App\Controllers\Planning\Results_framework->logframe('19')
#7 G:\xampp\htdocs\UBS\pime_somali\system\CodeIgniter.php(404): CodeIgniter\CodeIgniter->runController(Object(App\Controllers\Planning\Results_framework))
#8 G:\xampp\htdocs\UBS\pime_somali\system\CodeIgniter.php(312): CodeIgniter\CodeIgniter->handleRequest(NULL, Object(Config\Cache), false)
#9 G:\xampp\htdocs\UBS\pime_somali\index.php(45): CodeIgniter\CodeIgniter->run()
#10 {main}
CRITICAL - 2021-02-14 15:33:58 --> Call to undefined function segment()
#0 G:\xampp\htdocs\UBS\pime_somali\system\View\View.php(246): include()
#1 G:\xampp\htdocs\UBS\pime_somali\system\Common.php(1119): CodeIgniter\View\View->render('office/planning...', Array, true)
#2 G:\xampp\htdocs\UBS\pime_somali\app\Views\template\index.php(14): view('office/planning...')
#3 G:\xampp\htdocs\UBS\pime_somali\system\View\View.php(246): include('G:\\xampp\\htdocs...')
#4 G:\xampp\htdocs\UBS\pime_somali\system\Common.php(1119): CodeIgniter\View\View->render('template/index', Array, true)
#5 G:\xampp\htdocs\UBS\pime_somali\app\Controllers\Planning\Results_framework.php(189): view('template/index', Array)
#6 G:\xampp\htdocs\UBS\pime_somali\system\CodeIgniter.php(918): App\Controllers\Planning\Results_framework->logframe('19')
#7 G:\xampp\htdocs\UBS\pime_somali\system\CodeIgniter.php(404): CodeIgniter\CodeIgniter->runController(Object(App\Controllers\Planning\Results_framework))
#8 G:\xampp\htdocs\UBS\pime_somali\system\CodeIgniter.php(312): CodeIgniter\CodeIgniter->handleRequest(NULL, Object(Config\Cache), false)
#9 G:\xampp\htdocs\UBS\pime_somali\index.php(45): CodeIgniter\CodeIgniter->run()
#10 {main}
CRITICAL - 2021-02-14 15:33:58 --> Call to undefined function segment()
#0 G:\xampp\htdocs\UBS\pime_somali\system\View\View.php(246): include()
#1 G:\xampp\htdocs\UBS\pime_somali\system\Common.php(1119): CodeIgniter\View\View->render('office/planning...', Array, true)
#2 G:\xampp\htdocs\UBS\pime_somali\app\Views\template\index.php(14): view('office/planning...')
#3 G:\xampp\htdocs\UBS\pime_somali\system\View\View.php(246): include('G:\\xampp\\htdocs...')
#4 G:\xampp\htdocs\UBS\pime_somali\system\Common.php(1119): CodeIgniter\View\View->render('template/index', Array, true)
#5 G:\xampp\htdocs\UBS\pime_somali\app\Controllers\Planning\Results_framework.php(189): view('template/index', Array)
#6 G:\xampp\htdocs\UBS\pime_somali\system\CodeIgniter.php(918): App\Controllers\Planning\Results_framework->logframe('19')
#7 G:\xampp\htdocs\UBS\pime_somali\system\CodeIgniter.php(404): CodeIgniter\CodeIgniter->runController(Object(App\Controllers\Planning\Results_framework))
#8 G:\xampp\htdocs\UBS\pime_somali\system\CodeIgniter.php(312): CodeIgniter\CodeIgniter->handleRequest(NULL, Object(Config\Cache), false)
#9 G:\xampp\htdocs\UBS\pime_somali\index.php(45): CodeIgniter\CodeIgniter->run()
#10 {main}
CRITICAL - 2021-02-14 15:34:17 --> Undefined variable: period
#0 G:\xampp\htdocs\UBS\pime_somali\app\Views\office\planning\result_framework\logframe.php(147): CodeIgniter\Debug\Exceptions->errorHandler(8, 'Undefined varia...', 'G:\\xampp\\htdocs...', 147, Array)
#1 G:\xampp\htdocs\UBS\pime_somali\system\View\View.php(246): include('G:\\xampp\\htdocs...')
#2 G:\xampp\htdocs\UBS\pime_somali\system\Common.php(1119): CodeIgniter\View\View->render('office/planning...', Array, true)
#3 G:\xampp\htdocs\UBS\pime_somali\app\Views\template\index.php(14): view('office/planning...')
#4 G:\xampp\htdocs\UBS\pime_somali\system\View\View.php(246): include('G:\\xampp\\htdocs...')
#5 G:\xampp\htdocs\UBS\pime_somali\system\Common.php(1119): CodeIgniter\View\View->render('template/index', Array, true)
#6 G:\xampp\htdocs\UBS\pime_somali\app\Controllers\Planning\Results_framework.php(189): view('template/index', Array)
#7 G:\xampp\htdocs\UBS\pime_somali\system\CodeIgniter.php(918): App\Controllers\Planning\Results_framework->logframe('19')
#8 G:\xampp\htdocs\UBS\pime_somali\system\CodeIgniter.php(404): CodeIgniter\CodeIgniter->runController(Object(App\Controllers\Planning\Results_framework))
#9 G:\xampp\htdocs\UBS\pime_somali\system\CodeIgniter.php(312): CodeIgniter\CodeIgniter->handleRequest(NULL, Object(Config\Cache), false)
#10 G:\xampp\htdocs\UBS\pime_somali\index.php(45): CodeIgniter\CodeIgniter->run()
#11 {main}
CRITICAL - 2021-02-14 15:34:17 --> Undefined variable: period
#0 G:\xampp\htdocs\UBS\pime_somali\app\Views\office\planning\result_framework\logframe.php(147): CodeIgniter\Debug\Exceptions->errorHandler(8, 'Undefined varia...', 'G:\\xampp\\htdocs...', 147, Array)
#1 G:\xampp\htdocs\UBS\pime_somali\system\View\View.php(246): include('G:\\xampp\\htdocs...')
#2 G:\xampp\htdocs\UBS\pime_somali\system\Common.php(1119): CodeIgniter\View\View->render('office/planning...', Array, true)
#3 G:\xampp\htdocs\UBS\pime_somali\app\Views\template\index.php(14): view('office/planning...')
#4 G:\xampp\htdocs\UBS\pime_somali\system\View\View.php(246): include('G:\\xampp\\htdocs...')
#5 G:\xampp\htdocs\UBS\pime_somali\system\Common.php(1119): CodeIgniter\View\View->render('template/index', Array, true)
#6 G:\xampp\htdocs\UBS\pime_somali\app\Controllers\Planning\Results_framework.php(189): view('template/index', Array)
#7 G:\xampp\htdocs\UBS\pime_somali\system\CodeIgniter.php(918): App\Controllers\Planning\Results_framework->logframe('19')
#8 G:\xampp\htdocs\UBS\pime_somali\system\CodeIgniter.php(404): CodeIgniter\CodeIgniter->runController(Object(App\Controllers\Planning\Results_framework))
#9 G:\xampp\htdocs\UBS\pime_somali\system\CodeIgniter.php(312): CodeIgniter\CodeIgniter->handleRequest(NULL, Object(Config\Cache), false)
#10 G:\xampp\htdocs\UBS\pime_somali\index.php(45): CodeIgniter\CodeIgniter->run()
#11 {main}
CRITICAL - 2021-02-14 15:34:17 --> Undefined variable: period
#0 G:\xampp\htdocs\UBS\pime_somali\app\Views\office\planning\result_framework\logframe.php(147): CodeIgniter\Debug\Exceptions->errorHandler(8, 'Undefined varia...', 'G:\\xampp\\htdocs...', 147, Array)
#1 G:\xampp\htdocs\UBS\pime_somali\system\View\View.php(246): include('G:\\xampp\\htdocs...')
#2 G:\xampp\htdocs\UBS\pime_somali\system\Common.php(1119): CodeIgniter\View\View->render('office/planning...', Array, true)
#3 G:\xampp\htdocs\UBS\pime_somali\app\Views\template\index.php(14): view('office/planning...')
#4 G:\xampp\htdocs\UBS\pime_somali\system\View\View.php(246): include('G:\\xampp\\htdocs...')
#5 G:\xampp\htdocs\UBS\pime_somali\system\Common.php(1119): CodeIgniter\View\View->render('template/index', Array, true)
#6 G:\xampp\htdocs\UBS\pime_somali\app\Controllers\Planning\Results_framework.php(189): view('template/index', Array)
#7 G:\xampp\htdocs\UBS\pime_somali\system\CodeIgniter.php(918): App\Controllers\Planning\Results_framework->logframe('19')
#8 G:\xampp\htdocs\UBS\pime_somali\system\CodeIgniter.php(404): CodeIgniter\CodeIgniter->runController(Object(App\Controllers\Planning\Results_framework))
#9 G:\xampp\htdocs\UBS\pime_somali\system\CodeIgniter.php(312): CodeIgniter\CodeIgniter->handleRequest(NULL, Object(Config\Cache), false)
#10 G:\xampp\htdocs\UBS\pime_somali\index.php(45): CodeIgniter\CodeIgniter->run()
#11 {main}
CRITICAL - 2021-02-14 15:54:44 --> Undefined property: CodeIgniter\View\View::$db
#0 G:\xampp\htdocs\UBS\pime_somali\app\Views\office\planning\result_framework\logframe.php(149): CodeIgniter\Debug\Exceptions->errorHandler(8, 'Undefined prope...', 'G:\\xampp\\htdocs...', 149, Array)
#1 G:\xampp\htdocs\UBS\pime_somali\system\View\View.php(246): include('G:\\xampp\\htdocs...')
#2 G:\xampp\htdocs\UBS\pime_somali\system\Common.php(1119): CodeIgniter\View\View->render('office/planning...', Array, true)
#3 G:\xampp\htdocs\UBS\pime_somali\app\Views\template\index.php(14): view('office/planning...')
#4 G:\xampp\htdocs\UBS\pime_somali\system\View\View.php(246): include('G:\\xampp\\htdocs...')
#5 G:\xampp\htdocs\UBS\pime_somali\system\Common.php(1119): CodeIgniter\View\View->render('template/index', Array, true)
#6 G:\xampp\htdocs\UBS\pime_somali\app\Controllers\Planning\Results_framework.php(189): view('template/index', Array)
#7 G:\xampp\htdocs\UBS\pime_somali\system\CodeIgniter.php(918): App\Controllers\Planning\Results_framework->logframe('19')
#8 G:\xampp\htdocs\UBS\pime_somali\system\CodeIgniter.php(404): CodeIgniter\CodeIgniter->runController(Object(App\Controllers\Planning\Results_framework))
#9 G:\xampp\htdocs\UBS\pime_somali\system\CodeIgniter.php(312): CodeIgniter\CodeIgniter->handleRequest(NULL, Object(Config\Cache), false)
#10 G:\xampp\htdocs\UBS\pime_somali\index.php(45): CodeIgniter\CodeIgniter->run()
#11 {main}
CRITICAL - 2021-02-14 15:54:44 --> Undefined property: CodeIgniter\View\View::$db
#0 G:\xampp\htdocs\UBS\pime_somali\app\Views\office\planning\result_framework\logframe.php(149): CodeIgniter\Debug\Exceptions->errorHandler(8, 'Undefined prope...', 'G:\\xampp\\htdocs...', 149, Array)
#1 G:\xampp\htdocs\UBS\pime_somali\system\View\View.php(246): include('G:\\xampp\\htdocs...')
#2 G:\xampp\htdocs\UBS\pime_somali\system\Common.php(1119): CodeIgniter\View\View->render('office/planning...', Array, true)
#3 G:\xampp\htdocs\UBS\pime_somali\app\Views\template\index.php(14): view('office/planning...')
#4 G:\xampp\htdocs\UBS\pime_somali\system\View\View.php(246): include('G:\\xampp\\htdocs...')
#5 G:\xampp\htdocs\UBS\pime_somali\system\Common.php(1119): CodeIgniter\View\View->render('template/index', Array, true)
#6 G:\xampp\htdocs\UBS\pime_somali\app\Controllers\Planning\Results_framework.php(189): view('template/index', Array)
#7 G:\xampp\htdocs\UBS\pime_somali\system\CodeIgniter.php(918): App\Controllers\Planning\Results_framework->logframe('19')
#8 G:\xampp\htdocs\UBS\pime_somali\system\CodeIgniter.php(404): CodeIgniter\CodeIgniter->runController(Object(App\Controllers\Planning\Results_framework))
#9 G:\xampp\htdocs\UBS\pime_somali\system\CodeIgniter.php(312): CodeIgniter\CodeIgniter->handleRequest(NULL, Object(Config\Cache), false)
#10 G:\xampp\htdocs\UBS\pime_somali\index.php(45): CodeIgniter\CodeIgniter->run()
#11 {main}
CRITICAL - 2021-02-14 15:54:44 --> Undefined property: CodeIgniter\View\View::$db
#0 G:\xampp\htdocs\UBS\pime_somali\app\Views\office\planning\result_framework\logframe.php(149): CodeIgniter\Debug\Exceptions->errorHandler(8, 'Undefined prope...', 'G:\\xampp\\htdocs...', 149, Array)
#1 G:\xampp\htdocs\UBS\pime_somali\system\View\View.php(246): include('G:\\xampp\\htdocs...')
#2 G:\xampp\htdocs\UBS\pime_somali\system\Common.php(1119): CodeIgniter\View\View->render('office/planning...', Array, true)
#3 G:\xampp\htdocs\UBS\pime_somali\app\Views\template\index.php(14): view('office/planning...')
#4 G:\xampp\htdocs\UBS\pime_somali\system\View\View.php(246): include('G:\\xampp\\htdocs...')
#5 G:\xampp\htdocs\UBS\pime_somali\system\Common.php(1119): CodeIgniter\View\View->render('template/index', Array, true)
#6 G:\xampp\htdocs\UBS\pime_somali\app\Controllers\Planning\Results_framework.php(189): view('template/index', Array)
#7 G:\xampp\htdocs\UBS\pime_somali\system\CodeIgniter.php(918): App\Controllers\Planning\Results_framework->logframe('19')
#8 G:\xampp\htdocs\UBS\pime_somali\system\CodeIgniter.php(404): CodeIgniter\CodeIgniter->runController(Object(App\Controllers\Planning\Results_framework))
#9 G:\xampp\htdocs\UBS\pime_somali\system\CodeIgniter.php(312): CodeIgniter\CodeIgniter->handleRequest(NULL, Object(Config\Cache), false)
#10 G:\xampp\htdocs\UBS\pime_somali\index.php(45): CodeIgniter\CodeIgniter->run()
#11 {main}
CRITICAL - 2021-02-14 15:56:17 --> Undefined variable: period
#0 G:\xampp\htdocs\UBS\pime_somali\app\Views\office\planning\result_framework\logframe.php(153): CodeIgniter\Debug\Exceptions->errorHandler(8, 'Undefined varia...', 'G:\\xampp\\htdocs...', 153, Array)
#1 G:\xampp\htdocs\UBS\pime_somali\system\View\View.php(246): include('G:\\xampp\\htdocs...')
#2 G:\xampp\htdocs\UBS\pime_somali\system\Common.php(1119): CodeIgniter\View\View->render('office/planning...', Array, true)
#3 G:\xampp\htdocs\UBS\pime_somali\app\Views\template\index.php(14): view('office/planning...')
#4 G:\xampp\htdocs\UBS\pime_somali\system\View\View.php(246): include('G:\\xampp\\htdocs...')
#5 G:\xampp\htdocs\UBS\pime_somali\system\Common.php(1119): CodeIgniter\View\View->render('template/index', Array, true)
#6 G:\xampp\htdocs\UBS\pime_somali\app\Controllers\Planning\Results_framework.php(189): view('template/index', Array)
#7 G:\xampp\htdocs\UBS\pime_somali\system\CodeIgniter.php(918): App\Controllers\Planning\Results_framework->logframe('19')
#8 G:\xampp\htdocs\UBS\pime_somali\system\CodeIgniter.php(404): CodeIgniter\CodeIgniter->runController(Object(App\Controllers\Planning\Results_framework))
#9 G:\xampp\htdocs\UBS\pime_somali\system\CodeIgniter.php(312): CodeIgniter\CodeIgniter->handleRequest(NULL, Object(Config\Cache), false)
#10 G:\xampp\htdocs\UBS\pime_somali\index.php(45): CodeIgniter\CodeIgniter->run()
#11 {main}
CRITICAL - 2021-02-14 15:56:17 --> Undefined variable: period
#0 G:\xampp\htdocs\UBS\pime_somali\app\Views\office\planning\result_framework\logframe.php(153): CodeIgniter\Debug\Exceptions->errorHandler(8, 'Undefined varia...', 'G:\\xampp\\htdocs...', 153, Array)
#1 G:\xampp\htdocs\UBS\pime_somali\system\View\View.php(246): include('G:\\xampp\\htdocs...')
#2 G:\xampp\htdocs\UBS\pime_somali\system\Common.php(1119): CodeIgniter\View\View->render('office/planning...', Array, true)
#3 G:\xampp\htdocs\UBS\pime_somali\app\Views\template\index.php(14): view('office/planning...')
#4 G:\xampp\htdocs\UBS\pime_somali\system\View\View.php(246): include('G:\\xampp\\htdocs...')
#5 G:\xampp\htdocs\UBS\pime_somali\system\Common.php(1119): CodeIgniter\View\View->render('template/index', Array, true)
#6 G:\xampp\htdocs\UBS\pime_somali\app\Controllers\Planning\Results_framework.php(189): view('template/index', Array)
#7 G:\xampp\htdocs\UBS\pime_somali\system\CodeIgniter.php(918): App\Controllers\Planning\Results_framework->logframe('19')
#8 G:\xampp\htdocs\UBS\pime_somali\system\CodeIgniter.php(404): CodeIgniter\CodeIgniter->runController(Object(App\Controllers\Planning\Results_framework))
#9 G:\xampp\htdocs\UBS\pime_somali\system\CodeIgniter.php(312): CodeIgniter\CodeIgniter->handleRequest(NULL, Object(Config\Cache), false)
#10 G:\xampp\htdocs\UBS\pime_somali\index.php(45): CodeIgniter\CodeIgniter->run()
#11 {main}
CRITICAL - 2021-02-14 15:56:18 --> Undefined variable: period
#0 G:\xampp\htdocs\UBS\pime_somali\app\Views\office\planning\result_framework\logframe.php(153): CodeIgniter\Debug\Exceptions->errorHandler(8, 'Undefined varia...', 'G:\\xampp\\htdocs...', 153, Array)
#1 G:\xampp\htdocs\UBS\pime_somali\system\View\View.php(246): include('G:\\xampp\\htdocs...')
#2 G:\xampp\htdocs\UBS\pime_somali\system\Common.php(1119): CodeIgniter\View\View->render('office/planning...', Array, true)
#3 G:\xampp\htdocs\UBS\pime_somali\app\Views\template\index.php(14): view('office/planning...')
#4 G:\xampp\htdocs\UBS\pime_somali\system\View\View.php(246): include('G:\\xampp\\htdocs...')
#5 G:\xampp\htdocs\UBS\pime_somali\system\Common.php(1119): CodeIgniter\View\View->render('template/index', Array, true)
#6 G:\xampp\htdocs\UBS\pime_somali\app\Controllers\Planning\Results_framework.php(189): view('template/index', Array)
#7 G:\xampp\htdocs\UBS\pime_somali\system\CodeIgniter.php(918): App\Controllers\Planning\Results_framework->logframe('19')
#8 G:\xampp\htdocs\UBS\pime_somali\system\CodeIgniter.php(404): CodeIgniter\CodeIgniter->runController(Object(App\Controllers\Planning\Results_framework))
#9 G:\xampp\htdocs\UBS\pime_somali\system\CodeIgniter.php(312): CodeIgniter\CodeIgniter->handleRequest(NULL, Object(Config\Cache), false)
#10 G:\xampp\htdocs\UBS\pime_somali\index.php(45): CodeIgniter\CodeIgniter->run()
#11 {main}
CRITICAL - 2021-02-14 16:11:19 --> Call to undefined method CodeIgniter\Database\MySQLi\Result::result_array()
#0 G:\xampp\htdocs\UBS\pime_somali\system\View\View.php(246): include()
#1 G:\xampp\htdocs\UBS\pime_somali\system\Common.php(1119): CodeIgniter\View\View->render('office/planning...', Array, true)
#2 G:\xampp\htdocs\UBS\pime_somali\app\Views\template\index.php(14): view('office/planning...')
#3 G:\xampp\htdocs\UBS\pime_somali\system\View\View.php(246): include('G:\\xampp\\htdocs...')
#4 G:\xampp\htdocs\UBS\pime_somali\system\Common.php(1119): CodeIgniter\View\View->render('template/index', Array, true)
#5 G:\xampp\htdocs\UBS\pime_somali\app\Controllers\Planning\Results_framework.php(189): view('template/index', Array)
#6 G:\xampp\htdocs\UBS\pime_somali\system\CodeIgniter.php(918): App\Controllers\Planning\Results_framework->logframe('19')
#7 G:\xampp\htdocs\UBS\pime_somali\system\CodeIgniter.php(404): CodeIgniter\CodeIgniter->runController(Object(App\Controllers\Planning\Results_framework))
#8 G:\xampp\htdocs\UBS\pime_somali\system\CodeIgniter.php(312): CodeIgniter\CodeIgniter->handleRequest(NULL, Object(Config\Cache), false)
#9 G:\xampp\htdocs\UBS\pime_somali\index.php(45): CodeIgniter\CodeIgniter->run()
#10 {main}
CRITICAL - 2021-02-14 16:11:19 --> Call to undefined method CodeIgniter\Database\MySQLi\Result::result_array()
#0 G:\xampp\htdocs\UBS\pime_somali\system\View\View.php(246): include()
#1 G:\xampp\htdocs\UBS\pime_somali\system\Common.php(1119): CodeIgniter\View\View->render('office/planning...', Array, true)
#2 G:\xampp\htdocs\UBS\pime_somali\app\Views\template\index.php(14): view('office/planning...')
#3 G:\xampp\htdocs\UBS\pime_somali\system\View\View.php(246): include('G:\\xampp\\htdocs...')
#4 G:\xampp\htdocs\UBS\pime_somali\system\Common.php(1119): CodeIgniter\View\View->render('template/index', Array, true)
#5 G:\xampp\htdocs\UBS\pime_somali\app\Controllers\Planning\Results_framework.php(189): view('template/index', Array)
#6 G:\xampp\htdocs\UBS\pime_somali\system\CodeIgniter.php(918): App\Controllers\Planning\Results_framework->logframe('19')
#7 G:\xampp\htdocs\UBS\pime_somali\system\CodeIgniter.php(404): CodeIgniter\CodeIgniter->runController(Object(App\Controllers\Planning\Results_framework))
#8 G:\xampp\htdocs\UBS\pime_somali\system\CodeIgniter.php(312): CodeIgniter\CodeIgniter->handleRequest(NULL, Object(Config\Cache), false)
#9 G:\xampp\htdocs\UBS\pime_somali\index.php(45): CodeIgniter\CodeIgniter->run()
#10 {main}
CRITICAL - 2021-02-14 16:11:19 --> Call to undefined method CodeIgniter\Database\MySQLi\Result::result_array()
#0 G:\xampp\htdocs\UBS\pime_somali\system\View\View.php(246): include()
#1 G:\xampp\htdocs\UBS\pime_somali\system\Common.php(1119): CodeIgniter\View\View->render('office/planning...', Array, true)
#2 G:\xampp\htdocs\UBS\pime_somali\app\Views\template\index.php(14): view('office/planning...')
#3 G:\xampp\htdocs\UBS\pime_somali\system\View\View.php(246): include('G:\\xampp\\htdocs...')
#4 G:\xampp\htdocs\UBS\pime_somali\system\Common.php(1119): CodeIgniter\View\View->render('template/index', Array, true)
#5 G:\xampp\htdocs\UBS\pime_somali\app\Controllers\Planning\Results_framework.php(189): view('template/index', Array)
#6 G:\xampp\htdocs\UBS\pime_somali\system\CodeIgniter.php(918): App\Controllers\Planning\Results_framework->logframe('19')
#7 G:\xampp\htdocs\UBS\pime_somali\system\CodeIgniter.php(404): CodeIgniter\CodeIgniter->runController(Object(App\Controllers\Planning\Results_framework))
#8 G:\xampp\htdocs\UBS\pime_somali\system\CodeIgniter.php(312): CodeIgniter\CodeIgniter->handleRequest(NULL, Object(Config\Cache), false)
#9 G:\xampp\htdocs\UBS\pime_somali\index.php(45): CodeIgniter\CodeIgniter->run()
#10 {main}
CRITICAL - 2021-02-14 17:31:47 --> Call to undefined method CodeIgniter\Database\MySQLi\Result::result_array()
#0 G:\xampp\htdocs\UBS\pime_somali\system\View\View.php(246): include()
#1 G:\xampp\htdocs\UBS\pime_somali\system\Common.php(1119): CodeIgniter\View\View->render('office/planning...', Array, true)
#2 G:\xampp\htdocs\UBS\pime_somali\app\Views\template\index.php(14): view('office/planning...')
#3 G:\xampp\htdocs\UBS\pime_somali\system\View\View.php(246): include('G:\\xampp\\htdocs...')
#4 G:\xampp\htdocs\UBS\pime_somali\system\Common.php(1119): CodeIgniter\View\View->render('template/index', Array, true)
#5 G:\xampp\htdocs\UBS\pime_somali\app\Controllers\Planning\Results_framework.php(189): view('template/index', Array)
#6 G:\xampp\htdocs\UBS\pime_somali\system\CodeIgniter.php(918): App\Controllers\Planning\Results_framework->logframe('19')
#7 G:\xampp\htdocs\UBS\pime_somali\system\CodeIgniter.php(404): CodeIgniter\CodeIgniter->runController(Object(App\Controllers\Planning\Results_framework))
#8 G:\xampp\htdocs\UBS\pime_somali\system\CodeIgniter.php(312): CodeIgniter\CodeIgniter->handleRequest(NULL, Object(Config\Cache), false)
#9 G:\xampp\htdocs\UBS\pime_somali\index.php(45): CodeIgniter\CodeIgniter->run()
#10 {main}
CRITICAL - 2021-02-14 17:31:47 --> Call to undefined method CodeIgniter\Database\MySQLi\Result::result_array()
#0 G:\xampp\htdocs\UBS\pime_somali\system\View\View.php(246): include()
#1 G:\xampp\htdocs\UBS\pime_somali\system\Common.php(1119): CodeIgniter\View\View->render('office/planning...', Array, true)
#2 G:\xampp\htdocs\UBS\pime_somali\app\Views\template\index.php(14): view('office/planning...')
#3 G:\xampp\htdocs\UBS\pime_somali\system\View\View.php(246): include('G:\\xampp\\htdocs...')
#4 G:\xampp\htdocs\UBS\pime_somali\system\Common.php(1119): CodeIgniter\View\View->render('template/index', Array, true)
#5 G:\xampp\htdocs\UBS\pime_somali\app\Controllers\Planning\Results_framework.php(189): view('template/index', Array)
#6 G:\xampp\htdocs\UBS\pime_somali\system\CodeIgniter.php(918): App\Controllers\Planning\Results_framework->logframe('19')
#7 G:\xampp\htdocs\UBS\pime_somali\system\CodeIgniter.php(404): CodeIgniter\CodeIgniter->runController(Object(App\Controllers\Planning\Results_framework))
#8 G:\xampp\htdocs\UBS\pime_somali\system\CodeIgniter.php(312): CodeIgniter\CodeIgniter->handleRequest(NULL, Object(Config\Cache), false)
#9 G:\xampp\htdocs\UBS\pime_somali\index.php(45): CodeIgniter\CodeIgniter->run()
#10 {main}
CRITICAL - 2021-02-14 17:31:47 --> Call to undefined method CodeIgniter\Database\MySQLi\Result::result_array()
#0 G:\xampp\htdocs\UBS\pime_somali\system\View\View.php(246): include()
#1 G:\xampp\htdocs\UBS\pime_somali\system\Common.php(1119): CodeIgniter\View\View->render('office/planning...', Array, true)
#2 G:\xampp\htdocs\UBS\pime_somali\app\Views\template\index.php(14): view('office/planning...')
#3 G:\xampp\htdocs\UBS\pime_somali\system\View\View.php(246): include('G:\\xampp\\htdocs...')
#4 G:\xampp\htdocs\UBS\pime_somali\system\Common.php(1119): CodeIgniter\View\View->render('template/index', Array, true)
#5 G:\xampp\htdocs\UBS\pime_somali\app\Controllers\Planning\Results_framework.php(189): view('template/index', Array)
#6 G:\xampp\htdocs\UBS\pime_somali\system\CodeIgniter.php(918): App\Controllers\Planning\Results_framework->logframe('19')
#7 G:\xampp\htdocs\UBS\pime_somali\system\CodeIgniter.php(404): CodeIgniter\CodeIgniter->runController(Object(App\Controllers\Planning\Results_framework))
#8 G:\xampp\htdocs\UBS\pime_somali\system\CodeIgniter.php(312): CodeIgniter\CodeIgniter->handleRequest(NULL, Object(Config\Cache), false)
#9 G:\xampp\htdocs\UBS\pime_somali\index.php(45): CodeIgniter\CodeIgniter->run()
#10 {main}
