CRITICAL - 2021-02-16 11:03:26 --> A non-numeric value encountered
#0 G:\xampp\htdocs\UBS\pime_somali\app\Views\office\planning\result_framework\add_sector_priority.php(45): CodeIgniter\Debug\Exceptions->errorHandler(2, 'A non-numeric v...', 'G:\\xampp\\htdocs...', 45, Array)
#1 G:\xampp\htdocs\UBS\pime_somali\system\View\View.php(246): include('G:\\xampp\\htdocs...')
#2 G:\xampp\htdocs\UBS\pime_somali\system\Common.php(1119): CodeIgniter\View\View->render('office/planning...', Array, true)
#3 G:\xampp\htdocs\UBS\pime_somali\app\Views\template\index.php(14): view('office/planning...')
#4 G:\xampp\htdocs\UBS\pime_somali\system\View\View.php(246): include('G:\\xampp\\htdocs...')
#5 G:\xampp\htdocs\UBS\pime_somali\system\Common.php(1119): CodeIgniter\View\View->render('template/index', Array, true)
#6 G:\xampp\htdocs\UBS\pime_somali\app\Controllers\Planning\Results_framework.php(310): view('template/index', Array)
#7 G:\xampp\htdocs\UBS\pime_somali\system\CodeIgniter.php(918): App\Controllers\Planning\Results_framework->add_sector_priority('21', '')
#8 G:\xampp\htdocs\UBS\pime_somali\system\CodeIgniter.php(404): CodeIgniter\CodeIgniter->runController(Object(App\Controllers\Planning\Results_framework))
#9 G:\xampp\htdocs\UBS\pime_somali\system\CodeIgniter.php(312): CodeIgniter\CodeIgniter->handleRequest(NULL, Object(Config\Cache), false)
#10 G:\xampp\htdocs\UBS\pime_somali\index.php(45): CodeIgniter\CodeIgniter->run()
#11 {main}
CRITICAL - 2021-02-16 11:03:27 --> A non-numeric value encountered
#0 G:\xampp\htdocs\UBS\pime_somali\app\Views\office\planning\result_framework\add_sector_priority.php(45): CodeIgniter\Debug\Exceptions->errorHandler(2, 'A non-numeric v...', 'G:\\xampp\\htdocs...', 45, Array)
#1 G:\xampp\htdocs\UBS\pime_somali\system\View\View.php(246): include('G:\\xampp\\htdocs...')
#2 G:\xampp\htdocs\UBS\pime_somali\system\Common.php(1119): CodeIgniter\View\View->render('office/planning...', Array, true)
#3 G:\xampp\htdocs\UBS\pime_somali\app\Views\template\index.php(14): view('office/planning...')
#4 G:\xampp\htdocs\UBS\pime_somali\system\View\View.php(246): include('G:\\xampp\\htdocs...')
#5 G:\xampp\htdocs\UBS\pime_somali\system\Common.php(1119): CodeIgniter\View\View->render('template/index', Array, true)
#6 G:\xampp\htdocs\UBS\pime_somali\app\Controllers\Planning\Results_framework.php(310): view('template/index', Array)
#7 G:\xampp\htdocs\UBS\pime_somali\system\CodeIgniter.php(918): App\Controllers\Planning\Results_framework->add_sector_priority('21', '')
#8 G:\xampp\htdocs\UBS\pime_somali\system\CodeIgniter.php(404): CodeIgniter\CodeIgniter->runController(Object(App\Controllers\Planning\Results_framework))
#9 G:\xampp\htdocs\UBS\pime_somali\system\CodeIgniter.php(312): CodeIgniter\CodeIgniter->handleRequest(NULL, Object(Config\Cache), false)
#10 G:\xampp\htdocs\UBS\pime_somali\index.php(45): CodeIgniter\CodeIgniter->run()
#11 {main}
CRITICAL - 2021-02-16 11:03:27 --> A non-numeric value encountered
#0 G:\xampp\htdocs\UBS\pime_somali\app\Views\office\planning\result_framework\add_sector_priority.php(45): CodeIgniter\Debug\Exceptions->errorHandler(2, 'A non-numeric v...', 'G:\\xampp\\htdocs...', 45, Array)
#1 G:\xampp\htdocs\UBS\pime_somali\system\View\View.php(246): include('G:\\xampp\\htdocs...')
#2 G:\xampp\htdocs\UBS\pime_somali\system\Common.php(1119): CodeIgniter\View\View->render('office/planning...', Array, true)
#3 G:\xampp\htdocs\UBS\pime_somali\app\Views\template\index.php(14): view('office/planning...')
#4 G:\xampp\htdocs\UBS\pime_somali\system\View\View.php(246): include('G:\\xampp\\htdocs...')
#5 G:\xampp\htdocs\UBS\pime_somali\system\Common.php(1119): CodeIgniter\View\View->render('template/index', Array, true)
#6 G:\xampp\htdocs\UBS\pime_somali\app\Controllers\Planning\Results_framework.php(310): view('template/index', Array)
#7 G:\xampp\htdocs\UBS\pime_somali\system\CodeIgniter.php(918): App\Controllers\Planning\Results_framework->add_sector_priority('21', '')
#8 G:\xampp\htdocs\UBS\pime_somali\system\CodeIgniter.php(404): CodeIgniter\CodeIgniter->runController(Object(App\Controllers\Planning\Results_framework))
#9 G:\xampp\htdocs\UBS\pime_somali\system\CodeIgniter.php(312): CodeIgniter\CodeIgniter->handleRequest(NULL, Object(Config\Cache), false)
#10 G:\xampp\htdocs\UBS\pime_somali\index.php(45): CodeIgniter\CodeIgniter->run()
#11 {main}
CRITICAL - 2021-02-16 11:04:05 --> syntax error, unexpected '.'
#0 G:\xampp\htdocs\UBS\pime_somali\system\Common.php(1119): CodeIgniter\View\View->render('office/planning...', Array, true)
#1 G:\xampp\htdocs\UBS\pime_somali\app\Views\template\index.php(14): view('office/planning...')
#2 G:\xampp\htdocs\UBS\pime_somali\system\View\View.php(246): include('G:\\xampp\\htdocs...')
#3 G:\xampp\htdocs\UBS\pime_somali\system\Common.php(1119): CodeIgniter\View\View->render('template/index', Array, true)
#4 G:\xampp\htdocs\UBS\pime_somali\app\Controllers\Planning\Results_framework.php(310): view('template/index', Array)
#5 G:\xampp\htdocs\UBS\pime_somali\system\CodeIgniter.php(918): App\Controllers\Planning\Results_framework->add_sector_priority('21', '')
#6 G:\xampp\htdocs\UBS\pime_somali\system\CodeIgniter.php(404): CodeIgniter\CodeIgniter->runController(Object(App\Controllers\Planning\Results_framework))
#7 G:\xampp\htdocs\UBS\pime_somali\system\CodeIgniter.php(312): CodeIgniter\CodeIgniter->handleRequest(NULL, Object(Config\Cache), false)
#8 G:\xampp\htdocs\UBS\pime_somali\index.php(45): CodeIgniter\CodeIgniter->run()
#9 {main}
CRITICAL - 2021-02-16 11:04:05 --> syntax error, unexpected '.'
#0 G:\xampp\htdocs\UBS\pime_somali\system\Common.php(1119): CodeIgniter\View\View->render('office/planning...', Array, true)
#1 G:\xampp\htdocs\UBS\pime_somali\app\Views\template\index.php(14): view('office/planning...')
#2 G:\xampp\htdocs\UBS\pime_somali\system\View\View.php(246): include('G:\\xampp\\htdocs...')
#3 G:\xampp\htdocs\UBS\pime_somali\system\Common.php(1119): CodeIgniter\View\View->render('template/index', Array, true)
#4 G:\xampp\htdocs\UBS\pime_somali\app\Controllers\Planning\Results_framework.php(310): view('template/index', Array)
#5 G:\xampp\htdocs\UBS\pime_somali\system\CodeIgniter.php(918): App\Controllers\Planning\Results_framework->add_sector_priority('21', '')
#6 G:\xampp\htdocs\UBS\pime_somali\system\CodeIgniter.php(404): CodeIgniter\CodeIgniter->runController(Object(App\Controllers\Planning\Results_framework))
#7 G:\xampp\htdocs\UBS\pime_somali\system\CodeIgniter.php(312): CodeIgniter\CodeIgniter->handleRequest(NULL, Object(Config\Cache), false)
#8 G:\xampp\htdocs\UBS\pime_somali\index.php(45): CodeIgniter\CodeIgniter->run()
#9 {main}
CRITICAL - 2021-02-16 11:04:05 --> syntax error, unexpected '.'
#0 G:\xampp\htdocs\UBS\pime_somali\system\Common.php(1119): CodeIgniter\View\View->render('office/planning...', Array, true)
#1 G:\xampp\htdocs\UBS\pime_somali\app\Views\template\index.php(14): view('office/planning...')
#2 G:\xampp\htdocs\UBS\pime_somali\system\View\View.php(246): include('G:\\xampp\\htdocs...')
#3 G:\xampp\htdocs\UBS\pime_somali\system\Common.php(1119): CodeIgniter\View\View->render('template/index', Array, true)
#4 G:\xampp\htdocs\UBS\pime_somali\app\Controllers\Planning\Results_framework.php(310): view('template/index', Array)
#5 G:\xampp\htdocs\UBS\pime_somali\system\CodeIgniter.php(918): App\Controllers\Planning\Results_framework->add_sector_priority('21', '')
#6 G:\xampp\htdocs\UBS\pime_somali\system\CodeIgniter.php(404): CodeIgniter\CodeIgniter->runController(Object(App\Controllers\Planning\Results_framework))
#7 G:\xampp\htdocs\UBS\pime_somali\system\CodeIgniter.php(312): CodeIgniter\CodeIgniter->handleRequest(NULL, Object(Config\Cache), false)
#8 G:\xampp\htdocs\UBS\pime_somali\index.php(45): CodeIgniter\CodeIgniter->run()
#9 {main}
CRITICAL - 2021-02-16 11:04:20 --> Undefined property: CodeIgniter\View\View::$request
#0 G:\xampp\htdocs\UBS\pime_somali\app\Views\office\planning\result_framework\add_sector_priority.php(45): CodeIgniter\Debug\Exceptions->errorHandler(8, 'Undefined prope...', 'G:\\xampp\\htdocs...', 45, Array)
#1 G:\xampp\htdocs\UBS\pime_somali\system\View\View.php(246): include('G:\\xampp\\htdocs...')
#2 G:\xampp\htdocs\UBS\pime_somali\system\Common.php(1119): CodeIgniter\View\View->render('office/planning...', Array, true)
#3 G:\xampp\htdocs\UBS\pime_somali\app\Views\template\index.php(14): view('office/planning...')
#4 G:\xampp\htdocs\UBS\pime_somali\system\View\View.php(246): include('G:\\xampp\\htdocs...')
#5 G:\xampp\htdocs\UBS\pime_somali\system\Common.php(1119): CodeIgniter\View\View->render('template/index', Array, true)
#6 G:\xampp\htdocs\UBS\pime_somali\app\Controllers\Planning\Results_framework.php(310): view('template/index', Array)
#7 G:\xampp\htdocs\UBS\pime_somali\system\CodeIgniter.php(918): App\Controllers\Planning\Results_framework->add_sector_priority('21', '')
#8 G:\xampp\htdocs\UBS\pime_somali\system\CodeIgniter.php(404): CodeIgniter\CodeIgniter->runController(Object(App\Controllers\Planning\Results_framework))
#9 G:\xampp\htdocs\UBS\pime_somali\system\CodeIgniter.php(312): CodeIgniter\CodeIgniter->handleRequest(NULL, Object(Config\Cache), false)
#10 G:\xampp\htdocs\UBS\pime_somali\index.php(45): CodeIgniter\CodeIgniter->run()
#11 {main}
CRITICAL - 2021-02-16 11:04:20 --> Undefined property: CodeIgniter\View\View::$request
#0 G:\xampp\htdocs\UBS\pime_somali\app\Views\office\planning\result_framework\add_sector_priority.php(45): CodeIgniter\Debug\Exceptions->errorHandler(8, 'Undefined prope...', 'G:\\xampp\\htdocs...', 45, Array)
#1 G:\xampp\htdocs\UBS\pime_somali\system\View\View.php(246): include('G:\\xampp\\htdocs...')
#2 G:\xampp\htdocs\UBS\pime_somali\system\Common.php(1119): CodeIgniter\View\View->render('office/planning...', Array, true)
#3 G:\xampp\htdocs\UBS\pime_somali\app\Views\template\index.php(14): view('office/planning...')
#4 G:\xampp\htdocs\UBS\pime_somali\system\View\View.php(246): include('G:\\xampp\\htdocs...')
#5 G:\xampp\htdocs\UBS\pime_somali\system\Common.php(1119): CodeIgniter\View\View->render('template/index', Array, true)
#6 G:\xampp\htdocs\UBS\pime_somali\app\Controllers\Planning\Results_framework.php(310): view('template/index', Array)
#7 G:\xampp\htdocs\UBS\pime_somali\system\CodeIgniter.php(918): App\Controllers\Planning\Results_framework->add_sector_priority('21', '')
#8 G:\xampp\htdocs\UBS\pime_somali\system\CodeIgniter.php(404): CodeIgniter\CodeIgniter->runController(Object(App\Controllers\Planning\Results_framework))
#9 G:\xampp\htdocs\UBS\pime_somali\system\CodeIgniter.php(312): CodeIgniter\CodeIgniter->handleRequest(NULL, Object(Config\Cache), false)
#10 G:\xampp\htdocs\UBS\pime_somali\index.php(45): CodeIgniter\CodeIgniter->run()
#11 {main}
CRITICAL - 2021-02-16 11:04:20 --> Undefined property: CodeIgniter\View\View::$request
#0 G:\xampp\htdocs\UBS\pime_somali\app\Views\office\planning\result_framework\add_sector_priority.php(45): CodeIgniter\Debug\Exceptions->errorHandler(8, 'Undefined prope...', 'G:\\xampp\\htdocs...', 45, Array)
#1 G:\xampp\htdocs\UBS\pime_somali\system\View\View.php(246): include('G:\\xampp\\htdocs...')
#2 G:\xampp\htdocs\UBS\pime_somali\system\Common.php(1119): CodeIgniter\View\View->render('office/planning...', Array, true)
#3 G:\xampp\htdocs\UBS\pime_somali\app\Views\template\index.php(14): view('office/planning...')
#4 G:\xampp\htdocs\UBS\pime_somali\system\View\View.php(246): include('G:\\xampp\\htdocs...')
#5 G:\xampp\htdocs\UBS\pime_somali\system\Common.php(1119): CodeIgniter\View\View->render('template/index', Array, true)
#6 G:\xampp\htdocs\UBS\pime_somali\app\Controllers\Planning\Results_framework.php(310): view('template/index', Array)
#7 G:\xampp\htdocs\UBS\pime_somali\system\CodeIgniter.php(918): App\Controllers\Planning\Results_framework->add_sector_priority('21', '')
#8 G:\xampp\htdocs\UBS\pime_somali\system\CodeIgniter.php(404): CodeIgniter\CodeIgniter->runController(Object(App\Controllers\Planning\Results_framework))
#9 G:\xampp\htdocs\UBS\pime_somali\system\CodeIgniter.php(312): CodeIgniter\CodeIgniter->handleRequest(NULL, Object(Config\Cache), false)
#10 G:\xampp\htdocs\UBS\pime_somali\index.php(45): CodeIgniter\CodeIgniter->run()
#11 {main}
CRITICAL - 2021-02-16 12:37:24 --> Cannot add or update a child row: a foreign key constraint fails (`pime_somali`.`fydp_sector_priority`, CONSTRAINT `fydp_sector_priority_ibfk_1` FOREIGN KEY (`sector_id`) REFERENCES `fydp_sectors` (`id`))
#0 G:\xampp\htdocs\UBS\pime_somali\system\Database\MySQLi\Connection.php(331): mysqli->query('INSERT INTO `fy...')
#1 G:\xampp\htdocs\UBS\pime_somali\system\Database\BaseConnection.php(741): CodeIgniter\Database\MySQLi\Connection->execute('INSERT INTO `fy...')
#2 G:\xampp\htdocs\UBS\pime_somali\system\Database\BaseConnection.php(669): CodeIgniter\Database\BaseConnection->simpleQuery('INSERT INTO `fy...')
#3 G:\xampp\htdocs\UBS\pime_somali\system\Database\BaseBuilder.php(2249): CodeIgniter\Database\BaseConnection->query('INSERT INTO `fy...', Array, false)
#4 G:\xampp\htdocs\UBS\pime_somali\app\Controllers\Planning\Results_framework.php(290): CodeIgniter\Database\BaseBuilder->insert(Array)
#5 G:\xampp\htdocs\UBS\pime_somali\system\CodeIgniter.php(918): App\Controllers\Planning\Results_framework->add_sector_priority('21', '')
#6 G:\xampp\htdocs\UBS\pime_somali\system\CodeIgniter.php(404): CodeIgniter\CodeIgniter->runController(Object(App\Controllers\Planning\Results_framework))
#7 G:\xampp\htdocs\UBS\pime_somali\system\CodeIgniter.php(312): CodeIgniter\CodeIgniter->handleRequest(NULL, Object(Config\Cache), false)
#8 G:\xampp\htdocs\UBS\pime_somali\index.php(45): CodeIgniter\CodeIgniter->run()
#9 {main}
CRITICAL - 2021-02-16 12:40:04 --> Undefined property: CodeIgniter\View\View::$uri
#0 G:\xampp\htdocs\UBS\pime_somali\app\Views\office\planning\result_framework\logframe.php(137): CodeIgniter\Debug\Exceptions->errorHandler(8, 'Undefined prope...', 'G:\\xampp\\htdocs...', 137, Array)
#1 G:\xampp\htdocs\UBS\pime_somali\system\View\View.php(246): include('G:\\xampp\\htdocs...')
#2 G:\xampp\htdocs\UBS\pime_somali\system\Common.php(1119): CodeIgniter\View\View->render('office/planning...', Array, true)
#3 G:\xampp\htdocs\UBS\pime_somali\app\Views\template\index.php(14): view('office/planning...')
#4 G:\xampp\htdocs\UBS\pime_somali\system\View\View.php(246): include('G:\\xampp\\htdocs...')
#5 G:\xampp\htdocs\UBS\pime_somali\system\Common.php(1119): CodeIgniter\View\View->render('template/index', Array, true)
#6 G:\xampp\htdocs\UBS\pime_somali\app\Controllers\Planning\Results_framework.php(190): view('template/index', Array)
#7 G:\xampp\htdocs\UBS\pime_somali\system\CodeIgniter.php(918): App\Controllers\Planning\Results_framework->logframe('21')
#8 G:\xampp\htdocs\UBS\pime_somali\system\CodeIgniter.php(404): CodeIgniter\CodeIgniter->runController(Object(App\Controllers\Planning\Results_framework))
#9 G:\xampp\htdocs\UBS\pime_somali\system\CodeIgniter.php(312): CodeIgniter\CodeIgniter->handleRequest(NULL, Object(Config\Cache), false)
#10 G:\xampp\htdocs\UBS\pime_somali\index.php(45): CodeIgniter\CodeIgniter->run()
#11 {main}
CRITICAL - 2021-02-16 12:40:04 --> Undefined property: CodeIgniter\View\View::$uri
#0 G:\xampp\htdocs\UBS\pime_somali\app\Views\office\planning\result_framework\logframe.php(137): CodeIgniter\Debug\Exceptions->errorHandler(8, 'Undefined prope...', 'G:\\xampp\\htdocs...', 137, Array)
#1 G:\xampp\htdocs\UBS\pime_somali\system\View\View.php(246): include('G:\\xampp\\htdocs...')
#2 G:\xampp\htdocs\UBS\pime_somali\system\Common.php(1119): CodeIgniter\View\View->render('office/planning...', Array, true)
#3 G:\xampp\htdocs\UBS\pime_somali\app\Views\template\index.php(14): view('office/planning...')
#4 G:\xampp\htdocs\UBS\pime_somali\system\View\View.php(246): include('G:\\xampp\\htdocs...')
#5 G:\xampp\htdocs\UBS\pime_somali\system\Common.php(1119): CodeIgniter\View\View->render('template/index', Array, true)
#6 G:\xampp\htdocs\UBS\pime_somali\app\Controllers\Planning\Results_framework.php(190): view('template/index', Array)
#7 G:\xampp\htdocs\UBS\pime_somali\system\CodeIgniter.php(918): App\Controllers\Planning\Results_framework->logframe('21')
#8 G:\xampp\htdocs\UBS\pime_somali\system\CodeIgniter.php(404): CodeIgniter\CodeIgniter->runController(Object(App\Controllers\Planning\Results_framework))
#9 G:\xampp\htdocs\UBS\pime_somali\system\CodeIgniter.php(312): CodeIgniter\CodeIgniter->handleRequest(NULL, Object(Config\Cache), false)
#10 G:\xampp\htdocs\UBS\pime_somali\index.php(45): CodeIgniter\CodeIgniter->run()
#11 {main}
CRITICAL - 2021-02-16 12:40:04 --> Undefined property: CodeIgniter\View\View::$uri
#0 G:\xampp\htdocs\UBS\pime_somali\app\Views\office\planning\result_framework\logframe.php(137): CodeIgniter\Debug\Exceptions->errorHandler(8, 'Undefined prope...', 'G:\\xampp\\htdocs...', 137, Array)
#1 G:\xampp\htdocs\UBS\pime_somali\system\View\View.php(246): include('G:\\xampp\\htdocs...')
#2 G:\xampp\htdocs\UBS\pime_somali\system\Common.php(1119): CodeIgniter\View\View->render('office/planning...', Array, true)
#3 G:\xampp\htdocs\UBS\pime_somali\app\Views\template\index.php(14): view('office/planning...')
#4 G:\xampp\htdocs\UBS\pime_somali\system\View\View.php(246): include('G:\\xampp\\htdocs...')
#5 G:\xampp\htdocs\UBS\pime_somali\system\Common.php(1119): CodeIgniter\View\View->render('template/index', Array, true)
#6 G:\xampp\htdocs\UBS\pime_somali\app\Controllers\Planning\Results_framework.php(190): view('template/index', Array)
#7 G:\xampp\htdocs\UBS\pime_somali\system\CodeIgniter.php(918): App\Controllers\Planning\Results_framework->logframe('21')
#8 G:\xampp\htdocs\UBS\pime_somali\system\CodeIgniter.php(404): CodeIgniter\CodeIgniter->runController(Object(App\Controllers\Planning\Results_framework))
#9 G:\xampp\htdocs\UBS\pime_somali\system\CodeIgniter.php(312): CodeIgniter\CodeIgniter->handleRequest(NULL, Object(Config\Cache), false)
#10 G:\xampp\htdocs\UBS\pime_somali\index.php(45): CodeIgniter\CodeIgniter->run()
#11 {main}
CRITICAL - 2021-02-16 12:50:19 --> Undefined property: CodeIgniter\View\View::$db
#0 G:\xampp\htdocs\UBS\pime_somali\app\Views\office\planning\result_framework\logframe.php(143): CodeIgniter\Debug\Exceptions->errorHandler(8, 'Undefined prope...', 'G:\\xampp\\htdocs...', 143, Array)
#1 G:\xampp\htdocs\UBS\pime_somali\system\View\View.php(246): include('G:\\xampp\\htdocs...')
#2 G:\xampp\htdocs\UBS\pime_somali\system\Common.php(1119): CodeIgniter\View\View->render('office/planning...', Array, true)
#3 G:\xampp\htdocs\UBS\pime_somali\app\Views\template\index.php(14): view('office/planning...')
#4 G:\xampp\htdocs\UBS\pime_somali\system\View\View.php(246): include('G:\\xampp\\htdocs...')
#5 G:\xampp\htdocs\UBS\pime_somali\system\Common.php(1119): CodeIgniter\View\View->render('template/index', Array, true)
#6 G:\xampp\htdocs\UBS\pime_somali\app\Controllers\Planning\Results_framework.php(190): view('template/index', Array)
#7 G:\xampp\htdocs\UBS\pime_somali\system\CodeIgniter.php(918): App\Controllers\Planning\Results_framework->logframe('21')
#8 G:\xampp\htdocs\UBS\pime_somali\system\CodeIgniter.php(404): CodeIgniter\CodeIgniter->runController(Object(App\Controllers\Planning\Results_framework))
#9 G:\xampp\htdocs\UBS\pime_somali\system\CodeIgniter.php(312): CodeIgniter\CodeIgniter->handleRequest(NULL, Object(Config\Cache), false)
#10 G:\xampp\htdocs\UBS\pime_somali\index.php(45): CodeIgniter\CodeIgniter->run()
#11 {main}
CRITICAL - 2021-02-16 12:50:19 --> Undefined property: CodeIgniter\View\View::$db
#0 G:\xampp\htdocs\UBS\pime_somali\app\Views\office\planning\result_framework\logframe.php(143): CodeIgniter\Debug\Exceptions->errorHandler(8, 'Undefined prope...', 'G:\\xampp\\htdocs...', 143, Array)
#1 G:\xampp\htdocs\UBS\pime_somali\system\View\View.php(246): include('G:\\xampp\\htdocs...')
#2 G:\xampp\htdocs\UBS\pime_somali\system\Common.php(1119): CodeIgniter\View\View->render('office/planning...', Array, true)
#3 G:\xampp\htdocs\UBS\pime_somali\app\Views\template\index.php(14): view('office/planning...')
#4 G:\xampp\htdocs\UBS\pime_somali\system\View\View.php(246): include('G:\\xampp\\htdocs...')
#5 G:\xampp\htdocs\UBS\pime_somali\system\Common.php(1119): CodeIgniter\View\View->render('template/index', Array, true)
#6 G:\xampp\htdocs\UBS\pime_somali\app\Controllers\Planning\Results_framework.php(190): view('template/index', Array)
#7 G:\xampp\htdocs\UBS\pime_somali\system\CodeIgniter.php(918): App\Controllers\Planning\Results_framework->logframe('21')
#8 G:\xampp\htdocs\UBS\pime_somali\system\CodeIgniter.php(404): CodeIgniter\CodeIgniter->runController(Object(App\Controllers\Planning\Results_framework))
#9 G:\xampp\htdocs\UBS\pime_somali\system\CodeIgniter.php(312): CodeIgniter\CodeIgniter->handleRequest(NULL, Object(Config\Cache), false)
#10 G:\xampp\htdocs\UBS\pime_somali\index.php(45): CodeIgniter\CodeIgniter->run()
#11 {main}
CRITICAL - 2021-02-16 12:50:19 --> Undefined property: CodeIgniter\View\View::$db
#0 G:\xampp\htdocs\UBS\pime_somali\app\Views\office\planning\result_framework\logframe.php(143): CodeIgniter\Debug\Exceptions->errorHandler(8, 'Undefined prope...', 'G:\\xampp\\htdocs...', 143, Array)
#1 G:\xampp\htdocs\UBS\pime_somali\system\View\View.php(246): include('G:\\xampp\\htdocs...')
#2 G:\xampp\htdocs\UBS\pime_somali\system\Common.php(1119): CodeIgniter\View\View->render('office/planning...', Array, true)
#3 G:\xampp\htdocs\UBS\pime_somali\app\Views\template\index.php(14): view('office/planning...')
#4 G:\xampp\htdocs\UBS\pime_somali\system\View\View.php(246): include('G:\\xampp\\htdocs...')
#5 G:\xampp\htdocs\UBS\pime_somali\system\Common.php(1119): CodeIgniter\View\View->render('template/index', Array, true)
#6 G:\xampp\htdocs\UBS\pime_somali\app\Controllers\Planning\Results_framework.php(190): view('template/index', Array)
#7 G:\xampp\htdocs\UBS\pime_somali\system\CodeIgniter.php(918): App\Controllers\Planning\Results_framework->logframe('21')
#8 G:\xampp\htdocs\UBS\pime_somali\system\CodeIgniter.php(404): CodeIgniter\CodeIgniter->runController(Object(App\Controllers\Planning\Results_framework))
#9 G:\xampp\htdocs\UBS\pime_somali\system\CodeIgniter.php(312): CodeIgniter\CodeIgniter->handleRequest(NULL, Object(Config\Cache), false)
#10 G:\xampp\htdocs\UBS\pime_somali\index.php(45): CodeIgniter\CodeIgniter->run()
#11 {main}
CRITICAL - 2021-02-16 12:50:21 --> Undefined property: CodeIgniter\View\View::$db
#0 G:\xampp\htdocs\UBS\pime_somali\app\Views\office\planning\result_framework\logframe.php(143): CodeIgniter\Debug\Exceptions->errorHandler(8, 'Undefined prope...', 'G:\\xampp\\htdocs...', 143, Array)
#1 G:\xampp\htdocs\UBS\pime_somali\system\View\View.php(246): include('G:\\xampp\\htdocs...')
#2 G:\xampp\htdocs\UBS\pime_somali\system\Common.php(1119): CodeIgniter\View\View->render('office/planning...', Array, true)
#3 G:\xampp\htdocs\UBS\pime_somali\app\Views\template\index.php(14): view('office/planning...')
#4 G:\xampp\htdocs\UBS\pime_somali\system\View\View.php(246): include('G:\\xampp\\htdocs...')
#5 G:\xampp\htdocs\UBS\pime_somali\system\Common.php(1119): CodeIgniter\View\View->render('template/index', Array, true)
#6 G:\xampp\htdocs\UBS\pime_somali\app\Controllers\Planning\Results_framework.php(190): view('template/index', Array)
#7 G:\xampp\htdocs\UBS\pime_somali\system\CodeIgniter.php(918): App\Controllers\Planning\Results_framework->logframe('21')
#8 G:\xampp\htdocs\UBS\pime_somali\system\CodeIgniter.php(404): CodeIgniter\CodeIgniter->runController(Object(App\Controllers\Planning\Results_framework))
#9 G:\xampp\htdocs\UBS\pime_somali\system\CodeIgniter.php(312): CodeIgniter\CodeIgniter->handleRequest(NULL, Object(Config\Cache), false)
#10 G:\xampp\htdocs\UBS\pime_somali\index.php(45): CodeIgniter\CodeIgniter->run()
#11 {main}
CRITICAL - 2021-02-16 12:50:21 --> Undefined property: CodeIgniter\View\View::$db
#0 G:\xampp\htdocs\UBS\pime_somali\app\Views\office\planning\result_framework\logframe.php(143): CodeIgniter\Debug\Exceptions->errorHandler(8, 'Undefined prope...', 'G:\\xampp\\htdocs...', 143, Array)
#1 G:\xampp\htdocs\UBS\pime_somali\system\View\View.php(246): include('G:\\xampp\\htdocs...')
#2 G:\xampp\htdocs\UBS\pime_somali\system\Common.php(1119): CodeIgniter\View\View->render('office/planning...', Array, true)
#3 G:\xampp\htdocs\UBS\pime_somali\app\Views\template\index.php(14): view('office/planning...')
#4 G:\xampp\htdocs\UBS\pime_somali\system\View\View.php(246): include('G:\\xampp\\htdocs...')
#5 G:\xampp\htdocs\UBS\pime_somali\system\Common.php(1119): CodeIgniter\View\View->render('template/index', Array, true)
#6 G:\xampp\htdocs\UBS\pime_somali\app\Controllers\Planning\Results_framework.php(190): view('template/index', Array)
#7 G:\xampp\htdocs\UBS\pime_somali\system\CodeIgniter.php(918): App\Controllers\Planning\Results_framework->logframe('21')
#8 G:\xampp\htdocs\UBS\pime_somali\system\CodeIgniter.php(404): CodeIgniter\CodeIgniter->runController(Object(App\Controllers\Planning\Results_framework))
#9 G:\xampp\htdocs\UBS\pime_somali\system\CodeIgniter.php(312): CodeIgniter\CodeIgniter->handleRequest(NULL, Object(Config\Cache), false)
#10 G:\xampp\htdocs\UBS\pime_somali\index.php(45): CodeIgniter\CodeIgniter->run()
#11 {main}
CRITICAL - 2021-02-16 12:50:21 --> Undefined property: CodeIgniter\View\View::$db
#0 G:\xampp\htdocs\UBS\pime_somali\app\Views\office\planning\result_framework\logframe.php(143): CodeIgniter\Debug\Exceptions->errorHandler(8, 'Undefined prope...', 'G:\\xampp\\htdocs...', 143, Array)
#1 G:\xampp\htdocs\UBS\pime_somali\system\View\View.php(246): include('G:\\xampp\\htdocs...')
#2 G:\xampp\htdocs\UBS\pime_somali\system\Common.php(1119): CodeIgniter\View\View->render('office/planning...', Array, true)
#3 G:\xampp\htdocs\UBS\pime_somali\app\Views\template\index.php(14): view('office/planning...')
#4 G:\xampp\htdocs\UBS\pime_somali\system\View\View.php(246): include('G:\\xampp\\htdocs...')
#5 G:\xampp\htdocs\UBS\pime_somali\system\Common.php(1119): CodeIgniter\View\View->render('template/index', Array, true)
#6 G:\xampp\htdocs\UBS\pime_somali\app\Controllers\Planning\Results_framework.php(190): view('template/index', Array)
#7 G:\xampp\htdocs\UBS\pime_somali\system\CodeIgniter.php(918): App\Controllers\Planning\Results_framework->logframe('21')
#8 G:\xampp\htdocs\UBS\pime_somali\system\CodeIgniter.php(404): CodeIgniter\CodeIgniter->runController(Object(App\Controllers\Planning\Results_framework))
#9 G:\xampp\htdocs\UBS\pime_somali\system\CodeIgniter.php(312): CodeIgniter\CodeIgniter->handleRequest(NULL, Object(Config\Cache), false)
#10 G:\xampp\htdocs\UBS\pime_somali\index.php(45): CodeIgniter\CodeIgniter->run()
#11 {main}
