CRITICAL - 2021-07-29 05:39:22 --> Trying to get property 'name' of non-object
#0 E:\www\creaw\app\Views\office\reporting\organizational_data\cases_database\export.php(119): CodeIgniter\Debug\Exceptions->errorHandler(8, 'Trying to get p...', 'E:\\www\\creaw\\ap...', 119, Array)
#1 E:\www\creaw\system\View\View.php(246): include('E:\\www\\creaw\\ap...')
#2 E:\www\creaw\system\Common.php(1119): CodeIgniter\View\View->render('office/reportin...', Array, true)
#3 E:\www\creaw\app\Controllers\Reporting\Organizational_data\Cases_database.php(596): view('office/reportin...', Array)
#4 E:\www\creaw\system\CodeIgniter.php(918): App\Controllers\Reporting\Organizational_data\Cases_database->print_page('1')
#5 E:\www\creaw\system\CodeIgniter.php(404): CodeIgniter\CodeIgniter->runController(Object(App\Controllers\Reporting\Organizational_data\Cases_database))
#6 E:\www\creaw\system\CodeIgniter.php(312): CodeIgniter\CodeIgniter->handleRequest(NULL, Object(Config\Cache), false)
#7 E:\www\creaw\index.php(45): CodeIgniter\CodeIgniter->run()
#8 {main}
CRITICAL - 2021-07-29 05:40:37 --> Trying to get property 'name' of non-object
#0 E:\www\creaw\app\Views\office\reporting\organizational_data\cases_database\export.php(119): CodeIgniter\Debug\Exceptions->errorHandler(8, 'Trying to get p...', 'E:\\www\\creaw\\ap...', 119, Array)
#1 E:\www\creaw\system\View\View.php(246): include('E:\\www\\creaw\\ap...')
#2 E:\www\creaw\system\Common.php(1119): CodeIgniter\View\View->render('office/reportin...', Array, true)
#3 E:\www\creaw\app\Controllers\Reporting\Organizational_data\Cases_database.php(596): view('office/reportin...', Array)
#4 E:\www\creaw\system\CodeIgniter.php(918): App\Controllers\Reporting\Organizational_data\Cases_database->print_page('1')
#5 E:\www\creaw\system\CodeIgniter.php(404): CodeIgniter\CodeIgniter->runController(Object(App\Controllers\Reporting\Organizational_data\Cases_database))
#6 E:\www\creaw\system\CodeIgniter.php(312): CodeIgniter\CodeIgniter->handleRequest(NULL, Object(Config\Cache), false)
#7 E:\www\creaw\index.php(45): CodeIgniter\CodeIgniter->run()
#8 {main}
CRITICAL - 2021-07-29 05:40:44 --> Trying to get property 'name' of non-object
#0 E:\www\creaw\app\Views\office\reporting\organizational_data\cases_database\export.php(119): CodeIgniter\Debug\Exceptions->errorHandler(8, 'Trying to get p...', 'E:\\www\\creaw\\ap...', 119, Array)
#1 E:\www\creaw\system\View\View.php(246): include('E:\\www\\creaw\\ap...')
#2 E:\www\creaw\system\Common.php(1119): CodeIgniter\View\View->render('office/reportin...', Array, true)
#3 E:\www\creaw\app\Controllers\Reporting\Organizational_data\Cases_database.php(596): view('office/reportin...', Array)
#4 E:\www\creaw\system\CodeIgniter.php(918): App\Controllers\Reporting\Organizational_data\Cases_database->print_page('1')
#5 E:\www\creaw\system\CodeIgniter.php(404): CodeIgniter\CodeIgniter->runController(Object(App\Controllers\Reporting\Organizational_data\Cases_database))
#6 E:\www\creaw\system\CodeIgniter.php(312): CodeIgniter\CodeIgniter->handleRequest(NULL, Object(Config\Cache), false)
#7 E:\www\creaw\index.php(45): CodeIgniter\CodeIgniter->run()
#8 {main}
CRITICAL - 2021-07-29 05:42:12 --> Trying to get property 'name' of non-object
#0 E:\www\creaw\app\Views\office\reporting\organizational_data\cases_database\export.php(119): CodeIgniter\Debug\Exceptions->errorHandler(8, 'Trying to get p...', 'E:\\www\\creaw\\ap...', 119, Array)
#1 E:\www\creaw\system\View\View.php(246): include('E:\\www\\creaw\\ap...')
#2 E:\www\creaw\system\Common.php(1119): CodeIgniter\View\View->render('office/reportin...', Array, true)
#3 E:\www\creaw\app\Controllers\Reporting\Organizational_data\Cases_database.php(596): view('office/reportin...', Array)
#4 E:\www\creaw\system\CodeIgniter.php(918): App\Controllers\Reporting\Organizational_data\Cases_database->print_page('1')
#5 E:\www\creaw\system\CodeIgniter.php(404): CodeIgniter\CodeIgniter->runController(Object(App\Controllers\Reporting\Organizational_data\Cases_database))
#6 E:\www\creaw\system\CodeIgniter.php(312): CodeIgniter\CodeIgniter->handleRequest(NULL, Object(Config\Cache), false)
#7 E:\www\creaw\index.php(45): CodeIgniter\CodeIgniter->run()
#8 {main}
CRITICAL - 2021-07-29 05:42:19 --> Trying to get property 'name' of non-object
#0 E:\www\creaw\app\Views\office\reporting\organizational_data\cases_database\export.php(119): CodeIgniter\Debug\Exceptions->errorHandler(8, 'Trying to get p...', 'E:\\www\\creaw\\ap...', 119, Array)
#1 E:\www\creaw\system\View\View.php(246): include('E:\\www\\creaw\\ap...')
#2 E:\www\creaw\system\Common.php(1119): CodeIgniter\View\View->render('office/reportin...', Array, true)
#3 E:\www\creaw\app\Controllers\Reporting\Organizational_data\Cases_database.php(596): view('office/reportin...', Array)
#4 E:\www\creaw\system\CodeIgniter.php(918): App\Controllers\Reporting\Organizational_data\Cases_database->print_page('1')
#5 E:\www\creaw\system\CodeIgniter.php(404): CodeIgniter\CodeIgniter->runController(Object(App\Controllers\Reporting\Organizational_data\Cases_database))
#6 E:\www\creaw\system\CodeIgniter.php(312): CodeIgniter\CodeIgniter->handleRequest(NULL, Object(Config\Cache), false)
#7 E:\www\creaw\index.php(45): CodeIgniter\CodeIgniter->run()
#8 {main}
CRITICAL - 2021-07-29 05:42:25 --> Trying to get property 'name' of non-object
#0 E:\www\creaw\app\Views\office\reporting\organizational_data\cases_database\export.php(119): CodeIgniter\Debug\Exceptions->errorHandler(8, 'Trying to get p...', 'E:\\www\\creaw\\ap...', 119, Array)
#1 E:\www\creaw\system\View\View.php(246): include('E:\\www\\creaw\\ap...')
#2 E:\www\creaw\system\Common.php(1119): CodeIgniter\View\View->render('office/reportin...', Array, true)
#3 E:\www\creaw\app\Controllers\Reporting\Organizational_data\Cases_database.php(596): view('office/reportin...', Array)
#4 E:\www\creaw\system\CodeIgniter.php(918): App\Controllers\Reporting\Organizational_data\Cases_database->print_page('1')
#5 E:\www\creaw\system\CodeIgniter.php(404): CodeIgniter\CodeIgniter->runController(Object(App\Controllers\Reporting\Organizational_data\Cases_database))
#6 E:\www\creaw\system\CodeIgniter.php(312): CodeIgniter\CodeIgniter->handleRequest(NULL, Object(Config\Cache), false)
#7 E:\www\creaw\index.php(45): CodeIgniter\CodeIgniter->run()
#8 {main}
CRITICAL - 2021-07-29 05:42:31 --> Trying to get property 'name' of non-object
#0 E:\www\creaw\app\Views\office\reporting\organizational_data\cases_database\export.php(119): CodeIgniter\Debug\Exceptions->errorHandler(8, 'Trying to get p...', 'E:\\www\\creaw\\ap...', 119, Array)
#1 E:\www\creaw\system\View\View.php(246): include('E:\\www\\creaw\\ap...')
#2 E:\www\creaw\system\Common.php(1119): CodeIgniter\View\View->render('office/reportin...', Array, true)
#3 E:\www\creaw\app\Controllers\Reporting\Organizational_data\Cases_database.php(596): view('office/reportin...', Array)
#4 E:\www\creaw\system\CodeIgniter.php(918): App\Controllers\Reporting\Organizational_data\Cases_database->print_page('1')
#5 E:\www\creaw\system\CodeIgniter.php(404): CodeIgniter\CodeIgniter->runController(Object(App\Controllers\Reporting\Organizational_data\Cases_database))
#6 E:\www\creaw\system\CodeIgniter.php(312): CodeIgniter\CodeIgniter->handleRequest(NULL, Object(Config\Cache), false)
#7 E:\www\creaw\index.php(45): CodeIgniter\CodeIgniter->run()
#8 {main}
CRITICAL - 2021-07-29 05:43:57 --> Class 'App\Controllers\Reporting\Organizational_data\Project_model' not found
#0 E:\www\creaw\system\CodeIgniter.php(918): App\Controllers\Reporting\Organizational_data\Cases_database->download_excel('1')
#1 E:\www\creaw\system\CodeIgniter.php(404): CodeIgniter\CodeIgniter->runController(Object(App\Controllers\Reporting\Organizational_data\Cases_database))
#2 E:\www\creaw\system\CodeIgniter.php(312): CodeIgniter\CodeIgniter->handleRequest(NULL, Object(Config\Cache), false)
#3 E:\www\creaw\index.php(45): CodeIgniter\CodeIgniter->run()
#4 {main}
CRITICAL - 2021-07-29 05:45:17 --> Invalid file: office/reporting/organizational_data/cases_database/list_js.php
#0 E:\www\creaw\system\View\View.php(228): CodeIgniter\Exceptions\FrameworkException::forInvalidFile('office/reportin...')
#1 E:\www\creaw\system\Common.php(1119): CodeIgniter\View\View->render('office/reportin...', Array, true)
#2 E:\www\creaw\app\Views\template\footer.php(492): view('office/reportin...')
#3 E:\www\creaw\system\View\View.php(246): include('E:\\www\\creaw\\ap...')
#4 E:\www\creaw\system\Common.php(1119): CodeIgniter\View\View->render('template/footer...', Array, true)
#5 E:\www\creaw\app\Views\template\index.php(18): view('template/footer...')
#6 E:\www\creaw\system\View\View.php(246): include('E:\\www\\creaw\\ap...')
#7 E:\www\creaw\system\Common.php(1119): CodeIgniter\View\View->render('template/index', Array, true)
#8 E:\www\creaw\app\Controllers\Reporting\Organizational_data\Cases_database.php(486): view('template/index', Array)
#9 E:\www\creaw\system\CodeIgniter.php(918): App\Controllers\Reporting\Organizational_data\Cases_database->view('1')
#10 E:\www\creaw\system\CodeIgniter.php(404): CodeIgniter\CodeIgniter->runController(Object(App\Controllers\Reporting\Organizational_data\Cases_database))
#11 E:\www\creaw\system\CodeIgniter.php(312): CodeIgniter\CodeIgniter->handleRequest(NULL, Object(Config\Cache), false)
#12 E:\www\creaw\index.php(45): CodeIgniter\CodeIgniter->run()
#13 {main}
CRITICAL - 2021-07-29 05:45:17 --> Invalid file: office/reporting/organizational_data/cases_database/list_js.php
#0 E:\www\creaw\system\View\View.php(228): CodeIgniter\Exceptions\FrameworkException::forInvalidFile('office/reportin...')
#1 E:\www\creaw\system\Common.php(1119): CodeIgniter\View\View->render('office/reportin...', Array, true)
#2 E:\www\creaw\app\Views\template\footer.php(492): view('office/reportin...')
#3 E:\www\creaw\system\View\View.php(246): include('E:\\www\\creaw\\ap...')
#4 E:\www\creaw\system\Common.php(1119): CodeIgniter\View\View->render('template/footer...', Array, true)
#5 E:\www\creaw\app\Views\template\index.php(18): view('template/footer...')
#6 E:\www\creaw\system\View\View.php(246): include('E:\\www\\creaw\\ap...')
#7 E:\www\creaw\system\Common.php(1119): CodeIgniter\View\View->render('template/index', Array, true)
#8 E:\www\creaw\app\Controllers\Reporting\Organizational_data\Cases_database.php(486): view('template/index', Array)
#9 E:\www\creaw\system\CodeIgniter.php(918): App\Controllers\Reporting\Organizational_data\Cases_database->view('1')
#10 E:\www\creaw\system\CodeIgniter.php(404): CodeIgniter\CodeIgniter->runController(Object(App\Controllers\Reporting\Organizational_data\Cases_database))
#11 E:\www\creaw\system\CodeIgniter.php(312): CodeIgniter\CodeIgniter->handleRequest(NULL, Object(Config\Cache), false)
#12 E:\www\creaw\index.php(45): CodeIgniter\CodeIgniter->run()
#13 {main}
CRITICAL - 2021-07-29 05:51:53 --> Undefined variable: pid
#0 E:\www\creaw\app\Views\office\reporting\organizational_data\org_quarterly_narrative_report\view.php(20): CodeIgniter\Debug\Exceptions->errorHandler(8, 'Undefined varia...', 'E:\\www\\creaw\\ap...', 20, Array)
#1 E:\www\creaw\system\View\View.php(246): include('E:\\www\\creaw\\ap...')
#2 E:\www\creaw\system\Common.php(1119): CodeIgniter\View\View->render('office/reportin...', Array, true)
#3 E:\www\creaw\app\Views\template\index.php(14): view('office/reportin...')
#4 E:\www\creaw\system\View\View.php(246): include('E:\\www\\creaw\\ap...')
#5 E:\www\creaw\system\Common.php(1119): CodeIgniter\View\View->render('template/index', Array, true)
#6 E:\www\creaw\app\Controllers\Reporting\Organizational_data\Org_quarterly_narrative_report.php(304): view('template/index', Array)
#7 E:\www\creaw\system\CodeIgniter.php(918): App\Controllers\Reporting\Organizational_data\Org_quarterly_narrative_report->view('4')
#8 E:\www\creaw\system\CodeIgniter.php(404): CodeIgniter\CodeIgniter->runController(Object(App\Controllers\Reporting\Organizational_data\Org_quarterly_narrative_report))
#9 E:\www\creaw\system\CodeIgniter.php(312): CodeIgniter\CodeIgniter->handleRequest(NULL, Object(Config\Cache), false)
#10 E:\www\creaw\index.php(45): CodeIgniter\CodeIgniter->run()
#11 {main}
CRITICAL - 2021-07-29 05:51:53 --> Undefined variable: pid
#0 E:\www\creaw\app\Views\office\reporting\organizational_data\org_quarterly_narrative_report\view.php(20): CodeIgniter\Debug\Exceptions->errorHandler(8, 'Undefined varia...', 'E:\\www\\creaw\\ap...', 20, Array)
#1 E:\www\creaw\system\View\View.php(246): include('E:\\www\\creaw\\ap...')
#2 E:\www\creaw\system\Common.php(1119): CodeIgniter\View\View->render('office/reportin...', Array, true)
#3 E:\www\creaw\app\Views\template\index.php(14): view('office/reportin...')
#4 E:\www\creaw\system\View\View.php(246): include('E:\\www\\creaw\\ap...')
#5 E:\www\creaw\system\Common.php(1119): CodeIgniter\View\View->render('template/index', Array, true)
#6 E:\www\creaw\app\Controllers\Reporting\Organizational_data\Org_quarterly_narrative_report.php(304): view('template/index', Array)
#7 E:\www\creaw\system\CodeIgniter.php(918): App\Controllers\Reporting\Organizational_data\Org_quarterly_narrative_report->view('4')
#8 E:\www\creaw\system\CodeIgniter.php(404): CodeIgniter\CodeIgniter->runController(Object(App\Controllers\Reporting\Organizational_data\Org_quarterly_narrative_report))
#9 E:\www\creaw\system\CodeIgniter.php(312): CodeIgniter\CodeIgniter->handleRequest(NULL, Object(Config\Cache), false)
#10 E:\www\creaw\index.php(45): CodeIgniter\CodeIgniter->run()
#11 {main}
CRITICAL - 2021-07-29 05:52:23 --> Undefined variable: id
#0 E:\www\creaw\app\Views\office\reporting\organizational_data\org_quarterly_narrative_report\view.php(20): CodeIgniter\Debug\Exceptions->errorHandler(8, 'Undefined varia...', 'E:\\www\\creaw\\ap...', 20, Array)
#1 E:\www\creaw\system\View\View.php(246): include('E:\\www\\creaw\\ap...')
#2 E:\www\creaw\system\Common.php(1119): CodeIgniter\View\View->render('office/reportin...', Array, true)
#3 E:\www\creaw\app\Views\template\index.php(14): view('office/reportin...')
#4 E:\www\creaw\system\View\View.php(246): include('E:\\www\\creaw\\ap...')
#5 E:\www\creaw\system\Common.php(1119): CodeIgniter\View\View->render('template/index', Array, true)
#6 E:\www\creaw\app\Controllers\Reporting\Organizational_data\Org_quarterly_narrative_report.php(304): view('template/index', Array)
#7 E:\www\creaw\system\CodeIgniter.php(918): App\Controllers\Reporting\Organizational_data\Org_quarterly_narrative_report->view('4')
#8 E:\www\creaw\system\CodeIgniter.php(404): CodeIgniter\CodeIgniter->runController(Object(App\Controllers\Reporting\Organizational_data\Org_quarterly_narrative_report))
#9 E:\www\creaw\system\CodeIgniter.php(312): CodeIgniter\CodeIgniter->handleRequest(NULL, Object(Config\Cache), false)
#10 E:\www\creaw\index.php(45): CodeIgniter\CodeIgniter->run()
#11 {main}
CRITICAL - 2021-07-29 05:52:23 --> Undefined variable: id
#0 E:\www\creaw\app\Views\office\reporting\organizational_data\org_quarterly_narrative_report\view.php(20): CodeIgniter\Debug\Exceptions->errorHandler(8, 'Undefined varia...', 'E:\\www\\creaw\\ap...', 20, Array)
#1 E:\www\creaw\system\View\View.php(246): include('E:\\www\\creaw\\ap...')
#2 E:\www\creaw\system\Common.php(1119): CodeIgniter\View\View->render('office/reportin...', Array, true)
#3 E:\www\creaw\app\Views\template\index.php(14): view('office/reportin...')
#4 E:\www\creaw\system\View\View.php(246): include('E:\\www\\creaw\\ap...')
#5 E:\www\creaw\system\Common.php(1119): CodeIgniter\View\View->render('template/index', Array, true)
#6 E:\www\creaw\app\Controllers\Reporting\Organizational_data\Org_quarterly_narrative_report.php(304): view('template/index', Array)
#7 E:\www\creaw\system\CodeIgniter.php(918): App\Controllers\Reporting\Organizational_data\Org_quarterly_narrative_report->view('4')
#8 E:\www\creaw\system\CodeIgniter.php(404): CodeIgniter\CodeIgniter->runController(Object(App\Controllers\Reporting\Organizational_data\Org_quarterly_narrative_report))
#9 E:\www\creaw\system\CodeIgniter.php(312): CodeIgniter\CodeIgniter->handleRequest(NULL, Object(Config\Cache), false)
#10 E:\www\creaw\index.php(45): CodeIgniter\CodeIgniter->run()
#11 {main}
CRITICAL - 2021-07-29 05:52:52 --> Undefined variable: id
#0 E:\www\creaw\app\Views\office\reporting\organizational_data\org_quarterly_narrative_report\view.php(20): CodeIgniter\Debug\Exceptions->errorHandler(8, 'Undefined varia...', 'E:\\www\\creaw\\ap...', 20, Array)
#1 E:\www\creaw\system\View\View.php(246): include('E:\\www\\creaw\\ap...')
#2 E:\www\creaw\system\Common.php(1119): CodeIgniter\View\View->render('office/reportin...', Array, true)
#3 E:\www\creaw\app\Views\template\index.php(14): view('office/reportin...')
#4 E:\www\creaw\system\View\View.php(246): include('E:\\www\\creaw\\ap...')
#5 E:\www\creaw\system\Common.php(1119): CodeIgniter\View\View->render('template/index', Array, true)
#6 E:\www\creaw\app\Controllers\Reporting\Organizational_data\Org_quarterly_narrative_report.php(304): view('template/index', Array)
#7 E:\www\creaw\system\CodeIgniter.php(918): App\Controllers\Reporting\Organizational_data\Org_quarterly_narrative_report->view('4')
#8 E:\www\creaw\system\CodeIgniter.php(404): CodeIgniter\CodeIgniter->runController(Object(App\Controllers\Reporting\Organizational_data\Org_quarterly_narrative_report))
#9 E:\www\creaw\system\CodeIgniter.php(312): CodeIgniter\CodeIgniter->handleRequest(NULL, Object(Config\Cache), false)
#10 E:\www\creaw\index.php(45): CodeIgniter\CodeIgniter->run()
#11 {main}
CRITICAL - 2021-07-29 05:52:53 --> Undefined variable: id
#0 E:\www\creaw\app\Views\office\reporting\organizational_data\org_quarterly_narrative_report\view.php(20): CodeIgniter\Debug\Exceptions->errorHandler(8, 'Undefined varia...', 'E:\\www\\creaw\\ap...', 20, Array)
#1 E:\www\creaw\system\View\View.php(246): include('E:\\www\\creaw\\ap...')
#2 E:\www\creaw\system\Common.php(1119): CodeIgniter\View\View->render('office/reportin...', Array, true)
#3 E:\www\creaw\app\Views\template\index.php(14): view('office/reportin...')
#4 E:\www\creaw\system\View\View.php(246): include('E:\\www\\creaw\\ap...')
#5 E:\www\creaw\system\Common.php(1119): CodeIgniter\View\View->render('template/index', Array, true)
#6 E:\www\creaw\app\Controllers\Reporting\Organizational_data\Org_quarterly_narrative_report.php(304): view('template/index', Array)
#7 E:\www\creaw\system\CodeIgniter.php(918): App\Controllers\Reporting\Organizational_data\Org_quarterly_narrative_report->view('4')
#8 E:\www\creaw\system\CodeIgniter.php(404): CodeIgniter\CodeIgniter->runController(Object(App\Controllers\Reporting\Organizational_data\Org_quarterly_narrative_report))
#9 E:\www\creaw\system\CodeIgniter.php(312): CodeIgniter\CodeIgniter->handleRequest(NULL, Object(Config\Cache), false)
#10 E:\www\creaw\index.php(45): CodeIgniter\CodeIgniter->run()
#11 {main}
CRITICAL - 2021-07-29 05:55:21 --> Undefined variable: id
#0 E:\www\creaw\app\Views\office\reporting\organizational_data\org_quarterly_narrative_report\view.php(20): CodeIgniter\Debug\Exceptions->errorHandler(8, 'Undefined varia...', 'E:\\www\\creaw\\ap...', 20, Array)
#1 E:\www\creaw\system\View\View.php(246): include('E:\\www\\creaw\\ap...')
#2 E:\www\creaw\system\Common.php(1119): CodeIgniter\View\View->render('office/reportin...', Array, true)
#3 E:\www\creaw\app\Views\template\index.php(14): view('office/reportin...')
#4 E:\www\creaw\system\View\View.php(246): include('E:\\www\\creaw\\ap...')
#5 E:\www\creaw\system\Common.php(1119): CodeIgniter\View\View->render('template/index', Array, true)
#6 E:\www\creaw\app\Controllers\Reporting\Organizational_data\Org_quarterly_narrative_report.php(303): view('template/index', Array)
#7 E:\www\creaw\system\CodeIgniter.php(918): App\Controllers\Reporting\Organizational_data\Org_quarterly_narrative_report->view('4')
#8 E:\www\creaw\system\CodeIgniter.php(404): CodeIgniter\CodeIgniter->runController(Object(App\Controllers\Reporting\Organizational_data\Org_quarterly_narrative_report))
#9 E:\www\creaw\system\CodeIgniter.php(312): CodeIgniter\CodeIgniter->handleRequest(NULL, Object(Config\Cache), false)
#10 E:\www\creaw\index.php(45): CodeIgniter\CodeIgniter->run()
#11 {main}
CRITICAL - 2021-07-29 05:55:21 --> Undefined variable: id
#0 E:\www\creaw\app\Views\office\reporting\organizational_data\org_quarterly_narrative_report\view.php(20): CodeIgniter\Debug\Exceptions->errorHandler(8, 'Undefined varia...', 'E:\\www\\creaw\\ap...', 20, Array)
#1 E:\www\creaw\system\View\View.php(246): include('E:\\www\\creaw\\ap...')
#2 E:\www\creaw\system\Common.php(1119): CodeIgniter\View\View->render('office/reportin...', Array, true)
#3 E:\www\creaw\app\Views\template\index.php(14): view('office/reportin...')
#4 E:\www\creaw\system\View\View.php(246): include('E:\\www\\creaw\\ap...')
#5 E:\www\creaw\system\Common.php(1119): CodeIgniter\View\View->render('template/index', Array, true)
#6 E:\www\creaw\app\Controllers\Reporting\Organizational_data\Org_quarterly_narrative_report.php(303): view('template/index', Array)
#7 E:\www\creaw\system\CodeIgniter.php(918): App\Controllers\Reporting\Organizational_data\Org_quarterly_narrative_report->view('4')
#8 E:\www\creaw\system\CodeIgniter.php(404): CodeIgniter\CodeIgniter->runController(Object(App\Controllers\Reporting\Organizational_data\Org_quarterly_narrative_report))
#9 E:\www\creaw\system\CodeIgniter.php(312): CodeIgniter\CodeIgniter->handleRequest(NULL, Object(Config\Cache), false)
#10 E:\www\creaw\index.php(45): CodeIgniter\CodeIgniter->run()
#11 {main}
CRITICAL - 2021-07-29 06:03:13 --> Undefined index: strategic_plan
#0 E:\www\creaw\app\Views\office\reporting\organizational_data\monitoring_visit_report\export.php(48): CodeIgniter\Debug\Exceptions->errorHandler(8, 'Undefined index...', 'E:\\www\\creaw\\ap...', 48, Array)
#1 E:\www\creaw\system\View\View.php(246): include('E:\\www\\creaw\\ap...')
#2 E:\www\creaw\system\Common.php(1119): CodeIgniter\View\View->render('office/reportin...', Array, true)
#3 E:\www\creaw\app\Controllers\Reporting\Organizational_data\Monitoring_visit_report.php(643): view('office/reportin...', Array)
#4 E:\www\creaw\system\CodeIgniter.php(918): App\Controllers\Reporting\Organizational_data\Monitoring_visit_report->print_page('1')
#5 E:\www\creaw\system\CodeIgniter.php(404): CodeIgniter\CodeIgniter->runController(Object(App\Controllers\Reporting\Organizational_data\Monitoring_visit_report))
#6 E:\www\creaw\system\CodeIgniter.php(312): CodeIgniter\CodeIgniter->handleRequest(NULL, Object(Config\Cache), false)
#7 E:\www\creaw\index.php(45): CodeIgniter\CodeIgniter->run()
#8 {main}
CRITICAL - 2021-07-29 06:13:13 --> Undefined variable: id
#0 E:\www\creaw\app\Views\office\reporting\organizational_data\org_quarterly_indicator_tracking_report\view.php(21): CodeIgniter\Debug\Exceptions->errorHandler(8, 'Undefined varia...', 'E:\\www\\creaw\\ap...', 21, Array)
#1 E:\www\creaw\system\View\View.php(246): include('E:\\www\\creaw\\ap...')
#2 E:\www\creaw\system\Common.php(1119): CodeIgniter\View\View->render('office/reportin...', Array, true)
#3 E:\www\creaw\app\Views\template\index.php(14): view('office/reportin...')
#4 E:\www\creaw\system\View\View.php(246): include('E:\\www\\creaw\\ap...')
#5 E:\www\creaw\system\Common.php(1119): CodeIgniter\View\View->render('template/index', Array, true)
#6 E:\www\creaw\app\Controllers\Reporting\Organizational_data\Org_quarterly_indicator_tracking_report.php(379): view('template/index', Array)
#7 E:\www\creaw\system\CodeIgniter.php(918): App\Controllers\Reporting\Organizational_data\org_quarterly_indicator_tracking_report->view('4')
#8 E:\www\creaw\system\CodeIgniter.php(404): CodeIgniter\CodeIgniter->runController(Object(App\Controllers\Reporting\Organizational_data\org_quarterly_indicator_tracking_report))
#9 E:\www\creaw\system\CodeIgniter.php(312): CodeIgniter\CodeIgniter->handleRequest(NULL, Object(Config\Cache), false)
#10 E:\www\creaw\index.php(45): CodeIgniter\CodeIgniter->run()
#11 {main}
CRITICAL - 2021-07-29 06:13:13 --> Undefined variable: id
#0 E:\www\creaw\app\Views\office\reporting\organizational_data\org_quarterly_indicator_tracking_report\view.php(21): CodeIgniter\Debug\Exceptions->errorHandler(8, 'Undefined varia...', 'E:\\www\\creaw\\ap...', 21, Array)
#1 E:\www\creaw\system\View\View.php(246): include('E:\\www\\creaw\\ap...')
#2 E:\www\creaw\system\Common.php(1119): CodeIgniter\View\View->render('office/reportin...', Array, true)
#3 E:\www\creaw\app\Views\template\index.php(14): view('office/reportin...')
#4 E:\www\creaw\system\View\View.php(246): include('E:\\www\\creaw\\ap...')
#5 E:\www\creaw\system\Common.php(1119): CodeIgniter\View\View->render('template/index', Array, true)
#6 E:\www\creaw\app\Controllers\Reporting\Organizational_data\Org_quarterly_indicator_tracking_report.php(379): view('template/index', Array)
#7 E:\www\creaw\system\CodeIgniter.php(918): App\Controllers\Reporting\Organizational_data\org_quarterly_indicator_tracking_report->view('4')
#8 E:\www\creaw\system\CodeIgniter.php(404): CodeIgniter\CodeIgniter->runController(Object(App\Controllers\Reporting\Organizational_data\org_quarterly_indicator_tracking_report))
#9 E:\www\creaw\system\CodeIgniter.php(312): CodeIgniter\CodeIgniter->handleRequest(NULL, Object(Config\Cache), false)
#10 E:\www\creaw\index.php(45): CodeIgniter\CodeIgniter->run()
#11 {main}
CRITICAL - 2021-07-29 06:13:42 --> Undefined variable: pid
#0 E:\www\creaw\app\Views\office\reporting\organizational_data\org_quarterly_indicator_tracking_report\view.php(21): CodeIgniter\Debug\Exceptions->errorHandler(8, 'Undefined varia...', 'E:\\www\\creaw\\ap...', 21, Array)
#1 E:\www\creaw\system\View\View.php(246): include('E:\\www\\creaw\\ap...')
#2 E:\www\creaw\system\Common.php(1119): CodeIgniter\View\View->render('office/reportin...', Array, true)
#3 E:\www\creaw\app\Views\template\index.php(14): view('office/reportin...')
#4 E:\www\creaw\system\View\View.php(246): include('E:\\www\\creaw\\ap...')
#5 E:\www\creaw\system\Common.php(1119): CodeIgniter\View\View->render('template/index', Array, true)
#6 E:\www\creaw\app\Controllers\Reporting\Organizational_data\Org_quarterly_indicator_tracking_report.php(379): view('template/index', Array)
#7 E:\www\creaw\system\CodeIgniter.php(918): App\Controllers\Reporting\Organizational_data\org_quarterly_indicator_tracking_report->view('4')
#8 E:\www\creaw\system\CodeIgniter.php(404): CodeIgniter\CodeIgniter->runController(Object(App\Controllers\Reporting\Organizational_data\org_quarterly_indicator_tracking_report))
#9 E:\www\creaw\system\CodeIgniter.php(312): CodeIgniter\CodeIgniter->handleRequest(NULL, Object(Config\Cache), false)
#10 E:\www\creaw\index.php(45): CodeIgniter\CodeIgniter->run()
#11 {main}
CRITICAL - 2021-07-29 06:13:42 --> Undefined variable: pid
#0 E:\www\creaw\app\Views\office\reporting\organizational_data\org_quarterly_indicator_tracking_report\view.php(21): CodeIgniter\Debug\Exceptions->errorHandler(8, 'Undefined varia...', 'E:\\www\\creaw\\ap...', 21, Array)
#1 E:\www\creaw\system\View\View.php(246): include('E:\\www\\creaw\\ap...')
#2 E:\www\creaw\system\Common.php(1119): CodeIgniter\View\View->render('office/reportin...', Array, true)
#3 E:\www\creaw\app\Views\template\index.php(14): view('office/reportin...')
#4 E:\www\creaw\system\View\View.php(246): include('E:\\www\\creaw\\ap...')
#5 E:\www\creaw\system\Common.php(1119): CodeIgniter\View\View->render('template/index', Array, true)
#6 E:\www\creaw\app\Controllers\Reporting\Organizational_data\Org_quarterly_indicator_tracking_report.php(379): view('template/index', Array)
#7 E:\www\creaw\system\CodeIgniter.php(918): App\Controllers\Reporting\Organizational_data\org_quarterly_indicator_tracking_report->view('4')
#8 E:\www\creaw\system\CodeIgniter.php(404): CodeIgniter\CodeIgniter->runController(Object(App\Controllers\Reporting\Organizational_data\org_quarterly_indicator_tracking_report))
#9 E:\www\creaw\system\CodeIgniter.php(312): CodeIgniter\CodeIgniter->handleRequest(NULL, Object(Config\Cache), false)
#10 E:\www\creaw\index.php(45): CodeIgniter\CodeIgniter->run()
#11 {main}
CRITICAL - 2021-07-29 06:16:53 --> Undefined variable: pid
#0 E:\www\creaw\app\Views\office\reporting\organizational_data\org_annual_narrative_report\view.php(20): CodeIgniter\Debug\Exceptions->errorHandler(8, 'Undefined varia...', 'E:\\www\\creaw\\ap...', 20, Array)
#1 E:\www\creaw\system\View\View.php(246): include('E:\\www\\creaw\\ap...')
#2 E:\www\creaw\system\Common.php(1119): CodeIgniter\View\View->render('office/reportin...', Array, true)
#3 E:\www\creaw\app\Views\template\index.php(14): view('office/reportin...')
#4 E:\www\creaw\system\View\View.php(246): include('E:\\www\\creaw\\ap...')
#5 E:\www\creaw\system\Common.php(1119): CodeIgniter\View\View->render('template/index', Array, true)
#6 E:\www\creaw\app\Controllers\Reporting\Organizational_data\Org_annual_narrative_report.php(298): view('template/index', Array)
#7 E:\www\creaw\system\CodeIgniter.php(918): App\Controllers\Reporting\Organizational_data\org_annual_narrative_report->view('1')
#8 E:\www\creaw\system\CodeIgniter.php(404): CodeIgniter\CodeIgniter->runController(Object(App\Controllers\Reporting\Organizational_data\org_annual_narrative_report))
#9 E:\www\creaw\system\CodeIgniter.php(312): CodeIgniter\CodeIgniter->handleRequest(NULL, Object(Config\Cache), false)
#10 E:\www\creaw\index.php(45): CodeIgniter\CodeIgniter->run()
#11 {main}
CRITICAL - 2021-07-29 06:16:53 --> Undefined variable: pid
#0 E:\www\creaw\app\Views\office\reporting\organizational_data\org_annual_narrative_report\view.php(20): CodeIgniter\Debug\Exceptions->errorHandler(8, 'Undefined varia...', 'E:\\www\\creaw\\ap...', 20, Array)
#1 E:\www\creaw\system\View\View.php(246): include('E:\\www\\creaw\\ap...')
#2 E:\www\creaw\system\Common.php(1119): CodeIgniter\View\View->render('office/reportin...', Array, true)
#3 E:\www\creaw\app\Views\template\index.php(14): view('office/reportin...')
#4 E:\www\creaw\system\View\View.php(246): include('E:\\www\\creaw\\ap...')
#5 E:\www\creaw\system\Common.php(1119): CodeIgniter\View\View->render('template/index', Array, true)
#6 E:\www\creaw\app\Controllers\Reporting\Organizational_data\Org_annual_narrative_report.php(298): view('template/index', Array)
#7 E:\www\creaw\system\CodeIgniter.php(918): App\Controllers\Reporting\Organizational_data\org_annual_narrative_report->view('1')
#8 E:\www\creaw\system\CodeIgniter.php(404): CodeIgniter\CodeIgniter->runController(Object(App\Controllers\Reporting\Organizational_data\org_annual_narrative_report))
#9 E:\www\creaw\system\CodeIgniter.php(312): CodeIgniter\CodeIgniter->handleRequest(NULL, Object(Config\Cache), false)
#10 E:\www\creaw\index.php(45): CodeIgniter\CodeIgniter->run()
#11 {main}
CRITICAL - 2021-07-29 06:19:47 --> Undefined index: quarter
#0 E:\www\creaw\app\Views\office\reporting\organizational_data\org_annual_narrative_report\export.php(63): CodeIgniter\Debug\Exceptions->errorHandler(8, 'Undefined index...', 'E:\\www\\creaw\\ap...', 63, Array)
#1 E:\www\creaw\system\View\View.php(246): include('E:\\www\\creaw\\ap...')
#2 E:\www\creaw\system\Common.php(1119): CodeIgniter\View\View->render('office/reportin...', Array, true)
#3 E:\www\creaw\app\Controllers\Reporting\Organizational_data\Org_annual_narrative_report.php(441): view('office/reportin...', Array)
#4 E:\www\creaw\system\CodeIgniter.php(918): App\Controllers\Reporting\Organizational_data\org_annual_narrative_report->print_page('1')
#5 E:\www\creaw\system\CodeIgniter.php(404): CodeIgniter\CodeIgniter->runController(Object(App\Controllers\Reporting\Organizational_data\org_annual_narrative_report))
#6 E:\www\creaw\system\CodeIgniter.php(312): CodeIgniter\CodeIgniter->handleRequest(NULL, Object(Config\Cache), false)
#7 E:\www\creaw\index.php(45): CodeIgniter\CodeIgniter->run()
#8 {main}
CRITICAL - 2021-07-29 06:23:30 --> Undefined variable: id
#0 E:\www\creaw\app\Views\office\reporting\organizational_data\org_annual_indicator_tracking_report\view.php(21): CodeIgniter\Debug\Exceptions->errorHandler(8, 'Undefined varia...', 'E:\\www\\creaw\\ap...', 21, Array)
#1 E:\www\creaw\system\View\View.php(246): include('E:\\www\\creaw\\ap...')
#2 E:\www\creaw\system\Common.php(1119): CodeIgniter\View\View->render('office/reportin...', Array, true)
#3 E:\www\creaw\app\Views\template\index.php(14): view('office/reportin...')
#4 E:\www\creaw\system\View\View.php(246): include('E:\\www\\creaw\\ap...')
#5 E:\www\creaw\system\Common.php(1119): CodeIgniter\View\View->render('template/index', Array, true)
#6 E:\www\creaw\app\Controllers\Reporting\Organizational_data\Org_annual_indicator_tracking_report.php(377): view('template/index', Array)
#7 E:\www\creaw\system\CodeIgniter.php(918): App\Controllers\Reporting\Organizational_data\Org_annual_indicator_tracking_report->view('1')
#8 E:\www\creaw\system\CodeIgniter.php(404): CodeIgniter\CodeIgniter->runController(Object(App\Controllers\Reporting\Organizational_data\Org_annual_indicator_tracking_report))
#9 E:\www\creaw\system\CodeIgniter.php(312): CodeIgniter\CodeIgniter->handleRequest(NULL, Object(Config\Cache), false)
#10 E:\www\creaw\index.php(45): CodeIgniter\CodeIgniter->run()
#11 {main}
CRITICAL - 2021-07-29 06:23:30 --> Undefined variable: id
#0 E:\www\creaw\app\Views\office\reporting\organizational_data\org_annual_indicator_tracking_report\view.php(21): CodeIgniter\Debug\Exceptions->errorHandler(8, 'Undefined varia...', 'E:\\www\\creaw\\ap...', 21, Array)
#1 E:\www\creaw\system\View\View.php(246): include('E:\\www\\creaw\\ap...')
#2 E:\www\creaw\system\Common.php(1119): CodeIgniter\View\View->render('office/reportin...', Array, true)
#3 E:\www\creaw\app\Views\template\index.php(14): view('office/reportin...')
#4 E:\www\creaw\system\View\View.php(246): include('E:\\www\\creaw\\ap...')
#5 E:\www\creaw\system\Common.php(1119): CodeIgniter\View\View->render('template/index', Array, true)
#6 E:\www\creaw\app\Controllers\Reporting\Organizational_data\Org_annual_indicator_tracking_report.php(377): view('template/index', Array)
#7 E:\www\creaw\system\CodeIgniter.php(918): App\Controllers\Reporting\Organizational_data\Org_annual_indicator_tracking_report->view('1')
#8 E:\www\creaw\system\CodeIgniter.php(404): CodeIgniter\CodeIgniter->runController(Object(App\Controllers\Reporting\Organizational_data\Org_annual_indicator_tracking_report))
#9 E:\www\creaw\system\CodeIgniter.php(312): CodeIgniter\CodeIgniter->handleRequest(NULL, Object(Config\Cache), false)
#10 E:\www\creaw\index.php(45): CodeIgniter\CodeIgniter->run()
#11 {main}
CRITICAL - 2021-07-29 06:44:22 --> Undefined variable: pid
#0 E:\www\creaw\app\Views\office\reporting\project_data\project_quarterly_narrative_report\view.php(20): CodeIgniter\Debug\Exceptions->errorHandler(8, 'Undefined varia...', 'E:\\www\\creaw\\ap...', 20, Array)
#1 E:\www\creaw\system\View\View.php(246): include('E:\\www\\creaw\\ap...')
#2 E:\www\creaw\system\Common.php(1119): CodeIgniter\View\View->render('office/reportin...', Array, true)
#3 E:\www\creaw\app\Views\template\index.php(14): view('office/reportin...')
#4 E:\www\creaw\system\View\View.php(246): include('E:\\www\\creaw\\ap...')
#5 E:\www\creaw\system\Common.php(1119): CodeIgniter\View\View->render('template/index', Array, true)
#6 E:\www\creaw\app\Controllers\Reporting\Project_data\Project_quarterly_narrative_report.php(304): view('template/index', Array)
#7 E:\www\creaw\system\CodeIgniter.php(918): App\Controllers\Reporting\Project_data\project_quarterly_narrative_report->view('2')
#8 E:\www\creaw\system\CodeIgniter.php(404): CodeIgniter\CodeIgniter->runController(Object(App\Controllers\Reporting\Project_data\project_quarterly_narrative_report))
#9 E:\www\creaw\system\CodeIgniter.php(312): CodeIgniter\CodeIgniter->handleRequest(NULL, Object(Config\Cache), false)
#10 E:\www\creaw\index.php(45): CodeIgniter\CodeIgniter->run()
#11 {main}
CRITICAL - 2021-07-29 06:44:22 --> Undefined variable: pid
#0 E:\www\creaw\app\Views\office\reporting\project_data\project_quarterly_narrative_report\view.php(20): CodeIgniter\Debug\Exceptions->errorHandler(8, 'Undefined varia...', 'E:\\www\\creaw\\ap...', 20, Array)
#1 E:\www\creaw\system\View\View.php(246): include('E:\\www\\creaw\\ap...')
#2 E:\www\creaw\system\Common.php(1119): CodeIgniter\View\View->render('office/reportin...', Array, true)
#3 E:\www\creaw\app\Views\template\index.php(14): view('office/reportin...')
#4 E:\www\creaw\system\View\View.php(246): include('E:\\www\\creaw\\ap...')
#5 E:\www\creaw\system\Common.php(1119): CodeIgniter\View\View->render('template/index', Array, true)
#6 E:\www\creaw\app\Controllers\Reporting\Project_data\Project_quarterly_narrative_report.php(304): view('template/index', Array)
#7 E:\www\creaw\system\CodeIgniter.php(918): App\Controllers\Reporting\Project_data\project_quarterly_narrative_report->view('2')
#8 E:\www\creaw\system\CodeIgniter.php(404): CodeIgniter\CodeIgniter->runController(Object(App\Controllers\Reporting\Project_data\project_quarterly_narrative_report))
#9 E:\www\creaw\system\CodeIgniter.php(312): CodeIgniter\CodeIgniter->handleRequest(NULL, Object(Config\Cache), false)
#10 E:\www\creaw\index.php(45): CodeIgniter\CodeIgniter->run()
#11 {main}
CRITICAL - 2021-07-29 06:45:21 --> Invalid file: office/planning/project_data/project_quarterly_narrative_report/export.php
#0 E:\www\creaw\system\View\View.php(228): CodeIgniter\Exceptions\FrameworkException::forInvalidFile('office/planning...')
#1 E:\www\creaw\system\Common.php(1119): CodeIgniter\View\View->render('office/planning...', Array, true)
#2 E:\www\creaw\app\Controllers\Reporting\Project_data\Project_quarterly_narrative_report.php(447): view('office/planning...', Array)
#3 E:\www\creaw\system\CodeIgniter.php(918): App\Controllers\Reporting\Project_data\project_quarterly_narrative_report->print_page('2')
#4 E:\www\creaw\system\CodeIgniter.php(404): CodeIgniter\CodeIgniter->runController(Object(App\Controllers\Reporting\Project_data\project_quarterly_narrative_report))
#5 E:\www\creaw\system\CodeIgniter.php(312): CodeIgniter\CodeIgniter->handleRequest(NULL, Object(Config\Cache), false)
#6 E:\www\creaw\index.php(45): CodeIgniter\CodeIgniter->run()
#7 {main}
CRITICAL - 2021-07-29 06:46:35 --> Invalid file: office/planning/project_data/project_quarterly_narrative_report/export.php
#0 E:\www\creaw\system\View\View.php(228): CodeIgniter\Exceptions\FrameworkException::forInvalidFile('office/planning...')
#1 E:\www\creaw\system\Common.php(1119): CodeIgniter\View\View->render('office/planning...', Array, true)
#2 E:\www\creaw\app\Controllers\Reporting\Project_data\Project_quarterly_narrative_report.php(447): view('office/planning...', Array)
#3 E:\www\creaw\system\CodeIgniter.php(918): App\Controllers\Reporting\Project_data\project_quarterly_narrative_report->print_page('2')
#4 E:\www\creaw\system\CodeIgniter.php(404): CodeIgniter\CodeIgniter->runController(Object(App\Controllers\Reporting\Project_data\project_quarterly_narrative_report))
#5 E:\www\creaw\system\CodeIgniter.php(312): CodeIgniter\CodeIgniter->handleRequest(NULL, Object(Config\Cache), false)
#6 E:\www\creaw\index.php(45): CodeIgniter\CodeIgniter->run()
#7 {main}
CRITICAL - 2021-07-29 06:47:09 --> Invalid file: office/planning/project_data/project_quarterly_narrative_report/export.php
#0 E:\www\creaw\system\View\View.php(228): CodeIgniter\Exceptions\FrameworkException::forInvalidFile('office/planning...')
#1 E:\www\creaw\system\Common.php(1119): CodeIgniter\View\View->render('office/planning...', Array, true)
#2 E:\www\creaw\app\Controllers\Reporting\Project_data\Project_quarterly_narrative_report.php(447): view('office/planning...', Array)
#3 E:\www\creaw\system\CodeIgniter.php(918): App\Controllers\Reporting\Project_data\project_quarterly_narrative_report->print_page('2')
#4 E:\www\creaw\system\CodeIgniter.php(404): CodeIgniter\CodeIgniter->runController(Object(App\Controllers\Reporting\Project_data\project_quarterly_narrative_report))
#5 E:\www\creaw\system\CodeIgniter.php(312): CodeIgniter\CodeIgniter->handleRequest(NULL, Object(Config\Cache), false)
#6 E:\www\creaw\index.php(45): CodeIgniter\CodeIgniter->run()
#7 {main}
CRITICAL - 2021-07-29 06:56:19 --> Undefined variable: pid
#0 E:\www\creaw\app\Views\office\reporting\project_data\project_quarterly_indicator_tracking_report\view.php(21): CodeIgniter\Debug\Exceptions->errorHandler(8, 'Undefined varia...', 'E:\\www\\creaw\\ap...', 21, Array)
#1 E:\www\creaw\system\View\View.php(246): include('E:\\www\\creaw\\ap...')
#2 E:\www\creaw\system\Common.php(1119): CodeIgniter\View\View->render('office/reportin...', Array, true)
#3 E:\www\creaw\app\Views\template\index.php(14): view('office/reportin...')
#4 E:\www\creaw\system\View\View.php(246): include('E:\\www\\creaw\\ap...')
#5 E:\www\creaw\system\Common.php(1119): CodeIgniter\View\View->render('template/index', Array, true)
#6 E:\www\creaw\app\Controllers\Reporting\Project_data\Project_quarterly_indicator_tracking_report.php(380): view('template/index', Array)
#7 E:\www\creaw\system\CodeIgniter.php(918): App\Controllers\Reporting\Project_data\project_quarterly_indicator_tracking_report->view('1')
#8 E:\www\creaw\system\CodeIgniter.php(404): CodeIgniter\CodeIgniter->runController(Object(App\Controllers\Reporting\Project_data\project_quarterly_indicator_tracking_report))
#9 E:\www\creaw\system\CodeIgniter.php(312): CodeIgniter\CodeIgniter->handleRequest(NULL, Object(Config\Cache), false)
#10 E:\www\creaw\index.php(45): CodeIgniter\CodeIgniter->run()
#11 {main}
CRITICAL - 2021-07-29 06:56:19 --> Undefined variable: pid
#0 E:\www\creaw\app\Views\office\reporting\project_data\project_quarterly_indicator_tracking_report\view.php(21): CodeIgniter\Debug\Exceptions->errorHandler(8, 'Undefined varia...', 'E:\\www\\creaw\\ap...', 21, Array)
#1 E:\www\creaw\system\View\View.php(246): include('E:\\www\\creaw\\ap...')
#2 E:\www\creaw\system\Common.php(1119): CodeIgniter\View\View->render('office/reportin...', Array, true)
#3 E:\www\creaw\app\Views\template\index.php(14): view('office/reportin...')
#4 E:\www\creaw\system\View\View.php(246): include('E:\\www\\creaw\\ap...')
#5 E:\www\creaw\system\Common.php(1119): CodeIgniter\View\View->render('template/index', Array, true)
#6 E:\www\creaw\app\Controllers\Reporting\Project_data\Project_quarterly_indicator_tracking_report.php(380): view('template/index', Array)
#7 E:\www\creaw\system\CodeIgniter.php(918): App\Controllers\Reporting\Project_data\project_quarterly_indicator_tracking_report->view('1')
#8 E:\www\creaw\system\CodeIgniter.php(404): CodeIgniter\CodeIgniter->runController(Object(App\Controllers\Reporting\Project_data\project_quarterly_indicator_tracking_report))
#9 E:\www\creaw\system\CodeIgniter.php(312): CodeIgniter\CodeIgniter->handleRequest(NULL, Object(Config\Cache), false)
#10 E:\www\creaw\index.php(45): CodeIgniter\CodeIgniter->run()
#11 {main}
CRITICAL - 2021-07-29 06:56:44 --> Undefined variable: pid
#0 E:\www\creaw\app\Views\office\reporting\project_data\project_quarterly_indicator_tracking_report\view.php(21): CodeIgniter\Debug\Exceptions->errorHandler(8, 'Undefined varia...', 'E:\\www\\creaw\\ap...', 21, Array)
#1 E:\www\creaw\system\View\View.php(246): include('E:\\www\\creaw\\ap...')
#2 E:\www\creaw\system\Common.php(1119): CodeIgniter\View\View->render('office/reportin...', Array, true)
#3 E:\www\creaw\app\Views\template\index.php(14): view('office/reportin...')
#4 E:\www\creaw\system\View\View.php(246): include('E:\\www\\creaw\\ap...')
#5 E:\www\creaw\system\Common.php(1119): CodeIgniter\View\View->render('template/index', Array, true)
#6 E:\www\creaw\app\Controllers\Reporting\Project_data\Project_quarterly_indicator_tracking_report.php(380): view('template/index', Array)
#7 E:\www\creaw\system\CodeIgniter.php(918): App\Controllers\Reporting\Project_data\project_quarterly_indicator_tracking_report->view('1')
#8 E:\www\creaw\system\CodeIgniter.php(404): CodeIgniter\CodeIgniter->runController(Object(App\Controllers\Reporting\Project_data\project_quarterly_indicator_tracking_report))
#9 E:\www\creaw\system\CodeIgniter.php(312): CodeIgniter\CodeIgniter->handleRequest(NULL, Object(Config\Cache), false)
#10 E:\www\creaw\index.php(45): CodeIgniter\CodeIgniter->run()
#11 {main}
CRITICAL - 2021-07-29 06:56:44 --> Undefined variable: pid
#0 E:\www\creaw\app\Views\office\reporting\project_data\project_quarterly_indicator_tracking_report\view.php(21): CodeIgniter\Debug\Exceptions->errorHandler(8, 'Undefined varia...', 'E:\\www\\creaw\\ap...', 21, Array)
#1 E:\www\creaw\system\View\View.php(246): include('E:\\www\\creaw\\ap...')
#2 E:\www\creaw\system\Common.php(1119): CodeIgniter\View\View->render('office/reportin...', Array, true)
#3 E:\www\creaw\app\Views\template\index.php(14): view('office/reportin...')
#4 E:\www\creaw\system\View\View.php(246): include('E:\\www\\creaw\\ap...')
#5 E:\www\creaw\system\Common.php(1119): CodeIgniter\View\View->render('template/index', Array, true)
#6 E:\www\creaw\app\Controllers\Reporting\Project_data\Project_quarterly_indicator_tracking_report.php(380): view('template/index', Array)
#7 E:\www\creaw\system\CodeIgniter.php(918): App\Controllers\Reporting\Project_data\project_quarterly_indicator_tracking_report->view('1')
#8 E:\www\creaw\system\CodeIgniter.php(404): CodeIgniter\CodeIgniter->runController(Object(App\Controllers\Reporting\Project_data\project_quarterly_indicator_tracking_report))
#9 E:\www\creaw\system\CodeIgniter.php(312): CodeIgniter\CodeIgniter->handleRequest(NULL, Object(Config\Cache), false)
#10 E:\www\creaw\index.php(45): CodeIgniter\CodeIgniter->run()
#11 {main}
CRITICAL - 2021-07-29 07:00:07 --> Undefined variable: pid
#0 E:\www\creaw\app\Views\office\reporting\project_data\project_quarterly_indicator_tracking_report\view.php(21): CodeIgniter\Debug\Exceptions->errorHandler(8, 'Undefined varia...', 'E:\\www\\creaw\\ap...', 21, Array)
#1 E:\www\creaw\system\View\View.php(246): include('E:\\www\\creaw\\ap...')
#2 E:\www\creaw\system\Common.php(1119): CodeIgniter\View\View->render('office/reportin...', Array, true)
#3 E:\www\creaw\app\Views\template\index.php(14): view('office/reportin...')
#4 E:\www\creaw\system\View\View.php(246): include('E:\\www\\creaw\\ap...')
#5 E:\www\creaw\system\Common.php(1119): CodeIgniter\View\View->render('template/index', Array, true)
#6 E:\www\creaw\app\Controllers\Reporting\Project_data\Project_quarterly_indicator_tracking_report.php(381): view('template/index', Array)
#7 E:\www\creaw\system\CodeIgniter.php(918): App\Controllers\Reporting\Project_data\project_quarterly_indicator_tracking_report->view('1')
#8 E:\www\creaw\system\CodeIgniter.php(404): CodeIgniter\CodeIgniter->runController(Object(App\Controllers\Reporting\Project_data\project_quarterly_indicator_tracking_report))
#9 E:\www\creaw\system\CodeIgniter.php(312): CodeIgniter\CodeIgniter->handleRequest(NULL, Object(Config\Cache), false)
#10 E:\www\creaw\index.php(45): CodeIgniter\CodeIgniter->run()
#11 {main}
CRITICAL - 2021-07-29 07:00:07 --> Undefined variable: pid
#0 E:\www\creaw\app\Views\office\reporting\project_data\project_quarterly_indicator_tracking_report\view.php(21): CodeIgniter\Debug\Exceptions->errorHandler(8, 'Undefined varia...', 'E:\\www\\creaw\\ap...', 21, Array)
#1 E:\www\creaw\system\View\View.php(246): include('E:\\www\\creaw\\ap...')
#2 E:\www\creaw\system\Common.php(1119): CodeIgniter\View\View->render('office/reportin...', Array, true)
#3 E:\www\creaw\app\Views\template\index.php(14): view('office/reportin...')
#4 E:\www\creaw\system\View\View.php(246): include('E:\\www\\creaw\\ap...')
#5 E:\www\creaw\system\Common.php(1119): CodeIgniter\View\View->render('template/index', Array, true)
#6 E:\www\creaw\app\Controllers\Reporting\Project_data\Project_quarterly_indicator_tracking_report.php(381): view('template/index', Array)
#7 E:\www\creaw\system\CodeIgniter.php(918): App\Controllers\Reporting\Project_data\project_quarterly_indicator_tracking_report->view('1')
#8 E:\www\creaw\system\CodeIgniter.php(404): CodeIgniter\CodeIgniter->runController(Object(App\Controllers\Reporting\Project_data\project_quarterly_indicator_tracking_report))
#9 E:\www\creaw\system\CodeIgniter.php(312): CodeIgniter\CodeIgniter->handleRequest(NULL, Object(Config\Cache), false)
#10 E:\www\creaw\index.php(45): CodeIgniter\CodeIgniter->run()
#11 {main}
CRITICAL - 2021-07-29 07:03:14 --> Trying to get property 'name' of non-object
#0 E:\www\creaw\app\Views\office\reporting\project_data\project_quarterly_indicator_tracking_report\export.php(88): CodeIgniter\Debug\Exceptions->errorHandler(8, 'Trying to get p...', 'E:\\www\\creaw\\ap...', 88, Array)
#1 E:\www\creaw\system\View\View.php(246): include('E:\\www\\creaw\\ap...')
#2 E:\www\creaw\system\Common.php(1119): CodeIgniter\View\View->render('office/reportin...', Array, true)
#3 E:\www\creaw\app\Controllers\Reporting\Project_data\Project_quarterly_indicator_tracking_report.php(736): view('office/reportin...', Array)
#4 E:\www\creaw\system\CodeIgniter.php(918): App\Controllers\Reporting\Project_data\project_quarterly_indicator_tracking_report->print_page('1')
#5 E:\www\creaw\system\CodeIgniter.php(404): CodeIgniter\CodeIgniter->runController(Object(App\Controllers\Reporting\Project_data\project_quarterly_indicator_tracking_report))
#6 E:\www\creaw\system\CodeIgniter.php(312): CodeIgniter\CodeIgniter->handleRequest(NULL, Object(Config\Cache), false)
#7 E:\www\creaw\index.php(45): CodeIgniter\CodeIgniter->run()
#8 {main}
CRITICAL - 2021-07-29 07:08:28 --> Undefined variable: pid
#0 E:\www\creaw\app\Views\office\reporting\project_data\project_quarterly_workplan_progress_reports\view.php(20): CodeIgniter\Debug\Exceptions->errorHandler(8, 'Undefined varia...', 'E:\\www\\creaw\\ap...', 20, Array)
#1 E:\www\creaw\system\View\View.php(246): include('E:\\www\\creaw\\ap...')
#2 E:\www\creaw\system\Common.php(1119): CodeIgniter\View\View->render('office/reportin...', Array, true)
#3 E:\www\creaw\app\Views\template\index.php(14): view('office/reportin...')
#4 E:\www\creaw\system\View\View.php(246): include('E:\\www\\creaw\\ap...')
#5 E:\www\creaw\system\Common.php(1119): CodeIgniter\View\View->render('template/index', Array, true)
#6 E:\www\creaw\app\Controllers\Reporting\Project_data\Project_quarterly_workplan_progress_reports.php(375): view('template/index', Array)
#7 E:\www\creaw\system\CodeIgniter.php(918): App\Controllers\Reporting\Project_data\Project_quarterly_workplan_progress_reports->view('2')
#8 E:\www\creaw\system\CodeIgniter.php(404): CodeIgniter\CodeIgniter->runController(Object(App\Controllers\Reporting\Project_data\Project_quarterly_workplan_progress_reports))
#9 E:\www\creaw\system\CodeIgniter.php(312): CodeIgniter\CodeIgniter->handleRequest(NULL, Object(Config\Cache), false)
#10 E:\www\creaw\index.php(45): CodeIgniter\CodeIgniter->run()
#11 {main}
CRITICAL - 2021-07-29 07:08:28 --> Undefined variable: pid
#0 E:\www\creaw\app\Views\office\reporting\project_data\project_quarterly_workplan_progress_reports\view.php(20): CodeIgniter\Debug\Exceptions->errorHandler(8, 'Undefined varia...', 'E:\\www\\creaw\\ap...', 20, Array)
#1 E:\www\creaw\system\View\View.php(246): include('E:\\www\\creaw\\ap...')
#2 E:\www\creaw\system\Common.php(1119): CodeIgniter\View\View->render('office/reportin...', Array, true)
#3 E:\www\creaw\app\Views\template\index.php(14): view('office/reportin...')
#4 E:\www\creaw\system\View\View.php(246): include('E:\\www\\creaw\\ap...')
#5 E:\www\creaw\system\Common.php(1119): CodeIgniter\View\View->render('template/index', Array, true)
#6 E:\www\creaw\app\Controllers\Reporting\Project_data\Project_quarterly_workplan_progress_reports.php(375): view('template/index', Array)
#7 E:\www\creaw\system\CodeIgniter.php(918): App\Controllers\Reporting\Project_data\Project_quarterly_workplan_progress_reports->view('2')
#8 E:\www\creaw\system\CodeIgniter.php(404): CodeIgniter\CodeIgniter->runController(Object(App\Controllers\Reporting\Project_data\Project_quarterly_workplan_progress_reports))
#9 E:\www\creaw\system\CodeIgniter.php(312): CodeIgniter\CodeIgniter->handleRequest(NULL, Object(Config\Cache), false)
#10 E:\www\creaw\index.php(45): CodeIgniter\CodeIgniter->run()
#11 {main}
CRITICAL - 2021-07-29 08:27:19 --> Undefined variable: pid
#0 E:\www\creaw\app\Views\office\reporting\project_data\project_semi_annual_workplan_progress_report\view.php(21): CodeIgniter\Debug\Exceptions->errorHandler(8, 'Undefined varia...', 'E:\\www\\creaw\\ap...', 21, Array)
#1 E:\www\creaw\system\View\View.php(246): include('E:\\www\\creaw\\ap...')
#2 E:\www\creaw\system\Common.php(1119): CodeIgniter\View\View->render('office/reportin...', Array, true)
#3 E:\www\creaw\app\Views\template\index.php(14): view('office/reportin...')
#4 E:\www\creaw\system\View\View.php(246): include('E:\\www\\creaw\\ap...')
#5 E:\www\creaw\system\Common.php(1119): CodeIgniter\View\View->render('template/index', Array, true)
#6 E:\www\creaw\app\Controllers\Reporting\Project_data\Project_semi_annual_workplan_progress_report.php(375): view('template/index', Array)
#7 E:\www\creaw\system\CodeIgniter.php(918): App\Controllers\Reporting\Project_data\Project_semi_annual_workplan_progress_report->view('3')
#8 E:\www\creaw\system\CodeIgniter.php(404): CodeIgniter\CodeIgniter->runController(Object(App\Controllers\Reporting\Project_data\Project_semi_annual_workplan_progress_report))
#9 E:\www\creaw\system\CodeIgniter.php(312): CodeIgniter\CodeIgniter->handleRequest(NULL, Object(Config\Cache), false)
#10 E:\www\creaw\index.php(45): CodeIgniter\CodeIgniter->run()
#11 {main}
CRITICAL - 2021-07-29 08:27:19 --> Undefined variable: pid
#0 E:\www\creaw\app\Views\office\reporting\project_data\project_semi_annual_workplan_progress_report\view.php(21): CodeIgniter\Debug\Exceptions->errorHandler(8, 'Undefined varia...', 'E:\\www\\creaw\\ap...', 21, Array)
#1 E:\www\creaw\system\View\View.php(246): include('E:\\www\\creaw\\ap...')
#2 E:\www\creaw\system\Common.php(1119): CodeIgniter\View\View->render('office/reportin...', Array, true)
#3 E:\www\creaw\app\Views\template\index.php(14): view('office/reportin...')
#4 E:\www\creaw\system\View\View.php(246): include('E:\\www\\creaw\\ap...')
#5 E:\www\creaw\system\Common.php(1119): CodeIgniter\View\View->render('template/index', Array, true)
#6 E:\www\creaw\app\Controllers\Reporting\Project_data\Project_semi_annual_workplan_progress_report.php(375): view('template/index', Array)
#7 E:\www\creaw\system\CodeIgniter.php(918): App\Controllers\Reporting\Project_data\Project_semi_annual_workplan_progress_report->view('3')
#8 E:\www\creaw\system\CodeIgniter.php(404): CodeIgniter\CodeIgniter->runController(Object(App\Controllers\Reporting\Project_data\Project_semi_annual_workplan_progress_report))
#9 E:\www\creaw\system\CodeIgniter.php(312): CodeIgniter\CodeIgniter->handleRequest(NULL, Object(Config\Cache), false)
#10 E:\www\creaw\index.php(45): CodeIgniter\CodeIgniter->run()
#11 {main}
CRITICAL - 2021-07-29 08:43:25 --> Class 'App\Controllers\Reporting\Project_data\Project_quarterly_workplan_progress_reports_model' not found
#0 E:\www\creaw\system\CodeIgniter.php(918): App\Controllers\Reporting\Project_data\Project_annual_workplan_progress_report->print_page('1')
#1 E:\www\creaw\system\CodeIgniter.php(404): CodeIgniter\CodeIgniter->runController(Object(App\Controllers\Reporting\Project_data\Project_annual_workplan_progress_report))
#2 E:\www\creaw\system\CodeIgniter.php(312): CodeIgniter\CodeIgniter->handleRequest(NULL, Object(Config\Cache), false)
#3 E:\www\creaw\index.php(45): CodeIgniter\CodeIgniter->run()
#4 {main}
CRITICAL - 2021-07-29 09:46:57 --> Undefined variable: year
#0 E:\www\creaw\app\Views\office\system_reports\strategic_report\stratergic_annual_indicator_performance\list.php(29): CodeIgniter\Debug\Exceptions->errorHandler(8, 'Undefined varia...', 'E:\\www\\creaw\\ap...', 29, Array)
#1 E:\www\creaw\system\View\View.php(246): include('E:\\www\\creaw\\ap...')
#2 E:\www\creaw\system\Common.php(1119): CodeIgniter\View\View->render('office/system_r...', Array, true)
#3 E:\www\creaw\app\Views\template\index.php(14): view('office/system_r...')
#4 E:\www\creaw\system\View\View.php(246): include('E:\\www\\creaw\\ap...')
#5 E:\www\creaw\system\Common.php(1119): CodeIgniter\View\View->render('template/index', Array, true)
#6 E:\www\creaw\app\Controllers\System_reports\Stratergic_annual_indicator_performance.php(73): view('template/index', Array)
#7 E:\www\creaw\system\CodeIgniter.php(918): App\Controllers\system_reports\Stratergic_annual_indicator_performance->index()
#8 E:\www\creaw\system\CodeIgniter.php(404): CodeIgniter\CodeIgniter->runController(Object(App\Controllers\system_reports\Stratergic_annual_indicator_performance))
#9 E:\www\creaw\system\CodeIgniter.php(312): CodeIgniter\CodeIgniter->handleRequest(NULL, Object(Config\Cache), false)
#10 E:\www\creaw\index.php(45): CodeIgniter\CodeIgniter->run()
#11 {main}
CRITICAL - 2021-07-29 09:48:18 --> Undefined variable: pid
#0 E:\www\creaw\app\Views\office\system_reports\strategic_report\stratergic_annual_indicator_performance\list.php(119): CodeIgniter\Debug\Exceptions->errorHandler(8, 'Undefined varia...', 'E:\\www\\creaw\\ap...', 119, Array)
#1 E:\www\creaw\system\View\View.php(246): include('E:\\www\\creaw\\ap...')
#2 E:\www\creaw\system\Common.php(1119): CodeIgniter\View\View->render('office/system_r...', Array, true)
#3 E:\www\creaw\app\Views\template\index.php(14): view('office/system_r...')
#4 E:\www\creaw\system\View\View.php(246): include('E:\\www\\creaw\\ap...')
#5 E:\www\creaw\system\Common.php(1119): CodeIgniter\View\View->render('template/index', Array, true)
#6 E:\www\creaw\app\Controllers\System_reports\Stratergic_annual_indicator_performance.php(73): view('template/index', Array)
#7 E:\www\creaw\system\CodeIgniter.php(918): App\Controllers\system_reports\Stratergic_annual_indicator_performance->index()
#8 E:\www\creaw\system\CodeIgniter.php(404): CodeIgniter\CodeIgniter->runController(Object(App\Controllers\system_reports\Stratergic_annual_indicator_performance))
#9 E:\www\creaw\system\CodeIgniter.php(312): CodeIgniter\CodeIgniter->handleRequest(NULL, Object(Config\Cache), false)
#10 E:\www\creaw\index.php(45): CodeIgniter\CodeIgniter->run()
#11 {main}
CRITICAL - 2021-07-29 09:48:53 --> Undefined variable: stdata
#0 E:\www\creaw\app\Views\office\system_reports\strategic_report\stratergic_annual_indicator_performance\export.php(57): CodeIgniter\Debug\Exceptions->errorHandler(8, 'Undefined varia...', 'E:\\www\\creaw\\ap...', 57, Array)
#1 E:\www\creaw\system\View\View.php(246): include('E:\\www\\creaw\\ap...')
#2 E:\www\creaw\system\Common.php(1119): CodeIgniter\View\View->render('office/system_r...', Array, true)
#3 E:\www\creaw\app\Controllers\System_reports\Stratergic_annual_indicator_performance.php(211): view('office/system_r...', Array)
#4 E:\www\creaw\system\CodeIgniter.php(918): App\Controllers\system_reports\Stratergic_annual_indicator_performance->print_page('3', '2019')
#5 E:\www\creaw\system\CodeIgniter.php(404): CodeIgniter\CodeIgniter->runController(Object(App\Controllers\system_reports\Stratergic_annual_indicator_performance))
#6 E:\www\creaw\system\CodeIgniter.php(312): CodeIgniter\CodeIgniter->handleRequest(NULL, Object(Config\Cache), false)
#7 E:\www\creaw\index.php(45): CodeIgniter\CodeIgniter->run()
#8 {main}
CRITICAL - 2021-07-29 09:50:43 --> syntax error, unexpected '}', expecting end of file
#0 E:\www\creaw\system\Common.php(1119): CodeIgniter\View\View->render('office/system_r...', Array, true)
#1 E:\www\creaw\app\Controllers\System_reports\Stratergic_annual_indicator_performance.php(211): view('office/system_r...', Array)
#2 E:\www\creaw\system\CodeIgniter.php(918): App\Controllers\system_reports\Stratergic_annual_indicator_performance->print_page('3', '2019')
#3 E:\www\creaw\system\CodeIgniter.php(404): CodeIgniter\CodeIgniter->runController(Object(App\Controllers\system_reports\Stratergic_annual_indicator_performance))
#4 E:\www\creaw\system\CodeIgniter.php(312): CodeIgniter\CodeIgniter->handleRequest(NULL, Object(Config\Cache), false)
#5 E:\www\creaw\index.php(45): CodeIgniter\CodeIgniter->run()
#6 {main}
CRITICAL - 2021-07-29 09:51:24 --> Undefined variable: row_plan
#0 E:\www\creaw\app\Views\office\system_reports\strategic_report\stratergic_annual_indicator_performance\export.php(72): CodeIgniter\Debug\Exceptions->errorHandler(8, 'Undefined varia...', 'E:\\www\\creaw\\ap...', 72, Array)
#1 E:\www\creaw\system\View\View.php(246): include('E:\\www\\creaw\\ap...')
#2 E:\www\creaw\system\Common.php(1119): CodeIgniter\View\View->render('office/system_r...', Array, true)
#3 E:\www\creaw\app\Controllers\System_reports\Stratergic_annual_indicator_performance.php(211): view('office/system_r...', Array)
#4 E:\www\creaw\system\CodeIgniter.php(918): App\Controllers\system_reports\Stratergic_annual_indicator_performance->print_page('3', '2019')
#5 E:\www\creaw\system\CodeIgniter.php(404): CodeIgniter\CodeIgniter->runController(Object(App\Controllers\system_reports\Stratergic_annual_indicator_performance))
#6 E:\www\creaw\system\CodeIgniter.php(312): CodeIgniter\CodeIgniter->handleRequest(NULL, Object(Config\Cache), false)
#7 E:\www\creaw\index.php(45): CodeIgniter\CodeIgniter->run()
#8 {main}
CRITICAL - 2021-07-29 09:51:35 --> Undefined variable: row_plan
#0 E:\www\creaw\app\Views\office\system_reports\strategic_report\stratergic_annual_indicator_performance\export.php(72): CodeIgniter\Debug\Exceptions->errorHandler(8, 'Undefined varia...', 'E:\\www\\creaw\\ap...', 72, Array)
#1 E:\www\creaw\system\View\View.php(246): include('E:\\www\\creaw\\ap...')
#2 E:\www\creaw\system\Common.php(1119): CodeIgniter\View\View->render('office/system_r...', Array, true)
#3 E:\www\creaw\app\Controllers\System_reports\Stratergic_annual_indicator_performance.php(211): view('office/system_r...', Array)
#4 E:\www\creaw\system\CodeIgniter.php(918): App\Controllers\system_reports\Stratergic_annual_indicator_performance->print_page('3', '2019')
#5 E:\www\creaw\system\CodeIgniter.php(404): CodeIgniter\CodeIgniter->runController(Object(App\Controllers\system_reports\Stratergic_annual_indicator_performance))
#6 E:\www\creaw\system\CodeIgniter.php(312): CodeIgniter\CodeIgniter->handleRequest(NULL, Object(Config\Cache), false)
#7 E:\www\creaw\index.php(45): CodeIgniter\CodeIgniter->run()
#8 {main}
CRITICAL - 2021-07-29 09:52:23 --> Trying to get property 'report_name' of non-object
#0 E:\www\creaw\app\Views\office\system_reports\strategic_report\stratergic_annual_indicator_performance\export.php(79): CodeIgniter\Debug\Exceptions->errorHandler(8, 'Trying to get p...', 'E:\\www\\creaw\\ap...', 79, Array)
#1 E:\www\creaw\system\View\View.php(246): include('E:\\www\\creaw\\ap...')
#2 E:\www\creaw\system\Common.php(1119): CodeIgniter\View\View->render('office/system_r...', Array, true)
#3 E:\www\creaw\app\Controllers\System_reports\Stratergic_annual_indicator_performance.php(211): view('office/system_r...', Array)
#4 E:\www\creaw\system\CodeIgniter.php(918): App\Controllers\system_reports\Stratergic_annual_indicator_performance->print_page('3', '2019')
#5 E:\www\creaw\system\CodeIgniter.php(404): CodeIgniter\CodeIgniter->runController(Object(App\Controllers\system_reports\Stratergic_annual_indicator_performance))
#6 E:\www\creaw\system\CodeIgniter.php(312): CodeIgniter\CodeIgniter->handleRequest(NULL, Object(Config\Cache), false)
#7 E:\www\creaw\index.php(45): CodeIgniter\CodeIgniter->run()
#8 {main}
CRITICAL - 2021-07-29 09:53:06 --> Table 'creaw.org_annual_indicator_tracking_report1' doesn't exist
#0 E:\www\creaw\system\Database\MySQLi\Connection.php(331): mysqli->query('select * from o...')
#1 E:\www\creaw\system\Database\BaseConnection.php(741): CodeIgniter\Database\MySQLi\Connection->execute('select * from o...')
#2 E:\www\creaw\system\Database\BaseConnection.php(669): CodeIgniter\Database\BaseConnection->simpleQuery('select * from o...')
#3 E:\www\creaw\app\Views\office\system_reports\strategic_report\stratergic_annual_indicator_performance\export.php(53): CodeIgniter\Database\BaseConnection->query('select * from o...')
#4 E:\www\creaw\system\View\View.php(246): include('E:\\www\\creaw\\ap...')
#5 E:\www\creaw\system\Common.php(1119): CodeIgniter\View\View->render('office/system_r...', Array, true)
#6 E:\www\creaw\app\Controllers\System_reports\Stratergic_annual_indicator_performance.php(211): view('office/system_r...', Array)
#7 E:\www\creaw\system\CodeIgniter.php(918): App\Controllers\system_reports\Stratergic_annual_indicator_performance->print_page('3', '2019')
#8 E:\www\creaw\system\CodeIgniter.php(404): CodeIgniter\CodeIgniter->runController(Object(App\Controllers\system_reports\Stratergic_annual_indicator_performance))
#9 E:\www\creaw\system\CodeIgniter.php(312): CodeIgniter\CodeIgniter->handleRequest(NULL, Object(Config\Cache), false)
#10 E:\www\creaw\index.php(45): CodeIgniter\CodeIgniter->run()
#11 {main}
CRITICAL - 2021-07-29 10:16:42 --> Invalid file: office/system_reports/strategic_report/project_annual_indicator_performance/export.php
#0 E:\www\creaw\system\View\View.php(228): CodeIgniter\Exceptions\FrameworkException::forInvalidFile('office/system_r...')
#1 E:\www\creaw\system\Common.php(1119): CodeIgniter\View\View->render('office/system_r...', Array, true)
#2 E:\www\creaw\app\Controllers\System_reports\Project_annual_indicator_performance.php(212): view('office/system_r...', Array)
#3 E:\www\creaw\system\CodeIgniter.php(918): App\Controllers\system_reports\Project_annual_indicator_performance->print_page('7', '2021')
#4 E:\www\creaw\system\CodeIgniter.php(404): CodeIgniter\CodeIgniter->runController(Object(App\Controllers\system_reports\Project_annual_indicator_performance))
#5 E:\www\creaw\system\CodeIgniter.php(312): CodeIgniter\CodeIgniter->handleRequest(NULL, Object(Config\Cache), false)
#6 E:\www\creaw\index.php(45): CodeIgniter\CodeIgniter->run()
#7 {main}
CRITICAL - 2021-07-29 10:57:14 --> Undefined variable: month
#0 E:\www\creaw\app\Views\office\system_reports\cases_report\cases_overall\list.php(29): CodeIgniter\Debug\Exceptions->errorHandler(8, 'Undefined varia...', 'E:\\www\\creaw\\ap...', 29, Array)
#1 E:\www\creaw\system\View\View.php(246): include('E:\\www\\creaw\\ap...')
#2 E:\www\creaw\system\Common.php(1119): CodeIgniter\View\View->render('office/system_r...', Array, true)
#3 E:\www\creaw\app\Views\template\index.php(14): view('office/system_r...')
#4 E:\www\creaw\system\View\View.php(246): include('E:\\www\\creaw\\ap...')
#5 E:\www\creaw\system\Common.php(1119): CodeIgniter\View\View->render('template/index', Array, true)
#6 E:\www\creaw\app\Controllers\System_reports\Cases_overall.php(73): view('template/index', Array)
#7 E:\www\creaw\system\CodeIgniter.php(918): App\Controllers\system_reports\Cases_overall->index()
#8 E:\www\creaw\system\CodeIgniter.php(404): CodeIgniter\CodeIgniter->runController(Object(App\Controllers\system_reports\Cases_overall))
#9 E:\www\creaw\system\CodeIgniter.php(312): CodeIgniter\CodeIgniter->handleRequest(NULL, Object(Config\Cache), false)
#10 E:\www\creaw\index.php(45): CodeIgniter\CodeIgniter->run()
#11 {main}
CRITICAL - 2021-07-29 10:57:14 --> Undefined variable: month
#0 E:\www\creaw\app\Views\office\system_reports\cases_report\cases_overall\list.php(29): CodeIgniter\Debug\Exceptions->errorHandler(8, 'Undefined varia...', 'E:\\www\\creaw\\ap...', 29, Array)
#1 E:\www\creaw\system\View\View.php(246): include('E:\\www\\creaw\\ap...')
#2 E:\www\creaw\system\Common.php(1119): CodeIgniter\View\View->render('office/system_r...', Array, true)
#3 E:\www\creaw\app\Views\template\index.php(14): view('office/system_r...')
#4 E:\www\creaw\system\View\View.php(246): include('E:\\www\\creaw\\ap...')
#5 E:\www\creaw\system\Common.php(1119): CodeIgniter\View\View->render('template/index', Array, true)
#6 E:\www\creaw\app\Controllers\System_reports\Cases_overall.php(73): view('template/index', Array)
#7 E:\www\creaw\system\CodeIgniter.php(918): App\Controllers\system_reports\Cases_overall->index()
#8 E:\www\creaw\system\CodeIgniter.php(404): CodeIgniter\CodeIgniter->runController(Object(App\Controllers\system_reports\Cases_overall))
#9 E:\www\creaw\system\CodeIgniter.php(312): CodeIgniter\CodeIgniter->handleRequest(NULL, Object(Config\Cache), false)
#10 E:\www\creaw\index.php(45): CodeIgniter\CodeIgniter->run()
#11 {main}
