CRITICAL - 2021-09-13 02:58:28 --> Undefined property: App\Controllers\Reporting\Project_data\Activity_reporting_tool::$input
#0 E:\www\creaw\app\Controllers\Reporting\Project_data\Activity_reporting_tool.php(455): CodeIgniter\Debug\Exceptions->errorHandler(8, 'Undefined prope...', 'E:\\www\\creaw\\ap...', 455, Array)
#1 E:\www\creaw\system\CodeIgniter.php(918): App\Controllers\Reporting\Project_data\Activity_reporting_tool->edit('2')
#2 E:\www\creaw\system\CodeIgniter.php(404): CodeIgniter\CodeIgniter->runController(Object(App\Controllers\Reporting\Project_data\Activity_reporting_tool))
#3 E:\www\creaw\system\CodeIgniter.php(312): CodeIgniter\CodeIgniter->handleRequest(NULL, Object(Config\Cache), false)
#4 E:\www\creaw\index.php(45): CodeIgniter\CodeIgniter->run()
#5 {main}
CRITICAL - 2021-09-13 03:00:14 --> Undefined property: App\Controllers\Reporting\Project_data\Activity_reporting_tool::$input
#0 E:\www\creaw\app\Controllers\Reporting\Project_data\Activity_reporting_tool.php(455): CodeIgniter\Debug\Exceptions->errorHandler(8, 'Undefined prope...', 'E:\\www\\creaw\\ap...', 455, Array)
#1 E:\www\creaw\system\CodeIgniter.php(918): App\Controllers\Reporting\Project_data\Activity_reporting_tool->edit('2')
#2 E:\www\creaw\system\CodeIgniter.php(404): CodeIgniter\CodeIgniter->runController(Object(App\Controllers\Reporting\Project_data\Activity_reporting_tool))
#3 E:\www\creaw\system\CodeIgniter.php(312): CodeIgniter\CodeIgniter->handleRequest(NULL, Object(Config\Cache), false)
#4 E:\www\creaw\index.php(45): CodeIgniter\CodeIgniter->run()
#5 {main}
CRITICAL - 2021-09-13 03:36:58 --> Cannot declare class App\Models\reporting\project_data\Activity_reporting_tool_model, because the name is already in use
#0 [internal function]: CodeIgniter\Debug\Exceptions->shutdownHandler()
#1 {main}
CRITICAL - 2021-09-13 14:17:10 --> Undefined property: App\Controllers\Reporting\Project_data\Activity_reporting_tool::$config
#0 E:\www\creaw\app\Controllers\Reporting\Project_data\Activity_reporting_tool.php(492): CodeIgniter\Debug\Exceptions->errorHandler(8, 'Undefined prope...', 'E:\\www\\creaw\\ap...', 492, Array)
#1 E:\www\creaw\system\CodeIgniter.php(918): App\Controllers\Reporting\Project_data\Activity_reporting_tool->edit('2')
#2 E:\www\creaw\system\CodeIgniter.php(404): CodeIgniter\CodeIgniter->runController(Object(App\Controllers\Reporting\Project_data\Activity_reporting_tool))
#3 E:\www\creaw\system\CodeIgniter.php(312): CodeIgniter\CodeIgniter->handleRequest(NULL, Object(Config\Cache), false)
#4 E:\www\creaw\index.php(45): CodeIgniter\CodeIgniter->run()
#5 {main}
CRITICAL - 2021-09-13 14:18:07 --> Undefined property: App\Controllers\Reporting\Project_data\Activity_reporting_tool::$input
#0 E:\www\creaw\app\Controllers\Reporting\Project_data\Activity_reporting_tool.php(502): CodeIgniter\Debug\Exceptions->errorHandler(8, 'Undefined prope...', 'E:\\www\\creaw\\ap...', 502, Array)
#1 E:\www\creaw\system\CodeIgniter.php(918): App\Controllers\Reporting\Project_data\Activity_reporting_tool->edit('2')
#2 E:\www\creaw\system\CodeIgniter.php(404): CodeIgniter\CodeIgniter->runController(Object(App\Controllers\Reporting\Project_data\Activity_reporting_tool))
#3 E:\www\creaw\system\CodeIgniter.php(312): CodeIgniter\CodeIgniter->handleRequest(NULL, Object(Config\Cache), false)
#4 E:\www\creaw\index.php(45): CodeIgniter\CodeIgniter->run()
#5 {main}
CRITICAL - 2021-09-13 14:18:32 --> Undefined variable: password
#0 E:\www\creaw\app\Views\email\activity_reporting_tool_submit-html.php(24): CodeIgniter\Debug\Exceptions->errorHandler(8, 'Undefined varia...', 'E:\\www\\creaw\\ap...', 24, Array)
#1 E:\www\creaw\system\View\View.php(246): include('E:\\www\\creaw\\ap...')
#2 E:\www\creaw\system\Common.php(1119): CodeIgniter\View\View->render('email/activity_...', Array, true)
#3 E:\www\creaw\app\Controllers\Reporting\Project_data\Activity_reporting_tool.php(809): view('email/activity_...', Array)
#4 E:\www\creaw\app\Controllers\Reporting\Project_data\Activity_reporting_tool.php(509): App\Controllers\Reporting\Project_data\Activity_reporting_tool->_send_email('activity_report...', 'vikas@ubsgroup....', Array)
#5 E:\www\creaw\system\CodeIgniter.php(918): App\Controllers\Reporting\Project_data\Activity_reporting_tool->edit('2')
#6 E:\www\creaw\system\CodeIgniter.php(404): CodeIgniter\CodeIgniter->runController(Object(App\Controllers\Reporting\Project_data\Activity_reporting_tool))
#7 E:\www\creaw\system\CodeIgniter.php(312): CodeIgniter\CodeIgniter->handleRequest(NULL, Object(Config\Cache), false)
#8 E:\www\creaw\index.php(45): CodeIgniter\CodeIgniter->run()
#9 {main}
CRITICAL - 2021-09-13 14:19:05 --> Undefined variable: password
#0 E:\www\creaw\app\Views\email\activity_reporting_tool_submit-txt.php(15): CodeIgniter\Debug\Exceptions->errorHandler(8, 'Undefined varia...', 'E:\\www\\creaw\\ap...', 15, Array)
#1 E:\www\creaw\system\View\View.php(246): include('E:\\www\\creaw\\ap...')
#2 E:\www\creaw\system\Common.php(1119): CodeIgniter\View\View->render('email/activity_...', Array, true)
#3 E:\www\creaw\app\Controllers\Reporting\Project_data\Activity_reporting_tool.php(810): view('email/activity_...', Array)
#4 E:\www\creaw\app\Controllers\Reporting\Project_data\Activity_reporting_tool.php(509): App\Controllers\Reporting\Project_data\Activity_reporting_tool->_send_email('activity_report...', 'vikas@ubsgroup....', Array)
#5 E:\www\creaw\system\CodeIgniter.php(918): App\Controllers\Reporting\Project_data\Activity_reporting_tool->edit('2')
#6 E:\www\creaw\system\CodeIgniter.php(404): CodeIgniter\CodeIgniter->runController(Object(App\Controllers\Reporting\Project_data\Activity_reporting_tool))
#7 E:\www\creaw\system\CodeIgniter.php(312): CodeIgniter\CodeIgniter->handleRequest(NULL, Object(Config\Cache), false)
#8 E:\www\creaw\index.php(45): CodeIgniter\CodeIgniter->run()
#9 {main}
CRITICAL - 2021-09-13 14:42:30 --> Undefined variable: id
#0 E:\www\creaw\app\Views\email\activity_reporting_tool_submit-html.php(16): CodeIgniter\Debug\Exceptions->errorHandler(8, 'Undefined varia...', 'E:\\www\\creaw\\ap...', 16, Array)
#1 E:\www\creaw\system\View\View.php(246): include('E:\\www\\creaw\\ap...')
#2 E:\www\creaw\system\Common.php(1119): CodeIgniter\View\View->render('email/activity_...', Array, true)
#3 E:\www\creaw\app\Controllers\Reporting\Project_data\Activity_reporting_tool.php(811): view('email/activity_...', Array)
#4 E:\www\creaw\app\Controllers\Reporting\Project_data\Activity_reporting_tool.php(511): App\Controllers\Reporting\Project_data\Activity_reporting_tool->_send_email('activity_report...', 'vikas@ubsgroup....', Array)
#5 E:\www\creaw\system\CodeIgniter.php(918): App\Controllers\Reporting\Project_data\Activity_reporting_tool->edit('2')
#6 E:\www\creaw\system\CodeIgniter.php(404): CodeIgniter\CodeIgniter->runController(Object(App\Controllers\Reporting\Project_data\Activity_reporting_tool))
#7 E:\www\creaw\system\CodeIgniter.php(312): CodeIgniter\CodeIgniter->handleRequest(NULL, Object(Config\Cache), false)
#8 E:\www\creaw\index.php(45): CodeIgniter\CodeIgniter->run()
#9 {main}
CRITICAL - 2021-09-13 14:42:57 --> Undefined offset: 0
#0 E:\www\creaw\app\Views\email\activity_reporting_tool_submit-html.php(22): CodeIgniter\Debug\Exceptions->errorHandler(8, 'Undefined offse...', 'E:\\www\\creaw\\ap...', 22, Array)
#1 E:\www\creaw\system\View\View.php(246): include('E:\\www\\creaw\\ap...')
#2 E:\www\creaw\system\Common.php(1119): CodeIgniter\View\View->render('email/activity_...', Array, true)
#3 E:\www\creaw\app\Controllers\Reporting\Project_data\Activity_reporting_tool.php(811): view('email/activity_...', Array)
#4 E:\www\creaw\app\Controllers\Reporting\Project_data\Activity_reporting_tool.php(511): App\Controllers\Reporting\Project_data\Activity_reporting_tool->_send_email('activity_report...', 'vikas@ubsgroup....', Array)
#5 E:\www\creaw\system\CodeIgniter.php(918): App\Controllers\Reporting\Project_data\Activity_reporting_tool->edit('2')
#6 E:\www\creaw\system\CodeIgniter.php(404): CodeIgniter\CodeIgniter->runController(Object(App\Controllers\Reporting\Project_data\Activity_reporting_tool))
#7 E:\www\creaw\system\CodeIgniter.php(312): CodeIgniter\CodeIgniter->handleRequest(NULL, Object(Config\Cache), false)
#8 E:\www\creaw\index.php(45): CodeIgniter\CodeIgniter->run()
#9 {main}
CRITICAL - 2021-09-13 14:43:20 --> Undefined offset: 0
#0 E:\www\creaw\app\Views\email\activity_reporting_tool_submit-html.php(22): CodeIgniter\Debug\Exceptions->errorHandler(8, 'Undefined offse...', 'E:\\www\\creaw\\ap...', 22, Array)
#1 E:\www\creaw\system\View\View.php(246): include('E:\\www\\creaw\\ap...')
#2 E:\www\creaw\system\Common.php(1119): CodeIgniter\View\View->render('email/activity_...', Array, true)
#3 E:\www\creaw\app\Controllers\Reporting\Project_data\Activity_reporting_tool.php(811): view('email/activity_...', Array)
#4 E:\www\creaw\app\Controllers\Reporting\Project_data\Activity_reporting_tool.php(511): App\Controllers\Reporting\Project_data\Activity_reporting_tool->_send_email('activity_report...', 'vikas@ubsgroup....', Array)
#5 E:\www\creaw\system\CodeIgniter.php(918): App\Controllers\Reporting\Project_data\Activity_reporting_tool->edit('2')
#6 E:\www\creaw\system\CodeIgniter.php(404): CodeIgniter\CodeIgniter->runController(Object(App\Controllers\Reporting\Project_data\Activity_reporting_tool))
#7 E:\www\creaw\system\CodeIgniter.php(312): CodeIgniter\CodeIgniter->handleRequest(NULL, Object(Config\Cache), false)
#8 E:\www\creaw\index.php(45): CodeIgniter\CodeIgniter->run()
#9 {main}
CRITICAL - 2021-09-13 14:44:23 --> Undefined offset: 0
#0 E:\www\creaw\app\Views\email\activity_reporting_tool_submit-html.php(27): CodeIgniter\Debug\Exceptions->errorHandler(8, 'Undefined offse...', 'E:\\www\\creaw\\ap...', 27, Array)
#1 E:\www\creaw\system\View\View.php(246): include('E:\\www\\creaw\\ap...')
#2 E:\www\creaw\system\Common.php(1119): CodeIgniter\View\View->render('email/activity_...', Array, true)
#3 E:\www\creaw\app\Controllers\Reporting\Project_data\Activity_reporting_tool.php(811): view('email/activity_...', Array)
#4 E:\www\creaw\app\Controllers\Reporting\Project_data\Activity_reporting_tool.php(511): App\Controllers\Reporting\Project_data\Activity_reporting_tool->_send_email('activity_report...', 'vikas@ubsgroup....', Array)
#5 E:\www\creaw\system\CodeIgniter.php(918): App\Controllers\Reporting\Project_data\Activity_reporting_tool->edit('2')
#6 E:\www\creaw\system\CodeIgniter.php(404): CodeIgniter\CodeIgniter->runController(Object(App\Controllers\Reporting\Project_data\Activity_reporting_tool))
#7 E:\www\creaw\system\CodeIgniter.php(312): CodeIgniter\CodeIgniter->handleRequest(NULL, Object(Config\Cache), false)
#8 E:\www\creaw\index.php(45): CodeIgniter\CodeIgniter->run()
#9 {main}
CRITICAL - 2021-09-13 15:57:38 --> Class 'App\Models\review_approve\Activity_reporting_tool_model' not found
#0 E:\www\creaw\system\CodeIgniter.php(918): App\Controllers\Review_approve\Review_activity_reporting->index()
#1 E:\www\creaw\system\CodeIgniter.php(404): CodeIgniter\CodeIgniter->runController(Object(App\Controllers\Review_approve\Review_activity_reporting))
#2 E:\www\creaw\system\CodeIgniter.php(312): CodeIgniter\CodeIgniter->handleRequest(NULL, Object(Config\Cache), false)
#3 E:\www\creaw\index.php(45): CodeIgniter\CodeIgniter->run()
#4 {main}
CRITICAL - 2021-09-13 15:58:06 --> Cannot declare class App\Controllers\Review_approve\Review_activity_reporting because the name is already in use
#0 [internal function]: CodeIgniter\Debug\Exceptions->shutdownHandler()
#1 {main}
CRITICAL - 2021-09-13 15:59:00 --> Cannot declare class App\Controllers\Review_approve\Review_activity_reporting because the name is already in use
#0 [internal function]: CodeIgniter\Debug\Exceptions->shutdownHandler()
#1 {main}
CRITICAL - 2021-09-13 15:59:42 --> Cannot declare class App\Controllers\Review_approve\Review_activity_reporting because the name is already in use
#0 [internal function]: CodeIgniter\Debug\Exceptions->shutdownHandler()
#1 {main}
CRITICAL - 2021-09-13 16:01:36 --> Cannot declare class App\Controllers\Review_approve\Review_activity_reporting because the name is already in use
#0 [internal function]: CodeIgniter\Debug\Exceptions->shutdownHandler()
#1 {main}
CRITICAL - 2021-09-13 16:02:37 --> Class 'App\Controllers\Review_approve\Activity_reporting_tool_model' not found
#0 E:\www\creaw\system\CodeIgniter.php(918): App\Controllers\Review_approve\Review_activity_reporting->index()
#1 E:\www\creaw\system\CodeIgniter.php(404): CodeIgniter\CodeIgniter->runController(Object(App\Controllers\Review_approve\Review_activity_reporting))
#2 E:\www\creaw\system\CodeIgniter.php(312): CodeIgniter\CodeIgniter->handleRequest(NULL, Object(Config\Cache), false)
#3 E:\www\creaw\index.php(45): CodeIgniter\CodeIgniter->run()
#4 {main}
CRITICAL - 2021-09-13 16:04:34 --> Invalid file: office/reporting/review_approve/review_activity_reporting/list.php
#0 E:\www\creaw\system\View\View.php(228): CodeIgniter\Exceptions\FrameworkException::forInvalidFile('office/reportin...')
#1 E:\www\creaw\system\Common.php(1119): CodeIgniter\View\View->render('office/reportin...', Array, true)
#2 E:\www\creaw\app\Views\template\index.php(14): view('office/reportin...')
#3 E:\www\creaw\system\View\View.php(246): include('E:\\www\\creaw\\ap...')
#4 E:\www\creaw\system\Common.php(1119): CodeIgniter\View\View->render('template/index', Array, true)
#5 E:\www\creaw\app\Controllers\Review_approve\Review_activity_reporting.php(67): view('template/index', Array)
#6 E:\www\creaw\system\CodeIgniter.php(918): App\Controllers\Review_approve\Review_activity_reporting->index()
#7 E:\www\creaw\system\CodeIgniter.php(404): CodeIgniter\CodeIgniter->runController(Object(App\Controllers\Review_approve\Review_activity_reporting))
#8 E:\www\creaw\system\CodeIgniter.php(312): CodeIgniter\CodeIgniter->handleRequest(NULL, Object(Config\Cache), false)
#9 E:\www\creaw\index.php(45): CodeIgniter\CodeIgniter->run()
#10 {main}
CRITICAL - 2021-09-13 17:51:47 --> Class 'App\Controllers\Review_approve\Activity_reporting_tool_model' not found
#0 E:\www\creaw\system\CodeIgniter.php(918): App\Controllers\Review_approve\Review_activity_reporting->review('2')
#1 E:\www\creaw\system\CodeIgniter.php(404): CodeIgniter\CodeIgniter->runController(Object(App\Controllers\Review_approve\Review_activity_reporting))
#2 E:\www\creaw\system\CodeIgniter.php(312): CodeIgniter\CodeIgniter->handleRequest(NULL, Object(Config\Cache), false)
#3 E:\www\creaw\index.php(45): CodeIgniter\CodeIgniter->run()
#4 {main}
CRITICAL - 2021-09-13 17:52:08 --> Invalid file: office/reporting/project_data/activity_reporting_tool/review.php
#0 E:\www\creaw\system\View\View.php(228): CodeIgniter\Exceptions\FrameworkException::forInvalidFile('office/reportin...')
#1 E:\www\creaw\system\Common.php(1119): CodeIgniter\View\View->render('office/reportin...', Array, true)
#2 E:\www\creaw\app\Views\template\index.php(14): view('office/reportin...')
#3 E:\www\creaw\system\View\View.php(246): include('E:\\www\\creaw\\ap...')
#4 E:\www\creaw\system\Common.php(1119): CodeIgniter\View\View->render('template/index', Array, true)
#5 E:\www\creaw\app\Controllers\Review_approve\Review_activity_reporting.php(333): view('template/index', Array)
#6 E:\www\creaw\system\CodeIgniter.php(918): App\Controllers\Review_approve\Review_activity_reporting->review('2')
#7 E:\www\creaw\system\CodeIgniter.php(404): CodeIgniter\CodeIgniter->runController(Object(App\Controllers\Review_approve\Review_activity_reporting))
#8 E:\www\creaw\system\CodeIgniter.php(312): CodeIgniter\CodeIgniter->handleRequest(NULL, Object(Config\Cache), false)
#9 E:\www\creaw\index.php(45): CodeIgniter\CodeIgniter->run()
#10 {main}
CRITICAL - 2021-09-13 17:53:24 --> Invalid file: office/reporting/project_data/activity_reporting_tool/review.php
#0 E:\www\creaw\system\View\View.php(228): CodeIgniter\Exceptions\FrameworkException::forInvalidFile('office/reportin...')
#1 E:\www\creaw\system\Common.php(1119): CodeIgniter\View\View->render('office/reportin...', Array, true)
#2 E:\www\creaw\app\Views\template\index.php(14): view('office/reportin...')
#3 E:\www\creaw\system\View\View.php(246): include('E:\\www\\creaw\\ap...')
#4 E:\www\creaw\system\Common.php(1119): CodeIgniter\View\View->render('template/index', Array, true)
#5 E:\www\creaw\app\Controllers\Review_approve\Review_activity_reporting.php(316): view('template/index', Array)
#6 E:\www\creaw\system\CodeIgniter.php(918): App\Controllers\Review_approve\Review_activity_reporting->review('2')
#7 E:\www\creaw\system\CodeIgniter.php(404): CodeIgniter\CodeIgniter->runController(Object(App\Controllers\Review_approve\Review_activity_reporting))
#8 E:\www\creaw\system\CodeIgniter.php(312): CodeIgniter\CodeIgniter->handleRequest(NULL, Object(Config\Cache), false)
#9 E:\www\creaw\index.php(45): CodeIgniter\CodeIgniter->run()
#10 {main}
CRITICAL - 2021-09-13 17:53:58 --> Invalid file: office/reporting/project_data/activity_reporting_tool/review.php
#0 E:\www\creaw\system\View\View.php(228): CodeIgniter\Exceptions\FrameworkException::forInvalidFile('office/reportin...')
#1 E:\www\creaw\system\Common.php(1119): CodeIgniter\View\View->render('office/reportin...', Array, true)
#2 E:\www\creaw\app\Views\template\index.php(14): view('office/reportin...')
#3 E:\www\creaw\system\View\View.php(246): include('E:\\www\\creaw\\ap...')
#4 E:\www\creaw\system\Common.php(1119): CodeIgniter\View\View->render('template/index', Array, true)
#5 E:\www\creaw\app\Controllers\Review_approve\Review_activity_reporting.php(217): view('template/index', Array)
#6 E:\www\creaw\system\CodeIgniter.php(918): App\Controllers\Review_approve\Review_activity_reporting->review('2')
#7 E:\www\creaw\system\CodeIgniter.php(404): CodeIgniter\CodeIgniter->runController(Object(App\Controllers\Review_approve\Review_activity_reporting))
#8 E:\www\creaw\system\CodeIgniter.php(312): CodeIgniter\CodeIgniter->handleRequest(NULL, Object(Config\Cache), false)
#9 E:\www\creaw\index.php(45): CodeIgniter\CodeIgniter->run()
#10 {main}
CRITICAL - 2021-09-13 18:00:20 --> Undefined variable: record
#0 E:\www\creaw\app\Views\office\review_approve\review_activity_reporting\review.php(70): CodeIgniter\Debug\Exceptions->errorHandler(8, 'Undefined varia...', 'E:\\www\\creaw\\ap...', 70, Array)
#1 E:\www\creaw\system\View\View.php(246): include('E:\\www\\creaw\\ap...')
#2 E:\www\creaw\system\Common.php(1119): CodeIgniter\View\View->render('office/review_a...', Array, true)
#3 E:\www\creaw\app\Views\template\index.php(14): view('office/review_a...')
#4 E:\www\creaw\system\View\View.php(246): include('E:\\www\\creaw\\ap...')
#5 E:\www\creaw\system\Common.php(1119): CodeIgniter\View\View->render('template/index', Array, true)
#6 E:\www\creaw\app\Controllers\Review_approve\Review_activity_reporting.php(217): view('template/index', Array)
#7 E:\www\creaw\system\CodeIgniter.php(918): App\Controllers\Review_approve\Review_activity_reporting->review('2')
#8 E:\www\creaw\system\CodeIgniter.php(404): CodeIgniter\CodeIgniter->runController(Object(App\Controllers\Review_approve\Review_activity_reporting))
#9 E:\www\creaw\system\CodeIgniter.php(312): CodeIgniter\CodeIgniter->handleRequest(NULL, Object(Config\Cache), false)
#10 E:\www\creaw\index.php(45): CodeIgniter\CodeIgniter->run()
#11 {main}
CRITICAL - 2021-09-13 18:00:20 --> Undefined variable: record
#0 E:\www\creaw\app\Views\office\review_approve\review_activity_reporting\review.php(70): CodeIgniter\Debug\Exceptions->errorHandler(8, 'Undefined varia...', 'E:\\www\\creaw\\ap...', 70, Array)
#1 E:\www\creaw\system\View\View.php(246): include('E:\\www\\creaw\\ap...')
#2 E:\www\creaw\system\Common.php(1119): CodeIgniter\View\View->render('office/review_a...', Array, true)
#3 E:\www\creaw\app\Views\template\index.php(14): view('office/review_a...')
#4 E:\www\creaw\system\View\View.php(246): include('E:\\www\\creaw\\ap...')
#5 E:\www\creaw\system\Common.php(1119): CodeIgniter\View\View->render('template/index', Array, true)
#6 E:\www\creaw\app\Controllers\Review_approve\Review_activity_reporting.php(217): view('template/index', Array)
#7 E:\www\creaw\system\CodeIgniter.php(918): App\Controllers\Review_approve\Review_activity_reporting->review('2')
#8 E:\www\creaw\system\CodeIgniter.php(404): CodeIgniter\CodeIgniter->runController(Object(App\Controllers\Review_approve\Review_activity_reporting))
#9 E:\www\creaw\system\CodeIgniter.php(312): CodeIgniter\CodeIgniter->handleRequest(NULL, Object(Config\Cache), false)
#10 E:\www\creaw\index.php(45): CodeIgniter\CodeIgniter->run()
#11 {main}
CRITICAL - 2021-09-13 18:03:48 --> Undefined variable: record
#0 E:\www\creaw\app\Views\office\review_approve\review_activity_reporting\review.php(90): CodeIgniter\Debug\Exceptions->errorHandler(8, 'Undefined varia...', 'E:\\www\\creaw\\ap...', 90, Array)
#1 E:\www\creaw\system\View\View.php(246): include('E:\\www\\creaw\\ap...')
#2 E:\www\creaw\system\Common.php(1119): CodeIgniter\View\View->render('office/review_a...', Array, true)
#3 E:\www\creaw\app\Views\template\index.php(14): view('office/review_a...')
#4 E:\www\creaw\system\View\View.php(246): include('E:\\www\\creaw\\ap...')
#5 E:\www\creaw\system\Common.php(1119): CodeIgniter\View\View->render('template/index', Array, true)
#6 E:\www\creaw\app\Controllers\Review_approve\Review_activity_reporting.php(217): view('template/index', Array)
#7 E:\www\creaw\system\CodeIgniter.php(918): App\Controllers\Review_approve\Review_activity_reporting->review('2')
#8 E:\www\creaw\system\CodeIgniter.php(404): CodeIgniter\CodeIgniter->runController(Object(App\Controllers\Review_approve\Review_activity_reporting))
#9 E:\www\creaw\system\CodeIgniter.php(312): CodeIgniter\CodeIgniter->handleRequest(NULL, Object(Config\Cache), false)
#10 E:\www\creaw\index.php(45): CodeIgniter\CodeIgniter->run()
#11 {main}
CRITICAL - 2021-09-13 18:03:48 --> Undefined variable: record
#0 E:\www\creaw\app\Views\office\review_approve\review_activity_reporting\review.php(90): CodeIgniter\Debug\Exceptions->errorHandler(8, 'Undefined varia...', 'E:\\www\\creaw\\ap...', 90, Array)
#1 E:\www\creaw\system\View\View.php(246): include('E:\\www\\creaw\\ap...')
#2 E:\www\creaw\system\Common.php(1119): CodeIgniter\View\View->render('office/review_a...', Array, true)
#3 E:\www\creaw\app\Views\template\index.php(14): view('office/review_a...')
#4 E:\www\creaw\system\View\View.php(246): include('E:\\www\\creaw\\ap...')
#5 E:\www\creaw\system\Common.php(1119): CodeIgniter\View\View->render('template/index', Array, true)
#6 E:\www\creaw\app\Controllers\Review_approve\Review_activity_reporting.php(217): view('template/index', Array)
#7 E:\www\creaw\system\CodeIgniter.php(918): App\Controllers\Review_approve\Review_activity_reporting->review('2')
#8 E:\www\creaw\system\CodeIgniter.php(404): CodeIgniter\CodeIgniter->runController(Object(App\Controllers\Review_approve\Review_activity_reporting))
#9 E:\www\creaw\system\CodeIgniter.php(312): CodeIgniter\CodeIgniter->handleRequest(NULL, Object(Config\Cache), false)
#10 E:\www\creaw\index.php(45): CodeIgniter\CodeIgniter->run()
#11 {main}
