CRITICAL - 2021-01-18 00:15:21 --> Trying to get property 'session' of non-object
#0 G:\xampp\htdocs\UBS\pime_somali\app\Libraries\Tank_auth.php(198): CodeIgniter\Debug\Exceptions->errorHandler(8, 'Trying to get p...', 'G:\\xampp\\htdocs...', 198, Array)
#1 G:\xampp\htdocs\UBS\pime_somali\app\Controllers\Login.php(68): App\Libraries\Tank_auth->get_user_id()
#2 G:\xampp\htdocs\UBS\pime_somali\system\CodeIgniter.php(918): App\Controllers\Login->index()
#3 G:\xampp\htdocs\UBS\pime_somali\system\CodeIgniter.php(404): CodeIgniter\CodeIgniter->runController(Object(App\Controllers\Login))
#4 G:\xampp\htdocs\UBS\pime_somali\system\CodeIgniter.php(312): CodeIgniter\CodeIgniter->handleRequest(NULL, Object(Config\Cache), false)
#5 G:\xampp\htdocs\UBS\pime_somali\index.php(45): CodeIgniter\CodeIgniter->run()
#6 {main}
CRITICAL - 2021-01-18 00:21:31 --> Call to undefined method CodeIgniter\Session\Session::userdata()
#0 G:\xampp\htdocs\UBS\pime_somali\system\CodeIgniter.php(918): App\Controllers\Login->index()
#1 G:\xampp\htdocs\UBS\pime_somali\system\CodeIgniter.php(404): CodeIgniter\CodeIgniter->runController(Object(App\Controllers\Login))
#2 G:\xampp\htdocs\UBS\pime_somali\system\CodeIgniter.php(312): CodeIgniter\CodeIgniter->handleRequest(NULL, Object(Config\Cache), false)
#3 G:\xampp\htdocs\UBS\pime_somali\index.php(45): CodeIgniter\CodeIgniter->run()
#4 {main}
CRITICAL - 2021-01-18 00:22:17 --> Call to undefined method CodeIgniter\Session\Session::userdata()
#0 G:\xampp\htdocs\UBS\pime_somali\system\CodeIgniter.php(918): App\Controllers\Login->index()
#1 G:\xampp\htdocs\UBS\pime_somali\system\CodeIgniter.php(404): CodeIgniter\CodeIgniter->runController(Object(App\Controllers\Login))
#2 G:\xampp\htdocs\UBS\pime_somali\system\CodeIgniter.php(312): CodeIgniter\CodeIgniter->handleRequest(NULL, Object(Config\Cache), false)
#3 G:\xampp\htdocs\UBS\pime_somali\index.php(45): CodeIgniter\CodeIgniter->run()
#4 {main}
CRITICAL - 2021-01-18 00:22:50 --> Call to undefined method CodeIgniter\Database\MySQLi\Result::row_array()
#0 G:\xampp\htdocs\UBS\pime_somali\system\CodeIgniter.php(918): App\Controllers\Login->index()
#1 G:\xampp\htdocs\UBS\pime_somali\system\CodeIgniter.php(404): CodeIgniter\CodeIgniter->runController(Object(App\Controllers\Login))
#2 G:\xampp\htdocs\UBS\pime_somali\system\CodeIgniter.php(312): CodeIgniter\CodeIgniter->handleRequest(NULL, Object(Config\Cache), false)
#3 G:\xampp\htdocs\UBS\pime_somali\index.php(45): CodeIgniter\CodeIgniter->run()
#4 {main}
CRITICAL - 2021-01-18 00:23:52 --> Call to undefined method CodeIgniter\Database\MySQLi\Result::row_array()
#0 G:\xampp\htdocs\UBS\pime_somali\system\CodeIgniter.php(918): App\Controllers\Login->index()
#1 G:\xampp\htdocs\UBS\pime_somali\system\CodeIgniter.php(404): CodeIgniter\CodeIgniter->runController(Object(App\Controllers\Login))
#2 G:\xampp\htdocs\UBS\pime_somali\system\CodeIgniter.php(312): CodeIgniter\CodeIgniter->handleRequest(NULL, Object(Config\Cache), false)
#3 G:\xampp\htdocs\UBS\pime_somali\index.php(45): CodeIgniter\CodeIgniter->run()
#4 {main}
CRITICAL - 2021-01-18 00:24:29 -->  route cannot be found while reverse-routing.
#0 G:\xampp\htdocs\UBS\pime_somali\system\HTTP\RedirectResponse.php(92): CodeIgniter\HTTP\Exceptions\HTTPException::forInvalidRedirectRoute('')
#1 G:\xampp\htdocs\UBS\pime_somali\system\Common.php(845): CodeIgniter\HTTP\RedirectResponse->route(false)
#2 G:\xampp\htdocs\UBS\pime_somali\app\Controllers\Login.php(85): redirect('office/system/c...')
#3 G:\xampp\htdocs\UBS\pime_somali\system\CodeIgniter.php(918): App\Controllers\Login->index()
#4 G:\xampp\htdocs\UBS\pime_somali\system\CodeIgniter.php(404): CodeIgniter\CodeIgniter->runController(Object(App\Controllers\Login))
#5 G:\xampp\htdocs\UBS\pime_somali\system\CodeIgniter.php(312): CodeIgniter\CodeIgniter->handleRequest(NULL, Object(Config\Cache), false)
#6 G:\xampp\htdocs\UBS\pime_somali\index.php(45): CodeIgniter\CodeIgniter->run()
#7 {main}
CRITICAL - 2021-01-18 00:24:48 -->  route cannot be found while reverse-routing.
#0 G:\xampp\htdocs\UBS\pime_somali\system\HTTP\RedirectResponse.php(92): CodeIgniter\HTTP\Exceptions\HTTPException::forInvalidRedirectRoute('')
#1 G:\xampp\htdocs\UBS\pime_somali\system\Common.php(845): CodeIgniter\HTTP\RedirectResponse->route(false)
#2 G:\xampp\htdocs\UBS\pime_somali\app\Controllers\Login.php(85): redirect('office/system/c...')
#3 G:\xampp\htdocs\UBS\pime_somali\system\CodeIgniter.php(918): App\Controllers\Login->index()
#4 G:\xampp\htdocs\UBS\pime_somali\system\CodeIgniter.php(404): CodeIgniter\CodeIgniter->runController(Object(App\Controllers\Login))
#5 G:\xampp\htdocs\UBS\pime_somali\system\CodeIgniter.php(312): CodeIgniter\CodeIgniter->handleRequest(NULL, Object(Config\Cache), false)
#6 G:\xampp\htdocs\UBS\pime_somali\index.php(45): CodeIgniter\CodeIgniter->run()
#7 {main}
CRITICAL - 2021-01-18 01:02:32 --> syntax error, unexpected ')'
#0 G:\xampp\htdocs\UBS\pime_somali\system\Autoloader\Autoloader.php(296): CodeIgniter\Autoloader\Autoloader->requireFile('G:\\xampp\\htdocs...')
#1 G:\xampp\htdocs\UBS\pime_somali\system\Autoloader\Autoloader.php(258): CodeIgniter\Autoloader\Autoloader->loadInNamespace('App\\Controllers...')
#2 [internal function]: CodeIgniter\Autoloader\Autoloader->loadClass('App\\Controllers...')
#3 [internal function]: spl_autoload_call('App\\Controllers...')
#4 G:\xampp\htdocs\UBS\pime_somali\system\CodeIgniter.php(869): class_exists('\\App\\Controller...', true)
#5 G:\xampp\htdocs\UBS\pime_somali\system\CodeIgniter.php(394): CodeIgniter\CodeIgniter->startController()
#6 G:\xampp\htdocs\UBS\pime_somali\system\CodeIgniter.php(312): CodeIgniter\CodeIgniter->handleRequest(NULL, Object(Config\Cache), false)
#7 G:\xampp\htdocs\UBS\pime_somali\index.php(45): CodeIgniter\CodeIgniter->run()
#8 {main}
CRITICAL - 2021-01-18 01:04:58 -->  route cannot be found while reverse-routing.
#0 G:\xampp\htdocs\UBS\pime_somali\system\HTTP\RedirectResponse.php(92): CodeIgniter\HTTP\Exceptions\HTTPException::forInvalidRedirectRoute('')
#1 G:\xampp\htdocs\UBS\pime_somali\app\Controllers\Login.php(87): CodeIgniter\HTTP\RedirectResponse->route(false)
#2 G:\xampp\htdocs\UBS\pime_somali\system\CodeIgniter.php(918): App\Controllers\Login->index()
#3 G:\xampp\htdocs\UBS\pime_somali\system\CodeIgniter.php(404): CodeIgniter\CodeIgniter->runController(Object(App\Controllers\Login))
#4 G:\xampp\htdocs\UBS\pime_somali\system\CodeIgniter.php(312): CodeIgniter\CodeIgniter->handleRequest(NULL, Object(Config\Cache), false)
#5 G:\xampp\htdocs\UBS\pime_somali\index.php(45): CodeIgniter\CodeIgniter->run()
#6 {main}
CRITICAL - 2021-01-18 01:05:32 -->  route cannot be found while reverse-routing.
#0 G:\xampp\htdocs\UBS\pime_somali\system\HTTP\RedirectResponse.php(92): CodeIgniter\HTTP\Exceptions\HTTPException::forInvalidRedirectRoute('')
#1 G:\xampp\htdocs\UBS\pime_somali\app\Controllers\Login.php(87): CodeIgniter\HTTP\RedirectResponse->route(false)
#2 G:\xampp\htdocs\UBS\pime_somali\system\CodeIgniter.php(918): App\Controllers\Login->index()
#3 G:\xampp\htdocs\UBS\pime_somali\system\CodeIgniter.php(404): CodeIgniter\CodeIgniter->runController(Object(App\Controllers\Login))
#4 G:\xampp\htdocs\UBS\pime_somali\system\CodeIgniter.php(312): CodeIgniter\CodeIgniter->handleRequest(NULL, Object(Config\Cache), false)
#5 G:\xampp\htdocs\UBS\pime_somali\index.php(45): CodeIgniter\CodeIgniter->run()
#6 {main}
CRITICAL - 2021-01-18 01:05:36 -->  route cannot be found while reverse-routing.
#0 G:\xampp\htdocs\UBS\pime_somali\system\HTTP\RedirectResponse.php(92): CodeIgniter\HTTP\Exceptions\HTTPException::forInvalidRedirectRoute('')
#1 G:\xampp\htdocs\UBS\pime_somali\app\Controllers\Login.php(87): CodeIgniter\HTTP\RedirectResponse->route(false)
#2 G:\xampp\htdocs\UBS\pime_somali\system\CodeIgniter.php(918): App\Controllers\Login->index()
#3 G:\xampp\htdocs\UBS\pime_somali\system\CodeIgniter.php(404): CodeIgniter\CodeIgniter->runController(Object(App\Controllers\Login))
#4 G:\xampp\htdocs\UBS\pime_somali\system\CodeIgniter.php(312): CodeIgniter\CodeIgniter->handleRequest(NULL, Object(Config\Cache), false)
#5 G:\xampp\htdocs\UBS\pime_somali\index.php(45): CodeIgniter\CodeIgniter->run()
#6 {main}
CRITICAL - 2021-01-18 01:07:17 --> Call to undefined method CodeIgniter\Database\MySQLi\Result::row_array()
#0 G:\xampp\htdocs\UBS\pime_somali\system\CodeIgniter.php(918): App\Controllers\Home->index()
#1 G:\xampp\htdocs\UBS\pime_somali\system\CodeIgniter.php(404): CodeIgniter\CodeIgniter->runController(Object(App\Controllers\Home))
#2 G:\xampp\htdocs\UBS\pime_somali\system\CodeIgniter.php(312): CodeIgniter\CodeIgniter->handleRequest(NULL, Object(Config\Cache), false)
#3 G:\xampp\htdocs\UBS\pime_somali\index.php(45): CodeIgniter\CodeIgniter->run()
#4 {main}
CRITICAL - 2021-01-18 01:07:53 --> Undefined property: App\Controllers\Home::$load
#0 G:\xampp\htdocs\UBS\pime_somali\app\Controllers\Home.php(56): CodeIgniter\Debug\Exceptions->errorHandler(8, 'Undefined prope...', 'G:\\xampp\\htdocs...', 56, Array)
#1 G:\xampp\htdocs\UBS\pime_somali\system\CodeIgniter.php(918): App\Controllers\Home->index()
#2 G:\xampp\htdocs\UBS\pime_somali\system\CodeIgniter.php(404): CodeIgniter\CodeIgniter->runController(Object(App\Controllers\Home))
#3 G:\xampp\htdocs\UBS\pime_somali\system\CodeIgniter.php(312): CodeIgniter\CodeIgniter->handleRequest(NULL, Object(Config\Cache), false)
#4 G:\xampp\htdocs\UBS\pime_somali\index.php(45): CodeIgniter\CodeIgniter->run()
#5 {main}
CRITICAL - 2021-01-18 01:08:54 --> Invalid file: includes/template.php
#0 G:\xampp\htdocs\UBS\pime_somali\system\View\View.php(228): CodeIgniter\Exceptions\FrameworkException::forInvalidFile('includes/templa...')
#1 G:\xampp\htdocs\UBS\pime_somali\system\Common.php(1119): CodeIgniter\View\View->render('includes/templa...', Array, true)
#2 G:\xampp\htdocs\UBS\pime_somali\app\Controllers\Home.php(56): view('includes/templa...', Array)
#3 G:\xampp\htdocs\UBS\pime_somali\system\CodeIgniter.php(918): App\Controllers\Home->index()
#4 G:\xampp\htdocs\UBS\pime_somali\system\CodeIgniter.php(404): CodeIgniter\CodeIgniter->runController(Object(App\Controllers\Home))
#5 G:\xampp\htdocs\UBS\pime_somali\system\CodeIgniter.php(312): CodeIgniter\CodeIgniter->handleRequest(NULL, Object(Config\Cache), false)
#6 G:\xampp\htdocs\UBS\pime_somali\index.php(45): CodeIgniter\CodeIgniter->run()
#7 {main}
CRITICAL - 2021-01-18 01:11:11 --> Invalid file: template/index.php
#0 G:\xampp\htdocs\UBS\pime_somali\system\View\View.php(228): CodeIgniter\Exceptions\FrameworkException::forInvalidFile('template/index....')
#1 G:\xampp\htdocs\UBS\pime_somali\system\Common.php(1119): CodeIgniter\View\View->render('template/index', Array, true)
#2 G:\xampp\htdocs\UBS\pime_somali\app\Controllers\Home.php(56): view('template/index', Array)
#3 G:\xampp\htdocs\UBS\pime_somali\system\CodeIgniter.php(918): App\Controllers\Home->index()
#4 G:\xampp\htdocs\UBS\pime_somali\system\CodeIgniter.php(404): CodeIgniter\CodeIgniter->runController(Object(App\Controllers\Home))
#5 G:\xampp\htdocs\UBS\pime_somali\system\CodeIgniter.php(312): CodeIgniter\CodeIgniter->handleRequest(NULL, Object(Config\Cache), false)
#6 G:\xampp\htdocs\UBS\pime_somali\index.php(45): CodeIgniter\CodeIgniter->run()
#7 {main}
CRITICAL - 2021-01-18 01:11:52 --> Undefined property: CodeIgniter\View\View::$load
#0 G:\xampp\htdocs\UBS\pime_somali\app\Views\template\index.php(1): CodeIgniter\Debug\Exceptions->errorHandler(8, 'Undefined prope...', 'G:\\xampp\\htdocs...', 1, Array)
#1 G:\xampp\htdocs\UBS\pime_somali\system\View\View.php(246): include('G:\\xampp\\htdocs...')
#2 G:\xampp\htdocs\UBS\pime_somali\system\Common.php(1119): CodeIgniter\View\View->render('template/index', Array, true)
#3 G:\xampp\htdocs\UBS\pime_somali\app\Controllers\Home.php(56): view('template/index', Array)
#4 G:\xampp\htdocs\UBS\pime_somali\system\CodeIgniter.php(918): App\Controllers\Home->index()
#5 G:\xampp\htdocs\UBS\pime_somali\system\CodeIgniter.php(404): CodeIgniter\CodeIgniter->runController(Object(App\Controllers\Home))
#6 G:\xampp\htdocs\UBS\pime_somali\system\CodeIgniter.php(312): CodeIgniter\CodeIgniter->handleRequest(NULL, Object(Config\Cache), false)
#7 G:\xampp\htdocs\UBS\pime_somali\index.php(45): CodeIgniter\CodeIgniter->run()
#8 {main}
CRITICAL - 2021-01-18 01:13:01 --> Invalid file: template/top.php
#0 G:\xampp\htdocs\UBS\pime_somali\system\View\View.php(228): CodeIgniter\Exceptions\FrameworkException::forInvalidFile('template/top.ph...')
#1 G:\xampp\htdocs\UBS\pime_somali\system\Common.php(1119): CodeIgniter\View\View->render('template/top', Array, true)
#2 G:\xampp\htdocs\UBS\pime_somali\app\Views\template\index.php(1): view('template/top')
#3 G:\xampp\htdocs\UBS\pime_somali\system\View\View.php(246): include('G:\\xampp\\htdocs...')
#4 G:\xampp\htdocs\UBS\pime_somali\system\Common.php(1119): CodeIgniter\View\View->render('template/index', Array, true)
#5 G:\xampp\htdocs\UBS\pime_somali\app\Controllers\Home.php(56): view('template/index', Array)
#6 G:\xampp\htdocs\UBS\pime_somali\system\CodeIgniter.php(918): App\Controllers\Home->index()
#7 G:\xampp\htdocs\UBS\pime_somali\system\CodeIgniter.php(404): CodeIgniter\CodeIgniter->runController(Object(App\Controllers\Home))
#8 G:\xampp\htdocs\UBS\pime_somali\system\CodeIgniter.php(312): CodeIgniter\CodeIgniter->handleRequest(NULL, Object(Config\Cache), false)
#9 G:\xampp\htdocs\UBS\pime_somali\index.php(45): CodeIgniter\CodeIgniter->run()
#10 {main}
CRITICAL - 2021-01-18 01:16:30 --> Invalid file: template/top.php
#0 G:\xampp\htdocs\UBS\pime_somali\system\View\View.php(228): CodeIgniter\Exceptions\FrameworkException::forInvalidFile('template/top.ph...')
#1 G:\xampp\htdocs\UBS\pime_somali\system\Common.php(1119): CodeIgniter\View\View->render('template/top', Array, true)
#2 G:\xampp\htdocs\UBS\pime_somali\app\Views\template\index.php(1): view('template/top')
#3 G:\xampp\htdocs\UBS\pime_somali\system\View\View.php(246): include('G:\\xampp\\htdocs...')
#4 G:\xampp\htdocs\UBS\pime_somali\system\Common.php(1119): CodeIgniter\View\View->render('template/index', Array, true)
#5 G:\xampp\htdocs\UBS\pime_somali\app\Controllers\Home.php(56): view('template/index', Array)
#6 G:\xampp\htdocs\UBS\pime_somali\system\CodeIgniter.php(918): App\Controllers\Home->index()
#7 G:\xampp\htdocs\UBS\pime_somali\system\CodeIgniter.php(404): CodeIgniter\CodeIgniter->runController(Object(App\Controllers\Home))
#8 G:\xampp\htdocs\UBS\pime_somali\system\CodeIgniter.php(312): CodeIgniter\CodeIgniter->handleRequest(NULL, Object(Config\Cache), false)
#9 G:\xampp\htdocs\UBS\pime_somali\index.php(45): CodeIgniter\CodeIgniter->run()
#10 {main}
CRITICAL - 2021-01-18 01:16:32 --> Invalid file: template/top.php
#0 G:\xampp\htdocs\UBS\pime_somali\system\View\View.php(228): CodeIgniter\Exceptions\FrameworkException::forInvalidFile('template/top.ph...')
#1 G:\xampp\htdocs\UBS\pime_somali\system\Common.php(1119): CodeIgniter\View\View->render('template/top', Array, true)
#2 G:\xampp\htdocs\UBS\pime_somali\app\Views\template\index.php(1): view('template/top')
#3 G:\xampp\htdocs\UBS\pime_somali\system\View\View.php(246): include('G:\\xampp\\htdocs...')
#4 G:\xampp\htdocs\UBS\pime_somali\system\Common.php(1119): CodeIgniter\View\View->render('template/index', Array, true)
#5 G:\xampp\htdocs\UBS\pime_somali\app\Controllers\Home.php(56): view('template/index', Array)
#6 G:\xampp\htdocs\UBS\pime_somali\system\CodeIgniter.php(918): App\Controllers\Home->index()
#7 G:\xampp\htdocs\UBS\pime_somali\system\CodeIgniter.php(404): CodeIgniter\CodeIgniter->runController(Object(App\Controllers\Home))
#8 G:\xampp\htdocs\UBS\pime_somali\system\CodeIgniter.php(312): CodeIgniter\CodeIgniter->handleRequest(NULL, Object(Config\Cache), false)
#9 G:\xampp\htdocs\UBS\pime_somali\index.php(45): CodeIgniter\CodeIgniter->run()
#10 {main}
CRITICAL - 2021-01-18 01:16:52 --> Invalid file: template/top.php
#0 G:\xampp\htdocs\UBS\pime_somali\system\View\View.php(228): CodeIgniter\Exceptions\FrameworkException::forInvalidFile('template/top.ph...')
#1 G:\xampp\htdocs\UBS\pime_somali\system\Common.php(1119): CodeIgniter\View\View->render('template/top', Array, true)
#2 G:\xampp\htdocs\UBS\pime_somali\app\Views\template\index.php(1): view('template/top')
#3 G:\xampp\htdocs\UBS\pime_somali\system\View\View.php(246): include('G:\\xampp\\htdocs...')
#4 G:\xampp\htdocs\UBS\pime_somali\system\Common.php(1119): CodeIgniter\View\View->render('template/index', Array, true)
#5 G:\xampp\htdocs\UBS\pime_somali\app\Controllers\Home.php(56): view('template/index', Array)
#6 G:\xampp\htdocs\UBS\pime_somali\system\CodeIgniter.php(918): App\Controllers\Home->index()
#7 G:\xampp\htdocs\UBS\pime_somali\system\CodeIgniter.php(404): CodeIgniter\CodeIgniter->runController(Object(App\Controllers\Home))
#8 G:\xampp\htdocs\UBS\pime_somali\system\CodeIgniter.php(312): CodeIgniter\CodeIgniter->handleRequest(NULL, Object(Config\Cache), false)
#9 G:\xampp\htdocs\UBS\pime_somali\index.php(45): CodeIgniter\CodeIgniter->run()
#10 {main}
CRITICAL - 2021-01-18 01:19:37 --> Undefined property: CodeIgniter\View\View::$db
#0 G:\xampp\htdocs\UBS\pime_somali\app\Views\template\index.php(82): CodeIgniter\Debug\Exceptions->errorHandler(8, 'Undefined prope...', 'G:\\xampp\\htdocs...', 82, Array)
#1 G:\xampp\htdocs\UBS\pime_somali\system\View\View.php(246): include('G:\\xampp\\htdocs...')
#2 G:\xampp\htdocs\UBS\pime_somali\system\Common.php(1119): CodeIgniter\View\View->render('template/index', Array, true)
#3 G:\xampp\htdocs\UBS\pime_somali\app\Controllers\Home.php(56): view('template/index', Array)
#4 G:\xampp\htdocs\UBS\pime_somali\system\CodeIgniter.php(918): App\Controllers\Home->index()
#5 G:\xampp\htdocs\UBS\pime_somali\system\CodeIgniter.php(404): CodeIgniter\CodeIgniter->runController(Object(App\Controllers\Home))
#6 G:\xampp\htdocs\UBS\pime_somali\system\CodeIgniter.php(312): CodeIgniter\CodeIgniter->handleRequest(NULL, Object(Config\Cache), false)
#7 G:\xampp\htdocs\UBS\pime_somali\index.php(45): CodeIgniter\CodeIgniter->run()
#8 {main}
CRITICAL - 2021-01-18 01:22:10 --> Invalid file: template/top-right-header.php
#0 G:\xampp\htdocs\UBS\pime_somali\system\View\View.php(228): CodeIgniter\Exceptions\FrameworkException::forInvalidFile('template/top-ri...')
#1 G:\xampp\htdocs\UBS\pime_somali\system\Common.php(1119): CodeIgniter\View\View->render('template/top-ri...', Array, true)
#2 G:\xampp\htdocs\UBS\pime_somali\app\Views\template\index.php(10): view('template/top-ri...')
#3 G:\xampp\htdocs\UBS\pime_somali\system\View\View.php(246): include('G:\\xampp\\htdocs...')
#4 G:\xampp\htdocs\UBS\pime_somali\system\Common.php(1119): CodeIgniter\View\View->render('template/index', Array, true)
#5 G:\xampp\htdocs\UBS\pime_somali\app\Controllers\Home.php(56): view('template/index', Array)
#6 G:\xampp\htdocs\UBS\pime_somali\system\CodeIgniter.php(918): App\Controllers\Home->index()
#7 G:\xampp\htdocs\UBS\pime_somali\system\CodeIgniter.php(404): CodeIgniter\CodeIgniter->runController(Object(App\Controllers\Home))
#8 G:\xampp\htdocs\UBS\pime_somali\system\CodeIgniter.php(312): CodeIgniter\CodeIgniter->handleRequest(NULL, Object(Config\Cache), false)
#9 G:\xampp\htdocs\UBS\pime_somali\index.php(45): CodeIgniter\CodeIgniter->run()
#10 {main}
CRITICAL - 2021-01-18 06:29:40 --> You have an error in your SQL syntax; check the manual that corresponds to your MariaDB server version for the right syntax to use near '' at line 1
#0 G:\xampp\htdocs\UBS\pime_somali\system\Database\MySQLi\Connection.php(331): mysqli->query('select user_typ...')
#1 G:\xampp\htdocs\UBS\pime_somali\system\Database\BaseConnection.php(741): CodeIgniter\Database\MySQLi\Connection->execute('select user_typ...')
#2 G:\xampp\htdocs\UBS\pime_somali\system\Database\BaseConnection.php(669): CodeIgniter\Database\BaseConnection->simpleQuery('select user_typ...')
#3 G:\xampp\htdocs\UBS\pime_somali\app\Controllers\Home.php(44): CodeIgniter\Database\BaseConnection->query('select user_typ...')
#4 G:\xampp\htdocs\UBS\pime_somali\system\CodeIgniter.php(918): App\Controllers\Home->index()
#5 G:\xampp\htdocs\UBS\pime_somali\system\CodeIgniter.php(404): CodeIgniter\CodeIgniter->runController(Object(App\Controllers\Home))
#6 G:\xampp\htdocs\UBS\pime_somali\system\CodeIgniter.php(312): CodeIgniter\CodeIgniter->handleRequest(NULL, Object(Config\Cache), false)
#7 G:\xampp\htdocs\UBS\pime_somali\index.php(45): CodeIgniter\CodeIgniter->run()
#8 {main}
CRITICAL - 2021-01-18 06:29:55 --> You have an error in your SQL syntax; check the manual that corresponds to your MariaDB server version for the right syntax to use near '' at line 1
#0 G:\xampp\htdocs\UBS\pime_somali\system\Database\MySQLi\Connection.php(331): mysqli->query('select user_typ...')
#1 G:\xampp\htdocs\UBS\pime_somali\system\Database\BaseConnection.php(741): CodeIgniter\Database\MySQLi\Connection->execute('select user_typ...')
#2 G:\xampp\htdocs\UBS\pime_somali\system\Database\BaseConnection.php(669): CodeIgniter\Database\BaseConnection->simpleQuery('select user_typ...')
#3 G:\xampp\htdocs\UBS\pime_somali\app\Controllers\Home.php(44): CodeIgniter\Database\BaseConnection->query('select user_typ...')
#4 G:\xampp\htdocs\UBS\pime_somali\system\CodeIgniter.php(918): App\Controllers\Home->index()
#5 G:\xampp\htdocs\UBS\pime_somali\system\CodeIgniter.php(404): CodeIgniter\CodeIgniter->runController(Object(App\Controllers\Home))
#6 G:\xampp\htdocs\UBS\pime_somali\system\CodeIgniter.php(312): CodeIgniter\CodeIgniter->handleRequest(NULL, Object(Config\Cache), false)
#7 G:\xampp\htdocs\UBS\pime_somali\index.php(45): CodeIgniter\CodeIgniter->run()
#8 {main}
CRITICAL - 2021-01-18 06:30:13 --> You have an error in your SQL syntax; check the manual that corresponds to your MariaDB server version for the right syntax to use near '' at line 1
#0 G:\xampp\htdocs\UBS\pime_somali\system\Database\MySQLi\Connection.php(331): mysqli->query('select user_typ...')
#1 G:\xampp\htdocs\UBS\pime_somali\system\Database\BaseConnection.php(741): CodeIgniter\Database\MySQLi\Connection->execute('select user_typ...')
#2 G:\xampp\htdocs\UBS\pime_somali\system\Database\BaseConnection.php(669): CodeIgniter\Database\BaseConnection->simpleQuery('select user_typ...')
#3 G:\xampp\htdocs\UBS\pime_somali\app\Controllers\Home.php(44): CodeIgniter\Database\BaseConnection->query('select user_typ...')
#4 G:\xampp\htdocs\UBS\pime_somali\system\CodeIgniter.php(918): App\Controllers\Home->index()
#5 G:\xampp\htdocs\UBS\pime_somali\system\CodeIgniter.php(404): CodeIgniter\CodeIgniter->runController(Object(App\Controllers\Home))
#6 G:\xampp\htdocs\UBS\pime_somali\system\CodeIgniter.php(312): CodeIgniter\CodeIgniter->handleRequest(NULL, Object(Config\Cache), false)
#7 G:\xampp\htdocs\UBS\pime_somali\index.php(45): CodeIgniter\CodeIgniter->run()
#8 {main}
CRITICAL - 2021-01-18 06:31:15 --> You have an error in your SQL syntax; check the manual that corresponds to your MariaDB server version for the right syntax to use near '' at line 1
#0 G:\xampp\htdocs\UBS\pime_somali\system\Database\MySQLi\Connection.php(331): mysqli->query('select user_typ...')
#1 G:\xampp\htdocs\UBS\pime_somali\system\Database\BaseConnection.php(741): CodeIgniter\Database\MySQLi\Connection->execute('select user_typ...')
#2 G:\xampp\htdocs\UBS\pime_somali\system\Database\BaseConnection.php(669): CodeIgniter\Database\BaseConnection->simpleQuery('select user_typ...')
#3 G:\xampp\htdocs\UBS\pime_somali\app\Controllers\Home.php(44): CodeIgniter\Database\BaseConnection->query('select user_typ...')
#4 G:\xampp\htdocs\UBS\pime_somali\system\CodeIgniter.php(918): App\Controllers\Home->index()
#5 G:\xampp\htdocs\UBS\pime_somali\system\CodeIgniter.php(404): CodeIgniter\CodeIgniter->runController(Object(App\Controllers\Home))
#6 G:\xampp\htdocs\UBS\pime_somali\system\CodeIgniter.php(312): CodeIgniter\CodeIgniter->handleRequest(NULL, Object(Config\Cache), false)
#7 G:\xampp\htdocs\UBS\pime_somali\index.php(45): CodeIgniter\CodeIgniter->run()
#8 {main}
CRITICAL - 2021-01-18 06:31:39 --> Call to undefined method Config\tank_auth::is_logged_in()
#0 G:\xampp\htdocs\UBS\pime_somali\system\CodeIgniter.php(890): App\Controllers\Home->__construct()
#1 G:\xampp\htdocs\UBS\pime_somali\system\CodeIgniter.php(399): CodeIgniter\CodeIgniter->createController()
#2 G:\xampp\htdocs\UBS\pime_somali\system\CodeIgniter.php(312): CodeIgniter\CodeIgniter->handleRequest(NULL, Object(Config\Cache), false)
#3 G:\xampp\htdocs\UBS\pime_somali\index.php(45): CodeIgniter\CodeIgniter->run()
#4 {main}
CRITICAL - 2021-01-18 06:32:26 --> syntax error, unexpected 'protected' (T_PROTECTED), expecting end of file
#0 G:\xampp\htdocs\UBS\pime_somali\system\Router\Router.php(195): CodeIgniter\Router\Router->autoRoute('/home')
#1 G:\xampp\htdocs\UBS\pime_somali\system\CodeIgniter.php(793): CodeIgniter\Router\Router->handle('/home')
#2 G:\xampp\htdocs\UBS\pime_somali\system\CodeIgniter.php(364): CodeIgniter\CodeIgniter->tryToRouteIt(Object(CodeIgniter\Router\RouteCollection))
#3 G:\xampp\htdocs\UBS\pime_somali\system\CodeIgniter.php(312): CodeIgniter\CodeIgniter->handleRequest(NULL, Object(Config\Cache), false)
#4 G:\xampp\htdocs\UBS\pime_somali\index.php(45): CodeIgniter\CodeIgniter->run()
#5 {main}
CRITICAL - 2021-01-18 06:33:15 --> syntax error, unexpected 'protected' (T_PROTECTED), expecting end of file
#0 G:\xampp\htdocs\UBS\pime_somali\system\Router\Router.php(195): CodeIgniter\Router\Router->autoRoute('/home')
#1 G:\xampp\htdocs\UBS\pime_somali\system\CodeIgniter.php(793): CodeIgniter\Router\Router->handle('/home')
#2 G:\xampp\htdocs\UBS\pime_somali\system\CodeIgniter.php(364): CodeIgniter\CodeIgniter->tryToRouteIt(Object(CodeIgniter\Router\RouteCollection))
#3 G:\xampp\htdocs\UBS\pime_somali\system\CodeIgniter.php(312): CodeIgniter\CodeIgniter->handleRequest(NULL, Object(Config\Cache), false)
#4 G:\xampp\htdocs\UBS\pime_somali\index.php(45): CodeIgniter\CodeIgniter->run()
#5 {main}
CRITICAL - 2021-01-18 06:33:28 --> syntax error, unexpected 'protected' (T_PROTECTED), expecting end of file
#0 G:\xampp\htdocs\UBS\pime_somali\system\Router\Router.php(195): CodeIgniter\Router\Router->autoRoute('/home')
#1 G:\xampp\htdocs\UBS\pime_somali\system\CodeIgniter.php(793): CodeIgniter\Router\Router->handle('/home')
#2 G:\xampp\htdocs\UBS\pime_somali\system\CodeIgniter.php(364): CodeIgniter\CodeIgniter->tryToRouteIt(Object(CodeIgniter\Router\RouteCollection))
#3 G:\xampp\htdocs\UBS\pime_somali\system\CodeIgniter.php(312): CodeIgniter\CodeIgniter->handleRequest(NULL, Object(Config\Cache), false)
#4 G:\xampp\htdocs\UBS\pime_somali\index.php(45): CodeIgniter\CodeIgniter->run()
#5 {main}
CRITICAL - 2021-01-18 06:33:53 --> Call to undefined method Config\tank_auth::is_logged_in()
#0 G:\xampp\htdocs\UBS\pime_somali\system\CodeIgniter.php(890): App\Controllers\Home->__construct()
#1 G:\xampp\htdocs\UBS\pime_somali\system\CodeIgniter.php(399): CodeIgniter\CodeIgniter->createController()
#2 G:\xampp\htdocs\UBS\pime_somali\system\CodeIgniter.php(312): CodeIgniter\CodeIgniter->handleRequest(NULL, Object(Config\Cache), false)
#3 G:\xampp\htdocs\UBS\pime_somali\index.php(45): CodeIgniter\CodeIgniter->run()
#4 {main}
CRITICAL - 2021-01-18 06:34:06 --> You have an error in your SQL syntax; check the manual that corresponds to your MariaDB server version for the right syntax to use near '' at line 1
#0 G:\xampp\htdocs\UBS\pime_somali\system\Database\MySQLi\Connection.php(331): mysqli->query('select user_typ...')
#1 G:\xampp\htdocs\UBS\pime_somali\system\Database\BaseConnection.php(741): CodeIgniter\Database\MySQLi\Connection->execute('select user_typ...')
#2 G:\xampp\htdocs\UBS\pime_somali\system\Database\BaseConnection.php(669): CodeIgniter\Database\BaseConnection->simpleQuery('select user_typ...')
#3 G:\xampp\htdocs\UBS\pime_somali\app\Controllers\Home.php(58): CodeIgniter\Database\BaseConnection->query('select user_typ...')
#4 G:\xampp\htdocs\UBS\pime_somali\system\CodeIgniter.php(918): App\Controllers\Home->index()
#5 G:\xampp\htdocs\UBS\pime_somali\system\CodeIgniter.php(404): CodeIgniter\CodeIgniter->runController(Object(App\Controllers\Home))
#6 G:\xampp\htdocs\UBS\pime_somali\system\CodeIgniter.php(312): CodeIgniter\CodeIgniter->handleRequest(NULL, Object(Config\Cache), false)
#7 G:\xampp\htdocs\UBS\pime_somali\index.php(45): CodeIgniter\CodeIgniter->run()
#8 {main}
CRITICAL - 2021-01-18 06:34:34 --> You have an error in your SQL syntax; check the manual that corresponds to your MariaDB server version for the right syntax to use near '' at line 1
#0 G:\xampp\htdocs\UBS\pime_somali\system\Database\MySQLi\Connection.php(331): mysqli->query('select user_typ...')
#1 G:\xampp\htdocs\UBS\pime_somali\system\Database\BaseConnection.php(741): CodeIgniter\Database\MySQLi\Connection->execute('select user_typ...')
#2 G:\xampp\htdocs\UBS\pime_somali\system\Database\BaseConnection.php(669): CodeIgniter\Database\BaseConnection->simpleQuery('select user_typ...')
#3 G:\xampp\htdocs\UBS\pime_somali\app\Controllers\Home.php(61): CodeIgniter\Database\BaseConnection->query('select user_typ...')
#4 G:\xampp\htdocs\UBS\pime_somali\system\CodeIgniter.php(918): App\Controllers\Home->index()
#5 G:\xampp\htdocs\UBS\pime_somali\system\CodeIgniter.php(404): CodeIgniter\CodeIgniter->runController(Object(App\Controllers\Home))
#6 G:\xampp\htdocs\UBS\pime_somali\system\CodeIgniter.php(312): CodeIgniter\CodeIgniter->handleRequest(NULL, Object(Config\Cache), false)
#7 G:\xampp\htdocs\UBS\pime_somali\index.php(45): CodeIgniter\CodeIgniter->run()
#8 {main}
CRITICAL - 2021-01-18 06:40:47 --> Undefined variable: var
#0 G:\xampp\htdocs\UBS\pime_somali\app\Libraries\Tank_auth.php(192): CodeIgniter\Debug\Exceptions->errorHandler(8, 'Undefined varia...', 'G:\\xampp\\htdocs...', 192, Array)
#1 G:\xampp\htdocs\UBS\pime_somali\app\Libraries\Tank_auth.php(607): App\Libraries\Tank_auth->is_logged_in()
#2 G:\xampp\htdocs\UBS\pime_somali\app\Libraries\Tank_auth.php(46): App\Libraries\Tank_auth->autologin()
#3 G:\xampp\htdocs\UBS\pime_somali\app\Controllers\Home.php(31): App\Libraries\Tank_auth->__construct()
#4 G:\xampp\htdocs\UBS\pime_somali\system\CodeIgniter.php(890): App\Controllers\Home->__construct()
#5 G:\xampp\htdocs\UBS\pime_somali\system\CodeIgniter.php(399): CodeIgniter\CodeIgniter->createController()
#6 G:\xampp\htdocs\UBS\pime_somali\system\CodeIgniter.php(312): CodeIgniter\CodeIgniter->handleRequest(NULL, Object(Config\Cache), false)
#7 G:\xampp\htdocs\UBS\pime_somali\index.php(45): CodeIgniter\CodeIgniter->run()
#8 {main}
CRITICAL - 2021-01-18 06:42:59 --> syntax error, unexpected '}', expecting ';'
#0 G:\xampp\htdocs\UBS\pime_somali\system\Autoloader\Autoloader.php(296): CodeIgniter\Autoloader\Autoloader->requireFile('G:\\xampp\\htdocs...')
#1 G:\xampp\htdocs\UBS\pime_somali\system\Autoloader\Autoloader.php(258): CodeIgniter\Autoloader\Autoloader->loadInNamespace('App\\Libraries\\T...')
#2 [internal function]: CodeIgniter\Autoloader\Autoloader->loadClass('App\\Libraries\\T...')
#3 G:\xampp\htdocs\UBS\pime_somali\app\Controllers\Home.php(31): spl_autoload_call('App\\Libraries\\T...')
#4 G:\xampp\htdocs\UBS\pime_somali\system\CodeIgniter.php(890): App\Controllers\Home->__construct()
#5 G:\xampp\htdocs\UBS\pime_somali\system\CodeIgniter.php(399): CodeIgniter\CodeIgniter->createController()
#6 G:\xampp\htdocs\UBS\pime_somali\system\CodeIgniter.php(312): CodeIgniter\CodeIgniter->handleRequest(NULL, Object(Config\Cache), false)
#7 G:\xampp\htdocs\UBS\pime_somali\index.php(45): CodeIgniter\CodeIgniter->run()
#8 {main}
CRITICAL - 2021-01-18 06:43:32 --> You have an error in your SQL syntax; check the manual that corresponds to your MariaDB server version for the right syntax to use near '' at line 1
#0 G:\xampp\htdocs\UBS\pime_somali\system\Database\MySQLi\Connection.php(331): mysqli->query('select user_typ...')
#1 G:\xampp\htdocs\UBS\pime_somali\system\Database\BaseConnection.php(741): CodeIgniter\Database\MySQLi\Connection->execute('select user_typ...')
#2 G:\xampp\htdocs\UBS\pime_somali\system\Database\BaseConnection.php(669): CodeIgniter\Database\BaseConnection->simpleQuery('select user_typ...')
#3 G:\xampp\htdocs\UBS\pime_somali\app\Controllers\Home.php(61): CodeIgniter\Database\BaseConnection->query('select user_typ...')
#4 G:\xampp\htdocs\UBS\pime_somali\system\CodeIgniter.php(918): App\Controllers\Home->index()
#5 G:\xampp\htdocs\UBS\pime_somali\system\CodeIgniter.php(404): CodeIgniter\CodeIgniter->runController(Object(App\Controllers\Home))
#6 G:\xampp\htdocs\UBS\pime_somali\system\CodeIgniter.php(312): CodeIgniter\CodeIgniter->handleRequest(NULL, Object(Config\Cache), false)
#7 G:\xampp\htdocs\UBS\pime_somali\index.php(45): CodeIgniter\CodeIgniter->run()
#8 {main}
CRITICAL - 2021-01-18 06:44:48 --> syntax error, unexpected 'if' (T_IF), expecting ';'
#0 G:\xampp\htdocs\UBS\pime_somali\system\Autoloader\Autoloader.php(296): CodeIgniter\Autoloader\Autoloader->requireFile('G:\\xampp\\htdocs...')
#1 G:\xampp\htdocs\UBS\pime_somali\system\Autoloader\Autoloader.php(258): CodeIgniter\Autoloader\Autoloader->loadInNamespace('App\\Libraries\\T...')
#2 [internal function]: CodeIgniter\Autoloader\Autoloader->loadClass('App\\Libraries\\T...')
#3 G:\xampp\htdocs\UBS\pime_somali\app\Controllers\Home.php(31): spl_autoload_call('App\\Libraries\\T...')
#4 G:\xampp\htdocs\UBS\pime_somali\system\CodeIgniter.php(890): App\Controllers\Home->__construct()
#5 G:\xampp\htdocs\UBS\pime_somali\system\CodeIgniter.php(399): CodeIgniter\CodeIgniter->createController()
#6 G:\xampp\htdocs\UBS\pime_somali\system\CodeIgniter.php(312): CodeIgniter\CodeIgniter->handleRequest(NULL, Object(Config\Cache), false)
#7 G:\xampp\htdocs\UBS\pime_somali\index.php(45): CodeIgniter\CodeIgniter->run()
#8 {main}
CRITICAL - 2021-01-18 06:44:55 --> You have an error in your SQL syntax; check the manual that corresponds to your MariaDB server version for the right syntax to use near '' at line 1
#0 G:\xampp\htdocs\UBS\pime_somali\system\Database\MySQLi\Connection.php(331): mysqli->query('select user_typ...')
#1 G:\xampp\htdocs\UBS\pime_somali\system\Database\BaseConnection.php(741): CodeIgniter\Database\MySQLi\Connection->execute('select user_typ...')
#2 G:\xampp\htdocs\UBS\pime_somali\system\Database\BaseConnection.php(669): CodeIgniter\Database\BaseConnection->simpleQuery('select user_typ...')
#3 G:\xampp\htdocs\UBS\pime_somali\app\Controllers\Home.php(61): CodeIgniter\Database\BaseConnection->query('select user_typ...')
#4 G:\xampp\htdocs\UBS\pime_somali\system\CodeIgniter.php(918): App\Controllers\Home->index()
#5 G:\xampp\htdocs\UBS\pime_somali\system\CodeIgniter.php(404): CodeIgniter\CodeIgniter->runController(Object(App\Controllers\Home))
#6 G:\xampp\htdocs\UBS\pime_somali\system\CodeIgniter.php(312): CodeIgniter\CodeIgniter->handleRequest(NULL, Object(Config\Cache), false)
#7 G:\xampp\htdocs\UBS\pime_somali\index.php(45): CodeIgniter\CodeIgniter->run()
#8 {main}
CRITICAL - 2021-01-18 06:45:31 --> You have an error in your SQL syntax; check the manual that corresponds to your MariaDB server version for the right syntax to use near '' at line 1
#0 G:\xampp\htdocs\UBS\pime_somali\system\Database\MySQLi\Connection.php(331): mysqli->query('select user_typ...')
#1 G:\xampp\htdocs\UBS\pime_somali\system\Database\BaseConnection.php(741): CodeIgniter\Database\MySQLi\Connection->execute('select user_typ...')
#2 G:\xampp\htdocs\UBS\pime_somali\system\Database\BaseConnection.php(669): CodeIgniter\Database\BaseConnection->simpleQuery('select user_typ...')
#3 G:\xampp\htdocs\UBS\pime_somali\app\Controllers\Home.php(61): CodeIgniter\Database\BaseConnection->query('select user_typ...')
#4 G:\xampp\htdocs\UBS\pime_somali\system\CodeIgniter.php(918): App\Controllers\Home->index()
#5 G:\xampp\htdocs\UBS\pime_somali\system\CodeIgniter.php(404): CodeIgniter\CodeIgniter->runController(Object(App\Controllers\Home))
#6 G:\xampp\htdocs\UBS\pime_somali\system\CodeIgniter.php(312): CodeIgniter\CodeIgniter->handleRequest(NULL, Object(Config\Cache), false)
#7 G:\xampp\htdocs\UBS\pime_somali\index.php(45): CodeIgniter\CodeIgniter->run()
#8 {main}
CRITICAL - 2021-01-18 06:45:32 --> You have an error in your SQL syntax; check the manual that corresponds to your MariaDB server version for the right syntax to use near '' at line 1
#0 G:\xampp\htdocs\UBS\pime_somali\system\Database\MySQLi\Connection.php(331): mysqli->query('select user_typ...')
#1 G:\xampp\htdocs\UBS\pime_somali\system\Database\BaseConnection.php(741): CodeIgniter\Database\MySQLi\Connection->execute('select user_typ...')
#2 G:\xampp\htdocs\UBS\pime_somali\system\Database\BaseConnection.php(669): CodeIgniter\Database\BaseConnection->simpleQuery('select user_typ...')
#3 G:\xampp\htdocs\UBS\pime_somali\app\Controllers\Home.php(61): CodeIgniter\Database\BaseConnection->query('select user_typ...')
#4 G:\xampp\htdocs\UBS\pime_somali\system\CodeIgniter.php(918): App\Controllers\Home->index()
#5 G:\xampp\htdocs\UBS\pime_somali\system\CodeIgniter.php(404): CodeIgniter\CodeIgniter->runController(Object(App\Controllers\Home))
#6 G:\xampp\htdocs\UBS\pime_somali\system\CodeIgniter.php(312): CodeIgniter\CodeIgniter->handleRequest(NULL, Object(Config\Cache), false)
#7 G:\xampp\htdocs\UBS\pime_somali\index.php(45): CodeIgniter\CodeIgniter->run()
#8 {main}
CRITICAL - 2021-01-18 06:45:33 --> You have an error in your SQL syntax; check the manual that corresponds to your MariaDB server version for the right syntax to use near '' at line 1
#0 G:\xampp\htdocs\UBS\pime_somali\system\Database\MySQLi\Connection.php(331): mysqli->query('select user_typ...')
#1 G:\xampp\htdocs\UBS\pime_somali\system\Database\BaseConnection.php(741): CodeIgniter\Database\MySQLi\Connection->execute('select user_typ...')
#2 G:\xampp\htdocs\UBS\pime_somali\system\Database\BaseConnection.php(669): CodeIgniter\Database\BaseConnection->simpleQuery('select user_typ...')
#3 G:\xampp\htdocs\UBS\pime_somali\app\Controllers\Home.php(61): CodeIgniter\Database\BaseConnection->query('select user_typ...')
#4 G:\xampp\htdocs\UBS\pime_somali\system\CodeIgniter.php(918): App\Controllers\Home->index()
#5 G:\xampp\htdocs\UBS\pime_somali\system\CodeIgniter.php(404): CodeIgniter\CodeIgniter->runController(Object(App\Controllers\Home))
#6 G:\xampp\htdocs\UBS\pime_somali\system\CodeIgniter.php(312): CodeIgniter\CodeIgniter->handleRequest(NULL, Object(Config\Cache), false)
#7 G:\xampp\htdocs\UBS\pime_somali\index.php(45): CodeIgniter\CodeIgniter->run()
#8 {main}
CRITICAL - 2021-01-18 06:45:36 --> You have an error in your SQL syntax; check the manual that corresponds to your MariaDB server version for the right syntax to use near '' at line 1
#0 G:\xampp\htdocs\UBS\pime_somali\system\Database\MySQLi\Connection.php(331): mysqli->query('select user_typ...')
#1 G:\xampp\htdocs\UBS\pime_somali\system\Database\BaseConnection.php(741): CodeIgniter\Database\MySQLi\Connection->execute('select user_typ...')
#2 G:\xampp\htdocs\UBS\pime_somali\system\Database\BaseConnection.php(669): CodeIgniter\Database\BaseConnection->simpleQuery('select user_typ...')
#3 G:\xampp\htdocs\UBS\pime_somali\app\Controllers\Home.php(61): CodeIgniter\Database\BaseConnection->query('select user_typ...')
#4 G:\xampp\htdocs\UBS\pime_somali\system\CodeIgniter.php(918): App\Controllers\Home->index()
#5 G:\xampp\htdocs\UBS\pime_somali\system\CodeIgniter.php(404): CodeIgniter\CodeIgniter->runController(Object(App\Controllers\Home))
#6 G:\xampp\htdocs\UBS\pime_somali\system\CodeIgniter.php(312): CodeIgniter\CodeIgniter->handleRequest(NULL, Object(Config\Cache), false)
#7 G:\xampp\htdocs\UBS\pime_somali\index.php(45): CodeIgniter\CodeIgniter->run()
#8 {main}
CRITICAL - 2021-01-18 06:49:49 --> You have an error in your SQL syntax; check the manual that corresponds to your MariaDB server version for the right syntax to use near '' at line 1
#0 G:\xampp\htdocs\UBS\pime_somali\system\Database\MySQLi\Connection.php(331): mysqli->query('select user_typ...')
#1 G:\xampp\htdocs\UBS\pime_somali\system\Database\BaseConnection.php(741): CodeIgniter\Database\MySQLi\Connection->execute('select user_typ...')
#2 G:\xampp\htdocs\UBS\pime_somali\system\Database\BaseConnection.php(669): CodeIgniter\Database\BaseConnection->simpleQuery('select user_typ...')
#3 G:\xampp\htdocs\UBS\pime_somali\app\Controllers\Home.php(62): CodeIgniter\Database\BaseConnection->query('select user_typ...')
#4 G:\xampp\htdocs\UBS\pime_somali\system\CodeIgniter.php(918): App\Controllers\Home->index()
#5 G:\xampp\htdocs\UBS\pime_somali\system\CodeIgniter.php(404): CodeIgniter\CodeIgniter->runController(Object(App\Controllers\Home))
#6 G:\xampp\htdocs\UBS\pime_somali\system\CodeIgniter.php(312): CodeIgniter\CodeIgniter->handleRequest(NULL, Object(Config\Cache), false)
#7 G:\xampp\htdocs\UBS\pime_somali\index.php(45): CodeIgniter\CodeIgniter->run()
#8 {main}
CRITICAL - 2021-01-18 06:53:22 --> You have an error in your SQL syntax; check the manual that corresponds to your MariaDB server version for the right syntax to use near '' at line 1
#0 G:\xampp\htdocs\UBS\pime_somali\system\Database\MySQLi\Connection.php(331): mysqli->query('select user_typ...')
#1 G:\xampp\htdocs\UBS\pime_somali\system\Database\BaseConnection.php(741): CodeIgniter\Database\MySQLi\Connection->execute('select user_typ...')
#2 G:\xampp\htdocs\UBS\pime_somali\system\Database\BaseConnection.php(669): CodeIgniter\Database\BaseConnection->simpleQuery('select user_typ...')
#3 G:\xampp\htdocs\UBS\pime_somali\app\Controllers\Home.php(61): CodeIgniter\Database\BaseConnection->query('select user_typ...')
#4 G:\xampp\htdocs\UBS\pime_somali\system\CodeIgniter.php(918): App\Controllers\Home->index()
#5 G:\xampp\htdocs\UBS\pime_somali\system\CodeIgniter.php(404): CodeIgniter\CodeIgniter->runController(Object(App\Controllers\Home))
#6 G:\xampp\htdocs\UBS\pime_somali\system\CodeIgniter.php(312): CodeIgniter\CodeIgniter->handleRequest(NULL, Object(Config\Cache), false)
#7 G:\xampp\htdocs\UBS\pime_somali\index.php(45): CodeIgniter\CodeIgniter->run()
#8 {main}
CRITICAL - 2021-01-18 06:53:32 --> You have an error in your SQL syntax; check the manual that corresponds to your MariaDB server version for the right syntax to use near '' at line 1
#0 G:\xampp\htdocs\UBS\pime_somali\system\Database\MySQLi\Connection.php(331): mysqli->query('select user_typ...')
#1 G:\xampp\htdocs\UBS\pime_somali\system\Database\BaseConnection.php(741): CodeIgniter\Database\MySQLi\Connection->execute('select user_typ...')
#2 G:\xampp\htdocs\UBS\pime_somali\system\Database\BaseConnection.php(669): CodeIgniter\Database\BaseConnection->simpleQuery('select user_typ...')
#3 G:\xampp\htdocs\UBS\pime_somali\app\Controllers\Home.php(63): CodeIgniter\Database\BaseConnection->query('select user_typ...')
#4 G:\xampp\htdocs\UBS\pime_somali\system\CodeIgniter.php(918): App\Controllers\Home->index()
#5 G:\xampp\htdocs\UBS\pime_somali\system\CodeIgniter.php(404): CodeIgniter\CodeIgniter->runController(Object(App\Controllers\Home))
#6 G:\xampp\htdocs\UBS\pime_somali\system\CodeIgniter.php(312): CodeIgniter\CodeIgniter->handleRequest(NULL, Object(Config\Cache), false)
#7 G:\xampp\htdocs\UBS\pime_somali\index.php(45): CodeIgniter\CodeIgniter->run()
#8 {main}
CRITICAL - 2021-01-18 06:53:50 --> You have an error in your SQL syntax; check the manual that corresponds to your MariaDB server version for the right syntax to use near '' at line 1
#0 G:\xampp\htdocs\UBS\pime_somali\system\Database\MySQLi\Connection.php(331): mysqli->query('select user_typ...')
#1 G:\xampp\htdocs\UBS\pime_somali\system\Database\BaseConnection.php(741): CodeIgniter\Database\MySQLi\Connection->execute('select user_typ...')
#2 G:\xampp\htdocs\UBS\pime_somali\system\Database\BaseConnection.php(669): CodeIgniter\Database\BaseConnection->simpleQuery('select user_typ...')
#3 G:\xampp\htdocs\UBS\pime_somali\app\Controllers\Home.php(63): CodeIgniter\Database\BaseConnection->query('select user_typ...')
#4 G:\xampp\htdocs\UBS\pime_somali\system\CodeIgniter.php(918): App\Controllers\Home->index()
#5 G:\xampp\htdocs\UBS\pime_somali\system\CodeIgniter.php(404): CodeIgniter\CodeIgniter->runController(Object(App\Controllers\Home))
#6 G:\xampp\htdocs\UBS\pime_somali\system\CodeIgniter.php(312): CodeIgniter\CodeIgniter->handleRequest(NULL, Object(Config\Cache), false)
#7 G:\xampp\htdocs\UBS\pime_somali\index.php(45): CodeIgniter\CodeIgniter->run()
#8 {main}
CRITICAL - 2021-01-18 06:53:51 --> You have an error in your SQL syntax; check the manual that corresponds to your MariaDB server version for the right syntax to use near '' at line 1
#0 G:\xampp\htdocs\UBS\pime_somali\system\Database\MySQLi\Connection.php(331): mysqli->query('select user_typ...')
#1 G:\xampp\htdocs\UBS\pime_somali\system\Database\BaseConnection.php(741): CodeIgniter\Database\MySQLi\Connection->execute('select user_typ...')
#2 G:\xampp\htdocs\UBS\pime_somali\system\Database\BaseConnection.php(669): CodeIgniter\Database\BaseConnection->simpleQuery('select user_typ...')
#3 G:\xampp\htdocs\UBS\pime_somali\app\Controllers\Home.php(63): CodeIgniter\Database\BaseConnection->query('select user_typ...')
#4 G:\xampp\htdocs\UBS\pime_somali\system\CodeIgniter.php(918): App\Controllers\Home->index()
#5 G:\xampp\htdocs\UBS\pime_somali\system\CodeIgniter.php(404): CodeIgniter\CodeIgniter->runController(Object(App\Controllers\Home))
#6 G:\xampp\htdocs\UBS\pime_somali\system\CodeIgniter.php(312): CodeIgniter\CodeIgniter->handleRequest(NULL, Object(Config\Cache), false)
#7 G:\xampp\htdocs\UBS\pime_somali\index.php(45): CodeIgniter\CodeIgniter->run()
#8 {main}
CRITICAL - 2021-01-18 06:54:04 --> Table 'pime_somali.ctbl_audit_ssn' doesn't exist
#0 G:\xampp\htdocs\UBS\pime_somali\system\Database\MySQLi\Connection.php(331): mysqli->query('INSERT INTO `ct...')
#1 G:\xampp\htdocs\UBS\pime_somali\system\Database\BaseConnection.php(741): CodeIgniter\Database\MySQLi\Connection->execute('INSERT INTO `ct...')
#2 G:\xampp\htdocs\UBS\pime_somali\system\Database\BaseConnection.php(669): CodeIgniter\Database\BaseConnection->simpleQuery('INSERT INTO `ct...')
#3 G:\xampp\htdocs\UBS\pime_somali\system\Database\BaseBuilder.php(2249): CodeIgniter\Database\BaseConnection->query('INSERT INTO `ct...', Array, false)
#4 G:\xampp\htdocs\UBS\pime_somali\app\Models\tank_auth\Users.php(549): CodeIgniter\Database\BaseBuilder->insert(Array)
#5 G:\xampp\htdocs\UBS\pime_somali\app\Libraries\Tank_auth.php(109): App\Models\Users->store_audit(Array, 'ctbl_audit_ssn')
#6 G:\xampp\htdocs\UBS\pime_somali\app\Controllers\Auth.php(118): App\Libraries\Tank_auth->login('admin@super', 'password', NULL, true, true)
#7 G:\xampp\htdocs\UBS\pime_somali\system\CodeIgniter.php(918): App\Controllers\Auth->login()
#8 G:\xampp\htdocs\UBS\pime_somali\system\CodeIgniter.php(404): CodeIgniter\CodeIgniter->runController(Object(App\Controllers\Auth))
#9 G:\xampp\htdocs\UBS\pime_somali\system\CodeIgniter.php(312): CodeIgniter\CodeIgniter->handleRequest(NULL, Object(Config\Cache), false)
#10 G:\xampp\htdocs\UBS\pime_somali\index.php(45): CodeIgniter\CodeIgniter->run()
#11 {main}
CRITICAL - 2021-01-18 06:57:12 --> Trying to get property 'session' of non-object
#0 G:\xampp\htdocs\UBS\pime_somali\app\Libraries\Tank_auth.php(177): CodeIgniter\Debug\Exceptions->errorHandler(8, 'Trying to get p...', 'G:\\xampp\\htdocs...', 177, Array)
#1 G:\xampp\htdocs\UBS\pime_somali\app\Controllers\Auth.php(161): App\Libraries\Tank_auth->logout()
#2 G:\xampp\htdocs\UBS\pime_somali\system\CodeIgniter.php(918): App\Controllers\Auth->logout()
#3 G:\xampp\htdocs\UBS\pime_somali\system\CodeIgniter.php(404): CodeIgniter\CodeIgniter->runController(Object(App\Controllers\Auth))
#4 G:\xampp\htdocs\UBS\pime_somali\system\CodeIgniter.php(312): CodeIgniter\CodeIgniter->handleRequest(NULL, Object(Config\Cache), false)
#5 G:\xampp\htdocs\UBS\pime_somali\index.php(45): CodeIgniter\CodeIgniter->run()
#6 {main}
CRITICAL - 2021-01-18 06:57:50 --> Call to undefined method CodeIgniter\Session\Session::sess_destroy()
#0 G:\xampp\htdocs\UBS\pime_somali\app\Controllers\Auth.php(161): App\Libraries\Tank_auth->logout()
#1 G:\xampp\htdocs\UBS\pime_somali\system\CodeIgniter.php(918): App\Controllers\Auth->logout()
#2 G:\xampp\htdocs\UBS\pime_somali\system\CodeIgniter.php(404): CodeIgniter\CodeIgniter->runController(Object(App\Controllers\Auth))
#3 G:\xampp\htdocs\UBS\pime_somali\system\CodeIgniter.php(312): CodeIgniter\CodeIgniter->handleRequest(NULL, Object(Config\Cache), false)
#4 G:\xampp\htdocs\UBS\pime_somali\index.php(45): CodeIgniter\CodeIgniter->run()
#5 {main}
CRITICAL - 2021-01-18 06:58:08 -->  route cannot be found while reverse-routing.
#0 G:\xampp\htdocs\UBS\pime_somali\system\HTTP\RedirectResponse.php(92): CodeIgniter\HTTP\Exceptions\HTTPException::forInvalidRedirectRoute('')
#1 G:\xampp\htdocs\UBS\pime_somali\system\Common.php(845): CodeIgniter\HTTP\RedirectResponse->route(false)
#2 G:\xampp\htdocs\UBS\pime_somali\app\Controllers\Auth.php(495): redirect('/auth/')
#3 G:\xampp\htdocs\UBS\pime_somali\app\Controllers\Auth.php(163): App\Controllers\Auth->_show_message('You have been s...')
#4 G:\xampp\htdocs\UBS\pime_somali\system\CodeIgniter.php(918): App\Controllers\Auth->logout()
#5 G:\xampp\htdocs\UBS\pime_somali\system\CodeIgniter.php(404): CodeIgniter\CodeIgniter->runController(Object(App\Controllers\Auth))
#6 G:\xampp\htdocs\UBS\pime_somali\system\CodeIgniter.php(312): CodeIgniter\CodeIgniter->handleRequest(NULL, Object(Config\Cache), false)
#7 G:\xampp\htdocs\UBS\pime_somali\index.php(45): CodeIgniter\CodeIgniter->run()
#8 {main}
CRITICAL - 2021-01-18 06:58:29 -->  route cannot be found while reverse-routing.
#0 G:\xampp\htdocs\UBS\pime_somali\system\HTTP\RedirectResponse.php(92): CodeIgniter\HTTP\Exceptions\HTTPException::forInvalidRedirectRoute('')
#1 G:\xampp\htdocs\UBS\pime_somali\system\Common.php(845): CodeIgniter\HTTP\RedirectResponse->route(false)
#2 G:\xampp\htdocs\UBS\pime_somali\app\Controllers\Auth.php(495): redirect('/auth/')
#3 G:\xampp\htdocs\UBS\pime_somali\app\Controllers\Auth.php(163): App\Controllers\Auth->_show_message('You have been s...')
#4 G:\xampp\htdocs\UBS\pime_somali\system\CodeIgniter.php(918): App\Controllers\Auth->logout()
#5 G:\xampp\htdocs\UBS\pime_somali\system\CodeIgniter.php(404): CodeIgniter\CodeIgniter->runController(Object(App\Controllers\Auth))
#6 G:\xampp\htdocs\UBS\pime_somali\system\CodeIgniter.php(312): CodeIgniter\CodeIgniter->handleRequest(NULL, Object(Config\Cache), false)
#7 G:\xampp\htdocs\UBS\pime_somali\index.php(45): CodeIgniter\CodeIgniter->run()
#8 {main}
CRITICAL - 2021-01-18 07:01:10 -->  route cannot be found while reverse-routing.
#0 G:\xampp\htdocs\UBS\pime_somali\system\HTTP\RedirectResponse.php(92): CodeIgniter\HTTP\Exceptions\HTTPException::forInvalidRedirectRoute('')
#1 G:\xampp\htdocs\UBS\pime_somali\system\Common.php(845): CodeIgniter\HTTP\RedirectResponse->route(false)
#2 G:\xampp\htdocs\UBS\pime_somali\app\Controllers\Auth.php(496): redirect('/auth/')
#3 G:\xampp\htdocs\UBS\pime_somali\app\Controllers\Auth.php(162): App\Controllers\Auth->_show_message('You have been s...')
#4 G:\xampp\htdocs\UBS\pime_somali\system\CodeIgniter.php(918): App\Controllers\Auth->logout()
#5 G:\xampp\htdocs\UBS\pime_somali\system\CodeIgniter.php(404): CodeIgniter\CodeIgniter->runController(Object(App\Controllers\Auth))
#6 G:\xampp\htdocs\UBS\pime_somali\system\CodeIgniter.php(312): CodeIgniter\CodeIgniter->handleRequest(NULL, Object(Config\Cache), false)
#7 G:\xampp\htdocs\UBS\pime_somali\index.php(45): CodeIgniter\CodeIgniter->run()
#8 {main}
CRITICAL - 2021-01-18 07:01:12 -->  route cannot be found while reverse-routing.
#0 G:\xampp\htdocs\UBS\pime_somali\system\HTTP\RedirectResponse.php(92): CodeIgniter\HTTP\Exceptions\HTTPException::forInvalidRedirectRoute('')
#1 G:\xampp\htdocs\UBS\pime_somali\system\Common.php(845): CodeIgniter\HTTP\RedirectResponse->route(false)
#2 G:\xampp\htdocs\UBS\pime_somali\app\Controllers\Auth.php(496): redirect('/auth/')
#3 G:\xampp\htdocs\UBS\pime_somali\app\Controllers\Auth.php(162): App\Controllers\Auth->_show_message('You have been s...')
#4 G:\xampp\htdocs\UBS\pime_somali\system\CodeIgniter.php(918): App\Controllers\Auth->logout()
#5 G:\xampp\htdocs\UBS\pime_somali\system\CodeIgniter.php(404): CodeIgniter\CodeIgniter->runController(Object(App\Controllers\Auth))
#6 G:\xampp\htdocs\UBS\pime_somali\system\CodeIgniter.php(312): CodeIgniter\CodeIgniter->handleRequest(NULL, Object(Config\Cache), false)
#7 G:\xampp\htdocs\UBS\pime_somali\index.php(45): CodeIgniter\CodeIgniter->run()
#8 {main}
CRITICAL - 2021-01-18 07:01:13 -->  route cannot be found while reverse-routing.
#0 G:\xampp\htdocs\UBS\pime_somali\system\HTTP\RedirectResponse.php(92): CodeIgniter\HTTP\Exceptions\HTTPException::forInvalidRedirectRoute('')
#1 G:\xampp\htdocs\UBS\pime_somali\system\Common.php(845): CodeIgniter\HTTP\RedirectResponse->route(false)
#2 G:\xampp\htdocs\UBS\pime_somali\app\Controllers\Auth.php(496): redirect('/auth/')
#3 G:\xampp\htdocs\UBS\pime_somali\app\Controllers\Auth.php(162): App\Controllers\Auth->_show_message('You have been s...')
#4 G:\xampp\htdocs\UBS\pime_somali\system\CodeIgniter.php(918): App\Controllers\Auth->logout()
#5 G:\xampp\htdocs\UBS\pime_somali\system\CodeIgniter.php(404): CodeIgniter\CodeIgniter->runController(Object(App\Controllers\Auth))
#6 G:\xampp\htdocs\UBS\pime_somali\system\CodeIgniter.php(312): CodeIgniter\CodeIgniter->handleRequest(NULL, Object(Config\Cache), false)
#7 G:\xampp\htdocs\UBS\pime_somali\index.php(45): CodeIgniter\CodeIgniter->run()
#8 {main}
CRITICAL - 2021-01-18 07:01:13 -->  route cannot be found while reverse-routing.
#0 G:\xampp\htdocs\UBS\pime_somali\system\HTTP\RedirectResponse.php(92): CodeIgniter\HTTP\Exceptions\HTTPException::forInvalidRedirectRoute('')
#1 G:\xampp\htdocs\UBS\pime_somali\system\Common.php(845): CodeIgniter\HTTP\RedirectResponse->route(false)
#2 G:\xampp\htdocs\UBS\pime_somali\app\Controllers\Auth.php(496): redirect('/auth/')
#3 G:\xampp\htdocs\UBS\pime_somali\app\Controllers\Auth.php(162): App\Controllers\Auth->_show_message('You have been s...')
#4 G:\xampp\htdocs\UBS\pime_somali\system\CodeIgniter.php(918): App\Controllers\Auth->logout()
#5 G:\xampp\htdocs\UBS\pime_somali\system\CodeIgniter.php(404): CodeIgniter\CodeIgniter->runController(Object(App\Controllers\Auth))
#6 G:\xampp\htdocs\UBS\pime_somali\system\CodeIgniter.php(312): CodeIgniter\CodeIgniter->handleRequest(NULL, Object(Config\Cache), false)
#7 G:\xampp\htdocs\UBS\pime_somali\index.php(45): CodeIgniter\CodeIgniter->run()
#8 {main}
CRITICAL - 2021-01-18 07:02:01 -->  route cannot be found while reverse-routing.
#0 G:\xampp\htdocs\UBS\pime_somali\system\HTTP\RedirectResponse.php(92): CodeIgniter\HTTP\Exceptions\HTTPException::forInvalidRedirectRoute('')
#1 G:\xampp\htdocs\UBS\pime_somali\system\Common.php(845): CodeIgniter\HTTP\RedirectResponse->route(false)
#2 G:\xampp\htdocs\UBS\pime_somali\app\Controllers\Auth.php(496): redirect('/auth/')
#3 G:\xampp\htdocs\UBS\pime_somali\app\Controllers\Auth.php(162): App\Controllers\Auth->_show_message('You have been s...')
#4 G:\xampp\htdocs\UBS\pime_somali\system\CodeIgniter.php(918): App\Controllers\Auth->logout()
#5 G:\xampp\htdocs\UBS\pime_somali\system\CodeIgniter.php(404): CodeIgniter\CodeIgniter->runController(Object(App\Controllers\Auth))
#6 G:\xampp\htdocs\UBS\pime_somali\system\CodeIgniter.php(312): CodeIgniter\CodeIgniter->handleRequest(NULL, Object(Config\Cache), false)
#7 G:\xampp\htdocs\UBS\pime_somali\index.php(45): CodeIgniter\CodeIgniter->run()
#8 {main}
CRITICAL - 2021-01-18 07:02:04 -->  route cannot be found while reverse-routing.
#0 G:\xampp\htdocs\UBS\pime_somali\system\HTTP\RedirectResponse.php(92): CodeIgniter\HTTP\Exceptions\HTTPException::forInvalidRedirectRoute('')
#1 G:\xampp\htdocs\UBS\pime_somali\system\Common.php(845): CodeIgniter\HTTP\RedirectResponse->route(false)
#2 G:\xampp\htdocs\UBS\pime_somali\app\Controllers\Auth.php(496): redirect('/auth/')
#3 G:\xampp\htdocs\UBS\pime_somali\app\Controllers\Auth.php(162): App\Controllers\Auth->_show_message('You have been s...')
#4 G:\xampp\htdocs\UBS\pime_somali\system\CodeIgniter.php(918): App\Controllers\Auth->logout()
#5 G:\xampp\htdocs\UBS\pime_somali\system\CodeIgniter.php(404): CodeIgniter\CodeIgniter->runController(Object(App\Controllers\Auth))
#6 G:\xampp\htdocs\UBS\pime_somali\system\CodeIgniter.php(312): CodeIgniter\CodeIgniter->handleRequest(NULL, Object(Config\Cache), false)
#7 G:\xampp\htdocs\UBS\pime_somali\index.php(45): CodeIgniter\CodeIgniter->run()
#8 {main}
CRITICAL - 2021-01-18 07:03:11 -->  route cannot be found while reverse-routing.
#0 G:\xampp\htdocs\UBS\pime_somali\system\HTTP\RedirectResponse.php(92): CodeIgniter\HTTP\Exceptions\HTTPException::forInvalidRedirectRoute('')
#1 G:\xampp\htdocs\UBS\pime_somali\system\Common.php(845): CodeIgniter\HTTP\RedirectResponse->route(false)
#2 G:\xampp\htdocs\UBS\pime_somali\app\Controllers\Auth.php(495): redirect('/auth/')
#3 G:\xampp\htdocs\UBS\pime_somali\app\Controllers\Auth.php(162): App\Controllers\Auth->_show_message('You have been s...')
#4 G:\xampp\htdocs\UBS\pime_somali\system\CodeIgniter.php(918): App\Controllers\Auth->logout()
#5 G:\xampp\htdocs\UBS\pime_somali\system\CodeIgniter.php(404): CodeIgniter\CodeIgniter->runController(Object(App\Controllers\Auth))
#6 G:\xampp\htdocs\UBS\pime_somali\system\CodeIgniter.php(312): CodeIgniter\CodeIgniter->handleRequest(NULL, Object(Config\Cache), false)
#7 G:\xampp\htdocs\UBS\pime_somali\index.php(45): CodeIgniter\CodeIgniter->run()
#8 {main}
CRITICAL - 2021-01-18 07:04:44 -->  route cannot be found while reverse-routing.
#0 G:\xampp\htdocs\UBS\pime_somali\system\HTTP\RedirectResponse.php(92): CodeIgniter\HTTP\Exceptions\HTTPException::forInvalidRedirectRoute('')
#1 G:\xampp\htdocs\UBS\pime_somali\system\Common.php(845): CodeIgniter\HTTP\RedirectResponse->route(false)
#2 G:\xampp\htdocs\UBS\pime_somali\app\Controllers\Auth.php(495): redirect('/auth/')
#3 G:\xampp\htdocs\UBS\pime_somali\app\Controllers\Auth.php(162): App\Controllers\Auth->_show_message('You have been s...')
#4 G:\xampp\htdocs\UBS\pime_somali\system\CodeIgniter.php(918): App\Controllers\Auth->logout()
#5 G:\xampp\htdocs\UBS\pime_somali\system\CodeIgniter.php(404): CodeIgniter\CodeIgniter->runController(Object(App\Controllers\Auth))
#6 G:\xampp\htdocs\UBS\pime_somali\system\CodeIgniter.php(312): CodeIgniter\CodeIgniter->handleRequest(NULL, Object(Config\Cache), false)
#7 G:\xampp\htdocs\UBS\pime_somali\index.php(45): CodeIgniter\CodeIgniter->run()
#8 {main}
CRITICAL - 2021-01-18 07:06:26 -->  route cannot be found while reverse-routing.
#0 G:\xampp\htdocs\UBS\pime_somali\system\HTTP\RedirectResponse.php(92): CodeIgniter\HTTP\Exceptions\HTTPException::forInvalidRedirectRoute('')
#1 G:\xampp\htdocs\UBS\pime_somali\system\Common.php(845): CodeIgniter\HTTP\RedirectResponse->route(false)
#2 G:\xampp\htdocs\UBS\pime_somali\app\Controllers\Auth.php(495): redirect('/auth/')
#3 G:\xampp\htdocs\UBS\pime_somali\app\Controllers\Auth.php(162): App\Controllers\Auth->_show_message('You have been s...')
#4 G:\xampp\htdocs\UBS\pime_somali\system\CodeIgniter.php(918): App\Controllers\Auth->logout()
#5 G:\xampp\htdocs\UBS\pime_somali\system\CodeIgniter.php(404): CodeIgniter\CodeIgniter->runController(Object(App\Controllers\Auth))
#6 G:\xampp\htdocs\UBS\pime_somali\system\CodeIgniter.php(312): CodeIgniter\CodeIgniter->handleRequest(NULL, Object(Config\Cache), false)
#7 G:\xampp\htdocs\UBS\pime_somali\index.php(45): CodeIgniter\CodeIgniter->run()
#8 {main}
CRITICAL - 2021-01-18 07:06:29 -->  route cannot be found while reverse-routing.
#0 G:\xampp\htdocs\UBS\pime_somali\system\HTTP\RedirectResponse.php(92): CodeIgniter\HTTP\Exceptions\HTTPException::forInvalidRedirectRoute('')
#1 G:\xampp\htdocs\UBS\pime_somali\system\Common.php(845): CodeIgniter\HTTP\RedirectResponse->route(false)
#2 G:\xampp\htdocs\UBS\pime_somali\app\Controllers\Auth.php(495): redirect('/auth/')
#3 G:\xampp\htdocs\UBS\pime_somali\app\Controllers\Auth.php(162): App\Controllers\Auth->_show_message('You have been s...')
#4 G:\xampp\htdocs\UBS\pime_somali\system\CodeIgniter.php(918): App\Controllers\Auth->logout()
#5 G:\xampp\htdocs\UBS\pime_somali\system\CodeIgniter.php(404): CodeIgniter\CodeIgniter->runController(Object(App\Controllers\Auth))
#6 G:\xampp\htdocs\UBS\pime_somali\system\CodeIgniter.php(312): CodeIgniter\CodeIgniter->handleRequest(NULL, Object(Config\Cache), false)
#7 G:\xampp\htdocs\UBS\pime_somali\index.php(45): CodeIgniter\CodeIgniter->run()
#8 {main}
CRITICAL - 2021-01-18 07:07:41 --> You have an error in your SQL syntax; check the manual that corresponds to your MariaDB server version for the right syntax to use near '' at line 1
#0 G:\xampp\htdocs\UBS\pime_somali\system\Database\MySQLi\Connection.php(331): mysqli->query('select user_typ...')
#1 G:\xampp\htdocs\UBS\pime_somali\system\Database\BaseConnection.php(741): CodeIgniter\Database\MySQLi\Connection->execute('select user_typ...')
#2 G:\xampp\htdocs\UBS\pime_somali\system\Database\BaseConnection.php(669): CodeIgniter\Database\BaseConnection->simpleQuery('select user_typ...')
#3 G:\xampp\htdocs\UBS\pime_somali\app\Controllers\Home.php(63): CodeIgniter\Database\BaseConnection->query('select user_typ...')
#4 G:\xampp\htdocs\UBS\pime_somali\system\CodeIgniter.php(918): App\Controllers\Home->index()
#5 G:\xampp\htdocs\UBS\pime_somali\system\CodeIgniter.php(404): CodeIgniter\CodeIgniter->runController(Object(App\Controllers\Home))
#6 G:\xampp\htdocs\UBS\pime_somali\system\CodeIgniter.php(312): CodeIgniter\CodeIgniter->handleRequest(NULL, Object(Config\Cache), false)
#7 G:\xampp\htdocs\UBS\pime_somali\index.php(45): CodeIgniter\CodeIgniter->run()
#8 {main}
CRITICAL - 2021-01-18 07:08:45 -->  route cannot be found while reverse-routing.
#0 G:\xampp\htdocs\UBS\pime_somali\system\HTTP\RedirectResponse.php(92): CodeIgniter\HTTP\Exceptions\HTTPException::forInvalidRedirectRoute('')
#1 G:\xampp\htdocs\UBS\pime_somali\system\Common.php(845): CodeIgniter\HTTP\RedirectResponse->route(false)
#2 G:\xampp\htdocs\UBS\pime_somali\app\Controllers\Auth.php(495): redirect('/auth/')
#3 G:\xampp\htdocs\UBS\pime_somali\app\Controllers\Auth.php(162): App\Controllers\Auth->_show_message('You have been s...')
#4 G:\xampp\htdocs\UBS\pime_somali\system\CodeIgniter.php(918): App\Controllers\Auth->logout()
#5 G:\xampp\htdocs\UBS\pime_somali\system\CodeIgniter.php(404): CodeIgniter\CodeIgniter->runController(Object(App\Controllers\Auth))
#6 G:\xampp\htdocs\UBS\pime_somali\system\CodeIgniter.php(312): CodeIgniter\CodeIgniter->handleRequest(NULL, Object(Config\Cache), false)
#7 G:\xampp\htdocs\UBS\pime_somali\index.php(45): CodeIgniter\CodeIgniter->run()
#8 {main}
CRITICAL - 2021-01-18 07:10:07 --> You have an error in your SQL syntax; check the manual that corresponds to your MariaDB server version for the right syntax to use near '' at line 1
#0 G:\xampp\htdocs\UBS\pime_somali\system\Database\MySQLi\Connection.php(331): mysqli->query('select user_typ...')
#1 G:\xampp\htdocs\UBS\pime_somali\system\Database\BaseConnection.php(741): CodeIgniter\Database\MySQLi\Connection->execute('select user_typ...')
#2 G:\xampp\htdocs\UBS\pime_somali\system\Database\BaseConnection.php(669): CodeIgniter\Database\BaseConnection->simpleQuery('select user_typ...')
#3 G:\xampp\htdocs\UBS\pime_somali\app\Controllers\Home.php(63): CodeIgniter\Database\BaseConnection->query('select user_typ...')
#4 G:\xampp\htdocs\UBS\pime_somali\system\CodeIgniter.php(918): App\Controllers\Home->index()
#5 G:\xampp\htdocs\UBS\pime_somali\system\CodeIgniter.php(404): CodeIgniter\CodeIgniter->runController(Object(App\Controllers\Home))
#6 G:\xampp\htdocs\UBS\pime_somali\system\CodeIgniter.php(312): CodeIgniter\CodeIgniter->handleRequest(NULL, Object(Config\Cache), false)
#7 G:\xampp\htdocs\UBS\pime_somali\index.php(45): CodeIgniter\CodeIgniter->run()
#8 {main}
CRITICAL - 2021-01-18 07:10:30 --> You have an error in your SQL syntax; check the manual that corresponds to your MariaDB server version for the right syntax to use near '' at line 1
#0 G:\xampp\htdocs\UBS\pime_somali\system\Database\MySQLi\Connection.php(331): mysqli->query('select user_typ...')
#1 G:\xampp\htdocs\UBS\pime_somali\system\Database\BaseConnection.php(741): CodeIgniter\Database\MySQLi\Connection->execute('select user_typ...')
#2 G:\xampp\htdocs\UBS\pime_somali\system\Database\BaseConnection.php(669): CodeIgniter\Database\BaseConnection->simpleQuery('select user_typ...')
#3 G:\xampp\htdocs\UBS\pime_somali\app\Controllers\Home.php(63): CodeIgniter\Database\BaseConnection->query('select user_typ...')
#4 G:\xampp\htdocs\UBS\pime_somali\system\CodeIgniter.php(918): App\Controllers\Home->index()
#5 G:\xampp\htdocs\UBS\pime_somali\system\CodeIgniter.php(404): CodeIgniter\CodeIgniter->runController(Object(App\Controllers\Home))
#6 G:\xampp\htdocs\UBS\pime_somali\system\CodeIgniter.php(312): CodeIgniter\CodeIgniter->handleRequest(NULL, Object(Config\Cache), false)
#7 G:\xampp\htdocs\UBS\pime_somali\index.php(45): CodeIgniter\CodeIgniter->run()
#8 {main}
CRITICAL - 2021-01-18 07:11:38 --> You have an error in your SQL syntax; check the manual that corresponds to your MariaDB server version for the right syntax to use near '' at line 1
#0 G:\xampp\htdocs\UBS\pime_somali\system\Database\MySQLi\Connection.php(331): mysqli->query('select user_typ...')
#1 G:\xampp\htdocs\UBS\pime_somali\system\Database\BaseConnection.php(741): CodeIgniter\Database\MySQLi\Connection->execute('select user_typ...')
#2 G:\xampp\htdocs\UBS\pime_somali\system\Database\BaseConnection.php(669): CodeIgniter\Database\BaseConnection->simpleQuery('select user_typ...')
#3 G:\xampp\htdocs\UBS\pime_somali\app\Controllers\Home.php(63): CodeIgniter\Database\BaseConnection->query('select user_typ...')
#4 G:\xampp\htdocs\UBS\pime_somali\system\CodeIgniter.php(918): App\Controllers\Home->index()
#5 G:\xampp\htdocs\UBS\pime_somali\system\CodeIgniter.php(404): CodeIgniter\CodeIgniter->runController(Object(App\Controllers\Home))
#6 G:\xampp\htdocs\UBS\pime_somali\system\CodeIgniter.php(312): CodeIgniter\CodeIgniter->handleRequest(NULL, Object(Config\Cache), false)
#7 G:\xampp\htdocs\UBS\pime_somali\index.php(45): CodeIgniter\CodeIgniter->run()
#8 {main}
CRITICAL - 2021-01-18 07:12:09 --> You have an error in your SQL syntax; check the manual that corresponds to your MariaDB server version for the right syntax to use near '' at line 1
#0 G:\xampp\htdocs\UBS\pime_somali\system\Database\MySQLi\Connection.php(331): mysqli->query('select user_typ...')
#1 G:\xampp\htdocs\UBS\pime_somali\system\Database\BaseConnection.php(741): CodeIgniter\Database\MySQLi\Connection->execute('select user_typ...')
#2 G:\xampp\htdocs\UBS\pime_somali\system\Database\BaseConnection.php(669): CodeIgniter\Database\BaseConnection->simpleQuery('select user_typ...')
#3 G:\xampp\htdocs\UBS\pime_somali\app\Controllers\Home.php(63): CodeIgniter\Database\BaseConnection->query('select user_typ...')
#4 G:\xampp\htdocs\UBS\pime_somali\system\CodeIgniter.php(918): App\Controllers\Home->index()
#5 G:\xampp\htdocs\UBS\pime_somali\system\CodeIgniter.php(404): CodeIgniter\CodeIgniter->runController(Object(App\Controllers\Home))
#6 G:\xampp\htdocs\UBS\pime_somali\system\CodeIgniter.php(312): CodeIgniter\CodeIgniter->handleRequest(NULL, Object(Config\Cache), false)
#7 G:\xampp\htdocs\UBS\pime_somali\index.php(45): CodeIgniter\CodeIgniter->run()
#8 {main}
CRITICAL - 2021-01-18 07:12:41 -->  route cannot be found while reverse-routing.
#0 G:\xampp\htdocs\UBS\pime_somali\system\HTTP\RedirectResponse.php(92): CodeIgniter\HTTP\Exceptions\HTTPException::forInvalidRedirectRoute('')
#1 G:\xampp\htdocs\UBS\pime_somali\app\Controllers\Home.php(43): CodeIgniter\HTTP\RedirectResponse->route(false)
#2 G:\xampp\htdocs\UBS\pime_somali\system\CodeIgniter.php(890): App\Controllers\Home->__construct()
#3 G:\xampp\htdocs\UBS\pime_somali\system\CodeIgniter.php(399): CodeIgniter\CodeIgniter->createController()
#4 G:\xampp\htdocs\UBS\pime_somali\system\CodeIgniter.php(312): CodeIgniter\CodeIgniter->handleRequest(NULL, Object(Config\Cache), false)
#5 G:\xampp\htdocs\UBS\pime_somali\index.php(45): CodeIgniter\CodeIgniter->run()
#6 {main}
CRITICAL - 2021-01-18 07:12:52 --> You have an error in your SQL syntax; check the manual that corresponds to your MariaDB server version for the right syntax to use near '' at line 1
#0 G:\xampp\htdocs\UBS\pime_somali\system\Database\MySQLi\Connection.php(331): mysqli->query('select user_typ...')
#1 G:\xampp\htdocs\UBS\pime_somali\system\Database\BaseConnection.php(741): CodeIgniter\Database\MySQLi\Connection->execute('select user_typ...')
#2 G:\xampp\htdocs\UBS\pime_somali\system\Database\BaseConnection.php(669): CodeIgniter\Database\BaseConnection->simpleQuery('select user_typ...')
#3 G:\xampp\htdocs\UBS\pime_somali\app\Controllers\Home.php(63): CodeIgniter\Database\BaseConnection->query('select user_typ...')
#4 G:\xampp\htdocs\UBS\pime_somali\system\CodeIgniter.php(918): App\Controllers\Home->index()
#5 G:\xampp\htdocs\UBS\pime_somali\system\CodeIgniter.php(404): CodeIgniter\CodeIgniter->runController(Object(App\Controllers\Home))
#6 G:\xampp\htdocs\UBS\pime_somali\system\CodeIgniter.php(312): CodeIgniter\CodeIgniter->handleRequest(NULL, Object(Config\Cache), false)
#7 G:\xampp\htdocs\UBS\pime_somali\index.php(45): CodeIgniter\CodeIgniter->run()
#8 {main}
CRITICAL - 2021-01-18 07:12:59 --> You have an error in your SQL syntax; check the manual that corresponds to your MariaDB server version for the right syntax to use near '' at line 1
#0 G:\xampp\htdocs\UBS\pime_somali\system\Database\MySQLi\Connection.php(331): mysqli->query('select user_typ...')
#1 G:\xampp\htdocs\UBS\pime_somali\system\Database\BaseConnection.php(741): CodeIgniter\Database\MySQLi\Connection->execute('select user_typ...')
#2 G:\xampp\htdocs\UBS\pime_somali\system\Database\BaseConnection.php(669): CodeIgniter\Database\BaseConnection->simpleQuery('select user_typ...')
#3 G:\xampp\htdocs\UBS\pime_somali\app\Controllers\Home.php(63): CodeIgniter\Database\BaseConnection->query('select user_typ...')
#4 G:\xampp\htdocs\UBS\pime_somali\system\CodeIgniter.php(918): App\Controllers\Home->index()
#5 G:\xampp\htdocs\UBS\pime_somali\system\CodeIgniter.php(404): CodeIgniter\CodeIgniter->runController(Object(App\Controllers\Home))
#6 G:\xampp\htdocs\UBS\pime_somali\system\CodeIgniter.php(312): CodeIgniter\CodeIgniter->handleRequest(NULL, Object(Config\Cache), false)
#7 G:\xampp\htdocs\UBS\pime_somali\index.php(45): CodeIgniter\CodeIgniter->run()
#8 {main}
CRITICAL - 2021-01-18 07:13:10 --> Object of class CodeIgniter\HTTP\RedirectResponse could not be converted to string
#0 G:\xampp\htdocs\UBS\pime_somali\app\Controllers\Home.php(43): CodeIgniter\Debug\Exceptions->errorHandler(4096, 'Object of class...', 'G:\\xampp\\htdocs...', 43, Array)
#1 G:\xampp\htdocs\UBS\pime_somali\system\CodeIgniter.php(890): App\Controllers\Home->__construct()
#2 G:\xampp\htdocs\UBS\pime_somali\system\CodeIgniter.php(399): CodeIgniter\CodeIgniter->createController()
#3 G:\xampp\htdocs\UBS\pime_somali\system\CodeIgniter.php(312): CodeIgniter\CodeIgniter->handleRequest(NULL, Object(Config\Cache), false)
#4 G:\xampp\htdocs\UBS\pime_somali\index.php(45): CodeIgniter\CodeIgniter->run()
#5 {main}
CRITICAL - 2021-01-18 07:13:20 --> You have an error in your SQL syntax; check the manual that corresponds to your MariaDB server version for the right syntax to use near '' at line 1
#0 G:\xampp\htdocs\UBS\pime_somali\system\Database\MySQLi\Connection.php(331): mysqli->query('select user_typ...')
#1 G:\xampp\htdocs\UBS\pime_somali\system\Database\BaseConnection.php(741): CodeIgniter\Database\MySQLi\Connection->execute('select user_typ...')
#2 G:\xampp\htdocs\UBS\pime_somali\system\Database\BaseConnection.php(669): CodeIgniter\Database\BaseConnection->simpleQuery('select user_typ...')
#3 G:\xampp\htdocs\UBS\pime_somali\app\Controllers\Home.php(63): CodeIgniter\Database\BaseConnection->query('select user_typ...')
#4 G:\xampp\htdocs\UBS\pime_somali\system\CodeIgniter.php(918): App\Controllers\Home->index()
#5 G:\xampp\htdocs\UBS\pime_somali\system\CodeIgniter.php(404): CodeIgniter\CodeIgniter->runController(Object(App\Controllers\Home))
#6 G:\xampp\htdocs\UBS\pime_somali\system\CodeIgniter.php(312): CodeIgniter\CodeIgniter->handleRequest(NULL, Object(Config\Cache), false)
#7 G:\xampp\htdocs\UBS\pime_somali\index.php(45): CodeIgniter\CodeIgniter->run()
#8 {main}
CRITICAL - 2021-01-18 07:13:29 --> You have an error in your SQL syntax; check the manual that corresponds to your MariaDB server version for the right syntax to use near '' at line 1
#0 G:\xampp\htdocs\UBS\pime_somali\system\Database\MySQLi\Connection.php(331): mysqli->query('select user_typ...')
#1 G:\xampp\htdocs\UBS\pime_somali\system\Database\BaseConnection.php(741): CodeIgniter\Database\MySQLi\Connection->execute('select user_typ...')
#2 G:\xampp\htdocs\UBS\pime_somali\system\Database\BaseConnection.php(669): CodeIgniter\Database\BaseConnection->simpleQuery('select user_typ...')
#3 G:\xampp\htdocs\UBS\pime_somali\app\Controllers\Home.php(63): CodeIgniter\Database\BaseConnection->query('select user_typ...')
#4 G:\xampp\htdocs\UBS\pime_somali\system\CodeIgniter.php(918): App\Controllers\Home->index()
#5 G:\xampp\htdocs\UBS\pime_somali\system\CodeIgniter.php(404): CodeIgniter\CodeIgniter->runController(Object(App\Controllers\Home))
#6 G:\xampp\htdocs\UBS\pime_somali\system\CodeIgniter.php(312): CodeIgniter\CodeIgniter->handleRequest(NULL, Object(Config\Cache), false)
#7 G:\xampp\htdocs\UBS\pime_somali\index.php(45): CodeIgniter\CodeIgniter->run()
#8 {main}
