CRITICAL - 2021-01-08 03:16:20 --> Undefined property: App\Controllers\Login::$tank_auth
#0 G:\xampp\htdocs\UBS\pime_somali\app\Controllers\Login.php(10): CodeIgniter\Debug\Exceptions->errorHandler(8, 'Undefined prope...', 'G:\\xampp\\htdocs...', 10, Array)
#1 G:\xampp\htdocs\UBS\pime_somali\system\CodeIgniter.php(918): App\Controllers\Login->index()
#2 G:\xampp\htdocs\UBS\pime_somali\system\CodeIgniter.php(404): CodeIgniter\CodeIgniter->runController(Object(App\Controllers\Login))
#3 G:\xampp\htdocs\UBS\pime_somali\system\CodeIgniter.php(312): CodeIgniter\CodeIgniter->handleRequest(NULL, Object(Config\Cache), false)
#4 G:\xampp\htdocs\UBS\pime_somali\public\index.php(45): CodeIgniter\CodeIgniter->run()
#5 {main}
CRITICAL - 2021-01-08 03:20:25 --> Undefined property: App\Controllers\Login::$tank_auth
#0 G:\xampp\htdocs\UBS\pime_somali\app\Controllers\Login.php(10): CodeIgniter\Debug\Exceptions->errorHandler(8, 'Undefined prope...', 'G:\\xampp\\htdocs...', 10, Array)
#1 G:\xampp\htdocs\UBS\pime_somali\system\CodeIgniter.php(918): App\Controllers\Login->index()
#2 G:\xampp\htdocs\UBS\pime_somali\system\CodeIgniter.php(404): CodeIgniter\CodeIgniter->runController(Object(App\Controllers\Login))
#3 G:\xampp\htdocs\UBS\pime_somali\system\CodeIgniter.php(312): CodeIgniter\CodeIgniter->handleRequest(NULL, Object(Config\Cache), false)
#4 G:\xampp\htdocs\UBS\pime_somali\public\index.php(45): CodeIgniter\CodeIgniter->run()
#5 {main}
CRITICAL - 2021-01-08 03:56:54 --> Undefined property: App\Controllers\Login::$tank_auth
#0 G:\xampp\htdocs\UBS\pime_somali\app\Controllers\Login.php(10): CodeIgniter\Debug\Exceptions->errorHandler(8, 'Undefined prope...', 'G:\\xampp\\htdocs...', 10, Array)
#1 G:\xampp\htdocs\UBS\pime_somali\system\CodeIgniter.php(918): App\Controllers\Login->index()
#2 G:\xampp\htdocs\UBS\pime_somali\system\CodeIgniter.php(404): CodeIgniter\CodeIgniter->runController(Object(App\Controllers\Login))
#3 G:\xampp\htdocs\UBS\pime_somali\system\CodeIgniter.php(312): CodeIgniter\CodeIgniter->handleRequest(NULL, Object(Config\Cache), false)
#4 G:\xampp\htdocs\UBS\pime_somali\public\index.php(45): CodeIgniter\CodeIgniter->run()
#5 {main}
CRITICAL - 2021-01-08 03:57:22 --> Undefined property: App\Controllers\Login::$tank_auth
#0 G:\xampp\htdocs\UBS\pime_somali\app\Controllers\Login.php(10): CodeIgniter\Debug\Exceptions->errorHandler(8, 'Undefined prope...', 'G:\\xampp\\htdocs...', 10, Array)
#1 G:\xampp\htdocs\UBS\pime_somali\system\CodeIgniter.php(918): App\Controllers\Login->index()
#2 G:\xampp\htdocs\UBS\pime_somali\system\CodeIgniter.php(404): CodeIgniter\CodeIgniter->runController(Object(App\Controllers\Login))
#3 G:\xampp\htdocs\UBS\pime_somali\system\CodeIgniter.php(312): CodeIgniter\CodeIgniter->handleRequest(NULL, Object(Config\Cache), false)
#4 G:\xampp\htdocs\UBS\pime_somali\public\index.php(45): CodeIgniter\CodeIgniter->run()
#5 {main}
CRITICAL - 2021-01-08 11:40:38 --> Undefined property: App\Controllers\Login::$tank_auth
#0 G:\xampp\htdocs\UBS\pime_somali\app\Controllers\Login.php(10): CodeIgniter\Debug\Exceptions->errorHandler(8, 'Undefined prope...', 'G:\\xampp\\htdocs...', 10, Array)
#1 G:\xampp\htdocs\UBS\pime_somali\system\CodeIgniter.php(918): App\Controllers\Login->index()
#2 G:\xampp\htdocs\UBS\pime_somali\system\CodeIgniter.php(404): CodeIgniter\CodeIgniter->runController(Object(App\Controllers\Login))
#3 G:\xampp\htdocs\UBS\pime_somali\system\CodeIgniter.php(312): CodeIgniter\CodeIgniter->handleRequest(NULL, Object(Config\Cache), false)
#4 G:\xampp\htdocs\UBS\pime_somali\public\index.php(45): CodeIgniter\CodeIgniter->run()
#5 {main}
CRITICAL - 2021-01-08 11:44:44 --> Undefined property: App\Controllers\Login::$tank_auth
#0 G:\xampp\htdocs\UBS\pime_somali\app\Controllers\Login.php(10): CodeIgniter\Debug\Exceptions->errorHandler(8, 'Undefined prope...', 'G:\\xampp\\htdocs...', 10, Array)
#1 G:\xampp\htdocs\UBS\pime_somali\system\CodeIgniter.php(918): App\Controllers\Login->index()
#2 G:\xampp\htdocs\UBS\pime_somali\system\CodeIgniter.php(404): CodeIgniter\CodeIgniter->runController(Object(App\Controllers\Login))
#3 G:\xampp\htdocs\UBS\pime_somali\system\CodeIgniter.php(312): CodeIgniter\CodeIgniter->handleRequest(NULL, Object(Config\Cache), false)
#4 G:\xampp\htdocs\UBS\pime_somali\public\index.php(45): CodeIgniter\CodeIgniter->run()
#5 {main}
CRITICAL - 2021-01-08 12:50:50 --> Undefined property: App\Controllers\Login::$session
#0 G:\xampp\htdocs\UBS\pime_somali\app\Controllers\Login.php(13): CodeIgniter\Debug\Exceptions->errorHandler(8, 'Undefined prope...', 'G:\\xampp\\htdocs...', 13, Array)
#1 G:\xampp\htdocs\UBS\pime_somali\system\CodeIgniter.php(918): App\Controllers\Login->index()
#2 G:\xampp\htdocs\UBS\pime_somali\system\CodeIgniter.php(404): CodeIgniter\CodeIgniter->runController(Object(App\Controllers\Login))
#3 G:\xampp\htdocs\UBS\pime_somali\system\CodeIgniter.php(312): CodeIgniter\CodeIgniter->handleRequest(NULL, Object(Config\Cache), false)
#4 G:\xampp\htdocs\UBS\pime_somali\public\index.php(45): CodeIgniter\CodeIgniter->run()
#5 {main}
CRITICAL - 2021-01-08 12:53:18 --> Undefined variable: config
#0 G:\xampp\htdocs\UBS\pime_somali\app\Controllers\Login.php(12): CodeIgniter\Debug\Exceptions->errorHandler(8, 'Undefined varia...', 'G:\\xampp\\htdocs...', 12, Array)
#1 G:\xampp\htdocs\UBS\pime_somali\system\CodeIgniter.php(918): App\Controllers\Login->index()
#2 G:\xampp\htdocs\UBS\pime_somali\system\CodeIgniter.php(404): CodeIgniter\CodeIgniter->runController(Object(App\Controllers\Login))
#3 G:\xampp\htdocs\UBS\pime_somali\system\CodeIgniter.php(312): CodeIgniter\CodeIgniter->handleRequest(NULL, Object(Config\Cache), false)
#4 G:\xampp\htdocs\UBS\pime_somali\public\index.php(45): CodeIgniter\CodeIgniter->run()
#5 {main}
CRITICAL - 2021-01-08 12:53:57 --> Undefined variable: config
#0 G:\xampp\htdocs\UBS\pime_somali\app\Controllers\Login.php(13): CodeIgniter\Debug\Exceptions->errorHandler(8, 'Undefined varia...', 'G:\\xampp\\htdocs...', 13, Array)
#1 G:\xampp\htdocs\UBS\pime_somali\system\CodeIgniter.php(918): App\Controllers\Login->index()
#2 G:\xampp\htdocs\UBS\pime_somali\system\CodeIgniter.php(404): CodeIgniter\CodeIgniter->runController(Object(App\Controllers\Login))
#3 G:\xampp\htdocs\UBS\pime_somali\system\CodeIgniter.php(312): CodeIgniter\CodeIgniter->handleRequest(NULL, Object(Config\Cache), false)
#4 G:\xampp\htdocs\UBS\pime_somali\public\index.php(45): CodeIgniter\CodeIgniter->run()
#5 {main}
CRITICAL - 2021-01-08 12:54:39 --> Argument 1 passed to CodeIgniter\Config\Services::session() must be an instance of Config\App or null, boolean given, called in G:\xampp\htdocs\UBS\pime_somali\app\Controllers\Login.php on line 13
#0 G:\xampp\htdocs\UBS\pime_somali\app\Controllers\Login.php(13): CodeIgniter\Config\Services::session(false)
#1 G:\xampp\htdocs\UBS\pime_somali\system\CodeIgniter.php(918): App\Controllers\Login->index()
#2 G:\xampp\htdocs\UBS\pime_somali\system\CodeIgniter.php(404): CodeIgniter\CodeIgniter->runController(Object(App\Controllers\Login))
#3 G:\xampp\htdocs\UBS\pime_somali\system\CodeIgniter.php(312): CodeIgniter\CodeIgniter->handleRequest(NULL, Object(Config\Cache), false)
#4 G:\xampp\htdocs\UBS\pime_somali\public\index.php(45): CodeIgniter\CodeIgniter->run()
#5 {main}
CRITICAL - 2021-01-08 12:55:31 --> Undefined property: App\Controllers\Login::$session
#0 G:\xampp\htdocs\UBS\pime_somali\app\Controllers\Login.php(15): CodeIgniter\Debug\Exceptions->errorHandler(8, 'Undefined prope...', 'G:\\xampp\\htdocs...', 15, Array)
#1 G:\xampp\htdocs\UBS\pime_somali\system\CodeIgniter.php(918): App\Controllers\Login->index()
#2 G:\xampp\htdocs\UBS\pime_somali\system\CodeIgniter.php(404): CodeIgniter\CodeIgniter->runController(Object(App\Controllers\Login))
#3 G:\xampp\htdocs\UBS\pime_somali\system\CodeIgniter.php(312): CodeIgniter\CodeIgniter->handleRequest(NULL, Object(Config\Cache), false)
#4 G:\xampp\htdocs\UBS\pime_somali\public\index.php(45): CodeIgniter\CodeIgniter->run()
#5 {main}
CRITICAL - 2021-01-08 12:55:59 --> Call to undefined method CodeIgniter\Session\Session::userdata()
#0 G:\xampp\htdocs\UBS\pime_somali\system\CodeIgniter.php(918): App\Controllers\Login->index()
#1 G:\xampp\htdocs\UBS\pime_somali\system\CodeIgniter.php(404): CodeIgniter\CodeIgniter->runController(Object(App\Controllers\Login))
#2 G:\xampp\htdocs\UBS\pime_somali\system\CodeIgniter.php(312): CodeIgniter\CodeIgniter->handleRequest(NULL, Object(Config\Cache), false)
#3 G:\xampp\htdocs\UBS\pime_somali\public\index.php(45): CodeIgniter\CodeIgniter->run()
#4 {main}
CRITICAL - 2021-01-08 12:57:35 -->  route cannot be found while reverse-routing.
#0 G:\xampp\htdocs\UBS\pime_somali\system\HTTP\RedirectResponse.php(92): CodeIgniter\HTTP\Exceptions\HTTPException::forInvalidRedirectRoute('')
#1 G:\xampp\htdocs\UBS\pime_somali\system\Common.php(845): CodeIgniter\HTTP\RedirectResponse->route(false)
#2 G:\xampp\htdocs\UBS\pime_somali\app\Controllers\Login.php(20): redirect('/auth/login/')
#3 G:\xampp\htdocs\UBS\pime_somali\system\CodeIgniter.php(918): App\Controllers\Login->index()
#4 G:\xampp\htdocs\UBS\pime_somali\system\CodeIgniter.php(404): CodeIgniter\CodeIgniter->runController(Object(App\Controllers\Login))
#5 G:\xampp\htdocs\UBS\pime_somali\system\CodeIgniter.php(312): CodeIgniter\CodeIgniter->handleRequest(NULL, Object(Config\Cache), false)
#6 G:\xampp\htdocs\UBS\pime_somali\public\index.php(45): CodeIgniter\CodeIgniter->run()
#7 {main}
