CRITICAL - 2021-04-07 04:22:46 --> Call to a member function clear() on null
#0 /home/wwwmand/public_html/pimes/app/Controllers/Auth.php(373): App\Libraries\Tank_auth->reset_password('1', '52024a7f779630c...', 'password')
#1 /home/wwwmand/public_html/pimes/system/CodeIgniter.php(918): App\Controllers\Auth->reset_password('1', '52024a7f779630c...')
#2 /home/wwwmand/public_html/pimes/system/CodeIgniter.php(404): CodeIgniter\CodeIgniter->runController(Object(App\Controllers\Auth))
#3 /home/wwwmand/public_html/pimes/system/CodeIgniter.php(312): CodeIgniter\CodeIgniter->handleRequest(NULL, Object(Config\Cache), false)
#4 /home/wwwmand/public_html/pimes/index.php(45): CodeIgniter\CodeIgniter->run()
#5 {main}
CRITICAL - 2021-04-07 06:16:41 --> Invalid file: office/report_submission/projects/\final_evaluation_report/view.php
#0 /home/wwwmand/public_html/pimes/system/View/View.php(228): CodeIgniter\Exceptions\FrameworkException::forInvalidFile('office/report_s...')
#1 /home/wwwmand/public_html/pimes/system/Common.php(1119): CodeIgniter\View\View->render('office/report_s...', Array, true)
#2 /home/wwwmand/public_html/pimes/app/Views/template/index.php(14): view('office/report_s...')
#3 /home/wwwmand/public_html/pimes/system/View/View.php(246): include('/home/wwwmand/p...')
#4 /home/wwwmand/public_html/pimes/system/Common.php(1119): CodeIgniter\View\View->render('template/index', Array, true)
#5 /home/wwwmand/public_html/pimes/app/Controllers/Report_submission/Project_final_evaluation_report.php(257): view('template/index', Array)
#6 /home/wwwmand/public_html/pimes/system/CodeIgniter.php(918): App\Controllers\report_submission\project_final_evaluation_report->view('1')
#7 /home/wwwmand/public_html/pimes/system/CodeIgniter.php(404): CodeIgniter\CodeIgniter->runController(Object(App\Controllers\report_submission\project_final_evaluation_report))
#8 /home/wwwmand/public_html/pimes/system/CodeIgniter.php(312): CodeIgniter\CodeIgniter->handleRequest(NULL, Object(Config\Cache), false)
#9 /home/wwwmand/public_html/pimes/index.php(45): CodeIgniter\CodeIgniter->run()
#10 {main}
CRITICAL - 2021-04-07 08:35:42 --> Invalid file: office/report_submission/projects/\final_evaluation_report/view.php
#0 /home/wwwmand/public_html/pimes/system/View/View.php(228): CodeIgniter\Exceptions\FrameworkException::forInvalidFile('office/report_s...')
#1 /home/wwwmand/public_html/pimes/system/Common.php(1119): CodeIgniter\View\View->render('office/report_s...', Array, true)
#2 /home/wwwmand/public_html/pimes/app/Views/template/index.php(14): view('office/report_s...')
#3 /home/wwwmand/public_html/pimes/system/View/View.php(246): include('/home/wwwmand/p...')
#4 /home/wwwmand/public_html/pimes/system/Common.php(1119): CodeIgniter\View\View->render('template/index', Array, true)
#5 /home/wwwmand/public_html/pimes/app/Controllers/Report_submission/Project_final_evaluation_report.php(257): view('template/index', Array)
#6 /home/wwwmand/public_html/pimes/system/CodeIgniter.php(918): App\Controllers\report_submission\project_final_evaluation_report->view('1')
#7 /home/wwwmand/public_html/pimes/system/CodeIgniter.php(404): CodeIgniter\CodeIgniter->runController(Object(App\Controllers\report_submission\project_final_evaluation_report))
#8 /home/wwwmand/public_html/pimes/system/CodeIgniter.php(312): CodeIgniter\CodeIgniter->handleRequest(NULL, Object(Config\Cache), false)
#9 /home/wwwmand/public_html/pimes/index.php(45): CodeIgniter\CodeIgniter->run()
#10 {main}
CRITICAL - 2021-04-07 08:39:24 --> Invalid file: office/report_submission/projects/\final_evaluation_report/view.php
#0 /home/wwwmand/public_html/pimes/system/View/View.php(228): CodeIgniter\Exceptions\FrameworkException::forInvalidFile('office/report_s...')
#1 /home/wwwmand/public_html/pimes/system/Common.php(1119): CodeIgniter\View\View->render('office/report_s...', Array, true)
#2 /home/wwwmand/public_html/pimes/app/Views/template/index.php(14): view('office/report_s...')
#3 /home/wwwmand/public_html/pimes/system/View/View.php(246): include('/home/wwwmand/p...')
#4 /home/wwwmand/public_html/pimes/system/Common.php(1119): CodeIgniter\View\View->render('template/index', Array, true)
#5 /home/wwwmand/public_html/pimes/app/Controllers/Report_submission/Project_final_evaluation_report.php(257): view('template/index', Array)
#6 /home/wwwmand/public_html/pimes/system/CodeIgniter.php(918): App\Controllers\report_submission\project_final_evaluation_report->view('1')
#7 /home/wwwmand/public_html/pimes/system/CodeIgniter.php(404): CodeIgniter\CodeIgniter->runController(Object(App\Controllers\report_submission\project_final_evaluation_report))
#8 /home/wwwmand/public_html/pimes/system/CodeIgniter.php(312): CodeIgniter\CodeIgniter->handleRequest(NULL, Object(Config\Cache), false)
#9 /home/wwwmand/public_html/pimes/index.php(45): CodeIgniter\CodeIgniter->run()
#10 {main}
CRITICAL - 2021-04-07 08:39:26 --> Invalid file: office/report_submission/projects/\final_evaluation_report/view.php
#0 /home/wwwmand/public_html/pimes/system/View/View.php(228): CodeIgniter\Exceptions\FrameworkException::forInvalidFile('office/report_s...')
#1 /home/wwwmand/public_html/pimes/system/Common.php(1119): CodeIgniter\View\View->render('office/report_s...', Array, true)
#2 /home/wwwmand/public_html/pimes/app/Views/template/index.php(14): view('office/report_s...')
#3 /home/wwwmand/public_html/pimes/system/View/View.php(246): include('/home/wwwmand/p...')
#4 /home/wwwmand/public_html/pimes/system/Common.php(1119): CodeIgniter\View\View->render('template/index', Array, true)
#5 /home/wwwmand/public_html/pimes/app/Controllers/Report_submission/Project_final_evaluation_report.php(257): view('template/index', Array)
#6 /home/wwwmand/public_html/pimes/system/CodeIgniter.php(918): App\Controllers\report_submission\project_final_evaluation_report->view('1')
#7 /home/wwwmand/public_html/pimes/system/CodeIgniter.php(404): CodeIgniter\CodeIgniter->runController(Object(App\Controllers\report_submission\project_final_evaluation_report))
#8 /home/wwwmand/public_html/pimes/system/CodeIgniter.php(312): CodeIgniter\CodeIgniter->handleRequest(NULL, Object(Config\Cache), false)
#9 /home/wwwmand/public_html/pimes/index.php(45): CodeIgniter\CodeIgniter->run()
#10 {main}
CRITICAL - 2021-04-07 08:39:28 --> Invalid file: office/report_submission/projects/\final_evaluation_report/view.php
#0 /home/wwwmand/public_html/pimes/system/View/View.php(228): CodeIgniter\Exceptions\FrameworkException::forInvalidFile('office/report_s...')
#1 /home/wwwmand/public_html/pimes/system/Common.php(1119): CodeIgniter\View\View->render('office/report_s...', Array, true)
#2 /home/wwwmand/public_html/pimes/app/Views/template/index.php(14): view('office/report_s...')
#3 /home/wwwmand/public_html/pimes/system/View/View.php(246): include('/home/wwwmand/p...')
#4 /home/wwwmand/public_html/pimes/system/Common.php(1119): CodeIgniter\View\View->render('template/index', Array, true)
#5 /home/wwwmand/public_html/pimes/app/Controllers/Report_submission/Project_final_evaluation_report.php(257): view('template/index', Array)
#6 /home/wwwmand/public_html/pimes/system/CodeIgniter.php(918): App\Controllers\report_submission\project_final_evaluation_report->view('1')
#7 /home/wwwmand/public_html/pimes/system/CodeIgniter.php(404): CodeIgniter\CodeIgniter->runController(Object(App\Controllers\report_submission\project_final_evaluation_report))
#8 /home/wwwmand/public_html/pimes/system/CodeIgniter.php(312): CodeIgniter\CodeIgniter->handleRequest(NULL, Object(Config\Cache), false)
#9 /home/wwwmand/public_html/pimes/index.php(45): CodeIgniter\CodeIgniter->run()
#10 {main}
CRITICAL - 2021-04-07 08:39:34 --> Invalid file: office/report_submission/projects/\final_evaluation_report/view.php
#0 /home/wwwmand/public_html/pimes/system/View/View.php(228): CodeIgniter\Exceptions\FrameworkException::forInvalidFile('office/report_s...')
#1 /home/wwwmand/public_html/pimes/system/Common.php(1119): CodeIgniter\View\View->render('office/report_s...', Array, true)
#2 /home/wwwmand/public_html/pimes/app/Views/template/index.php(14): view('office/report_s...')
#3 /home/wwwmand/public_html/pimes/system/View/View.php(246): include('/home/wwwmand/p...')
#4 /home/wwwmand/public_html/pimes/system/Common.php(1119): CodeIgniter\View\View->render('template/index', Array, true)
#5 /home/wwwmand/public_html/pimes/app/Controllers/Report_submission/Project_final_evaluation_report.php(257): view('template/index', Array)
#6 /home/wwwmand/public_html/pimes/system/CodeIgniter.php(918): App\Controllers\report_submission\project_final_evaluation_report->view('1')
#7 /home/wwwmand/public_html/pimes/system/CodeIgniter.php(404): CodeIgniter\CodeIgniter->runController(Object(App\Controllers\report_submission\project_final_evaluation_report))
#8 /home/wwwmand/public_html/pimes/system/CodeIgniter.php(312): CodeIgniter\CodeIgniter->handleRequest(NULL, Object(Config\Cache), false)
#9 /home/wwwmand/public_html/pimes/index.php(45): CodeIgniter\CodeIgniter->run()
#10 {main}
CRITICAL - 2021-04-07 08:40:01 --> Invalid file: office/report_submission/projects/\final_evaluation_report/view.php
#0 /home/wwwmand/public_html/pimes/system/View/View.php(228): CodeIgniter\Exceptions\FrameworkException::forInvalidFile('office/report_s...')
#1 /home/wwwmand/public_html/pimes/system/Common.php(1119): CodeIgniter\View\View->render('office/report_s...', Array, true)
#2 /home/wwwmand/public_html/pimes/app/Views/template/index.php(14): view('office/report_s...')
#3 /home/wwwmand/public_html/pimes/system/View/View.php(246): include('/home/wwwmand/p...')
#4 /home/wwwmand/public_html/pimes/system/Common.php(1119): CodeIgniter\View\View->render('template/index', Array, true)
#5 /home/wwwmand/public_html/pimes/app/Controllers/Report_submission/Project_final_evaluation_report.php(257): view('template/index', Array)
#6 /home/wwwmand/public_html/pimes/system/CodeIgniter.php(918): App\Controllers\report_submission\project_final_evaluation_report->view('1')
#7 /home/wwwmand/public_html/pimes/system/CodeIgniter.php(404): CodeIgniter\CodeIgniter->runController(Object(App\Controllers\report_submission\project_final_evaluation_report))
#8 /home/wwwmand/public_html/pimes/system/CodeIgniter.php(312): CodeIgniter\CodeIgniter->handleRequest(NULL, Object(Config\Cache), false)
#9 /home/wwwmand/public_html/pimes/index.php(45): CodeIgniter\CodeIgniter->run()
#10 {main}
