CRITICAL - 2021-07-23 02:26:33 --> Unknown column 'flag' in 'where clause'
#0 E:\www\FAWE\system\Database\MySQLi\Connection.php(331): mysqli->query('SELECT *\nFROM `...')
#1 E:\www\FAWE\system\Database\BaseConnection.php(741): CodeIgniter\Database\MySQLi\Connection->execute('SELECT *\nFROM `...')
#2 E:\www\FAWE\system\Database\BaseConnection.php(669): CodeIgniter\Database\BaseConnection->simpleQuery('SELECT *\nFROM `...')
#3 E:\www\FAWE\system\Database\BaseBuilder.php(1860): CodeIgniter\Database\BaseConnection->query('SELECT *\nFROM `...', Array, false)
#4 E:\www\FAWE\system\Common.php(1187): CodeIgniter\Database\BaseBuilder->get()
#5 E:\www\FAWE\app\Controllers\User_management\User_rights.php(139): get_by_id('group_id', '16', 'ctbl_sub_viewle...')
#6 E:\www\FAWE\system\CodeIgniter.php(918): App\Controllers\user_management\user_rights->edit('16')
#7 E:\www\FAWE\system\CodeIgniter.php(404): CodeIgniter\CodeIgniter->runController(Object(App\Controllers\user_management\user_rights))
#8 E:\www\FAWE\system\CodeIgniter.php(312): CodeIgniter\CodeIgniter->handleRequest(NULL, Object(Config\Cache), false)
#9 E:\www\FAWE\index.php(45): CodeIgniter\CodeIgniter->run()
#10 {main}
CRITICAL - 2021-07-23 02:27:01 --> Unknown column 'flag' in 'where clause'
#0 E:\www\FAWE\system\Database\MySQLi\Connection.php(331): mysqli->query('SELECT *\nFROM `...')
#1 E:\www\FAWE\system\Database\BaseConnection.php(741): CodeIgniter\Database\MySQLi\Connection->execute('SELECT *\nFROM `...')
#2 E:\www\FAWE\system\Database\BaseConnection.php(669): CodeIgniter\Database\BaseConnection->simpleQuery('SELECT *\nFROM `...')
#3 E:\www\FAWE\system\Database\BaseBuilder.php(1860): CodeIgniter\Database\BaseConnection->query('SELECT *\nFROM `...', Array, false)
#4 E:\www\FAWE\system\Common.php(1187): CodeIgniter\Database\BaseBuilder->get()
#5 E:\www\FAWE\app\Controllers\User_management\User_rights.php(139): get_by_id('group_id', '16', 'ctbl_sub_viewle...')
#6 E:\www\FAWE\system\CodeIgniter.php(918): App\Controllers\user_management\user_rights->edit('16')
#7 E:\www\FAWE\system\CodeIgniter.php(404): CodeIgniter\CodeIgniter->runController(Object(App\Controllers\user_management\user_rights))
#8 E:\www\FAWE\system\CodeIgniter.php(312): CodeIgniter\CodeIgniter->handleRequest(NULL, Object(Config\Cache), false)
#9 E:\www\FAWE\index.php(45): CodeIgniter\CodeIgniter->run()
#10 {main}
CRITICAL - 2021-07-23 02:29:52 --> Unknown column 'flag' in 'where clause'
#0 E:\www\FAWE\system\Database\MySQLi\Connection.php(331): mysqli->query('SELECT *\nFROM `...')
#1 E:\www\FAWE\system\Database\BaseConnection.php(741): CodeIgniter\Database\MySQLi\Connection->execute('SELECT *\nFROM `...')
#2 E:\www\FAWE\system\Database\BaseConnection.php(669): CodeIgniter\Database\BaseConnection->simpleQuery('SELECT *\nFROM `...')
#3 E:\www\FAWE\system\Database\BaseBuilder.php(1860): CodeIgniter\Database\BaseConnection->query('SELECT *\nFROM `...', Array, false)
#4 E:\www\FAWE\system\Common.php(1187): CodeIgniter\Database\BaseBuilder->get()
#5 E:\www\FAWE\app\Controllers\User_management\User_rights.php(139): get_by_id('group_id', '16', 'ctbl_sub_viewle...')
#6 E:\www\FAWE\system\CodeIgniter.php(918): App\Controllers\user_management\user_rights->edit('16')
#7 E:\www\FAWE\system\CodeIgniter.php(404): CodeIgniter\CodeIgniter->runController(Object(App\Controllers\user_management\user_rights))
#8 E:\www\FAWE\system\CodeIgniter.php(312): CodeIgniter\CodeIgniter->handleRequest(NULL, Object(Config\Cache), false)
#9 E:\www\FAWE\index.php(45): CodeIgniter\CodeIgniter->run()
#10 {main}
CRITICAL - 2021-07-23 02:29:56 --> Unknown column 'flag' in 'where clause'
#0 E:\www\FAWE\system\Database\MySQLi\Connection.php(331): mysqli->query('SELECT *\nFROM `...')
#1 E:\www\FAWE\system\Database\BaseConnection.php(741): CodeIgniter\Database\MySQLi\Connection->execute('SELECT *\nFROM `...')
#2 E:\www\FAWE\system\Database\BaseConnection.php(669): CodeIgniter\Database\BaseConnection->simpleQuery('SELECT *\nFROM `...')
#3 E:\www\FAWE\system\Database\BaseBuilder.php(1860): CodeIgniter\Database\BaseConnection->query('SELECT *\nFROM `...', Array, false)
#4 E:\www\FAWE\system\Common.php(1187): CodeIgniter\Database\BaseBuilder->get()
#5 E:\www\FAWE\app\Controllers\User_management\User_rights.php(139): get_by_id('group_id', '16', 'ctbl_sub_viewle...')
#6 E:\www\FAWE\system\CodeIgniter.php(918): App\Controllers\user_management\user_rights->edit('16')
#7 E:\www\FAWE\system\CodeIgniter.php(404): CodeIgniter\CodeIgniter->runController(Object(App\Controllers\user_management\user_rights))
#8 E:\www\FAWE\system\CodeIgniter.php(312): CodeIgniter\CodeIgniter->handleRequest(NULL, Object(Config\Cache), false)
#9 E:\www\FAWE\index.php(45): CodeIgniter\CodeIgniter->run()
#10 {main}
CRITICAL - 2021-07-23 02:31:39 --> Unknown column 'flag' in 'where clause'
#0 E:\www\FAWE\system\Database\MySQLi\Connection.php(331): mysqli->query('SELECT *\nFROM `...')
#1 E:\www\FAWE\system\Database\BaseConnection.php(741): CodeIgniter\Database\MySQLi\Connection->execute('SELECT *\nFROM `...')
#2 E:\www\FAWE\system\Database\BaseConnection.php(669): CodeIgniter\Database\BaseConnection->simpleQuery('SELECT *\nFROM `...')
#3 E:\www\FAWE\system\Database\BaseBuilder.php(1860): CodeIgniter\Database\BaseConnection->query('SELECT *\nFROM `...', Array, false)
#4 E:\www\FAWE\system\Common.php(1187): CodeIgniter\Database\BaseBuilder->get()
#5 E:\www\FAWE\app\Controllers\User_management\User_rights.php(139): get_by_id('group_id', '16', 'ctbl_sub_viewle...')
#6 E:\www\FAWE\system\CodeIgniter.php(918): App\Controllers\user_management\user_rights->edit('16')
#7 E:\www\FAWE\system\CodeIgniter.php(404): CodeIgniter\CodeIgniter->runController(Object(App\Controllers\user_management\user_rights))
#8 E:\www\FAWE\system\CodeIgniter.php(312): CodeIgniter\CodeIgniter->handleRequest(NULL, Object(Config\Cache), false)
#9 E:\www\FAWE\index.php(45): CodeIgniter\CodeIgniter->run()
#10 {main}
CRITICAL - 2021-07-23 02:31:51 --> Unknown column 'flag' in 'where clause'
#0 E:\www\FAWE\system\Database\MySQLi\Connection.php(331): mysqli->query('SELECT *\nFROM `...')
#1 E:\www\FAWE\system\Database\BaseConnection.php(741): CodeIgniter\Database\MySQLi\Connection->execute('SELECT *\nFROM `...')
#2 E:\www\FAWE\system\Database\BaseConnection.php(669): CodeIgniter\Database\BaseConnection->simpleQuery('SELECT *\nFROM `...')
#3 E:\www\FAWE\system\Database\BaseBuilder.php(1860): CodeIgniter\Database\BaseConnection->query('SELECT *\nFROM `...', Array, false)
#4 E:\www\FAWE\system\Common.php(1187): CodeIgniter\Database\BaseBuilder->get()
#5 E:\www\FAWE\app\Controllers\User_management\User_rights.php(139): get_by_id('group_id', '16', 'ctbl_sub_viewle...')
#6 E:\www\FAWE\system\CodeIgniter.php(918): App\Controllers\user_management\user_rights->edit('16')
#7 E:\www\FAWE\system\CodeIgniter.php(404): CodeIgniter\CodeIgniter->runController(Object(App\Controllers\user_management\user_rights))
#8 E:\www\FAWE\system\CodeIgniter.php(312): CodeIgniter\CodeIgniter->handleRequest(NULL, Object(Config\Cache), false)
#9 E:\www\FAWE\index.php(45): CodeIgniter\CodeIgniter->run()
#10 {main}
CRITICAL - 2021-07-23 02:33:15 --> Unknown column 'flag' in 'where clause'
#0 E:\www\FAWE\system\Database\MySQLi\Connection.php(331): mysqli->query('SELECT *\nFROM `...')
#1 E:\www\FAWE\system\Database\BaseConnection.php(741): CodeIgniter\Database\MySQLi\Connection->execute('SELECT *\nFROM `...')
#2 E:\www\FAWE\system\Database\BaseConnection.php(669): CodeIgniter\Database\BaseConnection->simpleQuery('SELECT *\nFROM `...')
#3 E:\www\FAWE\system\Database\BaseBuilder.php(1860): CodeIgniter\Database\BaseConnection->query('SELECT *\nFROM `...', Array, false)
#4 E:\www\FAWE\system\Common.php(1187): CodeIgniter\Database\BaseBuilder->get()
#5 E:\www\FAWE\app\Controllers\User_management\User_rights.php(139): get_by_id('group_id', '16', 'ctbl_sub_viewle...')
#6 E:\www\FAWE\system\CodeIgniter.php(918): App\Controllers\user_management\user_rights->edit('16')
#7 E:\www\FAWE\system\CodeIgniter.php(404): CodeIgniter\CodeIgniter->runController(Object(App\Controllers\user_management\user_rights))
#8 E:\www\FAWE\system\CodeIgniter.php(312): CodeIgniter\CodeIgniter->handleRequest(NULL, Object(Config\Cache), false)
#9 E:\www\FAWE\index.php(45): CodeIgniter\CodeIgniter->run()
#10 {main}
CRITICAL - 2021-07-23 02:33:41 --> Unknown column 'flag' in 'where clause'
#0 E:\www\FAWE\system\Database\MySQLi\Connection.php(331): mysqli->query('SELECT *\nFROM `...')
#1 E:\www\FAWE\system\Database\BaseConnection.php(741): CodeIgniter\Database\MySQLi\Connection->execute('SELECT *\nFROM `...')
#2 E:\www\FAWE\system\Database\BaseConnection.php(669): CodeIgniter\Database\BaseConnection->simpleQuery('SELECT *\nFROM `...')
#3 E:\www\FAWE\system\Database\BaseBuilder.php(1860): CodeIgniter\Database\BaseConnection->query('SELECT *\nFROM `...', Array, false)
#4 E:\www\FAWE\system\Common.php(1187): CodeIgniter\Database\BaseBuilder->get()
#5 E:\www\FAWE\app\Controllers\User_management\User_rights.php(139): get_by_id('group_id', '16', 'ctbl_sub_viewle...')
#6 E:\www\FAWE\system\CodeIgniter.php(918): App\Controllers\user_management\user_rights->edit('16')
#7 E:\www\FAWE\system\CodeIgniter.php(404): CodeIgniter\CodeIgniter->runController(Object(App\Controllers\user_management\user_rights))
#8 E:\www\FAWE\system\CodeIgniter.php(312): CodeIgniter\CodeIgniter->handleRequest(NULL, Object(Config\Cache), false)
#9 E:\www\FAWE\index.php(45): CodeIgniter\CodeIgniter->run()
#10 {main}
CRITICAL - 2021-07-23 02:33:46 --> Unknown column 'flag' in 'where clause'
#0 E:\www\FAWE\system\Database\MySQLi\Connection.php(331): mysqli->query('SELECT *\nFROM `...')
#1 E:\www\FAWE\system\Database\BaseConnection.php(741): CodeIgniter\Database\MySQLi\Connection->execute('SELECT *\nFROM `...')
#2 E:\www\FAWE\system\Database\BaseConnection.php(669): CodeIgniter\Database\BaseConnection->simpleQuery('SELECT *\nFROM `...')
#3 E:\www\FAWE\system\Database\BaseBuilder.php(1860): CodeIgniter\Database\BaseConnection->query('SELECT *\nFROM `...', Array, false)
#4 E:\www\FAWE\system\Common.php(1187): CodeIgniter\Database\BaseBuilder->get()
#5 E:\www\FAWE\app\Controllers\User_management\User_rights.php(139): get_by_id('group_id', '16', 'ctbl_sub_viewle...')
#6 E:\www\FAWE\system\CodeIgniter.php(918): App\Controllers\user_management\user_rights->edit('16')
#7 E:\www\FAWE\system\CodeIgniter.php(404): CodeIgniter\CodeIgniter->runController(Object(App\Controllers\user_management\user_rights))
#8 E:\www\FAWE\system\CodeIgniter.php(312): CodeIgniter\CodeIgniter->handleRequest(NULL, Object(Config\Cache), false)
#9 E:\www\FAWE\index.php(45): CodeIgniter\CodeIgniter->run()
#10 {main}
CRITICAL - 2021-07-23 02:36:03 --> Unknown column 'flag' in 'where clause'
#0 E:\www\FAWE\system\Database\MySQLi\Connection.php(331): mysqli->query('SELECT *\nFROM `...')
#1 E:\www\FAWE\system\Database\BaseConnection.php(741): CodeIgniter\Database\MySQLi\Connection->execute('SELECT *\nFROM `...')
#2 E:\www\FAWE\system\Database\BaseConnection.php(669): CodeIgniter\Database\BaseConnection->simpleQuery('SELECT *\nFROM `...')
#3 E:\www\FAWE\system\Database\BaseBuilder.php(1860): CodeIgniter\Database\BaseConnection->query('SELECT *\nFROM `...', Array, false)
#4 E:\www\FAWE\system\Common.php(1187): CodeIgniter\Database\BaseBuilder->get()
#5 E:\www\FAWE\app\Controllers\User_management\User_rights.php(139): get_by_id('group_id', '16', 'ctbl_sub_viewle...')
#6 E:\www\FAWE\system\CodeIgniter.php(918): App\Controllers\user_management\user_rights->edit('16')
#7 E:\www\FAWE\system\CodeIgniter.php(404): CodeIgniter\CodeIgniter->runController(Object(App\Controllers\user_management\user_rights))
#8 E:\www\FAWE\system\CodeIgniter.php(312): CodeIgniter\CodeIgniter->handleRequest(NULL, Object(Config\Cache), false)
#9 E:\www\FAWE\index.php(45): CodeIgniter\CodeIgniter->run()
#10 {main}
CRITICAL - 2021-07-23 02:36:11 --> Class 'App\Models\project\Implementing_partner_Model' not found
#0 E:\www\FAWE\system\CodeIgniter.php(918): App\Controllers\user_management\Users->edit('15')
#1 E:\www\FAWE\system\CodeIgniter.php(404): CodeIgniter\CodeIgniter->runController(Object(App\Controllers\user_management\Users))
#2 E:\www\FAWE\system\CodeIgniter.php(312): CodeIgniter\CodeIgniter->handleRequest(NULL, Object(Config\Cache), false)
#3 E:\www\FAWE\index.php(45): CodeIgniter\CodeIgniter->run()
#4 {main}
CRITICAL - 2021-07-23 02:36:36 --> Table 'FAWE.mas_structure' doesn't exist
#0 E:\www\FAWE\system\Database\MySQLi\Connection.php(331): mysqli->query('SELECT 1\nFROM `...')
#1 E:\www\FAWE\system\Database\BaseConnection.php(741): CodeIgniter\Database\MySQLi\Connection->execute('SELECT 1\nFROM `...')
#2 E:\www\FAWE\system\Database\BaseConnection.php(669): CodeIgniter\Database\BaseConnection->simpleQuery('SELECT 1\nFROM `...')
#3 E:\www\FAWE\system\Database\BaseBuilder.php(1860): CodeIgniter\Database\BaseConnection->query('SELECT 1\nFROM `...', Array, false)
#4 E:\www\FAWE\system\Validation\Rules.php(240): CodeIgniter\Database\BaseBuilder->get()
#5 E:\www\FAWE\system\Validation\Validation.php(325): CodeIgniter\Validation\Rules->is_unique('Chief of Party', 'name', Array, NULL)
#6 E:\www\FAWE\system\Validation\Validation.php(189): CodeIgniter\Validation\Validation->processRules('name', 'name', 'Chief of Party', Array, Array)
#7 E:\www\FAWE\app\Controllers\User_management\User_roles.php(220): CodeIgniter\Validation\Validation->run()
#8 E:\www\FAWE\system\CodeIgniter.php(918): App\Controllers\user_management\user_roles->edit()
#9 E:\www\FAWE\system\CodeIgniter.php(404): CodeIgniter\CodeIgniter->runController(Object(App\Controllers\user_management\user_roles))
#10 E:\www\FAWE\system\CodeIgniter.php(312): CodeIgniter\CodeIgniter->handleRequest(NULL, Object(Config\Cache), false)
#11 E:\www\FAWE\index.php(45): CodeIgniter\CodeIgniter->run()
#12 {main}
CRITICAL - 2021-07-23 02:36:56 --> Table 'FAWE.mas_structure' doesn't exist
#0 E:\www\FAWE\system\Database\MySQLi\Connection.php(331): mysqli->query('SELECT 1\nFROM `...')
#1 E:\www\FAWE\system\Database\BaseConnection.php(741): CodeIgniter\Database\MySQLi\Connection->execute('SELECT 1\nFROM `...')
#2 E:\www\FAWE\system\Database\BaseConnection.php(669): CodeIgniter\Database\BaseConnection->simpleQuery('SELECT 1\nFROM `...')
#3 E:\www\FAWE\system\Database\BaseBuilder.php(1860): CodeIgniter\Database\BaseConnection->query('SELECT 1\nFROM `...', Array, false)
#4 E:\www\FAWE\system\Validation\Rules.php(240): CodeIgniter\Database\BaseBuilder->get()
#5 E:\www\FAWE\system\Validation\Validation.php(325): CodeIgniter\Validation\Rules->is_unique('Chief of Party', 'name', Array, NULL)
#6 E:\www\FAWE\system\Validation\Validation.php(189): CodeIgniter\Validation\Validation->processRules('name', 'name', 'Chief of Party', Array, Array)
#7 E:\www\FAWE\app\Controllers\User_management\User_roles.php(220): CodeIgniter\Validation\Validation->run()
#8 E:\www\FAWE\system\CodeIgniter.php(918): App\Controllers\user_management\user_roles->edit()
#9 E:\www\FAWE\system\CodeIgniter.php(404): CodeIgniter\CodeIgniter->runController(Object(App\Controllers\user_management\user_roles))
#10 E:\www\FAWE\system\CodeIgniter.php(312): CodeIgniter\CodeIgniter->handleRequest(NULL, Object(Config\Cache), false)
#11 E:\www\FAWE\index.php(45): CodeIgniter\CodeIgniter->run()
#12 {main}
CRITICAL - 2021-07-23 02:38:05 --> Table 'FAWE.mas_structure' doesn't exist
#0 E:\www\FAWE\system\Database\MySQLi\Connection.php(331): mysqli->query('SELECT 1\nFROM `...')
#1 E:\www\FAWE\system\Database\BaseConnection.php(741): CodeIgniter\Database\MySQLi\Connection->execute('SELECT 1\nFROM `...')
#2 E:\www\FAWE\system\Database\BaseConnection.php(669): CodeIgniter\Database\BaseConnection->simpleQuery('SELECT 1\nFROM `...')
#3 E:\www\FAWE\system\Database\BaseBuilder.php(1860): CodeIgniter\Database\BaseConnection->query('SELECT 1\nFROM `...', Array, false)
#4 E:\www\FAWE\system\Validation\Rules.php(240): CodeIgniter\Database\BaseBuilder->get()
#5 E:\www\FAWE\system\Validation\Validation.php(325): CodeIgniter\Validation\Rules->is_unique('Chief of Party', 'name', Array, NULL)
#6 E:\www\FAWE\system\Validation\Validation.php(189): CodeIgniter\Validation\Validation->processRules('name', 'name', 'Chief of Party', Array, Array)
#7 E:\www\FAWE\app\Controllers\User_management\User_roles.php(220): CodeIgniter\Validation\Validation->run()
#8 E:\www\FAWE\system\CodeIgniter.php(918): App\Controllers\user_management\user_roles->edit()
#9 E:\www\FAWE\system\CodeIgniter.php(404): CodeIgniter\CodeIgniter->runController(Object(App\Controllers\user_management\user_roles))
#10 E:\www\FAWE\system\CodeIgniter.php(312): CodeIgniter\CodeIgniter->handleRequest(NULL, Object(Config\Cache), false)
#11 E:\www\FAWE\index.php(45): CodeIgniter\CodeIgniter->run()
#12 {main}
CRITICAL - 2021-07-23 02:44:41 --> Class 'App\Models\project\Implementing_partner_Model' not found
#0 E:\www\FAWE\system\CodeIgniter.php(918): App\Controllers\user_management\Users->edit('15')
#1 E:\www\FAWE\system\CodeIgniter.php(404): CodeIgniter\CodeIgniter->runController(Object(App\Controllers\user_management\Users))
#2 E:\www\FAWE\system\CodeIgniter.php(312): CodeIgniter\CodeIgniter->handleRequest(NULL, Object(Config\Cache), false)
#3 E:\www\FAWE\index.php(45): CodeIgniter\CodeIgniter->run()
#4 {main}
CRITICAL - 2021-07-23 02:45:22 --> Class 'App\Models\project\Implementing_partner_Model' not found
#0 E:\www\FAWE\system\CodeIgniter.php(918): App\Controllers\user_management\Users->edit('15')
#1 E:\www\FAWE\system\CodeIgniter.php(404): CodeIgniter\CodeIgniter->runController(Object(App\Controllers\user_management\Users))
#2 E:\www\FAWE\system\CodeIgniter.php(312): CodeIgniter\CodeIgniter->handleRequest(NULL, Object(Config\Cache), false)
#3 E:\www\FAWE\index.php(45): CodeIgniter\CodeIgniter->run()
#4 {main}
CRITICAL - 2021-07-23 02:45:38 --> Class 'App\Models\project\Implementing_partner_Model' not found
#0 E:\www\FAWE\system\CodeIgniter.php(918): App\Controllers\user_management\Users->edit('15')
#1 E:\www\FAWE\system\CodeIgniter.php(404): CodeIgniter\CodeIgniter->runController(Object(App\Controllers\user_management\Users))
#2 E:\www\FAWE\system\CodeIgniter.php(312): CodeIgniter\CodeIgniter->handleRequest(NULL, Object(Config\Cache), false)
#3 E:\www\FAWE\index.php(45): CodeIgniter\CodeIgniter->run()
#4 {main}
CRITICAL - 2021-07-23 02:45:41 --> Class 'App\Models\project\Implementing_partner_Model' not found
#0 E:\www\FAWE\system\CodeIgniter.php(918): App\Controllers\user_management\Users->edit('15')
#1 E:\www\FAWE\system\CodeIgniter.php(404): CodeIgniter\CodeIgniter->runController(Object(App\Controllers\user_management\Users))
#2 E:\www\FAWE\system\CodeIgniter.php(312): CodeIgniter\CodeIgniter->handleRequest(NULL, Object(Config\Cache), false)
#3 E:\www\FAWE\index.php(45): CodeIgniter\CodeIgniter->run()
#4 {main}
CRITICAL - 2021-07-23 02:45:48 --> Class 'App\Models\project\Implementing_partner_Model' not found
#0 E:\www\FAWE\system\CodeIgniter.php(918): App\Controllers\user_management\Users->edit('15')
#1 E:\www\FAWE\system\CodeIgniter.php(404): CodeIgniter\CodeIgniter->runController(Object(App\Controllers\user_management\Users))
#2 E:\www\FAWE\system\CodeIgniter.php(312): CodeIgniter\CodeIgniter->handleRequest(NULL, Object(Config\Cache), false)
#3 E:\www\FAWE\index.php(45): CodeIgniter\CodeIgniter->run()
#4 {main}
CRITICAL - 2021-07-23 02:47:23 --> Table 'FAWE.mas_structure' doesn't exist
#0 E:\www\FAWE\system\Database\MySQLi\Connection.php(331): mysqli->query('SELECT 1\nFROM `...')
#1 E:\www\FAWE\system\Database\BaseConnection.php(741): CodeIgniter\Database\MySQLi\Connection->execute('SELECT 1\nFROM `...')
#2 E:\www\FAWE\system\Database\BaseConnection.php(669): CodeIgniter\Database\BaseConnection->simpleQuery('SELECT 1\nFROM `...')
#3 E:\www\FAWE\system\Database\BaseBuilder.php(1860): CodeIgniter\Database\BaseConnection->query('SELECT 1\nFROM `...', Array, false)
#4 E:\www\FAWE\system\Validation\Rules.php(240): CodeIgniter\Database\BaseBuilder->get()
#5 E:\www\FAWE\system\Validation\Validation.php(325): CodeIgniter\Validation\Rules->is_unique('Chief of Party', 'name', Array, NULL)
#6 E:\www\FAWE\system\Validation\Validation.php(189): CodeIgniter\Validation\Validation->processRules('name', 'name', 'Chief of Party', Array, Array)
#7 E:\www\FAWE\app\Controllers\User_management\User_roles.php(220): CodeIgniter\Validation\Validation->run()
#8 E:\www\FAWE\system\CodeIgniter.php(918): App\Controllers\user_management\user_roles->edit()
#9 E:\www\FAWE\system\CodeIgniter.php(404): CodeIgniter\CodeIgniter->runController(Object(App\Controllers\user_management\user_roles))
#10 E:\www\FAWE\system\CodeIgniter.php(312): CodeIgniter\CodeIgniter->handleRequest(NULL, Object(Config\Cache), false)
#11 E:\www\FAWE\index.php(45): CodeIgniter\CodeIgniter->run()
#12 {main}
CRITICAL - 2021-07-23 02:49:44 --> Unknown column 'flag' in 'where clause'
#0 E:\www\FAWE\system\Database\MySQLi\Connection.php(331): mysqli->query('SELECT *\nFROM `...')
#1 E:\www\FAWE\system\Database\BaseConnection.php(741): CodeIgniter\Database\MySQLi\Connection->execute('SELECT *\nFROM `...')
#2 E:\www\FAWE\system\Database\BaseConnection.php(669): CodeIgniter\Database\BaseConnection->simpleQuery('SELECT *\nFROM `...')
#3 E:\www\FAWE\system\Database\BaseBuilder.php(1860): CodeIgniter\Database\BaseConnection->query('SELECT *\nFROM `...', Array, false)
#4 E:\www\FAWE\system\Common.php(1187): CodeIgniter\Database\BaseBuilder->get()
#5 E:\www\FAWE\app\Controllers\User_management\User_rights.php(139): get_by_id('group_id', '16', 'ctbl_sub_viewle...')
#6 E:\www\FAWE\system\CodeIgniter.php(918): App\Controllers\user_management\user_rights->edit('16')
#7 E:\www\FAWE\system\CodeIgniter.php(404): CodeIgniter\CodeIgniter->runController(Object(App\Controllers\user_management\user_rights))
#8 E:\www\FAWE\system\CodeIgniter.php(312): CodeIgniter\CodeIgniter->handleRequest(NULL, Object(Config\Cache), false)
#9 E:\www\FAWE\index.php(45): CodeIgniter\CodeIgniter->run()
#10 {main}
CRITICAL - 2021-07-23 02:49:52 --> Class 'App\Models\project\Implementing_partner_Model' not found
#0 E:\www\FAWE\system\CodeIgniter.php(918): App\Controllers\user_management\Users->edit('15')
#1 E:\www\FAWE\system\CodeIgniter.php(404): CodeIgniter\CodeIgniter->runController(Object(App\Controllers\user_management\Users))
#2 E:\www\FAWE\system\CodeIgniter.php(312): CodeIgniter\CodeIgniter->handleRequest(NULL, Object(Config\Cache), false)
#3 E:\www\FAWE\index.php(45): CodeIgniter\CodeIgniter->run()
#4 {main}
CRITICAL - 2021-07-23 02:51:24 --> Class 'App\Models\project\Implementing_partner_Model' not found
#0 E:\www\FAWE\system\CodeIgniter.php(918): App\Controllers\user_management\Users->edit('15')
#1 E:\www\FAWE\system\CodeIgniter.php(404): CodeIgniter\CodeIgniter->runController(Object(App\Controllers\user_management\Users))
#2 E:\www\FAWE\system\CodeIgniter.php(312): CodeIgniter\CodeIgniter->handleRequest(NULL, Object(Config\Cache), false)
#3 E:\www\FAWE\index.php(45): CodeIgniter\CodeIgniter->run()
#4 {main}
CRITICAL - 2021-07-23 02:51:31 --> Class 'App\Models\project\Implementing_partner_Model' not found
#0 E:\www\FAWE\system\CodeIgniter.php(918): App\Controllers\user_management\Users->edit('16')
#1 E:\www\FAWE\system\CodeIgniter.php(404): CodeIgniter\CodeIgniter->runController(Object(App\Controllers\user_management\Users))
#2 E:\www\FAWE\system\CodeIgniter.php(312): CodeIgniter\CodeIgniter->handleRequest(NULL, Object(Config\Cache), false)
#3 E:\www\FAWE\index.php(45): CodeIgniter\CodeIgniter->run()
#4 {main}
CRITICAL - 2021-07-23 02:56:30 --> Undefined variable: ministry
#0 E:\www\FAWE\app\Views\office\user_management\users\edit.php(104): CodeIgniter\Debug\Exceptions->errorHandler(8, 'Undefined varia...', 'E:\\www\\FAWE\\ap...', 104, Array)
#1 E:\www\FAWE\system\View\View.php(246): include('E:\\www\\FAWE\\ap...')
#2 E:\www\FAWE\system\Common.php(1119): CodeIgniter\View\View->render('office/user_man...', Array, true)
#3 E:\www\FAWE\app\Views\template\index.php(14): view('office/user_man...')
#4 E:\www\FAWE\system\View\View.php(246): include('E:\\www\\FAWE\\ap...')
#5 E:\www\FAWE\system\Common.php(1119): CodeIgniter\View\View->render('template/index', Array, true)
#6 E:\www\FAWE\app\Controllers\User_management\Users.php(323): view('template/index', Array)
#7 E:\www\FAWE\system\CodeIgniter.php(918): App\Controllers\user_management\Users->edit('15')
#8 E:\www\FAWE\system\CodeIgniter.php(404): CodeIgniter\CodeIgniter->runController(Object(App\Controllers\user_management\Users))
#9 E:\www\FAWE\system\CodeIgniter.php(312): CodeIgniter\CodeIgniter->handleRequest(NULL, Object(Config\Cache), false)
#10 E:\www\FAWE\index.php(45): CodeIgniter\CodeIgniter->run()
#11 {main}
CRITICAL - 2021-07-23 02:56:30 --> Undefined variable: ministry
#0 E:\www\FAWE\app\Views\office\user_management\users\edit.php(104): CodeIgniter\Debug\Exceptions->errorHandler(8, 'Undefined varia...', 'E:\\www\\FAWE\\ap...', 104, Array)
#1 E:\www\FAWE\system\View\View.php(246): include('E:\\www\\FAWE\\ap...')
#2 E:\www\FAWE\system\Common.php(1119): CodeIgniter\View\View->render('office/user_man...', Array, true)
#3 E:\www\FAWE\app\Views\template\index.php(14): view('office/user_man...')
#4 E:\www\FAWE\system\View\View.php(246): include('E:\\www\\FAWE\\ap...')
#5 E:\www\FAWE\system\Common.php(1119): CodeIgniter\View\View->render('template/index', Array, true)
#6 E:\www\FAWE\app\Controllers\User_management\Users.php(323): view('template/index', Array)
#7 E:\www\FAWE\system\CodeIgniter.php(918): App\Controllers\user_management\Users->edit('15')
#8 E:\www\FAWE\system\CodeIgniter.php(404): CodeIgniter\CodeIgniter->runController(Object(App\Controllers\user_management\Users))
#9 E:\www\FAWE\system\CodeIgniter.php(312): CodeIgniter\CodeIgniter->handleRequest(NULL, Object(Config\Cache), false)
#10 E:\www\FAWE\index.php(45): CodeIgniter\CodeIgniter->run()
#11 {main}
CRITICAL - 2021-07-23 02:56:44 --> Class 'App\Models\project\Implementing_partner_Model' not found
#0 E:\www\FAWE\system\CodeIgniter.php(918): App\Controllers\user_management\Users->edit('15')
#1 E:\www\FAWE\system\CodeIgniter.php(404): CodeIgniter\CodeIgniter->runController(Object(App\Controllers\user_management\Users))
#2 E:\www\FAWE\system\CodeIgniter.php(312): CodeIgniter\CodeIgniter->handleRequest(NULL, Object(Config\Cache), false)
#3 E:\www\FAWE\index.php(45): CodeIgniter\CodeIgniter->run()
#4 {main}
CRITICAL - 2021-07-23 02:58:31 --> Class 'App\Models\project\Implementing_partner_Model' not found
#0 E:\www\FAWE\system\CodeIgniter.php(918): App\Controllers\user_management\Users->edit('15')
#1 E:\www\FAWE\system\CodeIgniter.php(404): CodeIgniter\CodeIgniter->runController(Object(App\Controllers\user_management\Users))
#2 E:\www\FAWE\system\CodeIgniter.php(312): CodeIgniter\CodeIgniter->handleRequest(NULL, Object(Config\Cache), false)
#3 E:\www\FAWE\index.php(45): CodeIgniter\CodeIgniter->run()
#4 {main}
CRITICAL - 2021-07-23 02:58:58 --> Unknown column 'flag' in 'where clause'
#0 E:\www\FAWE\system\Database\MySQLi\Connection.php(331): mysqli->query('SELECT *\nFROM `...')
#1 E:\www\FAWE\system\Database\BaseConnection.php(741): CodeIgniter\Database\MySQLi\Connection->execute('SELECT *\nFROM `...')
#2 E:\www\FAWE\system\Database\BaseConnection.php(669): CodeIgniter\Database\BaseConnection->simpleQuery('SELECT *\nFROM `...')
#3 E:\www\FAWE\system\Database\BaseBuilder.php(1860): CodeIgniter\Database\BaseConnection->query('SELECT *\nFROM `...', Array, false)
#4 E:\www\FAWE\system\Common.php(1187): CodeIgniter\Database\BaseBuilder->get()
#5 E:\www\FAWE\app\Controllers\User_management\User_rights.php(139): get_by_id('group_id', '20', 'ctbl_sub_viewle...')
#6 E:\www\FAWE\system\CodeIgniter.php(918): App\Controllers\user_management\user_rights->edit('20')
#7 E:\www\FAWE\system\CodeIgniter.php(404): CodeIgniter\CodeIgniter->runController(Object(App\Controllers\user_management\user_rights))
#8 E:\www\FAWE\system\CodeIgniter.php(312): CodeIgniter\CodeIgniter->handleRequest(NULL, Object(Config\Cache), false)
#9 E:\www\FAWE\index.php(45): CodeIgniter\CodeIgniter->run()
#10 {main}
CRITICAL - 2021-07-23 03:04:58 --> Unknown column 'flag' in 'where clause'
#0 E:\www\FAWE\system\Database\MySQLi\Connection.php(331): mysqli->query('SELECT *\nFROM `...')
#1 E:\www\FAWE\system\Database\BaseConnection.php(741): CodeIgniter\Database\MySQLi\Connection->execute('SELECT *\nFROM `...')
#2 E:\www\FAWE\system\Database\BaseConnection.php(669): CodeIgniter\Database\BaseConnection->simpleQuery('SELECT *\nFROM `...')
#3 E:\www\FAWE\system\Database\BaseBuilder.php(1860): CodeIgniter\Database\BaseConnection->query('SELECT *\nFROM `...', Array, false)
#4 E:\www\FAWE\system\Common.php(1187): CodeIgniter\Database\BaseBuilder->get()
#5 E:\www\FAWE\app\Controllers\User_management\User_rights.php(139): get_by_id('group_id', '16', 'ctbl_sub_viewle...')
#6 E:\www\FAWE\system\CodeIgniter.php(918): App\Controllers\user_management\user_rights->edit('16')
#7 E:\www\FAWE\system\CodeIgniter.php(404): CodeIgniter\CodeIgniter->runController(Object(App\Controllers\user_management\user_rights))
#8 E:\www\FAWE\system\CodeIgniter.php(312): CodeIgniter\CodeIgniter->handleRequest(NULL, Object(Config\Cache), false)
#9 E:\www\FAWE\index.php(45): CodeIgniter\CodeIgniter->run()
#10 {main}
CRITICAL - 2021-07-23 03:05:09 --> Class 'App\Models\project\Implementing_partner_Model' not found
#0 E:\www\FAWE\system\CodeIgniter.php(918): App\Controllers\user_management\Users->edit('15')
#1 E:\www\FAWE\system\CodeIgniter.php(404): CodeIgniter\CodeIgniter->runController(Object(App\Controllers\user_management\Users))
#2 E:\www\FAWE\system\CodeIgniter.php(312): CodeIgniter\CodeIgniter->handleRequest(NULL, Object(Config\Cache), false)
#3 E:\www\FAWE\index.php(45): CodeIgniter\CodeIgniter->run()
#4 {main}
CRITICAL - 2021-07-23 03:05:42 --> Class 'App\Models\project\Implementing_partner_Model' not found
#0 E:\www\FAWE\system\CodeIgniter.php(918): App\Controllers\user_management\Users->edit('16')
#1 E:\www\FAWE\system\CodeIgniter.php(404): CodeIgniter\CodeIgniter->runController(Object(App\Controllers\user_management\Users))
#2 E:\www\FAWE\system\CodeIgniter.php(312): CodeIgniter\CodeIgniter->handleRequest(NULL, Object(Config\Cache), false)
#3 E:\www\FAWE\index.php(45): CodeIgniter\CodeIgniter->run()
#4 {main}
CRITICAL - 2021-07-23 03:08:13 --> Unknown column 'flag' in 'where clause'
#0 E:\www\FAWE\system\Database\MySQLi\Connection.php(331): mysqli->query('SELECT *\nFROM `...')
#1 E:\www\FAWE\system\Database\BaseConnection.php(741): CodeIgniter\Database\MySQLi\Connection->execute('SELECT *\nFROM `...')
#2 E:\www\FAWE\system\Database\BaseConnection.php(669): CodeIgniter\Database\BaseConnection->simpleQuery('SELECT *\nFROM `...')
#3 E:\www\FAWE\system\Database\BaseBuilder.php(1860): CodeIgniter\Database\BaseConnection->query('SELECT *\nFROM `...', Array, false)
#4 E:\www\FAWE\system\Common.php(1187): CodeIgniter\Database\BaseBuilder->get()
#5 E:\www\FAWE\app\Controllers\User_management\User_rights.php(139): get_by_id('group_id', '18', 'ctbl_sub_viewle...')
#6 E:\www\FAWE\system\CodeIgniter.php(918): App\Controllers\user_management\user_rights->edit('18')
#7 E:\www\FAWE\system\CodeIgniter.php(404): CodeIgniter\CodeIgniter->runController(Object(App\Controllers\user_management\user_rights))
#8 E:\www\FAWE\system\CodeIgniter.php(312): CodeIgniter\CodeIgniter->handleRequest(NULL, Object(Config\Cache), false)
#9 E:\www\FAWE\index.php(45): CodeIgniter\CodeIgniter->run()
#10 {main}
CRITICAL - 2021-07-23 03:12:25 --> Table 'FAWE.mas_structure' doesn't exist
#0 E:\www\FAWE\system\Database\MySQLi\Connection.php(331): mysqli->query('SELECT 1\nFROM `...')
#1 E:\www\FAWE\system\Database\BaseConnection.php(741): CodeIgniter\Database\MySQLi\Connection->execute('SELECT 1\nFROM `...')
#2 E:\www\FAWE\system\Database\BaseConnection.php(669): CodeIgniter\Database\BaseConnection->simpleQuery('SELECT 1\nFROM `...')
#3 E:\www\FAWE\system\Database\BaseBuilder.php(1860): CodeIgniter\Database\BaseConnection->query('SELECT 1\nFROM `...', Array, false)
#4 E:\www\FAWE\system\Validation\Rules.php(240): CodeIgniter\Database\BaseBuilder->get()
#5 E:\www\FAWE\system\Validation\Validation.php(325): CodeIgniter\Validation\Rules->is_unique('Chief of Party', 'name', Array, NULL)
#6 E:\www\FAWE\system\Validation\Validation.php(189): CodeIgniter\Validation\Validation->processRules('name', 'name', 'Chief of Party', Array, Array)
#7 E:\www\FAWE\app\Controllers\User_management\User_roles.php(220): CodeIgniter\Validation\Validation->run()
#8 E:\www\FAWE\system\CodeIgniter.php(918): App\Controllers\user_management\user_roles->edit()
#9 E:\www\FAWE\system\CodeIgniter.php(404): CodeIgniter\CodeIgniter->runController(Object(App\Controllers\user_management\user_roles))
#10 E:\www\FAWE\system\CodeIgniter.php(312): CodeIgniter\CodeIgniter->handleRequest(NULL, Object(Config\Cache), false)
#11 E:\www\FAWE\index.php(45): CodeIgniter\CodeIgniter->run()
#12 {main}
CRITICAL - 2021-07-23 03:17:33 --> Unknown column 'flag' in 'where clause'
#0 E:\www\FAWE\system\Database\MySQLi\Connection.php(331): mysqli->query('SELECT *\nFROM `...')
#1 E:\www\FAWE\system\Database\BaseConnection.php(741): CodeIgniter\Database\MySQLi\Connection->execute('SELECT *\nFROM `...')
#2 E:\www\FAWE\system\Database\BaseConnection.php(669): CodeIgniter\Database\BaseConnection->simpleQuery('SELECT *\nFROM `...')
#3 E:\www\FAWE\system\Database\BaseBuilder.php(1860): CodeIgniter\Database\BaseConnection->query('SELECT *\nFROM `...', Array, false)
#4 E:\www\FAWE\system\Common.php(1187): CodeIgniter\Database\BaseBuilder->get()
#5 E:\www\FAWE\app\Controllers\User_management\User_rights.php(139): get_by_id('group_id', '16', 'ctbl_sub_viewle...')
#6 E:\www\FAWE\system\CodeIgniter.php(918): App\Controllers\user_management\user_rights->edit('16')
#7 E:\www\FAWE\system\CodeIgniter.php(404): CodeIgniter\CodeIgniter->runController(Object(App\Controllers\user_management\user_rights))
#8 E:\www\FAWE\system\CodeIgniter.php(312): CodeIgniter\CodeIgniter->handleRequest(NULL, Object(Config\Cache), false)
#9 E:\www\FAWE\index.php(45): CodeIgniter\CodeIgniter->run()
#10 {main}
CRITICAL - 2021-07-23 03:18:41 --> Unknown column 'flag' in 'where clause'
#0 E:\www\FAWE\system\Database\MySQLi\Connection.php(331): mysqli->query('SELECT *\nFROM `...')
#1 E:\www\FAWE\system\Database\BaseConnection.php(741): CodeIgniter\Database\MySQLi\Connection->execute('SELECT *\nFROM `...')
#2 E:\www\FAWE\system\Database\BaseConnection.php(669): CodeIgniter\Database\BaseConnection->simpleQuery('SELECT *\nFROM `...')
#3 E:\www\FAWE\system\Database\BaseBuilder.php(1860): CodeIgniter\Database\BaseConnection->query('SELECT *\nFROM `...', Array, false)
#4 E:\www\FAWE\system\Common.php(1187): CodeIgniter\Database\BaseBuilder->get()
#5 E:\www\FAWE\app\Controllers\User_management\User_rights.php(139): get_by_id('group_id', '16', 'ctbl_sub_viewle...')
#6 E:\www\FAWE\system\CodeIgniter.php(918): App\Controllers\user_management\user_rights->edit('16')
#7 E:\www\FAWE\system\CodeIgniter.php(404): CodeIgniter\CodeIgniter->runController(Object(App\Controllers\user_management\user_rights))
#8 E:\www\FAWE\system\CodeIgniter.php(312): CodeIgniter\CodeIgniter->handleRequest(NULL, Object(Config\Cache), false)
#9 E:\www\FAWE\index.php(45): CodeIgniter\CodeIgniter->run()
#10 {main}
CRITICAL - 2021-07-23 03:22:22 --> Unknown column 'flag' in 'where clause'
#0 E:\www\FAWE\system\Database\MySQLi\Connection.php(331): mysqli->query('SELECT *\nFROM `...')
#1 E:\www\FAWE\system\Database\BaseConnection.php(741): CodeIgniter\Database\MySQLi\Connection->execute('SELECT *\nFROM `...')
#2 E:\www\FAWE\system\Database\BaseConnection.php(669): CodeIgniter\Database\BaseConnection->simpleQuery('SELECT *\nFROM `...')
#3 E:\www\FAWE\system\Database\BaseBuilder.php(1860): CodeIgniter\Database\BaseConnection->query('SELECT *\nFROM `...', Array, false)
#4 E:\www\FAWE\system\Common.php(1187): CodeIgniter\Database\BaseBuilder->get()
#5 E:\www\FAWE\app\Controllers\User_management\User_rights.php(139): get_by_id('group_id', '16', 'ctbl_sub_viewle...')
#6 E:\www\FAWE\system\CodeIgniter.php(918): App\Controllers\user_management\user_rights->edit('16')
#7 E:\www\FAWE\system\CodeIgniter.php(404): CodeIgniter\CodeIgniter->runController(Object(App\Controllers\user_management\user_rights))
#8 E:\www\FAWE\system\CodeIgniter.php(312): CodeIgniter\CodeIgniter->handleRequest(NULL, Object(Config\Cache), false)
#9 E:\www\FAWE\index.php(45): CodeIgniter\CodeIgniter->run()
#10 {main}
CRITICAL - 2021-07-23 03:22:51 --> Undefined variable: previous_values
#0 E:\www\FAWE\app\Controllers\User_management\User_rights.php(141): CodeIgniter\Debug\Exceptions->errorHandler(8, 'Undefined varia...', 'E:\\www\\FAWE\\ap...', 141, Array)
#1 E:\www\FAWE\system\CodeIgniter.php(918): App\Controllers\user_management\user_rights->edit('16')
#2 E:\www\FAWE\system\CodeIgniter.php(404): CodeIgniter\CodeIgniter->runController(Object(App\Controllers\user_management\user_rights))
#3 E:\www\FAWE\system\CodeIgniter.php(312): CodeIgniter\CodeIgniter->handleRequest(NULL, Object(Config\Cache), false)
#4 E:\www\FAWE\index.php(45): CodeIgniter\CodeIgniter->run()
#5 {main}
CRITICAL - 2021-07-23 06:20:19 --> Undefined variable: annual_plan
#0 E:\www\FAWE\app\Views\template\leftpanel.php(126): CodeIgniter\Debug\Exceptions->errorHandler(8, 'Undefined varia...', 'E:\\www\\FAWE\\ap...', 126, Array)
#1 E:\www\FAWE\system\View\View.php(246): include('E:\\www\\FAWE\\ap...')
#2 E:\www\FAWE\system\Common.php(1119): CodeIgniter\View\View->render('template/leftpa...', Array, true)
#3 E:\www\FAWE\app\Views\template\index.php(6): view('template/leftpa...')
#4 E:\www\FAWE\system\View\View.php(246): include('E:\\www\\FAWE\\ap...')
#5 E:\www\FAWE\system\Common.php(1119): CodeIgniter\View\View->render('template/index', Array, true)
#6 E:\www\FAWE\app\Controllers\Home.php(68): view('template/index', Array)
#7 E:\www\FAWE\system\CodeIgniter.php(918): App\Controllers\Home->index()
#8 E:\www\FAWE\system\CodeIgniter.php(404): CodeIgniter\CodeIgniter->runController(Object(App\Controllers\Home))
#9 E:\www\FAWE\system\CodeIgniter.php(312): CodeIgniter\CodeIgniter->handleRequest(NULL, Object(Config\Cache), false)
#10 E:\www\FAWE\index.php(45): CodeIgniter\CodeIgniter->run()
#11 {main}
CRITICAL - 2021-07-23 06:20:19 --> Undefined variable: annual_plan
#0 E:\www\FAWE\app\Views\template\leftpanel.php(126): CodeIgniter\Debug\Exceptions->errorHandler(8, 'Undefined varia...', 'E:\\www\\FAWE\\ap...', 126, Array)
#1 E:\www\FAWE\system\View\View.php(246): include('E:\\www\\FAWE\\ap...')
#2 E:\www\FAWE\system\Common.php(1119): CodeIgniter\View\View->render('template/leftpa...', Array, true)
#3 E:\www\FAWE\app\Views\template\index.php(6): view('template/leftpa...')
#4 E:\www\FAWE\system\View\View.php(246): include('E:\\www\\FAWE\\ap...')
#5 E:\www\FAWE\system\Common.php(1119): CodeIgniter\View\View->render('template/index', Array, true)
#6 E:\www\FAWE\app\Controllers\Home.php(68): view('template/index', Array)
#7 E:\www\FAWE\system\CodeIgniter.php(918): App\Controllers\Home->index()
#8 E:\www\FAWE\system\CodeIgniter.php(404): CodeIgniter\CodeIgniter->runController(Object(App\Controllers\Home))
#9 E:\www\FAWE\system\CodeIgniter.php(312): CodeIgniter\CodeIgniter->handleRequest(NULL, Object(Config\Cache), false)
#10 E:\www\FAWE\index.php(45): CodeIgniter\CodeIgniter->run()
#11 {main}
CRITICAL - 2021-07-23 06:24:55 --> Undefined variable: planning_results_framework
#0 E:\www\FAWE\app\Views\template\leftpanel.php(123): CodeIgniter\Debug\Exceptions->errorHandler(8, 'Undefined varia...', 'E:\\www\\FAWE\\ap...', 123, Array)
#1 E:\www\FAWE\system\View\View.php(246): include('E:\\www\\FAWE\\ap...')
#2 E:\www\FAWE\system\Common.php(1119): CodeIgniter\View\View->render('template/leftpa...', Array, true)
#3 E:\www\FAWE\app\Views\template\index.php(6): view('template/leftpa...')
#4 E:\www\FAWE\system\View\View.php(246): include('E:\\www\\FAWE\\ap...')
#5 E:\www\FAWE\system\Common.php(1119): CodeIgniter\View\View->render('template/index', Array, true)
#6 E:\www\FAWE\app\Controllers\Home.php(68): view('template/index', Array)
#7 E:\www\FAWE\system\CodeIgniter.php(918): App\Controllers\Home->index()
#8 E:\www\FAWE\system\CodeIgniter.php(404): CodeIgniter\CodeIgniter->runController(Object(App\Controllers\Home))
#9 E:\www\FAWE\system\CodeIgniter.php(312): CodeIgniter\CodeIgniter->handleRequest(NULL, Object(Config\Cache), false)
#10 E:\www\FAWE\index.php(45): CodeIgniter\CodeIgniter->run()
#11 {main}
CRITICAL - 2021-07-23 06:24:55 --> Undefined variable: planning_results_framework
#0 E:\www\FAWE\app\Views\template\leftpanel.php(123): CodeIgniter\Debug\Exceptions->errorHandler(8, 'Undefined varia...', 'E:\\www\\FAWE\\ap...', 123, Array)
#1 E:\www\FAWE\system\View\View.php(246): include('E:\\www\\FAWE\\ap...')
#2 E:\www\FAWE\system\Common.php(1119): CodeIgniter\View\View->render('template/leftpa...', Array, true)
#3 E:\www\FAWE\app\Views\template\index.php(6): view('template/leftpa...')
#4 E:\www\FAWE\system\View\View.php(246): include('E:\\www\\FAWE\\ap...')
#5 E:\www\FAWE\system\Common.php(1119): CodeIgniter\View\View->render('template/index', Array, true)
#6 E:\www\FAWE\app\Controllers\Home.php(68): view('template/index', Array)
#7 E:\www\FAWE\system\CodeIgniter.php(918): App\Controllers\Home->index()
#8 E:\www\FAWE\system\CodeIgniter.php(404): CodeIgniter\CodeIgniter->runController(Object(App\Controllers\Home))
#9 E:\www\FAWE\system\CodeIgniter.php(312): CodeIgniter\CodeIgniter->handleRequest(NULL, Object(Config\Cache), false)
#10 E:\www\FAWE\index.php(45): CodeIgniter\CodeIgniter->run()
#11 {main}
CRITICAL - 2021-07-23 06:29:30 --> Undefined variable: district_indicator_performance
#0 E:\www\FAWE\app\Views\template\leftpanel.php(447): CodeIgniter\Debug\Exceptions->errorHandler(8, 'Undefined varia...', 'E:\\www\\FAWE\\ap...', 447, Array)
#1 E:\www\FAWE\system\View\View.php(246): include('E:\\www\\FAWE\\ap...')
#2 E:\www\FAWE\system\Common.php(1119): CodeIgniter\View\View->render('template/leftpa...', Array, true)
#3 E:\www\FAWE\app\Views\template\index.php(6): view('template/leftpa...')
#4 E:\www\FAWE\system\View\View.php(246): include('E:\\www\\FAWE\\ap...')
#5 E:\www\FAWE\system\Common.php(1119): CodeIgniter\View\View->render('template/index', Array, true)
#6 E:\www\FAWE\app\Controllers\Home.php(68): view('template/index', Array)
#7 E:\www\FAWE\system\CodeIgniter.php(918): App\Controllers\Home->index()
#8 E:\www\FAWE\system\CodeIgniter.php(404): CodeIgniter\CodeIgniter->runController(Object(App\Controllers\Home))
#9 E:\www\FAWE\system\CodeIgniter.php(312): CodeIgniter\CodeIgniter->handleRequest(NULL, Object(Config\Cache), false)
#10 E:\www\FAWE\index.php(45): CodeIgniter\CodeIgniter->run()
#11 {main}
CRITICAL - 2021-07-23 06:29:30 --> Undefined variable: district_indicator_performance
#0 E:\www\FAWE\app\Views\template\leftpanel.php(447): CodeIgniter\Debug\Exceptions->errorHandler(8, 'Undefined varia...', 'E:\\www\\FAWE\\ap...', 447, Array)
#1 E:\www\FAWE\system\View\View.php(246): include('E:\\www\\FAWE\\ap...')
#2 E:\www\FAWE\system\Common.php(1119): CodeIgniter\View\View->render('template/leftpa...', Array, true)
#3 E:\www\FAWE\app\Views\template\index.php(6): view('template/leftpa...')
#4 E:\www\FAWE\system\View\View.php(246): include('E:\\www\\FAWE\\ap...')
#5 E:\www\FAWE\system\Common.php(1119): CodeIgniter\View\View->render('template/index', Array, true)
#6 E:\www\FAWE\app\Controllers\Home.php(68): view('template/index', Array)
#7 E:\www\FAWE\system\CodeIgniter.php(918): App\Controllers\Home->index()
#8 E:\www\FAWE\system\CodeIgniter.php(404): CodeIgniter\CodeIgniter->runController(Object(App\Controllers\Home))
#9 E:\www\FAWE\system\CodeIgniter.php(312): CodeIgniter\CodeIgniter->handleRequest(NULL, Object(Config\Cache), false)
#10 E:\www\FAWE\index.php(45): CodeIgniter\CodeIgniter->run()
#11 {main}
CRITICAL - 2021-07-23 06:37:24 --> Undefined variable: district_indicator_performance
#0 E:\www\FAWE\app\Views\template\leftpanel.php(446): CodeIgniter\Debug\Exceptions->errorHandler(8, 'Undefined varia...', 'E:\\www\\FAWE\\ap...', 446, Array)
#1 E:\www\FAWE\system\View\View.php(246): include('E:\\www\\FAWE\\ap...')
#2 E:\www\FAWE\system\Common.php(1119): CodeIgniter\View\View->render('template/leftpa...', Array, true)
#3 E:\www\FAWE\app\Views\template\index.php(6): view('template/leftpa...')
#4 E:\www\FAWE\system\View\View.php(246): include('E:\\www\\FAWE\\ap...')
#5 E:\www\FAWE\system\Common.php(1119): CodeIgniter\View\View->render('template/index', Array, true)
#6 E:\www\FAWE\app\Controllers\Home.php(68): view('template/index', Array)
#7 E:\www\FAWE\system\CodeIgniter.php(918): App\Controllers\Home->index()
#8 E:\www\FAWE\system\CodeIgniter.php(404): CodeIgniter\CodeIgniter->runController(Object(App\Controllers\Home))
#9 E:\www\FAWE\system\CodeIgniter.php(312): CodeIgniter\CodeIgniter->handleRequest(NULL, Object(Config\Cache), false)
#10 E:\www\FAWE\index.php(45): CodeIgniter\CodeIgniter->run()
#11 {main}
CRITICAL - 2021-07-23 06:37:24 --> Undefined variable: district_indicator_performance
#0 E:\www\FAWE\app\Views\template\leftpanel.php(446): CodeIgniter\Debug\Exceptions->errorHandler(8, 'Undefined varia...', 'E:\\www\\FAWE\\ap...', 446, Array)
#1 E:\www\FAWE\system\View\View.php(246): include('E:\\www\\FAWE\\ap...')
#2 E:\www\FAWE\system\Common.php(1119): CodeIgniter\View\View->render('template/leftpa...', Array, true)
#3 E:\www\FAWE\app\Views\template\index.php(6): view('template/leftpa...')
#4 E:\www\FAWE\system\View\View.php(246): include('E:\\www\\FAWE\\ap...')
#5 E:\www\FAWE\system\Common.php(1119): CodeIgniter\View\View->render('template/index', Array, true)
#6 E:\www\FAWE\app\Controllers\Home.php(68): view('template/index', Array)
#7 E:\www\FAWE\system\CodeIgniter.php(918): App\Controllers\Home->index()
#8 E:\www\FAWE\system\CodeIgniter.php(404): CodeIgniter\CodeIgniter->runController(Object(App\Controllers\Home))
#9 E:\www\FAWE\system\CodeIgniter.php(312): CodeIgniter\CodeIgniter->handleRequest(NULL, Object(Config\Cache), false)
#10 E:\www\FAWE\index.php(45): CodeIgniter\CodeIgniter->run()
#11 {main}
CRITICAL - 2021-07-23 06:39:56 --> Undefined variable: indicator_performance
#0 E:\www\FAWE\app\Views\template\leftpanel.php(453): CodeIgniter\Debug\Exceptions->errorHandler(8, 'Undefined varia...', 'E:\\www\\FAWE\\ap...', 453, Array)
#1 E:\www\FAWE\system\View\View.php(246): include('E:\\www\\FAWE\\ap...')
#2 E:\www\FAWE\system\Common.php(1119): CodeIgniter\View\View->render('template/leftpa...', Array, true)
#3 E:\www\FAWE\app\Views\template\index.php(6): view('template/leftpa...')
#4 E:\www\FAWE\system\View\View.php(246): include('E:\\www\\FAWE\\ap...')
#5 E:\www\FAWE\system\Common.php(1119): CodeIgniter\View\View->render('template/index', Array, true)
#6 E:\www\FAWE\app\Controllers\Home.php(68): view('template/index', Array)
#7 E:\www\FAWE\system\CodeIgniter.php(918): App\Controllers\Home->index()
#8 E:\www\FAWE\system\CodeIgniter.php(404): CodeIgniter\CodeIgniter->runController(Object(App\Controllers\Home))
#9 E:\www\FAWE\system\CodeIgniter.php(312): CodeIgniter\CodeIgniter->handleRequest(NULL, Object(Config\Cache), false)
#10 E:\www\FAWE\index.php(45): CodeIgniter\CodeIgniter->run()
#11 {main}
CRITICAL - 2021-07-23 06:39:56 --> Undefined variable: indicator_performance
#0 E:\www\FAWE\app\Views\template\leftpanel.php(453): CodeIgniter\Debug\Exceptions->errorHandler(8, 'Undefined varia...', 'E:\\www\\FAWE\\ap...', 453, Array)
#1 E:\www\FAWE\system\View\View.php(246): include('E:\\www\\FAWE\\ap...')
#2 E:\www\FAWE\system\Common.php(1119): CodeIgniter\View\View->render('template/leftpa...', Array, true)
#3 E:\www\FAWE\app\Views\template\index.php(6): view('template/leftpa...')
#4 E:\www\FAWE\system\View\View.php(246): include('E:\\www\\FAWE\\ap...')
#5 E:\www\FAWE\system\Common.php(1119): CodeIgniter\View\View->render('template/index', Array, true)
#6 E:\www\FAWE\app\Controllers\Home.php(68): view('template/index', Array)
#7 E:\www\FAWE\system\CodeIgniter.php(918): App\Controllers\Home->index()
#8 E:\www\FAWE\system\CodeIgniter.php(404): CodeIgniter\CodeIgniter->runController(Object(App\Controllers\Home))
#9 E:\www\FAWE\system\CodeIgniter.php(312): CodeIgniter\CodeIgniter->handleRequest(NULL, Object(Config\Cache), false)
#10 E:\www\FAWE\index.php(45): CodeIgniter\CodeIgniter->run()
#11 {main}
CRITICAL - 2021-07-23 06:44:25 --> Undefined variable: district_strategic_plan
#0 E:\www\FAWE\app\Views\template\leftpanel.php(152): CodeIgniter\Debug\Exceptions->errorHandler(8, 'Undefined varia...', 'E:\\www\\FAWE\\ap...', 152, Array)
#1 E:\www\FAWE\system\View\View.php(246): include('E:\\www\\FAWE\\ap...')
#2 E:\www\FAWE\system\Common.php(1119): CodeIgniter\View\View->render('template/leftpa...', Array, true)
#3 E:\www\FAWE\app\Views\template\index.php(6): view('template/leftpa...')
#4 E:\www\FAWE\system\View\View.php(246): include('E:\\www\\FAWE\\ap...')
#5 E:\www\FAWE\system\Common.php(1119): CodeIgniter\View\View->render('template/index', Array, true)
#6 E:\www\FAWE\app\Controllers\Home.php(68): view('template/index', Array)
#7 E:\www\FAWE\system\CodeIgniter.php(918): App\Controllers\Home->index()
#8 E:\www\FAWE\system\CodeIgniter.php(404): CodeIgniter\CodeIgniter->runController(Object(App\Controllers\Home))
#9 E:\www\FAWE\system\CodeIgniter.php(312): CodeIgniter\CodeIgniter->handleRequest(NULL, Object(Config\Cache), false)
#10 E:\www\FAWE\index.php(45): CodeIgniter\CodeIgniter->run()
#11 {main}
CRITICAL - 2021-07-23 06:44:25 --> Undefined variable: district_strategic_plan
#0 E:\www\FAWE\app\Views\template\leftpanel.php(152): CodeIgniter\Debug\Exceptions->errorHandler(8, 'Undefined varia...', 'E:\\www\\FAWE\\ap...', 152, Array)
#1 E:\www\FAWE\system\View\View.php(246): include('E:\\www\\FAWE\\ap...')
#2 E:\www\FAWE\system\Common.php(1119): CodeIgniter\View\View->render('template/leftpa...', Array, true)
#3 E:\www\FAWE\app\Views\template\index.php(6): view('template/leftpa...')
#4 E:\www\FAWE\system\View\View.php(246): include('E:\\www\\FAWE\\ap...')
#5 E:\www\FAWE\system\Common.php(1119): CodeIgniter\View\View->render('template/index', Array, true)
#6 E:\www\FAWE\app\Controllers\Home.php(68): view('template/index', Array)
#7 E:\www\FAWE\system\CodeIgniter.php(918): App\Controllers\Home->index()
#8 E:\www\FAWE\system\CodeIgniter.php(404): CodeIgniter\CodeIgniter->runController(Object(App\Controllers\Home))
#9 E:\www\FAWE\system\CodeIgniter.php(312): CodeIgniter\CodeIgniter->handleRequest(NULL, Object(Config\Cache), false)
#10 E:\www\FAWE\index.php(45): CodeIgniter\CodeIgniter->run()
#11 {main}
CRITICAL - 2021-07-23 07:28:24 --> syntax error, unexpected '$mopedic_annual_performance_re' (T_VARIABLE), expecting ')'
#0 E:\www\FAWE\system\Common.php(1119): CodeIgniter\View\View->render('template/leftpa...', Array, true)
#1 E:\www\FAWE\app\Views\template\index.php(6): view('template/leftpa...')
#2 E:\www\FAWE\system\View\View.php(246): include('E:\\www\\FAWE\\ap...')
#3 E:\www\FAWE\system\Common.php(1119): CodeIgniter\View\View->render('template/index', Array, true)
#4 E:\www\FAWE\app\Controllers\Reporting\Organizational_data\Cases_database.php(68): view('template/index', Array)
#5 E:\www\FAWE\system\CodeIgniter.php(918): App\Controllers\Reporting\Organizational_data\Cases_database->index()
#6 E:\www\FAWE\system\CodeIgniter.php(404): CodeIgniter\CodeIgniter->runController(Object(App\Controllers\Reporting\Organizational_data\Cases_database))
#7 E:\www\FAWE\system\CodeIgniter.php(312): CodeIgniter\CodeIgniter->handleRequest(NULL, Object(Config\Cache), false)
#8 E:\www\FAWE\index.php(45): CodeIgniter\CodeIgniter->run()
#9 {main}
CRITICAL - 2021-07-23 07:28:24 --> syntax error, unexpected '$mopedic_annual_performance_re' (T_VARIABLE), expecting ')'
#0 E:\www\FAWE\system\Common.php(1119): CodeIgniter\View\View->render('template/leftpa...', Array, true)
#1 E:\www\FAWE\app\Views\template\index.php(6): view('template/leftpa...')
#2 E:\www\FAWE\system\View\View.php(246): include('E:\\www\\FAWE\\ap...')
#3 E:\www\FAWE\system\Common.php(1119): CodeIgniter\View\View->render('template/index', Array, true)
#4 E:\www\FAWE\app\Controllers\Reporting\Organizational_data\Cases_database.php(68): view('template/index', Array)
#5 E:\www\FAWE\system\CodeIgniter.php(918): App\Controllers\Reporting\Organizational_data\Cases_database->index()
#6 E:\www\FAWE\system\CodeIgniter.php(404): CodeIgniter\CodeIgniter->runController(Object(App\Controllers\Reporting\Organizational_data\Cases_database))
#7 E:\www\FAWE\system\CodeIgniter.php(312): CodeIgniter\CodeIgniter->handleRequest(NULL, Object(Config\Cache), false)
#8 E:\www\FAWE\index.php(45): CodeIgniter\CodeIgniter->run()
#9 {main}
CRITICAL - 2021-07-23 07:28:43 --> syntax error, unexpected '$mopedic_annual_performance_re' (T_VARIABLE), expecting ')'
#0 E:\www\FAWE\system\Common.php(1119): CodeIgniter\View\View->render('template/leftpa...', Array, true)
#1 E:\www\FAWE\app\Views\template\index.php(6): view('template/leftpa...')
#2 E:\www\FAWE\system\View\View.php(246): include('E:\\www\\FAWE\\ap...')
#3 E:\www\FAWE\system\Common.php(1119): CodeIgniter\View\View->render('template/index', Array, true)
#4 E:\www\FAWE\app\Controllers\Reporting\Organizational_data\Cases_database.php(68): view('template/index', Array)
#5 E:\www\FAWE\system\CodeIgniter.php(918): App\Controllers\Reporting\Organizational_data\Cases_database->index()
#6 E:\www\FAWE\system\CodeIgniter.php(404): CodeIgniter\CodeIgniter->runController(Object(App\Controllers\Reporting\Organizational_data\Cases_database))
#7 E:\www\FAWE\system\CodeIgniter.php(312): CodeIgniter\CodeIgniter->handleRequest(NULL, Object(Config\Cache), false)
#8 E:\www\FAWE\index.php(45): CodeIgniter\CodeIgniter->run()
#9 {main}
CRITICAL - 2021-07-23 07:28:43 --> syntax error, unexpected '$mopedic_annual_performance_re' (T_VARIABLE), expecting ')'
#0 E:\www\FAWE\system\Common.php(1119): CodeIgniter\View\View->render('template/leftpa...', Array, true)
#1 E:\www\FAWE\app\Views\template\index.php(6): view('template/leftpa...')
#2 E:\www\FAWE\system\View\View.php(246): include('E:\\www\\FAWE\\ap...')
#3 E:\www\FAWE\system\Common.php(1119): CodeIgniter\View\View->render('template/index', Array, true)
#4 E:\www\FAWE\app\Controllers\Reporting\Organizational_data\Cases_database.php(68): view('template/index', Array)
#5 E:\www\FAWE\system\CodeIgniter.php(918): App\Controllers\Reporting\Organizational_data\Cases_database->index()
#6 E:\www\FAWE\system\CodeIgniter.php(404): CodeIgniter\CodeIgniter->runController(Object(App\Controllers\Reporting\Organizational_data\Cases_database))
#7 E:\www\FAWE\system\CodeIgniter.php(312): CodeIgniter\CodeIgniter->handleRequest(NULL, Object(Config\Cache), false)
#8 E:\www\FAWE\index.php(45): CodeIgniter\CodeIgniter->run()
#9 {main}
CRITICAL - 2021-07-23 07:28:58 --> syntax error, unexpected '$mopedic_annual_performance_re' (T_VARIABLE), expecting ')'
#0 E:\www\FAWE\system\Common.php(1119): CodeIgniter\View\View->render('template/leftpa...', Array, true)
#1 E:\www\FAWE\app\Views\template\index.php(6): view('template/leftpa...')
#2 E:\www\FAWE\system\View\View.php(246): include('E:\\www\\FAWE\\ap...')
#3 E:\www\FAWE\system\Common.php(1119): CodeIgniter\View\View->render('template/index', Array, true)
#4 E:\www\FAWE\app\Controllers\Reporting\Organizational_data\Cases_database.php(68): view('template/index', Array)
#5 E:\www\FAWE\system\CodeIgniter.php(918): App\Controllers\Reporting\Organizational_data\Cases_database->index()
#6 E:\www\FAWE\system\CodeIgniter.php(404): CodeIgniter\CodeIgniter->runController(Object(App\Controllers\Reporting\Organizational_data\Cases_database))
#7 E:\www\FAWE\system\CodeIgniter.php(312): CodeIgniter\CodeIgniter->handleRequest(NULL, Object(Config\Cache), false)
#8 E:\www\FAWE\index.php(45): CodeIgniter\CodeIgniter->run()
#9 {main}
CRITICAL - 2021-07-23 07:28:58 --> syntax error, unexpected '$mopedic_annual_performance_re' (T_VARIABLE), expecting ')'
#0 E:\www\FAWE\system\Common.php(1119): CodeIgniter\View\View->render('template/leftpa...', Array, true)
#1 E:\www\FAWE\app\Views\template\index.php(6): view('template/leftpa...')
#2 E:\www\FAWE\system\View\View.php(246): include('E:\\www\\FAWE\\ap...')
#3 E:\www\FAWE\system\Common.php(1119): CodeIgniter\View\View->render('template/index', Array, true)
#4 E:\www\FAWE\app\Controllers\Reporting\Organizational_data\Cases_database.php(68): view('template/index', Array)
#5 E:\www\FAWE\system\CodeIgniter.php(918): App\Controllers\Reporting\Organizational_data\Cases_database->index()
#6 E:\www\FAWE\system\CodeIgniter.php(404): CodeIgniter\CodeIgniter->runController(Object(App\Controllers\Reporting\Organizational_data\Cases_database))
#7 E:\www\FAWE\system\CodeIgniter.php(312): CodeIgniter\CodeIgniter->handleRequest(NULL, Object(Config\Cache), false)
#8 E:\www\FAWE\index.php(45): CodeIgniter\CodeIgniter->run()
#9 {main}
CRITICAL - 2021-07-23 07:52:25 --> Undefined variable: project_result_framework
#0 E:\www\FAWE\app\Views\template\leftpanel.php(278): CodeIgniter\Debug\Exceptions->errorHandler(8, 'Undefined varia...', 'E:\\www\\FAWE\\ap...', 278, Array)
#1 E:\www\FAWE\system\View\View.php(246): include('E:\\www\\FAWE\\ap...')
#2 E:\www\FAWE\system\Common.php(1119): CodeIgniter\View\View->render('template/leftpa...', Array, true)
#3 E:\www\FAWE\app\Views\template\index.php(6): view('template/leftpa...')
#4 E:\www\FAWE\system\View\View.php(246): include('E:\\www\\FAWE\\ap...')
#5 E:\www\FAWE\system\Common.php(1119): CodeIgniter\View\View->render('template/index', Array, true)
#6 E:\www\FAWE\app\Controllers\Reporting\Organizational_data\Cases_database.php(68): view('template/index', Array)
#7 E:\www\FAWE\system\CodeIgniter.php(918): App\Controllers\Reporting\Organizational_data\Cases_database->index()
#8 E:\www\FAWE\system\CodeIgniter.php(404): CodeIgniter\CodeIgniter->runController(Object(App\Controllers\Reporting\Organizational_data\Cases_database))
#9 E:\www\FAWE\system\CodeIgniter.php(312): CodeIgniter\CodeIgniter->handleRequest(NULL, Object(Config\Cache), false)
#10 E:\www\FAWE\index.php(45): CodeIgniter\CodeIgniter->run()
#11 {main}
CRITICAL - 2021-07-23 07:52:25 --> Undefined variable: project_result_framework
#0 E:\www\FAWE\app\Views\template\leftpanel.php(278): CodeIgniter\Debug\Exceptions->errorHandler(8, 'Undefined varia...', 'E:\\www\\FAWE\\ap...', 278, Array)
#1 E:\www\FAWE\system\View\View.php(246): include('E:\\www\\FAWE\\ap...')
#2 E:\www\FAWE\system\Common.php(1119): CodeIgniter\View\View->render('template/leftpa...', Array, true)
#3 E:\www\FAWE\app\Views\template\index.php(6): view('template/leftpa...')
#4 E:\www\FAWE\system\View\View.php(246): include('E:\\www\\FAWE\\ap...')
#5 E:\www\FAWE\system\Common.php(1119): CodeIgniter\View\View->render('template/index', Array, true)
#6 E:\www\FAWE\app\Controllers\Reporting\Organizational_data\Cases_database.php(68): view('template/index', Array)
#7 E:\www\FAWE\system\CodeIgniter.php(918): App\Controllers\Reporting\Organizational_data\Cases_database->index()
#8 E:\www\FAWE\system\CodeIgniter.php(404): CodeIgniter\CodeIgniter->runController(Object(App\Controllers\Reporting\Organizational_data\Cases_database))
#9 E:\www\FAWE\system\CodeIgniter.php(312): CodeIgniter\CodeIgniter->handleRequest(NULL, Object(Config\Cache), false)
#10 E:\www\FAWE\index.php(45): CodeIgniter\CodeIgniter->run()
#11 {main}
CRITICAL - 2021-07-23 07:58:37 --> Undefined variable: project_result_framework
#0 E:\www\FAWE\app\Views\template\leftpanel.php(274): CodeIgniter\Debug\Exceptions->errorHandler(8, 'Undefined varia...', 'E:\\www\\FAWE\\ap...', 274, Array)
#1 E:\www\FAWE\system\View\View.php(246): include('E:\\www\\FAWE\\ap...')
#2 E:\www\FAWE\system\Common.php(1119): CodeIgniter\View\View->render('template/leftpa...', Array, true)
#3 E:\www\FAWE\app\Views\template\index.php(6): view('template/leftpa...')
#4 E:\www\FAWE\system\View\View.php(246): include('E:\\www\\FAWE\\ap...')
#5 E:\www\FAWE\system\Common.php(1119): CodeIgniter\View\View->render('template/index', Array, true)
#6 E:\www\FAWE\app\Controllers\Reporting\Organizational_data\Cases_database.php(68): view('template/index', Array)
#7 E:\www\FAWE\system\CodeIgniter.php(918): App\Controllers\Reporting\Organizational_data\Cases_database->index()
#8 E:\www\FAWE\system\CodeIgniter.php(404): CodeIgniter\CodeIgniter->runController(Object(App\Controllers\Reporting\Organizational_data\Cases_database))
#9 E:\www\FAWE\system\CodeIgniter.php(312): CodeIgniter\CodeIgniter->handleRequest(NULL, Object(Config\Cache), false)
#10 E:\www\FAWE\index.php(45): CodeIgniter\CodeIgniter->run()
#11 {main}
CRITICAL - 2021-07-23 07:58:37 --> Undefined variable: project_result_framework
#0 E:\www\FAWE\app\Views\template\leftpanel.php(274): CodeIgniter\Debug\Exceptions->errorHandler(8, 'Undefined varia...', 'E:\\www\\FAWE\\ap...', 274, Array)
#1 E:\www\FAWE\system\View\View.php(246): include('E:\\www\\FAWE\\ap...')
#2 E:\www\FAWE\system\Common.php(1119): CodeIgniter\View\View->render('template/leftpa...', Array, true)
#3 E:\www\FAWE\app\Views\template\index.php(6): view('template/leftpa...')
#4 E:\www\FAWE\system\View\View.php(246): include('E:\\www\\FAWE\\ap...')
#5 E:\www\FAWE\system\Common.php(1119): CodeIgniter\View\View->render('template/index', Array, true)
#6 E:\www\FAWE\app\Controllers\Reporting\Organizational_data\Cases_database.php(68): view('template/index', Array)
#7 E:\www\FAWE\system\CodeIgniter.php(918): App\Controllers\Reporting\Organizational_data\Cases_database->index()
#8 E:\www\FAWE\system\CodeIgniter.php(404): CodeIgniter\CodeIgniter->runController(Object(App\Controllers\Reporting\Organizational_data\Cases_database))
#9 E:\www\FAWE\system\CodeIgniter.php(312): CodeIgniter\CodeIgniter->handleRequest(NULL, Object(Config\Cache), false)
#10 E:\www\FAWE\index.php(45): CodeIgniter\CodeIgniter->run()
#11 {main}
CRITICAL - 2021-07-23 07:59:25 --> Undefined variable: project_annual_me_plan
#0 E:\www\FAWE\app\Views\template\leftpanel.php(281): CodeIgniter\Debug\Exceptions->errorHandler(8, 'Undefined varia...', 'E:\\www\\FAWE\\ap...', 281, Array)
#1 E:\www\FAWE\system\View\View.php(246): include('E:\\www\\FAWE\\ap...')
#2 E:\www\FAWE\system\Common.php(1119): CodeIgniter\View\View->render('template/leftpa...', Array, true)
#3 E:\www\FAWE\app\Views\template\index.php(6): view('template/leftpa...')
#4 E:\www\FAWE\system\View\View.php(246): include('E:\\www\\FAWE\\ap...')
#5 E:\www\FAWE\system\Common.php(1119): CodeIgniter\View\View->render('template/index', Array, true)
#6 E:\www\FAWE\app\Controllers\Reporting\Organizational_data\Cases_database.php(68): view('template/index', Array)
#7 E:\www\FAWE\system\CodeIgniter.php(918): App\Controllers\Reporting\Organizational_data\Cases_database->index()
#8 E:\www\FAWE\system\CodeIgniter.php(404): CodeIgniter\CodeIgniter->runController(Object(App\Controllers\Reporting\Organizational_data\Cases_database))
#9 E:\www\FAWE\system\CodeIgniter.php(312): CodeIgniter\CodeIgniter->handleRequest(NULL, Object(Config\Cache), false)
#10 E:\www\FAWE\index.php(45): CodeIgniter\CodeIgniter->run()
#11 {main}
CRITICAL - 2021-07-23 07:59:25 --> Undefined variable: project_annual_me_plan
#0 E:\www\FAWE\app\Views\template\leftpanel.php(281): CodeIgniter\Debug\Exceptions->errorHandler(8, 'Undefined varia...', 'E:\\www\\FAWE\\ap...', 281, Array)
#1 E:\www\FAWE\system\View\View.php(246): include('E:\\www\\FAWE\\ap...')
#2 E:\www\FAWE\system\Common.php(1119): CodeIgniter\View\View->render('template/leftpa...', Array, true)
#3 E:\www\FAWE\app\Views\template\index.php(6): view('template/leftpa...')
#4 E:\www\FAWE\system\View\View.php(246): include('E:\\www\\FAWE\\ap...')
#5 E:\www\FAWE\system\Common.php(1119): CodeIgniter\View\View->render('template/index', Array, true)
#6 E:\www\FAWE\app\Controllers\Reporting\Organizational_data\Cases_database.php(68): view('template/index', Array)
#7 E:\www\FAWE\system\CodeIgniter.php(918): App\Controllers\Reporting\Organizational_data\Cases_database->index()
#8 E:\www\FAWE\system\CodeIgniter.php(404): CodeIgniter\CodeIgniter->runController(Object(App\Controllers\Reporting\Organizational_data\Cases_database))
#9 E:\www\FAWE\system\CodeIgniter.php(312): CodeIgniter\CodeIgniter->handleRequest(NULL, Object(Config\Cache), false)
#10 E:\www\FAWE\index.php(45): CodeIgniter\CodeIgniter->run()
#11 {main}
CRITICAL - 2021-07-23 07:59:51 --> Undefined variable: project_baseline_report
#0 E:\www\FAWE\app\Views\template\leftpanel.php(296): CodeIgniter\Debug\Exceptions->errorHandler(8, 'Undefined varia...', 'E:\\www\\FAWE\\ap...', 296, Array)
#1 E:\www\FAWE\system\View\View.php(246): include('E:\\www\\FAWE\\ap...')
#2 E:\www\FAWE\system\Common.php(1119): CodeIgniter\View\View->render('template/leftpa...', Array, true)
#3 E:\www\FAWE\app\Views\template\index.php(6): view('template/leftpa...')
#4 E:\www\FAWE\system\View\View.php(246): include('E:\\www\\FAWE\\ap...')
#5 E:\www\FAWE\system\Common.php(1119): CodeIgniter\View\View->render('template/index', Array, true)
#6 E:\www\FAWE\app\Controllers\Reporting\Organizational_data\Cases_database.php(68): view('template/index', Array)
#7 E:\www\FAWE\system\CodeIgniter.php(918): App\Controllers\Reporting\Organizational_data\Cases_database->index()
#8 E:\www\FAWE\system\CodeIgniter.php(404): CodeIgniter\CodeIgniter->runController(Object(App\Controllers\Reporting\Organizational_data\Cases_database))
#9 E:\www\FAWE\system\CodeIgniter.php(312): CodeIgniter\CodeIgniter->handleRequest(NULL, Object(Config\Cache), false)
#10 E:\www\FAWE\index.php(45): CodeIgniter\CodeIgniter->run()
#11 {main}
CRITICAL - 2021-07-23 07:59:51 --> Undefined variable: project_baseline_report
#0 E:\www\FAWE\app\Views\template\leftpanel.php(296): CodeIgniter\Debug\Exceptions->errorHandler(8, 'Undefined varia...', 'E:\\www\\FAWE\\ap...', 296, Array)
#1 E:\www\FAWE\system\View\View.php(246): include('E:\\www\\FAWE\\ap...')
#2 E:\www\FAWE\system\Common.php(1119): CodeIgniter\View\View->render('template/leftpa...', Array, true)
#3 E:\www\FAWE\app\Views\template\index.php(6): view('template/leftpa...')
#4 E:\www\FAWE\system\View\View.php(246): include('E:\\www\\FAWE\\ap...')
#5 E:\www\FAWE\system\Common.php(1119): CodeIgniter\View\View->render('template/index', Array, true)
#6 E:\www\FAWE\app\Controllers\Reporting\Organizational_data\Cases_database.php(68): view('template/index', Array)
#7 E:\www\FAWE\system\CodeIgniter.php(918): App\Controllers\Reporting\Organizational_data\Cases_database->index()
#8 E:\www\FAWE\system\CodeIgniter.php(404): CodeIgniter\CodeIgniter->runController(Object(App\Controllers\Reporting\Organizational_data\Cases_database))
#9 E:\www\FAWE\system\CodeIgniter.php(312): CodeIgniter\CodeIgniter->handleRequest(NULL, Object(Config\Cache), false)
#10 E:\www\FAWE\index.php(45): CodeIgniter\CodeIgniter->run()
#11 {main}
CRITICAL - 2021-07-23 08:06:46 --> Undefined variable: project_final_evaluation_report
#0 E:\www\FAWE\app\Views\template\leftpanel.php(389): CodeIgniter\Debug\Exceptions->errorHandler(8, 'Undefined varia...', 'E:\\www\\FAWE\\ap...', 389, Array)
#1 E:\www\FAWE\system\View\View.php(246): include('E:\\www\\FAWE\\ap...')
#2 E:\www\FAWE\system\Common.php(1119): CodeIgniter\View\View->render('template/leftpa...', Array, true)
#3 E:\www\FAWE\app\Views\template\index.php(6): view('template/leftpa...')
#4 E:\www\FAWE\system\View\View.php(246): include('E:\\www\\FAWE\\ap...')
#5 E:\www\FAWE\system\Common.php(1119): CodeIgniter\View\View->render('template/index', Array, true)
#6 E:\www\FAWE\app\Controllers\Home.php(68): view('template/index', Array)
#7 E:\www\FAWE\system\CodeIgniter.php(918): App\Controllers\Home->index()
#8 E:\www\FAWE\system\CodeIgniter.php(404): CodeIgniter\CodeIgniter->runController(Object(App\Controllers\Home))
#9 E:\www\FAWE\system\CodeIgniter.php(312): CodeIgniter\CodeIgniter->handleRequest(NULL, Object(Config\Cache), false)
#10 E:\www\FAWE\index.php(45): CodeIgniter\CodeIgniter->run()
#11 {main}
CRITICAL - 2021-07-23 08:06:47 --> Undefined variable: project_final_evaluation_report
#0 E:\www\FAWE\app\Views\template\leftpanel.php(389): CodeIgniter\Debug\Exceptions->errorHandler(8, 'Undefined varia...', 'E:\\www\\FAWE\\ap...', 389, Array)
#1 E:\www\FAWE\system\View\View.php(246): include('E:\\www\\FAWE\\ap...')
#2 E:\www\FAWE\system\Common.php(1119): CodeIgniter\View\View->render('template/leftpa...', Array, true)
#3 E:\www\FAWE\app\Views\template\index.php(6): view('template/leftpa...')
#4 E:\www\FAWE\system\View\View.php(246): include('E:\\www\\FAWE\\ap...')
#5 E:\www\FAWE\system\Common.php(1119): CodeIgniter\View\View->render('template/index', Array, true)
#6 E:\www\FAWE\app\Controllers\Home.php(68): view('template/index', Array)
#7 E:\www\FAWE\system\CodeIgniter.php(918): App\Controllers\Home->index()
#8 E:\www\FAWE\system\CodeIgniter.php(404): CodeIgniter\CodeIgniter->runController(Object(App\Controllers\Home))
#9 E:\www\FAWE\system\CodeIgniter.php(312): CodeIgniter\CodeIgniter->handleRequest(NULL, Object(Config\Cache), false)
#10 E:\www\FAWE\index.php(45): CodeIgniter\CodeIgniter->run()
#11 {main}
CRITICAL - 2021-07-23 08:10:40 --> Undefined variable: project_final_evaluation_report
#0 E:\www\FAWE\app\Views\template\leftpanel.php(400): CodeIgniter\Debug\Exceptions->errorHandler(8, 'Undefined varia...', 'E:\\www\\FAWE\\ap...', 400, Array)
#1 E:\www\FAWE\system\View\View.php(246): include('E:\\www\\FAWE\\ap...')
#2 E:\www\FAWE\system\Common.php(1119): CodeIgniter\View\View->render('template/leftpa...', Array, true)
#3 E:\www\FAWE\app\Views\template\index.php(6): view('template/leftpa...')
#4 E:\www\FAWE\system\View\View.php(246): include('E:\\www\\FAWE\\ap...')
#5 E:\www\FAWE\system\Common.php(1119): CodeIgniter\View\View->render('template/index', Array, true)
#6 E:\www\FAWE\app\Controllers\Home.php(68): view('template/index', Array)
#7 E:\www\FAWE\system\CodeIgniter.php(918): App\Controllers\Home->index()
#8 E:\www\FAWE\system\CodeIgniter.php(404): CodeIgniter\CodeIgniter->runController(Object(App\Controllers\Home))
#9 E:\www\FAWE\system\CodeIgniter.php(312): CodeIgniter\CodeIgniter->handleRequest(NULL, Object(Config\Cache), false)
#10 E:\www\FAWE\index.php(45): CodeIgniter\CodeIgniter->run()
#11 {main}
CRITICAL - 2021-07-23 08:10:41 --> Undefined variable: project_final_evaluation_report
#0 E:\www\FAWE\app\Views\template\leftpanel.php(400): CodeIgniter\Debug\Exceptions->errorHandler(8, 'Undefined varia...', 'E:\\www\\FAWE\\ap...', 400, Array)
#1 E:\www\FAWE\system\View\View.php(246): include('E:\\www\\FAWE\\ap...')
#2 E:\www\FAWE\system\Common.php(1119): CodeIgniter\View\View->render('template/leftpa...', Array, true)
#3 E:\www\FAWE\app\Views\template\index.php(6): view('template/leftpa...')
#4 E:\www\FAWE\system\View\View.php(246): include('E:\\www\\FAWE\\ap...')
#5 E:\www\FAWE\system\Common.php(1119): CodeIgniter\View\View->render('template/index', Array, true)
#6 E:\www\FAWE\app\Controllers\Home.php(68): view('template/index', Array)
#7 E:\www\FAWE\system\CodeIgniter.php(918): App\Controllers\Home->index()
#8 E:\www\FAWE\system\CodeIgniter.php(404): CodeIgniter\CodeIgniter->runController(Object(App\Controllers\Home))
#9 E:\www\FAWE\system\CodeIgniter.php(312): CodeIgniter\CodeIgniter->handleRequest(NULL, Object(Config\Cache), false)
#10 E:\www\FAWE\index.php(45): CodeIgniter\CodeIgniter->run()
#11 {main}
CRITICAL - 2021-07-23 10:10:55 --> Undefined variable: indicator_performance
#0 E:\www\FAWE\app\Views\template\leftpanel.php(446): CodeIgniter\Debug\Exceptions->errorHandler(8, 'Undefined varia...', 'E:\\www\\FAWE\\ap...', 446, Array)
#1 E:\www\FAWE\system\View\View.php(246): include('E:\\www\\FAWE\\ap...')
#2 E:\www\FAWE\system\Common.php(1119): CodeIgniter\View\View->render('template/leftpa...', Array, true)
#3 E:\www\FAWE\app\Views\template\index.php(6): view('template/leftpa...')
#4 E:\www\FAWE\system\View\View.php(246): include('E:\\www\\FAWE\\ap...')
#5 E:\www\FAWE\system\Common.php(1119): CodeIgniter\View\View->render('template/index', Array, true)
#6 E:\www\FAWE\app\Controllers\Home.php(68): view('template/index', Array)
#7 E:\www\FAWE\system\CodeIgniter.php(918): App\Controllers\Home->index()
#8 E:\www\FAWE\system\CodeIgniter.php(404): CodeIgniter\CodeIgniter->runController(Object(App\Controllers\Home))
#9 E:\www\FAWE\system\CodeIgniter.php(312): CodeIgniter\CodeIgniter->handleRequest(NULL, Object(Config\Cache), false)
#10 E:\www\FAWE\index.php(45): CodeIgniter\CodeIgniter->run()
#11 {main}
CRITICAL - 2021-07-23 10:10:56 --> Undefined variable: indicator_performance
#0 E:\www\FAWE\app\Views\template\leftpanel.php(446): CodeIgniter\Debug\Exceptions->errorHandler(8, 'Undefined varia...', 'E:\\www\\FAWE\\ap...', 446, Array)
#1 E:\www\FAWE\system\View\View.php(246): include('E:\\www\\FAWE\\ap...')
#2 E:\www\FAWE\system\Common.php(1119): CodeIgniter\View\View->render('template/leftpa...', Array, true)
#3 E:\www\FAWE\app\Views\template\index.php(6): view('template/leftpa...')
#4 E:\www\FAWE\system\View\View.php(246): include('E:\\www\\FAWE\\ap...')
#5 E:\www\FAWE\system\Common.php(1119): CodeIgniter\View\View->render('template/index', Array, true)
#6 E:\www\FAWE\app\Controllers\Home.php(68): view('template/index', Array)
#7 E:\www\FAWE\system\CodeIgniter.php(918): App\Controllers\Home->index()
#8 E:\www\FAWE\system\CodeIgniter.php(404): CodeIgniter\CodeIgniter->runController(Object(App\Controllers\Home))
#9 E:\www\FAWE\system\CodeIgniter.php(312): CodeIgniter\CodeIgniter->handleRequest(NULL, Object(Config\Cache), false)
#10 E:\www\FAWE\index.php(45): CodeIgniter\CodeIgniter->run()
#11 {main}
CRITICAL - 2021-07-23 10:16:11 --> Undefined variable: indicator_performance
#0 E:\www\FAWE\app\Views\template\leftpanel.php(446): CodeIgniter\Debug\Exceptions->errorHandler(8, 'Undefined varia...', 'E:\\www\\FAWE\\ap...', 446, Array)
#1 E:\www\FAWE\system\View\View.php(246): include('E:\\www\\FAWE\\ap...')
#2 E:\www\FAWE\system\Common.php(1119): CodeIgniter\View\View->render('template/leftpa...', Array, true)
#3 E:\www\FAWE\app\Views\template\index.php(6): view('template/leftpa...')
#4 E:\www\FAWE\system\View\View.php(246): include('E:\\www\\FAWE\\ap...')
#5 E:\www\FAWE\system\Common.php(1119): CodeIgniter\View\View->render('template/index', Array, true)
#6 E:\www\FAWE\app\Controllers\Home.php(68): view('template/index', Array)
#7 E:\www\FAWE\system\CodeIgniter.php(918): App\Controllers\Home->index()
#8 E:\www\FAWE\system\CodeIgniter.php(404): CodeIgniter\CodeIgniter->runController(Object(App\Controllers\Home))
#9 E:\www\FAWE\system\CodeIgniter.php(312): CodeIgniter\CodeIgniter->handleRequest(NULL, Object(Config\Cache), false)
#10 E:\www\FAWE\index.php(45): CodeIgniter\CodeIgniter->run()
#11 {main}
CRITICAL - 2021-07-23 10:16:11 --> Undefined variable: indicator_performance
#0 E:\www\FAWE\app\Views\template\leftpanel.php(446): CodeIgniter\Debug\Exceptions->errorHandler(8, 'Undefined varia...', 'E:\\www\\FAWE\\ap...', 446, Array)
#1 E:\www\FAWE\system\View\View.php(246): include('E:\\www\\FAWE\\ap...')
#2 E:\www\FAWE\system\Common.php(1119): CodeIgniter\View\View->render('template/leftpa...', Array, true)
#3 E:\www\FAWE\app\Views\template\index.php(6): view('template/leftpa...')
#4 E:\www\FAWE\system\View\View.php(246): include('E:\\www\\FAWE\\ap...')
#5 E:\www\FAWE\system\Common.php(1119): CodeIgniter\View\View->render('template/index', Array, true)
#6 E:\www\FAWE\app\Controllers\Home.php(68): view('template/index', Array)
#7 E:\www\FAWE\system\CodeIgniter.php(918): App\Controllers\Home->index()
#8 E:\www\FAWE\system\CodeIgniter.php(404): CodeIgniter\CodeIgniter->runController(Object(App\Controllers\Home))
#9 E:\www\FAWE\system\CodeIgniter.php(312): CodeIgniter\CodeIgniter->handleRequest(NULL, Object(Config\Cache), false)
#10 E:\www\FAWE\index.php(45): CodeIgniter\CodeIgniter->run()
#11 {main}
