CRITICAL - 2021-08-08 04:58:45 --> Undefined variable: base_id
#0 E:\www\FAWE\app\Views\office\reporting\project_data\beneficiaries_report\edit.php(63): CodeIgniter\Debug\Exceptions->errorHandler(8, 'Undefined varia...', 'E:\\www\\FAWE\\ap...', 63, Array)
#1 E:\www\FAWE\system\View\View.php(246): include('E:\\www\\FAWE\\ap...')
#2 E:\www\FAWE\system\Common.php(1119): CodeIgniter\View\View->render('office/reportin...', Array, true)
#3 E:\www\FAWE\app\Views\template\index.php(14): view('office/reportin...')
#4 E:\www\FAWE\system\View\View.php(246): include('E:\\www\\FAWE\\ap...')
#5 E:\www\FAWE\system\Common.php(1119): CodeIgniter\View\View->render('template/index', Array, true)
#6 E:\www\FAWE\app\Controllers\Reporting\Project_data\Beneficiaries_report.php(276): view('template/index', Array)
#7 E:\www\FAWE\system\CodeIgniter.php(918): App\Controllers\Reporting\Project_data\Beneficiaries_report->edit('2')
#8 E:\www\FAWE\system\CodeIgniter.php(404): CodeIgniter\CodeIgniter->runController(Object(App\Controllers\Reporting\Project_data\Beneficiaries_report))
#9 E:\www\FAWE\system\CodeIgniter.php(312): CodeIgniter\CodeIgniter->handleRequest(NULL, Object(Config\Cache), false)
#10 E:\www\FAWE\index.php(45): CodeIgniter\CodeIgniter->run()
#11 {main}
CRITICAL - 2021-08-08 04:58:46 --> Undefined variable: base_id
#0 E:\www\FAWE\app\Views\office\reporting\project_data\beneficiaries_report\edit.php(63): CodeIgniter\Debug\Exceptions->errorHandler(8, 'Undefined varia...', 'E:\\www\\FAWE\\ap...', 63, Array)
#1 E:\www\FAWE\system\View\View.php(246): include('E:\\www\\FAWE\\ap...')
#2 E:\www\FAWE\system\Common.php(1119): CodeIgniter\View\View->render('office/reportin...', Array, true)
#3 E:\www\FAWE\app\Views\template\index.php(14): view('office/reportin...')
#4 E:\www\FAWE\system\View\View.php(246): include('E:\\www\\FAWE\\ap...')
#5 E:\www\FAWE\system\Common.php(1119): CodeIgniter\View\View->render('template/index', Array, true)
#6 E:\www\FAWE\app\Controllers\Reporting\Project_data\Beneficiaries_report.php(276): view('template/index', Array)
#7 E:\www\FAWE\system\CodeIgniter.php(918): App\Controllers\Reporting\Project_data\Beneficiaries_report->edit('2')
#8 E:\www\FAWE\system\CodeIgniter.php(404): CodeIgniter\CodeIgniter->runController(Object(App\Controllers\Reporting\Project_data\Beneficiaries_report))
#9 E:\www\FAWE\system\CodeIgniter.php(312): CodeIgniter\CodeIgniter->handleRequest(NULL, Object(Config\Cache), false)
#10 E:\www\FAWE\index.php(45): CodeIgniter\CodeIgniter->run()
#11 {main}
CRITICAL - 2021-08-08 05:11:24 --> Undefined index: quarter
#0 E:\www\FAWE\app\Views\office\reporting\project_data\beneficiaries_report\view.php(70): CodeIgniter\Debug\Exceptions->errorHandler(8, 'Undefined index...', 'E:\\www\\FAWE\\ap...', 70, Array)
#1 E:\www\FAWE\system\View\View.php(246): include('E:\\www\\FAWE\\ap...')
#2 E:\www\FAWE\system\Common.php(1119): CodeIgniter\View\View->render('office/reportin...', Array, true)
#3 E:\www\FAWE\app\Views\template\index.php(14): view('office/reportin...')
#4 E:\www\FAWE\system\View\View.php(246): include('E:\\www\\FAWE\\ap...')
#5 E:\www\FAWE\system\Common.php(1119): CodeIgniter\View\View->render('template/index', Array, true)
#6 E:\www\FAWE\app\Controllers\Reporting\Project_data\Beneficiaries_report.php(340): view('template/index', Array)
#7 E:\www\FAWE\system\CodeIgniter.php(918): App\Controllers\Reporting\Project_data\Beneficiaries_report->view('2')
#8 E:\www\FAWE\system\CodeIgniter.php(404): CodeIgniter\CodeIgniter->runController(Object(App\Controllers\Reporting\Project_data\Beneficiaries_report))
#9 E:\www\FAWE\system\CodeIgniter.php(312): CodeIgniter\CodeIgniter->handleRequest(NULL, Object(Config\Cache), false)
#10 E:\www\FAWE\index.php(45): CodeIgniter\CodeIgniter->run()
#11 {main}
CRITICAL - 2021-08-08 05:11:24 --> Undefined index: quarter
#0 E:\www\FAWE\app\Views\office\reporting\project_data\beneficiaries_report\view.php(70): CodeIgniter\Debug\Exceptions->errorHandler(8, 'Undefined index...', 'E:\\www\\FAWE\\ap...', 70, Array)
#1 E:\www\FAWE\system\View\View.php(246): include('E:\\www\\FAWE\\ap...')
#2 E:\www\FAWE\system\Common.php(1119): CodeIgniter\View\View->render('office/reportin...', Array, true)
#3 E:\www\FAWE\app\Views\template\index.php(14): view('office/reportin...')
#4 E:\www\FAWE\system\View\View.php(246): include('E:\\www\\FAWE\\ap...')
#5 E:\www\FAWE\system\Common.php(1119): CodeIgniter\View\View->render('template/index', Array, true)
#6 E:\www\FAWE\app\Controllers\Reporting\Project_data\Beneficiaries_report.php(340): view('template/index', Array)
#7 E:\www\FAWE\system\CodeIgniter.php(918): App\Controllers\Reporting\Project_data\Beneficiaries_report->view('2')
#8 E:\www\FAWE\system\CodeIgniter.php(404): CodeIgniter\CodeIgniter->runController(Object(App\Controllers\Reporting\Project_data\Beneficiaries_report))
#9 E:\www\FAWE\system\CodeIgniter.php(312): CodeIgniter\CodeIgniter->handleRequest(NULL, Object(Config\Cache), false)
#10 E:\www\FAWE\index.php(45): CodeIgniter\CodeIgniter->run()
#11 {main}
CRITICAL - 2021-08-08 05:16:36 --> Call to undefined function get_by_any_id()
#0 E:\www\FAWE\system\View\View.php(246): include()
#1 E:\www\FAWE\system\Common.php(1119): CodeIgniter\View\View->render('office/reportin...', Array, true)
#2 E:\www\FAWE\app\Views\template\index.php(14): view('office/reportin...')
#3 E:\www\FAWE\system\View\View.php(246): include('E:\\www\\FAWE\\ap...')
#4 E:\www\FAWE\system\Common.php(1119): CodeIgniter\View\View->render('template/index', Array, true)
#5 E:\www\FAWE\app\Controllers\Reporting\Project_data\Beneficiaries_report.php(340): view('template/index', Array)
#6 E:\www\FAWE\system\CodeIgniter.php(918): App\Controllers\Reporting\Project_data\Beneficiaries_report->view('2')
#7 E:\www\FAWE\system\CodeIgniter.php(404): CodeIgniter\CodeIgniter->runController(Object(App\Controllers\Reporting\Project_data\Beneficiaries_report))
#8 E:\www\FAWE\system\CodeIgniter.php(312): CodeIgniter\CodeIgniter->handleRequest(NULL, Object(Config\Cache), false)
#9 E:\www\FAWE\index.php(45): CodeIgniter\CodeIgniter->run()
#10 {main}
CRITICAL - 2021-08-08 05:16:36 --> Call to undefined function get_by_any_id()
#0 E:\www\FAWE\system\View\View.php(246): include()
#1 E:\www\FAWE\system\Common.php(1119): CodeIgniter\View\View->render('office/reportin...', Array, true)
#2 E:\www\FAWE\app\Views\template\index.php(14): view('office/reportin...')
#3 E:\www\FAWE\system\View\View.php(246): include('E:\\www\\FAWE\\ap...')
#4 E:\www\FAWE\system\Common.php(1119): CodeIgniter\View\View->render('template/index', Array, true)
#5 E:\www\FAWE\app\Controllers\Reporting\Project_data\Beneficiaries_report.php(340): view('template/index', Array)
#6 E:\www\FAWE\system\CodeIgniter.php(918): App\Controllers\Reporting\Project_data\Beneficiaries_report->view('2')
#7 E:\www\FAWE\system\CodeIgniter.php(404): CodeIgniter\CodeIgniter->runController(Object(App\Controllers\Reporting\Project_data\Beneficiaries_report))
#8 E:\www\FAWE\system\CodeIgniter.php(312): CodeIgniter\CodeIgniter->handleRequest(NULL, Object(Config\Cache), false)
#9 E:\www\FAWE\index.php(45): CodeIgniter\CodeIgniter->run()
#10 {main}
CRITICAL - 2021-08-08 05:17:44 --> Call to undefined function get_by_any_id()
#0 E:\www\FAWE\system\View\View.php(246): include()
#1 E:\www\FAWE\system\Common.php(1119): CodeIgniter\View\View->render('office/reportin...', Array, true)
#2 E:\www\FAWE\app\Views\template\index.php(14): view('office/reportin...')
#3 E:\www\FAWE\system\View\View.php(246): include('E:\\www\\FAWE\\ap...')
#4 E:\www\FAWE\system\Common.php(1119): CodeIgniter\View\View->render('template/index', Array, true)
#5 E:\www\FAWE\app\Controllers\Reporting\Project_data\Beneficiaries_report.php(340): view('template/index', Array)
#6 E:\www\FAWE\system\CodeIgniter.php(918): App\Controllers\Reporting\Project_data\Beneficiaries_report->view('2')
#7 E:\www\FAWE\system\CodeIgniter.php(404): CodeIgniter\CodeIgniter->runController(Object(App\Controllers\Reporting\Project_data\Beneficiaries_report))
#8 E:\www\FAWE\system\CodeIgniter.php(312): CodeIgniter\CodeIgniter->handleRequest(NULL, Object(Config\Cache), false)
#9 E:\www\FAWE\index.php(45): CodeIgniter\CodeIgniter->run()
#10 {main}
CRITICAL - 2021-08-08 05:17:44 --> Call to undefined function get_by_any_id()
#0 E:\www\FAWE\system\View\View.php(246): include()
#1 E:\www\FAWE\system\Common.php(1119): CodeIgniter\View\View->render('office/reportin...', Array, true)
#2 E:\www\FAWE\app\Views\template\index.php(14): view('office/reportin...')
#3 E:\www\FAWE\system\View\View.php(246): include('E:\\www\\FAWE\\ap...')
#4 E:\www\FAWE\system\Common.php(1119): CodeIgniter\View\View->render('template/index', Array, true)
#5 E:\www\FAWE\app\Controllers\Reporting\Project_data\Beneficiaries_report.php(340): view('template/index', Array)
#6 E:\www\FAWE\system\CodeIgniter.php(918): App\Controllers\Reporting\Project_data\Beneficiaries_report->view('2')
#7 E:\www\FAWE\system\CodeIgniter.php(404): CodeIgniter\CodeIgniter->runController(Object(App\Controllers\Reporting\Project_data\Beneficiaries_report))
#8 E:\www\FAWE\system\CodeIgniter.php(312): CodeIgniter\CodeIgniter->handleRequest(NULL, Object(Config\Cache), false)
#9 E:\www\FAWE\index.php(45): CodeIgniter\CodeIgniter->run()
#10 {main}
CRITICAL - 2021-08-08 05:18:23 --> Undefined variable: record
#0 E:\www\FAWE\app\Views\office\reporting\project_data\beneficiaries_report\view.php(78): CodeIgniter\Debug\Exceptions->errorHandler(8, 'Undefined varia...', 'E:\\www\\FAWE\\ap...', 78, Array)
#1 E:\www\FAWE\system\View\View.php(246): include('E:\\www\\FAWE\\ap...')
#2 E:\www\FAWE\system\Common.php(1119): CodeIgniter\View\View->render('office/reportin...', Array, true)
#3 E:\www\FAWE\app\Views\template\index.php(14): view('office/reportin...')
#4 E:\www\FAWE\system\View\View.php(246): include('E:\\www\\FAWE\\ap...')
#5 E:\www\FAWE\system\Common.php(1119): CodeIgniter\View\View->render('template/index', Array, true)
#6 E:\www\FAWE\app\Controllers\Reporting\Project_data\Beneficiaries_report.php(340): view('template/index', Array)
#7 E:\www\FAWE\system\CodeIgniter.php(918): App\Controllers\Reporting\Project_data\Beneficiaries_report->view('2')
#8 E:\www\FAWE\system\CodeIgniter.php(404): CodeIgniter\CodeIgniter->runController(Object(App\Controllers\Reporting\Project_data\Beneficiaries_report))
#9 E:\www\FAWE\system\CodeIgniter.php(312): CodeIgniter\CodeIgniter->handleRequest(NULL, Object(Config\Cache), false)
#10 E:\www\FAWE\index.php(45): CodeIgniter\CodeIgniter->run()
#11 {main}
CRITICAL - 2021-08-08 05:18:23 --> Undefined variable: record
#0 E:\www\FAWE\app\Views\office\reporting\project_data\beneficiaries_report\view.php(78): CodeIgniter\Debug\Exceptions->errorHandler(8, 'Undefined varia...', 'E:\\www\\FAWE\\ap...', 78, Array)
#1 E:\www\FAWE\system\View\View.php(246): include('E:\\www\\FAWE\\ap...')
#2 E:\www\FAWE\system\Common.php(1119): CodeIgniter\View\View->render('office/reportin...', Array, true)
#3 E:\www\FAWE\app\Views\template\index.php(14): view('office/reportin...')
#4 E:\www\FAWE\system\View\View.php(246): include('E:\\www\\FAWE\\ap...')
#5 E:\www\FAWE\system\Common.php(1119): CodeIgniter\View\View->render('template/index', Array, true)
#6 E:\www\FAWE\app\Controllers\Reporting\Project_data\Beneficiaries_report.php(340): view('template/index', Array)
#7 E:\www\FAWE\system\CodeIgniter.php(918): App\Controllers\Reporting\Project_data\Beneficiaries_report->view('2')
#8 E:\www\FAWE\system\CodeIgniter.php(404): CodeIgniter\CodeIgniter->runController(Object(App\Controllers\Reporting\Project_data\Beneficiaries_report))
#9 E:\www\FAWE\system\CodeIgniter.php(312): CodeIgniter\CodeIgniter->handleRequest(NULL, Object(Config\Cache), false)
#10 E:\www\FAWE\index.php(45): CodeIgniter\CodeIgniter->run()
#11 {main}
CRITICAL - 2021-08-08 06:54:05 --> Undefined variable: month
#0 E:\www\FAWE\app\Views\office\system_reports\beneficiaries_report\beneficiaries_report_county\list.php(136): CodeIgniter\Debug\Exceptions->errorHandler(8, 'Undefined varia...', 'E:\\www\\FAWE\\ap...', 136, Array)
#1 E:\www\FAWE\system\View\View.php(246): include('E:\\www\\FAWE\\ap...')
#2 E:\www\FAWE\system\Common.php(1119): CodeIgniter\View\View->render('office/system_r...', Array, true)
#3 E:\www\FAWE\app\Views\template\index.php(14): view('office/system_r...')
#4 E:\www\FAWE\system\View\View.php(246): include('E:\\www\\FAWE\\ap...')
#5 E:\www\FAWE\system\Common.php(1119): CodeIgniter\View\View->render('template/index', Array, true)
#6 E:\www\FAWE\app\Controllers\System_reports\Beneficiaries_report_county.php(74): view('template/index', Array)
#7 E:\www\FAWE\system\CodeIgniter.php(918): App\Controllers\system_reports\beneficiaries_report_county->index()
#8 E:\www\FAWE\system\CodeIgniter.php(404): CodeIgniter\CodeIgniter->runController(Object(App\Controllers\system_reports\beneficiaries_report_county))
#9 E:\www\FAWE\system\CodeIgniter.php(312): CodeIgniter\CodeIgniter->handleRequest(NULL, Object(Config\Cache), false)
#10 E:\www\FAWE\index.php(45): CodeIgniter\CodeIgniter->run()
#11 {main}
CRITICAL - 2021-08-08 06:54:16 --> Undefined variable: month
#0 E:\www\FAWE\app\Views\office\system_reports\beneficiaries_report\beneficiaries_report_county\list.php(136): CodeIgniter\Debug\Exceptions->errorHandler(8, 'Undefined varia...', 'E:\\www\\FAWE\\ap...', 136, Array)
#1 E:\www\FAWE\system\View\View.php(246): include('E:\\www\\FAWE\\ap...')
#2 E:\www\FAWE\system\Common.php(1119): CodeIgniter\View\View->render('office/system_r...', Array, true)
#3 E:\www\FAWE\app\Views\template\index.php(14): view('office/system_r...')
#4 E:\www\FAWE\system\View\View.php(246): include('E:\\www\\FAWE\\ap...')
#5 E:\www\FAWE\system\Common.php(1119): CodeIgniter\View\View->render('template/index', Array, true)
#6 E:\www\FAWE\app\Controllers\System_reports\Beneficiaries_report_county.php(74): view('template/index', Array)
#7 E:\www\FAWE\system\CodeIgniter.php(918): App\Controllers\system_reports\beneficiaries_report_county->index()
#8 E:\www\FAWE\system\CodeIgniter.php(404): CodeIgniter\CodeIgniter->runController(Object(App\Controllers\system_reports\beneficiaries_report_county))
#9 E:\www\FAWE\system\CodeIgniter.php(312): CodeIgniter\CodeIgniter->handleRequest(NULL, Object(Config\Cache), false)
#10 E:\www\FAWE\index.php(45): CodeIgniter\CodeIgniter->run()
#11 {main}
CRITICAL - 2021-08-08 06:54:51 --> Undefined variable: month
#0 E:\www\FAWE\app\Views\office\system_reports\beneficiaries_report\beneficiaries_report_county\report.php(24): CodeIgniter\Debug\Exceptions->errorHandler(8, 'Undefined varia...', 'E:\\www\\FAWE\\ap...', 24, Array)
#1 E:\www\FAWE\app\Views\office\system_reports\beneficiaries_report\beneficiaries_report_county\list.php(166): include('E:\\www\\FAWE\\ap...')
#2 E:\www\FAWE\system\View\View.php(246): include('E:\\www\\FAWE\\ap...')
#3 E:\www\FAWE\system\Common.php(1119): CodeIgniter\View\View->render('office/system_r...', Array, true)
#4 E:\www\FAWE\app\Views\template\index.php(14): view('office/system_r...')
#5 E:\www\FAWE\system\View\View.php(246): include('E:\\www\\FAWE\\ap...')
#6 E:\www\FAWE\system\Common.php(1119): CodeIgniter\View\View->render('template/index', Array, true)
#7 E:\www\FAWE\app\Controllers\System_reports\Beneficiaries_report_county.php(74): view('template/index', Array)
#8 E:\www\FAWE\system\CodeIgniter.php(918): App\Controllers\system_reports\beneficiaries_report_county->index()
#9 E:\www\FAWE\system\CodeIgniter.php(404): CodeIgniter\CodeIgniter->runController(Object(App\Controllers\system_reports\beneficiaries_report_county))
#10 E:\www\FAWE\system\CodeIgniter.php(312): CodeIgniter\CodeIgniter->handleRequest(NULL, Object(Config\Cache), false)
#11 E:\www\FAWE\index.php(45): CodeIgniter\CodeIgniter->run()
#12 {main}
CRITICAL - 2021-08-08 06:55:12 --> Undefined variable: month
#0 E:\www\FAWE\app\Views\office\system_reports\beneficiaries_report\beneficiaries_report_county\report.php(76): CodeIgniter\Debug\Exceptions->errorHandler(8, 'Undefined varia...', 'E:\\www\\FAWE\\ap...', 76, Array)
#1 E:\www\FAWE\app\Views\office\system_reports\beneficiaries_report\beneficiaries_report_county\list.php(166): include('E:\\www\\FAWE\\ap...')
#2 E:\www\FAWE\system\View\View.php(246): include('E:\\www\\FAWE\\ap...')
#3 E:\www\FAWE\system\Common.php(1119): CodeIgniter\View\View->render('office/system_r...', Array, true)
#4 E:\www\FAWE\app\Views\template\index.php(14): view('office/system_r...')
#5 E:\www\FAWE\system\View\View.php(246): include('E:\\www\\FAWE\\ap...')
#6 E:\www\FAWE\system\Common.php(1119): CodeIgniter\View\View->render('template/index', Array, true)
#7 E:\www\FAWE\app\Controllers\System_reports\Beneficiaries_report_county.php(74): view('template/index', Array)
#8 E:\www\FAWE\system\CodeIgniter.php(918): App\Controllers\system_reports\beneficiaries_report_county->index()
#9 E:\www\FAWE\system\CodeIgniter.php(404): CodeIgniter\CodeIgniter->runController(Object(App\Controllers\system_reports\beneficiaries_report_county))
#10 E:\www\FAWE\system\CodeIgniter.php(312): CodeIgniter\CodeIgniter->handleRequest(NULL, Object(Config\Cache), false)
#11 E:\www\FAWE\index.php(45): CodeIgniter\CodeIgniter->run()
#12 {main}
CRITICAL - 2021-08-08 08:56:15 --> syntax error, unexpected 'if' (T_IF)
#0 E:\www\FAWE\system\Common.php(1119): CodeIgniter\View\View->render('template/leftpa...', Array, true)
#1 E:\www\FAWE\app\Views\template\index.php(6): view('template/leftpa...')
#2 E:\www\FAWE\system\View\View.php(246): include('E:\\www\\FAWE\\ap...')
#3 E:\www\FAWE\system\Common.php(1119): CodeIgniter\View\View->render('template/index', Array, true)
#4 E:\www\FAWE\app\Controllers\System_reports\Beneficiaries_report_national.php(74): view('template/index', Array)
#5 E:\www\FAWE\system\CodeIgniter.php(918): App\Controllers\system_reports\Beneficiaries_report_national->index()
#6 E:\www\FAWE\system\CodeIgniter.php(404): CodeIgniter\CodeIgniter->runController(Object(App\Controllers\system_reports\Beneficiaries_report_national))
#7 E:\www\FAWE\system\CodeIgniter.php(312): CodeIgniter\CodeIgniter->handleRequest(NULL, Object(Config\Cache), false)
#8 E:\www\FAWE\index.php(45): CodeIgniter\CodeIgniter->run()
#9 {main}
CRITICAL - 2021-08-08 08:56:15 --> syntax error, unexpected 'if' (T_IF)
#0 E:\www\FAWE\system\Common.php(1119): CodeIgniter\View\View->render('template/leftpa...', Array, true)
#1 E:\www\FAWE\app\Views\template\index.php(6): view('template/leftpa...')
#2 E:\www\FAWE\system\View\View.php(246): include('E:\\www\\FAWE\\ap...')
#3 E:\www\FAWE\system\Common.php(1119): CodeIgniter\View\View->render('template/index', Array, true)
#4 E:\www\FAWE\app\Controllers\System_reports\Beneficiaries_report_national.php(74): view('template/index', Array)
#5 E:\www\FAWE\system\CodeIgniter.php(918): App\Controllers\system_reports\Beneficiaries_report_national->index()
#6 E:\www\FAWE\system\CodeIgniter.php(404): CodeIgniter\CodeIgniter->runController(Object(App\Controllers\system_reports\Beneficiaries_report_national))
#7 E:\www\FAWE\system\CodeIgniter.php(312): CodeIgniter\CodeIgniter->handleRequest(NULL, Object(Config\Cache), false)
#8 E:\www\FAWE\index.php(45): CodeIgniter\CodeIgniter->run()
#9 {main}
CRITICAL - 2021-08-08 08:59:12 --> Undefined variable: county
#0 E:\www\FAWE\app\Views\office\system_reports\beneficiaries_report\beneficiaries_report_national\report.php(3): CodeIgniter\Debug\Exceptions->errorHandler(8, 'Undefined varia...', 'E:\\www\\FAWE\\ap...', 3, Array)
#1 E:\www\FAWE\app\Views\office\system_reports\beneficiaries_report\beneficiaries_report_national\list.php(150): include('E:\\www\\FAWE\\ap...')
#2 E:\www\FAWE\system\View\View.php(246): include('E:\\www\\FAWE\\ap...')
#3 E:\www\FAWE\system\Common.php(1119): CodeIgniter\View\View->render('office/system_r...', Array, true)
#4 E:\www\FAWE\app\Views\template\index.php(14): view('office/system_r...')
#5 E:\www\FAWE\system\View\View.php(246): include('E:\\www\\FAWE\\ap...')
#6 E:\www\FAWE\system\Common.php(1119): CodeIgniter\View\View->render('template/index', Array, true)
#7 E:\www\FAWE\app\Controllers\System_reports\Beneficiaries_report_national.php(73): view('template/index', Array)
#8 E:\www\FAWE\system\CodeIgniter.php(918): App\Controllers\system_reports\Beneficiaries_report_national->index()
#9 E:\www\FAWE\system\CodeIgniter.php(404): CodeIgniter\CodeIgniter->runController(Object(App\Controllers\system_reports\Beneficiaries_report_national))
#10 E:\www\FAWE\system\CodeIgniter.php(312): CodeIgniter\CodeIgniter->handleRequest(NULL, Object(Config\Cache), false)
#11 E:\www\FAWE\index.php(45): CodeIgniter\CodeIgniter->run()
#12 {main}
CRITICAL - 2021-08-08 08:59:29 --> Undefined variable: county
#0 E:\www\FAWE\app\Views\office\system_reports\beneficiaries_report\beneficiaries_report_national\report.php(20): CodeIgniter\Debug\Exceptions->errorHandler(8, 'Undefined varia...', 'E:\\www\\FAWE\\ap...', 20, Array)
#1 E:\www\FAWE\app\Views\office\system_reports\beneficiaries_report\beneficiaries_report_national\list.php(150): include('E:\\www\\FAWE\\ap...')
#2 E:\www\FAWE\system\View\View.php(246): include('E:\\www\\FAWE\\ap...')
#3 E:\www\FAWE\system\Common.php(1119): CodeIgniter\View\View->render('office/system_r...', Array, true)
#4 E:\www\FAWE\app\Views\template\index.php(14): view('office/system_r...')
#5 E:\www\FAWE\system\View\View.php(246): include('E:\\www\\FAWE\\ap...')
#6 E:\www\FAWE\system\Common.php(1119): CodeIgniter\View\View->render('template/index', Array, true)
#7 E:\www\FAWE\app\Controllers\System_reports\Beneficiaries_report_national.php(73): view('template/index', Array)
#8 E:\www\FAWE\system\CodeIgniter.php(918): App\Controllers\system_reports\Beneficiaries_report_national->index()
#9 E:\www\FAWE\system\CodeIgniter.php(404): CodeIgniter\CodeIgniter->runController(Object(App\Controllers\system_reports\Beneficiaries_report_national))
#10 E:\www\FAWE\system\CodeIgniter.php(312): CodeIgniter\CodeIgniter->handleRequest(NULL, Object(Config\Cache), false)
#11 E:\www\FAWE\index.php(45): CodeIgniter\CodeIgniter->run()
#12 {main}
CRITICAL - 2021-08-08 09:03:42 --> Undefined variable: month
#0 E:\www\FAWE\app\Views\office\system_reports\beneficiaries_report\beneficiaries_report_national\report.php(42): CodeIgniter\Debug\Exceptions->errorHandler(8, 'Undefined varia...', 'E:\\www\\FAWE\\ap...', 42, Array)
#1 E:\www\FAWE\app\Views\office\system_reports\beneficiaries_report\beneficiaries_report_national\list.php(150): include('E:\\www\\FAWE\\ap...')
#2 E:\www\FAWE\system\View\View.php(246): include('E:\\www\\FAWE\\ap...')
#3 E:\www\FAWE\system\Common.php(1119): CodeIgniter\View\View->render('office/system_r...', Array, true)
#4 E:\www\FAWE\app\Views\template\index.php(14): view('office/system_r...')
#5 E:\www\FAWE\system\View\View.php(246): include('E:\\www\\FAWE\\ap...')
#6 E:\www\FAWE\system\Common.php(1119): CodeIgniter\View\View->render('template/index', Array, true)
#7 E:\www\FAWE\app\Controllers\System_reports\Beneficiaries_report_national.php(73): view('template/index', Array)
#8 E:\www\FAWE\system\CodeIgniter.php(918): App\Controllers\system_reports\Beneficiaries_report_national->index()
#9 E:\www\FAWE\system\CodeIgniter.php(404): CodeIgniter\CodeIgniter->runController(Object(App\Controllers\system_reports\Beneficiaries_report_national))
#10 E:\www\FAWE\system\CodeIgniter.php(312): CodeIgniter\CodeIgniter->handleRequest(NULL, Object(Config\Cache), false)
#11 E:\www\FAWE\index.php(45): CodeIgniter\CodeIgniter->run()
#12 {main}
