CRITICAL - 2021-07-04 05:49:26 --> Undefined index: strat_interven_category
#0 E:\www\creaw\app\Views\office\planning\strategic_plans\edit_strategic_intervention.php(83): CodeIgniter\Debug\Exceptions->errorHandler(8, 'Undefined index...', 'E:\\www\\creaw\\ap...', 83, Array)
#1 E:\www\creaw\system\View\View.php(246): include('E:\\www\\creaw\\ap...')
#2 E:\www\creaw\system\Common.php(1119): CodeIgniter\View\View->render('office/planning...', Array, true)
#3 E:\www\creaw\app\Views\template\index.php(14): view('office/planning...')
#4 E:\www\creaw\system\View\View.php(246): include('E:\\www\\creaw\\ap...')
#5 E:\www\creaw\system\Common.php(1119): CodeIgniter\View\View->render('template/index', Array, true)
#6 E:\www\creaw\app\Controllers\Planning\Strategic_plans.php(972): view('template/index', Array)
#7 E:\www\creaw\system\CodeIgniter.php(918): App\Controllers\Planning\Strategic_plans->edit_strategic_intervention('3', '')
#8 E:\www\creaw\system\CodeIgniter.php(404): CodeIgniter\CodeIgniter->runController(Object(App\Controllers\Planning\Strategic_plans))
#9 E:\www\creaw\system\CodeIgniter.php(312): CodeIgniter\CodeIgniter->handleRequest(NULL, Object(Config\Cache), false)
#10 E:\www\creaw\index.php(45): CodeIgniter\CodeIgniter->run()
#11 {main}
CRITICAL - 2021-07-04 05:49:27 --> Undefined index: strat_interven_category
#0 E:\www\creaw\app\Views\office\planning\strategic_plans\edit_strategic_intervention.php(83): CodeIgniter\Debug\Exceptions->errorHandler(8, 'Undefined index...', 'E:\\www\\creaw\\ap...', 83, Array)
#1 E:\www\creaw\system\View\View.php(246): include('E:\\www\\creaw\\ap...')
#2 E:\www\creaw\system\Common.php(1119): CodeIgniter\View\View->render('office/planning...', Array, true)
#3 E:\www\creaw\app\Views\template\index.php(14): view('office/planning...')
#4 E:\www\creaw\system\View\View.php(246): include('E:\\www\\creaw\\ap...')
#5 E:\www\creaw\system\Common.php(1119): CodeIgniter\View\View->render('template/index', Array, true)
#6 E:\www\creaw\app\Controllers\Planning\Strategic_plans.php(972): view('template/index', Array)
#7 E:\www\creaw\system\CodeIgniter.php(918): App\Controllers\Planning\Strategic_plans->edit_strategic_intervention('3', '')
#8 E:\www\creaw\system\CodeIgniter.php(404): CodeIgniter\CodeIgniter->runController(Object(App\Controllers\Planning\Strategic_plans))
#9 E:\www\creaw\system\CodeIgniter.php(312): CodeIgniter\CodeIgniter->handleRequest(NULL, Object(Config\Cache), false)
#10 E:\www\creaw\index.php(45): CodeIgniter\CodeIgniter->run()
#11 {main}
CRITICAL - 2021-07-04 06:38:44 --> Undefined variable: db
#0 E:\www\creaw\app\Views\office\planning\project_data\project\add.php(152): CodeIgniter\Debug\Exceptions->errorHandler(8, 'Undefined varia...', 'E:\\www\\creaw\\ap...', 152, Array)
#1 E:\www\creaw\system\View\View.php(246): include('E:\\www\\creaw\\ap...')
#2 E:\www\creaw\system\Common.php(1119): CodeIgniter\View\View->render('office/planning...', Array, true)
#3 E:\www\creaw\app\Views\template\index.php(14): view('office/planning...')
#4 E:\www\creaw\system\View\View.php(246): include('E:\\www\\creaw\\ap...')
#5 E:\www\creaw\system\Common.php(1119): CodeIgniter\View\View->render('template/index', Array, true)
#6 E:\www\creaw\app\Controllers\Planning\Project.php(240): view('template/index', Array)
#7 E:\www\creaw\system\CodeIgniter.php(918): App\Controllers\Planning\Project->add('')
#8 E:\www\creaw\system\CodeIgniter.php(404): CodeIgniter\CodeIgniter->runController(Object(App\Controllers\Planning\Project))
#9 E:\www\creaw\system\CodeIgniter.php(312): CodeIgniter\CodeIgniter->handleRequest(NULL, Object(Config\Cache), false)
#10 E:\www\creaw\index.php(45): CodeIgniter\CodeIgniter->run()
#11 {main}
CRITICAL - 2021-07-04 06:38:44 --> Undefined variable: db
#0 E:\www\creaw\app\Views\office\planning\project_data\project\add.php(152): CodeIgniter\Debug\Exceptions->errorHandler(8, 'Undefined varia...', 'E:\\www\\creaw\\ap...', 152, Array)
#1 E:\www\creaw\system\View\View.php(246): include('E:\\www\\creaw\\ap...')
#2 E:\www\creaw\system\Common.php(1119): CodeIgniter\View\View->render('office/planning...', Array, true)
#3 E:\www\creaw\app\Views\template\index.php(14): view('office/planning...')
#4 E:\www\creaw\system\View\View.php(246): include('E:\\www\\creaw\\ap...')
#5 E:\www\creaw\system\Common.php(1119): CodeIgniter\View\View->render('template/index', Array, true)
#6 E:\www\creaw\app\Controllers\Planning\Project.php(240): view('template/index', Array)
#7 E:\www\creaw\system\CodeIgniter.php(918): App\Controllers\Planning\Project->add('')
#8 E:\www\creaw\system\CodeIgniter.php(404): CodeIgniter\CodeIgniter->runController(Object(App\Controllers\Planning\Project))
#9 E:\www\creaw\system\CodeIgniter.php(312): CodeIgniter\CodeIgniter->handleRequest(NULL, Object(Config\Cache), false)
#10 E:\www\creaw\index.php(45): CodeIgniter\CodeIgniter->run()
#11 {main}
CRITICAL - 2021-07-04 06:39:15 --> Unknown column 'base_id' in 'where clause'
#0 E:\www\creaw\system\Database\MySQLi\Connection.php(331): mysqli->query('select * from  ...')
#1 E:\www\creaw\system\Database\BaseConnection.php(741): CodeIgniter\Database\MySQLi\Connection->execute('select * from  ...')
#2 E:\www\creaw\system\Database\BaseConnection.php(669): CodeIgniter\Database\BaseConnection->simpleQuery('select * from  ...')
#3 E:\www\creaw\app\Views\office\planning\project_data\project\add.php(154): CodeIgniter\Database\BaseConnection->query('select * from  ...')
#4 E:\www\creaw\system\View\View.php(246): include('E:\\www\\creaw\\ap...')
#5 E:\www\creaw\system\Common.php(1119): CodeIgniter\View\View->render('office/planning...', Array, true)
#6 E:\www\creaw\app\Views\template\index.php(14): view('office/planning...')
#7 E:\www\creaw\system\View\View.php(246): include('E:\\www\\creaw\\ap...')
#8 E:\www\creaw\system\Common.php(1119): CodeIgniter\View\View->render('template/index', Array, true)
#9 E:\www\creaw\app\Controllers\Planning\Project.php(240): view('template/index', Array)
#10 E:\www\creaw\system\CodeIgniter.php(918): App\Controllers\Planning\Project->add('')
#11 E:\www\creaw\system\CodeIgniter.php(404): CodeIgniter\CodeIgniter->runController(Object(App\Controllers\Planning\Project))
#12 E:\www\creaw\system\CodeIgniter.php(312): CodeIgniter\CodeIgniter->handleRequest(NULL, Object(Config\Cache), false)
#13 E:\www\creaw\index.php(45): CodeIgniter\CodeIgniter->run()
#14 {main}
CRITICAL - 2021-07-04 06:39:16 --> Unknown column 'base_id' in 'where clause'
#0 E:\www\creaw\system\Database\MySQLi\Connection.php(331): mysqli->query('select * from  ...')
#1 E:\www\creaw\system\Database\BaseConnection.php(741): CodeIgniter\Database\MySQLi\Connection->execute('select * from  ...')
#2 E:\www\creaw\system\Database\BaseConnection.php(669): CodeIgniter\Database\BaseConnection->simpleQuery('select * from  ...')
#3 E:\www\creaw\app\Views\office\planning\project_data\project\add.php(154): CodeIgniter\Database\BaseConnection->query('select * from  ...')
#4 E:\www\creaw\system\View\View.php(246): include('E:\\www\\creaw\\ap...')
#5 E:\www\creaw\system\Common.php(1119): CodeIgniter\View\View->render('office/planning...', Array, true)
#6 E:\www\creaw\app\Views\template\index.php(14): view('office/planning...')
#7 E:\www\creaw\system\View\View.php(246): include('E:\\www\\creaw\\ap...')
#8 E:\www\creaw\system\Common.php(1119): CodeIgniter\View\View->render('template/index', Array, true)
#9 E:\www\creaw\app\Controllers\Planning\Project.php(240): view('template/index', Array)
#10 E:\www\creaw\system\CodeIgniter.php(918): App\Controllers\Planning\Project->add('')
#11 E:\www\creaw\system\CodeIgniter.php(404): CodeIgniter\CodeIgniter->runController(Object(App\Controllers\Planning\Project))
#12 E:\www\creaw\system\CodeIgniter.php(312): CodeIgniter\CodeIgniter->handleRequest(NULL, Object(Config\Cache), false)
#13 E:\www\creaw\index.php(45): CodeIgniter\CodeIgniter->run()
#14 {main}
CRITICAL - 2021-07-04 06:50:27 --> Undefined index: project_budget
#0 E:\www\creaw\app\Views\office\planning\project_data\project\edit.php(156): CodeIgniter\Debug\Exceptions->errorHandler(8, 'Undefined index...', 'E:\\www\\creaw\\ap...', 156, Array)
#1 E:\www\creaw\system\View\View.php(246): include('E:\\www\\creaw\\ap...')
#2 E:\www\creaw\system\Common.php(1119): CodeIgniter\View\View->render('office/planning...', Array, true)
#3 E:\www\creaw\app\Views\template\index.php(14): view('office/planning...')
#4 E:\www\creaw\system\View\View.php(246): include('E:\\www\\creaw\\ap...')
#5 E:\www\creaw\system\Common.php(1119): CodeIgniter\View\View->render('template/index', Array, true)
#6 E:\www\creaw\app\Controllers\Planning\Project.php(493): view('template/index', Array)
#7 E:\www\creaw\system\CodeIgniter.php(918): App\Controllers\Planning\Project->edit('7')
#8 E:\www\creaw\system\CodeIgniter.php(404): CodeIgniter\CodeIgniter->runController(Object(App\Controllers\Planning\Project))
#9 E:\www\creaw\system\CodeIgniter.php(312): CodeIgniter\CodeIgniter->handleRequest(NULL, Object(Config\Cache), false)
#10 E:\www\creaw\index.php(45): CodeIgniter\CodeIgniter->run()
#11 {main}
CRITICAL - 2021-07-04 06:50:27 --> Undefined index: project_budget
#0 E:\www\creaw\app\Views\office\planning\project_data\project\edit.php(156): CodeIgniter\Debug\Exceptions->errorHandler(8, 'Undefined index...', 'E:\\www\\creaw\\ap...', 156, Array)
#1 E:\www\creaw\system\View\View.php(246): include('E:\\www\\creaw\\ap...')
#2 E:\www\creaw\system\Common.php(1119): CodeIgniter\View\View->render('office/planning...', Array, true)
#3 E:\www\creaw\app\Views\template\index.php(14): view('office/planning...')
#4 E:\www\creaw\system\View\View.php(246): include('E:\\www\\creaw\\ap...')
#5 E:\www\creaw\system\Common.php(1119): CodeIgniter\View\View->render('template/index', Array, true)
#6 E:\www\creaw\app\Controllers\Planning\Project.php(493): view('template/index', Array)
#7 E:\www\creaw\system\CodeIgniter.php(918): App\Controllers\Planning\Project->edit('7')
#8 E:\www\creaw\system\CodeIgniter.php(404): CodeIgniter\CodeIgniter->runController(Object(App\Controllers\Planning\Project))
#9 E:\www\creaw\system\CodeIgniter.php(312): CodeIgniter\CodeIgniter->handleRequest(NULL, Object(Config\Cache), false)
#10 E:\www\creaw\index.php(45): CodeIgniter\CodeIgniter->run()
#11 {main}
CRITICAL - 2021-07-04 23:20:57 --> Class 'App\Models\report_submission\Mopedic_annual_performance_reports_model' not found
#0 E:\www\creaw\system\CodeIgniter.php(918): App\Controllers\reporting\organizational_data\org_quarterly_narrative_report->index()
#1 E:\www\creaw\system\CodeIgniter.php(404): CodeIgniter\CodeIgniter->runController(Object(App\Controllers\reporting\organizational_data\org_quarterly_narrative_report))
#2 E:\www\creaw\system\CodeIgniter.php(312): CodeIgniter\CodeIgniter->handleRequest(NULL, Object(Config\Cache), false)
#3 E:\www\creaw\index.php(45): CodeIgniter\CodeIgniter->run()
#4 {main}
CRITICAL - 2021-07-04 23:22:02 --> Class 'App\Controllers\reporting\organizational_data\Mopedic_annual_performance_reports_model' not found
#0 E:\www\creaw\system\CodeIgniter.php(918): App\Controllers\reporting\organizational_data\org_quarterly_narrative_report->index()
#1 E:\www\creaw\system\CodeIgniter.php(404): CodeIgniter\CodeIgniter->runController(Object(App\Controllers\reporting\organizational_data\org_quarterly_narrative_report))
#2 E:\www\creaw\system\CodeIgniter.php(312): CodeIgniter\CodeIgniter->handleRequest(NULL, Object(Config\Cache), false)
#3 E:\www\creaw\index.php(45): CodeIgniter\CodeIgniter->run()
#4 {main}
CRITICAL - 2021-07-04 23:22:40 --> Invalid file: office/report_submission/mopedic_reports/annual_performance_reports/list.php
#0 E:\www\creaw\system\View\View.php(228): CodeIgniter\Exceptions\FrameworkException::forInvalidFile('office/report_s...')
#1 E:\www\creaw\system\Common.php(1119): CodeIgniter\View\View->render('office/report_s...', Array, true)
#2 E:\www\creaw\app\Views\template\index.php(14): view('office/report_s...')
#3 E:\www\creaw\system\View\View.php(246): include('E:\\www\\creaw\\ap...')
#4 E:\www\creaw\system\Common.php(1119): CodeIgniter\View\View->render('template/index', Array, true)
#5 E:\www\creaw\app\Controllers\reporting\organizational_data\Org_quarterly_narrative_report.php(66): view('template/index', Array)
#6 E:\www\creaw\system\CodeIgniter.php(918): App\Controllers\reporting\organizational_data\org_quarterly_narrative_report->index()
#7 E:\www\creaw\system\CodeIgniter.php(404): CodeIgniter\CodeIgniter->runController(Object(App\Controllers\reporting\organizational_data\org_quarterly_narrative_report))
#8 E:\www\creaw\system\CodeIgniter.php(312): CodeIgniter\CodeIgniter->handleRequest(NULL, Object(Config\Cache), false)
#9 E:\www\creaw\index.php(45): CodeIgniter\CodeIgniter->run()
#10 {main}
