CRITICAL - 2021-09-11 02:02:54 --> Undefined variable: newName
#0 E:\www\creaw\app\Controllers\Reporting\Project_data\Project_annual_narrative_report.php(260): CodeIgniter\Debug\Exceptions->errorHandler(8, 'Undefined varia...', 'E:\\www\\creaw\\ap...', 260, Array)
#1 E:\www\creaw\system\CodeIgniter.php(918): App\Controllers\Reporting\Project_data\Project_annual_narrative_report->edit('2')
#2 E:\www\creaw\system\CodeIgniter.php(404): CodeIgniter\CodeIgniter->runController(Object(App\Controllers\Reporting\Project_data\Project_annual_narrative_report))
#3 E:\www\creaw\system\CodeIgniter.php(312): CodeIgniter\CodeIgniter->handleRequest(NULL, Object(Config\Cache), false)
#4 E:\www\creaw\index.php(45): CodeIgniter\CodeIgniter->run()
#5 {main}
CRITICAL - 2021-09-11 02:03:34 --> Undefined variable: db
#0 E:\www\creaw\app\Views\office\reporting\project_data\project_annual_narrative_report\view.php(107): CodeIgniter\Debug\Exceptions->errorHandler(8, 'Undefined varia...', 'E:\\www\\creaw\\ap...', 107, Array)
#1 E:\www\creaw\system\View\View.php(246): include('E:\\www\\creaw\\ap...')
#2 E:\www\creaw\system\Common.php(1119): CodeIgniter\View\View->render('office/reportin...', Array, true)
#3 E:\www\creaw\app\Views\template\index.php(14): view('office/reportin...')
#4 E:\www\creaw\system\View\View.php(246): include('E:\\www\\creaw\\ap...')
#5 E:\www\creaw\system\Common.php(1119): CodeIgniter\View\View->render('template/index', Array, true)
#6 E:\www\creaw\app\Controllers\Reporting\Project_data\Project_annual_narrative_report.php(369): view('template/index', Array)
#7 E:\www\creaw\system\CodeIgniter.php(918): App\Controllers\Reporting\Project_data\Project_annual_narrative_report->view('2')
#8 E:\www\creaw\system\CodeIgniter.php(404): CodeIgniter\CodeIgniter->runController(Object(App\Controllers\Reporting\Project_data\Project_annual_narrative_report))
#9 E:\www\creaw\system\CodeIgniter.php(312): CodeIgniter\CodeIgniter->handleRequest(NULL, Object(Config\Cache), false)
#10 E:\www\creaw\index.php(45): CodeIgniter\CodeIgniter->run()
#11 {main}
CRITICAL - 2021-09-11 02:03:34 --> Undefined variable: db
#0 E:\www\creaw\app\Views\office\reporting\project_data\project_annual_narrative_report\view.php(107): CodeIgniter\Debug\Exceptions->errorHandler(8, 'Undefined varia...', 'E:\\www\\creaw\\ap...', 107, Array)
#1 E:\www\creaw\system\View\View.php(246): include('E:\\www\\creaw\\ap...')
#2 E:\www\creaw\system\Common.php(1119): CodeIgniter\View\View->render('office/reportin...', Array, true)
#3 E:\www\creaw\app\Views\template\index.php(14): view('office/reportin...')
#4 E:\www\creaw\system\View\View.php(246): include('E:\\www\\creaw\\ap...')
#5 E:\www\creaw\system\Common.php(1119): CodeIgniter\View\View->render('template/index', Array, true)
#6 E:\www\creaw\app\Controllers\Reporting\Project_data\Project_annual_narrative_report.php(369): view('template/index', Array)
#7 E:\www\creaw\system\CodeIgniter.php(918): App\Controllers\Reporting\Project_data\Project_annual_narrative_report->view('2')
#8 E:\www\creaw\system\CodeIgniter.php(404): CodeIgniter\CodeIgniter->runController(Object(App\Controllers\Reporting\Project_data\Project_annual_narrative_report))
#9 E:\www\creaw\system\CodeIgniter.php(312): CodeIgniter\CodeIgniter->handleRequest(NULL, Object(Config\Cache), false)
#10 E:\www\creaw\index.php(45): CodeIgniter\CodeIgniter->run()
#11 {main}
CRITICAL - 2021-09-11 02:28:25 --> syntax error, unexpected '$data' (T_VARIABLE), expecting function (T_FUNCTION) or const (T_CONST)
#0 E:\www\creaw\system\Router\Router.php(195): CodeIgniter\Router\Router->autoRoute('/reporting/proj...')
#1 E:\www\creaw\system\CodeIgniter.php(793): CodeIgniter\Router\Router->handle('/reporting/proj...')
#2 E:\www\creaw\system\CodeIgniter.php(364): CodeIgniter\CodeIgniter->tryToRouteIt(Object(CodeIgniter\Router\RouteCollection))
#3 E:\www\creaw\system\CodeIgniter.php(312): CodeIgniter\CodeIgniter->handleRequest(NULL, Object(Config\Cache), false)
#4 E:\www\creaw\index.php(45): CodeIgniter\CodeIgniter->run()
#5 {main}
CRITICAL - 2021-09-11 02:29:06 --> syntax error, unexpected '$data' (T_VARIABLE), expecting function (T_FUNCTION) or const (T_CONST)
#0 E:\www\creaw\system\Router\Router.php(195): CodeIgniter\Router\Router->autoRoute('/reporting/proj...')
#1 E:\www\creaw\system\CodeIgniter.php(793): CodeIgniter\Router\Router->handle('/reporting/proj...')
#2 E:\www\creaw\system\CodeIgniter.php(364): CodeIgniter\CodeIgniter->tryToRouteIt(Object(CodeIgniter\Router\RouteCollection))
#3 E:\www\creaw\system\CodeIgniter.php(312): CodeIgniter\CodeIgniter->handleRequest(NULL, Object(Config\Cache), false)
#4 E:\www\creaw\index.php(45): CodeIgniter\CodeIgniter->run()
#5 {main}
CRITICAL - 2021-09-11 02:29:14 --> syntax error, unexpected '$data' (T_VARIABLE), expecting function (T_FUNCTION) or const (T_CONST)
#0 E:\www\creaw\system\Router\Router.php(195): CodeIgniter\Router\Router->autoRoute('/reporting/proj...')
#1 E:\www\creaw\system\CodeIgniter.php(793): CodeIgniter\Router\Router->handle('/reporting/proj...')
#2 E:\www\creaw\system\CodeIgniter.php(364): CodeIgniter\CodeIgniter->tryToRouteIt(Object(CodeIgniter\Router\RouteCollection))
#3 E:\www\creaw\system\CodeIgniter.php(312): CodeIgniter\CodeIgniter->handleRequest(NULL, Object(Config\Cache), false)
#4 E:\www\creaw\index.php(45): CodeIgniter\CodeIgniter->run()
#5 {main}
CRITICAL - 2021-09-11 03:16:42 --> Undefined index: quarter
#0 E:\www\creaw\app\Controllers\Reporting\Project_data\Project_semi_annual_workplan_progress_report.php(445): CodeIgniter\Debug\Exceptions->errorHandler(8, 'Undefined index...', 'E:\\www\\creaw\\ap...', 445, Array)
#1 E:\www\creaw\system\CodeIgniter.php(918): App\Controllers\Reporting\Project_data\Project_semi_annual_workplan_progress_report->get_activity_by_year('2021', '12', '0')
#2 E:\www\creaw\system\CodeIgniter.php(404): CodeIgniter\CodeIgniter->runController(Object(App\Controllers\Reporting\Project_data\Project_semi_annual_workplan_progress_report))
#3 E:\www\creaw\system\CodeIgniter.php(312): CodeIgniter\CodeIgniter->handleRequest(NULL, Object(Config\Cache), false)
#4 E:\www\creaw\index.php(45): CodeIgniter\CodeIgniter->run()
#5 {main}
CRITICAL - 2021-09-11 03:17:36 --> Undefined index: quarter
#0 E:\www\creaw\app\Controllers\Reporting\Project_data\Project_semi_annual_workplan_progress_report.php(445): CodeIgniter\Debug\Exceptions->errorHandler(8, 'Undefined index...', 'E:\\www\\creaw\\ap...', 445, Array)
#1 E:\www\creaw\system\CodeIgniter.php(918): App\Controllers\Reporting\Project_data\Project_semi_annual_workplan_progress_report->get_activity_by_year('2021', '12', '0')
#2 E:\www\creaw\system\CodeIgniter.php(404): CodeIgniter\CodeIgniter->runController(Object(App\Controllers\Reporting\Project_data\Project_semi_annual_workplan_progress_report))
#3 E:\www\creaw\system\CodeIgniter.php(312): CodeIgniter\CodeIgniter->handleRequest(NULL, Object(Config\Cache), false)
#4 E:\www\creaw\index.php(45): CodeIgniter\CodeIgniter->run()
#5 {main}
CRITICAL - 2021-09-11 03:20:45 --> Undefined variable: base_id
#0 E:\www\creaw\app\Views\office\reporting\project_data\project_quarterly_narrative_report\edit.php(63): CodeIgniter\Debug\Exceptions->errorHandler(8, 'Undefined varia...', 'E:\\www\\creaw\\ap...', 63, Array)
#1 E:\www\creaw\system\View\View.php(246): include('E:\\www\\creaw\\ap...')
#2 E:\www\creaw\system\Common.php(1119): CodeIgniter\View\View->render('office/reportin...', Array, true)
#3 E:\www\creaw\app\Views\template\index.php(14): view('office/reportin...')
#4 E:\www\creaw\system\View\View.php(246): include('E:\\www\\creaw\\ap...')
#5 E:\www\creaw\system\Common.php(1119): CodeIgniter\View\View->render('template/index', Array, true)
#6 E:\www\creaw\app\Controllers\Reporting\Project_data\Project_quarterly_narrative_report.php(343): view('template/index', Array)
#7 E:\www\creaw\system\CodeIgniter.php(918): App\Controllers\Reporting\Project_data\project_quarterly_narrative_report->edit('3')
#8 E:\www\creaw\system\CodeIgniter.php(404): CodeIgniter\CodeIgniter->runController(Object(App\Controllers\Reporting\Project_data\project_quarterly_narrative_report))
#9 E:\www\creaw\system\CodeIgniter.php(312): CodeIgniter\CodeIgniter->handleRequest(NULL, Object(Config\Cache), false)
#10 E:\www\creaw\index.php(45): CodeIgniter\CodeIgniter->run()
#11 {main}
CRITICAL - 2021-09-11 03:20:45 --> Undefined variable: base_id
#0 E:\www\creaw\app\Views\office\reporting\project_data\project_quarterly_narrative_report\edit.php(63): CodeIgniter\Debug\Exceptions->errorHandler(8, 'Undefined varia...', 'E:\\www\\creaw\\ap...', 63, Array)
#1 E:\www\creaw\system\View\View.php(246): include('E:\\www\\creaw\\ap...')
#2 E:\www\creaw\system\Common.php(1119): CodeIgniter\View\View->render('office/reportin...', Array, true)
#3 E:\www\creaw\app\Views\template\index.php(14): view('office/reportin...')
#4 E:\www\creaw\system\View\View.php(246): include('E:\\www\\creaw\\ap...')
#5 E:\www\creaw\system\Common.php(1119): CodeIgniter\View\View->render('template/index', Array, true)
#6 E:\www\creaw\app\Controllers\Reporting\Project_data\Project_quarterly_narrative_report.php(343): view('template/index', Array)
#7 E:\www\creaw\system\CodeIgniter.php(918): App\Controllers\Reporting\Project_data\project_quarterly_narrative_report->edit('3')
#8 E:\www\creaw\system\CodeIgniter.php(404): CodeIgniter\CodeIgniter->runController(Object(App\Controllers\Reporting\Project_data\project_quarterly_narrative_report))
#9 E:\www\creaw\system\CodeIgniter.php(312): CodeIgniter\CodeIgniter->handleRequest(NULL, Object(Config\Cache), false)
#10 E:\www\creaw\index.php(45): CodeIgniter\CodeIgniter->run()
#11 {main}
CRITICAL - 2021-09-11 03:22:27 --> Undefined variable: base_id
#0 E:\www\creaw\app\Views\office\reporting\project_data\project_quarterly_indicator_tracking_report\edit.php(59): CodeIgniter\Debug\Exceptions->errorHandler(8, 'Undefined varia...', 'E:\\www\\creaw\\ap...', 59, Array)
#1 E:\www\creaw\system\View\View.php(246): include('E:\\www\\creaw\\ap...')
#2 E:\www\creaw\system\Common.php(1119): CodeIgniter\View\View->render('office/reportin...', Array, true)
#3 E:\www\creaw\app\Views\template\index.php(14): view('office/reportin...')
#4 E:\www\creaw\system\View\View.php(246): include('E:\\www\\creaw\\ap...')
#5 E:\www\creaw\system\Common.php(1119): CodeIgniter\View\View->render('template/index', Array, true)
#6 E:\www\creaw\app\Controllers\Reporting\Project_data\Project_quarterly_indicator_tracking_report.php(338): view('template/index', Array)
#7 E:\www\creaw\system\CodeIgniter.php(918): App\Controllers\Reporting\Project_data\project_quarterly_indicator_tracking_report->edit('1')
#8 E:\www\creaw\system\CodeIgniter.php(404): CodeIgniter\CodeIgniter->runController(Object(App\Controllers\Reporting\Project_data\project_quarterly_indicator_tracking_report))
#9 E:\www\creaw\system\CodeIgniter.php(312): CodeIgniter\CodeIgniter->handleRequest(NULL, Object(Config\Cache), false)
#10 E:\www\creaw\index.php(45): CodeIgniter\CodeIgniter->run()
#11 {main}
CRITICAL - 2021-09-11 03:22:27 --> Undefined variable: base_id
#0 E:\www\creaw\app\Views\office\reporting\project_data\project_quarterly_indicator_tracking_report\edit.php(59): CodeIgniter\Debug\Exceptions->errorHandler(8, 'Undefined varia...', 'E:\\www\\creaw\\ap...', 59, Array)
#1 E:\www\creaw\system\View\View.php(246): include('E:\\www\\creaw\\ap...')
#2 E:\www\creaw\system\Common.php(1119): CodeIgniter\View\View->render('office/reportin...', Array, true)
#3 E:\www\creaw\app\Views\template\index.php(14): view('office/reportin...')
#4 E:\www\creaw\system\View\View.php(246): include('E:\\www\\creaw\\ap...')
#5 E:\www\creaw\system\Common.php(1119): CodeIgniter\View\View->render('template/index', Array, true)
#6 E:\www\creaw\app\Controllers\Reporting\Project_data\Project_quarterly_indicator_tracking_report.php(338): view('template/index', Array)
#7 E:\www\creaw\system\CodeIgniter.php(918): App\Controllers\Reporting\Project_data\project_quarterly_indicator_tracking_report->edit('1')
#8 E:\www\creaw\system\CodeIgniter.php(404): CodeIgniter\CodeIgniter->runController(Object(App\Controllers\Reporting\Project_data\project_quarterly_indicator_tracking_report))
#9 E:\www\creaw\system\CodeIgniter.php(312): CodeIgniter\CodeIgniter->handleRequest(NULL, Object(Config\Cache), false)
#10 E:\www\creaw\index.php(45): CodeIgniter\CodeIgniter->run()
#11 {main}
CRITICAL - 2021-09-11 05:45:20 --> Undefined variable: base_id
#0 E:\www\creaw\app\Views\office\reporting\project_data\project_semi_annual_narrative_report\edit.php(63): CodeIgniter\Debug\Exceptions->errorHandler(8, 'Undefined varia...', 'E:\\www\\creaw\\ap...', 63, Array)
#1 E:\www\creaw\system\View\View.php(246): include('E:\\www\\creaw\\ap...')
#2 E:\www\creaw\system\Common.php(1119): CodeIgniter\View\View->render('office/reportin...', Array, true)
#3 E:\www\creaw\app\Views\template\index.php(14): view('office/reportin...')
#4 E:\www\creaw\system\View\View.php(246): include('E:\\www\\creaw\\ap...')
#5 E:\www\creaw\system\Common.php(1119): CodeIgniter\View\View->render('template/index', Array, true)
#6 E:\www\creaw\app\Controllers\Reporting\Project_data\Project_semi_annual_narrative_report.php(327): view('template/index', Array)
#7 E:\www\creaw\system\CodeIgniter.php(918): App\Controllers\Reporting\Project_data\Project_semi_annual_narrative_report->edit('2')
#8 E:\www\creaw\system\CodeIgniter.php(404): CodeIgniter\CodeIgniter->runController(Object(App\Controllers\Reporting\Project_data\Project_semi_annual_narrative_report))
#9 E:\www\creaw\system\CodeIgniter.php(312): CodeIgniter\CodeIgniter->handleRequest(NULL, Object(Config\Cache), false)
#10 E:\www\creaw\index.php(45): CodeIgniter\CodeIgniter->run()
#11 {main}
CRITICAL - 2021-09-11 05:45:20 --> Undefined variable: base_id
#0 E:\www\creaw\app\Views\office\reporting\project_data\project_semi_annual_narrative_report\edit.php(63): CodeIgniter\Debug\Exceptions->errorHandler(8, 'Undefined varia...', 'E:\\www\\creaw\\ap...', 63, Array)
#1 E:\www\creaw\system\View\View.php(246): include('E:\\www\\creaw\\ap...')
#2 E:\www\creaw\system\Common.php(1119): CodeIgniter\View\View->render('office/reportin...', Array, true)
#3 E:\www\creaw\app\Views\template\index.php(14): view('office/reportin...')
#4 E:\www\creaw\system\View\View.php(246): include('E:\\www\\creaw\\ap...')
#5 E:\www\creaw\system\Common.php(1119): CodeIgniter\View\View->render('template/index', Array, true)
#6 E:\www\creaw\app\Controllers\Reporting\Project_data\Project_semi_annual_narrative_report.php(327): view('template/index', Array)
#7 E:\www\creaw\system\CodeIgniter.php(918): App\Controllers\Reporting\Project_data\Project_semi_annual_narrative_report->edit('2')
#8 E:\www\creaw\system\CodeIgniter.php(404): CodeIgniter\CodeIgniter->runController(Object(App\Controllers\Reporting\Project_data\Project_semi_annual_narrative_report))
#9 E:\www\creaw\system\CodeIgniter.php(312): CodeIgniter\CodeIgniter->handleRequest(NULL, Object(Config\Cache), false)
#10 E:\www\creaw\index.php(45): CodeIgniter\CodeIgniter->run()
#11 {main}
CRITICAL - 2021-09-11 05:46:37 --> Undefined variable: base_id
#0 E:\www\creaw\app\Views\office\reporting\project_data\project_semi_annual_indicator_tracking_report\edit.php(59): CodeIgniter\Debug\Exceptions->errorHandler(8, 'Undefined varia...', 'E:\\www\\creaw\\ap...', 59, Array)
#1 E:\www\creaw\system\View\View.php(246): include('E:\\www\\creaw\\ap...')
#2 E:\www\creaw\system\Common.php(1119): CodeIgniter\View\View->render('office/reportin...', Array, true)
#3 E:\www\creaw\app\Views\template\index.php(14): view('office/reportin...')
#4 E:\www\creaw\system\View\View.php(246): include('E:\\www\\creaw\\ap...')
#5 E:\www\creaw\system\Common.php(1119): CodeIgniter\View\View->render('template/index', Array, true)
#6 E:\www\creaw\app\Controllers\Reporting\Project_data\Project_semi_annual_indicator_tracking_report.php(338): view('template/index', Array)
#7 E:\www\creaw\system\CodeIgniter.php(918): App\Controllers\Reporting\Project_data\Project_semi_annual_indicator_tracking_report->edit('1')
#8 E:\www\creaw\system\CodeIgniter.php(404): CodeIgniter\CodeIgniter->runController(Object(App\Controllers\Reporting\Project_data\Project_semi_annual_indicator_tracking_report))
#9 E:\www\creaw\system\CodeIgniter.php(312): CodeIgniter\CodeIgniter->handleRequest(NULL, Object(Config\Cache), false)
#10 E:\www\creaw\index.php(45): CodeIgniter\CodeIgniter->run()
#11 {main}
CRITICAL - 2021-09-11 05:46:37 --> Undefined variable: base_id
#0 E:\www\creaw\app\Views\office\reporting\project_data\project_semi_annual_indicator_tracking_report\edit.php(59): CodeIgniter\Debug\Exceptions->errorHandler(8, 'Undefined varia...', 'E:\\www\\creaw\\ap...', 59, Array)
#1 E:\www\creaw\system\View\View.php(246): include('E:\\www\\creaw\\ap...')
#2 E:\www\creaw\system\Common.php(1119): CodeIgniter\View\View->render('office/reportin...', Array, true)
#3 E:\www\creaw\app\Views\template\index.php(14): view('office/reportin...')
#4 E:\www\creaw\system\View\View.php(246): include('E:\\www\\creaw\\ap...')
#5 E:\www\creaw\system\Common.php(1119): CodeIgniter\View\View->render('template/index', Array, true)
#6 E:\www\creaw\app\Controllers\Reporting\Project_data\Project_semi_annual_indicator_tracking_report.php(338): view('template/index', Array)
#7 E:\www\creaw\system\CodeIgniter.php(918): App\Controllers\Reporting\Project_data\Project_semi_annual_indicator_tracking_report->edit('1')
#8 E:\www\creaw\system\CodeIgniter.php(404): CodeIgniter\CodeIgniter->runController(Object(App\Controllers\Reporting\Project_data\Project_semi_annual_indicator_tracking_report))
#9 E:\www\creaw\system\CodeIgniter.php(312): CodeIgniter\CodeIgniter->handleRequest(NULL, Object(Config\Cache), false)
#10 E:\www\creaw\index.php(45): CodeIgniter\CodeIgniter->run()
#11 {main}
CRITICAL - 2021-09-11 05:50:13 --> Undefined variable: base_id
#0 E:\www\creaw\app\Views\office\reporting\project_data\project_annual_indicator_tracking_report\edit.php(59): CodeIgniter\Debug\Exceptions->errorHandler(8, 'Undefined varia...', 'E:\\www\\creaw\\ap...', 59, Array)
#1 E:\www\creaw\system\View\View.php(246): include('E:\\www\\creaw\\ap...')
#2 E:\www\creaw\system\Common.php(1119): CodeIgniter\View\View->render('office/reportin...', Array, true)
#3 E:\www\creaw\app\Views\template\index.php(14): view('office/reportin...')
#4 E:\www\creaw\system\View\View.php(246): include('E:\\www\\creaw\\ap...')
#5 E:\www\creaw\system\Common.php(1119): CodeIgniter\View\View->render('template/index', Array, true)
#6 E:\www\creaw\app\Controllers\Reporting\Project_data\Project_annual_indicator_tracking_report.php(335): view('template/index', Array)
#7 E:\www\creaw\system\CodeIgniter.php(918): App\Controllers\Reporting\Project_data\Project_annual_indicator_tracking_report->edit('1')
#8 E:\www\creaw\system\CodeIgniter.php(404): CodeIgniter\CodeIgniter->runController(Object(App\Controllers\Reporting\Project_data\Project_annual_indicator_tracking_report))
#9 E:\www\creaw\system\CodeIgniter.php(312): CodeIgniter\CodeIgniter->handleRequest(NULL, Object(Config\Cache), false)
#10 E:\www\creaw\index.php(45): CodeIgniter\CodeIgniter->run()
#11 {main}
CRITICAL - 2021-09-11 05:50:13 --> Undefined variable: base_id
#0 E:\www\creaw\app\Views\office\reporting\project_data\project_annual_indicator_tracking_report\edit.php(59): CodeIgniter\Debug\Exceptions->errorHandler(8, 'Undefined varia...', 'E:\\www\\creaw\\ap...', 59, Array)
#1 E:\www\creaw\system\View\View.php(246): include('E:\\www\\creaw\\ap...')
#2 E:\www\creaw\system\Common.php(1119): CodeIgniter\View\View->render('office/reportin...', Array, true)
#3 E:\www\creaw\app\Views\template\index.php(14): view('office/reportin...')
#4 E:\www\creaw\system\View\View.php(246): include('E:\\www\\creaw\\ap...')
#5 E:\www\creaw\system\Common.php(1119): CodeIgniter\View\View->render('template/index', Array, true)
#6 E:\www\creaw\app\Controllers\Reporting\Project_data\Project_annual_indicator_tracking_report.php(335): view('template/index', Array)
#7 E:\www\creaw\system\CodeIgniter.php(918): App\Controllers\Reporting\Project_data\Project_annual_indicator_tracking_report->edit('1')
#8 E:\www\creaw\system\CodeIgniter.php(404): CodeIgniter\CodeIgniter->runController(Object(App\Controllers\Reporting\Project_data\Project_annual_indicator_tracking_report))
#9 E:\www\creaw\system\CodeIgniter.php(312): CodeIgniter\CodeIgniter->handleRequest(NULL, Object(Config\Cache), false)
#10 E:\www\creaw\index.php(45): CodeIgniter\CodeIgniter->run()
#11 {main}
