CRITICAL - 2021-07-10 00:27:58 --> syntax error, unexpected end of file, expecting function (T_FUNCTION) or const (T_CONST)
#0 E:\www\FAWE\system\Router\Router.php(195): CodeIgniter\Router\Router->autoRoute('/reporting/orga...')
#1 E:\www\FAWE\system\CodeIgniter.php(793): CodeIgniter\Router\Router->handle('/reporting/orga...')
#2 E:\www\FAWE\system\CodeIgniter.php(364): CodeIgniter\CodeIgniter->tryToRouteIt(Object(CodeIgniter\Router\RouteCollection))
#3 E:\www\FAWE\system\CodeIgniter.php(312): CodeIgniter\CodeIgniter->handleRequest(NULL, Object(Config\Cache), false)
#4 E:\www\FAWE\index.php(45): CodeIgniter\CodeIgniter->run()
#5 {main}
CRITICAL - 2021-07-10 00:50:41 --> Undefined variable: unit_data
#0 E:\www\FAWE\app\Controllers\reporting\organizational_data\Monitoring_visit_report.php(493): CodeIgniter\Debug\Exceptions->errorHandler(8, 'Undefined varia...', 'E:\\www\\FAWE\\ap...', 493, Array)
#1 E:\www\FAWE\system\CodeIgniter.php(918): App\Controllers\reporting\organizational_data\Monitoring_visit_report->get_project()
#2 E:\www\FAWE\system\CodeIgniter.php(404): CodeIgniter\CodeIgniter->runController(Object(App\Controllers\reporting\organizational_data\Monitoring_visit_report))
#3 E:\www\FAWE\system\CodeIgniter.php(312): CodeIgniter\CodeIgniter->handleRequest(NULL, Object(Config\Cache), false)
#4 E:\www\FAWE\index.php(45): CodeIgniter\CodeIgniter->run()
#5 {main}
CRITICAL - 2021-07-10 00:50:55 --> Undefined variable: unit_data
#0 E:\www\FAWE\app\Controllers\reporting\organizational_data\Monitoring_visit_report.php(493): CodeIgniter\Debug\Exceptions->errorHandler(8, 'Undefined varia...', 'E:\\www\\FAWE\\ap...', 493, Array)
#1 E:\www\FAWE\system\CodeIgniter.php(918): App\Controllers\reporting\organizational_data\Monitoring_visit_report->get_project()
#2 E:\www\FAWE\system\CodeIgniter.php(404): CodeIgniter\CodeIgniter->runController(Object(App\Controllers\reporting\organizational_data\Monitoring_visit_report))
#3 E:\www\FAWE\system\CodeIgniter.php(312): CodeIgniter\CodeIgniter->handleRequest(NULL, Object(Config\Cache), false)
#4 E:\www\FAWE\index.php(45): CodeIgniter\CodeIgniter->run()
#5 {main}
CRITICAL - 2021-07-10 00:50:58 --> Undefined variable: unit_data
#0 E:\www\FAWE\app\Controllers\reporting\organizational_data\Monitoring_visit_report.php(493): CodeIgniter\Debug\Exceptions->errorHandler(8, 'Undefined varia...', 'E:\\www\\FAWE\\ap...', 493, Array)
#1 E:\www\FAWE\system\CodeIgniter.php(918): App\Controllers\reporting\organizational_data\Monitoring_visit_report->get_project()
#2 E:\www\FAWE\system\CodeIgniter.php(404): CodeIgniter\CodeIgniter->runController(Object(App\Controllers\reporting\organizational_data\Monitoring_visit_report))
#3 E:\www\FAWE\system\CodeIgniter.php(312): CodeIgniter\CodeIgniter->handleRequest(NULL, Object(Config\Cache), false)
#4 E:\www\FAWE\index.php(45): CodeIgniter\CodeIgniter->run()
#5 {main}
CRITICAL - 2021-07-10 00:54:43 --> syntax error, unexpected '}', expecting end of file
#0 E:\www\FAWE\system\Router\Router.php(195): CodeIgniter\Router\Router->autoRoute('/reporting/orga...')
#1 E:\www\FAWE\system\CodeIgniter.php(793): CodeIgniter\Router\Router->handle('/reporting/orga...')
#2 E:\www\FAWE\system\CodeIgniter.php(364): CodeIgniter\CodeIgniter->tryToRouteIt(Object(CodeIgniter\Router\RouteCollection))
#3 E:\www\FAWE\system\CodeIgniter.php(312): CodeIgniter\CodeIgniter->handleRequest(NULL, Object(Config\Cache), false)
#4 E:\www\FAWE\index.php(45): CodeIgniter\CodeIgniter->run()
#5 {main}
CRITICAL - 2021-07-10 03:53:53 --> Unknown column 'agenda_female' in 'field list'
#0 E:\www\FAWE\system\Database\MySQLi\Connection.php(331): mysqli->query('INSERT INTO `mo...')
#1 E:\www\FAWE\system\Database\BaseConnection.php(741): CodeIgniter\Database\MySQLi\Connection->execute('INSERT INTO `mo...')
#2 E:\www\FAWE\system\Database\BaseConnection.php(669): CodeIgniter\Database\BaseConnection->simpleQuery('INSERT INTO `mo...')
#3 E:\www\FAWE\system\Database\BaseBuilder.php(2249): CodeIgniter\Database\BaseConnection->query('INSERT INTO `mo...', Array, false)
#4 E:\www\FAWE\app\Controllers\reporting\organizational_data\Monitoring_visit_report.php(188): CodeIgniter\Database\BaseBuilder->insert(Array)
#5 E:\www\FAWE\system\CodeIgniter.php(918): App\Controllers\reporting\organizational_data\Monitoring_visit_report->add()
#6 E:\www\FAWE\system\CodeIgniter.php(404): CodeIgniter\CodeIgniter->runController(Object(App\Controllers\reporting\organizational_data\Monitoring_visit_report))
#7 E:\www\FAWE\system\CodeIgniter.php(312): CodeIgniter\CodeIgniter->handleRequest(NULL, Object(Config\Cache), false)
#8 E:\www\FAWE\index.php(45): CodeIgniter\CodeIgniter->run()
#9 {main}
CRITICAL - 2021-07-10 04:01:03 --> Unknown column 'agenda_female' in 'field list'
#0 E:\www\FAWE\system\Database\MySQLi\Connection.php(331): mysqli->query('INSERT INTO `mo...')
#1 E:\www\FAWE\system\Database\BaseConnection.php(741): CodeIgniter\Database\MySQLi\Connection->execute('INSERT INTO `mo...')
#2 E:\www\FAWE\system\Database\BaseConnection.php(669): CodeIgniter\Database\BaseConnection->simpleQuery('INSERT INTO `mo...')
#3 E:\www\FAWE\system\Database\BaseBuilder.php(2249): CodeIgniter\Database\BaseConnection->query('INSERT INTO `mo...', Array, false)
#4 E:\www\FAWE\app\Controllers\reporting\organizational_data\Monitoring_visit_report.php(188): CodeIgniter\Database\BaseBuilder->insert(Array)
#5 E:\www\FAWE\system\CodeIgniter.php(918): App\Controllers\reporting\organizational_data\Monitoring_visit_report->add()
#6 E:\www\FAWE\system\CodeIgniter.php(404): CodeIgniter\CodeIgniter->runController(Object(App\Controllers\reporting\organizational_data\Monitoring_visit_report))
#7 E:\www\FAWE\system\CodeIgniter.php(312): CodeIgniter\CodeIgniter->handleRequest(NULL, Object(Config\Cache), false)
#8 E:\www\FAWE\index.php(45): CodeIgniter\CodeIgniter->run()
#9 {main}
CRITICAL - 2021-07-10 04:02:12 --> Unknown column 'agenda_female' in 'field list'
#0 E:\www\FAWE\system\Database\MySQLi\Connection.php(331): mysqli->query('INSERT INTO `mo...')
#1 E:\www\FAWE\system\Database\BaseConnection.php(741): CodeIgniter\Database\MySQLi\Connection->execute('INSERT INTO `mo...')
#2 E:\www\FAWE\system\Database\BaseConnection.php(669): CodeIgniter\Database\BaseConnection->simpleQuery('INSERT INTO `mo...')
#3 E:\www\FAWE\system\Database\BaseBuilder.php(2249): CodeIgniter\Database\BaseConnection->query('INSERT INTO `mo...', Array, false)
#4 E:\www\FAWE\app\Controllers\reporting\organizational_data\Monitoring_visit_report.php(188): CodeIgniter\Database\BaseBuilder->insert(Array)
#5 E:\www\FAWE\system\CodeIgniter.php(918): App\Controllers\reporting\organizational_data\Monitoring_visit_report->add()
#6 E:\www\FAWE\system\CodeIgniter.php(404): CodeIgniter\CodeIgniter->runController(Object(App\Controllers\reporting\organizational_data\Monitoring_visit_report))
#7 E:\www\FAWE\system\CodeIgniter.php(312): CodeIgniter\CodeIgniter->handleRequest(NULL, Object(Config\Cache), false)
#8 E:\www\FAWE\index.php(45): CodeIgniter\CodeIgniter->run()
#9 {main}
CRITICAL - 2021-07-10 04:03:04 --> Undefined index: case_type
#0 E:\www\FAWE\app\Views\office\reporting\organizational_data\monitoring_visit_report\list.php(39): CodeIgniter\Debug\Exceptions->errorHandler(8, 'Undefined index...', 'E:\\www\\FAWE\\ap...', 39, Array)
#1 E:\www\FAWE\system\View\View.php(246): include('E:\\www\\FAWE\\ap...')
#2 E:\www\FAWE\system\Common.php(1119): CodeIgniter\View\View->render('office/reportin...', Array, true)
#3 E:\www\FAWE\app\Views\template\index.php(14): view('office/reportin...')
#4 E:\www\FAWE\system\View\View.php(246): include('E:\\www\\FAWE\\ap...')
#5 E:\www\FAWE\system\Common.php(1119): CodeIgniter\View\View->render('template/index', Array, true)
#6 E:\www\FAWE\app\Controllers\reporting\organizational_data\Monitoring_visit_report.php(68): view('template/index', Array)
#7 E:\www\FAWE\system\CodeIgniter.php(918): App\Controllers\reporting\organizational_data\Monitoring_visit_report->index()
#8 E:\www\FAWE\system\CodeIgniter.php(404): CodeIgniter\CodeIgniter->runController(Object(App\Controllers\reporting\organizational_data\Monitoring_visit_report))
#9 E:\www\FAWE\system\CodeIgniter.php(312): CodeIgniter\CodeIgniter->handleRequest(NULL, Object(Config\Cache), false)
#10 E:\www\FAWE\index.php(45): CodeIgniter\CodeIgniter->run()
#11 {main}
CRITICAL - 2021-07-10 04:03:04 --> Undefined index: case_type
#0 E:\www\FAWE\app\Views\office\reporting\organizational_data\monitoring_visit_report\list.php(39): CodeIgniter\Debug\Exceptions->errorHandler(8, 'Undefined index...', 'E:\\www\\FAWE\\ap...', 39, Array)
#1 E:\www\FAWE\system\View\View.php(246): include('E:\\www\\FAWE\\ap...')
#2 E:\www\FAWE\system\Common.php(1119): CodeIgniter\View\View->render('office/reportin...', Array, true)
#3 E:\www\FAWE\app\Views\template\index.php(14): view('office/reportin...')
#4 E:\www\FAWE\system\View\View.php(246): include('E:\\www\\FAWE\\ap...')
#5 E:\www\FAWE\system\Common.php(1119): CodeIgniter\View\View->render('template/index', Array, true)
#6 E:\www\FAWE\app\Controllers\reporting\organizational_data\Monitoring_visit_report.php(68): view('template/index', Array)
#7 E:\www\FAWE\system\CodeIgniter.php(918): App\Controllers\reporting\organizational_data\Monitoring_visit_report->index()
#8 E:\www\FAWE\system\CodeIgniter.php(404): CodeIgniter\CodeIgniter->runController(Object(App\Controllers\reporting\organizational_data\Monitoring_visit_report))
#9 E:\www\FAWE\system\CodeIgniter.php(312): CodeIgniter\CodeIgniter->handleRequest(NULL, Object(Config\Cache), false)
#10 E:\www\FAWE\index.php(45): CodeIgniter\CodeIgniter->run()
#11 {main}
