CRITICAL - 2021-07-07 23:27:43 --> Undefined property: CodeIgniter\View\View::$db
#0 E:\www\creaw\app\Views\office\reporting\organizational_data\cases_database\add.php(115): CodeIgniter\Debug\Exceptions->errorHandler(8, 'Undefined prope...', 'E:\\www\\creaw\\ap...', 115, Array)
#1 E:\www\creaw\system\View\View.php(246): include('E:\\www\\creaw\\ap...')
#2 E:\www\creaw\system\Common.php(1119): CodeIgniter\View\View->render('office/reportin...', Array, true)
#3 E:\www\creaw\app\Views\template\index.php(14): view('office/reportin...')
#4 E:\www\creaw\system\View\View.php(246): include('E:\\www\\creaw\\ap...')
#5 E:\www\creaw\system\Common.php(1119): CodeIgniter\View\View->render('template/index', Array, true)
#6 E:\www\creaw\app\Controllers\reporting\organizational_data\Cases_database.php(246): view('template/index', Array)
#7 E:\www\creaw\system\CodeIgniter.php(918): App\Controllers\reporting\organizational_data\Cases_database->add()
#8 E:\www\creaw\system\CodeIgniter.php(404): CodeIgniter\CodeIgniter->runController(Object(App\Controllers\reporting\organizational_data\Cases_database))
#9 E:\www\creaw\system\CodeIgniter.php(312): CodeIgniter\CodeIgniter->handleRequest(NULL, Object(Config\Cache), false)
#10 E:\www\creaw\index.php(45): CodeIgniter\CodeIgniter->run()
#11 {main}
CRITICAL - 2021-07-07 23:27:44 --> Undefined property: CodeIgniter\View\View::$db
#0 E:\www\creaw\app\Views\office\reporting\organizational_data\cases_database\add.php(115): CodeIgniter\Debug\Exceptions->errorHandler(8, 'Undefined prope...', 'E:\\www\\creaw\\ap...', 115, Array)
#1 E:\www\creaw\system\View\View.php(246): include('E:\\www\\creaw\\ap...')
#2 E:\www\creaw\system\Common.php(1119): CodeIgniter\View\View->render('office/reportin...', Array, true)
#3 E:\www\creaw\app\Views\template\index.php(14): view('office/reportin...')
#4 E:\www\creaw\system\View\View.php(246): include('E:\\www\\creaw\\ap...')
#5 E:\www\creaw\system\Common.php(1119): CodeIgniter\View\View->render('template/index', Array, true)
#6 E:\www\creaw\app\Controllers\reporting\organizational_data\Cases_database.php(246): view('template/index', Array)
#7 E:\www\creaw\system\CodeIgniter.php(918): App\Controllers\reporting\organizational_data\Cases_database->add()
#8 E:\www\creaw\system\CodeIgniter.php(404): CodeIgniter\CodeIgniter->runController(Object(App\Controllers\reporting\organizational_data\Cases_database))
#9 E:\www\creaw\system\CodeIgniter.php(312): CodeIgniter\CodeIgniter->handleRequest(NULL, Object(Config\Cache), false)
#10 E:\www\creaw\index.php(45): CodeIgniter\CodeIgniter->run()
#11 {main}
CRITICAL - 2021-07-07 23:28:43 --> Undefined property: CodeIgniter\View\View::$db
#0 E:\www\creaw\app\Views\office\reporting\organizational_data\cases_database\add.php(117): CodeIgniter\Debug\Exceptions->errorHandler(8, 'Undefined prope...', 'E:\\www\\creaw\\ap...', 117, Array)
#1 E:\www\creaw\system\View\View.php(246): include('E:\\www\\creaw\\ap...')
#2 E:\www\creaw\system\Common.php(1119): CodeIgniter\View\View->render('office/reportin...', Array, true)
#3 E:\www\creaw\app\Views\template\index.php(14): view('office/reportin...')
#4 E:\www\creaw\system\View\View.php(246): include('E:\\www\\creaw\\ap...')
#5 E:\www\creaw\system\Common.php(1119): CodeIgniter\View\View->render('template/index', Array, true)
#6 E:\www\creaw\app\Controllers\reporting\organizational_data\Cases_database.php(246): view('template/index', Array)
#7 E:\www\creaw\system\CodeIgniter.php(918): App\Controllers\reporting\organizational_data\Cases_database->add()
#8 E:\www\creaw\system\CodeIgniter.php(404): CodeIgniter\CodeIgniter->runController(Object(App\Controllers\reporting\organizational_data\Cases_database))
#9 E:\www\creaw\system\CodeIgniter.php(312): CodeIgniter\CodeIgniter->handleRequest(NULL, Object(Config\Cache), false)
#10 E:\www\creaw\index.php(45): CodeIgniter\CodeIgniter->run()
#11 {main}
CRITICAL - 2021-07-07 23:28:43 --> Undefined property: CodeIgniter\View\View::$db
#0 E:\www\creaw\app\Views\office\reporting\organizational_data\cases_database\add.php(117): CodeIgniter\Debug\Exceptions->errorHandler(8, 'Undefined prope...', 'E:\\www\\creaw\\ap...', 117, Array)
#1 E:\www\creaw\system\View\View.php(246): include('E:\\www\\creaw\\ap...')
#2 E:\www\creaw\system\Common.php(1119): CodeIgniter\View\View->render('office/reportin...', Array, true)
#3 E:\www\creaw\app\Views\template\index.php(14): view('office/reportin...')
#4 E:\www\creaw\system\View\View.php(246): include('E:\\www\\creaw\\ap...')
#5 E:\www\creaw\system\Common.php(1119): CodeIgniter\View\View->render('template/index', Array, true)
#6 E:\www\creaw\app\Controllers\reporting\organizational_data\Cases_database.php(246): view('template/index', Array)
#7 E:\www\creaw\system\CodeIgniter.php(918): App\Controllers\reporting\organizational_data\Cases_database->add()
#8 E:\www\creaw\system\CodeIgniter.php(404): CodeIgniter\CodeIgniter->runController(Object(App\Controllers\reporting\organizational_data\Cases_database))
#9 E:\www\creaw\system\CodeIgniter.php(312): CodeIgniter\CodeIgniter->handleRequest(NULL, Object(Config\Cache), false)
#10 E:\www\creaw\index.php(45): CodeIgniter\CodeIgniter->run()
#11 {main}
CRITICAL - 2021-07-07 23:50:33 --> syntax error, unexpected ''.$this->session->userdata('' (T_CONSTANT_ENCAPSED_STRING), expecting ',' or ')'
#0 E:\www\creaw\system\Common.php(1119): CodeIgniter\View\View->render('office/reportin...', Array, true)
#1 E:\www\creaw\app\Views\template\index.php(14): view('office/reportin...')
#2 E:\www\creaw\system\View\View.php(246): include('E:\\www\\creaw\\ap...')
#3 E:\www\creaw\system\Common.php(1119): CodeIgniter\View\View->render('template/index', Array, true)
#4 E:\www\creaw\app\Controllers\reporting\organizational_data\Cases_database.php(246): view('template/index', Array)
#5 E:\www\creaw\system\CodeIgniter.php(918): App\Controllers\reporting\organizational_data\Cases_database->add()
#6 E:\www\creaw\system\CodeIgniter.php(404): CodeIgniter\CodeIgniter->runController(Object(App\Controllers\reporting\organizational_data\Cases_database))
#7 E:\www\creaw\system\CodeIgniter.php(312): CodeIgniter\CodeIgniter->handleRequest(NULL, Object(Config\Cache), false)
#8 E:\www\creaw\index.php(45): CodeIgniter\CodeIgniter->run()
#9 {main}
CRITICAL - 2021-07-07 23:50:33 --> syntax error, unexpected ''.$this->session->userdata('' (T_CONSTANT_ENCAPSED_STRING), expecting ',' or ')'
#0 E:\www\creaw\system\Common.php(1119): CodeIgniter\View\View->render('office/reportin...', Array, true)
#1 E:\www\creaw\app\Views\template\index.php(14): view('office/reportin...')
#2 E:\www\creaw\system\View\View.php(246): include('E:\\www\\creaw\\ap...')
#3 E:\www\creaw\system\Common.php(1119): CodeIgniter\View\View->render('template/index', Array, true)
#4 E:\www\creaw\app\Controllers\reporting\organizational_data\Cases_database.php(246): view('template/index', Array)
#5 E:\www\creaw\system\CodeIgniter.php(918): App\Controllers\reporting\organizational_data\Cases_database->add()
#6 E:\www\creaw\system\CodeIgniter.php(404): CodeIgniter\CodeIgniter->runController(Object(App\Controllers\reporting\organizational_data\Cases_database))
#7 E:\www\creaw\system\CodeIgniter.php(312): CodeIgniter\CodeIgniter->handleRequest(NULL, Object(Config\Cache), false)
#8 E:\www\creaw\index.php(45): CodeIgniter\CodeIgniter->run()
#9 {main}
CRITICAL - 2021-07-07 23:51:16 --> Undefined variable: case_number
#0 E:\www\creaw\app\Views\office\reporting\organizational_data\cases_database\add.php(129): CodeIgniter\Debug\Exceptions->errorHandler(8, 'Undefined varia...', 'E:\\www\\creaw\\ap...', 129, Array)
#1 E:\www\creaw\system\View\View.php(246): include('E:\\www\\creaw\\ap...')
#2 E:\www\creaw\system\Common.php(1119): CodeIgniter\View\View->render('office/reportin...', Array, true)
#3 E:\www\creaw\app\Views\template\index.php(14): view('office/reportin...')
#4 E:\www\creaw\system\View\View.php(246): include('E:\\www\\creaw\\ap...')
#5 E:\www\creaw\system\Common.php(1119): CodeIgniter\View\View->render('template/index', Array, true)
#6 E:\www\creaw\app\Controllers\reporting\organizational_data\Cases_database.php(246): view('template/index', Array)
#7 E:\www\creaw\system\CodeIgniter.php(918): App\Controllers\reporting\organizational_data\Cases_database->add()
#8 E:\www\creaw\system\CodeIgniter.php(404): CodeIgniter\CodeIgniter->runController(Object(App\Controllers\reporting\organizational_data\Cases_database))
#9 E:\www\creaw\system\CodeIgniter.php(312): CodeIgniter\CodeIgniter->handleRequest(NULL, Object(Config\Cache), false)
#10 E:\www\creaw\index.php(45): CodeIgniter\CodeIgniter->run()
#11 {main}
CRITICAL - 2021-07-07 23:51:16 --> Undefined variable: case_number
#0 E:\www\creaw\app\Views\office\reporting\organizational_data\cases_database\add.php(129): CodeIgniter\Debug\Exceptions->errorHandler(8, 'Undefined varia...', 'E:\\www\\creaw\\ap...', 129, Array)
#1 E:\www\creaw\system\View\View.php(246): include('E:\\www\\creaw\\ap...')
#2 E:\www\creaw\system\Common.php(1119): CodeIgniter\View\View->render('office/reportin...', Array, true)
#3 E:\www\creaw\app\Views\template\index.php(14): view('office/reportin...')
#4 E:\www\creaw\system\View\View.php(246): include('E:\\www\\creaw\\ap...')
#5 E:\www\creaw\system\Common.php(1119): CodeIgniter\View\View->render('template/index', Array, true)
#6 E:\www\creaw\app\Controllers\reporting\organizational_data\Cases_database.php(246): view('template/index', Array)
#7 E:\www\creaw\system\CodeIgniter.php(918): App\Controllers\reporting\organizational_data\Cases_database->add()
#8 E:\www\creaw\system\CodeIgniter.php(404): CodeIgniter\CodeIgniter->runController(Object(App\Controllers\reporting\organizational_data\Cases_database))
#9 E:\www\creaw\system\CodeIgniter.php(312): CodeIgniter\CodeIgniter->handleRequest(NULL, Object(Config\Cache), false)
#10 E:\www\creaw\index.php(45): CodeIgniter\CodeIgniter->run()
#11 {main}
CRITICAL - 2021-07-07 23:51:34 --> Call to undefined method CodeIgniter\Database\MySQLi\Result::num_rows()
#0 E:\www\creaw\system\View\View.php(246): include()
#1 E:\www\creaw\system\Common.php(1119): CodeIgniter\View\View->render('office/reportin...', Array, true)
#2 E:\www\creaw\app\Views\template\index.php(14): view('office/reportin...')
#3 E:\www\creaw\system\View\View.php(246): include('E:\\www\\creaw\\ap...')
#4 E:\www\creaw\system\Common.php(1119): CodeIgniter\View\View->render('template/index', Array, true)
#5 E:\www\creaw\app\Controllers\reporting\organizational_data\Cases_database.php(246): view('template/index', Array)
#6 E:\www\creaw\system\CodeIgniter.php(918): App\Controllers\reporting\organizational_data\Cases_database->add()
#7 E:\www\creaw\system\CodeIgniter.php(404): CodeIgniter\CodeIgniter->runController(Object(App\Controllers\reporting\organizational_data\Cases_database))
#8 E:\www\creaw\system\CodeIgniter.php(312): CodeIgniter\CodeIgniter->handleRequest(NULL, Object(Config\Cache), false)
#9 E:\www\creaw\index.php(45): CodeIgniter\CodeIgniter->run()
#10 {main}
CRITICAL - 2021-07-07 23:51:34 --> Call to undefined method CodeIgniter\Database\MySQLi\Result::num_rows()
#0 E:\www\creaw\system\View\View.php(246): include()
#1 E:\www\creaw\system\Common.php(1119): CodeIgniter\View\View->render('office/reportin...', Array, true)
#2 E:\www\creaw\app\Views\template\index.php(14): view('office/reportin...')
#3 E:\www\creaw\system\View\View.php(246): include('E:\\www\\creaw\\ap...')
#4 E:\www\creaw\system\Common.php(1119): CodeIgniter\View\View->render('template/index', Array, true)
#5 E:\www\creaw\app\Controllers\reporting\organizational_data\Cases_database.php(246): view('template/index', Array)
#6 E:\www\creaw\system\CodeIgniter.php(918): App\Controllers\reporting\organizational_data\Cases_database->add()
#7 E:\www\creaw\system\CodeIgniter.php(404): CodeIgniter\CodeIgniter->runController(Object(App\Controllers\reporting\organizational_data\Cases_database))
#8 E:\www\creaw\system\CodeIgniter.php(312): CodeIgniter\CodeIgniter->handleRequest(NULL, Object(Config\Cache), false)
#9 E:\www\creaw\index.php(45): CodeIgniter\CodeIgniter->run()
#10 {main}
CRITICAL - 2021-07-07 23:52:24 --> Call to undefined method CodeIgniter\Database\MySQLi\Result::countAll()
#0 E:\www\creaw\system\View\View.php(246): include()
#1 E:\www\creaw\system\Common.php(1119): CodeIgniter\View\View->render('office/reportin...', Array, true)
#2 E:\www\creaw\app\Views\template\index.php(14): view('office/reportin...')
#3 E:\www\creaw\system\View\View.php(246): include('E:\\www\\creaw\\ap...')
#4 E:\www\creaw\system\Common.php(1119): CodeIgniter\View\View->render('template/index', Array, true)
#5 E:\www\creaw\app\Controllers\reporting\organizational_data\Cases_database.php(246): view('template/index', Array)
#6 E:\www\creaw\system\CodeIgniter.php(918): App\Controllers\reporting\organizational_data\Cases_database->add()
#7 E:\www\creaw\system\CodeIgniter.php(404): CodeIgniter\CodeIgniter->runController(Object(App\Controllers\reporting\organizational_data\Cases_database))
#8 E:\www\creaw\system\CodeIgniter.php(312): CodeIgniter\CodeIgniter->handleRequest(NULL, Object(Config\Cache), false)
#9 E:\www\creaw\index.php(45): CodeIgniter\CodeIgniter->run()
#10 {main}
CRITICAL - 2021-07-07 23:52:25 --> Call to undefined method CodeIgniter\Database\MySQLi\Result::countAll()
#0 E:\www\creaw\system\View\View.php(246): include()
#1 E:\www\creaw\system\Common.php(1119): CodeIgniter\View\View->render('office/reportin...', Array, true)
#2 E:\www\creaw\app\Views\template\index.php(14): view('office/reportin...')
#3 E:\www\creaw\system\View\View.php(246): include('E:\\www\\creaw\\ap...')
#4 E:\www\creaw\system\Common.php(1119): CodeIgniter\View\View->render('template/index', Array, true)
#5 E:\www\creaw\app\Controllers\reporting\organizational_data\Cases_database.php(246): view('template/index', Array)
#6 E:\www\creaw\system\CodeIgniter.php(918): App\Controllers\reporting\organizational_data\Cases_database->add()
#7 E:\www\creaw\system\CodeIgniter.php(404): CodeIgniter\CodeIgniter->runController(Object(App\Controllers\reporting\organizational_data\Cases_database))
#8 E:\www\creaw\system\CodeIgniter.php(312): CodeIgniter\CodeIgniter->handleRequest(NULL, Object(Config\Cache), false)
#9 E:\www\creaw\index.php(45): CodeIgniter\CodeIgniter->run()
#10 {main}
CRITICAL - 2021-07-07 23:52:46 --> Call to undefined method CodeIgniter\Database\MySQLi\Result::getNumRows()
#0 E:\www\creaw\system\View\View.php(246): include()
#1 E:\www\creaw\system\Common.php(1119): CodeIgniter\View\View->render('office/reportin...', Array, true)
#2 E:\www\creaw\app\Views\template\index.php(14): view('office/reportin...')
#3 E:\www\creaw\system\View\View.php(246): include('E:\\www\\creaw\\ap...')
#4 E:\www\creaw\system\Common.php(1119): CodeIgniter\View\View->render('template/index', Array, true)
#5 E:\www\creaw\app\Controllers\reporting\organizational_data\Cases_database.php(246): view('template/index', Array)
#6 E:\www\creaw\system\CodeIgniter.php(918): App\Controllers\reporting\organizational_data\Cases_database->add()
#7 E:\www\creaw\system\CodeIgniter.php(404): CodeIgniter\CodeIgniter->runController(Object(App\Controllers\reporting\organizational_data\Cases_database))
#8 E:\www\creaw\system\CodeIgniter.php(312): CodeIgniter\CodeIgniter->handleRequest(NULL, Object(Config\Cache), false)
#9 E:\www\creaw\index.php(45): CodeIgniter\CodeIgniter->run()
#10 {main}
CRITICAL - 2021-07-07 23:52:47 --> Call to undefined method CodeIgniter\Database\MySQLi\Result::getNumRows()
#0 E:\www\creaw\system\View\View.php(246): include()
#1 E:\www\creaw\system\Common.php(1119): CodeIgniter\View\View->render('office/reportin...', Array, true)
#2 E:\www\creaw\app\Views\template\index.php(14): view('office/reportin...')
#3 E:\www\creaw\system\View\View.php(246): include('E:\\www\\creaw\\ap...')
#4 E:\www\creaw\system\Common.php(1119): CodeIgniter\View\View->render('template/index', Array, true)
#5 E:\www\creaw\app\Controllers\reporting\organizational_data\Cases_database.php(246): view('template/index', Array)
#6 E:\www\creaw\system\CodeIgniter.php(918): App\Controllers\reporting\organizational_data\Cases_database->add()
#7 E:\www\creaw\system\CodeIgniter.php(404): CodeIgniter\CodeIgniter->runController(Object(App\Controllers\reporting\organizational_data\Cases_database))
#8 E:\www\creaw\system\CodeIgniter.php(312): CodeIgniter\CodeIgniter->handleRequest(NULL, Object(Config\Cache), false)
#9 E:\www\creaw\index.php(45): CodeIgniter\CodeIgniter->run()
#10 {main}
CRITICAL - 2021-07-07 23:53:34 --> Undefined variable: case_number
#0 E:\www\creaw\app\Views\office\reporting\organizational_data\cases_database\add.php(129): CodeIgniter\Debug\Exceptions->errorHandler(8, 'Undefined varia...', 'E:\\www\\creaw\\ap...', 129, Array)
#1 E:\www\creaw\system\View\View.php(246): include('E:\\www\\creaw\\ap...')
#2 E:\www\creaw\system\Common.php(1119): CodeIgniter\View\View->render('office/reportin...', Array, true)
#3 E:\www\creaw\app\Views\template\index.php(14): view('office/reportin...')
#4 E:\www\creaw\system\View\View.php(246): include('E:\\www\\creaw\\ap...')
#5 E:\www\creaw\system\Common.php(1119): CodeIgniter\View\View->render('template/index', Array, true)
#6 E:\www\creaw\app\Controllers\reporting\organizational_data\Cases_database.php(246): view('template/index', Array)
#7 E:\www\creaw\system\CodeIgniter.php(918): App\Controllers\reporting\organizational_data\Cases_database->add()
#8 E:\www\creaw\system\CodeIgniter.php(404): CodeIgniter\CodeIgniter->runController(Object(App\Controllers\reporting\organizational_data\Cases_database))
#9 E:\www\creaw\system\CodeIgniter.php(312): CodeIgniter\CodeIgniter->handleRequest(NULL, Object(Config\Cache), false)
#10 E:\www\creaw\index.php(45): CodeIgniter\CodeIgniter->run()
#11 {main}
CRITICAL - 2021-07-07 23:53:34 --> Undefined variable: case_number
#0 E:\www\creaw\app\Views\office\reporting\organizational_data\cases_database\add.php(129): CodeIgniter\Debug\Exceptions->errorHandler(8, 'Undefined varia...', 'E:\\www\\creaw\\ap...', 129, Array)
#1 E:\www\creaw\system\View\View.php(246): include('E:\\www\\creaw\\ap...')
#2 E:\www\creaw\system\Common.php(1119): CodeIgniter\View\View->render('office/reportin...', Array, true)
#3 E:\www\creaw\app\Views\template\index.php(14): view('office/reportin...')
#4 E:\www\creaw\system\View\View.php(246): include('E:\\www\\creaw\\ap...')
#5 E:\www\creaw\system\Common.php(1119): CodeIgniter\View\View->render('template/index', Array, true)
#6 E:\www\creaw\app\Controllers\reporting\organizational_data\Cases_database.php(246): view('template/index', Array)
#7 E:\www\creaw\system\CodeIgniter.php(918): App\Controllers\reporting\organizational_data\Cases_database->add()
#8 E:\www\creaw\system\CodeIgniter.php(404): CodeIgniter\CodeIgniter->runController(Object(App\Controllers\reporting\organizational_data\Cases_database))
#9 E:\www\creaw\system\CodeIgniter.php(312): CodeIgniter\CodeIgniter->handleRequest(NULL, Object(Config\Cache), false)
#10 E:\www\creaw\index.php(45): CodeIgniter\CodeIgniter->run()
#11 {main}
CRITICAL - 2021-07-07 23:53:54 --> syntax error, unexpected '?>'
#0 E:\www\creaw\system\Common.php(1119): CodeIgniter\View\View->render('office/reportin...', Array, true)
#1 E:\www\creaw\app\Views\template\index.php(14): view('office/reportin...')
#2 E:\www\creaw\system\View\View.php(246): include('E:\\www\\creaw\\ap...')
#3 E:\www\creaw\system\Common.php(1119): CodeIgniter\View\View->render('template/index', Array, true)
#4 E:\www\creaw\app\Controllers\reporting\organizational_data\Cases_database.php(246): view('template/index', Array)
#5 E:\www\creaw\system\CodeIgniter.php(918): App\Controllers\reporting\organizational_data\Cases_database->add()
#6 E:\www\creaw\system\CodeIgniter.php(404): CodeIgniter\CodeIgniter->runController(Object(App\Controllers\reporting\organizational_data\Cases_database))
#7 E:\www\creaw\system\CodeIgniter.php(312): CodeIgniter\CodeIgniter->handleRequest(NULL, Object(Config\Cache), false)
#8 E:\www\creaw\index.php(45): CodeIgniter\CodeIgniter->run()
#9 {main}
CRITICAL - 2021-07-07 23:53:54 --> syntax error, unexpected '?>'
#0 E:\www\creaw\system\Common.php(1119): CodeIgniter\View\View->render('office/reportin...', Array, true)
#1 E:\www\creaw\app\Views\template\index.php(14): view('office/reportin...')
#2 E:\www\creaw\system\View\View.php(246): include('E:\\www\\creaw\\ap...')
#3 E:\www\creaw\system\Common.php(1119): CodeIgniter\View\View->render('template/index', Array, true)
#4 E:\www\creaw\app\Controllers\reporting\organizational_data\Cases_database.php(246): view('template/index', Array)
#5 E:\www\creaw\system\CodeIgniter.php(918): App\Controllers\reporting\organizational_data\Cases_database->add()
#6 E:\www\creaw\system\CodeIgniter.php(404): CodeIgniter\CodeIgniter->runController(Object(App\Controllers\reporting\organizational_data\Cases_database))
#7 E:\www\creaw\system\CodeIgniter.php(312): CodeIgniter\CodeIgniter->handleRequest(NULL, Object(Config\Cache), false)
#8 E:\www\creaw\index.php(45): CodeIgniter\CodeIgniter->run()
#9 {main}
CRITICAL - 2021-07-07 23:54:16 --> Call to undefined method CodeIgniter\Database\MySQLi\Result::getNumRows()
#0 E:\www\creaw\system\View\View.php(246): include()
#1 E:\www\creaw\system\Common.php(1119): CodeIgniter\View\View->render('office/reportin...', Array, true)
#2 E:\www\creaw\app\Views\template\index.php(14): view('office/reportin...')
#3 E:\www\creaw\system\View\View.php(246): include('E:\\www\\creaw\\ap...')
#4 E:\www\creaw\system\Common.php(1119): CodeIgniter\View\View->render('template/index', Array, true)
#5 E:\www\creaw\app\Controllers\reporting\organizational_data\Cases_database.php(246): view('template/index', Array)
#6 E:\www\creaw\system\CodeIgniter.php(918): App\Controllers\reporting\organizational_data\Cases_database->add()
#7 E:\www\creaw\system\CodeIgniter.php(404): CodeIgniter\CodeIgniter->runController(Object(App\Controllers\reporting\organizational_data\Cases_database))
#8 E:\www\creaw\system\CodeIgniter.php(312): CodeIgniter\CodeIgniter->handleRequest(NULL, Object(Config\Cache), false)
#9 E:\www\creaw\index.php(45): CodeIgniter\CodeIgniter->run()
#10 {main}
CRITICAL - 2021-07-07 23:54:16 --> Call to undefined method CodeIgniter\Database\MySQLi\Result::getNumRows()
#0 E:\www\creaw\system\View\View.php(246): include()
#1 E:\www\creaw\system\Common.php(1119): CodeIgniter\View\View->render('office/reportin...', Array, true)
#2 E:\www\creaw\app\Views\template\index.php(14): view('office/reportin...')
#3 E:\www\creaw\system\View\View.php(246): include('E:\\www\\creaw\\ap...')
#4 E:\www\creaw\system\Common.php(1119): CodeIgniter\View\View->render('template/index', Array, true)
#5 E:\www\creaw\app\Controllers\reporting\organizational_data\Cases_database.php(246): view('template/index', Array)
#6 E:\www\creaw\system\CodeIgniter.php(918): App\Controllers\reporting\organizational_data\Cases_database->add()
#7 E:\www\creaw\system\CodeIgniter.php(404): CodeIgniter\CodeIgniter->runController(Object(App\Controllers\reporting\organizational_data\Cases_database))
#8 E:\www\creaw\system\CodeIgniter.php(312): CodeIgniter\CodeIgniter->handleRequest(NULL, Object(Config\Cache), false)
#9 E:\www\creaw\index.php(45): CodeIgniter\CodeIgniter->run()
#10 {main}
CRITICAL - 2021-07-07 23:55:12 --> Call to undefined method CodeIgniter\Database\MySQLi\Result::getNumRows()
#0 E:\www\creaw\system\View\View.php(246): include()
#1 E:\www\creaw\system\Common.php(1119): CodeIgniter\View\View->render('office/reportin...', Array, true)
#2 E:\www\creaw\app\Views\template\index.php(14): view('office/reportin...')
#3 E:\www\creaw\system\View\View.php(246): include('E:\\www\\creaw\\ap...')
#4 E:\www\creaw\system\Common.php(1119): CodeIgniter\View\View->render('template/index', Array, true)
#5 E:\www\creaw\app\Controllers\reporting\organizational_data\Cases_database.php(246): view('template/index', Array)
#6 E:\www\creaw\system\CodeIgniter.php(918): App\Controllers\reporting\organizational_data\Cases_database->add()
#7 E:\www\creaw\system\CodeIgniter.php(404): CodeIgniter\CodeIgniter->runController(Object(App\Controllers\reporting\organizational_data\Cases_database))
#8 E:\www\creaw\system\CodeIgniter.php(312): CodeIgniter\CodeIgniter->handleRequest(NULL, Object(Config\Cache), false)
#9 E:\www\creaw\index.php(45): CodeIgniter\CodeIgniter->run()
#10 {main}
CRITICAL - 2021-07-07 23:55:12 --> Call to undefined method CodeIgniter\Database\MySQLi\Result::getNumRows()
#0 E:\www\creaw\system\View\View.php(246): include()
#1 E:\www\creaw\system\Common.php(1119): CodeIgniter\View\View->render('office/reportin...', Array, true)
#2 E:\www\creaw\app\Views\template\index.php(14): view('office/reportin...')
#3 E:\www\creaw\system\View\View.php(246): include('E:\\www\\creaw\\ap...')
#4 E:\www\creaw\system\Common.php(1119): CodeIgniter\View\View->render('template/index', Array, true)
#5 E:\www\creaw\app\Controllers\reporting\organizational_data\Cases_database.php(246): view('template/index', Array)
#6 E:\www\creaw\system\CodeIgniter.php(918): App\Controllers\reporting\organizational_data\Cases_database->add()
#7 E:\www\creaw\system\CodeIgniter.php(404): CodeIgniter\CodeIgniter->runController(Object(App\Controllers\reporting\organizational_data\Cases_database))
#8 E:\www\creaw\system\CodeIgniter.php(312): CodeIgniter\CodeIgniter->handleRequest(NULL, Object(Config\Cache), false)
#9 E:\www\creaw\index.php(45): CodeIgniter\CodeIgniter->run()
#10 {main}
