CRITICAL - 2021-06-26 01:27:17 --> Undefined variable: fydp
#0 E:\www\creaw\app\Views\office\planning\project_data\project_annual_plan\add.php(168): CodeIgniter\Debug\Exceptions->errorHandler(8, 'Undefined varia...', 'E:\\www\\creaw\\ap...', 168, Array)
#1 E:\www\creaw\system\View\View.php(246): include('E:\\www\\creaw\\ap...')
#2 E:\www\creaw\system\Common.php(1119): CodeIgniter\View\View->render('office/planning...', Array, true)
#3 E:\www\creaw\app\Views\template\index.php(14): view('office/planning...')
#4 E:\www\creaw\system\View\View.php(246): include('E:\\www\\creaw\\ap...')
#5 E:\www\creaw\system\Common.php(1119): CodeIgniter\View\View->render('template/index', Array, true)
#6 E:\www\creaw\app\Controllers\Planning\Project_annual_plan.php(190): view('template/index', Array)
#7 E:\www\creaw\system\CodeIgniter.php(918): App\Controllers\Planning\Project_annual_plan->add('1')
#8 E:\www\creaw\system\CodeIgniter.php(404): CodeIgniter\CodeIgniter->runController(Object(App\Controllers\Planning\Project_annual_plan))
#9 E:\www\creaw\system\CodeIgniter.php(312): CodeIgniter\CodeIgniter->handleRequest(NULL, Object(Config\Cache), false)
#10 E:\www\creaw\index.php(45): CodeIgniter\CodeIgniter->run()
#11 {main}
CRITICAL - 2021-06-26 01:27:17 --> Undefined variable: fydp
#0 E:\www\creaw\app\Views\office\planning\project_data\project_annual_plan\add.php(168): CodeIgniter\Debug\Exceptions->errorHandler(8, 'Undefined varia...', 'E:\\www\\creaw\\ap...', 168, Array)
#1 E:\www\creaw\system\View\View.php(246): include('E:\\www\\creaw\\ap...')
#2 E:\www\creaw\system\Common.php(1119): CodeIgniter\View\View->render('office/planning...', Array, true)
#3 E:\www\creaw\app\Views\template\index.php(14): view('office/planning...')
#4 E:\www\creaw\system\View\View.php(246): include('E:\\www\\creaw\\ap...')
#5 E:\www\creaw\system\Common.php(1119): CodeIgniter\View\View->render('template/index', Array, true)
#6 E:\www\creaw\app\Controllers\Planning\Project_annual_plan.php(190): view('template/index', Array)
#7 E:\www\creaw\system\CodeIgniter.php(918): App\Controllers\Planning\Project_annual_plan->add('1')
#8 E:\www\creaw\system\CodeIgniter.php(404): CodeIgniter\CodeIgniter->runController(Object(App\Controllers\Planning\Project_annual_plan))
#9 E:\www\creaw\system\CodeIgniter.php(312): CodeIgniter\CodeIgniter->handleRequest(NULL, Object(Config\Cache), false)
#10 E:\www\creaw\index.php(45): CodeIgniter\CodeIgniter->run()
#11 {main}
CRITICAL - 2021-06-26 01:27:54 --> Undefined variable: fydp
#0 E:\www\creaw\app\Views\office\planning\project_data\project_annual_plan\add.php(168): CodeIgniter\Debug\Exceptions->errorHandler(8, 'Undefined varia...', 'E:\\www\\creaw\\ap...', 168, Array)
#1 E:\www\creaw\system\View\View.php(246): include('E:\\www\\creaw\\ap...')
#2 E:\www\creaw\system\Common.php(1119): CodeIgniter\View\View->render('office/planning...', Array, true)
#3 E:\www\creaw\app\Views\template\index.php(14): view('office/planning...')
#4 E:\www\creaw\system\View\View.php(246): include('E:\\www\\creaw\\ap...')
#5 E:\www\creaw\system\Common.php(1119): CodeIgniter\View\View->render('template/index', Array, true)
#6 E:\www\creaw\app\Controllers\Planning\Project_annual_plan.php(190): view('template/index', Array)
#7 E:\www\creaw\system\CodeIgniter.php(918): App\Controllers\Planning\Project_annual_plan->add('1')
#8 E:\www\creaw\system\CodeIgniter.php(404): CodeIgniter\CodeIgniter->runController(Object(App\Controllers\Planning\Project_annual_plan))
#9 E:\www\creaw\system\CodeIgniter.php(312): CodeIgniter\CodeIgniter->handleRequest(NULL, Object(Config\Cache), false)
#10 E:\www\creaw\index.php(45): CodeIgniter\CodeIgniter->run()
#11 {main}
CRITICAL - 2021-06-26 01:27:54 --> Undefined variable: fydp
#0 E:\www\creaw\app\Views\office\planning\project_data\project_annual_plan\add.php(168): CodeIgniter\Debug\Exceptions->errorHandler(8, 'Undefined varia...', 'E:\\www\\creaw\\ap...', 168, Array)
#1 E:\www\creaw\system\View\View.php(246): include('E:\\www\\creaw\\ap...')
#2 E:\www\creaw\system\Common.php(1119): CodeIgniter\View\View->render('office/planning...', Array, true)
#3 E:\www\creaw\app\Views\template\index.php(14): view('office/planning...')
#4 E:\www\creaw\system\View\View.php(246): include('E:\\www\\creaw\\ap...')
#5 E:\www\creaw\system\Common.php(1119): CodeIgniter\View\View->render('template/index', Array, true)
#6 E:\www\creaw\app\Controllers\Planning\Project_annual_plan.php(190): view('template/index', Array)
#7 E:\www\creaw\system\CodeIgniter.php(918): App\Controllers\Planning\Project_annual_plan->add('1')
#8 E:\www\creaw\system\CodeIgniter.php(404): CodeIgniter\CodeIgniter->runController(Object(App\Controllers\Planning\Project_annual_plan))
#9 E:\www\creaw\system\CodeIgniter.php(312): CodeIgniter\CodeIgniter->handleRequest(NULL, Object(Config\Cache), false)
#10 E:\www\creaw\index.php(45): CodeIgniter\CodeIgniter->run()
#11 {main}
CRITICAL - 2021-06-26 01:48:45 --> Array to string conversion
#0 E:\www\creaw\app\Views\office\planning\project_data\project_annual_plan\add_activity.php(3): CodeIgniter\Debug\Exceptions->errorHandler(8, 'Array to string...', 'E:\\www\\creaw\\ap...', 3, Array)
#1 E:\www\creaw\system\View\View.php(246): include('E:\\www\\creaw\\ap...')
#2 E:\www\creaw\system\Common.php(1119): CodeIgniter\View\View->render('office/planning...', Array, true)
#3 E:\www\creaw\app\Views\template\index.php(14): view('office/planning...')
#4 E:\www\creaw\system\View\View.php(246): include('E:\\www\\creaw\\ap...')
#5 E:\www\creaw\system\Common.php(1119): CodeIgniter\View\View->render('template/index', Array, true)
#6 E:\www\creaw\app\Controllers\Planning\Project_annual_plan.php(420): view('template/index', Array)
#7 E:\www\creaw\system\CodeIgniter.php(918): App\Controllers\Planning\Project_annual_plan->update_plan('1', '')
#8 E:\www\creaw\system\CodeIgniter.php(404): CodeIgniter\CodeIgniter->runController(Object(App\Controllers\Planning\Project_annual_plan))
#9 E:\www\creaw\system\CodeIgniter.php(312): CodeIgniter\CodeIgniter->handleRequest(NULL, Object(Config\Cache), false)
#10 E:\www\creaw\index.php(45): CodeIgniter\CodeIgniter->run()
#11 {main}
CRITICAL - 2021-06-26 01:48:45 --> Array to string conversion
#0 E:\www\creaw\app\Views\office\planning\project_data\project_annual_plan\add_activity.php(3): CodeIgniter\Debug\Exceptions->errorHandler(8, 'Array to string...', 'E:\\www\\creaw\\ap...', 3, Array)
#1 E:\www\creaw\system\View\View.php(246): include('E:\\www\\creaw\\ap...')
#2 E:\www\creaw\system\Common.php(1119): CodeIgniter\View\View->render('office/planning...', Array, true)
#3 E:\www\creaw\app\Views\template\index.php(14): view('office/planning...')
#4 E:\www\creaw\system\View\View.php(246): include('E:\\www\\creaw\\ap...')
#5 E:\www\creaw\system\Common.php(1119): CodeIgniter\View\View->render('template/index', Array, true)
#6 E:\www\creaw\app\Controllers\Planning\Project_annual_plan.php(420): view('template/index', Array)
#7 E:\www\creaw\system\CodeIgniter.php(918): App\Controllers\Planning\Project_annual_plan->update_plan('1', '')
#8 E:\www\creaw\system\CodeIgniter.php(404): CodeIgniter\CodeIgniter->runController(Object(App\Controllers\Planning\Project_annual_plan))
#9 E:\www\creaw\system\CodeIgniter.php(312): CodeIgniter\CodeIgniter->handleRequest(NULL, Object(Config\Cache), false)
#10 E:\www\creaw\index.php(45): CodeIgniter\CodeIgniter->run()
#11 {main}
CRITICAL - 2021-06-26 06:01:30 --> Unknown column 'activity_name' in 'field list'
#0 E:\www\creaw\system\Database\MySQLi\Connection.php(331): mysqli->query('UPDATE `project...')
#1 E:\www\creaw\system\Database\BaseConnection.php(741): CodeIgniter\Database\MySQLi\Connection->execute('UPDATE `project...')
#2 E:\www\creaw\system\Database\BaseConnection.php(669): CodeIgniter\Database\BaseConnection->simpleQuery('UPDATE `project...')
#3 E:\www\creaw\system\Database\BaseBuilder.php(2456): CodeIgniter\Database\BaseConnection->query('UPDATE `project...', Array, false)
#4 E:\www\creaw\app\Controllers\Planning\Project_annual_plan.php(385): CodeIgniter\Database\BaseBuilder->update(Array, Array)
#5 E:\www\creaw\system\CodeIgniter.php(918): App\Controllers\Planning\Project_annual_plan->update_plan('1', '')
#6 E:\www\creaw\system\CodeIgniter.php(404): CodeIgniter\CodeIgniter->runController(Object(App\Controllers\Planning\Project_annual_plan))
#7 E:\www\creaw\system\CodeIgniter.php(312): CodeIgniter\CodeIgniter->handleRequest(NULL, Object(Config\Cache), false)
#8 E:\www\creaw\index.php(45): CodeIgniter\CodeIgniter->run()
#9 {main}
CRITICAL - 2021-06-26 06:02:10 --> Column 'year' cannot be null
#0 E:\www\creaw\system\Database\MySQLi\Connection.php(331): mysqli->query('INSERT INTO `pr...')
#1 E:\www\creaw\system\Database\BaseConnection.php(741): CodeIgniter\Database\MySQLi\Connection->execute('INSERT INTO `pr...')
#2 E:\www\creaw\system\Database\BaseConnection.php(669): CodeIgniter\Database\BaseConnection->simpleQuery('INSERT INTO `pr...')
#3 E:\www\creaw\system\Database\BaseBuilder.php(2249): CodeIgniter\Database\BaseConnection->query('INSERT INTO `pr...', Array, false)
#4 E:\www\creaw\app\Controllers\Planning\Project_annual_plan.php(416): CodeIgniter\Database\BaseBuilder->insert(Array)
#5 E:\www\creaw\system\CodeIgniter.php(918): App\Controllers\Planning\Project_annual_plan->update_plan('1', '')
#6 E:\www\creaw\system\CodeIgniter.php(404): CodeIgniter\CodeIgniter->runController(Object(App\Controllers\Planning\Project_annual_plan))
#7 E:\www\creaw\system\CodeIgniter.php(312): CodeIgniter\CodeIgniter->handleRequest(NULL, Object(Config\Cache), false)
#8 E:\www\creaw\index.php(45): CodeIgniter\CodeIgniter->run()
#9 {main}
CRITICAL - 2021-06-26 06:03:17 --> Column 'year' cannot be null
#0 E:\www\creaw\system\Database\MySQLi\Connection.php(331): mysqli->query('INSERT INTO `pr...')
#1 E:\www\creaw\system\Database\BaseConnection.php(741): CodeIgniter\Database\MySQLi\Connection->execute('INSERT INTO `pr...')
#2 E:\www\creaw\system\Database\BaseConnection.php(669): CodeIgniter\Database\BaseConnection->simpleQuery('INSERT INTO `pr...')
#3 E:\www\creaw\system\Database\BaseBuilder.php(2249): CodeIgniter\Database\BaseConnection->query('INSERT INTO `pr...', Array, false)
#4 E:\www\creaw\app\Controllers\Planning\Project_annual_plan.php(416): CodeIgniter\Database\BaseBuilder->insert(Array)
#5 E:\www\creaw\system\CodeIgniter.php(918): App\Controllers\Planning\Project_annual_plan->update_plan('1', '')
#6 E:\www\creaw\system\CodeIgniter.php(404): CodeIgniter\CodeIgniter->runController(Object(App\Controllers\Planning\Project_annual_plan))
#7 E:\www\creaw\system\CodeIgniter.php(312): CodeIgniter\CodeIgniter->handleRequest(NULL, Object(Config\Cache), false)
#8 E:\www\creaw\index.php(45): CodeIgniter\CodeIgniter->run()
#9 {main}
CRITICAL - 2021-06-26 06:03:21 --> Undefined offset: 2021
#0 E:\www\creaw\app\Controllers\Planning\Project_annual_plan.php(410): CodeIgniter\Debug\Exceptions->errorHandler(8, 'Undefined offse...', 'E:\\www\\creaw\\ap...', 410, Array)
#1 E:\www\creaw\system\CodeIgniter.php(918): App\Controllers\Planning\Project_annual_plan->update_plan('1', '')
#2 E:\www\creaw\system\CodeIgniter.php(404): CodeIgniter\CodeIgniter->runController(Object(App\Controllers\Planning\Project_annual_plan))
#3 E:\www\creaw\system\CodeIgniter.php(312): CodeIgniter\CodeIgniter->handleRequest(NULL, Object(Config\Cache), false)
#4 E:\www\creaw\index.php(45): CodeIgniter\CodeIgniter->run()
#5 {main}
CRITICAL - 2021-06-26 06:04:13 --> Undefined offset: 2021
#0 E:\www\creaw\app\Controllers\Planning\Project_annual_plan.php(410): CodeIgniter\Debug\Exceptions->errorHandler(8, 'Undefined offse...', 'E:\\www\\creaw\\ap...', 410, Array)
#1 E:\www\creaw\system\CodeIgniter.php(918): App\Controllers\Planning\Project_annual_plan->update_plan('1', '')
#2 E:\www\creaw\system\CodeIgniter.php(404): CodeIgniter\CodeIgniter->runController(Object(App\Controllers\Planning\Project_annual_plan))
#3 E:\www\creaw\system\CodeIgniter.php(312): CodeIgniter\CodeIgniter->handleRequest(NULL, Object(Config\Cache), false)
#4 E:\www\creaw\index.php(45): CodeIgniter\CodeIgniter->run()
#5 {main}
CRITICAL - 2021-06-26 06:08:55 --> Undefined offset: 2021
#0 E:\www\creaw\app\Controllers\Planning\Project_annual_plan.php(410): CodeIgniter\Debug\Exceptions->errorHandler(8, 'Undefined offse...', 'E:\\www\\creaw\\ap...', 410, Array)
#1 E:\www\creaw\system\CodeIgniter.php(918): App\Controllers\Planning\Project_annual_plan->update_plan('1', '')
#2 E:\www\creaw\system\CodeIgniter.php(404): CodeIgniter\CodeIgniter->runController(Object(App\Controllers\Planning\Project_annual_plan))
#3 E:\www\creaw\system\CodeIgniter.php(312): CodeIgniter\CodeIgniter->handleRequest(NULL, Object(Config\Cache), false)
#4 E:\www\creaw\index.php(45): CodeIgniter\CodeIgniter->run()
#5 {main}
CRITICAL - 2021-06-26 06:10:57 --> Undefined offset: 0
#0 E:\www\creaw\app\Controllers\Planning\Project_annual_plan.php(410): CodeIgniter\Debug\Exceptions->errorHandler(8, 'Undefined offse...', 'E:\\www\\creaw\\ap...', 410, Array)
#1 E:\www\creaw\system\CodeIgniter.php(918): App\Controllers\Planning\Project_annual_plan->update_plan('1', '')
#2 E:\www\creaw\system\CodeIgniter.php(404): CodeIgniter\CodeIgniter->runController(Object(App\Controllers\Planning\Project_annual_plan))
#3 E:\www\creaw\system\CodeIgniter.php(312): CodeIgniter\CodeIgniter->handleRequest(NULL, Object(Config\Cache), false)
#4 E:\www\creaw\index.php(45): CodeIgniter\CodeIgniter->run()
#5 {main}
CRITICAL - 2021-06-26 06:14:39 --> Undefined offset: 4
#0 E:\www\creaw\app\Controllers\Planning\Project_annual_plan.php(411): CodeIgniter\Debug\Exceptions->errorHandler(8, 'Undefined offse...', 'E:\\www\\creaw\\ap...', 411, Array)
#1 E:\www\creaw\system\CodeIgniter.php(918): App\Controllers\Planning\Project_annual_plan->update_plan('1', '')
#2 E:\www\creaw\system\CodeIgniter.php(404): CodeIgniter\CodeIgniter->runController(Object(App\Controllers\Planning\Project_annual_plan))
#3 E:\www\creaw\system\CodeIgniter.php(312): CodeIgniter\CodeIgniter->handleRequest(NULL, Object(Config\Cache), false)
#4 E:\www\creaw\index.php(45): CodeIgniter\CodeIgniter->run()
#5 {main}
CRITICAL - 2021-06-26 06:30:13 --> syntax error, unexpected '$data' (T_VARIABLE), expecting function (T_FUNCTION) or const (T_CONST)
#0 E:\www\creaw\system\Router\Router.php(195): CodeIgniter\Router\Router->autoRoute('/planning/proje...')
#1 E:\www\creaw\system\CodeIgniter.php(793): CodeIgniter\Router\Router->handle('/planning/proje...')
#2 E:\www\creaw\system\CodeIgniter.php(364): CodeIgniter\CodeIgniter->tryToRouteIt(Object(CodeIgniter\Router\RouteCollection))
#3 E:\www\creaw\system\CodeIgniter.php(312): CodeIgniter\CodeIgniter->handleRequest(NULL, Object(Config\Cache), false)
#4 E:\www\creaw\index.php(45): CodeIgniter\CodeIgniter->run()
#5 {main}
CRITICAL - 2021-06-26 06:38:11 --> Table 'creaw.project_activity_annual_plan1' doesn't exist
#0 E:\www\creaw\system\Database\MySQLi\Connection.php(331): mysqli->query('SELECT * from p...')
#1 E:\www\creaw\system\Database\BaseConnection.php(741): CodeIgniter\Database\MySQLi\Connection->execute('SELECT * from p...')
#2 E:\www\creaw\system\Database\BaseConnection.php(669): CodeIgniter\Database\BaseConnection->simpleQuery('SELECT * from p...')
#3 E:\www\creaw\app\Views\office\planning\project_data\project_annual_plan\update_plan.php(104): CodeIgniter\Database\BaseConnection->query('SELECT * from p...')
#4 E:\www\creaw\system\View\View.php(246): include('E:\\www\\creaw\\ap...')
#5 E:\www\creaw\system\Common.php(1119): CodeIgniter\View\View->render('office/planning...', Array, true)
#6 E:\www\creaw\app\Views\template\index.php(14): view('office/planning...')
#7 E:\www\creaw\system\View\View.php(246): include('E:\\www\\creaw\\ap...')
#8 E:\www\creaw\system\Common.php(1119): CodeIgniter\View\View->render('template/index', Array, true)
#9 E:\www\creaw\app\Controllers\Planning\Project_annual_plan.php(441): view('template/index', Array)
#10 E:\www\creaw\system\CodeIgniter.php(918): App\Controllers\Planning\Project_annual_plan->update_plan('1', '')
#11 E:\www\creaw\system\CodeIgniter.php(404): CodeIgniter\CodeIgniter->runController(Object(App\Controllers\Planning\Project_annual_plan))
#12 E:\www\creaw\system\CodeIgniter.php(312): CodeIgniter\CodeIgniter->handleRequest(NULL, Object(Config\Cache), false)
#13 E:\www\creaw\index.php(45): CodeIgniter\CodeIgniter->run()
#14 {main}
CRITICAL - 2021-06-26 06:38:11 --> Table 'creaw.project_activity_annual_plan1' doesn't exist
#0 E:\www\creaw\system\Database\MySQLi\Connection.php(331): mysqli->query('SELECT * from p...')
#1 E:\www\creaw\system\Database\BaseConnection.php(741): CodeIgniter\Database\MySQLi\Connection->execute('SELECT * from p...')
#2 E:\www\creaw\system\Database\BaseConnection.php(669): CodeIgniter\Database\BaseConnection->simpleQuery('SELECT * from p...')
#3 E:\www\creaw\app\Views\office\planning\project_data\project_annual_plan\update_plan.php(104): CodeIgniter\Database\BaseConnection->query('SELECT * from p...')
#4 E:\www\creaw\system\View\View.php(246): include('E:\\www\\creaw\\ap...')
#5 E:\www\creaw\system\Common.php(1119): CodeIgniter\View\View->render('office/planning...', Array, true)
#6 E:\www\creaw\app\Views\template\index.php(14): view('office/planning...')
#7 E:\www\creaw\system\View\View.php(246): include('E:\\www\\creaw\\ap...')
#8 E:\www\creaw\system\Common.php(1119): CodeIgniter\View\View->render('template/index', Array, true)
#9 E:\www\creaw\app\Controllers\Planning\Project_annual_plan.php(441): view('template/index', Array)
#10 E:\www\creaw\system\CodeIgniter.php(918): App\Controllers\Planning\Project_annual_plan->update_plan('1', '')
#11 E:\www\creaw\system\CodeIgniter.php(404): CodeIgniter\CodeIgniter->runController(Object(App\Controllers\Planning\Project_annual_plan))
#12 E:\www\creaw\system\CodeIgniter.php(312): CodeIgniter\CodeIgniter->handleRequest(NULL, Object(Config\Cache), false)
#13 E:\www\creaw\index.php(45): CodeIgniter\CodeIgniter->run()
#14 {main}
CRITICAL - 2021-06-26 07:03:14 --> Use of undefined constant Q1 - assumed 'Q1' (this will throw an Error in a future version of PHP)
#0 E:\www\creaw\app\Views\office\planning\project_data\project_annual_plan\update_plan.php(133): CodeIgniter\Debug\Exceptions->errorHandler(2, 'Use of undefine...', 'E:\\www\\creaw\\ap...', 133, Array)
#1 E:\www\creaw\system\View\View.php(246): include('E:\\www\\creaw\\ap...')
#2 E:\www\creaw\system\Common.php(1119): CodeIgniter\View\View->render('office/planning...', Array, true)
#3 E:\www\creaw\app\Views\template\index.php(14): view('office/planning...')
#4 E:\www\creaw\system\View\View.php(246): include('E:\\www\\creaw\\ap...')
#5 E:\www\creaw\system\Common.php(1119): CodeIgniter\View\View->render('template/index', Array, true)
#6 E:\www\creaw\app\Controllers\Planning\Project_annual_plan.php(441): view('template/index', Array)
#7 E:\www\creaw\system\CodeIgniter.php(918): App\Controllers\Planning\Project_annual_plan->update_plan('1', '')
#8 E:\www\creaw\system\CodeIgniter.php(404): CodeIgniter\CodeIgniter->runController(Object(App\Controllers\Planning\Project_annual_plan))
#9 E:\www\creaw\system\CodeIgniter.php(312): CodeIgniter\CodeIgniter->handleRequest(NULL, Object(Config\Cache), false)
#10 E:\www\creaw\index.php(45): CodeIgniter\CodeIgniter->run()
#11 {main}
CRITICAL - 2021-06-26 07:03:14 --> Use of undefined constant Q1 - assumed 'Q1' (this will throw an Error in a future version of PHP)
#0 E:\www\creaw\app\Views\office\planning\project_data\project_annual_plan\update_plan.php(133): CodeIgniter\Debug\Exceptions->errorHandler(2, 'Use of undefine...', 'E:\\www\\creaw\\ap...', 133, Array)
#1 E:\www\creaw\system\View\View.php(246): include('E:\\www\\creaw\\ap...')
#2 E:\www\creaw\system\Common.php(1119): CodeIgniter\View\View->render('office/planning...', Array, true)
#3 E:\www\creaw\app\Views\template\index.php(14): view('office/planning...')
#4 E:\www\creaw\system\View\View.php(246): include('E:\\www\\creaw\\ap...')
#5 E:\www\creaw\system\Common.php(1119): CodeIgniter\View\View->render('template/index', Array, true)
#6 E:\www\creaw\app\Controllers\Planning\Project_annual_plan.php(441): view('template/index', Array)
#7 E:\www\creaw\system\CodeIgniter.php(918): App\Controllers\Planning\Project_annual_plan->update_plan('1', '')
#8 E:\www\creaw\system\CodeIgniter.php(404): CodeIgniter\CodeIgniter->runController(Object(App\Controllers\Planning\Project_annual_plan))
#9 E:\www\creaw\system\CodeIgniter.php(312): CodeIgniter\CodeIgniter->handleRequest(NULL, Object(Config\Cache), false)
#10 E:\www\creaw\index.php(45): CodeIgniter\CodeIgniter->run()
#11 {main}
CRITICAL - 2021-06-26 08:27:43 --> Undefined variable: form_data
#0 E:\www\creaw\app\Views\office\planning\project_data\project_annual_plan\add.php(165): CodeIgniter\Debug\Exceptions->errorHandler(8, 'Undefined varia...', 'E:\\www\\creaw\\ap...', 165, Array)
#1 E:\www\creaw\system\View\View.php(246): include('E:\\www\\creaw\\ap...')
#2 E:\www\creaw\system\Common.php(1119): CodeIgniter\View\View->render('office/planning...', Array, true)
#3 E:\www\creaw\app\Views\template\index.php(14): view('office/planning...')
#4 E:\www\creaw\system\View\View.php(246): include('E:\\www\\creaw\\ap...')
#5 E:\www\creaw\system\Common.php(1119): CodeIgniter\View\View->render('template/index', Array, true)
#6 E:\www\creaw\app\Controllers\Planning\Project_annual_plan.php(190): view('template/index', Array)
#7 E:\www\creaw\system\CodeIgniter.php(918): App\Controllers\Planning\Project_annual_plan->add('1')
#8 E:\www\creaw\system\CodeIgniter.php(404): CodeIgniter\CodeIgniter->runController(Object(App\Controllers\Planning\Project_annual_plan))
#9 E:\www\creaw\system\CodeIgniter.php(312): CodeIgniter\CodeIgniter->handleRequest(NULL, Object(Config\Cache), false)
#10 E:\www\creaw\index.php(45): CodeIgniter\CodeIgniter->run()
#11 {main}
CRITICAL - 2021-06-26 08:27:43 --> Undefined variable: form_data
#0 E:\www\creaw\app\Views\office\planning\project_data\project_annual_plan\add.php(165): CodeIgniter\Debug\Exceptions->errorHandler(8, 'Undefined varia...', 'E:\\www\\creaw\\ap...', 165, Array)
#1 E:\www\creaw\system\View\View.php(246): include('E:\\www\\creaw\\ap...')
#2 E:\www\creaw\system\Common.php(1119): CodeIgniter\View\View->render('office/planning...', Array, true)
#3 E:\www\creaw\app\Views\template\index.php(14): view('office/planning...')
#4 E:\www\creaw\system\View\View.php(246): include('E:\\www\\creaw\\ap...')
#5 E:\www\creaw\system\Common.php(1119): CodeIgniter\View\View->render('template/index', Array, true)
#6 E:\www\creaw\app\Controllers\Planning\Project_annual_plan.php(190): view('template/index', Array)
#7 E:\www\creaw\system\CodeIgniter.php(918): App\Controllers\Planning\Project_annual_plan->add('1')
#8 E:\www\creaw\system\CodeIgniter.php(404): CodeIgniter\CodeIgniter->runController(Object(App\Controllers\Planning\Project_annual_plan))
#9 E:\www\creaw\system\CodeIgniter.php(312): CodeIgniter\CodeIgniter->handleRequest(NULL, Object(Config\Cache), false)
#10 E:\www\creaw\index.php(45): CodeIgniter\CodeIgniter->run()
#11 {main}
CRITICAL - 2021-06-26 08:40:11 --> Undefined variable: id
#0 E:\www\creaw\app\Controllers\Planning\Project_annual_plan.php(236): CodeIgniter\Debug\Exceptions->errorHandler(8, 'Undefined varia...', 'E:\\www\\creaw\\ap...', 236, Array)
#1 E:\www\creaw\system\CodeIgniter.php(918): App\Controllers\Planning\Project_annual_plan->edit('1')
#2 E:\www\creaw\system\CodeIgniter.php(404): CodeIgniter\CodeIgniter->runController(Object(App\Controllers\Planning\Project_annual_plan))
#3 E:\www\creaw\system\CodeIgniter.php(312): CodeIgniter\CodeIgniter->handleRequest(NULL, Object(Config\Cache), false)
#4 E:\www\creaw\index.php(45): CodeIgniter\CodeIgniter->run()
#5 {main}
