CRITICAL - 2021-07-24 01:40:24 --> Call to a member function findAll() on null
#0 E:\www\creaw\system\CodeIgniter.php(918): App\Controllers\api\Import_activities->index()
#1 E:\www\creaw\system\CodeIgniter.php(404): CodeIgniter\CodeIgniter->runController(Object(App\Controllers\api\Import_activities))
#2 E:\www\creaw\system\CodeIgniter.php(312): CodeIgniter\CodeIgniter->handleRequest(NULL, Object(Config\Cache), false)
#3 E:\www\creaw\index.php(45): CodeIgniter\CodeIgniter->run()
#4 {main}
CRITICAL - 2021-07-24 01:50:47 --> Invalid argument supplied for foreach()
#0 E:\www\creaw\app\Controllers\api\Import_activities.php(23): CodeIgniter\Debug\Exceptions->errorHandler(2, 'Invalid argumen...', 'E:\\www\\creaw\\ap...', 23, Array)
#1 E:\www\creaw\system\CodeIgniter.php(918): App\Controllers\api\Import_activities->index()
#2 E:\www\creaw\system\CodeIgniter.php(404): CodeIgniter\CodeIgniter->runController(Object(App\Controllers\api\Import_activities))
#3 E:\www\creaw\system\CodeIgniter.php(312): CodeIgniter\CodeIgniter->handleRequest(NULL, Object(Config\Cache), false)
#4 E:\www\creaw\index.php(45): CodeIgniter\CodeIgniter->run()
#5 {main}
CRITICAL - 2021-07-24 01:52:36 --> Invalid argument supplied for foreach()
#0 E:\www\creaw\app\Controllers\api\Import_activities.php(23): CodeIgniter\Debug\Exceptions->errorHandler(2, 'Invalid argumen...', 'E:\\www\\creaw\\ap...', 23, Array)
#1 E:\www\creaw\system\CodeIgniter.php(918): App\Controllers\api\Import_activities->index()
#2 E:\www\creaw\system\CodeIgniter.php(404): CodeIgniter\CodeIgniter->runController(Object(App\Controllers\api\Import_activities))
#3 E:\www\creaw\system\CodeIgniter.php(312): CodeIgniter\CodeIgniter->handleRequest(NULL, Object(Config\Cache), false)
#4 E:\www\creaw\index.php(45): CodeIgniter\CodeIgniter->run()
#5 {main}
CRITICAL - 2021-07-24 01:53:40 --> Invalid argument supplied for foreach()
#0 E:\www\creaw\app\Controllers\api\Import_activities.php(21): CodeIgniter\Debug\Exceptions->errorHandler(2, 'Invalid argumen...', 'E:\\www\\creaw\\ap...', 21, Array)
#1 E:\www\creaw\system\CodeIgniter.php(918): App\Controllers\api\Import_activities->index()
#2 E:\www\creaw\system\CodeIgniter.php(404): CodeIgniter\CodeIgniter->runController(Object(App\Controllers\api\Import_activities))
#3 E:\www\creaw\system\CodeIgniter.php(312): CodeIgniter\CodeIgniter->handleRequest(NULL, Object(Config\Cache), false)
#4 E:\www\creaw\index.php(45): CodeIgniter\CodeIgniter->run()
#5 {main}
CRITICAL - 2021-07-24 01:55:35 --> Invalid argument supplied for foreach()
#0 E:\www\creaw\app\Controllers\api\Import_activities.php(21): CodeIgniter\Debug\Exceptions->errorHandler(2, 'Invalid argumen...', 'E:\\www\\creaw\\ap...', 21, Array)
#1 E:\www\creaw\system\CodeIgniter.php(918): App\Controllers\api\Import_activities->index()
#2 E:\www\creaw\system\CodeIgniter.php(404): CodeIgniter\CodeIgniter->runController(Object(App\Controllers\api\Import_activities))
#3 E:\www\creaw\system\CodeIgniter.php(312): CodeIgniter\CodeIgniter->handleRequest(NULL, Object(Config\Cache), false)
#4 E:\www\creaw\index.php(45): CodeIgniter\CodeIgniter->run()
#5 {main}
CRITICAL - 2021-07-24 01:56:10 --> Invalid argument supplied for foreach()
#0 E:\www\creaw\app\Controllers\api\Import_activities.php(21): CodeIgniter\Debug\Exceptions->errorHandler(2, 'Invalid argumen...', 'E:\\www\\creaw\\ap...', 21, Array)
#1 E:\www\creaw\system\CodeIgniter.php(918): App\Controllers\api\Import_activities->index()
#2 E:\www\creaw\system\CodeIgniter.php(404): CodeIgniter\CodeIgniter->runController(Object(App\Controllers\api\Import_activities))
#3 E:\www\creaw\system\CodeIgniter.php(312): CodeIgniter\CodeIgniter->handleRequest(NULL, Object(Config\Cache), false)
#4 E:\www\creaw\index.php(45): CodeIgniter\CodeIgniter->run()
#5 {main}
CRITICAL - 2021-07-24 02:12:33 --> Invalid argument supplied for foreach()
#0 E:\www\creaw\app\Controllers\api\Import_activities.php(21): CodeIgniter\Debug\Exceptions->errorHandler(2, 'Invalid argumen...', 'E:\\www\\creaw\\ap...', 21, Array)
#1 E:\www\creaw\system\CodeIgniter.php(918): App\Controllers\api\Import_activities->index()
#2 E:\www\creaw\system\CodeIgniter.php(404): CodeIgniter\CodeIgniter->runController(Object(App\Controllers\api\Import_activities))
#3 E:\www\creaw\system\CodeIgniter.php(312): CodeIgniter\CodeIgniter->handleRequest(NULL, Object(Config\Cache), false)
#4 E:\www\creaw\index.php(45): CodeIgniter\CodeIgniter->run()
#5 {main}
CRITICAL - 2021-07-24 02:13:14 --> Invalid argument supplied for foreach()
#0 E:\www\creaw\app\Controllers\api\Import_activities.php(21): CodeIgniter\Debug\Exceptions->errorHandler(2, 'Invalid argumen...', 'E:\\www\\creaw\\ap...', 21, Array)
#1 E:\www\creaw\system\CodeIgniter.php(918): App\Controllers\api\Import_activities->index()
#2 E:\www\creaw\system\CodeIgniter.php(404): CodeIgniter\CodeIgniter->runController(Object(App\Controllers\api\Import_activities))
#3 E:\www\creaw\system\CodeIgniter.php(312): CodeIgniter\CodeIgniter->handleRequest(NULL, Object(Config\Cache), false)
#4 E:\www\creaw\index.php(45): CodeIgniter\CodeIgniter->run()
#5 {main}
CRITICAL - 2021-07-24 02:16:22 --> Illegal string offset 'budget_name'
#0 E:\www\creaw\app\Controllers\api\Import_activities.php(23): CodeIgniter\Debug\Exceptions->errorHandler(2, 'Illegal string ...', 'E:\\www\\creaw\\ap...', 23, Array)
#1 E:\www\creaw\system\CodeIgniter.php(918): App\Controllers\api\Import_activities->index()
#2 E:\www\creaw\system\CodeIgniter.php(404): CodeIgniter\CodeIgniter->runController(Object(App\Controllers\api\Import_activities))
#3 E:\www\creaw\system\CodeIgniter.php(312): CodeIgniter\CodeIgniter->handleRequest(NULL, Object(Config\Cache), false)
#4 E:\www\creaw\index.php(45): CodeIgniter\CodeIgniter->run()
#5 {main}
CRITICAL - 2021-07-24 02:17:24 --> Illegal string offset 'budget_name'
#0 E:\www\creaw\app\Controllers\api\Import_activities.php(23): CodeIgniter\Debug\Exceptions->errorHandler(2, 'Illegal string ...', 'E:\\www\\creaw\\ap...', 23, Array)
#1 E:\www\creaw\system\CodeIgniter.php(918): App\Controllers\api\Import_activities->index()
#2 E:\www\creaw\system\CodeIgniter.php(404): CodeIgniter\CodeIgniter->runController(Object(App\Controllers\api\Import_activities))
#3 E:\www\creaw\system\CodeIgniter.php(312): CodeIgniter\CodeIgniter->handleRequest(NULL, Object(Config\Cache), false)
#4 E:\www\creaw\index.php(45): CodeIgniter\CodeIgniter->run()
#5 {main}
CRITICAL - 2021-07-24 02:18:04 --> Illegal string offset 'budget_name'
#0 E:\www\creaw\app\Controllers\api\Import_activities.php(23): CodeIgniter\Debug\Exceptions->errorHandler(2, 'Illegal string ...', 'E:\\www\\creaw\\ap...', 23, Array)
#1 E:\www\creaw\system\CodeIgniter.php(918): App\Controllers\api\Import_activities->index()
#2 E:\www\creaw\system\CodeIgniter.php(404): CodeIgniter\CodeIgniter->runController(Object(App\Controllers\api\Import_activities))
#3 E:\www\creaw\system\CodeIgniter.php(312): CodeIgniter\CodeIgniter->handleRequest(NULL, Object(Config\Cache), false)
#4 E:\www\creaw\index.php(45): CodeIgniter\CodeIgniter->run()
#5 {main}
CRITICAL - 2021-07-24 02:18:10 --> Illegal string offset 'budget_name'
#0 E:\www\creaw\app\Controllers\api\Import_activities.php(23): CodeIgniter\Debug\Exceptions->errorHandler(2, 'Illegal string ...', 'E:\\www\\creaw\\ap...', 23, Array)
#1 E:\www\creaw\system\CodeIgniter.php(918): App\Controllers\api\Import_activities->index()
#2 E:\www\creaw\system\CodeIgniter.php(404): CodeIgniter\CodeIgniter->runController(Object(App\Controllers\api\Import_activities))
#3 E:\www\creaw\system\CodeIgniter.php(312): CodeIgniter\CodeIgniter->handleRequest(NULL, Object(Config\Cache), false)
#4 E:\www\creaw\index.php(45): CodeIgniter\CodeIgniter->run()
#5 {main}
CRITICAL - 2021-07-24 02:23:46 --> array_keys() expects parameter 1 to be array, string given
#0 [internal function]: CodeIgniter\Debug\Exceptions->errorHandler(2, 'array_keys() ex...', 'E:\\www\\creaw\\sy...', 2144, Array)
#1 E:\www\creaw\system\Database\BaseBuilder.php(2144): array_keys('Child Fund')
#2 E:\www\creaw\system\Database\BaseBuilder.php(2074): CodeIgniter\Database\BaseBuilder->setInsertBatch(Array, '', true)
#3 E:\www\creaw\system\Model.php(801): CodeIgniter\Database\BaseBuilder->insertBatch(Array, NULL, 100)
#4 E:\www\creaw\app\Controllers\api\Import_activities.php(58): CodeIgniter\Model->insertBatch(Array)
#5 E:\www\creaw\system\CodeIgniter.php(918): App\Controllers\api\Import_activities->index()
#6 E:\www\creaw\system\CodeIgniter.php(404): CodeIgniter\CodeIgniter->runController(Object(App\Controllers\api\Import_activities))
#7 E:\www\creaw\system\CodeIgniter.php(312): CodeIgniter\CodeIgniter->handleRequest(NULL, Object(Config\Cache), false)
#8 E:\www\creaw\index.php(45): CodeIgniter\CodeIgniter->run()
#9 {main}
CRITICAL - 2021-07-24 02:25:59 --> Undefined variable: builder
#0 E:\www\creaw\app\Controllers\api\Import_activities.php(59): CodeIgniter\Debug\Exceptions->errorHandler(8, 'Undefined varia...', 'E:\\www\\creaw\\ap...', 59, Array)
#1 E:\www\creaw\system\CodeIgniter.php(918): App\Controllers\api\Import_activities->index()
#2 E:\www\creaw\system\CodeIgniter.php(404): CodeIgniter\CodeIgniter->runController(Object(App\Controllers\api\Import_activities))
#3 E:\www\creaw\system\CodeIgniter.php(312): CodeIgniter\CodeIgniter->handleRequest(NULL, Object(Config\Cache), false)
#4 E:\www\creaw\index.php(45): CodeIgniter\CodeIgniter->run()
#5 {main}
CRITICAL - 2021-07-24 02:29:12 --> Undefined variable: builder
#0 E:\www\creaw\app\Controllers\api\Import_activities.php(59): CodeIgniter\Debug\Exceptions->errorHandler(8, 'Undefined varia...', 'E:\\www\\creaw\\ap...', 59, Array)
#1 E:\www\creaw\system\CodeIgniter.php(918): App\Controllers\api\Import_activities->index()
#2 E:\www\creaw\system\CodeIgniter.php(404): CodeIgniter\CodeIgniter->runController(Object(App\Controllers\api\Import_activities))
#3 E:\www\creaw\system\CodeIgniter.php(312): CodeIgniter\CodeIgniter->handleRequest(NULL, Object(Config\Cache), false)
#4 E:\www\creaw\index.php(45): CodeIgniter\CodeIgniter->run()
#5 {main}
CRITICAL - 2021-07-24 02:30:01 --> array_keys() expects parameter 1 to be array, string given
#0 [internal function]: CodeIgniter\Debug\Exceptions->errorHandler(2, 'array_keys() ex...', 'E:\\www\\creaw\\sy...', 2144, Array)
#1 E:\www\creaw\system\Database\BaseBuilder.php(2144): array_keys('Child Fund')
#2 E:\www\creaw\system\Database\BaseBuilder.php(2074): CodeIgniter\Database\BaseBuilder->setInsertBatch(Array, '', true)
#3 E:\www\creaw\app\Controllers\api\Import_activities.php(59): CodeIgniter\Database\BaseBuilder->insertBatch(Array)
#4 E:\www\creaw\system\CodeIgniter.php(918): App\Controllers\api\Import_activities->index()
#5 E:\www\creaw\system\CodeIgniter.php(404): CodeIgniter\CodeIgniter->runController(Object(App\Controllers\api\Import_activities))
#6 E:\www\creaw\system\CodeIgniter.php(312): CodeIgniter\CodeIgniter->handleRequest(NULL, Object(Config\Cache), false)
#7 E:\www\creaw\index.php(45): CodeIgniter\CodeIgniter->run()
#8 {main}
CRITICAL - 2021-07-24 02:32:01 --> Illegal string offset 'budget_name'
#0 E:\www\creaw\app\Controllers\api\Import_activities.php(23): CodeIgniter\Debug\Exceptions->errorHandler(2, 'Illegal string ...', 'E:\\www\\creaw\\ap...', 23, Array)
#1 E:\www\creaw\system\CodeIgniter.php(918): App\Controllers\api\Import_activities->index()
#2 E:\www\creaw\system\CodeIgniter.php(404): CodeIgniter\CodeIgniter->runController(Object(App\Controllers\api\Import_activities))
#3 E:\www\creaw\system\CodeIgniter.php(312): CodeIgniter\CodeIgniter->handleRequest(NULL, Object(Config\Cache), false)
#4 E:\www\creaw\index.php(45): CodeIgniter\CodeIgniter->run()
#5 {main}
CRITICAL - 2021-07-24 02:32:40 --> Illegal string offset 'date'
#0 E:\www\creaw\app\Controllers\api\Import_activities.php(24): CodeIgniter\Debug\Exceptions->errorHandler(2, 'Illegal string ...', 'E:\\www\\creaw\\ap...', 24, Array)
#1 E:\www\creaw\system\CodeIgniter.php(918): App\Controllers\api\Import_activities->index()
#2 E:\www\creaw\system\CodeIgniter.php(404): CodeIgniter\CodeIgniter->runController(Object(App\Controllers\api\Import_activities))
#3 E:\www\creaw\system\CodeIgniter.php(312): CodeIgniter\CodeIgniter->handleRequest(NULL, Object(Config\Cache), false)
#4 E:\www\creaw\index.php(45): CodeIgniter\CodeIgniter->run()
#5 {main}
CRITICAL - 2021-07-24 02:40:04 --> syntax error, unexpected 'return' (T_RETURN), expecting function (T_FUNCTION) or const (T_CONST)
#0 E:\www\creaw\system\Router\Router.php(195): CodeIgniter\Router\Router->autoRoute('/api/import_act...')
#1 E:\www\creaw\system\CodeIgniter.php(793): CodeIgniter\Router\Router->handle('/api/import_act...')
#2 E:\www\creaw\system\CodeIgniter.php(364): CodeIgniter\CodeIgniter->tryToRouteIt(Object(CodeIgniter\Router\RouteCollection))
#3 E:\www\creaw\system\CodeIgniter.php(312): CodeIgniter\CodeIgniter->handleRequest(NULL, Object(Config\Cache), false)
#4 E:\www\creaw\index.php(45): CodeIgniter\CodeIgniter->run()
#5 {main}
CRITICAL - 2021-07-24 02:47:00 --> syntax error, unexpected '?>', expecting function (T_FUNCTION) or const (T_CONST)
#0 E:\www\creaw\system\Router\Router.php(195): CodeIgniter\Router\Router->autoRoute('/api/import_act...')
#1 E:\www\creaw\system\CodeIgniter.php(793): CodeIgniter\Router\Router->handle('/api/import_act...')
#2 E:\www\creaw\system\CodeIgniter.php(364): CodeIgniter\CodeIgniter->tryToRouteIt(Object(CodeIgniter\Router\RouteCollection))
#3 E:\www\creaw\system\CodeIgniter.php(312): CodeIgniter\CodeIgniter->handleRequest(NULL, Object(Config\Cache), false)
#4 E:\www\creaw\index.php(45): CodeIgniter\CodeIgniter->run()
#5 {main}
CRITICAL - 2021-07-24 03:03:13 --> Undefined property: App\Controllers\api\Import_activities::$config
#0 E:\www\creaw\app\Libraries\REST_Controller.php(592): CodeIgniter\Debug\Exceptions->errorHandler(8, 'Undefined prope...', 'E:\\www\\creaw\\ap...', 592, Array)
#1 E:\www\creaw\system\CodeIgniter.php(399): App\Libraries\REST_Controller->__destruct()
#2 E:\www\creaw\system\CodeIgniter.php(312): CodeIgniter\CodeIgniter->handleRequest(NULL, Object(Config\Cache), false)
#3 E:\www\creaw\index.php(45): CodeIgniter\CodeIgniter->run()
#4 {main}
CRITICAL - 2021-07-24 03:17:10 --> Invalid argument supplied for foreach()
#0 E:\www\creaw\app\Controllers\api\Import_activities.php(21): CodeIgniter\Debug\Exceptions->errorHandler(2, 'Invalid argumen...', 'E:\\www\\creaw\\ap...', 21, Array)
#1 E:\www\creaw\system\CodeIgniter.php(918): App\Controllers\api\Import_activities->index()
#2 E:\www\creaw\system\CodeIgniter.php(404): CodeIgniter\CodeIgniter->runController(Object(App\Controllers\api\Import_activities))
#3 E:\www\creaw\system\CodeIgniter.php(312): CodeIgniter\CodeIgniter->handleRequest(NULL, Object(Config\Cache), false)
#4 E:\www\creaw\index.php(45): CodeIgniter\CodeIgniter->run()
#5 {main}
CRITICAL - 2021-07-24 03:21:42 --> Column 'date' cannot be null
#0 E:\www\creaw\system\Database\MySQLi\Connection.php(331): mysqli->query('INSERT INTO `im...')
#1 E:\www\creaw\system\Database\BaseConnection.php(741): CodeIgniter\Database\MySQLi\Connection->execute('INSERT INTO `im...')
#2 E:\www\creaw\system\Database\BaseConnection.php(669): CodeIgniter\Database\BaseConnection->simpleQuery('INSERT INTO `im...')
#3 E:\www\creaw\system\Database\BaseBuilder.php(2249): CodeIgniter\Database\BaseConnection->query('INSERT INTO `im...', Array, false)
#4 E:\www\creaw\system\Model.php(755): CodeIgniter\Database\BaseBuilder->insert()
#5 E:\www\creaw\app\Controllers\api\Import_activities.php(70): CodeIgniter\Model->insert(Array)
#6 E:\www\creaw\system\CodeIgniter.php(918): App\Controllers\api\Import_activities->index()
#7 E:\www\creaw\system\CodeIgniter.php(404): CodeIgniter\CodeIgniter->runController(Object(App\Controllers\api\Import_activities))
#8 E:\www\creaw\system\CodeIgniter.php(312): CodeIgniter\CodeIgniter->handleRequest(NULL, Object(Config\Cache), false)
#9 E:\www\creaw\index.php(45): CodeIgniter\CodeIgniter->run()
#10 {main}
CRITICAL - 2021-07-24 03:21:55 --> Column 'date' cannot be null
#0 E:\www\creaw\system\Database\MySQLi\Connection.php(331): mysqli->query('INSERT INTO `im...')
#1 E:\www\creaw\system\Database\BaseConnection.php(741): CodeIgniter\Database\MySQLi\Connection->execute('INSERT INTO `im...')
#2 E:\www\creaw\system\Database\BaseConnection.php(669): CodeIgniter\Database\BaseConnection->simpleQuery('INSERT INTO `im...')
#3 E:\www\creaw\system\Database\BaseBuilder.php(2249): CodeIgniter\Database\BaseConnection->query('INSERT INTO `im...', Array, false)
#4 E:\www\creaw\system\Model.php(755): CodeIgniter\Database\BaseBuilder->insert()
#5 E:\www\creaw\app\Controllers\api\Import_activities.php(70): CodeIgniter\Model->insert(Array)
#6 E:\www\creaw\system\CodeIgniter.php(918): App\Controllers\api\Import_activities->index()
#7 E:\www\creaw\system\CodeIgniter.php(404): CodeIgniter\CodeIgniter->runController(Object(App\Controllers\api\Import_activities))
#8 E:\www\creaw\system\CodeIgniter.php(312): CodeIgniter\CodeIgniter->handleRequest(NULL, Object(Config\Cache), false)
#9 E:\www\creaw\index.php(45): CodeIgniter\CodeIgniter->run()
#10 {main}
CRITICAL - 2021-07-24 03:23:46 --> Column 'date' cannot be null
#0 E:\www\creaw\system\Database\MySQLi\Connection.php(331): mysqli->query('INSERT INTO `im...')
#1 E:\www\creaw\system\Database\BaseConnection.php(741): CodeIgniter\Database\MySQLi\Connection->execute('INSERT INTO `im...')
#2 E:\www\creaw\system\Database\BaseConnection.php(669): CodeIgniter\Database\BaseConnection->simpleQuery('INSERT INTO `im...')
#3 E:\www\creaw\system\Database\BaseBuilder.php(2249): CodeIgniter\Database\BaseConnection->query('INSERT INTO `im...', Array, false)
#4 E:\www\creaw\system\Model.php(755): CodeIgniter\Database\BaseBuilder->insert()
#5 E:\www\creaw\app\Controllers\api\Import_activities.php(70): CodeIgniter\Model->insert(Array)
#6 E:\www\creaw\system\CodeIgniter.php(918): App\Controllers\api\Import_activities->index()
#7 E:\www\creaw\system\CodeIgniter.php(404): CodeIgniter\CodeIgniter->runController(Object(App\Controllers\api\Import_activities))
#8 E:\www\creaw\system\CodeIgniter.php(312): CodeIgniter\CodeIgniter->handleRequest(NULL, Object(Config\Cache), false)
#9 E:\www\creaw\index.php(45): CodeIgniter\CodeIgniter->run()
#10 {main}
CRITICAL - 2021-07-24 03:24:10 --> Column 'date' cannot be null
#0 E:\www\creaw\system\Database\MySQLi\Connection.php(331): mysqli->query('INSERT INTO `im...')
#1 E:\www\creaw\system\Database\BaseConnection.php(741): CodeIgniter\Database\MySQLi\Connection->execute('INSERT INTO `im...')
#2 E:\www\creaw\system\Database\BaseConnection.php(669): CodeIgniter\Database\BaseConnection->simpleQuery('INSERT INTO `im...')
#3 E:\www\creaw\system\Database\BaseBuilder.php(2249): CodeIgniter\Database\BaseConnection->query('INSERT INTO `im...', Array, false)
#4 E:\www\creaw\system\Model.php(755): CodeIgniter\Database\BaseBuilder->insert()
#5 E:\www\creaw\app\Controllers\api\Import_activities.php(70): CodeIgniter\Model->insert(Array)
#6 E:\www\creaw\system\CodeIgniter.php(918): App\Controllers\api\Import_activities->index()
#7 E:\www\creaw\system\CodeIgniter.php(404): CodeIgniter\CodeIgniter->runController(Object(App\Controllers\api\Import_activities))
#8 E:\www\creaw\system\CodeIgniter.php(312): CodeIgniter\CodeIgniter->handleRequest(NULL, Object(Config\Cache), false)
#9 E:\www\creaw\index.php(45): CodeIgniter\CodeIgniter->run()
#10 {main}
CRITICAL - 2021-07-24 03:24:52 --> Column 'status' cannot be null
#0 E:\www\creaw\system\Database\MySQLi\Connection.php(331): mysqli->query('INSERT INTO `im...')
#1 E:\www\creaw\system\Database\BaseConnection.php(741): CodeIgniter\Database\MySQLi\Connection->execute('INSERT INTO `im...')
#2 E:\www\creaw\system\Database\BaseConnection.php(669): CodeIgniter\Database\BaseConnection->simpleQuery('INSERT INTO `im...')
#3 E:\www\creaw\system\Database\BaseBuilder.php(2249): CodeIgniter\Database\BaseConnection->query('INSERT INTO `im...', Array, false)
#4 E:\www\creaw\system\Model.php(755): CodeIgniter\Database\BaseBuilder->insert()
#5 E:\www\creaw\app\Controllers\api\Import_activities.php(70): CodeIgniter\Model->insert(Array)
#6 E:\www\creaw\system\CodeIgniter.php(918): App\Controllers\api\Import_activities->index()
#7 E:\www\creaw\system\CodeIgniter.php(404): CodeIgniter\CodeIgniter->runController(Object(App\Controllers\api\Import_activities))
#8 E:\www\creaw\system\CodeIgniter.php(312): CodeIgniter\CodeIgniter->handleRequest(NULL, Object(Config\Cache), false)
#9 E:\www\creaw\index.php(45): CodeIgniter\CodeIgniter->run()
#10 {main}
CRITICAL - 2021-07-24 03:26:00 --> Column 'date' cannot be null
#0 E:\www\creaw\system\Database\MySQLi\Connection.php(331): mysqli->query('INSERT INTO `im...')
#1 E:\www\creaw\system\Database\BaseConnection.php(741): CodeIgniter\Database\MySQLi\Connection->execute('INSERT INTO `im...')
#2 E:\www\creaw\system\Database\BaseConnection.php(669): CodeIgniter\Database\BaseConnection->simpleQuery('INSERT INTO `im...')
#3 E:\www\creaw\system\Database\BaseBuilder.php(2249): CodeIgniter\Database\BaseConnection->query('INSERT INTO `im...', Array, false)
#4 E:\www\creaw\system\Model.php(755): CodeIgniter\Database\BaseBuilder->insert()
#5 E:\www\creaw\app\Controllers\api\Import_activities.php(70): CodeIgniter\Model->insert(Array)
#6 E:\www\creaw\system\CodeIgniter.php(918): App\Controllers\api\Import_activities->index()
#7 E:\www\creaw\system\CodeIgniter.php(404): CodeIgniter\CodeIgniter->runController(Object(App\Controllers\api\Import_activities))
#8 E:\www\creaw\system\CodeIgniter.php(312): CodeIgniter\CodeIgniter->handleRequest(NULL, Object(Config\Cache), false)
#9 E:\www\creaw\index.php(45): CodeIgniter\CodeIgniter->run()
#10 {main}
CRITICAL - 2021-07-24 03:27:15 --> Column 'date' cannot be null
#0 E:\www\creaw\system\Database\MySQLi\Connection.php(331): mysqli->query('INSERT INTO `im...')
#1 E:\www\creaw\system\Database\BaseConnection.php(741): CodeIgniter\Database\MySQLi\Connection->execute('INSERT INTO `im...')
#2 E:\www\creaw\system\Database\BaseConnection.php(669): CodeIgniter\Database\BaseConnection->simpleQuery('INSERT INTO `im...')
#3 E:\www\creaw\system\Database\BaseBuilder.php(2249): CodeIgniter\Database\BaseConnection->query('INSERT INTO `im...', Array, false)
#4 E:\www\creaw\system\Model.php(755): CodeIgniter\Database\BaseBuilder->insert()
#5 E:\www\creaw\app\Controllers\api\Import_activities.php(70): CodeIgniter\Model->insert(Array)
#6 E:\www\creaw\system\CodeIgniter.php(918): App\Controllers\api\Import_activities->index()
#7 E:\www\creaw\system\CodeIgniter.php(404): CodeIgniter\CodeIgniter->runController(Object(App\Controllers\api\Import_activities))
#8 E:\www\creaw\system\CodeIgniter.php(312): CodeIgniter\CodeIgniter->handleRequest(NULL, Object(Config\Cache), false)
#9 E:\www\creaw\index.php(45): CodeIgniter\CodeIgniter->run()
#10 {main}
CRITICAL - 2021-07-24 03:28:13 --> Column 'date' cannot be null
#0 E:\www\creaw\system\Database\MySQLi\Connection.php(331): mysqli->query('INSERT INTO `im...')
#1 E:\www\creaw\system\Database\BaseConnection.php(741): CodeIgniter\Database\MySQLi\Connection->execute('INSERT INTO `im...')
#2 E:\www\creaw\system\Database\BaseConnection.php(669): CodeIgniter\Database\BaseConnection->simpleQuery('INSERT INTO `im...')
#3 E:\www\creaw\system\Database\BaseBuilder.php(2249): CodeIgniter\Database\BaseConnection->query('INSERT INTO `im...', Array, false)
#4 E:\www\creaw\system\Model.php(755): CodeIgniter\Database\BaseBuilder->insert()
#5 E:\www\creaw\app\Controllers\api\Import_activities.php(70): CodeIgniter\Model->insert(Array)
#6 E:\www\creaw\system\CodeIgniter.php(918): App\Controllers\api\Import_activities->index()
#7 E:\www\creaw\system\CodeIgniter.php(404): CodeIgniter\CodeIgniter->runController(Object(App\Controllers\api\Import_activities))
#8 E:\www\creaw\system\CodeIgniter.php(312): CodeIgniter\CodeIgniter->handleRequest(NULL, Object(Config\Cache), false)
#9 E:\www\creaw\index.php(45): CodeIgniter\CodeIgniter->run()
#10 {main}
