CRITICAL - 2021-07-06 04:18:40 --> Undefined index: fydp_plan
#0 E:\www\FAWE\app\Views\office\reporting\organizational_data\org_quarterly_indicator_tracking_report\edit.php(67): CodeIgniter\Debug\Exceptions->errorHandler(8, 'Undefined index...', 'E:\\www\\FAWE\\ap...', 67, Array)
#1 E:\www\FAWE\system\View\View.php(246): include('E:\\www\\FAWE\\ap...')
#2 E:\www\FAWE\system\Common.php(1119): CodeIgniter\View\View->render('office/reportin...', Array, true)
#3 E:\www\FAWE\app\Views\template\index.php(14): view('office/reportin...')
#4 E:\www\FAWE\system\View\View.php(246): include('E:\\www\\FAWE\\ap...')
#5 E:\www\FAWE\system\Common.php(1119): CodeIgniter\View\View->render('template/index', Array, true)
#6 E:\www\FAWE\app\Controllers\reporting\organizational_data\Org_quarterly_indicator_tracking_report.php(302): view('template/index', Array)
#7 E:\www\FAWE\system\CodeIgniter.php(918): App\Controllers\reporting\organizational_data\org_quarterly_indicator_tracking_report->edit('1')
#8 E:\www\FAWE\system\CodeIgniter.php(404): CodeIgniter\CodeIgniter->runController(Object(App\Controllers\reporting\organizational_data\org_quarterly_indicator_tracking_report))
#9 E:\www\FAWE\system\CodeIgniter.php(312): CodeIgniter\CodeIgniter->handleRequest(NULL, Object(Config\Cache), false)
#10 E:\www\FAWE\index.php(45): CodeIgniter\CodeIgniter->run()
#11 {main}
CRITICAL - 2021-07-06 04:18:40 --> Undefined index: fydp_plan
#0 E:\www\FAWE\app\Views\office\reporting\organizational_data\org_quarterly_indicator_tracking_report\edit.php(67): CodeIgniter\Debug\Exceptions->errorHandler(8, 'Undefined index...', 'E:\\www\\FAWE\\ap...', 67, Array)
#1 E:\www\FAWE\system\View\View.php(246): include('E:\\www\\FAWE\\ap...')
#2 E:\www\FAWE\system\Common.php(1119): CodeIgniter\View\View->render('office/reportin...', Array, true)
#3 E:\www\FAWE\app\Views\template\index.php(14): view('office/reportin...')
#4 E:\www\FAWE\system\View\View.php(246): include('E:\\www\\FAWE\\ap...')
#5 E:\www\FAWE\system\Common.php(1119): CodeIgniter\View\View->render('template/index', Array, true)
#6 E:\www\FAWE\app\Controllers\reporting\organizational_data\Org_quarterly_indicator_tracking_report.php(302): view('template/index', Array)
#7 E:\www\FAWE\system\CodeIgniter.php(918): App\Controllers\reporting\organizational_data\org_quarterly_indicator_tracking_report->edit('1')
#8 E:\www\FAWE\system\CodeIgniter.php(404): CodeIgniter\CodeIgniter->runController(Object(App\Controllers\reporting\organizational_data\org_quarterly_indicator_tracking_report))
#9 E:\www\FAWE\system\CodeIgniter.php(312): CodeIgniter\CodeIgniter->handleRequest(NULL, Object(Config\Cache), false)
#10 E:\www\FAWE\index.php(45): CodeIgniter\CodeIgniter->run()
#11 {main}
CRITICAL - 2021-07-06 05:38:15 --> Undefined index: base_id
#0 E:\www\FAWE\app\Controllers\reporting\organizational_data\Org_quarterly_indicator_tracking_report.php(101): CodeIgniter\Debug\Exceptions->errorHandler(8, 'Undefined index...', 'E:\\www\\FAWE\\ap...', 101, Array)
#1 E:\www\FAWE\system\CodeIgniter.php(918): App\Controllers\reporting\organizational_data\org_quarterly_indicator_tracking_report->add()
#2 E:\www\FAWE\system\CodeIgniter.php(404): CodeIgniter\CodeIgniter->runController(Object(App\Controllers\reporting\organizational_data\org_quarterly_indicator_tracking_report))
#3 E:\www\FAWE\system\CodeIgniter.php(312): CodeIgniter\CodeIgniter->handleRequest(NULL, Object(Config\Cache), false)
#4 E:\www\FAWE\index.php(45): CodeIgniter\CodeIgniter->run()
#5 {main}
CRITICAL - 2021-07-06 05:44:02 --> syntax error, unexpected '$data' (T_VARIABLE), expecting function (T_FUNCTION) or const (T_CONST)
#0 E:\www\FAWE\system\Router\Router.php(195): CodeIgniter\Router\Router->autoRoute('/reporting/orga...')
#1 E:\www\FAWE\system\CodeIgniter.php(793): CodeIgniter\Router\Router->handle('/reporting/orga...')
#2 E:\www\FAWE\system\CodeIgniter.php(364): CodeIgniter\CodeIgniter->tryToRouteIt(Object(CodeIgniter\Router\RouteCollection))
#3 E:\www\FAWE\system\CodeIgniter.php(312): CodeIgniter\CodeIgniter->handleRequest(NULL, Object(Config\Cache), false)
#4 E:\www\FAWE\index.php(45): CodeIgniter\CodeIgniter->run()
#5 {main}
CRITICAL - 2021-07-06 05:46:45 --> syntax error, unexpected '$data' (T_VARIABLE), expecting function (T_FUNCTION) or const (T_CONST)
#0 E:\www\FAWE\system\Router\Router.php(195): CodeIgniter\Router\Router->autoRoute('/reporting/orga...')
#1 E:\www\FAWE\system\CodeIgniter.php(793): CodeIgniter\Router\Router->handle('/reporting/orga...')
#2 E:\www\FAWE\system\CodeIgniter.php(364): CodeIgniter\CodeIgniter->tryToRouteIt(Object(CodeIgniter\Router\RouteCollection))
#3 E:\www\FAWE\system\CodeIgniter.php(312): CodeIgniter\CodeIgniter->handleRequest(NULL, Object(Config\Cache), false)
#4 E:\www\FAWE\index.php(45): CodeIgniter\CodeIgniter->run()
#5 {main}
CRITICAL - 2021-07-06 05:47:08 --> syntax error, unexpected '$data' (T_VARIABLE), expecting function (T_FUNCTION) or const (T_CONST)
#0 E:\www\FAWE\system\Router\Router.php(195): CodeIgniter\Router\Router->autoRoute('/reporting/orga...')
#1 E:\www\FAWE\system\CodeIgniter.php(793): CodeIgniter\Router\Router->handle('/reporting/orga...')
#2 E:\www\FAWE\system\CodeIgniter.php(364): CodeIgniter\CodeIgniter->tryToRouteIt(Object(CodeIgniter\Router\RouteCollection))
#3 E:\www\FAWE\system\CodeIgniter.php(312): CodeIgniter\CodeIgniter->handleRequest(NULL, Object(Config\Cache), false)
#4 E:\www\FAWE\index.php(45): CodeIgniter\CodeIgniter->run()
#5 {main}
CRITICAL - 2021-07-06 06:10:07 --> Undefined index: base_id
#0 E:\www\FAWE\app\Controllers\reporting\organizational_data\Org_quarterly_narrative_report.php(102): CodeIgniter\Debug\Exceptions->errorHandler(8, 'Undefined index...', 'E:\\www\\FAWE\\ap...', 102, Array)
#1 E:\www\FAWE\system\CodeIgniter.php(918): App\Controllers\reporting\organizational_data\org_quarterly_narrative_report->add()
#2 E:\www\FAWE\system\CodeIgniter.php(404): CodeIgniter\CodeIgniter->runController(Object(App\Controllers\reporting\organizational_data\org_quarterly_narrative_report))
#3 E:\www\FAWE\system\CodeIgniter.php(312): CodeIgniter\CodeIgniter->handleRequest(NULL, Object(Config\Cache), false)
#4 E:\www\FAWE\index.php(45): CodeIgniter\CodeIgniter->run()
#5 {main}
CRITICAL - 2021-07-06 06:11:09 --> Undefined index: base_id
#0 E:\www\FAWE\app\Controllers\reporting\organizational_data\Org_quarterly_narrative_report.php(102): CodeIgniter\Debug\Exceptions->errorHandler(8, 'Undefined index...', 'E:\\www\\FAWE\\ap...', 102, Array)
#1 E:\www\FAWE\system\CodeIgniter.php(918): App\Controllers\reporting\organizational_data\org_quarterly_narrative_report->add()
#2 E:\www\FAWE\system\CodeIgniter.php(404): CodeIgniter\CodeIgniter->runController(Object(App\Controllers\reporting\organizational_data\org_quarterly_narrative_report))
#3 E:\www\FAWE\system\CodeIgniter.php(312): CodeIgniter\CodeIgniter->handleRequest(NULL, Object(Config\Cache), false)
#4 E:\www\FAWE\index.php(45): CodeIgniter\CodeIgniter->run()
#5 {main}
CRITICAL - 2021-07-06 06:16:08 --> Undefined index: base_id
#0 E:\www\FAWE\app\Controllers\reporting\organizational_data\Org_quarterly_narrative_report.php(102): CodeIgniter\Debug\Exceptions->errorHandler(8, 'Undefined index...', 'E:\\www\\FAWE\\ap...', 102, Array)
#1 E:\www\FAWE\system\CodeIgniter.php(918): App\Controllers\reporting\organizational_data\org_quarterly_narrative_report->add()
#2 E:\www\FAWE\system\CodeIgniter.php(404): CodeIgniter\CodeIgniter->runController(Object(App\Controllers\reporting\organizational_data\org_quarterly_narrative_report))
#3 E:\www\FAWE\system\CodeIgniter.php(312): CodeIgniter\CodeIgniter->handleRequest(NULL, Object(Config\Cache), false)
#4 E:\www\FAWE\index.php(45): CodeIgniter\CodeIgniter->run()
#5 {main}
CRITICAL - 2021-07-06 06:20:16 --> Undefined index: base_id
#0 E:\www\FAWE\app\Controllers\reporting\organizational_data\Org_quarterly_narrative_report.php(102): CodeIgniter\Debug\Exceptions->errorHandler(8, 'Undefined index...', 'E:\\www\\FAWE\\ap...', 102, Array)
#1 E:\www\FAWE\system\CodeIgniter.php(918): App\Controllers\reporting\organizational_data\org_quarterly_narrative_report->add()
#2 E:\www\FAWE\system\CodeIgniter.php(404): CodeIgniter\CodeIgniter->runController(Object(App\Controllers\reporting\organizational_data\org_quarterly_narrative_report))
#3 E:\www\FAWE\system\CodeIgniter.php(312): CodeIgniter\CodeIgniter->handleRequest(NULL, Object(Config\Cache), false)
#4 E:\www\FAWE\index.php(45): CodeIgniter\CodeIgniter->run()
#5 {main}
CRITICAL - 2021-07-06 07:25:22 --> Class 'App\Controllers\reporting\organizational_data\Org_quarterly_narrative_report_model' not found
#0 E:\www\FAWE\system\CodeIgniter.php(918): App\Controllers\reporting\organizational_data\org_annual_narrative_report->index()
#1 E:\www\FAWE\system\CodeIgniter.php(404): CodeIgniter\CodeIgniter->runController(Object(App\Controllers\reporting\organizational_data\org_annual_narrative_report))
#2 E:\www\FAWE\system\CodeIgniter.php(312): CodeIgniter\CodeIgniter->handleRequest(NULL, Object(Config\Cache), false)
#3 E:\www\FAWE\index.php(45): CodeIgniter\CodeIgniter->run()
#4 {main}
CRITICAL - 2021-07-06 07:26:48 --> Class 'App\Controllers\reporting\organizational_data\Org_quarterly_narrative_report_model' not found
#0 E:\www\FAWE\system\CodeIgniter.php(918): App\Controllers\reporting\organizational_data\org_annual_narrative_report->index()
#1 E:\www\FAWE\system\CodeIgniter.php(404): CodeIgniter\CodeIgniter->runController(Object(App\Controllers\reporting\organizational_data\org_annual_narrative_report))
#2 E:\www\FAWE\system\CodeIgniter.php(312): CodeIgniter\CodeIgniter->handleRequest(NULL, Object(Config\Cache), false)
#3 E:\www\FAWE\index.php(45): CodeIgniter\CodeIgniter->run()
#4 {main}
CRITICAL - 2021-07-06 07:45:20 --> Undefined index: quarter
#0 E:\www\FAWE\app\Views\office\reporting\organizational_data\org_annual_narrative_report\list.php(64): CodeIgniter\Debug\Exceptions->errorHandler(8, 'Undefined index...', 'E:\\www\\FAWE\\ap...', 64, Array)
#1 E:\www\FAWE\system\View\View.php(246): include('E:\\www\\FAWE\\ap...')
#2 E:\www\FAWE\system\Common.php(1119): CodeIgniter\View\View->render('office/reportin...', Array, true)
#3 E:\www\FAWE\app\Views\template\index.php(14): view('office/reportin...')
#4 E:\www\FAWE\system\View\View.php(246): include('E:\\www\\FAWE\\ap...')
#5 E:\www\FAWE\system\Common.php(1119): CodeIgniter\View\View->render('template/index', Array, true)
#6 E:\www\FAWE\app\Controllers\reporting\organizational_data\Org_annual_narrative_report.php(66): view('template/index', Array)
#7 E:\www\FAWE\system\CodeIgniter.php(918): App\Controllers\reporting\organizational_data\org_annual_narrative_report->index()
#8 E:\www\FAWE\system\CodeIgniter.php(404): CodeIgniter\CodeIgniter->runController(Object(App\Controllers\reporting\organizational_data\org_annual_narrative_report))
#9 E:\www\FAWE\system\CodeIgniter.php(312): CodeIgniter\CodeIgniter->handleRequest(NULL, Object(Config\Cache), false)
#10 E:\www\FAWE\index.php(45): CodeIgniter\CodeIgniter->run()
#11 {main}
CRITICAL - 2021-07-06 07:45:20 --> Undefined index: quarter
#0 E:\www\FAWE\app\Views\office\reporting\organizational_data\org_annual_narrative_report\list.php(64): CodeIgniter\Debug\Exceptions->errorHandler(8, 'Undefined index...', 'E:\\www\\FAWE\\ap...', 64, Array)
#1 E:\www\FAWE\system\View\View.php(246): include('E:\\www\\FAWE\\ap...')
#2 E:\www\FAWE\system\Common.php(1119): CodeIgniter\View\View->render('office/reportin...', Array, true)
#3 E:\www\FAWE\app\Views\template\index.php(14): view('office/reportin...')
#4 E:\www\FAWE\system\View\View.php(246): include('E:\\www\\FAWE\\ap...')
#5 E:\www\FAWE\system\Common.php(1119): CodeIgniter\View\View->render('template/index', Array, true)
#6 E:\www\FAWE\app\Controllers\reporting\organizational_data\Org_annual_narrative_report.php(66): view('template/index', Array)
#7 E:\www\FAWE\system\CodeIgniter.php(918): App\Controllers\reporting\organizational_data\org_annual_narrative_report->index()
#8 E:\www\FAWE\system\CodeIgniter.php(404): CodeIgniter\CodeIgniter->runController(Object(App\Controllers\reporting\organizational_data\org_annual_narrative_report))
#9 E:\www\FAWE\system\CodeIgniter.php(312): CodeIgniter\CodeIgniter->handleRequest(NULL, Object(Config\Cache), false)
#10 E:\www\FAWE\index.php(45): CodeIgniter\CodeIgniter->run()
#11 {main}
CRITICAL - 2021-07-06 07:48:44 --> Undefined index: quarter
#0 E:\www\FAWE\app\Views\office\reporting\organizational_data\org_annual_narrative_report\view.php(50): CodeIgniter\Debug\Exceptions->errorHandler(8, 'Undefined index...', 'E:\\www\\FAWE\\ap...', 50, Array)
#1 E:\www\FAWE\system\View\View.php(246): include('E:\\www\\FAWE\\ap...')
#2 E:\www\FAWE\system\Common.php(1119): CodeIgniter\View\View->render('office/reportin...', Array, true)
#3 E:\www\FAWE\app\Views\template\index.php(14): view('office/reportin...')
#4 E:\www\FAWE\system\View\View.php(246): include('E:\\www\\FAWE\\ap...')
#5 E:\www\FAWE\system\Common.php(1119): CodeIgniter\View\View->render('template/index', Array, true)
#6 E:\www\FAWE\app\Controllers\reporting\organizational_data\Org_annual_narrative_report.php(298): view('template/index', Array)
#7 E:\www\FAWE\system\CodeIgniter.php(918): App\Controllers\reporting\organizational_data\org_annual_narrative_report->view('1')
#8 E:\www\FAWE\system\CodeIgniter.php(404): CodeIgniter\CodeIgniter->runController(Object(App\Controllers\reporting\organizational_data\org_annual_narrative_report))
#9 E:\www\FAWE\system\CodeIgniter.php(312): CodeIgniter\CodeIgniter->handleRequest(NULL, Object(Config\Cache), false)
#10 E:\www\FAWE\index.php(45): CodeIgniter\CodeIgniter->run()
#11 {main}
CRITICAL - 2021-07-06 07:48:45 --> Undefined index: quarter
#0 E:\www\FAWE\app\Views\office\reporting\organizational_data\org_annual_narrative_report\view.php(50): CodeIgniter\Debug\Exceptions->errorHandler(8, 'Undefined index...', 'E:\\www\\FAWE\\ap...', 50, Array)
#1 E:\www\FAWE\system\View\View.php(246): include('E:\\www\\FAWE\\ap...')
#2 E:\www\FAWE\system\Common.php(1119): CodeIgniter\View\View->render('office/reportin...', Array, true)
#3 E:\www\FAWE\app\Views\template\index.php(14): view('office/reportin...')
#4 E:\www\FAWE\system\View\View.php(246): include('E:\\www\\FAWE\\ap...')
#5 E:\www\FAWE\system\Common.php(1119): CodeIgniter\View\View->render('template/index', Array, true)
#6 E:\www\FAWE\app\Controllers\reporting\organizational_data\Org_annual_narrative_report.php(298): view('template/index', Array)
#7 E:\www\FAWE\system\CodeIgniter.php(918): App\Controllers\reporting\organizational_data\org_annual_narrative_report->view('1')
#8 E:\www\FAWE\system\CodeIgniter.php(404): CodeIgniter\CodeIgniter->runController(Object(App\Controllers\reporting\organizational_data\org_annual_narrative_report))
#9 E:\www\FAWE\system\CodeIgniter.php(312): CodeIgniter\CodeIgniter->handleRequest(NULL, Object(Config\Cache), false)
#10 E:\www\FAWE\index.php(45): CodeIgniter\CodeIgniter->run()
#11 {main}
CRITICAL - 2021-07-06 07:55:57 --> Class 'App\Controllers\reporting\organizational_data\Org_quarterly_indicator_tracking_report_model' not found
#0 E:\www\FAWE\system\CodeIgniter.php(918): App\Controllers\reporting\organizational_data\org_annual_indicator_tracking_report->index()
#1 E:\www\FAWE\system\CodeIgniter.php(404): CodeIgniter\CodeIgniter->runController(Object(App\Controllers\reporting\organizational_data\org_annual_indicator_tracking_report))
#2 E:\www\FAWE\system\CodeIgniter.php(312): CodeIgniter\CodeIgniter->handleRequest(NULL, Object(Config\Cache), false)
#3 E:\www\FAWE\index.php(45): CodeIgniter\CodeIgniter->run()
#4 {main}
CRITICAL - 2021-07-06 07:56:21 --> Class 'App\Controllers\reporting\organizational_data\Org_quarterly_indicator_tracking_report_model' not found
#0 E:\www\FAWE\system\CodeIgniter.php(918): App\Controllers\reporting\organizational_data\org_annual_indicator_tracking_report->index()
#1 E:\www\FAWE\system\CodeIgniter.php(404): CodeIgniter\CodeIgniter->runController(Object(App\Controllers\reporting\organizational_data\org_annual_indicator_tracking_report))
#2 E:\www\FAWE\system\CodeIgniter.php(312): CodeIgniter\CodeIgniter->handleRequest(NULL, Object(Config\Cache), false)
#3 E:\www\FAWE\index.php(45): CodeIgniter\CodeIgniter->run()
#4 {main}
CRITICAL - 2021-07-06 07:56:38 --> Class 'App\Controllers\reporting\organizational_data\Org_quarterly_indicator_tracking_report_model' not found
#0 E:\www\FAWE\system\CodeIgniter.php(918): App\Controllers\reporting\organizational_data\org_annual_indicator_tracking_report->index()
#1 E:\www\FAWE\system\CodeIgniter.php(404): CodeIgniter\CodeIgniter->runController(Object(App\Controllers\reporting\organizational_data\org_annual_indicator_tracking_report))
#2 E:\www\FAWE\system\CodeIgniter.php(312): CodeIgniter\CodeIgniter->handleRequest(NULL, Object(Config\Cache), false)
#3 E:\www\FAWE\index.php(45): CodeIgniter\CodeIgniter->run()
#4 {main}
CRITICAL - 2021-07-06 09:05:37 --> Class 'App\Controllers\reporting\organizational_data\Project_model' not found
#0 E:\www\FAWE\system\CodeIgniter.php(918): App\Controllers\reporting\organizational_data\cases_database->index()
#1 E:\www\FAWE\system\CodeIgniter.php(404): CodeIgniter\CodeIgniter->runController(Object(App\Controllers\reporting\organizational_data\cases_database))
#2 E:\www\FAWE\system\CodeIgniter.php(312): CodeIgniter\CodeIgniter->handleRequest(NULL, Object(Config\Cache), false)
#3 E:\www\FAWE\index.php(45): CodeIgniter\CodeIgniter->run()
#4 {main}
CRITICAL - 2021-07-06 09:06:11 --> Class 'App\Models\reporting\organizational_data\Cases_database_model' not found
#0 E:\www\FAWE\system\CodeIgniter.php(918): App\Controllers\reporting\organizational_data\cases_database->index()
#1 E:\www\FAWE\system\CodeIgniter.php(404): CodeIgniter\CodeIgniter->runController(Object(App\Controllers\reporting\organizational_data\cases_database))
#2 E:\www\FAWE\system\CodeIgniter.php(312): CodeIgniter\CodeIgniter->handleRequest(NULL, Object(Config\Cache), false)
#3 E:\www\FAWE\index.php(45): CodeIgniter\CodeIgniter->run()
#4 {main}
CRITICAL - 2021-07-06 09:07:04 --> Class 'App\Models\reporting\organizational_data\Cases_database_model' not found
#0 E:\www\FAWE\system\CodeIgniter.php(918): App\Controllers\reporting\organizational_data\cases_database->index()
#1 E:\www\FAWE\system\CodeIgniter.php(404): CodeIgniter\CodeIgniter->runController(Object(App\Controllers\reporting\organizational_data\cases_database))
#2 E:\www\FAWE\system\CodeIgniter.php(312): CodeIgniter\CodeIgniter->handleRequest(NULL, Object(Config\Cache), false)
#3 E:\www\FAWE\index.php(45): CodeIgniter\CodeIgniter->run()
#4 {main}
CRITICAL - 2021-07-06 09:07:25 --> Class 'App\Models\reporting\organizational_data\Cases_database_model' not found
#0 E:\www\FAWE\system\CodeIgniter.php(918): App\Controllers\reporting\organizational_data\cases_database->index()
#1 E:\www\FAWE\system\CodeIgniter.php(404): CodeIgniter\CodeIgniter->runController(Object(App\Controllers\reporting\organizational_data\cases_database))
#2 E:\www\FAWE\system\CodeIgniter.php(312): CodeIgniter\CodeIgniter->handleRequest(NULL, Object(Config\Cache), false)
#3 E:\www\FAWE\index.php(45): CodeIgniter\CodeIgniter->run()
#4 {main}
CRITICAL - 2021-07-06 09:08:08 --> Class 'App\Models\reporting\organizational_data\Cases_database_model' not found
#0 E:\www\FAWE\system\CodeIgniter.php(918): App\Controllers\reporting\organizational_data\cases_database->index()
#1 E:\www\FAWE\system\CodeIgniter.php(404): CodeIgniter\CodeIgniter->runController(Object(App\Controllers\reporting\organizational_data\cases_database))
#2 E:\www\FAWE\system\CodeIgniter.php(312): CodeIgniter\CodeIgniter->handleRequest(NULL, Object(Config\Cache), false)
#3 E:\www\FAWE\index.php(45): CodeIgniter\CodeIgniter->run()
#4 {main}
CRITICAL - 2021-07-06 09:08:53 --> Class 'App\Models\reporting\organizational_data\Cases_database_model' not found
#0 E:\www\FAWE\system\CodeIgniter.php(918): App\Controllers\reporting\organizational_data\cases_database->index()
#1 E:\www\FAWE\system\CodeIgniter.php(404): CodeIgniter\CodeIgniter->runController(Object(App\Controllers\reporting\organizational_data\cases_database))
#2 E:\www\FAWE\system\CodeIgniter.php(312): CodeIgniter\CodeIgniter->handleRequest(NULL, Object(Config\Cache), false)
#3 E:\www\FAWE\index.php(45): CodeIgniter\CodeIgniter->run()
#4 {main}
CRITICAL - 2021-07-06 09:09:13 --> Class 'App\Models\reporting\organizational_data\Cases_database_model' not found
#0 E:\www\FAWE\system\CodeIgniter.php(918): App\Controllers\reporting\organizational_data\cases_database->index()
#1 E:\www\FAWE\system\CodeIgniter.php(404): CodeIgniter\CodeIgniter->runController(Object(App\Controllers\reporting\organizational_data\cases_database))
#2 E:\www\FAWE\system\CodeIgniter.php(312): CodeIgniter\CodeIgniter->handleRequest(NULL, Object(Config\Cache), false)
#3 E:\www\FAWE\index.php(45): CodeIgniter\CodeIgniter->run()
#4 {main}
CRITICAL - 2021-07-06 09:10:33 --> Class 'App\Models\reporting\organizational_data\Cases_database_model' not found
#0 E:\www\FAWE\system\CodeIgniter.php(918): App\Controllers\reporting\organizational_data\cases_database->index()
#1 E:\www\FAWE\system\CodeIgniter.php(404): CodeIgniter\CodeIgniter->runController(Object(App\Controllers\reporting\organizational_data\cases_database))
#2 E:\www\FAWE\system\CodeIgniter.php(312): CodeIgniter\CodeIgniter->handleRequest(NULL, Object(Config\Cache), false)
#3 E:\www\FAWE\index.php(45): CodeIgniter\CodeIgniter->run()
#4 {main}
CRITICAL - 2021-07-06 09:13:17 --> Class 'App\Models\reporting\organizational_data\Cases_database_model' not found
#0 E:\www\FAWE\system\CodeIgniter.php(918): App\Controllers\reporting\organizational_data\Cases_database->index()
#1 E:\www\FAWE\system\CodeIgniter.php(404): CodeIgniter\CodeIgniter->runController(Object(App\Controllers\reporting\organizational_data\Cases_database))
#2 E:\www\FAWE\system\CodeIgniter.php(312): CodeIgniter\CodeIgniter->handleRequest(NULL, Object(Config\Cache), false)
#3 E:\www\FAWE\index.php(45): CodeIgniter\CodeIgniter->run()
#4 {main}
CRITICAL - 2021-07-06 09:13:43 --> Class 'App\Controllers\reporting\organizational_data\Cases_database_model' not found
#0 E:\www\FAWE\system\CodeIgniter.php(918): App\Controllers\reporting\organizational_data\Cases_database->index()
#1 E:\www\FAWE\system\CodeIgniter.php(404): CodeIgniter\CodeIgniter->runController(Object(App\Controllers\reporting\organizational_data\Cases_database))
#2 E:\www\FAWE\system\CodeIgniter.php(312): CodeIgniter\CodeIgniter->handleRequest(NULL, Object(Config\Cache), false)
#3 E:\www\FAWE\index.php(45): CodeIgniter\CodeIgniter->run()
#4 {main}
CRITICAL - 2021-07-06 09:14:03 --> Class 'App\Models\reporting\organizational_data\Cases_database_model' not found
#0 E:\www\FAWE\system\CodeIgniter.php(918): App\Controllers\reporting\organizational_data\Cases_database->index()
#1 E:\www\FAWE\system\CodeIgniter.php(404): CodeIgniter\CodeIgniter->runController(Object(App\Controllers\reporting\organizational_data\Cases_database))
#2 E:\www\FAWE\system\CodeIgniter.php(312): CodeIgniter\CodeIgniter->handleRequest(NULL, Object(Config\Cache), false)
#3 E:\www\FAWE\index.php(45): CodeIgniter\CodeIgniter->run()
#4 {main}
