CRITICAL - 2021-07-08 00:55:25 --> Undefined index: name
#0 E:\www\creaw\app\Views\office\reporting\organizational_data\cases_database\list.php(41): CodeIgniter\Debug\Exceptions->errorHandler(8, 'Undefined index...', 'E:\\www\\creaw\\ap...', 41, Array)
#1 E:\www\creaw\system\View\View.php(246): include('E:\\www\\creaw\\ap...')
#2 E:\www\creaw\system\Common.php(1119): CodeIgniter\View\View->render('office/reportin...', Array, true)
#3 E:\www\creaw\app\Views\template\index.php(14): view('office/reportin...')
#4 E:\www\creaw\system\View\View.php(246): include('E:\\www\\creaw\\ap...')
#5 E:\www\creaw\system\Common.php(1119): CodeIgniter\View\View->render('template/index', Array, true)
#6 E:\www\creaw\app\Controllers\reporting\organizational_data\Cases_database.php(68): view('template/index', Array)
#7 E:\www\creaw\system\CodeIgniter.php(918): App\Controllers\reporting\organizational_data\Cases_database->index()
#8 E:\www\creaw\system\CodeIgniter.php(404): CodeIgniter\CodeIgniter->runController(Object(App\Controllers\reporting\organizational_data\Cases_database))
#9 E:\www\creaw\system\CodeIgniter.php(312): CodeIgniter\CodeIgniter->handleRequest(NULL, Object(Config\Cache), false)
#10 E:\www\creaw\index.php(45): CodeIgniter\CodeIgniter->run()
#11 {main}
CRITICAL - 2021-07-08 00:55:26 --> Undefined index: name
#0 E:\www\creaw\app\Views\office\reporting\organizational_data\cases_database\list.php(41): CodeIgniter\Debug\Exceptions->errorHandler(8, 'Undefined index...', 'E:\\www\\creaw\\ap...', 41, Array)
#1 E:\www\creaw\system\View\View.php(246): include('E:\\www\\creaw\\ap...')
#2 E:\www\creaw\system\Common.php(1119): CodeIgniter\View\View->render('office/reportin...', Array, true)
#3 E:\www\creaw\app\Views\template\index.php(14): view('office/reportin...')
#4 E:\www\creaw\system\View\View.php(246): include('E:\\www\\creaw\\ap...')
#5 E:\www\creaw\system\Common.php(1119): CodeIgniter\View\View->render('template/index', Array, true)
#6 E:\www\creaw\app\Controllers\reporting\organizational_data\Cases_database.php(68): view('template/index', Array)
#7 E:\www\creaw\system\CodeIgniter.php(918): App\Controllers\reporting\organizational_data\Cases_database->index()
#8 E:\www\creaw\system\CodeIgniter.php(404): CodeIgniter\CodeIgniter->runController(Object(App\Controllers\reporting\organizational_data\Cases_database))
#9 E:\www\creaw\system\CodeIgniter.php(312): CodeIgniter\CodeIgniter->handleRequest(NULL, Object(Config\Cache), false)
#10 E:\www\creaw\index.php(45): CodeIgniter\CodeIgniter->run()
#11 {main}
CRITICAL - 2021-07-08 00:56:35 --> Undefined index: name
#0 E:\www\creaw\app\Views\office\reporting\organizational_data\cases_database\list.php(41): CodeIgniter\Debug\Exceptions->errorHandler(8, 'Undefined index...', 'E:\\www\\creaw\\ap...', 41, Array)
#1 E:\www\creaw\system\View\View.php(246): include('E:\\www\\creaw\\ap...')
#2 E:\www\creaw\system\Common.php(1119): CodeIgniter\View\View->render('office/reportin...', Array, true)
#3 E:\www\creaw\app\Views\template\index.php(14): view('office/reportin...')
#4 E:\www\creaw\system\View\View.php(246): include('E:\\www\\creaw\\ap...')
#5 E:\www\creaw\system\Common.php(1119): CodeIgniter\View\View->render('template/index', Array, true)
#6 E:\www\creaw\app\Controllers\reporting\organizational_data\Cases_database.php(68): view('template/index', Array)
#7 E:\www\creaw\system\CodeIgniter.php(918): App\Controllers\reporting\organizational_data\Cases_database->index()
#8 E:\www\creaw\system\CodeIgniter.php(404): CodeIgniter\CodeIgniter->runController(Object(App\Controllers\reporting\organizational_data\Cases_database))
#9 E:\www\creaw\system\CodeIgniter.php(312): CodeIgniter\CodeIgniter->handleRequest(NULL, Object(Config\Cache), false)
#10 E:\www\creaw\index.php(45): CodeIgniter\CodeIgniter->run()
#11 {main}
CRITICAL - 2021-07-08 00:56:35 --> Undefined index: name
#0 E:\www\creaw\app\Views\office\reporting\organizational_data\cases_database\list.php(41): CodeIgniter\Debug\Exceptions->errorHandler(8, 'Undefined index...', 'E:\\www\\creaw\\ap...', 41, Array)
#1 E:\www\creaw\system\View\View.php(246): include('E:\\www\\creaw\\ap...')
#2 E:\www\creaw\system\Common.php(1119): CodeIgniter\View\View->render('office/reportin...', Array, true)
#3 E:\www\creaw\app\Views\template\index.php(14): view('office/reportin...')
#4 E:\www\creaw\system\View\View.php(246): include('E:\\www\\creaw\\ap...')
#5 E:\www\creaw\system\Common.php(1119): CodeIgniter\View\View->render('template/index', Array, true)
#6 E:\www\creaw\app\Controllers\reporting\organizational_data\Cases_database.php(68): view('template/index', Array)
#7 E:\www\creaw\system\CodeIgniter.php(918): App\Controllers\reporting\organizational_data\Cases_database->index()
#8 E:\www\creaw\system\CodeIgniter.php(404): CodeIgniter\CodeIgniter->runController(Object(App\Controllers\reporting\organizational_data\Cases_database))
#9 E:\www\creaw\system\CodeIgniter.php(312): CodeIgniter\CodeIgniter->handleRequest(NULL, Object(Config\Cache), false)
#10 E:\www\creaw\index.php(45): CodeIgniter\CodeIgniter->run()
#11 {main}
CRITICAL - 2021-07-08 01:01:24 --> Undefined index: createtime
#0 E:\www\creaw\app\Views\office\reporting\organizational_data\cases_database\list.php(68): CodeIgniter\Debug\Exceptions->errorHandler(8, 'Undefined index...', 'E:\\www\\creaw\\ap...', 68, Array)
#1 E:\www\creaw\system\View\View.php(246): include('E:\\www\\creaw\\ap...')
#2 E:\www\creaw\system\Common.php(1119): CodeIgniter\View\View->render('office/reportin...', Array, true)
#3 E:\www\creaw\app\Views\template\index.php(14): view('office/reportin...')
#4 E:\www\creaw\system\View\View.php(246): include('E:\\www\\creaw\\ap...')
#5 E:\www\creaw\system\Common.php(1119): CodeIgniter\View\View->render('template/index', Array, true)
#6 E:\www\creaw\app\Controllers\reporting\organizational_data\Cases_database.php(68): view('template/index', Array)
#7 E:\www\creaw\system\CodeIgniter.php(918): App\Controllers\reporting\organizational_data\Cases_database->index()
#8 E:\www\creaw\system\CodeIgniter.php(404): CodeIgniter\CodeIgniter->runController(Object(App\Controllers\reporting\organizational_data\Cases_database))
#9 E:\www\creaw\system\CodeIgniter.php(312): CodeIgniter\CodeIgniter->handleRequest(NULL, Object(Config\Cache), false)
#10 E:\www\creaw\index.php(45): CodeIgniter\CodeIgniter->run()
#11 {main}
CRITICAL - 2021-07-08 01:01:24 --> Undefined index: createtime
#0 E:\www\creaw\app\Views\office\reporting\organizational_data\cases_database\list.php(68): CodeIgniter\Debug\Exceptions->errorHandler(8, 'Undefined index...', 'E:\\www\\creaw\\ap...', 68, Array)
#1 E:\www\creaw\system\View\View.php(246): include('E:\\www\\creaw\\ap...')
#2 E:\www\creaw\system\Common.php(1119): CodeIgniter\View\View->render('office/reportin...', Array, true)
#3 E:\www\creaw\app\Views\template\index.php(14): view('office/reportin...')
#4 E:\www\creaw\system\View\View.php(246): include('E:\\www\\creaw\\ap...')
#5 E:\www\creaw\system\Common.php(1119): CodeIgniter\View\View->render('template/index', Array, true)
#6 E:\www\creaw\app\Controllers\reporting\organizational_data\Cases_database.php(68): view('template/index', Array)
#7 E:\www\creaw\system\CodeIgniter.php(918): App\Controllers\reporting\organizational_data\Cases_database->index()
#8 E:\www\creaw\system\CodeIgniter.php(404): CodeIgniter\CodeIgniter->runController(Object(App\Controllers\reporting\organizational_data\Cases_database))
#9 E:\www\creaw\system\CodeIgniter.php(312): CodeIgniter\CodeIgniter->handleRequest(NULL, Object(Config\Cache), false)
#10 E:\www\creaw\index.php(45): CodeIgniter\CodeIgniter->run()
#11 {main}
CRITICAL - 2021-07-08 01:05:47 --> Call to undefined method CodeIgniter\Database\MySQLi\Result::getNumRows()
#0 E:\www\creaw\system\View\View.php(246): include()
#1 E:\www\creaw\system\Common.php(1119): CodeIgniter\View\View->render('office/reportin...', Array, true)
#2 E:\www\creaw\app\Views\template\index.php(14): view('office/reportin...')
#3 E:\www\creaw\system\View\View.php(246): include('E:\\www\\creaw\\ap...')
#4 E:\www\creaw\system\Common.php(1119): CodeIgniter\View\View->render('template/index', Array, true)
#5 E:\www\creaw\app\Controllers\reporting\organizational_data\Cases_database.php(227): view('template/index', Array)
#6 E:\www\creaw\system\CodeIgniter.php(918): App\Controllers\reporting\organizational_data\Cases_database->add()
#7 E:\www\creaw\system\CodeIgniter.php(404): CodeIgniter\CodeIgniter->runController(Object(App\Controllers\reporting\organizational_data\Cases_database))
#8 E:\www\creaw\system\CodeIgniter.php(312): CodeIgniter\CodeIgniter->handleRequest(NULL, Object(Config\Cache), false)
#9 E:\www\creaw\index.php(45): CodeIgniter\CodeIgniter->run()
#10 {main}
CRITICAL - 2021-07-08 01:05:47 --> Call to undefined method CodeIgniter\Database\MySQLi\Result::getNumRows()
#0 E:\www\creaw\system\View\View.php(246): include()
#1 E:\www\creaw\system\Common.php(1119): CodeIgniter\View\View->render('office/reportin...', Array, true)
#2 E:\www\creaw\app\Views\template\index.php(14): view('office/reportin...')
#3 E:\www\creaw\system\View\View.php(246): include('E:\\www\\creaw\\ap...')
#4 E:\www\creaw\system\Common.php(1119): CodeIgniter\View\View->render('template/index', Array, true)
#5 E:\www\creaw\app\Controllers\reporting\organizational_data\Cases_database.php(227): view('template/index', Array)
#6 E:\www\creaw\system\CodeIgniter.php(918): App\Controllers\reporting\organizational_data\Cases_database->add()
#7 E:\www\creaw\system\CodeIgniter.php(404): CodeIgniter\CodeIgniter->runController(Object(App\Controllers\reporting\organizational_data\Cases_database))
#8 E:\www\creaw\system\CodeIgniter.php(312): CodeIgniter\CodeIgniter->handleRequest(NULL, Object(Config\Cache), false)
#9 E:\www\creaw\index.php(45): CodeIgniter\CodeIgniter->run()
#10 {main}
CRITICAL - 2021-07-08 01:07:02 --> Call to undefined method CodeIgniter\Database\MySQLi\Result::getNumRows()
#0 E:\www\creaw\system\View\View.php(246): include()
#1 E:\www\creaw\system\Common.php(1119): CodeIgniter\View\View->render('office/reportin...', Array, true)
#2 E:\www\creaw\app\Views\template\index.php(14): view('office/reportin...')
#3 E:\www\creaw\system\View\View.php(246): include('E:\\www\\creaw\\ap...')
#4 E:\www\creaw\system\Common.php(1119): CodeIgniter\View\View->render('template/index', Array, true)
#5 E:\www\creaw\app\Controllers\reporting\organizational_data\Cases_database.php(227): view('template/index', Array)
#6 E:\www\creaw\system\CodeIgniter.php(918): App\Controllers\reporting\organizational_data\Cases_database->add()
#7 E:\www\creaw\system\CodeIgniter.php(404): CodeIgniter\CodeIgniter->runController(Object(App\Controllers\reporting\organizational_data\Cases_database))
#8 E:\www\creaw\system\CodeIgniter.php(312): CodeIgniter\CodeIgniter->handleRequest(NULL, Object(Config\Cache), false)
#9 E:\www\creaw\index.php(45): CodeIgniter\CodeIgniter->run()
#10 {main}
CRITICAL - 2021-07-08 01:07:02 --> Call to undefined method CodeIgniter\Database\MySQLi\Result::getNumRows()
#0 E:\www\creaw\system\View\View.php(246): include()
#1 E:\www\creaw\system\Common.php(1119): CodeIgniter\View\View->render('office/reportin...', Array, true)
#2 E:\www\creaw\app\Views\template\index.php(14): view('office/reportin...')
#3 E:\www\creaw\system\View\View.php(246): include('E:\\www\\creaw\\ap...')
#4 E:\www\creaw\system\Common.php(1119): CodeIgniter\View\View->render('template/index', Array, true)
#5 E:\www\creaw\app\Controllers\reporting\organizational_data\Cases_database.php(227): view('template/index', Array)
#6 E:\www\creaw\system\CodeIgniter.php(918): App\Controllers\reporting\organizational_data\Cases_database->add()
#7 E:\www\creaw\system\CodeIgniter.php(404): CodeIgniter\CodeIgniter->runController(Object(App\Controllers\reporting\organizational_data\Cases_database))
#8 E:\www\creaw\system\CodeIgniter.php(312): CodeIgniter\CodeIgniter->handleRequest(NULL, Object(Config\Cache), false)
#9 E:\www\creaw\index.php(45): CodeIgniter\CodeIgniter->run()
#10 {main}
CRITICAL - 2021-07-08 01:07:14 --> Call to undefined method CodeIgniter\Database\MySQLi\Result::getNumRows()
#0 E:\www\creaw\system\View\View.php(246): include()
#1 E:\www\creaw\system\Common.php(1119): CodeIgniter\View\View->render('office/reportin...', Array, true)
#2 E:\www\creaw\app\Views\template\index.php(14): view('office/reportin...')
#3 E:\www\creaw\system\View\View.php(246): include('E:\\www\\creaw\\ap...')
#4 E:\www\creaw\system\Common.php(1119): CodeIgniter\View\View->render('template/index', Array, true)
#5 E:\www\creaw\app\Controllers\reporting\organizational_data\Cases_database.php(227): view('template/index', Array)
#6 E:\www\creaw\system\CodeIgniter.php(918): App\Controllers\reporting\organizational_data\Cases_database->add()
#7 E:\www\creaw\system\CodeIgniter.php(404): CodeIgniter\CodeIgniter->runController(Object(App\Controllers\reporting\organizational_data\Cases_database))
#8 E:\www\creaw\system\CodeIgniter.php(312): CodeIgniter\CodeIgniter->handleRequest(NULL, Object(Config\Cache), false)
#9 E:\www\creaw\index.php(45): CodeIgniter\CodeIgniter->run()
#10 {main}
CRITICAL - 2021-07-08 01:07:14 --> Call to undefined method CodeIgniter\Database\MySQLi\Result::getNumRows()
#0 E:\www\creaw\system\View\View.php(246): include()
#1 E:\www\creaw\system\Common.php(1119): CodeIgniter\View\View->render('office/reportin...', Array, true)
#2 E:\www\creaw\app\Views\template\index.php(14): view('office/reportin...')
#3 E:\www\creaw\system\View\View.php(246): include('E:\\www\\creaw\\ap...')
#4 E:\www\creaw\system\Common.php(1119): CodeIgniter\View\View->render('template/index', Array, true)
#5 E:\www\creaw\app\Controllers\reporting\organizational_data\Cases_database.php(227): view('template/index', Array)
#6 E:\www\creaw\system\CodeIgniter.php(918): App\Controllers\reporting\organizational_data\Cases_database->add()
#7 E:\www\creaw\system\CodeIgniter.php(404): CodeIgniter\CodeIgniter->runController(Object(App\Controllers\reporting\organizational_data\Cases_database))
#8 E:\www\creaw\system\CodeIgniter.php(312): CodeIgniter\CodeIgniter->handleRequest(NULL, Object(Config\Cache), false)
#9 E:\www\creaw\index.php(45): CodeIgniter\CodeIgniter->run()
#10 {main}
CRITICAL - 2021-07-08 01:16:15 --> Call to undefined method CodeIgniter\Database\MySQLi\Result::getNumRows()
#0 E:\www\creaw\system\View\View.php(246): include()
#1 E:\www\creaw\system\Common.php(1119): CodeIgniter\View\View->render('office/reportin...', Array, true)
#2 E:\www\creaw\app\Views\template\index.php(14): view('office/reportin...')
#3 E:\www\creaw\system\View\View.php(246): include('E:\\www\\creaw\\ap...')
#4 E:\www\creaw\system\Common.php(1119): CodeIgniter\View\View->render('template/index', Array, true)
#5 E:\www\creaw\app\Controllers\reporting\organizational_data\Cases_database.php(227): view('template/index', Array)
#6 E:\www\creaw\system\CodeIgniter.php(918): App\Controllers\reporting\organizational_data\Cases_database->add()
#7 E:\www\creaw\system\CodeIgniter.php(404): CodeIgniter\CodeIgniter->runController(Object(App\Controllers\reporting\organizational_data\Cases_database))
#8 E:\www\creaw\system\CodeIgniter.php(312): CodeIgniter\CodeIgniter->handleRequest(NULL, Object(Config\Cache), false)
#9 E:\www\creaw\index.php(45): CodeIgniter\CodeIgniter->run()
#10 {main}
CRITICAL - 2021-07-08 01:16:15 --> Call to undefined method CodeIgniter\Database\MySQLi\Result::getNumRows()
#0 E:\www\creaw\system\View\View.php(246): include()
#1 E:\www\creaw\system\Common.php(1119): CodeIgniter\View\View->render('office/reportin...', Array, true)
#2 E:\www\creaw\app\Views\template\index.php(14): view('office/reportin...')
#3 E:\www\creaw\system\View\View.php(246): include('E:\\www\\creaw\\ap...')
#4 E:\www\creaw\system\Common.php(1119): CodeIgniter\View\View->render('template/index', Array, true)
#5 E:\www\creaw\app\Controllers\reporting\organizational_data\Cases_database.php(227): view('template/index', Array)
#6 E:\www\creaw\system\CodeIgniter.php(918): App\Controllers\reporting\organizational_data\Cases_database->add()
#7 E:\www\creaw\system\CodeIgniter.php(404): CodeIgniter\CodeIgniter->runController(Object(App\Controllers\reporting\organizational_data\Cases_database))
#8 E:\www\creaw\system\CodeIgniter.php(312): CodeIgniter\CodeIgniter->handleRequest(NULL, Object(Config\Cache), false)
#9 E:\www\creaw\index.php(45): CodeIgniter\CodeIgniter->run()
#10 {main}
CRITICAL - 2021-07-08 01:19:11 --> Call to undefined method CodeIgniter\Database\MySQLi\Result::getNumRows()
#0 E:\www\creaw\system\View\View.php(246): include()
#1 E:\www\creaw\system\Common.php(1119): CodeIgniter\View\View->render('office/reportin...', Array, true)
#2 E:\www\creaw\app\Views\template\index.php(14): view('office/reportin...')
#3 E:\www\creaw\system\View\View.php(246): include('E:\\www\\creaw\\ap...')
#4 E:\www\creaw\system\Common.php(1119): CodeIgniter\View\View->render('template/index', Array, true)
#5 E:\www\creaw\app\Controllers\reporting\organizational_data\Cases_database.php(227): view('template/index', Array)
#6 E:\www\creaw\system\CodeIgniter.php(918): App\Controllers\reporting\organizational_data\Cases_database->add()
#7 E:\www\creaw\system\CodeIgniter.php(404): CodeIgniter\CodeIgniter->runController(Object(App\Controllers\reporting\organizational_data\Cases_database))
#8 E:\www\creaw\system\CodeIgniter.php(312): CodeIgniter\CodeIgniter->handleRequest(NULL, Object(Config\Cache), false)
#9 E:\www\creaw\index.php(45): CodeIgniter\CodeIgniter->run()
#10 {main}
CRITICAL - 2021-07-08 01:19:12 --> Call to undefined method CodeIgniter\Database\MySQLi\Result::getNumRows()
#0 E:\www\creaw\system\View\View.php(246): include()
#1 E:\www\creaw\system\Common.php(1119): CodeIgniter\View\View->render('office/reportin...', Array, true)
#2 E:\www\creaw\app\Views\template\index.php(14): view('office/reportin...')
#3 E:\www\creaw\system\View\View.php(246): include('E:\\www\\creaw\\ap...')
#4 E:\www\creaw\system\Common.php(1119): CodeIgniter\View\View->render('template/index', Array, true)
#5 E:\www\creaw\app\Controllers\reporting\organizational_data\Cases_database.php(227): view('template/index', Array)
#6 E:\www\creaw\system\CodeIgniter.php(918): App\Controllers\reporting\organizational_data\Cases_database->add()
#7 E:\www\creaw\system\CodeIgniter.php(404): CodeIgniter\CodeIgniter->runController(Object(App\Controllers\reporting\organizational_data\Cases_database))
#8 E:\www\creaw\system\CodeIgniter.php(312): CodeIgniter\CodeIgniter->handleRequest(NULL, Object(Config\Cache), false)
#9 E:\www\creaw\index.php(45): CodeIgniter\CodeIgniter->run()
#10 {main}
CRITICAL - 2021-07-08 01:21:51 --> Call to undefined method CodeIgniter\Database\MySQLi\Result::getNumRows()
#0 E:\www\creaw\system\View\View.php(246): include()
#1 E:\www\creaw\system\Common.php(1119): CodeIgniter\View\View->render('office/reportin...', Array, true)
#2 E:\www\creaw\app\Views\template\index.php(14): view('office/reportin...')
#3 E:\www\creaw\system\View\View.php(246): include('E:\\www\\creaw\\ap...')
#4 E:\www\creaw\system\Common.php(1119): CodeIgniter\View\View->render('template/index', Array, true)
#5 E:\www\creaw\app\Controllers\reporting\organizational_data\Cases_database.php(227): view('template/index', Array)
#6 E:\www\creaw\system\CodeIgniter.php(918): App\Controllers\reporting\organizational_data\Cases_database->add()
#7 E:\www\creaw\system\CodeIgniter.php(404): CodeIgniter\CodeIgniter->runController(Object(App\Controllers\reporting\organizational_data\Cases_database))
#8 E:\www\creaw\system\CodeIgniter.php(312): CodeIgniter\CodeIgniter->handleRequest(NULL, Object(Config\Cache), false)
#9 E:\www\creaw\index.php(45): CodeIgniter\CodeIgniter->run()
#10 {main}
CRITICAL - 2021-07-08 01:21:51 --> Call to undefined method CodeIgniter\Database\MySQLi\Result::getNumRows()
#0 E:\www\creaw\system\View\View.php(246): include()
#1 E:\www\creaw\system\Common.php(1119): CodeIgniter\View\View->render('office/reportin...', Array, true)
#2 E:\www\creaw\app\Views\template\index.php(14): view('office/reportin...')
#3 E:\www\creaw\system\View\View.php(246): include('E:\\www\\creaw\\ap...')
#4 E:\www\creaw\system\Common.php(1119): CodeIgniter\View\View->render('template/index', Array, true)
#5 E:\www\creaw\app\Controllers\reporting\organizational_data\Cases_database.php(227): view('template/index', Array)
#6 E:\www\creaw\system\CodeIgniter.php(918): App\Controllers\reporting\organizational_data\Cases_database->add()
#7 E:\www\creaw\system\CodeIgniter.php(404): CodeIgniter\CodeIgniter->runController(Object(App\Controllers\reporting\organizational_data\Cases_database))
#8 E:\www\creaw\system\CodeIgniter.php(312): CodeIgniter\CodeIgniter->handleRequest(NULL, Object(Config\Cache), false)
#9 E:\www\creaw\index.php(45): CodeIgniter\CodeIgniter->run()
#10 {main}
CRITICAL - 2021-07-08 01:22:04 --> Undefined variable: db
#0 E:\www\creaw\app\Views\office\reporting\organizational_data\cases_database\add.php(115): CodeIgniter\Debug\Exceptions->errorHandler(8, 'Undefined varia...', 'E:\\www\\creaw\\ap...', 115, Array)
#1 E:\www\creaw\system\View\View.php(246): include('E:\\www\\creaw\\ap...')
#2 E:\www\creaw\system\Common.php(1119): CodeIgniter\View\View->render('office/reportin...', Array, true)
#3 E:\www\creaw\app\Views\template\index.php(14): view('office/reportin...')
#4 E:\www\creaw\system\View\View.php(246): include('E:\\www\\creaw\\ap...')
#5 E:\www\creaw\system\Common.php(1119): CodeIgniter\View\View->render('template/index', Array, true)
#6 E:\www\creaw\app\Controllers\reporting\organizational_data\Cases_database.php(227): view('template/index', Array)
#7 E:\www\creaw\system\CodeIgniter.php(918): App\Controllers\reporting\organizational_data\Cases_database->add()
#8 E:\www\creaw\system\CodeIgniter.php(404): CodeIgniter\CodeIgniter->runController(Object(App\Controllers\reporting\organizational_data\Cases_database))
#9 E:\www\creaw\system\CodeIgniter.php(312): CodeIgniter\CodeIgniter->handleRequest(NULL, Object(Config\Cache), false)
#10 E:\www\creaw\index.php(45): CodeIgniter\CodeIgniter->run()
#11 {main}
CRITICAL - 2021-07-08 01:22:04 --> Undefined variable: db
#0 E:\www\creaw\app\Views\office\reporting\organizational_data\cases_database\add.php(115): CodeIgniter\Debug\Exceptions->errorHandler(8, 'Undefined varia...', 'E:\\www\\creaw\\ap...', 115, Array)
#1 E:\www\creaw\system\View\View.php(246): include('E:\\www\\creaw\\ap...')
#2 E:\www\creaw\system\Common.php(1119): CodeIgniter\View\View->render('office/reportin...', Array, true)
#3 E:\www\creaw\app\Views\template\index.php(14): view('office/reportin...')
#4 E:\www\creaw\system\View\View.php(246): include('E:\\www\\creaw\\ap...')
#5 E:\www\creaw\system\Common.php(1119): CodeIgniter\View\View->render('template/index', Array, true)
#6 E:\www\creaw\app\Controllers\reporting\organizational_data\Cases_database.php(227): view('template/index', Array)
#7 E:\www\creaw\system\CodeIgniter.php(918): App\Controllers\reporting\organizational_data\Cases_database->add()
#8 E:\www\creaw\system\CodeIgniter.php(404): CodeIgniter\CodeIgniter->runController(Object(App\Controllers\reporting\organizational_data\Cases_database))
#9 E:\www\creaw\system\CodeIgniter.php(312): CodeIgniter\CodeIgniter->handleRequest(NULL, Object(Config\Cache), false)
#10 E:\www\creaw\index.php(45): CodeIgniter\CodeIgniter->run()
#11 {main}
CRITICAL - 2021-07-08 01:22:21 --> Call to undefined method CodeIgniter\Database\MySQLi\Result::getNumRows()
#0 E:\www\creaw\system\View\View.php(246): include()
#1 E:\www\creaw\system\Common.php(1119): CodeIgniter\View\View->render('office/reportin...', Array, true)
#2 E:\www\creaw\app\Views\template\index.php(14): view('office/reportin...')
#3 E:\www\creaw\system\View\View.php(246): include('E:\\www\\creaw\\ap...')
#4 E:\www\creaw\system\Common.php(1119): CodeIgniter\View\View->render('template/index', Array, true)
#5 E:\www\creaw\app\Controllers\reporting\organizational_data\Cases_database.php(227): view('template/index', Array)
#6 E:\www\creaw\system\CodeIgniter.php(918): App\Controllers\reporting\organizational_data\Cases_database->add()
#7 E:\www\creaw\system\CodeIgniter.php(404): CodeIgniter\CodeIgniter->runController(Object(App\Controllers\reporting\organizational_data\Cases_database))
#8 E:\www\creaw\system\CodeIgniter.php(312): CodeIgniter\CodeIgniter->handleRequest(NULL, Object(Config\Cache), false)
#9 E:\www\creaw\index.php(45): CodeIgniter\CodeIgniter->run()
#10 {main}
CRITICAL - 2021-07-08 01:22:21 --> Call to undefined method CodeIgniter\Database\MySQLi\Result::getNumRows()
#0 E:\www\creaw\system\View\View.php(246): include()
#1 E:\www\creaw\system\Common.php(1119): CodeIgniter\View\View->render('office/reportin...', Array, true)
#2 E:\www\creaw\app\Views\template\index.php(14): view('office/reportin...')
#3 E:\www\creaw\system\View\View.php(246): include('E:\\www\\creaw\\ap...')
#4 E:\www\creaw\system\Common.php(1119): CodeIgniter\View\View->render('template/index', Array, true)
#5 E:\www\creaw\app\Controllers\reporting\organizational_data\Cases_database.php(227): view('template/index', Array)
#6 E:\www\creaw\system\CodeIgniter.php(918): App\Controllers\reporting\organizational_data\Cases_database->add()
#7 E:\www\creaw\system\CodeIgniter.php(404): CodeIgniter\CodeIgniter->runController(Object(App\Controllers\reporting\organizational_data\Cases_database))
#8 E:\www\creaw\system\CodeIgniter.php(312): CodeIgniter\CodeIgniter->handleRequest(NULL, Object(Config\Cache), false)
#9 E:\www\creaw\index.php(45): CodeIgniter\CodeIgniter->run()
#10 {main}
CRITICAL - 2021-07-08 01:22:46 --> Call to undefined method CodeIgniter\Database\MySQLi\Result::num_rows()
#0 E:\www\creaw\system\View\View.php(246): include()
#1 E:\www\creaw\system\Common.php(1119): CodeIgniter\View\View->render('office/reportin...', Array, true)
#2 E:\www\creaw\app\Views\template\index.php(14): view('office/reportin...')
#3 E:\www\creaw\system\View\View.php(246): include('E:\\www\\creaw\\ap...')
#4 E:\www\creaw\system\Common.php(1119): CodeIgniter\View\View->render('template/index', Array, true)
#5 E:\www\creaw\app\Controllers\reporting\organizational_data\Cases_database.php(227): view('template/index', Array)
#6 E:\www\creaw\system\CodeIgniter.php(918): App\Controllers\reporting\organizational_data\Cases_database->add()
#7 E:\www\creaw\system\CodeIgniter.php(404): CodeIgniter\CodeIgniter->runController(Object(App\Controllers\reporting\organizational_data\Cases_database))
#8 E:\www\creaw\system\CodeIgniter.php(312): CodeIgniter\CodeIgniter->handleRequest(NULL, Object(Config\Cache), false)
#9 E:\www\creaw\index.php(45): CodeIgniter\CodeIgniter->run()
#10 {main}
CRITICAL - 2021-07-08 01:22:46 --> Call to undefined method CodeIgniter\Database\MySQLi\Result::num_rows()
#0 E:\www\creaw\system\View\View.php(246): include()
#1 E:\www\creaw\system\Common.php(1119): CodeIgniter\View\View->render('office/reportin...', Array, true)
#2 E:\www\creaw\app\Views\template\index.php(14): view('office/reportin...')
#3 E:\www\creaw\system\View\View.php(246): include('E:\\www\\creaw\\ap...')
#4 E:\www\creaw\system\Common.php(1119): CodeIgniter\View\View->render('template/index', Array, true)
#5 E:\www\creaw\app\Controllers\reporting\organizational_data\Cases_database.php(227): view('template/index', Array)
#6 E:\www\creaw\system\CodeIgniter.php(918): App\Controllers\reporting\organizational_data\Cases_database->add()
#7 E:\www\creaw\system\CodeIgniter.php(404): CodeIgniter\CodeIgniter->runController(Object(App\Controllers\reporting\organizational_data\Cases_database))
#8 E:\www\creaw\system\CodeIgniter.php(312): CodeIgniter\CodeIgniter->handleRequest(NULL, Object(Config\Cache), false)
#9 E:\www\creaw\index.php(45): CodeIgniter\CodeIgniter->run()
#10 {main}
CRITICAL - 2021-07-08 01:24:23 --> Call to undefined method CodeIgniter\Database\MySQLi\Result::num_rows()
#0 E:\www\creaw\system\View\View.php(246): include()
#1 E:\www\creaw\system\Common.php(1119): CodeIgniter\View\View->render('office/reportin...', Array, true)
#2 E:\www\creaw\app\Views\template\index.php(14): view('office/reportin...')
#3 E:\www\creaw\system\View\View.php(246): include('E:\\www\\creaw\\ap...')
#4 E:\www\creaw\system\Common.php(1119): CodeIgniter\View\View->render('template/index', Array, true)
#5 E:\www\creaw\app\Controllers\reporting\organizational_data\Cases_database.php(227): view('template/index', Array)
#6 E:\www\creaw\system\CodeIgniter.php(918): App\Controllers\reporting\organizational_data\Cases_database->add()
#7 E:\www\creaw\system\CodeIgniter.php(404): CodeIgniter\CodeIgniter->runController(Object(App\Controllers\reporting\organizational_data\Cases_database))
#8 E:\www\creaw\system\CodeIgniter.php(312): CodeIgniter\CodeIgniter->handleRequest(NULL, Object(Config\Cache), false)
#9 E:\www\creaw\index.php(45): CodeIgniter\CodeIgniter->run()
#10 {main}
CRITICAL - 2021-07-08 01:24:23 --> Call to undefined method CodeIgniter\Database\MySQLi\Result::num_rows()
#0 E:\www\creaw\system\View\View.php(246): include()
#1 E:\www\creaw\system\Common.php(1119): CodeIgniter\View\View->render('office/reportin...', Array, true)
#2 E:\www\creaw\app\Views\template\index.php(14): view('office/reportin...')
#3 E:\www\creaw\system\View\View.php(246): include('E:\\www\\creaw\\ap...')
#4 E:\www\creaw\system\Common.php(1119): CodeIgniter\View\View->render('template/index', Array, true)
#5 E:\www\creaw\app\Controllers\reporting\organizational_data\Cases_database.php(227): view('template/index', Array)
#6 E:\www\creaw\system\CodeIgniter.php(918): App\Controllers\reporting\organizational_data\Cases_database->add()
#7 E:\www\creaw\system\CodeIgniter.php(404): CodeIgniter\CodeIgniter->runController(Object(App\Controllers\reporting\organizational_data\Cases_database))
#8 E:\www\creaw\system\CodeIgniter.php(312): CodeIgniter\CodeIgniter->handleRequest(NULL, Object(Config\Cache), false)
#9 E:\www\creaw\index.php(45): CodeIgniter\CodeIgniter->run()
#10 {main}
CRITICAL - 2021-07-08 01:25:12 --> Call to undefined method CodeIgniter\Database\MySQLi\Result::num_rows()
#0 E:\www\creaw\system\View\View.php(246): include()
#1 E:\www\creaw\system\Common.php(1119): CodeIgniter\View\View->render('office/reportin...', Array, true)
#2 E:\www\creaw\app\Views\template\index.php(14): view('office/reportin...')
#3 E:\www\creaw\system\View\View.php(246): include('E:\\www\\creaw\\ap...')
#4 E:\www\creaw\system\Common.php(1119): CodeIgniter\View\View->render('template/index', Array, true)
#5 E:\www\creaw\app\Controllers\reporting\organizational_data\Cases_database.php(227): view('template/index', Array)
#6 E:\www\creaw\system\CodeIgniter.php(918): App\Controllers\reporting\organizational_data\Cases_database->add()
#7 E:\www\creaw\system\CodeIgniter.php(404): CodeIgniter\CodeIgniter->runController(Object(App\Controllers\reporting\organizational_data\Cases_database))
#8 E:\www\creaw\system\CodeIgniter.php(312): CodeIgniter\CodeIgniter->handleRequest(NULL, Object(Config\Cache), false)
#9 E:\www\creaw\index.php(45): CodeIgniter\CodeIgniter->run()
#10 {main}
CRITICAL - 2021-07-08 01:25:12 --> Call to undefined method CodeIgniter\Database\MySQLi\Result::num_rows()
#0 E:\www\creaw\system\View\View.php(246): include()
#1 E:\www\creaw\system\Common.php(1119): CodeIgniter\View\View->render('office/reportin...', Array, true)
#2 E:\www\creaw\app\Views\template\index.php(14): view('office/reportin...')
#3 E:\www\creaw\system\View\View.php(246): include('E:\\www\\creaw\\ap...')
#4 E:\www\creaw\system\Common.php(1119): CodeIgniter\View\View->render('template/index', Array, true)
#5 E:\www\creaw\app\Controllers\reporting\organizational_data\Cases_database.php(227): view('template/index', Array)
#6 E:\www\creaw\system\CodeIgniter.php(918): App\Controllers\reporting\organizational_data\Cases_database->add()
#7 E:\www\creaw\system\CodeIgniter.php(404): CodeIgniter\CodeIgniter->runController(Object(App\Controllers\reporting\organizational_data\Cases_database))
#8 E:\www\creaw\system\CodeIgniter.php(312): CodeIgniter\CodeIgniter->handleRequest(NULL, Object(Config\Cache), false)
#9 E:\www\creaw\index.php(45): CodeIgniter\CodeIgniter->run()
#10 {main}
CRITICAL - 2021-07-08 01:27:13 --> Call to undefined method CodeIgniter\Database\MySQLi\Result::num_rows()
#0 E:\www\creaw\system\View\View.php(246): include()
#1 E:\www\creaw\system\Common.php(1119): CodeIgniter\View\View->render('office/reportin...', Array, true)
#2 E:\www\creaw\app\Views\template\index.php(14): view('office/reportin...')
#3 E:\www\creaw\system\View\View.php(246): include('E:\\www\\creaw\\ap...')
#4 E:\www\creaw\system\Common.php(1119): CodeIgniter\View\View->render('template/index', Array, true)
#5 E:\www\creaw\app\Controllers\reporting\organizational_data\Cases_database.php(227): view('template/index', Array)
#6 E:\www\creaw\system\CodeIgniter.php(918): App\Controllers\reporting\organizational_data\Cases_database->add()
#7 E:\www\creaw\system\CodeIgniter.php(404): CodeIgniter\CodeIgniter->runController(Object(App\Controllers\reporting\organizational_data\Cases_database))
#8 E:\www\creaw\system\CodeIgniter.php(312): CodeIgniter\CodeIgniter->handleRequest(NULL, Object(Config\Cache), false)
#9 E:\www\creaw\index.php(45): CodeIgniter\CodeIgniter->run()
#10 {main}
CRITICAL - 2021-07-08 01:27:13 --> Call to undefined method CodeIgniter\Database\MySQLi\Result::num_rows()
#0 E:\www\creaw\system\View\View.php(246): include()
#1 E:\www\creaw\system\Common.php(1119): CodeIgniter\View\View->render('office/reportin...', Array, true)
#2 E:\www\creaw\app\Views\template\index.php(14): view('office/reportin...')
#3 E:\www\creaw\system\View\View.php(246): include('E:\\www\\creaw\\ap...')
#4 E:\www\creaw\system\Common.php(1119): CodeIgniter\View\View->render('template/index', Array, true)
#5 E:\www\creaw\app\Controllers\reporting\organizational_data\Cases_database.php(227): view('template/index', Array)
#6 E:\www\creaw\system\CodeIgniter.php(918): App\Controllers\reporting\organizational_data\Cases_database->add()
#7 E:\www\creaw\system\CodeIgniter.php(404): CodeIgniter\CodeIgniter->runController(Object(App\Controllers\reporting\organizational_data\Cases_database))
#8 E:\www\creaw\system\CodeIgniter.php(312): CodeIgniter\CodeIgniter->handleRequest(NULL, Object(Config\Cache), false)
#9 E:\www\creaw\index.php(45): CodeIgniter\CodeIgniter->run()
#10 {main}
CRITICAL - 2021-07-08 01:27:32 --> Call to undefined method CodeIgniter\Database\MySQLi\Result::num_rows()
#0 E:\www\creaw\system\View\View.php(246): include()
#1 E:\www\creaw\system\Common.php(1119): CodeIgniter\View\View->render('office/reportin...', Array, true)
#2 E:\www\creaw\app\Views\template\index.php(14): view('office/reportin...')
#3 E:\www\creaw\system\View\View.php(246): include('E:\\www\\creaw\\ap...')
#4 E:\www\creaw\system\Common.php(1119): CodeIgniter\View\View->render('template/index', Array, true)
#5 E:\www\creaw\app\Controllers\reporting\organizational_data\Cases_database.php(227): view('template/index', Array)
#6 E:\www\creaw\system\CodeIgniter.php(918): App\Controllers\reporting\organizational_data\Cases_database->add()
#7 E:\www\creaw\system\CodeIgniter.php(404): CodeIgniter\CodeIgniter->runController(Object(App\Controllers\reporting\organizational_data\Cases_database))
#8 E:\www\creaw\system\CodeIgniter.php(312): CodeIgniter\CodeIgniter->handleRequest(NULL, Object(Config\Cache), false)
#9 E:\www\creaw\index.php(45): CodeIgniter\CodeIgniter->run()
#10 {main}
CRITICAL - 2021-07-08 01:27:32 --> Call to undefined method CodeIgniter\Database\MySQLi\Result::num_rows()
#0 E:\www\creaw\system\View\View.php(246): include()
#1 E:\www\creaw\system\Common.php(1119): CodeIgniter\View\View->render('office/reportin...', Array, true)
#2 E:\www\creaw\app\Views\template\index.php(14): view('office/reportin...')
#3 E:\www\creaw\system\View\View.php(246): include('E:\\www\\creaw\\ap...')
#4 E:\www\creaw\system\Common.php(1119): CodeIgniter\View\View->render('template/index', Array, true)
#5 E:\www\creaw\app\Controllers\reporting\organizational_data\Cases_database.php(227): view('template/index', Array)
#6 E:\www\creaw\system\CodeIgniter.php(918): App\Controllers\reporting\organizational_data\Cases_database->add()
#7 E:\www\creaw\system\CodeIgniter.php(404): CodeIgniter\CodeIgniter->runController(Object(App\Controllers\reporting\organizational_data\Cases_database))
#8 E:\www\creaw\system\CodeIgniter.php(312): CodeIgniter\CodeIgniter->handleRequest(NULL, Object(Config\Cache), false)
#9 E:\www\creaw\index.php(45): CodeIgniter\CodeIgniter->run()
#10 {main}
CRITICAL - 2021-07-08 01:28:05 --> Call to undefined method CodeIgniter\Database\MySQLi\Result::getNumrows()
#0 E:\www\creaw\system\View\View.php(246): include()
#1 E:\www\creaw\system\Common.php(1119): CodeIgniter\View\View->render('office/reportin...', Array, true)
#2 E:\www\creaw\app\Views\template\index.php(14): view('office/reportin...')
#3 E:\www\creaw\system\View\View.php(246): include('E:\\www\\creaw\\ap...')
#4 E:\www\creaw\system\Common.php(1119): CodeIgniter\View\View->render('template/index', Array, true)
#5 E:\www\creaw\app\Controllers\reporting\organizational_data\Cases_database.php(227): view('template/index', Array)
#6 E:\www\creaw\system\CodeIgniter.php(918): App\Controllers\reporting\organizational_data\Cases_database->add()
#7 E:\www\creaw\system\CodeIgniter.php(404): CodeIgniter\CodeIgniter->runController(Object(App\Controllers\reporting\organizational_data\Cases_database))
#8 E:\www\creaw\system\CodeIgniter.php(312): CodeIgniter\CodeIgniter->handleRequest(NULL, Object(Config\Cache), false)
#9 E:\www\creaw\index.php(45): CodeIgniter\CodeIgniter->run()
#10 {main}
CRITICAL - 2021-07-08 01:28:05 --> Call to undefined method CodeIgniter\Database\MySQLi\Result::getNumrows()
#0 E:\www\creaw\system\View\View.php(246): include()
#1 E:\www\creaw\system\Common.php(1119): CodeIgniter\View\View->render('office/reportin...', Array, true)
#2 E:\www\creaw\app\Views\template\index.php(14): view('office/reportin...')
#3 E:\www\creaw\system\View\View.php(246): include('E:\\www\\creaw\\ap...')
#4 E:\www\creaw\system\Common.php(1119): CodeIgniter\View\View->render('template/index', Array, true)
#5 E:\www\creaw\app\Controllers\reporting\organizational_data\Cases_database.php(227): view('template/index', Array)
#6 E:\www\creaw\system\CodeIgniter.php(918): App\Controllers\reporting\organizational_data\Cases_database->add()
#7 E:\www\creaw\system\CodeIgniter.php(404): CodeIgniter\CodeIgniter->runController(Object(App\Controllers\reporting\organizational_data\Cases_database))
#8 E:\www\creaw\system\CodeIgniter.php(312): CodeIgniter\CodeIgniter->handleRequest(NULL, Object(Config\Cache), false)
#9 E:\www\creaw\index.php(45): CodeIgniter\CodeIgniter->run()
#10 {main}
CRITICAL - 2021-07-08 01:28:23 --> Call to undefined method CodeIgniter\Database\MySQLi\Result::getNumRows()
#0 E:\www\creaw\system\View\View.php(246): include()
#1 E:\www\creaw\system\Common.php(1119): CodeIgniter\View\View->render('office/reportin...', Array, true)
#2 E:\www\creaw\app\Views\template\index.php(14): view('office/reportin...')
#3 E:\www\creaw\system\View\View.php(246): include('E:\\www\\creaw\\ap...')
#4 E:\www\creaw\system\Common.php(1119): CodeIgniter\View\View->render('template/index', Array, true)
#5 E:\www\creaw\app\Controllers\reporting\organizational_data\Cases_database.php(227): view('template/index', Array)
#6 E:\www\creaw\system\CodeIgniter.php(918): App\Controllers\reporting\organizational_data\Cases_database->add()
#7 E:\www\creaw\system\CodeIgniter.php(404): CodeIgniter\CodeIgniter->runController(Object(App\Controllers\reporting\organizational_data\Cases_database))
#8 E:\www\creaw\system\CodeIgniter.php(312): CodeIgniter\CodeIgniter->handleRequest(NULL, Object(Config\Cache), false)
#9 E:\www\creaw\index.php(45): CodeIgniter\CodeIgniter->run()
#10 {main}
CRITICAL - 2021-07-08 01:28:23 --> Call to undefined method CodeIgniter\Database\MySQLi\Result::getNumRows()
#0 E:\www\creaw\system\View\View.php(246): include()
#1 E:\www\creaw\system\Common.php(1119): CodeIgniter\View\View->render('office/reportin...', Array, true)
#2 E:\www\creaw\app\Views\template\index.php(14): view('office/reportin...')
#3 E:\www\creaw\system\View\View.php(246): include('E:\\www\\creaw\\ap...')
#4 E:\www\creaw\system\Common.php(1119): CodeIgniter\View\View->render('template/index', Array, true)
#5 E:\www\creaw\app\Controllers\reporting\organizational_data\Cases_database.php(227): view('template/index', Array)
#6 E:\www\creaw\system\CodeIgniter.php(918): App\Controllers\reporting\organizational_data\Cases_database->add()
#7 E:\www\creaw\system\CodeIgniter.php(404): CodeIgniter\CodeIgniter->runController(Object(App\Controllers\reporting\organizational_data\Cases_database))
#8 E:\www\creaw\system\CodeIgniter.php(312): CodeIgniter\CodeIgniter->handleRequest(NULL, Object(Config\Cache), false)
#9 E:\www\creaw\index.php(45): CodeIgniter\CodeIgniter->run()
#10 {main}
CRITICAL - 2021-07-08 01:31:11 --> Call to undefined method CodeIgniter\Database\MySQLi\Result::getNumRows()
#0 E:\www\creaw\system\View\View.php(246): include()
#1 E:\www\creaw\system\Common.php(1119): CodeIgniter\View\View->render('office/reportin...', Array, true)
#2 E:\www\creaw\app\Views\template\index.php(14): view('office/reportin...')
#3 E:\www\creaw\system\View\View.php(246): include('E:\\www\\creaw\\ap...')
#4 E:\www\creaw\system\Common.php(1119): CodeIgniter\View\View->render('template/index', Array, true)
#5 E:\www\creaw\app\Controllers\reporting\organizational_data\Cases_database.php(227): view('template/index', Array)
#6 E:\www\creaw\system\CodeIgniter.php(918): App\Controllers\reporting\organizational_data\Cases_database->add()
#7 E:\www\creaw\system\CodeIgniter.php(404): CodeIgniter\CodeIgniter->runController(Object(App\Controllers\reporting\organizational_data\Cases_database))
#8 E:\www\creaw\system\CodeIgniter.php(312): CodeIgniter\CodeIgniter->handleRequest(NULL, Object(Config\Cache), false)
#9 E:\www\creaw\index.php(45): CodeIgniter\CodeIgniter->run()
#10 {main}
CRITICAL - 2021-07-08 01:31:11 --> Call to undefined method CodeIgniter\Database\MySQLi\Result::getNumRows()
#0 E:\www\creaw\system\View\View.php(246): include()
#1 E:\www\creaw\system\Common.php(1119): CodeIgniter\View\View->render('office/reportin...', Array, true)
#2 E:\www\creaw\app\Views\template\index.php(14): view('office/reportin...')
#3 E:\www\creaw\system\View\View.php(246): include('E:\\www\\creaw\\ap...')
#4 E:\www\creaw\system\Common.php(1119): CodeIgniter\View\View->render('template/index', Array, true)
#5 E:\www\creaw\app\Controllers\reporting\organizational_data\Cases_database.php(227): view('template/index', Array)
#6 E:\www\creaw\system\CodeIgniter.php(918): App\Controllers\reporting\organizational_data\Cases_database->add()
#7 E:\www\creaw\system\CodeIgniter.php(404): CodeIgniter\CodeIgniter->runController(Object(App\Controllers\reporting\organizational_data\Cases_database))
#8 E:\www\creaw\system\CodeIgniter.php(312): CodeIgniter\CodeIgniter->handleRequest(NULL, Object(Config\Cache), false)
#9 E:\www\creaw\index.php(45): CodeIgniter\CodeIgniter->run()
#10 {main}
CRITICAL - 2021-07-08 01:31:44 --> Call to undefined method CodeIgniter\Database\MySQLi\Result::getNumRow()
#0 E:\www\creaw\system\View\View.php(246): include()
#1 E:\www\creaw\system\Common.php(1119): CodeIgniter\View\View->render('office/reportin...', Array, true)
#2 E:\www\creaw\app\Views\template\index.php(14): view('office/reportin...')
#3 E:\www\creaw\system\View\View.php(246): include('E:\\www\\creaw\\ap...')
#4 E:\www\creaw\system\Common.php(1119): CodeIgniter\View\View->render('template/index', Array, true)
#5 E:\www\creaw\app\Controllers\reporting\organizational_data\Cases_database.php(227): view('template/index', Array)
#6 E:\www\creaw\system\CodeIgniter.php(918): App\Controllers\reporting\organizational_data\Cases_database->add()
#7 E:\www\creaw\system\CodeIgniter.php(404): CodeIgniter\CodeIgniter->runController(Object(App\Controllers\reporting\organizational_data\Cases_database))
#8 E:\www\creaw\system\CodeIgniter.php(312): CodeIgniter\CodeIgniter->handleRequest(NULL, Object(Config\Cache), false)
#9 E:\www\creaw\index.php(45): CodeIgniter\CodeIgniter->run()
#10 {main}
CRITICAL - 2021-07-08 01:31:44 --> Call to undefined method CodeIgniter\Database\MySQLi\Result::getNumRow()
#0 E:\www\creaw\system\View\View.php(246): include()
#1 E:\www\creaw\system\Common.php(1119): CodeIgniter\View\View->render('office/reportin...', Array, true)
#2 E:\www\creaw\app\Views\template\index.php(14): view('office/reportin...')
#3 E:\www\creaw\system\View\View.php(246): include('E:\\www\\creaw\\ap...')
#4 E:\www\creaw\system\Common.php(1119): CodeIgniter\View\View->render('template/index', Array, true)
#5 E:\www\creaw\app\Controllers\reporting\organizational_data\Cases_database.php(227): view('template/index', Array)
#6 E:\www\creaw\system\CodeIgniter.php(918): App\Controllers\reporting\organizational_data\Cases_database->add()
#7 E:\www\creaw\system\CodeIgniter.php(404): CodeIgniter\CodeIgniter->runController(Object(App\Controllers\reporting\organizational_data\Cases_database))
#8 E:\www\creaw\system\CodeIgniter.php(312): CodeIgniter\CodeIgniter->handleRequest(NULL, Object(Config\Cache), false)
#9 E:\www\creaw\index.php(45): CodeIgniter\CodeIgniter->run()
#10 {main}
CRITICAL - 2021-07-08 01:32:00 --> Call to a member function getNumRows() on array
#0 E:\www\creaw\system\View\View.php(246): include()
#1 E:\www\creaw\system\Common.php(1119): CodeIgniter\View\View->render('office/reportin...', Array, true)
#2 E:\www\creaw\app\Views\template\index.php(14): view('office/reportin...')
#3 E:\www\creaw\system\View\View.php(246): include('E:\\www\\creaw\\ap...')
#4 E:\www\creaw\system\Common.php(1119): CodeIgniter\View\View->render('template/index', Array, true)
#5 E:\www\creaw\app\Controllers\reporting\organizational_data\Cases_database.php(227): view('template/index', Array)
#6 E:\www\creaw\system\CodeIgniter.php(918): App\Controllers\reporting\organizational_data\Cases_database->add()
#7 E:\www\creaw\system\CodeIgniter.php(404): CodeIgniter\CodeIgniter->runController(Object(App\Controllers\reporting\organizational_data\Cases_database))
#8 E:\www\creaw\system\CodeIgniter.php(312): CodeIgniter\CodeIgniter->handleRequest(NULL, Object(Config\Cache), false)
#9 E:\www\creaw\index.php(45): CodeIgniter\CodeIgniter->run()
#10 {main}
CRITICAL - 2021-07-08 01:32:00 --> Call to a member function getNumRows() on array
#0 E:\www\creaw\system\View\View.php(246): include()
#1 E:\www\creaw\system\Common.php(1119): CodeIgniter\View\View->render('office/reportin...', Array, true)
#2 E:\www\creaw\app\Views\template\index.php(14): view('office/reportin...')
#3 E:\www\creaw\system\View\View.php(246): include('E:\\www\\creaw\\ap...')
#4 E:\www\creaw\system\Common.php(1119): CodeIgniter\View\View->render('template/index', Array, true)
#5 E:\www\creaw\app\Controllers\reporting\organizational_data\Cases_database.php(227): view('template/index', Array)
#6 E:\www\creaw\system\CodeIgniter.php(918): App\Controllers\reporting\organizational_data\Cases_database->add()
#7 E:\www\creaw\system\CodeIgniter.php(404): CodeIgniter\CodeIgniter->runController(Object(App\Controllers\reporting\organizational_data\Cases_database))
#8 E:\www\creaw\system\CodeIgniter.php(312): CodeIgniter\CodeIgniter->handleRequest(NULL, Object(Config\Cache), false)
#9 E:\www\creaw\index.php(45): CodeIgniter\CodeIgniter->run()
#10 {main}
CRITICAL - 2021-07-08 01:33:35 --> Call to undefined method CodeIgniter\Database\MySQLi\Result::count_all_results()
#0 E:\www\creaw\system\View\View.php(246): include()
#1 E:\www\creaw\system\Common.php(1119): CodeIgniter\View\View->render('office/reportin...', Array, true)
#2 E:\www\creaw\app\Views\template\index.php(14): view('office/reportin...')
#3 E:\www\creaw\system\View\View.php(246): include('E:\\www\\creaw\\ap...')
#4 E:\www\creaw\system\Common.php(1119): CodeIgniter\View\View->render('template/index', Array, true)
#5 E:\www\creaw\app\Controllers\reporting\organizational_data\Cases_database.php(227): view('template/index', Array)
#6 E:\www\creaw\system\CodeIgniter.php(918): App\Controllers\reporting\organizational_data\Cases_database->add()
#7 E:\www\creaw\system\CodeIgniter.php(404): CodeIgniter\CodeIgniter->runController(Object(App\Controllers\reporting\organizational_data\Cases_database))
#8 E:\www\creaw\system\CodeIgniter.php(312): CodeIgniter\CodeIgniter->handleRequest(NULL, Object(Config\Cache), false)
#9 E:\www\creaw\index.php(45): CodeIgniter\CodeIgniter->run()
#10 {main}
CRITICAL - 2021-07-08 01:33:35 --> Call to undefined method CodeIgniter\Database\MySQLi\Result::count_all_results()
#0 E:\www\creaw\system\View\View.php(246): include()
#1 E:\www\creaw\system\Common.php(1119): CodeIgniter\View\View->render('office/reportin...', Array, true)
#2 E:\www\creaw\app\Views\template\index.php(14): view('office/reportin...')
#3 E:\www\creaw\system\View\View.php(246): include('E:\\www\\creaw\\ap...')
#4 E:\www\creaw\system\Common.php(1119): CodeIgniter\View\View->render('template/index', Array, true)
#5 E:\www\creaw\app\Controllers\reporting\organizational_data\Cases_database.php(227): view('template/index', Array)
#6 E:\www\creaw\system\CodeIgniter.php(918): App\Controllers\reporting\organizational_data\Cases_database->add()
#7 E:\www\creaw\system\CodeIgniter.php(404): CodeIgniter\CodeIgniter->runController(Object(App\Controllers\reporting\organizational_data\Cases_database))
#8 E:\www\creaw\system\CodeIgniter.php(312): CodeIgniter\CodeIgniter->handleRequest(NULL, Object(Config\Cache), false)
#9 E:\www\creaw\index.php(45): CodeIgniter\CodeIgniter->run()
#10 {main}
CRITICAL - 2021-07-08 01:34:00 --> Call to undefined method CodeIgniter\Database\MySQLi\Result::count_all_results()
#0 E:\www\creaw\system\View\View.php(246): include()
#1 E:\www\creaw\system\Common.php(1119): CodeIgniter\View\View->render('office/reportin...', Array, true)
#2 E:\www\creaw\app\Views\template\index.php(14): view('office/reportin...')
#3 E:\www\creaw\system\View\View.php(246): include('E:\\www\\creaw\\ap...')
#4 E:\www\creaw\system\Common.php(1119): CodeIgniter\View\View->render('template/index', Array, true)
#5 E:\www\creaw\app\Controllers\reporting\organizational_data\Cases_database.php(227): view('template/index', Array)
#6 E:\www\creaw\system\CodeIgniter.php(918): App\Controllers\reporting\organizational_data\Cases_database->add()
#7 E:\www\creaw\system\CodeIgniter.php(404): CodeIgniter\CodeIgniter->runController(Object(App\Controllers\reporting\organizational_data\Cases_database))
#8 E:\www\creaw\system\CodeIgniter.php(312): CodeIgniter\CodeIgniter->handleRequest(NULL, Object(Config\Cache), false)
#9 E:\www\creaw\index.php(45): CodeIgniter\CodeIgniter->run()
#10 {main}
CRITICAL - 2021-07-08 01:34:01 --> Call to undefined method CodeIgniter\Database\MySQLi\Result::count_all_results()
#0 E:\www\creaw\system\View\View.php(246): include()
#1 E:\www\creaw\system\Common.php(1119): CodeIgniter\View\View->render('office/reportin...', Array, true)
#2 E:\www\creaw\app\Views\template\index.php(14): view('office/reportin...')
#3 E:\www\creaw\system\View\View.php(246): include('E:\\www\\creaw\\ap...')
#4 E:\www\creaw\system\Common.php(1119): CodeIgniter\View\View->render('template/index', Array, true)
#5 E:\www\creaw\app\Controllers\reporting\organizational_data\Cases_database.php(227): view('template/index', Array)
#6 E:\www\creaw\system\CodeIgniter.php(918): App\Controllers\reporting\organizational_data\Cases_database->add()
#7 E:\www\creaw\system\CodeIgniter.php(404): CodeIgniter\CodeIgniter->runController(Object(App\Controllers\reporting\organizational_data\Cases_database))
#8 E:\www\creaw\system\CodeIgniter.php(312): CodeIgniter\CodeIgniter->handleRequest(NULL, Object(Config\Cache), false)
#9 E:\www\creaw\index.php(45): CodeIgniter\CodeIgniter->run()
#10 {main}
CRITICAL - 2021-07-08 01:34:19 --> Call to undefined method CodeIgniter\Database\MySQLi\Result::getNumRows()
#0 E:\www\creaw\system\View\View.php(246): include()
#1 E:\www\creaw\system\Common.php(1119): CodeIgniter\View\View->render('office/reportin...', Array, true)
#2 E:\www\creaw\app\Views\template\index.php(14): view('office/reportin...')
#3 E:\www\creaw\system\View\View.php(246): include('E:\\www\\creaw\\ap...')
#4 E:\www\creaw\system\Common.php(1119): CodeIgniter\View\View->render('template/index', Array, true)
#5 E:\www\creaw\app\Controllers\reporting\organizational_data\Cases_database.php(227): view('template/index', Array)
#6 E:\www\creaw\system\CodeIgniter.php(918): App\Controllers\reporting\organizational_data\Cases_database->add()
#7 E:\www\creaw\system\CodeIgniter.php(404): CodeIgniter\CodeIgniter->runController(Object(App\Controllers\reporting\organizational_data\Cases_database))
#8 E:\www\creaw\system\CodeIgniter.php(312): CodeIgniter\CodeIgniter->handleRequest(NULL, Object(Config\Cache), false)
#9 E:\www\creaw\index.php(45): CodeIgniter\CodeIgniter->run()
#10 {main}
CRITICAL - 2021-07-08 01:34:19 --> Call to undefined method CodeIgniter\Database\MySQLi\Result::getNumRows()
#0 E:\www\creaw\system\View\View.php(246): include()
#1 E:\www\creaw\system\Common.php(1119): CodeIgniter\View\View->render('office/reportin...', Array, true)
#2 E:\www\creaw\app\Views\template\index.php(14): view('office/reportin...')
#3 E:\www\creaw\system\View\View.php(246): include('E:\\www\\creaw\\ap...')
#4 E:\www\creaw\system\Common.php(1119): CodeIgniter\View\View->render('template/index', Array, true)
#5 E:\www\creaw\app\Controllers\reporting\organizational_data\Cases_database.php(227): view('template/index', Array)
#6 E:\www\creaw\system\CodeIgniter.php(918): App\Controllers\reporting\organizational_data\Cases_database->add()
#7 E:\www\creaw\system\CodeIgniter.php(404): CodeIgniter\CodeIgniter->runController(Object(App\Controllers\reporting\organizational_data\Cases_database))
#8 E:\www\creaw\system\CodeIgniter.php(312): CodeIgniter\CodeIgniter->handleRequest(NULL, Object(Config\Cache), false)
#9 E:\www\creaw\index.php(45): CodeIgniter\CodeIgniter->run()
#10 {main}
CRITICAL - 2021-07-08 01:34:39 --> Call to a member function getNumRows() on array
#0 E:\www\creaw\system\View\View.php(246): include()
#1 E:\www\creaw\system\Common.php(1119): CodeIgniter\View\View->render('office/reportin...', Array, true)
#2 E:\www\creaw\app\Views\template\index.php(14): view('office/reportin...')
#3 E:\www\creaw\system\View\View.php(246): include('E:\\www\\creaw\\ap...')
#4 E:\www\creaw\system\Common.php(1119): CodeIgniter\View\View->render('template/index', Array, true)
#5 E:\www\creaw\app\Controllers\reporting\organizational_data\Cases_database.php(227): view('template/index', Array)
#6 E:\www\creaw\system\CodeIgniter.php(918): App\Controllers\reporting\organizational_data\Cases_database->add()
#7 E:\www\creaw\system\CodeIgniter.php(404): CodeIgniter\CodeIgniter->runController(Object(App\Controllers\reporting\organizational_data\Cases_database))
#8 E:\www\creaw\system\CodeIgniter.php(312): CodeIgniter\CodeIgniter->handleRequest(NULL, Object(Config\Cache), false)
#9 E:\www\creaw\index.php(45): CodeIgniter\CodeIgniter->run()
#10 {main}
CRITICAL - 2021-07-08 01:34:39 --> Call to a member function getNumRows() on array
#0 E:\www\creaw\system\View\View.php(246): include()
#1 E:\www\creaw\system\Common.php(1119): CodeIgniter\View\View->render('office/reportin...', Array, true)
#2 E:\www\creaw\app\Views\template\index.php(14): view('office/reportin...')
#3 E:\www\creaw\system\View\View.php(246): include('E:\\www\\creaw\\ap...')
#4 E:\www\creaw\system\Common.php(1119): CodeIgniter\View\View->render('template/index', Array, true)
#5 E:\www\creaw\app\Controllers\reporting\organizational_data\Cases_database.php(227): view('template/index', Array)
#6 E:\www\creaw\system\CodeIgniter.php(918): App\Controllers\reporting\organizational_data\Cases_database->add()
#7 E:\www\creaw\system\CodeIgniter.php(404): CodeIgniter\CodeIgniter->runController(Object(App\Controllers\reporting\organizational_data\Cases_database))
#8 E:\www\creaw\system\CodeIgniter.php(312): CodeIgniter\CodeIgniter->handleRequest(NULL, Object(Config\Cache), false)
#9 E:\www\creaw\index.php(45): CodeIgniter\CodeIgniter->run()
#10 {main}
CRITICAL - 2021-07-08 01:34:59 --> Undefined index: getNumRows
#0 E:\www\creaw\app\Views\office\reporting\organizational_data\cases_database\add.php(10): CodeIgniter\Debug\Exceptions->errorHandler(8, 'Undefined index...', 'E:\\www\\creaw\\ap...', 10, Array)
#1 E:\www\creaw\system\View\View.php(246): include('E:\\www\\creaw\\ap...')
#2 E:\www\creaw\system\Common.php(1119): CodeIgniter\View\View->render('office/reportin...', Array, true)
#3 E:\www\creaw\app\Views\template\index.php(14): view('office/reportin...')
#4 E:\www\creaw\system\View\View.php(246): include('E:\\www\\creaw\\ap...')
#5 E:\www\creaw\system\Common.php(1119): CodeIgniter\View\View->render('template/index', Array, true)
#6 E:\www\creaw\app\Controllers\reporting\organizational_data\Cases_database.php(227): view('template/index', Array)
#7 E:\www\creaw\system\CodeIgniter.php(918): App\Controllers\reporting\organizational_data\Cases_database->add()
#8 E:\www\creaw\system\CodeIgniter.php(404): CodeIgniter\CodeIgniter->runController(Object(App\Controllers\reporting\organizational_data\Cases_database))
#9 E:\www\creaw\system\CodeIgniter.php(312): CodeIgniter\CodeIgniter->handleRequest(NULL, Object(Config\Cache), false)
#10 E:\www\creaw\index.php(45): CodeIgniter\CodeIgniter->run()
#11 {main}
CRITICAL - 2021-07-08 01:34:59 --> Undefined index: getNumRows
#0 E:\www\creaw\app\Views\office\reporting\organizational_data\cases_database\add.php(10): CodeIgniter\Debug\Exceptions->errorHandler(8, 'Undefined index...', 'E:\\www\\creaw\\ap...', 10, Array)
#1 E:\www\creaw\system\View\View.php(246): include('E:\\www\\creaw\\ap...')
#2 E:\www\creaw\system\Common.php(1119): CodeIgniter\View\View->render('office/reportin...', Array, true)
#3 E:\www\creaw\app\Views\template\index.php(14): view('office/reportin...')
#4 E:\www\creaw\system\View\View.php(246): include('E:\\www\\creaw\\ap...')
#5 E:\www\creaw\system\Common.php(1119): CodeIgniter\View\View->render('template/index', Array, true)
#6 E:\www\creaw\app\Controllers\reporting\organizational_data\Cases_database.php(227): view('template/index', Array)
#7 E:\www\creaw\system\CodeIgniter.php(918): App\Controllers\reporting\organizational_data\Cases_database->add()
#8 E:\www\creaw\system\CodeIgniter.php(404): CodeIgniter\CodeIgniter->runController(Object(App\Controllers\reporting\organizational_data\Cases_database))
#9 E:\www\creaw\system\CodeIgniter.php(312): CodeIgniter\CodeIgniter->handleRequest(NULL, Object(Config\Cache), false)
#10 E:\www\creaw\index.php(45): CodeIgniter\CodeIgniter->run()
#11 {main}
CRITICAL - 2021-07-08 01:36:02 --> Call to undefined method CodeIgniter\Database\MySQLi\Result::getNumRows()
#0 E:\www\creaw\system\View\View.php(246): include()
#1 E:\www\creaw\system\Common.php(1119): CodeIgniter\View\View->render('office/reportin...', Array, true)
#2 E:\www\creaw\app\Views\template\index.php(14): view('office/reportin...')
#3 E:\www\creaw\system\View\View.php(246): include('E:\\www\\creaw\\ap...')
#4 E:\www\creaw\system\Common.php(1119): CodeIgniter\View\View->render('template/index', Array, true)
#5 E:\www\creaw\app\Controllers\reporting\organizational_data\Cases_database.php(227): view('template/index', Array)
#6 E:\www\creaw\system\CodeIgniter.php(918): App\Controllers\reporting\organizational_data\Cases_database->add()
#7 E:\www\creaw\system\CodeIgniter.php(404): CodeIgniter\CodeIgniter->runController(Object(App\Controllers\reporting\organizational_data\Cases_database))
#8 E:\www\creaw\system\CodeIgniter.php(312): CodeIgniter\CodeIgniter->handleRequest(NULL, Object(Config\Cache), false)
#9 E:\www\creaw\index.php(45): CodeIgniter\CodeIgniter->run()
#10 {main}
CRITICAL - 2021-07-08 01:36:02 --> Call to undefined method CodeIgniter\Database\MySQLi\Result::getNumRows()
#0 E:\www\creaw\system\View\View.php(246): include()
#1 E:\www\creaw\system\Common.php(1119): CodeIgniter\View\View->render('office/reportin...', Array, true)
#2 E:\www\creaw\app\Views\template\index.php(14): view('office/reportin...')
#3 E:\www\creaw\system\View\View.php(246): include('E:\\www\\creaw\\ap...')
#4 E:\www\creaw\system\Common.php(1119): CodeIgniter\View\View->render('template/index', Array, true)
#5 E:\www\creaw\app\Controllers\reporting\organizational_data\Cases_database.php(227): view('template/index', Array)
#6 E:\www\creaw\system\CodeIgniter.php(918): App\Controllers\reporting\organizational_data\Cases_database->add()
#7 E:\www\creaw\system\CodeIgniter.php(404): CodeIgniter\CodeIgniter->runController(Object(App\Controllers\reporting\organizational_data\Cases_database))
#8 E:\www\creaw\system\CodeIgniter.php(312): CodeIgniter\CodeIgniter->handleRequest(NULL, Object(Config\Cache), false)
#9 E:\www\creaw\index.php(45): CodeIgniter\CodeIgniter->run()
#10 {main}
CRITICAL - 2021-07-08 01:38:00 --> Undefined property: CodeIgniter\View\View::$db
#0 E:\www\creaw\app\Views\office\reporting\organizational_data\cases_database\add.php(6): CodeIgniter\Debug\Exceptions->errorHandler(8, 'Undefined prope...', 'E:\\www\\creaw\\ap...', 6, Array)
#1 E:\www\creaw\system\View\View.php(246): include('E:\\www\\creaw\\ap...')
#2 E:\www\creaw\system\Common.php(1119): CodeIgniter\View\View->render('office/reportin...', Array, true)
#3 E:\www\creaw\app\Views\template\index.php(14): view('office/reportin...')
#4 E:\www\creaw\system\View\View.php(246): include('E:\\www\\creaw\\ap...')
#5 E:\www\creaw\system\Common.php(1119): CodeIgniter\View\View->render('template/index', Array, true)
#6 E:\www\creaw\app\Controllers\reporting\organizational_data\Cases_database.php(227): view('template/index', Array)
#7 E:\www\creaw\system\CodeIgniter.php(918): App\Controllers\reporting\organizational_data\Cases_database->add()
#8 E:\www\creaw\system\CodeIgniter.php(404): CodeIgniter\CodeIgniter->runController(Object(App\Controllers\reporting\organizational_data\Cases_database))
#9 E:\www\creaw\system\CodeIgniter.php(312): CodeIgniter\CodeIgniter->handleRequest(NULL, Object(Config\Cache), false)
#10 E:\www\creaw\index.php(45): CodeIgniter\CodeIgniter->run()
#11 {main}
CRITICAL - 2021-07-08 01:38:00 --> Undefined property: CodeIgniter\View\View::$db
#0 E:\www\creaw\app\Views\office\reporting\organizational_data\cases_database\add.php(6): CodeIgniter\Debug\Exceptions->errorHandler(8, 'Undefined prope...', 'E:\\www\\creaw\\ap...', 6, Array)
#1 E:\www\creaw\system\View\View.php(246): include('E:\\www\\creaw\\ap...')
#2 E:\www\creaw\system\Common.php(1119): CodeIgniter\View\View->render('office/reportin...', Array, true)
#3 E:\www\creaw\app\Views\template\index.php(14): view('office/reportin...')
#4 E:\www\creaw\system\View\View.php(246): include('E:\\www\\creaw\\ap...')
#5 E:\www\creaw\system\Common.php(1119): CodeIgniter\View\View->render('template/index', Array, true)
#6 E:\www\creaw\app\Controllers\reporting\organizational_data\Cases_database.php(227): view('template/index', Array)
#7 E:\www\creaw\system\CodeIgniter.php(918): App\Controllers\reporting\organizational_data\Cases_database->add()
#8 E:\www\creaw\system\CodeIgniter.php(404): CodeIgniter\CodeIgniter->runController(Object(App\Controllers\reporting\organizational_data\Cases_database))
#9 E:\www\creaw\system\CodeIgniter.php(312): CodeIgniter\CodeIgniter->handleRequest(NULL, Object(Config\Cache), false)
#10 E:\www\creaw\index.php(45): CodeIgniter\CodeIgniter->run()
#11 {main}
CRITICAL - 2021-07-08 01:43:11 --> Undefined index: name
#0 E:\www\creaw\app\Views\office\reporting\organizational_data\cases_database\edit.php(116): CodeIgniter\Debug\Exceptions->errorHandler(8, 'Undefined index...', 'E:\\www\\creaw\\ap...', 116, Array)
#1 E:\www\creaw\system\View\View.php(246): include('E:\\www\\creaw\\ap...')
#2 E:\www\creaw\system\Common.php(1119): CodeIgniter\View\View->render('office/reportin...', Array, true)
#3 E:\www\creaw\app\Views\template\index.php(14): view('office/reportin...')
#4 E:\www\creaw\system\View\View.php(246): include('E:\\www\\creaw\\ap...')
#5 E:\www\creaw\system\Common.php(1119): CodeIgniter\View\View->render('template/index', Array, true)
#6 E:\www\creaw\app\Controllers\reporting\organizational_data\Cases_database.php(421): view('template/index', Array)
#7 E:\www\creaw\system\CodeIgniter.php(918): App\Controllers\reporting\organizational_data\Cases_database->edit('1')
#8 E:\www\creaw\system\CodeIgniter.php(404): CodeIgniter\CodeIgniter->runController(Object(App\Controllers\reporting\organizational_data\Cases_database))
#9 E:\www\creaw\system\CodeIgniter.php(312): CodeIgniter\CodeIgniter->handleRequest(NULL, Object(Config\Cache), false)
#10 E:\www\creaw\index.php(45): CodeIgniter\CodeIgniter->run()
#11 {main}
CRITICAL - 2021-07-08 01:43:11 --> Undefined index: name
#0 E:\www\creaw\app\Views\office\reporting\organizational_data\cases_database\edit.php(116): CodeIgniter\Debug\Exceptions->errorHandler(8, 'Undefined index...', 'E:\\www\\creaw\\ap...', 116, Array)
#1 E:\www\creaw\system\View\View.php(246): include('E:\\www\\creaw\\ap...')
#2 E:\www\creaw\system\Common.php(1119): CodeIgniter\View\View->render('office/reportin...', Array, true)
#3 E:\www\creaw\app\Views\template\index.php(14): view('office/reportin...')
#4 E:\www\creaw\system\View\View.php(246): include('E:\\www\\creaw\\ap...')
#5 E:\www\creaw\system\Common.php(1119): CodeIgniter\View\View->render('template/index', Array, true)
#6 E:\www\creaw\app\Controllers\reporting\organizational_data\Cases_database.php(421): view('template/index', Array)
#7 E:\www\creaw\system\CodeIgniter.php(918): App\Controllers\reporting\organizational_data\Cases_database->edit('1')
#8 E:\www\creaw\system\CodeIgniter.php(404): CodeIgniter\CodeIgniter->runController(Object(App\Controllers\reporting\organizational_data\Cases_database))
#9 E:\www\creaw\system\CodeIgniter.php(312): CodeIgniter\CodeIgniter->handleRequest(NULL, Object(Config\Cache), false)
#10 E:\www\creaw\index.php(45): CodeIgniter\CodeIgniter->run()
#11 {main}
CRITICAL - 2021-07-08 01:51:26 --> Use of undefined constant stdata - assumed 'stdata' (this will throw an Error in a future version of PHP)
#0 E:\www\creaw\app\Views\office\reporting\organizational_data\cases_database\edit.php(157): CodeIgniter\Debug\Exceptions->errorHandler(2, 'Use of undefine...', 'E:\\www\\creaw\\ap...', 157, Array)
#1 E:\www\creaw\system\View\View.php(246): include('E:\\www\\creaw\\ap...')
#2 E:\www\creaw\system\Common.php(1119): CodeIgniter\View\View->render('office/reportin...', Array, true)
#3 E:\www\creaw\app\Views\template\index.php(14): view('office/reportin...')
#4 E:\www\creaw\system\View\View.php(246): include('E:\\www\\creaw\\ap...')
#5 E:\www\creaw\system\Common.php(1119): CodeIgniter\View\View->render('template/index', Array, true)
#6 E:\www\creaw\app\Controllers\reporting\organizational_data\Cases_database.php(421): view('template/index', Array)
#7 E:\www\creaw\system\CodeIgniter.php(918): App\Controllers\reporting\organizational_data\Cases_database->edit('1')
#8 E:\www\creaw\system\CodeIgniter.php(404): CodeIgniter\CodeIgniter->runController(Object(App\Controllers\reporting\organizational_data\Cases_database))
#9 E:\www\creaw\system\CodeIgniter.php(312): CodeIgniter\CodeIgniter->handleRequest(NULL, Object(Config\Cache), false)
#10 E:\www\creaw\index.php(45): CodeIgniter\CodeIgniter->run()
#11 {main}
CRITICAL - 2021-07-08 01:51:26 --> Use of undefined constant stdata - assumed 'stdata' (this will throw an Error in a future version of PHP)
#0 E:\www\creaw\app\Views\office\reporting\organizational_data\cases_database\edit.php(157): CodeIgniter\Debug\Exceptions->errorHandler(2, 'Use of undefine...', 'E:\\www\\creaw\\ap...', 157, Array)
#1 E:\www\creaw\system\View\View.php(246): include('E:\\www\\creaw\\ap...')
#2 E:\www\creaw\system\Common.php(1119): CodeIgniter\View\View->render('office/reportin...', Array, true)
#3 E:\www\creaw\app\Views\template\index.php(14): view('office/reportin...')
#4 E:\www\creaw\system\View\View.php(246): include('E:\\www\\creaw\\ap...')
#5 E:\www\creaw\system\Common.php(1119): CodeIgniter\View\View->render('template/index', Array, true)
#6 E:\www\creaw\app\Controllers\reporting\organizational_data\Cases_database.php(421): view('template/index', Array)
#7 E:\www\creaw\system\CodeIgniter.php(918): App\Controllers\reporting\organizational_data\Cases_database->edit('1')
#8 E:\www\creaw\system\CodeIgniter.php(404): CodeIgniter\CodeIgniter->runController(Object(App\Controllers\reporting\organizational_data\Cases_database))
#9 E:\www\creaw\system\CodeIgniter.php(312): CodeIgniter\CodeIgniter->handleRequest(NULL, Object(Config\Cache), false)
#10 E:\www\creaw\index.php(45): CodeIgniter\CodeIgniter->run()
#11 {main}
CRITICAL - 2021-07-08 01:52:56 --> Undefined index: type_gbv
#0 E:\www\creaw\app\Views\office\reporting\organizational_data\cases_database\edit.php(201): CodeIgniter\Debug\Exceptions->errorHandler(8, 'Undefined index...', 'E:\\www\\creaw\\ap...', 201, Array)
#1 E:\www\creaw\system\View\View.php(246): include('E:\\www\\creaw\\ap...')
#2 E:\www\creaw\system\Common.php(1119): CodeIgniter\View\View->render('office/reportin...', Array, true)
#3 E:\www\creaw\app\Views\template\index.php(14): view('office/reportin...')
#4 E:\www\creaw\system\View\View.php(246): include('E:\\www\\creaw\\ap...')
#5 E:\www\creaw\system\Common.php(1119): CodeIgniter\View\View->render('template/index', Array, true)
#6 E:\www\creaw\app\Controllers\reporting\organizational_data\Cases_database.php(421): view('template/index', Array)
#7 E:\www\creaw\system\CodeIgniter.php(918): App\Controllers\reporting\organizational_data\Cases_database->edit('1')
#8 E:\www\creaw\system\CodeIgniter.php(404): CodeIgniter\CodeIgniter->runController(Object(App\Controllers\reporting\organizational_data\Cases_database))
#9 E:\www\creaw\system\CodeIgniter.php(312): CodeIgniter\CodeIgniter->handleRequest(NULL, Object(Config\Cache), false)
#10 E:\www\creaw\index.php(45): CodeIgniter\CodeIgniter->run()
#11 {main}
CRITICAL - 2021-07-08 01:52:57 --> Undefined index: type_gbv
#0 E:\www\creaw\app\Views\office\reporting\organizational_data\cases_database\edit.php(201): CodeIgniter\Debug\Exceptions->errorHandler(8, 'Undefined index...', 'E:\\www\\creaw\\ap...', 201, Array)
#1 E:\www\creaw\system\View\View.php(246): include('E:\\www\\creaw\\ap...')
#2 E:\www\creaw\system\Common.php(1119): CodeIgniter\View\View->render('office/reportin...', Array, true)
#3 E:\www\creaw\app\Views\template\index.php(14): view('office/reportin...')
#4 E:\www\creaw\system\View\View.php(246): include('E:\\www\\creaw\\ap...')
#5 E:\www\creaw\system\Common.php(1119): CodeIgniter\View\View->render('template/index', Array, true)
#6 E:\www\creaw\app\Controllers\reporting\organizational_data\Cases_database.php(421): view('template/index', Array)
#7 E:\www\creaw\system\CodeIgniter.php(918): App\Controllers\reporting\organizational_data\Cases_database->edit('1')
#8 E:\www\creaw\system\CodeIgniter.php(404): CodeIgniter\CodeIgniter->runController(Object(App\Controllers\reporting\organizational_data\Cases_database))
#9 E:\www\creaw\system\CodeIgniter.php(312): CodeIgniter\CodeIgniter->handleRequest(NULL, Object(Config\Cache), false)
#10 E:\www\creaw\index.php(45): CodeIgniter\CodeIgniter->run()
#11 {main}
CRITICAL - 2021-07-08 02:04:19 --> Undefined index: case_context
#0 E:\www\creaw\app\Views\office\reporting\organizational_data\cases_database\edit.php(249): CodeIgniter\Debug\Exceptions->errorHandler(8, 'Undefined index...', 'E:\\www\\creaw\\ap...', 249, Array)
#1 E:\www\creaw\system\View\View.php(246): include('E:\\www\\creaw\\ap...')
#2 E:\www\creaw\system\Common.php(1119): CodeIgniter\View\View->render('office/reportin...', Array, true)
#3 E:\www\creaw\app\Views\template\index.php(14): view('office/reportin...')
#4 E:\www\creaw\system\View\View.php(246): include('E:\\www\\creaw\\ap...')
#5 E:\www\creaw\system\Common.php(1119): CodeIgniter\View\View->render('template/index', Array, true)
#6 E:\www\creaw\app\Controllers\reporting\organizational_data\Cases_database.php(421): view('template/index', Array)
#7 E:\www\creaw\system\CodeIgniter.php(918): App\Controllers\reporting\organizational_data\Cases_database->edit('1')
#8 E:\www\creaw\system\CodeIgniter.php(404): CodeIgniter\CodeIgniter->runController(Object(App\Controllers\reporting\organizational_data\Cases_database))
#9 E:\www\creaw\system\CodeIgniter.php(312): CodeIgniter\CodeIgniter->handleRequest(NULL, Object(Config\Cache), false)
#10 E:\www\creaw\index.php(45): CodeIgniter\CodeIgniter->run()
#11 {main}
CRITICAL - 2021-07-08 02:04:19 --> Undefined index: case_context
#0 E:\www\creaw\app\Views\office\reporting\organizational_data\cases_database\edit.php(249): CodeIgniter\Debug\Exceptions->errorHandler(8, 'Undefined index...', 'E:\\www\\creaw\\ap...', 249, Array)
#1 E:\www\creaw\system\View\View.php(246): include('E:\\www\\creaw\\ap...')
#2 E:\www\creaw\system\Common.php(1119): CodeIgniter\View\View->render('office/reportin...', Array, true)
#3 E:\www\creaw\app\Views\template\index.php(14): view('office/reportin...')
#4 E:\www\creaw\system\View\View.php(246): include('E:\\www\\creaw\\ap...')
#5 E:\www\creaw\system\Common.php(1119): CodeIgniter\View\View->render('template/index', Array, true)
#6 E:\www\creaw\app\Controllers\reporting\organizational_data\Cases_database.php(421): view('template/index', Array)
#7 E:\www\creaw\system\CodeIgniter.php(918): App\Controllers\reporting\organizational_data\Cases_database->edit('1')
#8 E:\www\creaw\system\CodeIgniter.php(404): CodeIgniter\CodeIgniter->runController(Object(App\Controllers\reporting\organizational_data\Cases_database))
#9 E:\www\creaw\system\CodeIgniter.php(312): CodeIgniter\CodeIgniter->handleRequest(NULL, Object(Config\Cache), false)
#10 E:\www\creaw\index.php(45): CodeIgniter\CodeIgniter->run()
#11 {main}
CRITICAL - 2021-07-08 02:06:23 --> Undefined index: case_context
#0 E:\www\creaw\app\Views\office\reporting\organizational_data\cases_database\edit.php(249): CodeIgniter\Debug\Exceptions->errorHandler(8, 'Undefined index...', 'E:\\www\\creaw\\ap...', 249, Array)
#1 E:\www\creaw\system\View\View.php(246): include('E:\\www\\creaw\\ap...')
#2 E:\www\creaw\system\Common.php(1119): CodeIgniter\View\View->render('office/reportin...', Array, true)
#3 E:\www\creaw\app\Views\template\index.php(14): view('office/reportin...')
#4 E:\www\creaw\system\View\View.php(246): include('E:\\www\\creaw\\ap...')
#5 E:\www\creaw\system\Common.php(1119): CodeIgniter\View\View->render('template/index', Array, true)
#6 E:\www\creaw\app\Controllers\reporting\organizational_data\Cases_database.php(421): view('template/index', Array)
#7 E:\www\creaw\system\CodeIgniter.php(918): App\Controllers\reporting\organizational_data\Cases_database->edit('1')
#8 E:\www\creaw\system\CodeIgniter.php(404): CodeIgniter\CodeIgniter->runController(Object(App\Controllers\reporting\organizational_data\Cases_database))
#9 E:\www\creaw\system\CodeIgniter.php(312): CodeIgniter\CodeIgniter->handleRequest(NULL, Object(Config\Cache), false)
#10 E:\www\creaw\index.php(45): CodeIgniter\CodeIgniter->run()
#11 {main}
CRITICAL - 2021-07-08 02:06:23 --> Undefined index: case_context
#0 E:\www\creaw\app\Views\office\reporting\organizational_data\cases_database\edit.php(249): CodeIgniter\Debug\Exceptions->errorHandler(8, 'Undefined index...', 'E:\\www\\creaw\\ap...', 249, Array)
#1 E:\www\creaw\system\View\View.php(246): include('E:\\www\\creaw\\ap...')
#2 E:\www\creaw\system\Common.php(1119): CodeIgniter\View\View->render('office/reportin...', Array, true)
#3 E:\www\creaw\app\Views\template\index.php(14): view('office/reportin...')
#4 E:\www\creaw\system\View\View.php(246): include('E:\\www\\creaw\\ap...')
#5 E:\www\creaw\system\Common.php(1119): CodeIgniter\View\View->render('template/index', Array, true)
#6 E:\www\creaw\app\Controllers\reporting\organizational_data\Cases_database.php(421): view('template/index', Array)
#7 E:\www\creaw\system\CodeIgniter.php(918): App\Controllers\reporting\organizational_data\Cases_database->edit('1')
#8 E:\www\creaw\system\CodeIgniter.php(404): CodeIgniter\CodeIgniter->runController(Object(App\Controllers\reporting\organizational_data\Cases_database))
#9 E:\www\creaw\system\CodeIgniter.php(312): CodeIgniter\CodeIgniter->handleRequest(NULL, Object(Config\Cache), false)
#10 E:\www\creaw\index.php(45): CodeIgniter\CodeIgniter->run()
#11 {main}
CRITICAL - 2021-07-08 02:18:59 --> Undefined variable: inserted_id
#0 E:\www\creaw\app\Controllers\reporting\organizational_data\Cases_database.php(325): CodeIgniter\Debug\Exceptions->errorHandler(8, 'Undefined varia...', 'E:\\www\\creaw\\ap...', 325, Array)
#1 E:\www\creaw\system\CodeIgniter.php(918): App\Controllers\reporting\organizational_data\Cases_database->edit('1')
#2 E:\www\creaw\system\CodeIgniter.php(404): CodeIgniter\CodeIgniter->runController(Object(App\Controllers\reporting\organizational_data\Cases_database))
#3 E:\www\creaw\system\CodeIgniter.php(312): CodeIgniter\CodeIgniter->handleRequest(NULL, Object(Config\Cache), false)
#4 E:\www\creaw\index.php(45): CodeIgniter\CodeIgniter->run()
#5 {main}
CRITICAL - 2021-07-08 02:25:46 --> Undefined index: start_date
#0 E:\www\creaw\app\Views\office\reporting\organizational_data\cases_database\view.php(49): CodeIgniter\Debug\Exceptions->errorHandler(8, 'Undefined index...', 'E:\\www\\creaw\\ap...', 49, Array)
#1 E:\www\creaw\system\View\View.php(246): include('E:\\www\\creaw\\ap...')
#2 E:\www\creaw\system\Common.php(1119): CodeIgniter\View\View->render('office/reportin...', Array, true)
#3 E:\www\creaw\app\Views\template\index.php(14): view('office/reportin...')
#4 E:\www\creaw\system\View\View.php(246): include('E:\\www\\creaw\\ap...')
#5 E:\www\creaw\system\Common.php(1119): CodeIgniter\View\View->render('template/index', Array, true)
#6 E:\www\creaw\app\Controllers\reporting\organizational_data\Cases_database.php(464): view('template/index', Array)
#7 E:\www\creaw\system\CodeIgniter.php(918): App\Controllers\reporting\organizational_data\Cases_database->view('1')
#8 E:\www\creaw\system\CodeIgniter.php(404): CodeIgniter\CodeIgniter->runController(Object(App\Controllers\reporting\organizational_data\Cases_database))
#9 E:\www\creaw\system\CodeIgniter.php(312): CodeIgniter\CodeIgniter->handleRequest(NULL, Object(Config\Cache), false)
#10 E:\www\creaw\index.php(45): CodeIgniter\CodeIgniter->run()
#11 {main}
CRITICAL - 2021-07-08 02:25:46 --> Undefined index: start_date
#0 E:\www\creaw\app\Views\office\reporting\organizational_data\cases_database\view.php(49): CodeIgniter\Debug\Exceptions->errorHandler(8, 'Undefined index...', 'E:\\www\\creaw\\ap...', 49, Array)
#1 E:\www\creaw\system\View\View.php(246): include('E:\\www\\creaw\\ap...')
#2 E:\www\creaw\system\Common.php(1119): CodeIgniter\View\View->render('office/reportin...', Array, true)
#3 E:\www\creaw\app\Views\template\index.php(14): view('office/reportin...')
#4 E:\www\creaw\system\View\View.php(246): include('E:\\www\\creaw\\ap...')
#5 E:\www\creaw\system\Common.php(1119): CodeIgniter\View\View->render('template/index', Array, true)
#6 E:\www\creaw\app\Controllers\reporting\organizational_data\Cases_database.php(464): view('template/index', Array)
#7 E:\www\creaw\system\CodeIgniter.php(918): App\Controllers\reporting\organizational_data\Cases_database->view('1')
#8 E:\www\creaw\system\CodeIgniter.php(404): CodeIgniter\CodeIgniter->runController(Object(App\Controllers\reporting\organizational_data\Cases_database))
#9 E:\www\creaw\system\CodeIgniter.php(312): CodeIgniter\CodeIgniter->handleRequest(NULL, Object(Config\Cache), false)
#10 E:\www\creaw\index.php(45): CodeIgniter\CodeIgniter->run()
#11 {main}
CRITICAL - 2021-07-08 02:27:48 --> Undefined index: start_date
#0 E:\www\creaw\app\Views\office\reporting\organizational_data\cases_database\view.php(49): CodeIgniter\Debug\Exceptions->errorHandler(8, 'Undefined index...', 'E:\\www\\creaw\\ap...', 49, Array)
#1 E:\www\creaw\system\View\View.php(246): include('E:\\www\\creaw\\ap...')
#2 E:\www\creaw\system\Common.php(1119): CodeIgniter\View\View->render('office/reportin...', Array, true)
#3 E:\www\creaw\app\Views\template\index.php(14): view('office/reportin...')
#4 E:\www\creaw\system\View\View.php(246): include('E:\\www\\creaw\\ap...')
#5 E:\www\creaw\system\Common.php(1119): CodeIgniter\View\View->render('template/index', Array, true)
#6 E:\www\creaw\app\Controllers\reporting\organizational_data\Cases_database.php(464): view('template/index', Array)
#7 E:\www\creaw\system\CodeIgniter.php(918): App\Controllers\reporting\organizational_data\Cases_database->view('1')
#8 E:\www\creaw\system\CodeIgniter.php(404): CodeIgniter\CodeIgniter->runController(Object(App\Controllers\reporting\organizational_data\Cases_database))
#9 E:\www\creaw\system\CodeIgniter.php(312): CodeIgniter\CodeIgniter->handleRequest(NULL, Object(Config\Cache), false)
#10 E:\www\creaw\index.php(45): CodeIgniter\CodeIgniter->run()
#11 {main}
CRITICAL - 2021-07-08 02:27:49 --> Undefined index: start_date
#0 E:\www\creaw\app\Views\office\reporting\organizational_data\cases_database\view.php(49): CodeIgniter\Debug\Exceptions->errorHandler(8, 'Undefined index...', 'E:\\www\\creaw\\ap...', 49, Array)
#1 E:\www\creaw\system\View\View.php(246): include('E:\\www\\creaw\\ap...')
#2 E:\www\creaw\system\Common.php(1119): CodeIgniter\View\View->render('office/reportin...', Array, true)
#3 E:\www\creaw\app\Views\template\index.php(14): view('office/reportin...')
#4 E:\www\creaw\system\View\View.php(246): include('E:\\www\\creaw\\ap...')
#5 E:\www\creaw\system\Common.php(1119): CodeIgniter\View\View->render('template/index', Array, true)
#6 E:\www\creaw\app\Controllers\reporting\organizational_data\Cases_database.php(464): view('template/index', Array)
#7 E:\www\creaw\system\CodeIgniter.php(918): App\Controllers\reporting\organizational_data\Cases_database->view('1')
#8 E:\www\creaw\system\CodeIgniter.php(404): CodeIgniter\CodeIgniter->runController(Object(App\Controllers\reporting\organizational_data\Cases_database))
#9 E:\www\creaw\system\CodeIgniter.php(312): CodeIgniter\CodeIgniter->handleRequest(NULL, Object(Config\Cache), false)
#10 E:\www\creaw\index.php(45): CodeIgniter\CodeIgniter->run()
#11 {main}
CRITICAL - 2021-07-08 02:29:31 --> Undefined index: duration
#0 E:\www\creaw\app\Views\office\reporting\organizational_data\cases_database\view.php(64): CodeIgniter\Debug\Exceptions->errorHandler(8, 'Undefined index...', 'E:\\www\\creaw\\ap...', 64, Array)
#1 E:\www\creaw\system\View\View.php(246): include('E:\\www\\creaw\\ap...')
#2 E:\www\creaw\system\Common.php(1119): CodeIgniter\View\View->render('office/reportin...', Array, true)
#3 E:\www\creaw\app\Views\template\index.php(14): view('office/reportin...')
#4 E:\www\creaw\system\View\View.php(246): include('E:\\www\\creaw\\ap...')
#5 E:\www\creaw\system\Common.php(1119): CodeIgniter\View\View->render('template/index', Array, true)
#6 E:\www\creaw\app\Controllers\reporting\organizational_data\Cases_database.php(464): view('template/index', Array)
#7 E:\www\creaw\system\CodeIgniter.php(918): App\Controllers\reporting\organizational_data\Cases_database->view('1')
#8 E:\www\creaw\system\CodeIgniter.php(404): CodeIgniter\CodeIgniter->runController(Object(App\Controllers\reporting\organizational_data\Cases_database))
#9 E:\www\creaw\system\CodeIgniter.php(312): CodeIgniter\CodeIgniter->handleRequest(NULL, Object(Config\Cache), false)
#10 E:\www\creaw\index.php(45): CodeIgniter\CodeIgniter->run()
#11 {main}
CRITICAL - 2021-07-08 02:29:31 --> Undefined index: duration
#0 E:\www\creaw\app\Views\office\reporting\organizational_data\cases_database\view.php(64): CodeIgniter\Debug\Exceptions->errorHandler(8, 'Undefined index...', 'E:\\www\\creaw\\ap...', 64, Array)
#1 E:\www\creaw\system\View\View.php(246): include('E:\\www\\creaw\\ap...')
#2 E:\www\creaw\system\Common.php(1119): CodeIgniter\View\View->render('office/reportin...', Array, true)
#3 E:\www\creaw\app\Views\template\index.php(14): view('office/reportin...')
#4 E:\www\creaw\system\View\View.php(246): include('E:\\www\\creaw\\ap...')
#5 E:\www\creaw\system\Common.php(1119): CodeIgniter\View\View->render('template/index', Array, true)
#6 E:\www\creaw\app\Controllers\reporting\organizational_data\Cases_database.php(464): view('template/index', Array)
#7 E:\www\creaw\system\CodeIgniter.php(918): App\Controllers\reporting\organizational_data\Cases_database->view('1')
#8 E:\www\creaw\system\CodeIgniter.php(404): CodeIgniter\CodeIgniter->runController(Object(App\Controllers\reporting\organizational_data\Cases_database))
#9 E:\www\creaw\system\CodeIgniter.php(312): CodeIgniter\CodeIgniter->handleRequest(NULL, Object(Config\Cache), false)
#10 E:\www\creaw\index.php(45): CodeIgniter\CodeIgniter->run()
#11 {main}
CRITICAL - 2021-07-08 02:30:49 --> Undefined index: reporting_schedule
#0 E:\www\creaw\app\Views\office\reporting\organizational_data\cases_database\view.php(80): CodeIgniter\Debug\Exceptions->errorHandler(8, 'Undefined index...', 'E:\\www\\creaw\\ap...', 80, Array)
#1 E:\www\creaw\system\View\View.php(246): include('E:\\www\\creaw\\ap...')
#2 E:\www\creaw\system\Common.php(1119): CodeIgniter\View\View->render('office/reportin...', Array, true)
#3 E:\www\creaw\app\Views\template\index.php(14): view('office/reportin...')
#4 E:\www\creaw\system\View\View.php(246): include('E:\\www\\creaw\\ap...')
#5 E:\www\creaw\system\Common.php(1119): CodeIgniter\View\View->render('template/index', Array, true)
#6 E:\www\creaw\app\Controllers\reporting\organizational_data\Cases_database.php(464): view('template/index', Array)
#7 E:\www\creaw\system\CodeIgniter.php(918): App\Controllers\reporting\organizational_data\Cases_database->view('1')
#8 E:\www\creaw\system\CodeIgniter.php(404): CodeIgniter\CodeIgniter->runController(Object(App\Controllers\reporting\organizational_data\Cases_database))
#9 E:\www\creaw\system\CodeIgniter.php(312): CodeIgniter\CodeIgniter->handleRequest(NULL, Object(Config\Cache), false)
#10 E:\www\creaw\index.php(45): CodeIgniter\CodeIgniter->run()
#11 {main}
CRITICAL - 2021-07-08 02:30:49 --> Undefined index: reporting_schedule
#0 E:\www\creaw\app\Views\office\reporting\organizational_data\cases_database\view.php(80): CodeIgniter\Debug\Exceptions->errorHandler(8, 'Undefined index...', 'E:\\www\\creaw\\ap...', 80, Array)
#1 E:\www\creaw\system\View\View.php(246): include('E:\\www\\creaw\\ap...')
#2 E:\www\creaw\system\Common.php(1119): CodeIgniter\View\View->render('office/reportin...', Array, true)
#3 E:\www\creaw\app\Views\template\index.php(14): view('office/reportin...')
#4 E:\www\creaw\system\View\View.php(246): include('E:\\www\\creaw\\ap...')
#5 E:\www\creaw\system\Common.php(1119): CodeIgniter\View\View->render('template/index', Array, true)
#6 E:\www\creaw\app\Controllers\reporting\organizational_data\Cases_database.php(464): view('template/index', Array)
#7 E:\www\creaw\system\CodeIgniter.php(918): App\Controllers\reporting\organizational_data\Cases_database->view('1')
#8 E:\www\creaw\system\CodeIgniter.php(404): CodeIgniter\CodeIgniter->runController(Object(App\Controllers\reporting\organizational_data\Cases_database))
#9 E:\www\creaw\system\CodeIgniter.php(312): CodeIgniter\CodeIgniter->handleRequest(NULL, Object(Config\Cache), false)
#10 E:\www\creaw\index.php(45): CodeIgniter\CodeIgniter->run()
#11 {main}
CRITICAL - 2021-07-08 02:33:58 --> Unknown column 'name' in 'field list'
#0 E:\www\creaw\system\Database\MySQLi\Connection.php(331): mysqli->query('select name FRO...')
#1 E:\www\creaw\system\Database\BaseConnection.php(741): CodeIgniter\Database\MySQLi\Connection->execute('select name FRO...')
#2 E:\www\creaw\system\Database\BaseConnection.php(669): CodeIgniter\Database\BaseConnection->simpleQuery('select name FRO...')
#3 E:\www\creaw\app\Views\office\reporting\organizational_data\cases_database\view.php(88): CodeIgniter\Database\BaseConnection->query('select name FRO...')
#4 E:\www\creaw\system\View\View.php(246): include('E:\\www\\creaw\\ap...')
#5 E:\www\creaw\system\Common.php(1119): CodeIgniter\View\View->render('office/reportin...', Array, true)
#6 E:\www\creaw\app\Views\template\index.php(14): view('office/reportin...')
#7 E:\www\creaw\system\View\View.php(246): include('E:\\www\\creaw\\ap...')
#8 E:\www\creaw\system\Common.php(1119): CodeIgniter\View\View->render('template/index', Array, true)
#9 E:\www\creaw\app\Controllers\reporting\organizational_data\Cases_database.php(464): view('template/index', Array)
#10 E:\www\creaw\system\CodeIgniter.php(918): App\Controllers\reporting\organizational_data\Cases_database->view('1')
#11 E:\www\creaw\system\CodeIgniter.php(404): CodeIgniter\CodeIgniter->runController(Object(App\Controllers\reporting\organizational_data\Cases_database))
#12 E:\www\creaw\system\CodeIgniter.php(312): CodeIgniter\CodeIgniter->handleRequest(NULL, Object(Config\Cache), false)
#13 E:\www\creaw\index.php(45): CodeIgniter\CodeIgniter->run()
#14 {main}
CRITICAL - 2021-07-08 02:33:58 --> Unknown column 'name' in 'field list'
#0 E:\www\creaw\system\Database\MySQLi\Connection.php(331): mysqli->query('select name FRO...')
#1 E:\www\creaw\system\Database\BaseConnection.php(741): CodeIgniter\Database\MySQLi\Connection->execute('select name FRO...')
#2 E:\www\creaw\system\Database\BaseConnection.php(669): CodeIgniter\Database\BaseConnection->simpleQuery('select name FRO...')
#3 E:\www\creaw\app\Views\office\reporting\organizational_data\cases_database\view.php(88): CodeIgniter\Database\BaseConnection->query('select name FRO...')
#4 E:\www\creaw\system\View\View.php(246): include('E:\\www\\creaw\\ap...')
#5 E:\www\creaw\system\Common.php(1119): CodeIgniter\View\View->render('office/reportin...', Array, true)
#6 E:\www\creaw\app\Views\template\index.php(14): view('office/reportin...')
#7 E:\www\creaw\system\View\View.php(246): include('E:\\www\\creaw\\ap...')
#8 E:\www\creaw\system\Common.php(1119): CodeIgniter\View\View->render('template/index', Array, true)
#9 E:\www\creaw\app\Controllers\reporting\organizational_data\Cases_database.php(464): view('template/index', Array)
#10 E:\www\creaw\system\CodeIgniter.php(918): App\Controllers\reporting\organizational_data\Cases_database->view('1')
#11 E:\www\creaw\system\CodeIgniter.php(404): CodeIgniter\CodeIgniter->runController(Object(App\Controllers\reporting\organizational_data\Cases_database))
#12 E:\www\creaw\system\CodeIgniter.php(312): CodeIgniter\CodeIgniter->handleRequest(NULL, Object(Config\Cache), false)
#13 E:\www\creaw\index.php(45): CodeIgniter\CodeIgniter->run()
#14 {main}
