CRITICAL - 2021-09-16 09:05:53 --> Undefined variable: file_number
#0 E:\www\FAWE\app\Views\office\reporting\organizational_data\cases_database\add.php(130): CodeIgniter\Debug\Exceptions->errorHandler(8, 'Undefined varia...', 'E:\\www\\FAWE\\ap...', 130, Array)
#1 E:\www\FAWE\system\View\View.php(246): include('E:\\www\\FAWE\\ap...')
#2 E:\www\FAWE\system\Common.php(1119): CodeIgniter\View\View->render('office/reportin...', Array, true)
#3 E:\www\FAWE\app\Views\template\index.php(14): view('office/reportin...')
#4 E:\www\FAWE\system\View\View.php(246): include('E:\\www\\FAWE\\ap...')
#5 E:\www\FAWE\system\Common.php(1119): CodeIgniter\View\View->render('template/index', Array, true)
#6 E:\www\FAWE\app\Controllers\Reporting\Organizational_data\Cases_database.php(247): view('template/index', Array)
#7 E:\www\FAWE\system\CodeIgniter.php(918): App\Controllers\Reporting\Organizational_data\Cases_database->add()
#8 E:\www\FAWE\system\CodeIgniter.php(404): CodeIgniter\CodeIgniter->runController(Object(App\Controllers\Reporting\Organizational_data\Cases_database))
#9 E:\www\FAWE\system\CodeIgniter.php(312): CodeIgniter\CodeIgniter->handleRequest(NULL, Object(Config\Cache), false)
#10 E:\www\FAWE\index.php(45): CodeIgniter\CodeIgniter->run()
#11 {main}
CRITICAL - 2021-09-16 09:05:54 --> Undefined variable: file_number
#0 E:\www\FAWE\app\Views\office\reporting\organizational_data\cases_database\add.php(130): CodeIgniter\Debug\Exceptions->errorHandler(8, 'Undefined varia...', 'E:\\www\\FAWE\\ap...', 130, Array)
#1 E:\www\FAWE\system\View\View.php(246): include('E:\\www\\FAWE\\ap...')
#2 E:\www\FAWE\system\Common.php(1119): CodeIgniter\View\View->render('office/reportin...', Array, true)
#3 E:\www\FAWE\app\Views\template\index.php(14): view('office/reportin...')
#4 E:\www\FAWE\system\View\View.php(246): include('E:\\www\\FAWE\\ap...')
#5 E:\www\FAWE\system\Common.php(1119): CodeIgniter\View\View->render('template/index', Array, true)
#6 E:\www\FAWE\app\Controllers\Reporting\Organizational_data\Cases_database.php(247): view('template/index', Array)
#7 E:\www\FAWE\system\CodeIgniter.php(918): App\Controllers\Reporting\Organizational_data\Cases_database->add()
#8 E:\www\FAWE\system\CodeIgniter.php(404): CodeIgniter\CodeIgniter->runController(Object(App\Controllers\Reporting\Organizational_data\Cases_database))
#9 E:\www\FAWE\system\CodeIgniter.php(312): CodeIgniter\CodeIgniter->handleRequest(NULL, Object(Config\Cache), false)
#10 E:\www\FAWE\index.php(45): CodeIgniter\CodeIgniter->run()
#11 {main}
CRITICAL - 2021-09-16 09:06:28 --> Undefined variable: file_number
#0 E:\www\FAWE\app\Views\office\reporting\organizational_data\cases_database\add.php(130): CodeIgniter\Debug\Exceptions->errorHandler(8, 'Undefined varia...', 'E:\\www\\FAWE\\ap...', 130, Array)
#1 E:\www\FAWE\system\View\View.php(246): include('E:\\www\\FAWE\\ap...')
#2 E:\www\FAWE\system\Common.php(1119): CodeIgniter\View\View->render('office/reportin...', Array, true)
#3 E:\www\FAWE\app\Views\template\index.php(14): view('office/reportin...')
#4 E:\www\FAWE\system\View\View.php(246): include('E:\\www\\FAWE\\ap...')
#5 E:\www\FAWE\system\Common.php(1119): CodeIgniter\View\View->render('template/index', Array, true)
#6 E:\www\FAWE\app\Controllers\Reporting\Organizational_data\Cases_database.php(247): view('template/index', Array)
#7 E:\www\FAWE\system\CodeIgniter.php(918): App\Controllers\Reporting\Organizational_data\Cases_database->add()
#8 E:\www\FAWE\system\CodeIgniter.php(404): CodeIgniter\CodeIgniter->runController(Object(App\Controllers\Reporting\Organizational_data\Cases_database))
#9 E:\www\FAWE\system\CodeIgniter.php(312): CodeIgniter\CodeIgniter->handleRequest(NULL, Object(Config\Cache), false)
#10 E:\www\FAWE\index.php(45): CodeIgniter\CodeIgniter->run()
#11 {main}
CRITICAL - 2021-09-16 09:06:29 --> Undefined variable: file_number
#0 E:\www\FAWE\app\Views\office\reporting\organizational_data\cases_database\add.php(130): CodeIgniter\Debug\Exceptions->errorHandler(8, 'Undefined varia...', 'E:\\www\\FAWE\\ap...', 130, Array)
#1 E:\www\FAWE\system\View\View.php(246): include('E:\\www\\FAWE\\ap...')
#2 E:\www\FAWE\system\Common.php(1119): CodeIgniter\View\View->render('office/reportin...', Array, true)
#3 E:\www\FAWE\app\Views\template\index.php(14): view('office/reportin...')
#4 E:\www\FAWE\system\View\View.php(246): include('E:\\www\\FAWE\\ap...')
#5 E:\www\FAWE\system\Common.php(1119): CodeIgniter\View\View->render('template/index', Array, true)
#6 E:\www\FAWE\app\Controllers\Reporting\Organizational_data\Cases_database.php(247): view('template/index', Array)
#7 E:\www\FAWE\system\CodeIgniter.php(918): App\Controllers\Reporting\Organizational_data\Cases_database->add()
#8 E:\www\FAWE\system\CodeIgniter.php(404): CodeIgniter\CodeIgniter->runController(Object(App\Controllers\Reporting\Organizational_data\Cases_database))
#9 E:\www\FAWE\system\CodeIgniter.php(312): CodeIgniter\CodeIgniter->handleRequest(NULL, Object(Config\Cache), false)
#10 E:\www\FAWE\index.php(45): CodeIgniter\CodeIgniter->run()
#11 {main}
CRITICAL - 2021-09-16 09:07:10 --> Undefined variable: file_number
#0 E:\www\FAWE\app\Views\office\reporting\organizational_data\cases_database\add.php(130): CodeIgniter\Debug\Exceptions->errorHandler(8, 'Undefined varia...', 'E:\\www\\FAWE\\ap...', 130, Array)
#1 E:\www\FAWE\system\View\View.php(246): include('E:\\www\\FAWE\\ap...')
#2 E:\www\FAWE\system\Common.php(1119): CodeIgniter\View\View->render('office/reportin...', Array, true)
#3 E:\www\FAWE\app\Views\template\index.php(14): view('office/reportin...')
#4 E:\www\FAWE\system\View\View.php(246): include('E:\\www\\FAWE\\ap...')
#5 E:\www\FAWE\system\Common.php(1119): CodeIgniter\View\View->render('template/index', Array, true)
#6 E:\www\FAWE\app\Controllers\Reporting\Organizational_data\Cases_database.php(247): view('template/index', Array)
#7 E:\www\FAWE\system\CodeIgniter.php(918): App\Controllers\Reporting\Organizational_data\Cases_database->add()
#8 E:\www\FAWE\system\CodeIgniter.php(404): CodeIgniter\CodeIgniter->runController(Object(App\Controllers\Reporting\Organizational_data\Cases_database))
#9 E:\www\FAWE\system\CodeIgniter.php(312): CodeIgniter\CodeIgniter->handleRequest(NULL, Object(Config\Cache), false)
#10 E:\www\FAWE\index.php(45): CodeIgniter\CodeIgniter->run()
#11 {main}
CRITICAL - 2021-09-16 09:07:10 --> Undefined variable: file_number
#0 E:\www\FAWE\app\Views\office\reporting\organizational_data\cases_database\add.php(130): CodeIgniter\Debug\Exceptions->errorHandler(8, 'Undefined varia...', 'E:\\www\\FAWE\\ap...', 130, Array)
#1 E:\www\FAWE\system\View\View.php(246): include('E:\\www\\FAWE\\ap...')
#2 E:\www\FAWE\system\Common.php(1119): CodeIgniter\View\View->render('office/reportin...', Array, true)
#3 E:\www\FAWE\app\Views\template\index.php(14): view('office/reportin...')
#4 E:\www\FAWE\system\View\View.php(246): include('E:\\www\\FAWE\\ap...')
#5 E:\www\FAWE\system\Common.php(1119): CodeIgniter\View\View->render('template/index', Array, true)
#6 E:\www\FAWE\app\Controllers\Reporting\Organizational_data\Cases_database.php(247): view('template/index', Array)
#7 E:\www\FAWE\system\CodeIgniter.php(918): App\Controllers\Reporting\Organizational_data\Cases_database->add()
#8 E:\www\FAWE\system\CodeIgniter.php(404): CodeIgniter\CodeIgniter->runController(Object(App\Controllers\Reporting\Organizational_data\Cases_database))
#9 E:\www\FAWE\system\CodeIgniter.php(312): CodeIgniter\CodeIgniter->handleRequest(NULL, Object(Config\Cache), false)
#10 E:\www\FAWE\index.php(45): CodeIgniter\CodeIgniter->run()
#11 {main}
CRITICAL - 2021-09-16 09:30:27 --> Undefined variable: js_file
#0 E:\www\FAWE\app\Views\template\footer.php(492): CodeIgniter\Debug\Exceptions->errorHandler(8, 'Undefined varia...', 'E:\\www\\FAWE\\ap...', 492, Array)
#1 E:\www\FAWE\system\View\View.php(246): include('E:\\www\\FAWE\\ap...')
#2 E:\www\FAWE\system\Common.php(1119): CodeIgniter\View\View->render('template/footer...', Array, true)
#3 E:\www\FAWE\app\Views\template\index.php(18): view('template/footer...')
#4 E:\www\FAWE\system\View\View.php(246): include('E:\\www\\FAWE\\ap...')
#5 E:\www\FAWE\system\Common.php(1119): CodeIgniter\View\View->render('template/index', Array, true)
#6 E:\www\FAWE\app\Controllers\Reporting\Organizational_data\Cases_database.php(68): view('template/index', Array)
#7 E:\www\FAWE\system\CodeIgniter.php(918): App\Controllers\Reporting\Organizational_data\Cases_database->index()
#8 E:\www\FAWE\system\CodeIgniter.php(404): CodeIgniter\CodeIgniter->runController(Object(App\Controllers\Reporting\Organizational_data\Cases_database))
#9 E:\www\FAWE\system\CodeIgniter.php(312): CodeIgniter\CodeIgniter->handleRequest(NULL, Object(Config\Cache), false)
#10 E:\www\FAWE\index.php(45): CodeIgniter\CodeIgniter->run()
#11 {main}
CRITICAL - 2021-09-16 09:30:28 --> Undefined variable: js_file
#0 E:\www\FAWE\app\Views\template\footer.php(492): CodeIgniter\Debug\Exceptions->errorHandler(8, 'Undefined varia...', 'E:\\www\\FAWE\\ap...', 492, Array)
#1 E:\www\FAWE\system\View\View.php(246): include('E:\\www\\FAWE\\ap...')
#2 E:\www\FAWE\system\Common.php(1119): CodeIgniter\View\View->render('template/footer...', Array, true)
#3 E:\www\FAWE\app\Views\template\index.php(18): view('template/footer...')
#4 E:\www\FAWE\system\View\View.php(246): include('E:\\www\\FAWE\\ap...')
#5 E:\www\FAWE\system\Common.php(1119): CodeIgniter\View\View->render('template/index', Array, true)
#6 E:\www\FAWE\app\Controllers\Reporting\Organizational_data\Cases_database.php(68): view('template/index', Array)
#7 E:\www\FAWE\system\CodeIgniter.php(918): App\Controllers\Reporting\Organizational_data\Cases_database->index()
#8 E:\www\FAWE\system\CodeIgniter.php(404): CodeIgniter\CodeIgniter->runController(Object(App\Controllers\Reporting\Organizational_data\Cases_database))
#9 E:\www\FAWE\system\CodeIgniter.php(312): CodeIgniter\CodeIgniter->handleRequest(NULL, Object(Config\Cache), false)
#10 E:\www\FAWE\index.php(45): CodeIgniter\CodeIgniter->run()
#11 {main}
CRITICAL - 2021-09-16 15:48:32 --> Unable to connect to the database.
#0 C:\xampp\htdocs\system\Database\BaseConnection.php(646): CodeIgniter\Database\BaseConnection->initialize()
#1 C:\xampp\htdocs\app\Filters\CheckLogin.php(0): CodeIgniter\Database\BaseConnection->query('select token  F...')
#2 C:\xampp\htdocs\system\Filters\Filters.php(173): App\Filters\checkLogin->before(Object(CodeIgniter\HTTP\IncomingRequest), NULL)
#3 C:\xampp\htdocs\system\CodeIgniter.php(382): CodeIgniter\Filters\Filters->run('/', 'before')
#4 C:\xampp\htdocs\system\CodeIgniter.php(312): CodeIgniter\CodeIgniter->handleRequest(NULL, Object(Config\Cache), false)
#5 C:\xampp\htdocs\index.php(45): CodeIgniter\CodeIgniter->run()
#6 {main}
CRITICAL - 2021-09-16 15:48:48 --> Unable to connect to the database.
#0 C:\xampp\htdocs\system\Database\BaseConnection.php(646): CodeIgniter\Database\BaseConnection->initialize()
#1 C:\xampp\htdocs\app\Filters\CheckLogin.php(0): CodeIgniter\Database\BaseConnection->query('select token  F...')
#2 C:\xampp\htdocs\system\Filters\Filters.php(173): App\Filters\checkLogin->before(Object(CodeIgniter\HTTP\IncomingRequest), NULL)
#3 C:\xampp\htdocs\system\CodeIgniter.php(382): CodeIgniter\Filters\Filters->run('/', 'before')
#4 C:\xampp\htdocs\system\CodeIgniter.php(312): CodeIgniter\CodeIgniter->handleRequest(NULL, Object(Config\Cache), false)
#5 C:\xampp\htdocs\index.php(45): CodeIgniter\CodeIgniter->run()
#6 {main}
CRITICAL - 2021-09-16 15:50:39 --> Unable to connect to the database.
#0 C:\xampp\htdocs\system\Database\BaseConnection.php(646): CodeIgniter\Database\BaseConnection->initialize()
#1 C:\xampp\htdocs\app\Filters\CheckLogin.php(0): CodeIgniter\Database\BaseConnection->query('select token  F...')
#2 C:\xampp\htdocs\system\Filters\Filters.php(173): App\Filters\checkLogin->before(Object(CodeIgniter\HTTP\IncomingRequest), NULL)
#3 C:\xampp\htdocs\system\CodeIgniter.php(382): CodeIgniter\Filters\Filters->run('/', 'before')
#4 C:\xampp\htdocs\system\CodeIgniter.php(312): CodeIgniter\CodeIgniter->handleRequest(NULL, Object(Config\Cache), false)
#5 C:\xampp\htdocs\index.php(45): CodeIgniter\CodeIgniter->run()
#6 {main}
CRITICAL - 2021-09-16 15:50:43 --> Unable to connect to the database.
#0 C:\xampp\htdocs\system\Database\BaseConnection.php(646): CodeIgniter\Database\BaseConnection->initialize()
#1 C:\xampp\htdocs\app\Filters\CheckLogin.php(0): CodeIgniter\Database\BaseConnection->query('select token  F...')
#2 C:\xampp\htdocs\system\Filters\Filters.php(173): App\Filters\checkLogin->before(Object(CodeIgniter\HTTP\IncomingRequest), NULL)
#3 C:\xampp\htdocs\system\CodeIgniter.php(382): CodeIgniter\Filters\Filters->run('/', 'before')
#4 C:\xampp\htdocs\system\CodeIgniter.php(312): CodeIgniter\CodeIgniter->handleRequest(NULL, Object(Config\Cache), false)
#5 C:\xampp\htdocs\index.php(45): CodeIgniter\CodeIgniter->run()
#6 {main}
CRITICAL - 2021-09-16 15:50:44 --> Unable to connect to the database.
#0 C:\xampp\htdocs\system\Database\BaseConnection.php(646): CodeIgniter\Database\BaseConnection->initialize()
#1 C:\xampp\htdocs\app\Filters\CheckLogin.php(0): CodeIgniter\Database\BaseConnection->query('select token  F...')
#2 C:\xampp\htdocs\system\Filters\Filters.php(173): App\Filters\checkLogin->before(Object(CodeIgniter\HTTP\IncomingRequest), NULL)
#3 C:\xampp\htdocs\system\CodeIgniter.php(382): CodeIgniter\Filters\Filters->run('/', 'before')
#4 C:\xampp\htdocs\system\CodeIgniter.php(312): CodeIgniter\CodeIgniter->handleRequest(NULL, Object(Config\Cache), false)
#5 C:\xampp\htdocs\index.php(45): CodeIgniter\CodeIgniter->run()
#6 {main}
CRITICAL - 2021-09-16 15:50:45 --> Unable to connect to the database.
#0 C:\xampp\htdocs\system\Database\BaseConnection.php(646): CodeIgniter\Database\BaseConnection->initialize()
#1 C:\xampp\htdocs\app\Filters\CheckLogin.php(0): CodeIgniter\Database\BaseConnection->query('select token  F...')
#2 C:\xampp\htdocs\system\Filters\Filters.php(173): App\Filters\checkLogin->before(Object(CodeIgniter\HTTP\IncomingRequest), NULL)
#3 C:\xampp\htdocs\system\CodeIgniter.php(382): CodeIgniter\Filters\Filters->run('/', 'before')
#4 C:\xampp\htdocs\system\CodeIgniter.php(312): CodeIgniter\CodeIgniter->handleRequest(NULL, Object(Config\Cache), false)
#5 C:\xampp\htdocs\index.php(45): CodeIgniter\CodeIgniter->run()
#6 {main}
CRITICAL - 2021-09-16 15:50:46 --> Unable to connect to the database.
#0 C:\xampp\htdocs\system\Database\BaseConnection.php(646): CodeIgniter\Database\BaseConnection->initialize()
#1 C:\xampp\htdocs\app\Filters\CheckLogin.php(0): CodeIgniter\Database\BaseConnection->query('select token  F...')
#2 C:\xampp\htdocs\system\Filters\Filters.php(173): App\Filters\checkLogin->before(Object(CodeIgniter\HTTP\IncomingRequest), NULL)
#3 C:\xampp\htdocs\system\CodeIgniter.php(382): CodeIgniter\Filters\Filters->run('/', 'before')
#4 C:\xampp\htdocs\system\CodeIgniter.php(312): CodeIgniter\CodeIgniter->handleRequest(NULL, Object(Config\Cache), false)
#5 C:\xampp\htdocs\index.php(45): CodeIgniter\CodeIgniter->run()
#6 {main}
CRITICAL - 2021-09-16 15:50:51 --> Unable to connect to the database.
#0 C:\xampp\htdocs\system\Database\BaseConnection.php(646): CodeIgniter\Database\BaseConnection->initialize()
#1 C:\xampp\htdocs\app\Filters\CheckLogin.php(0): CodeIgniter\Database\BaseConnection->query('select token  F...')
#2 C:\xampp\htdocs\system\Filters\Filters.php(173): App\Filters\checkLogin->before(Object(CodeIgniter\HTTP\IncomingRequest), NULL)
#3 C:\xampp\htdocs\system\CodeIgniter.php(382): CodeIgniter\Filters\Filters->run('/', 'before')
#4 C:\xampp\htdocs\system\CodeIgniter.php(312): CodeIgniter\CodeIgniter->handleRequest(NULL, Object(Config\Cache), false)
#5 C:\xampp\htdocs\index.php(45): CodeIgniter\CodeIgniter->run()
#6 {main}
CRITICAL - 2021-09-16 15:50:52 --> Unable to connect to the database.
#0 C:\xampp\htdocs\system\Database\BaseConnection.php(646): CodeIgniter\Database\BaseConnection->initialize()
#1 C:\xampp\htdocs\app\Filters\CheckLogin.php(0): CodeIgniter\Database\BaseConnection->query('select token  F...')
#2 C:\xampp\htdocs\system\Filters\Filters.php(173): App\Filters\checkLogin->before(Object(CodeIgniter\HTTP\IncomingRequest), NULL)
#3 C:\xampp\htdocs\system\CodeIgniter.php(382): CodeIgniter\Filters\Filters->run('/', 'before')
#4 C:\xampp\htdocs\system\CodeIgniter.php(312): CodeIgniter\CodeIgniter->handleRequest(NULL, Object(Config\Cache), false)
#5 C:\xampp\htdocs\index.php(45): CodeIgniter\CodeIgniter->run()
#6 {main}
CRITICAL - 2021-09-16 15:50:52 --> Unable to connect to the database.
#0 C:\xampp\htdocs\system\Database\BaseConnection.php(646): CodeIgniter\Database\BaseConnection->initialize()
#1 C:\xampp\htdocs\app\Filters\CheckLogin.php(0): CodeIgniter\Database\BaseConnection->query('select token  F...')
#2 C:\xampp\htdocs\system\Filters\Filters.php(173): App\Filters\checkLogin->before(Object(CodeIgniter\HTTP\IncomingRequest), NULL)
#3 C:\xampp\htdocs\system\CodeIgniter.php(382): CodeIgniter\Filters\Filters->run('/', 'before')
#4 C:\xampp\htdocs\system\CodeIgniter.php(312): CodeIgniter\CodeIgniter->handleRequest(NULL, Object(Config\Cache), false)
#5 C:\xampp\htdocs\index.php(45): CodeIgniter\CodeIgniter->run()
#6 {main}
CRITICAL - 2021-09-16 15:50:53 --> Unable to connect to the database.
#0 C:\xampp\htdocs\system\Database\BaseConnection.php(646): CodeIgniter\Database\BaseConnection->initialize()
#1 C:\xampp\htdocs\app\Filters\CheckLogin.php(0): CodeIgniter\Database\BaseConnection->query('select token  F...')
#2 C:\xampp\htdocs\system\Filters\Filters.php(173): App\Filters\checkLogin->before(Object(CodeIgniter\HTTP\IncomingRequest), NULL)
#3 C:\xampp\htdocs\system\CodeIgniter.php(382): CodeIgniter\Filters\Filters->run('/', 'before')
#4 C:\xampp\htdocs\system\CodeIgniter.php(312): CodeIgniter\CodeIgniter->handleRequest(NULL, Object(Config\Cache), false)
#5 C:\xampp\htdocs\index.php(45): CodeIgniter\CodeIgniter->run()
#6 {main}
CRITICAL - 2021-09-16 15:50:53 --> Unable to connect to the database.
#0 C:\xampp\htdocs\system\Database\BaseConnection.php(646): CodeIgniter\Database\BaseConnection->initialize()
#1 C:\xampp\htdocs\app\Filters\CheckLogin.php(0): CodeIgniter\Database\BaseConnection->query('select token  F...')
#2 C:\xampp\htdocs\system\Filters\Filters.php(173): App\Filters\checkLogin->before(Object(CodeIgniter\HTTP\IncomingRequest), NULL)
#3 C:\xampp\htdocs\system\CodeIgniter.php(382): CodeIgniter\Filters\Filters->run('/', 'before')
#4 C:\xampp\htdocs\system\CodeIgniter.php(312): CodeIgniter\CodeIgniter->handleRequest(NULL, Object(Config\Cache), false)
#5 C:\xampp\htdocs\index.php(45): CodeIgniter\CodeIgniter->run()
#6 {main}
CRITICAL - 2021-09-16 15:50:54 --> Unable to connect to the database.
#0 C:\xampp\htdocs\system\Database\BaseConnection.php(646): CodeIgniter\Database\BaseConnection->initialize()
#1 C:\xampp\htdocs\app\Filters\CheckLogin.php(0): CodeIgniter\Database\BaseConnection->query('select token  F...')
#2 C:\xampp\htdocs\system\Filters\Filters.php(173): App\Filters\checkLogin->before(Object(CodeIgniter\HTTP\IncomingRequest), NULL)
#3 C:\xampp\htdocs\system\CodeIgniter.php(382): CodeIgniter\Filters\Filters->run('/', 'before')
#4 C:\xampp\htdocs\system\CodeIgniter.php(312): CodeIgniter\CodeIgniter->handleRequest(NULL, Object(Config\Cache), false)
#5 C:\xampp\htdocs\index.php(45): CodeIgniter\CodeIgniter->run()
#6 {main}
CRITICAL - 2021-09-16 15:50:54 --> Unable to connect to the database.
#0 C:\xampp\htdocs\system\Database\BaseConnection.php(646): CodeIgniter\Database\BaseConnection->initialize()
#1 C:\xampp\htdocs\app\Filters\CheckLogin.php(0): CodeIgniter\Database\BaseConnection->query('select token  F...')
#2 C:\xampp\htdocs\system\Filters\Filters.php(173): App\Filters\checkLogin->before(Object(CodeIgniter\HTTP\IncomingRequest), NULL)
#3 C:\xampp\htdocs\system\CodeIgniter.php(382): CodeIgniter\Filters\Filters->run('/', 'before')
#4 C:\xampp\htdocs\system\CodeIgniter.php(312): CodeIgniter\CodeIgniter->handleRequest(NULL, Object(Config\Cache), false)
#5 C:\xampp\htdocs\index.php(45): CodeIgniter\CodeIgniter->run()
#6 {main}
CRITICAL - 2021-09-16 15:50:55 --> Unable to connect to the database.
#0 C:\xampp\htdocs\system\Database\BaseConnection.php(646): CodeIgniter\Database\BaseConnection->initialize()
#1 C:\xampp\htdocs\app\Filters\CheckLogin.php(0): CodeIgniter\Database\BaseConnection->query('select token  F...')
#2 C:\xampp\htdocs\system\Filters\Filters.php(173): App\Filters\checkLogin->before(Object(CodeIgniter\HTTP\IncomingRequest), NULL)
#3 C:\xampp\htdocs\system\CodeIgniter.php(382): CodeIgniter\Filters\Filters->run('/', 'before')
#4 C:\xampp\htdocs\system\CodeIgniter.php(312): CodeIgniter\CodeIgniter->handleRequest(NULL, Object(Config\Cache), false)
#5 C:\xampp\htdocs\index.php(45): CodeIgniter\CodeIgniter->run()
#6 {main}
CRITICAL - 2021-09-16 15:50:55 --> Unable to connect to the database.
#0 C:\xampp\htdocs\system\Database\BaseConnection.php(646): CodeIgniter\Database\BaseConnection->initialize()
#1 C:\xampp\htdocs\app\Filters\CheckLogin.php(0): CodeIgniter\Database\BaseConnection->query('select token  F...')
#2 C:\xampp\htdocs\system\Filters\Filters.php(173): App\Filters\checkLogin->before(Object(CodeIgniter\HTTP\IncomingRequest), NULL)
#3 C:\xampp\htdocs\system\CodeIgniter.php(382): CodeIgniter\Filters\Filters->run('/', 'before')
#4 C:\xampp\htdocs\system\CodeIgniter.php(312): CodeIgniter\CodeIgniter->handleRequest(NULL, Object(Config\Cache), false)
#5 C:\xampp\htdocs\index.php(45): CodeIgniter\CodeIgniter->run()
#6 {main}
CRITICAL - 2021-09-16 15:50:55 --> Unable to connect to the database.
#0 C:\xampp\htdocs\system\Database\BaseConnection.php(646): CodeIgniter\Database\BaseConnection->initialize()
#1 C:\xampp\htdocs\app\Filters\CheckLogin.php(0): CodeIgniter\Database\BaseConnection->query('select token  F...')
#2 C:\xampp\htdocs\system\Filters\Filters.php(173): App\Filters\checkLogin->before(Object(CodeIgniter\HTTP\IncomingRequest), NULL)
#3 C:\xampp\htdocs\system\CodeIgniter.php(382): CodeIgniter\Filters\Filters->run('/', 'before')
#4 C:\xampp\htdocs\system\CodeIgniter.php(312): CodeIgniter\CodeIgniter->handleRequest(NULL, Object(Config\Cache), false)
#5 C:\xampp\htdocs\index.php(45): CodeIgniter\CodeIgniter->run()
#6 {main}
CRITICAL - 2021-09-16 15:50:56 --> Unable to connect to the database.
#0 C:\xampp\htdocs\system\Database\BaseConnection.php(646): CodeIgniter\Database\BaseConnection->initialize()
#1 C:\xampp\htdocs\app\Filters\CheckLogin.php(0): CodeIgniter\Database\BaseConnection->query('select token  F...')
#2 C:\xampp\htdocs\system\Filters\Filters.php(173): App\Filters\checkLogin->before(Object(CodeIgniter\HTTP\IncomingRequest), NULL)
#3 C:\xampp\htdocs\system\CodeIgniter.php(382): CodeIgniter\Filters\Filters->run('/', 'before')
#4 C:\xampp\htdocs\system\CodeIgniter.php(312): CodeIgniter\CodeIgniter->handleRequest(NULL, Object(Config\Cache), false)
#5 C:\xampp\htdocs\index.php(45): CodeIgniter\CodeIgniter->run()
#6 {main}
CRITICAL - 2021-09-16 15:51:33 --> Unable to connect to the database.
#0 C:\xampp\htdocs\system\Database\BaseConnection.php(646): CodeIgniter\Database\BaseConnection->initialize()
#1 C:\xampp\htdocs\app\Filters\CheckLogin.php(0): CodeIgniter\Database\BaseConnection->query('select token  F...')
#2 C:\xampp\htdocs\system\Filters\Filters.php(173): App\Filters\checkLogin->before(Object(CodeIgniter\HTTP\IncomingRequest), NULL)
#3 C:\xampp\htdocs\system\CodeIgniter.php(382): CodeIgniter\Filters\Filters->run('/', 'before')
#4 C:\xampp\htdocs\system\CodeIgniter.php(312): CodeIgniter\CodeIgniter->handleRequest(NULL, Object(Config\Cache), false)
#5 C:\xampp\htdocs\index.php(45): CodeIgniter\CodeIgniter->run()
#6 {main}
CRITICAL - 2021-09-16 15:55:24 --> Unable to connect to the database.
#0 C:\xampp\htdocs\system\Database\BaseConnection.php(646): CodeIgniter\Database\BaseConnection->initialize()
#1 C:\xampp\htdocs\app\Filters\CheckLogin.php(0): CodeIgniter\Database\BaseConnection->query('select token  F...')
#2 C:\xampp\htdocs\system\Filters\Filters.php(173): App\Filters\checkLogin->before(Object(CodeIgniter\HTTP\IncomingRequest), NULL)
#3 C:\xampp\htdocs\system\CodeIgniter.php(382): CodeIgniter\Filters\Filters->run('/', 'before')
#4 C:\xampp\htdocs\system\CodeIgniter.php(312): CodeIgniter\CodeIgniter->handleRequest(NULL, Object(Config\Cache), false)
#5 C:\xampp\htdocs\index.php(45): CodeIgniter\CodeIgniter->run()
#6 {main}
CRITICAL - 2021-09-16 16:03:38 --> Call to a member function get_user_by_login() on null
#0 C:\xampp\htdocs\app\Controllers\Auth.php(0): App\Libraries\Tank_auth->login('admin@super', 'password', NULL, true, true)
#1 C:\xampp\htdocs\system\CodeIgniter.php(918): App\Controllers\Auth->login()
#2 C:\xampp\htdocs\system\CodeIgniter.php(404): CodeIgniter\CodeIgniter->runController(Object(App\Controllers\Auth))
#3 C:\xampp\htdocs\system\CodeIgniter.php(312): CodeIgniter\CodeIgniter->handleRequest(NULL, Object(Config\Cache), false)
#4 C:\xampp\htdocs\index.php(45): CodeIgniter\CodeIgniter->run()
#5 {main}
CRITICAL - 2021-09-16 16:07:23 --> Call to a member function get_user_by_login() on null
#0 C:\xampp\htdocs\app\Controllers\Auth.php(0): App\Libraries\Tank_auth->login('admin@super', 'password', NULL, true, true)
#1 C:\xampp\htdocs\system\CodeIgniter.php(918): App\Controllers\Auth->login()
#2 C:\xampp\htdocs\system\CodeIgniter.php(404): CodeIgniter\CodeIgniter->runController(Object(App\Controllers\Auth))
#3 C:\xampp\htdocs\system\CodeIgniter.php(312): CodeIgniter\CodeIgniter->handleRequest(NULL, Object(Config\Cache), false)
#4 C:\xampp\htdocs\index.php(45): CodeIgniter\CodeIgniter->run()
#5 {main}
