CRITICAL - 2021-01-11 00:51:57 --> Undefined property: App\Controllers\Auth::$config
#0 G:\xampp\htdocs\UBS\pime_somali\app\Controllers\Auth.php(31): CodeIgniter\Debug\Exceptions->errorHandler(8, 'Undefined prope...', 'G:\\xampp\\htdocs...', 31, Array)
#1 G:\xampp\htdocs\UBS\pime_somali\system\CodeIgniter.php(918): App\Controllers\Auth->login()
#2 G:\xampp\htdocs\UBS\pime_somali\system\CodeIgniter.php(404): CodeIgniter\CodeIgniter->runController(Object(App\Controllers\Auth))
#3 G:\xampp\htdocs\UBS\pime_somali\system\CodeIgniter.php(312): CodeIgniter\CodeIgniter->handleRequest(NULL, Object(Config\Cache), false)
#4 G:\xampp\htdocs\UBS\pime_somali\public\index.php(45): CodeIgniter\CodeIgniter->run()
#5 {main}
CRITICAL - 2021-01-11 04:08:01 --> Undefined property: App\Controllers\Auth::$config
#0 G:\xampp\htdocs\UBS\pime_somali\app\Controllers\Auth.php(31): CodeIgniter\Debug\Exceptions->errorHandler(8, 'Undefined prope...', 'G:\\xampp\\htdocs...', 31, Array)
#1 G:\xampp\htdocs\UBS\pime_somali\system\CodeIgniter.php(918): App\Controllers\Auth->login()
#2 G:\xampp\htdocs\UBS\pime_somali\system\CodeIgniter.php(404): CodeIgniter\CodeIgniter->runController(Object(App\Controllers\Auth))
#3 G:\xampp\htdocs\UBS\pime_somali\system\CodeIgniter.php(312): CodeIgniter\CodeIgniter->handleRequest(NULL, Object(Config\Cache), false)
#4 G:\xampp\htdocs\UBS\pime_somali\public\index.php(45): CodeIgniter\CodeIgniter->run()
#5 {main}
CRITICAL - 2021-01-11 04:11:50 --> Undefined property: App\Controllers\Auth::$config
#0 G:\xampp\htdocs\UBS\pime_somali\app\Controllers\Auth.php(31): CodeIgniter\Debug\Exceptions->errorHandler(8, 'Undefined prope...', 'G:\\xampp\\htdocs...', 31, Array)
#1 G:\xampp\htdocs\UBS\pime_somali\system\CodeIgniter.php(918): App\Controllers\Auth->login()
#2 G:\xampp\htdocs\UBS\pime_somali\system\CodeIgniter.php(404): CodeIgniter\CodeIgniter->runController(Object(App\Controllers\Auth))
#3 G:\xampp\htdocs\UBS\pime_somali\system\CodeIgniter.php(312): CodeIgniter\CodeIgniter->handleRequest(NULL, Object(Config\Cache), false)
#4 G:\xampp\htdocs\UBS\pime_somali\public\index.php(45): CodeIgniter\CodeIgniter->run()
#5 {main}
CRITICAL - 2021-01-11 04:13:10 --> Undefined property: App\Controllers\Auth::$config
#0 G:\xampp\htdocs\UBS\pime_somali\app\Controllers\Auth.php(32): CodeIgniter\Debug\Exceptions->errorHandler(8, 'Undefined prope...', 'G:\\xampp\\htdocs...', 32, Array)
#1 G:\xampp\htdocs\UBS\pime_somali\system\CodeIgniter.php(918): App\Controllers\Auth->login()
#2 G:\xampp\htdocs\UBS\pime_somali\system\CodeIgniter.php(404): CodeIgniter\CodeIgniter->runController(Object(App\Controllers\Auth))
#3 G:\xampp\htdocs\UBS\pime_somali\system\CodeIgniter.php(312): CodeIgniter\CodeIgniter->handleRequest(NULL, Object(Config\Cache), false)
#4 G:\xampp\htdocs\UBS\pime_somali\public\index.php(45): CodeIgniter\CodeIgniter->run()
#5 {main}
CRITICAL - 2021-01-11 04:14:22 --> syntax error, unexpected ')'
#0 G:\xampp\htdocs\UBS\pime_somali\system\Router\Router.php(195): CodeIgniter\Router\Router->autoRoute('auth/login')
#1 G:\xampp\htdocs\UBS\pime_somali\system\CodeIgniter.php(793): CodeIgniter\Router\Router->handle('auth/login')
#2 G:\xampp\htdocs\UBS\pime_somali\system\CodeIgniter.php(364): CodeIgniter\CodeIgniter->tryToRouteIt(Object(CodeIgniter\Router\RouteCollection))
#3 G:\xampp\htdocs\UBS\pime_somali\system\CodeIgniter.php(312): CodeIgniter\CodeIgniter->handleRequest(NULL, Object(Config\Cache), false)
#4 G:\xampp\htdocs\UBS\pime_somali\public\index.php(45): CodeIgniter\CodeIgniter->run()
#5 {main}
CRITICAL - 2021-01-11 04:14:51 --> syntax error, unexpected ')'
#0 G:\xampp\htdocs\UBS\pime_somali\system\Router\Router.php(195): CodeIgniter\Router\Router->autoRoute('auth/login')
#1 G:\xampp\htdocs\UBS\pime_somali\system\CodeIgniter.php(793): CodeIgniter\Router\Router->handle('auth/login')
#2 G:\xampp\htdocs\UBS\pime_somali\system\CodeIgniter.php(364): CodeIgniter\CodeIgniter->tryToRouteIt(Object(CodeIgniter\Router\RouteCollection))
#3 G:\xampp\htdocs\UBS\pime_somali\system\CodeIgniter.php(312): CodeIgniter\CodeIgniter->handleRequest(NULL, Object(Config\Cache), false)
#4 G:\xampp\htdocs\UBS\pime_somali\public\index.php(45): CodeIgniter\CodeIgniter->run()
#5 {main}
CRITICAL - 2021-01-11 04:15:52 --> Undefined property: App\Controllers\Auth::$config
#0 G:\xampp\htdocs\UBS\pime_somali\app\Controllers\Auth.php(33): CodeIgniter\Debug\Exceptions->errorHandler(8, 'Undefined prope...', 'G:\\xampp\\htdocs...', 33, Array)
#1 G:\xampp\htdocs\UBS\pime_somali\system\CodeIgniter.php(918): App\Controllers\Auth->login()
#2 G:\xampp\htdocs\UBS\pime_somali\system\CodeIgniter.php(404): CodeIgniter\CodeIgniter->runController(Object(App\Controllers\Auth))
#3 G:\xampp\htdocs\UBS\pime_somali\system\CodeIgniter.php(312): CodeIgniter\CodeIgniter->handleRequest(NULL, Object(Config\Cache), false)
#4 G:\xampp\htdocs\UBS\pime_somali\public\index.php(45): CodeIgniter\CodeIgniter->run()
#5 {main}
CRITICAL - 2021-01-11 04:16:12 --> Undefined property: App\Controllers\Auth::$form_validation
#0 G:\xampp\htdocs\UBS\pime_somali\app\Controllers\Auth.php(35): CodeIgniter\Debug\Exceptions->errorHandler(8, 'Undefined prope...', 'G:\\xampp\\htdocs...', 35, Array)
#1 G:\xampp\htdocs\UBS\pime_somali\system\CodeIgniter.php(918): App\Controllers\Auth->login()
#2 G:\xampp\htdocs\UBS\pime_somali\system\CodeIgniter.php(404): CodeIgniter\CodeIgniter->runController(Object(App\Controllers\Auth))
#3 G:\xampp\htdocs\UBS\pime_somali\system\CodeIgniter.php(312): CodeIgniter\CodeIgniter->handleRequest(NULL, Object(Config\Cache), false)
#4 G:\xampp\htdocs\UBS\pime_somali\public\index.php(45): CodeIgniter\CodeIgniter->run()
#5 {main}
CRITICAL - 2021-01-11 04:26:20 --> Undefined property: App\Controllers\Auth::$form_validation
#0 G:\xampp\htdocs\UBS\pime_somali\app\Controllers\Auth.php(35): CodeIgniter\Debug\Exceptions->errorHandler(8, 'Undefined prope...', 'G:\\xampp\\htdocs...', 35, Array)
#1 G:\xampp\htdocs\UBS\pime_somali\system\CodeIgniter.php(918): App\Controllers\Auth->login()
#2 G:\xampp\htdocs\UBS\pime_somali\system\CodeIgniter.php(404): CodeIgniter\CodeIgniter->runController(Object(App\Controllers\Auth))
#3 G:\xampp\htdocs\UBS\pime_somali\system\CodeIgniter.php(312): CodeIgniter\CodeIgniter->handleRequest(NULL, Object(Config\Cache), false)
#4 G:\xampp\htdocs\UBS\pime_somali\public\index.php(45): CodeIgniter\CodeIgniter->run()
#5 {main}
CRITICAL - 2021-01-11 04:28:38 --> required|trim|required|xss_clean] is not a valid rule.
#0 G:\xampp\htdocs\UBS\pime_somali\system\Validation\Validation.php(333): CodeIgniter\Validation\Exceptions\ValidationException::forRuleNotFound('required|trim|r...')
#1 G:\xampp\htdocs\UBS\pime_somali\system\Validation\Validation.php(189): CodeIgniter\Validation\Validation->processRules('login', 'login', NULL, Array, Array)
#2 G:\xampp\htdocs\UBS\pime_somali\system\Controller.php(219): CodeIgniter\Validation\Validation->run()
#3 G:\xampp\htdocs\UBS\pime_somali\app\Controllers\Auth.php(40): CodeIgniter\Controller->validate(Array)
#4 G:\xampp\htdocs\UBS\pime_somali\system\CodeIgniter.php(918): App\Controllers\Auth->login()
#5 G:\xampp\htdocs\UBS\pime_somali\system\CodeIgniter.php(404): CodeIgniter\CodeIgniter->runController(Object(App\Controllers\Auth))
#6 G:\xampp\htdocs\UBS\pime_somali\system\CodeIgniter.php(312): CodeIgniter\CodeIgniter->handleRequest(NULL, Object(Config\Cache), false)
#7 G:\xampp\htdocs\UBS\pime_somali\public\index.php(45): CodeIgniter\CodeIgniter->run()
#8 {main}
CRITICAL - 2021-01-11 04:31:16 --> required|trim|required|xss_clean] is not a valid rule.
#0 G:\xampp\htdocs\UBS\pime_somali\system\Validation\Validation.php(333): CodeIgniter\Validation\Exceptions\ValidationException::forRuleNotFound('required|trim|r...')
#1 G:\xampp\htdocs\UBS\pime_somali\system\Validation\Validation.php(189): CodeIgniter\Validation\Validation->processRules('login', 'login', NULL, Array, Array)
#2 G:\xampp\htdocs\UBS\pime_somali\system\Controller.php(219): CodeIgniter\Validation\Validation->run()
#3 G:\xampp\htdocs\UBS\pime_somali\app\Controllers\Auth.php(41): CodeIgniter\Controller->validate(Array)
#4 G:\xampp\htdocs\UBS\pime_somali\system\CodeIgniter.php(918): App\Controllers\Auth->login()
#5 G:\xampp\htdocs\UBS\pime_somali\system\CodeIgniter.php(404): CodeIgniter\CodeIgniter->runController(Object(App\Controllers\Auth))
#6 G:\xampp\htdocs\UBS\pime_somali\system\CodeIgniter.php(312): CodeIgniter\CodeIgniter->handleRequest(NULL, Object(Config\Cache), false)
#7 G:\xampp\htdocs\UBS\pime_somali\public\index.php(45): CodeIgniter\CodeIgniter->run()
#8 {main}
CRITICAL - 2021-01-11 04:31:17 --> required|trim|required|xss_clean] is not a valid rule.
#0 G:\xampp\htdocs\UBS\pime_somali\system\Validation\Validation.php(333): CodeIgniter\Validation\Exceptions\ValidationException::forRuleNotFound('required|trim|r...')
#1 G:\xampp\htdocs\UBS\pime_somali\system\Validation\Validation.php(189): CodeIgniter\Validation\Validation->processRules('login', 'login', NULL, Array, Array)
#2 G:\xampp\htdocs\UBS\pime_somali\system\Controller.php(219): CodeIgniter\Validation\Validation->run()
#3 G:\xampp\htdocs\UBS\pime_somali\app\Controllers\Auth.php(41): CodeIgniter\Controller->validate(Array)
#4 G:\xampp\htdocs\UBS\pime_somali\system\CodeIgniter.php(918): App\Controllers\Auth->login()
#5 G:\xampp\htdocs\UBS\pime_somali\system\CodeIgniter.php(404): CodeIgniter\CodeIgniter->runController(Object(App\Controllers\Auth))
#6 G:\xampp\htdocs\UBS\pime_somali\system\CodeIgniter.php(312): CodeIgniter\CodeIgniter->handleRequest(NULL, Object(Config\Cache), false)
#7 G:\xampp\htdocs\UBS\pime_somali\public\index.php(45): CodeIgniter\CodeIgniter->run()
#8 {main}
CRITICAL - 2021-01-11 04:32:13 --> syntax error, unexpected 'AND' (T_LOGICAL_AND)
#0 G:\xampp\htdocs\UBS\pime_somali\system\Router\Router.php(195): CodeIgniter\Router\Router->autoRoute('auth/login')
#1 G:\xampp\htdocs\UBS\pime_somali\system\CodeIgniter.php(793): CodeIgniter\Router\Router->handle('auth/login')
#2 G:\xampp\htdocs\UBS\pime_somali\system\CodeIgniter.php(364): CodeIgniter\CodeIgniter->tryToRouteIt(Object(CodeIgniter\Router\RouteCollection))
#3 G:\xampp\htdocs\UBS\pime_somali\system\CodeIgniter.php(312): CodeIgniter\CodeIgniter->handleRequest(NULL, Object(Config\Cache), false)
#4 G:\xampp\htdocs\UBS\pime_somali\public\index.php(45): CodeIgniter\CodeIgniter->run()
#5 {main}
CRITICAL - 2021-01-11 04:32:48 --> required|trim|required|xss_clean] is not a valid rule.
#0 G:\xampp\htdocs\UBS\pime_somali\system\Validation\Validation.php(333): CodeIgniter\Validation\Exceptions\ValidationException::forRuleNotFound('required|trim|r...')
#1 G:\xampp\htdocs\UBS\pime_somali\system\Validation\Validation.php(189): CodeIgniter\Validation\Validation->processRules('login', 'login', NULL, Array, Array)
#2 G:\xampp\htdocs\UBS\pime_somali\system\Controller.php(219): CodeIgniter\Validation\Validation->run()
#3 G:\xampp\htdocs\UBS\pime_somali\app\Controllers\Auth.php(41): CodeIgniter\Controller->validate(Array)
#4 G:\xampp\htdocs\UBS\pime_somali\system\CodeIgniter.php(918): App\Controllers\Auth->login()
#5 G:\xampp\htdocs\UBS\pime_somali\system\CodeIgniter.php(404): CodeIgniter\CodeIgniter->runController(Object(App\Controllers\Auth))
#6 G:\xampp\htdocs\UBS\pime_somali\system\CodeIgniter.php(312): CodeIgniter\CodeIgniter->handleRequest(NULL, Object(Config\Cache), false)
#7 G:\xampp\htdocs\UBS\pime_somali\public\index.php(45): CodeIgniter\CodeIgniter->run()
#8 {main}
CRITICAL - 2021-01-11 04:33:42 --> required|trim|required|xss_clean] is not a valid rule.
#0 G:\xampp\htdocs\UBS\pime_somali\system\Validation\Validation.php(333): CodeIgniter\Validation\Exceptions\ValidationException::forRuleNotFound('required|trim|r...')
#1 G:\xampp\htdocs\UBS\pime_somali\system\Validation\Validation.php(189): CodeIgniter\Validation\Validation->processRules('login', 'login', NULL, Array, Array)
#2 G:\xampp\htdocs\UBS\pime_somali\system\Controller.php(219): CodeIgniter\Validation\Validation->run()
#3 G:\xampp\htdocs\UBS\pime_somali\app\Controllers\Auth.php(41): CodeIgniter\Controller->validate(Array)
#4 G:\xampp\htdocs\UBS\pime_somali\system\CodeIgniter.php(918): App\Controllers\Auth->login()
#5 G:\xampp\htdocs\UBS\pime_somali\system\CodeIgniter.php(404): CodeIgniter\CodeIgniter->runController(Object(App\Controllers\Auth))
#6 G:\xampp\htdocs\UBS\pime_somali\system\CodeIgniter.php(312): CodeIgniter\CodeIgniter->handleRequest(NULL, Object(Config\Cache), false)
#7 G:\xampp\htdocs\UBS\pime_somali\public\index.php(45): CodeIgniter\CodeIgniter->run()
#8 {main}
CRITICAL - 2021-01-11 04:34:11 --> Undefined property: App\Controllers\Auth::$input
#0 G:\xampp\htdocs\UBS\pime_somali\app\Controllers\Auth.php(47): CodeIgniter\Debug\Exceptions->errorHandler(8, 'Undefined prope...', 'G:\\xampp\\htdocs...', 47, Array)
#1 G:\xampp\htdocs\UBS\pime_somali\system\CodeIgniter.php(918): App\Controllers\Auth->login()
#2 G:\xampp\htdocs\UBS\pime_somali\system\CodeIgniter.php(404): CodeIgniter\CodeIgniter->runController(Object(App\Controllers\Auth))
#3 G:\xampp\htdocs\UBS\pime_somali\system\CodeIgniter.php(312): CodeIgniter\CodeIgniter->handleRequest(NULL, Object(Config\Cache), false)
#4 G:\xampp\htdocs\UBS\pime_somali\public\index.php(45): CodeIgniter\CodeIgniter->run()
#5 {main}
CRITICAL - 2021-01-11 04:54:55 --> Undefined variable: Tank_auth_lib
#0 G:\xampp\htdocs\UBS\pime_somali\app\Controllers\Auth.php(30): CodeIgniter\Debug\Exceptions->errorHandler(8, 'Undefined varia...', 'G:\\xampp\\htdocs...', 30, Array)
#1 G:\xampp\htdocs\UBS\pime_somali\system\CodeIgniter.php(918): App\Controllers\Auth->login()
#2 G:\xampp\htdocs\UBS\pime_somali\system\CodeIgniter.php(404): CodeIgniter\CodeIgniter->runController(Object(App\Controllers\Auth))
#3 G:\xampp\htdocs\UBS\pime_somali\system\CodeIgniter.php(312): CodeIgniter\CodeIgniter->handleRequest(NULL, Object(Config\Cache), false)
#4 G:\xampp\htdocs\UBS\pime_somali\public\index.php(45): CodeIgniter\CodeIgniter->run()
#5 {main}
CRITICAL - 2021-01-11 05:06:11 --> Undefined variable: tank
#0 G:\xampp\htdocs\UBS\pime_somali\app\Controllers\Auth.php(52): CodeIgniter\Debug\Exceptions->errorHandler(8, 'Undefined varia...', 'G:\\xampp\\htdocs...', 52, Array)
#1 G:\xampp\htdocs\UBS\pime_somali\system\CodeIgniter.php(918): App\Controllers\Auth->login()
#2 G:\xampp\htdocs\UBS\pime_somali\system\CodeIgniter.php(404): CodeIgniter\CodeIgniter->runController(Object(App\Controllers\Auth))
#3 G:\xampp\htdocs\UBS\pime_somali\system\CodeIgniter.php(312): CodeIgniter\CodeIgniter->handleRequest(NULL, Object(Config\Cache), false)
#4 G:\xampp\htdocs\UBS\pime_somali\public\index.php(45): CodeIgniter\CodeIgniter->run()
#5 {main}
CRITICAL - 2021-01-11 05:06:13 --> Undefined variable: tank
#0 G:\xampp\htdocs\UBS\pime_somali\app\Controllers\Auth.php(52): CodeIgniter\Debug\Exceptions->errorHandler(8, 'Undefined varia...', 'G:\\xampp\\htdocs...', 52, Array)
#1 G:\xampp\htdocs\UBS\pime_somali\system\CodeIgniter.php(918): App\Controllers\Auth->login()
#2 G:\xampp\htdocs\UBS\pime_somali\system\CodeIgniter.php(404): CodeIgniter\CodeIgniter->runController(Object(App\Controllers\Auth))
#3 G:\xampp\htdocs\UBS\pime_somali\system\CodeIgniter.php(312): CodeIgniter\CodeIgniter->handleRequest(NULL, Object(Config\Cache), false)
#4 G:\xampp\htdocs\UBS\pime_somali\public\index.php(45): CodeIgniter\CodeIgniter->run()
#5 {main}
CRITICAL - 2021-01-11 05:17:09 --> Undefined property: App\Controllers\Auth::$tank_auth
#0 G:\xampp\htdocs\UBS\pime_somali\app\Controllers\Auth.php(52): CodeIgniter\Debug\Exceptions->errorHandler(8, 'Undefined prope...', 'G:\\xampp\\htdocs...', 52, Array)
#1 G:\xampp\htdocs\UBS\pime_somali\system\CodeIgniter.php(918): App\Controllers\Auth->login()
#2 G:\xampp\htdocs\UBS\pime_somali\system\CodeIgniter.php(404): CodeIgniter\CodeIgniter->runController(Object(App\Controllers\Auth))
#3 G:\xampp\htdocs\UBS\pime_somali\system\CodeIgniter.php(312): CodeIgniter\CodeIgniter->handleRequest(NULL, Object(Config\Cache), false)
#4 G:\xampp\htdocs\UBS\pime_somali\public\index.php(45): CodeIgniter\CodeIgniter->run()
#5 {main}
CRITICAL - 2021-01-11 05:20:12 --> Undefined property: App\Controllers\Auth::$tank_auth
#0 G:\xampp\htdocs\UBS\pime_somali\app\Controllers\Auth.php(52): CodeIgniter\Debug\Exceptions->errorHandler(8, 'Undefined prope...', 'G:\\xampp\\htdocs...', 52, Array)
#1 G:\xampp\htdocs\UBS\pime_somali\system\CodeIgniter.php(918): App\Controllers\Auth->login()
#2 G:\xampp\htdocs\UBS\pime_somali\system\CodeIgniter.php(404): CodeIgniter\CodeIgniter->runController(Object(App\Controllers\Auth))
#3 G:\xampp\htdocs\UBS\pime_somali\system\CodeIgniter.php(312): CodeIgniter\CodeIgniter->handleRequest(NULL, Object(Config\Cache), false)
#4 G:\xampp\htdocs\UBS\pime_somali\public\index.php(45): CodeIgniter\CodeIgniter->run()
#5 {main}
CRITICAL - 2021-01-11 05:35:19 --> Undefined property: App\Controllers\Auth::$tank_auth
#0 G:\xampp\htdocs\UBS\pime_somali\app\Controllers\Auth.php(35): CodeIgniter\Debug\Exceptions->errorHandler(8, 'Undefined prope...', 'G:\\xampp\\htdocs...', 35, Array)
#1 G:\xampp\htdocs\UBS\pime_somali\system\CodeIgniter.php(918): App\Controllers\Auth->login()
#2 G:\xampp\htdocs\UBS\pime_somali\system\CodeIgniter.php(404): CodeIgniter\CodeIgniter->runController(Object(App\Controllers\Auth))
#3 G:\xampp\htdocs\UBS\pime_somali\system\CodeIgniter.php(312): CodeIgniter\CodeIgniter->handleRequest(NULL, Object(Config\Cache), false)
#4 G:\xampp\htdocs\UBS\pime_somali\public\index.php(45): CodeIgniter\CodeIgniter->run()
#5 {main}
CRITICAL - 2021-01-11 05:41:36 --> CodeIgniter\Autoloader\Autoloader::main(): Failed opening required 'phpass-0.1/PasswordHash.php' (include_path='G:\xampp\php\PEAR')
#0 [internal function]: CodeIgniter\Debug\Exceptions->shutdownHandler()
#1 {main}
CRITICAL - 2021-01-11 05:43:22 --> Methods with the same name as their class will not be constructors in a future version of PHP; PasswordHash has a deprecated constructor
#0 G:\xampp\htdocs\UBS\pime_somali\app\Libraries\Tank_auth.php(3): CodeIgniter\Debug\Exceptions->errorHandler(8192, 'Methods with th...', 'G:\\xampp\\htdocs...', 27, Array)
#1 G:\xampp\htdocs\UBS\pime_somali\app\Libraries\Tank_auth.php(3): require_once()
#2 G:\xampp\htdocs\UBS\pime_somali\system\Autoloader\Autoloader.php(365): require_once('G:\\xampp\\htdocs...')
#3 G:\xampp\htdocs\UBS\pime_somali\system\Autoloader\Autoloader.php(296): CodeIgniter\Autoloader\Autoloader->requireFile('G:\\xampp\\htdocs...')
#4 G:\xampp\htdocs\UBS\pime_somali\system\Autoloader\Autoloader.php(258): CodeIgniter\Autoloader\Autoloader->loadInNamespace('App\\Libraries\\T...')
#5 [internal function]: CodeIgniter\Autoloader\Autoloader->loadClass('App\\Libraries\\T...')
#6 G:\xampp\htdocs\UBS\pime_somali\app\Controllers\Auth.php(41): spl_autoload_call('App\\Libraries\\T...')
#7 G:\xampp\htdocs\UBS\pime_somali\system\CodeIgniter.php(890): App\Controllers\Auth->__construct()
#8 G:\xampp\htdocs\UBS\pime_somali\system\CodeIgniter.php(399): CodeIgniter\CodeIgniter->createController()
#9 G:\xampp\htdocs\UBS\pime_somali\system\CodeIgniter.php(312): CodeIgniter\CodeIgniter->handleRequest(NULL, Object(Config\Cache), false)
#10 G:\xampp\htdocs\UBS\pime_somali\public\index.php(45): CodeIgniter\CodeIgniter->run()
#11 {main}
CRITICAL - 2021-01-11 05:44:54 --> Call to undefined function App\Libraries\get_instance()
#0 G:\xampp\htdocs\UBS\pime_somali\app\Controllers\Auth.php(41): App\Libraries\Tank_auth->__construct()
#1 G:\xampp\htdocs\UBS\pime_somali\system\CodeIgniter.php(890): App\Controllers\Auth->__construct()
#2 G:\xampp\htdocs\UBS\pime_somali\system\CodeIgniter.php(399): CodeIgniter\CodeIgniter->createController()
#3 G:\xampp\htdocs\UBS\pime_somali\system\CodeIgniter.php(312): CodeIgniter\CodeIgniter->handleRequest(NULL, Object(Config\Cache), false)
#4 G:\xampp\htdocs\UBS\pime_somali\public\index.php(45): CodeIgniter\CodeIgniter->run()
#5 {main}
CRITICAL - 2021-01-11 05:45:01 --> Call to undefined function App\Libraries\get_instance()
#0 G:\xampp\htdocs\UBS\pime_somali\app\Controllers\Auth.php(41): App\Libraries\Tank_auth->__construct()
#1 G:\xampp\htdocs\UBS\pime_somali\system\CodeIgniter.php(890): App\Controllers\Auth->__construct()
#2 G:\xampp\htdocs\UBS\pime_somali\system\CodeIgniter.php(399): CodeIgniter\CodeIgniter->createController()
#3 G:\xampp\htdocs\UBS\pime_somali\system\CodeIgniter.php(312): CodeIgniter\CodeIgniter->handleRequest(NULL, Object(Config\Cache), false)
#4 G:\xampp\htdocs\UBS\pime_somali\public\index.php(45): CodeIgniter\CodeIgniter->run()
#5 {main}
CRITICAL - 2021-01-11 23:04:11 --> Class 'App\Models\tank_auth' not found
#0 G:\xampp\htdocs\UBS\pime_somali\app\Controllers\Auth.php(41): App\Libraries\Tank_auth->__construct()
#1 G:\xampp\htdocs\UBS\pime_somali\system\CodeIgniter.php(890): App\Controllers\Auth->__construct()
#2 G:\xampp\htdocs\UBS\pime_somali\system\CodeIgniter.php(399): CodeIgniter\CodeIgniter->createController()
#3 G:\xampp\htdocs\UBS\pime_somali\system\CodeIgniter.php(312): CodeIgniter\CodeIgniter->handleRequest(NULL, Object(Config\Cache), false)
#4 G:\xampp\htdocs\UBS\pime_somali\public\index.php(45): CodeIgniter\CodeIgniter->run()
#5 {main}
CRITICAL - 2021-01-11 23:04:49 --> Class 'App\Models\tank_auth' not found
#0 G:\xampp\htdocs\UBS\pime_somali\app\Controllers\Auth.php(41): App\Libraries\Tank_auth->__construct()
#1 G:\xampp\htdocs\UBS\pime_somali\system\CodeIgniter.php(890): App\Controllers\Auth->__construct()
#2 G:\xampp\htdocs\UBS\pime_somali\system\CodeIgniter.php(399): CodeIgniter\CodeIgniter->createController()
#3 G:\xampp\htdocs\UBS\pime_somali\system\CodeIgniter.php(312): CodeIgniter\CodeIgniter->handleRequest(NULL, Object(Config\Cache), false)
#4 G:\xampp\htdocs\UBS\pime_somali\public\index.php(45): CodeIgniter\CodeIgniter->run()
#5 {main}
CRITICAL - 2021-01-11 23:04:50 --> Class 'App\Models\tank_auth' not found
#0 G:\xampp\htdocs\UBS\pime_somali\app\Controllers\Auth.php(41): App\Libraries\Tank_auth->__construct()
#1 G:\xampp\htdocs\UBS\pime_somali\system\CodeIgniter.php(890): App\Controllers\Auth->__construct()
#2 G:\xampp\htdocs\UBS\pime_somali\system\CodeIgniter.php(399): CodeIgniter\CodeIgniter->createController()
#3 G:\xampp\htdocs\UBS\pime_somali\system\CodeIgniter.php(312): CodeIgniter\CodeIgniter->handleRequest(NULL, Object(Config\Cache), false)
#4 G:\xampp\htdocs\UBS\pime_somali\public\index.php(45): CodeIgniter\CodeIgniter->run()
#5 {main}
CRITICAL - 2021-01-11 23:04:51 --> Class 'App\Models\tank_auth' not found
#0 G:\xampp\htdocs\UBS\pime_somali\app\Controllers\Auth.php(41): App\Libraries\Tank_auth->__construct()
#1 G:\xampp\htdocs\UBS\pime_somali\system\CodeIgniter.php(890): App\Controllers\Auth->__construct()
#2 G:\xampp\htdocs\UBS\pime_somali\system\CodeIgniter.php(399): CodeIgniter\CodeIgniter->createController()
#3 G:\xampp\htdocs\UBS\pime_somali\system\CodeIgniter.php(312): CodeIgniter\CodeIgniter->handleRequest(NULL, Object(Config\Cache), false)
#4 G:\xampp\htdocs\UBS\pime_somali\public\index.php(45): CodeIgniter\CodeIgniter->run()
#5 {main}
CRITICAL - 2021-01-11 23:04:51 --> Class 'App\Models\tank_auth' not found
#0 G:\xampp\htdocs\UBS\pime_somali\app\Controllers\Auth.php(41): App\Libraries\Tank_auth->__construct()
#1 G:\xampp\htdocs\UBS\pime_somali\system\CodeIgniter.php(890): App\Controllers\Auth->__construct()
#2 G:\xampp\htdocs\UBS\pime_somali\system\CodeIgniter.php(399): CodeIgniter\CodeIgniter->createController()
#3 G:\xampp\htdocs\UBS\pime_somali\system\CodeIgniter.php(312): CodeIgniter\CodeIgniter->handleRequest(NULL, Object(Config\Cache), false)
#4 G:\xampp\htdocs\UBS\pime_somali\public\index.php(45): CodeIgniter\CodeIgniter->run()
#5 {main}
CRITICAL - 2021-01-11 23:04:51 --> Class 'App\Models\tank_auth' not found
#0 G:\xampp\htdocs\UBS\pime_somali\app\Controllers\Auth.php(41): App\Libraries\Tank_auth->__construct()
#1 G:\xampp\htdocs\UBS\pime_somali\system\CodeIgniter.php(890): App\Controllers\Auth->__construct()
#2 G:\xampp\htdocs\UBS\pime_somali\system\CodeIgniter.php(399): CodeIgniter\CodeIgniter->createController()
#3 G:\xampp\htdocs\UBS\pime_somali\system\CodeIgniter.php(312): CodeIgniter\CodeIgniter->handleRequest(NULL, Object(Config\Cache), false)
#4 G:\xampp\htdocs\UBS\pime_somali\public\index.php(45): CodeIgniter\CodeIgniter->run()
#5 {main}
CRITICAL - 2021-01-11 23:04:52 --> Class 'App\Models\tank_auth' not found
#0 G:\xampp\htdocs\UBS\pime_somali\app\Controllers\Auth.php(41): App\Libraries\Tank_auth->__construct()
#1 G:\xampp\htdocs\UBS\pime_somali\system\CodeIgniter.php(890): App\Controllers\Auth->__construct()
#2 G:\xampp\htdocs\UBS\pime_somali\system\CodeIgniter.php(399): CodeIgniter\CodeIgniter->createController()
#3 G:\xampp\htdocs\UBS\pime_somali\system\CodeIgniter.php(312): CodeIgniter\CodeIgniter->handleRequest(NULL, Object(Config\Cache), false)
#4 G:\xampp\htdocs\UBS\pime_somali\public\index.php(45): CodeIgniter\CodeIgniter->run()
#5 {main}
CRITICAL - 2021-01-11 23:04:52 --> Class 'App\Models\tank_auth' not found
#0 G:\xampp\htdocs\UBS\pime_somali\app\Controllers\Auth.php(41): App\Libraries\Tank_auth->__construct()
#1 G:\xampp\htdocs\UBS\pime_somali\system\CodeIgniter.php(890): App\Controllers\Auth->__construct()
#2 G:\xampp\htdocs\UBS\pime_somali\system\CodeIgniter.php(399): CodeIgniter\CodeIgniter->createController()
#3 G:\xampp\htdocs\UBS\pime_somali\system\CodeIgniter.php(312): CodeIgniter\CodeIgniter->handleRequest(NULL, Object(Config\Cache), false)
#4 G:\xampp\htdocs\UBS\pime_somali\public\index.php(45): CodeIgniter\CodeIgniter->run()
#5 {main}
CRITICAL - 2021-01-11 23:04:53 --> Class 'App\Models\tank_auth' not found
#0 G:\xampp\htdocs\UBS\pime_somali\app\Controllers\Auth.php(41): App\Libraries\Tank_auth->__construct()
#1 G:\xampp\htdocs\UBS\pime_somali\system\CodeIgniter.php(890): App\Controllers\Auth->__construct()
#2 G:\xampp\htdocs\UBS\pime_somali\system\CodeIgniter.php(399): CodeIgniter\CodeIgniter->createController()
#3 G:\xampp\htdocs\UBS\pime_somali\system\CodeIgniter.php(312): CodeIgniter\CodeIgniter->handleRequest(NULL, Object(Config\Cache), false)
#4 G:\xampp\htdocs\UBS\pime_somali\public\index.php(45): CodeIgniter\CodeIgniter->run()
#5 {main}
CRITICAL - 2021-01-11 23:04:53 --> Class 'App\Models\tank_auth' not found
#0 G:\xampp\htdocs\UBS\pime_somali\app\Controllers\Auth.php(41): App\Libraries\Tank_auth->__construct()
#1 G:\xampp\htdocs\UBS\pime_somali\system\CodeIgniter.php(890): App\Controllers\Auth->__construct()
#2 G:\xampp\htdocs\UBS\pime_somali\system\CodeIgniter.php(399): CodeIgniter\CodeIgniter->createController()
#3 G:\xampp\htdocs\UBS\pime_somali\system\CodeIgniter.php(312): CodeIgniter\CodeIgniter->handleRequest(NULL, Object(Config\Cache), false)
#4 G:\xampp\htdocs\UBS\pime_somali\public\index.php(45): CodeIgniter\CodeIgniter->run()
#5 {main}
CRITICAL - 2021-01-11 23:04:54 --> Class 'App\Models\tank_auth' not found
#0 G:\xampp\htdocs\UBS\pime_somali\app\Controllers\Auth.php(41): App\Libraries\Tank_auth->__construct()
#1 G:\xampp\htdocs\UBS\pime_somali\system\CodeIgniter.php(890): App\Controllers\Auth->__construct()
#2 G:\xampp\htdocs\UBS\pime_somali\system\CodeIgniter.php(399): CodeIgniter\CodeIgniter->createController()
#3 G:\xampp\htdocs\UBS\pime_somali\system\CodeIgniter.php(312): CodeIgniter\CodeIgniter->handleRequest(NULL, Object(Config\Cache), false)
#4 G:\xampp\htdocs\UBS\pime_somali\public\index.php(45): CodeIgniter\CodeIgniter->run()
#5 {main}
CRITICAL - 2021-01-11 23:05:11 --> Class 'App\Models\tank_auth' not found
#0 G:\xampp\htdocs\UBS\pime_somali\app\Controllers\Auth.php(41): App\Libraries\Tank_auth->__construct()
#1 G:\xampp\htdocs\UBS\pime_somali\system\CodeIgniter.php(890): App\Controllers\Auth->__construct()
#2 G:\xampp\htdocs\UBS\pime_somali\system\CodeIgniter.php(399): CodeIgniter\CodeIgniter->createController()
#3 G:\xampp\htdocs\UBS\pime_somali\system\CodeIgniter.php(312): CodeIgniter\CodeIgniter->handleRequest(NULL, Object(Config\Cache), false)
#4 G:\xampp\htdocs\UBS\pime_somali\public\index.php(45): CodeIgniter\CodeIgniter->run()
#5 {main}
CRITICAL - 2021-01-11 23:05:44 --> Class 'CI_Model' not found
#0 [internal function]: CodeIgniter\Debug\Exceptions->shutdownHandler()
#1 {main}
CRITICAL - 2021-01-11 23:08:12 --> Class 'App\Models\tank_auth\users' not found
#0 G:\xampp\htdocs\UBS\pime_somali\app\Controllers\Auth.php(41): App\Libraries\Tank_auth->__construct()
#1 G:\xampp\htdocs\UBS\pime_somali\system\CodeIgniter.php(890): App\Controllers\Auth->__construct()
#2 G:\xampp\htdocs\UBS\pime_somali\system\CodeIgniter.php(399): CodeIgniter\CodeIgniter->createController()
#3 G:\xampp\htdocs\UBS\pime_somali\system\CodeIgniter.php(312): CodeIgniter\CodeIgniter->handleRequest(NULL, Object(Config\Cache), false)
#4 G:\xampp\htdocs\UBS\pime_somali\public\index.php(45): CodeIgniter\CodeIgniter->run()
#5 {main}
CRITICAL - 2021-01-11 23:08:40 --> Class 'App\Models\tank_auth\users' not found
#0 G:\xampp\htdocs\UBS\pime_somali\app\Controllers\Auth.php(41): App\Libraries\Tank_auth->__construct()
#1 G:\xampp\htdocs\UBS\pime_somali\system\CodeIgniter.php(890): App\Controllers\Auth->__construct()
#2 G:\xampp\htdocs\UBS\pime_somali\system\CodeIgniter.php(399): CodeIgniter\CodeIgniter->createController()
#3 G:\xampp\htdocs\UBS\pime_somali\system\CodeIgniter.php(312): CodeIgniter\CodeIgniter->handleRequest(NULL, Object(Config\Cache), false)
#4 G:\xampp\htdocs\UBS\pime_somali\public\index.php(45): CodeIgniter\CodeIgniter->run()
#5 {main}
CRITICAL - 2021-01-11 23:09:03 --> Class 'App\Models\tank_auth\users' not found
#0 G:\xampp\htdocs\UBS\pime_somali\app\Controllers\Auth.php(41): App\Libraries\Tank_auth->__construct()
#1 G:\xampp\htdocs\UBS\pime_somali\system\CodeIgniter.php(890): App\Controllers\Auth->__construct()
#2 G:\xampp\htdocs\UBS\pime_somali\system\CodeIgniter.php(399): CodeIgniter\CodeIgniter->createController()
#3 G:\xampp\htdocs\UBS\pime_somali\system\CodeIgniter.php(312): CodeIgniter\CodeIgniter->handleRequest(NULL, Object(Config\Cache), false)
#4 G:\xampp\htdocs\UBS\pime_somali\public\index.php(45): CodeIgniter\CodeIgniter->run()
#5 {main}
CRITICAL - 2021-01-11 23:09:59 --> Class 'App\Models\tank_auth\users' not found
#0 G:\xampp\htdocs\UBS\pime_somali\app\Controllers\Auth.php(41): App\Libraries\Tank_auth->__construct()
#1 G:\xampp\htdocs\UBS\pime_somali\system\CodeIgniter.php(890): App\Controllers\Auth->__construct()
#2 G:\xampp\htdocs\UBS\pime_somali\system\CodeIgniter.php(399): CodeIgniter\CodeIgniter->createController()
#3 G:\xampp\htdocs\UBS\pime_somali\system\CodeIgniter.php(312): CodeIgniter\CodeIgniter->handleRequest(NULL, Object(Config\Cache), false)
#4 G:\xampp\htdocs\UBS\pime_somali\public\index.php(45): CodeIgniter\CodeIgniter->run()
#5 {main}
