CRITICAL - 2021-07-21 00:53:58 --> syntax error, unexpected '?>'
#0 E:\www\FAWE\system\Common.php(1119): CodeIgniter\View\View->render('office/reportin...', Array, true)
#1 E:\www\FAWE\app\Views\template\index.php(14): view('office/reportin...')
#2 E:\www\FAWE\system\View\View.php(246): include('E:\\www\\FAWE\\ap...')
#3 E:\www\FAWE\system\Common.php(1119): CodeIgniter\View\View->render('template/index', Array, true)
#4 E:\www\FAWE\app\Controllers\Reporting\Organizational_data\Cases_database.php(409): view('template/index', Array)
#5 E:\www\FAWE\system\CodeIgniter.php(918): App\Controllers\Reporting\Organizational_data\Cases_database->edit('3')
#6 E:\www\FAWE\system\CodeIgniter.php(404): CodeIgniter\CodeIgniter->runController(Object(App\Controllers\Reporting\Organizational_data\Cases_database))
#7 E:\www\FAWE\system\CodeIgniter.php(312): CodeIgniter\CodeIgniter->handleRequest(NULL, Object(Config\Cache), false)
#8 E:\www\FAWE\index.php(45): CodeIgniter\CodeIgniter->run()
#9 {main}
CRITICAL - 2021-07-21 00:53:58 --> syntax error, unexpected '?>'
#0 E:\www\FAWE\system\Common.php(1119): CodeIgniter\View\View->render('office/reportin...', Array, true)
#1 E:\www\FAWE\app\Views\template\index.php(14): view('office/reportin...')
#2 E:\www\FAWE\system\View\View.php(246): include('E:\\www\\FAWE\\ap...')
#3 E:\www\FAWE\system\Common.php(1119): CodeIgniter\View\View->render('template/index', Array, true)
#4 E:\www\FAWE\app\Controllers\Reporting\Organizational_data\Cases_database.php(409): view('template/index', Array)
#5 E:\www\FAWE\system\CodeIgniter.php(918): App\Controllers\Reporting\Organizational_data\Cases_database->edit('3')
#6 E:\www\FAWE\system\CodeIgniter.php(404): CodeIgniter\CodeIgniter->runController(Object(App\Controllers\Reporting\Organizational_data\Cases_database))
#7 E:\www\FAWE\system\CodeIgniter.php(312): CodeIgniter\CodeIgniter->handleRequest(NULL, Object(Config\Cache), false)
#8 E:\www\FAWE\index.php(45): CodeIgniter\CodeIgniter->run()
#9 {main}
CRITICAL - 2021-07-21 01:05:02 --> Undefined index: start_date
#0 E:\www\FAWE\app\Views\office\reporting\organizational_data\cases_database\edit.php(102): CodeIgniter\Debug\Exceptions->errorHandler(8, 'Undefined index...', 'E:\\www\\FAWE\\ap...', 102, Array)
#1 E:\www\FAWE\system\View\View.php(246): include('E:\\www\\FAWE\\ap...')
#2 E:\www\FAWE\system\Common.php(1119): CodeIgniter\View\View->render('office/reportin...', Array, true)
#3 E:\www\FAWE\app\Views\template\index.php(14): view('office/reportin...')
#4 E:\www\FAWE\system\View\View.php(246): include('E:\\www\\FAWE\\ap...')
#5 E:\www\FAWE\system\Common.php(1119): CodeIgniter\View\View->render('template/index', Array, true)
#6 E:\www\FAWE\app\Controllers\Reporting\Organizational_data\Cases_database.php(409): view('template/index', Array)
#7 E:\www\FAWE\system\CodeIgniter.php(918): App\Controllers\Reporting\Organizational_data\Cases_database->edit('3')
#8 E:\www\FAWE\system\CodeIgniter.php(404): CodeIgniter\CodeIgniter->runController(Object(App\Controllers\Reporting\Organizational_data\Cases_database))
#9 E:\www\FAWE\system\CodeIgniter.php(312): CodeIgniter\CodeIgniter->handleRequest(NULL, Object(Config\Cache), false)
#10 E:\www\FAWE\index.php(45): CodeIgniter\CodeIgniter->run()
#11 {main}
CRITICAL - 2021-07-21 01:05:02 --> Undefined index: start_date
#0 E:\www\FAWE\app\Views\office\reporting\organizational_data\cases_database\edit.php(102): CodeIgniter\Debug\Exceptions->errorHandler(8, 'Undefined index...', 'E:\\www\\FAWE\\ap...', 102, Array)
#1 E:\www\FAWE\system\View\View.php(246): include('E:\\www\\FAWE\\ap...')
#2 E:\www\FAWE\system\Common.php(1119): CodeIgniter\View\View->render('office/reportin...', Array, true)
#3 E:\www\FAWE\app\Views\template\index.php(14): view('office/reportin...')
#4 E:\www\FAWE\system\View\View.php(246): include('E:\\www\\FAWE\\ap...')
#5 E:\www\FAWE\system\Common.php(1119): CodeIgniter\View\View->render('template/index', Array, true)
#6 E:\www\FAWE\app\Controllers\Reporting\Organizational_data\Cases_database.php(409): view('template/index', Array)
#7 E:\www\FAWE\system\CodeIgniter.php(918): App\Controllers\Reporting\Organizational_data\Cases_database->edit('3')
#8 E:\www\FAWE\system\CodeIgniter.php(404): CodeIgniter\CodeIgniter->runController(Object(App\Controllers\Reporting\Organizational_data\Cases_database))
#9 E:\www\FAWE\system\CodeIgniter.php(312): CodeIgniter\CodeIgniter->handleRequest(NULL, Object(Config\Cache), false)
#10 E:\www\FAWE\index.php(45): CodeIgniter\CodeIgniter->run()
#11 {main}
CRITICAL - 2021-07-21 01:05:15 --> Undefined index: start_date
#0 E:\www\FAWE\app\Views\office\reporting\organizational_data\cases_database\edit.php(102): CodeIgniter\Debug\Exceptions->errorHandler(8, 'Undefined index...', 'E:\\www\\FAWE\\ap...', 102, Array)
#1 E:\www\FAWE\system\View\View.php(246): include('E:\\www\\FAWE\\ap...')
#2 E:\www\FAWE\system\Common.php(1119): CodeIgniter\View\View->render('office/reportin...', Array, true)
#3 E:\www\FAWE\app\Views\template\index.php(14): view('office/reportin...')
#4 E:\www\FAWE\system\View\View.php(246): include('E:\\www\\FAWE\\ap...')
#5 E:\www\FAWE\system\Common.php(1119): CodeIgniter\View\View->render('template/index', Array, true)
#6 E:\www\FAWE\app\Controllers\Reporting\Organizational_data\Cases_database.php(409): view('template/index', Array)
#7 E:\www\FAWE\system\CodeIgniter.php(918): App\Controllers\Reporting\Organizational_data\Cases_database->edit('3')
#8 E:\www\FAWE\system\CodeIgniter.php(404): CodeIgniter\CodeIgniter->runController(Object(App\Controllers\Reporting\Organizational_data\Cases_database))
#9 E:\www\FAWE\system\CodeIgniter.php(312): CodeIgniter\CodeIgniter->handleRequest(NULL, Object(Config\Cache), false)
#10 E:\www\FAWE\index.php(45): CodeIgniter\CodeIgniter->run()
#11 {main}
CRITICAL - 2021-07-21 01:05:15 --> Undefined index: start_date
#0 E:\www\FAWE\app\Views\office\reporting\organizational_data\cases_database\edit.php(102): CodeIgniter\Debug\Exceptions->errorHandler(8, 'Undefined index...', 'E:\\www\\FAWE\\ap...', 102, Array)
#1 E:\www\FAWE\system\View\View.php(246): include('E:\\www\\FAWE\\ap...')
#2 E:\www\FAWE\system\Common.php(1119): CodeIgniter\View\View->render('office/reportin...', Array, true)
#3 E:\www\FAWE\app\Views\template\index.php(14): view('office/reportin...')
#4 E:\www\FAWE\system\View\View.php(246): include('E:\\www\\FAWE\\ap...')
#5 E:\www\FAWE\system\Common.php(1119): CodeIgniter\View\View->render('template/index', Array, true)
#6 E:\www\FAWE\app\Controllers\Reporting\Organizational_data\Cases_database.php(409): view('template/index', Array)
#7 E:\www\FAWE\system\CodeIgniter.php(918): App\Controllers\Reporting\Organizational_data\Cases_database->edit('3')
#8 E:\www\FAWE\system\CodeIgniter.php(404): CodeIgniter\CodeIgniter->runController(Object(App\Controllers\Reporting\Organizational_data\Cases_database))
#9 E:\www\FAWE\system\CodeIgniter.php(312): CodeIgniter\CodeIgniter->handleRequest(NULL, Object(Config\Cache), false)
#10 E:\www\FAWE\index.php(45): CodeIgniter\CodeIgniter->run()
#11 {main}
CRITICAL - 2021-07-21 01:34:22 --> Undefined variable: project
#0 E:\www\FAWE\app\Views\office\system_reports\cases_report\cases_field_office\report.php(3): CodeIgniter\Debug\Exceptions->errorHandler(8, 'Undefined varia...', 'E:\\www\\FAWE\\ap...', 3, Array)
#1 E:\www\FAWE\app\Views\office\system_reports\cases_report\cases_field_office\list.php(139): include('E:\\www\\FAWE\\ap...')
#2 E:\www\FAWE\system\View\View.php(246): include('E:\\www\\FAWE\\ap...')
#3 E:\www\FAWE\system\Common.php(1119): CodeIgniter\View\View->render('office/system_r...', Array, true)
#4 E:\www\FAWE\app\Views\template\index.php(14): view('office/system_r...')
#5 E:\www\FAWE\system\View\View.php(246): include('E:\\www\\FAWE\\ap...')
#6 E:\www\FAWE\system\Common.php(1119): CodeIgniter\View\View->render('template/index', Array, true)
#7 E:\www\FAWE\app\Controllers\System_reports\Cases_field_office.php(73): view('template/index', Array)
#8 E:\www\FAWE\system\CodeIgniter.php(918): App\Controllers\system_reports\Cases_field_office->index()
#9 E:\www\FAWE\system\CodeIgniter.php(404): CodeIgniter\CodeIgniter->runController(Object(App\Controllers\system_reports\Cases_field_office))
#10 E:\www\FAWE\system\CodeIgniter.php(312): CodeIgniter\CodeIgniter->handleRequest(NULL, Object(Config\Cache), false)
#11 E:\www\FAWE\index.php(45): CodeIgniter\CodeIgniter->run()
#12 {main}
CRITICAL - 2021-07-21 01:34:56 --> Undefined variable: project
#0 E:\www\FAWE\app\Views\office\system_reports\cases_report\cases_field_office\report.php(3): CodeIgniter\Debug\Exceptions->errorHandler(8, 'Undefined varia...', 'E:\\www\\FAWE\\ap...', 3, Array)
#1 E:\www\FAWE\app\Views\office\system_reports\cases_report\cases_field_office\list.php(139): include('E:\\www\\FAWE\\ap...')
#2 E:\www\FAWE\system\View\View.php(246): include('E:\\www\\FAWE\\ap...')
#3 E:\www\FAWE\system\Common.php(1119): CodeIgniter\View\View->render('office/system_r...', Array, true)
#4 E:\www\FAWE\app\Views\template\index.php(14): view('office/system_r...')
#5 E:\www\FAWE\system\View\View.php(246): include('E:\\www\\FAWE\\ap...')
#6 E:\www\FAWE\system\Common.php(1119): CodeIgniter\View\View->render('template/index', Array, true)
#7 E:\www\FAWE\app\Controllers\System_reports\Cases_field_office.php(73): view('template/index', Array)
#8 E:\www\FAWE\system\CodeIgniter.php(918): App\Controllers\system_reports\Cases_field_office->index()
#9 E:\www\FAWE\system\CodeIgniter.php(404): CodeIgniter\CodeIgniter->runController(Object(App\Controllers\system_reports\Cases_field_office))
#10 E:\www\FAWE\system\CodeIgniter.php(312): CodeIgniter\CodeIgniter->handleRequest(NULL, Object(Config\Cache), false)
#11 E:\www\FAWE\index.php(45): CodeIgniter\CodeIgniter->run()
#12 {main}
CRITICAL - 2021-07-21 02:00:55 --> Undefined variable: project
#0 E:\www\FAWE\app\Views\office\system_reports\cases_report\cases_field_office\report.php(3): CodeIgniter\Debug\Exceptions->errorHandler(8, 'Undefined varia...', 'E:\\www\\FAWE\\ap...', 3, Array)
#1 E:\www\FAWE\app\Views\office\system_reports\cases_report\cases_field_office\list.php(139): include('E:\\www\\FAWE\\ap...')
#2 E:\www\FAWE\system\View\View.php(246): include('E:\\www\\FAWE\\ap...')
#3 E:\www\FAWE\system\Common.php(1119): CodeIgniter\View\View->render('office/system_r...', Array, true)
#4 E:\www\FAWE\app\Views\template\index.php(14): view('office/system_r...')
#5 E:\www\FAWE\system\View\View.php(246): include('E:\\www\\FAWE\\ap...')
#6 E:\www\FAWE\system\Common.php(1119): CodeIgniter\View\View->render('template/index', Array, true)
#7 E:\www\FAWE\app\Controllers\System_reports\Cases_field_office.php(73): view('template/index', Array)
#8 E:\www\FAWE\system\CodeIgniter.php(918): App\Controllers\system_reports\Cases_field_office->index()
#9 E:\www\FAWE\system\CodeIgniter.php(404): CodeIgniter\CodeIgniter->runController(Object(App\Controllers\system_reports\Cases_field_office))
#10 E:\www\FAWE\system\CodeIgniter.php(312): CodeIgniter\CodeIgniter->handleRequest(NULL, Object(Config\Cache), false)
#11 E:\www\FAWE\index.php(45): CodeIgniter\CodeIgniter->run()
#12 {main}
CRITICAL - 2021-07-21 02:07:17 --> Undefined property: stdClass::$project
#0 E:\www\FAWE\app\Views\office\system_reports\cases_report\cases_field_office\report.php(30): CodeIgniter\Debug\Exceptions->errorHandler(8, 'Undefined prope...', 'E:\\www\\FAWE\\ap...', 30, Array)
#1 E:\www\FAWE\app\Views\office\system_reports\cases_report\cases_field_office\list.php(139): include('E:\\www\\FAWE\\ap...')
#2 E:\www\FAWE\system\View\View.php(246): include('E:\\www\\FAWE\\ap...')
#3 E:\www\FAWE\system\Common.php(1119): CodeIgniter\View\View->render('office/system_r...', Array, true)
#4 E:\www\FAWE\app\Views\template\index.php(14): view('office/system_r...')
#5 E:\www\FAWE\system\View\View.php(246): include('E:\\www\\FAWE\\ap...')
#6 E:\www\FAWE\system\Common.php(1119): CodeIgniter\View\View->render('template/index', Array, true)
#7 E:\www\FAWE\app\Controllers\System_reports\Cases_field_office.php(73): view('template/index', Array)
#8 E:\www\FAWE\system\CodeIgniter.php(918): App\Controllers\system_reports\Cases_field_office->index()
#9 E:\www\FAWE\system\CodeIgniter.php(404): CodeIgniter\CodeIgniter->runController(Object(App\Controllers\system_reports\Cases_field_office))
#10 E:\www\FAWE\system\CodeIgniter.php(312): CodeIgniter\CodeIgniter->handleRequest(NULL, Object(Config\Cache), false)
#11 E:\www\FAWE\index.php(45): CodeIgniter\CodeIgniter->run()
#12 {main}
CRITICAL - 2021-07-21 02:08:34 --> Undefined variable: plan
#0 E:\www\FAWE\app\Views\office\system_reports\cases_report\cases_field_office\report.php(28): CodeIgniter\Debug\Exceptions->errorHandler(8, 'Undefined varia...', 'E:\\www\\FAWE\\ap...', 28, Array)
#1 E:\www\FAWE\app\Views\office\system_reports\cases_report\cases_field_office\list.php(139): include('E:\\www\\FAWE\\ap...')
#2 E:\www\FAWE\system\View\View.php(246): include('E:\\www\\FAWE\\ap...')
#3 E:\www\FAWE\system\Common.php(1119): CodeIgniter\View\View->render('office/system_r...', Array, true)
#4 E:\www\FAWE\app\Views\template\index.php(14): view('office/system_r...')
#5 E:\www\FAWE\system\View\View.php(246): include('E:\\www\\FAWE\\ap...')
#6 E:\www\FAWE\system\Common.php(1119): CodeIgniter\View\View->render('template/index', Array, true)
#7 E:\www\FAWE\app\Controllers\System_reports\Cases_field_office.php(73): view('template/index', Array)
#8 E:\www\FAWE\system\CodeIgniter.php(918): App\Controllers\system_reports\Cases_field_office->index()
#9 E:\www\FAWE\system\CodeIgniter.php(404): CodeIgniter\CodeIgniter->runController(Object(App\Controllers\system_reports\Cases_field_office))
#10 E:\www\FAWE\system\CodeIgniter.php(312): CodeIgniter\CodeIgniter->handleRequest(NULL, Object(Config\Cache), false)
#11 E:\www\FAWE\index.php(45): CodeIgniter\CodeIgniter->run()
#12 {main}
CRITICAL - 2021-07-21 02:09:12 --> Undefined variable: plan
#0 E:\www\FAWE\app\Views\office\system_reports\cases_report\cases_field_office\report.php(28): CodeIgniter\Debug\Exceptions->errorHandler(8, 'Undefined varia...', 'E:\\www\\FAWE\\ap...', 28, Array)
#1 E:\www\FAWE\app\Views\office\system_reports\cases_report\cases_field_office\list.php(139): include('E:\\www\\FAWE\\ap...')
#2 E:\www\FAWE\system\View\View.php(246): include('E:\\www\\FAWE\\ap...')
#3 E:\www\FAWE\system\Common.php(1119): CodeIgniter\View\View->render('office/system_r...', Array, true)
#4 E:\www\FAWE\app\Views\template\index.php(14): view('office/system_r...')
#5 E:\www\FAWE\system\View\View.php(246): include('E:\\www\\FAWE\\ap...')
#6 E:\www\FAWE\system\Common.php(1119): CodeIgniter\View\View->render('template/index', Array, true)
#7 E:\www\FAWE\app\Controllers\System_reports\Cases_field_office.php(73): view('template/index', Array)
#8 E:\www\FAWE\system\CodeIgniter.php(918): App\Controllers\system_reports\Cases_field_office->index()
#9 E:\www\FAWE\system\CodeIgniter.php(404): CodeIgniter\CodeIgniter->runController(Object(App\Controllers\system_reports\Cases_field_office))
#10 E:\www\FAWE\system\CodeIgniter.php(312): CodeIgniter\CodeIgniter->handleRequest(NULL, Object(Config\Cache), false)
#11 E:\www\FAWE\index.php(45): CodeIgniter\CodeIgniter->run()
#12 {main}
CRITICAL - 2021-07-21 05:55:29 --> Cannot use object of type stdClass as array
#0 E:\www\FAWE\app\Views\office\system_reports\cases_report\cases_field_office\list.php(156): include()
#1 E:\www\FAWE\system\View\View.php(246): include('E:\\www\\FAWE\\ap...')
#2 E:\www\FAWE\system\Common.php(1119): CodeIgniter\View\View->render('office/system_r...', Array, true)
#3 E:\www\FAWE\app\Views\template\index.php(14): view('office/system_r...')
#4 E:\www\FAWE\system\View\View.php(246): include('E:\\www\\FAWE\\ap...')
#5 E:\www\FAWE\system\Common.php(1119): CodeIgniter\View\View->render('template/index', Array, true)
#6 E:\www\FAWE\app\Controllers\System_reports\Cases_field_office.php(74): view('template/index', Array)
#7 E:\www\FAWE\system\CodeIgniter.php(918): App\Controllers\system_reports\Cases_field_office->index()
#8 E:\www\FAWE\system\CodeIgniter.php(404): CodeIgniter\CodeIgniter->runController(Object(App\Controllers\system_reports\Cases_field_office))
#9 E:\www\FAWE\system\CodeIgniter.php(312): CodeIgniter\CodeIgniter->handleRequest(NULL, Object(Config\Cache), false)
#10 E:\www\FAWE\index.php(45): CodeIgniter\CodeIgniter->run()
#11 {main}
CRITICAL - 2021-07-21 05:58:34 --> Trying to get property 'male' of non-object
#0 E:\www\FAWE\app\Views\office\system_reports\cases_report\cases_field_office\report.php(103): CodeIgniter\Debug\Exceptions->errorHandler(8, 'Trying to get p...', 'E:\\www\\FAWE\\ap...', 103, Array)
#1 E:\www\FAWE\app\Views\office\system_reports\cases_report\cases_field_office\list.php(156): include('E:\\www\\FAWE\\ap...')
#2 E:\www\FAWE\system\View\View.php(246): include('E:\\www\\FAWE\\ap...')
#3 E:\www\FAWE\system\Common.php(1119): CodeIgniter\View\View->render('office/system_r...', Array, true)
#4 E:\www\FAWE\app\Views\template\index.php(14): view('office/system_r...')
#5 E:\www\FAWE\system\View\View.php(246): include('E:\\www\\FAWE\\ap...')
#6 E:\www\FAWE\system\Common.php(1119): CodeIgniter\View\View->render('template/index', Array, true)
#7 E:\www\FAWE\app\Controllers\System_reports\Cases_field_office.php(74): view('template/index', Array)
#8 E:\www\FAWE\system\CodeIgniter.php(918): App\Controllers\system_reports\Cases_field_office->index()
#9 E:\www\FAWE\system\CodeIgniter.php(404): CodeIgniter\CodeIgniter->runController(Object(App\Controllers\system_reports\Cases_field_office))
#10 E:\www\FAWE\system\CodeIgniter.php(312): CodeIgniter\CodeIgniter->handleRequest(NULL, Object(Config\Cache), false)
#11 E:\www\FAWE\index.php(45): CodeIgniter\CodeIgniter->run()
#12 {main}
CRITICAL - 2021-07-21 06:00:15 --> Trying to get property 'male' of non-object
#0 E:\www\FAWE\app\Views\office\system_reports\cases_report\cases_field_office\report.php(103): CodeIgniter\Debug\Exceptions->errorHandler(8, 'Trying to get p...', 'E:\\www\\FAWE\\ap...', 103, Array)
#1 E:\www\FAWE\app\Views\office\system_reports\cases_report\cases_field_office\list.php(156): include('E:\\www\\FAWE\\ap...')
#2 E:\www\FAWE\system\View\View.php(246): include('E:\\www\\FAWE\\ap...')
#3 E:\www\FAWE\system\Common.php(1119): CodeIgniter\View\View->render('office/system_r...', Array, true)
#4 E:\www\FAWE\app\Views\template\index.php(14): view('office/system_r...')
#5 E:\www\FAWE\system\View\View.php(246): include('E:\\www\\FAWE\\ap...')
#6 E:\www\FAWE\system\Common.php(1119): CodeIgniter\View\View->render('template/index', Array, true)
#7 E:\www\FAWE\app\Controllers\System_reports\Cases_field_office.php(74): view('template/index', Array)
#8 E:\www\FAWE\system\CodeIgniter.php(918): App\Controllers\system_reports\Cases_field_office->index()
#9 E:\www\FAWE\system\CodeIgniter.php(404): CodeIgniter\CodeIgniter->runController(Object(App\Controllers\system_reports\Cases_field_office))
#10 E:\www\FAWE\system\CodeIgniter.php(312): CodeIgniter\CodeIgniter->handleRequest(NULL, Object(Config\Cache), false)
#11 E:\www\FAWE\index.php(45): CodeIgniter\CodeIgniter->run()
#12 {main}
CRITICAL - 2021-07-21 06:00:42 --> Trying to get property 'male' of non-object
#0 E:\www\FAWE\app\Views\office\system_reports\cases_report\cases_field_office\report.php(103): CodeIgniter\Debug\Exceptions->errorHandler(8, 'Trying to get p...', 'E:\\www\\FAWE\\ap...', 103, Array)
#1 E:\www\FAWE\app\Views\office\system_reports\cases_report\cases_field_office\list.php(156): include('E:\\www\\FAWE\\ap...')
#2 E:\www\FAWE\system\View\View.php(246): include('E:\\www\\FAWE\\ap...')
#3 E:\www\FAWE\system\Common.php(1119): CodeIgniter\View\View->render('office/system_r...', Array, true)
#4 E:\www\FAWE\app\Views\template\index.php(14): view('office/system_r...')
#5 E:\www\FAWE\system\View\View.php(246): include('E:\\www\\FAWE\\ap...')
#6 E:\www\FAWE\system\Common.php(1119): CodeIgniter\View\View->render('template/index', Array, true)
#7 E:\www\FAWE\app\Controllers\System_reports\Cases_field_office.php(74): view('template/index', Array)
#8 E:\www\FAWE\system\CodeIgniter.php(918): App\Controllers\system_reports\Cases_field_office->index()
#9 E:\www\FAWE\system\CodeIgniter.php(404): CodeIgniter\CodeIgniter->runController(Object(App\Controllers\system_reports\Cases_field_office))
#10 E:\www\FAWE\system\CodeIgniter.php(312): CodeIgniter\CodeIgniter->handleRequest(NULL, Object(Config\Cache), false)
#11 E:\www\FAWE\index.php(45): CodeIgniter\CodeIgniter->run()
#12 {main}
CRITICAL - 2021-07-21 06:03:03 --> Call to undefined method CodeIgniter\Database\MySQLi\Result::countAllResults()
#0 E:\www\FAWE\app\Views\office\system_reports\cases_report\cases_field_office\list.php(156): include()
#1 E:\www\FAWE\system\View\View.php(246): include('E:\\www\\FAWE\\ap...')
#2 E:\www\FAWE\system\Common.php(1119): CodeIgniter\View\View->render('office/system_r...', Array, true)
#3 E:\www\FAWE\app\Views\template\index.php(14): view('office/system_r...')
#4 E:\www\FAWE\system\View\View.php(246): include('E:\\www\\FAWE\\ap...')
#5 E:\www\FAWE\system\Common.php(1119): CodeIgniter\View\View->render('template/index', Array, true)
#6 E:\www\FAWE\app\Controllers\System_reports\Cases_field_office.php(74): view('template/index', Array)
#7 E:\www\FAWE\system\CodeIgniter.php(918): App\Controllers\system_reports\Cases_field_office->index()
#8 E:\www\FAWE\system\CodeIgniter.php(404): CodeIgniter\CodeIgniter->runController(Object(App\Controllers\system_reports\Cases_field_office))
#9 E:\www\FAWE\system\CodeIgniter.php(312): CodeIgniter\CodeIgniter->handleRequest(NULL, Object(Config\Cache), false)
#10 E:\www\FAWE\index.php(45): CodeIgniter\CodeIgniter->run()
#11 {main}
CRITICAL - 2021-07-21 06:04:09 --> Call to undefined method CodeIgniter\Database\MySQLi\Result::getNumRows()
#0 E:\www\FAWE\app\Views\office\system_reports\cases_report\cases_field_office\list.php(156): include()
#1 E:\www\FAWE\system\View\View.php(246): include('E:\\www\\FAWE\\ap...')
#2 E:\www\FAWE\system\Common.php(1119): CodeIgniter\View\View->render('office/system_r...', Array, true)
#3 E:\www\FAWE\app\Views\template\index.php(14): view('office/system_r...')
#4 E:\www\FAWE\system\View\View.php(246): include('E:\\www\\FAWE\\ap...')
#5 E:\www\FAWE\system\Common.php(1119): CodeIgniter\View\View->render('template/index', Array, true)
#6 E:\www\FAWE\app\Controllers\System_reports\Cases_field_office.php(74): view('template/index', Array)
#7 E:\www\FAWE\system\CodeIgniter.php(918): App\Controllers\system_reports\Cases_field_office->index()
#8 E:\www\FAWE\system\CodeIgniter.php(404): CodeIgniter\CodeIgniter->runController(Object(App\Controllers\system_reports\Cases_field_office))
#9 E:\www\FAWE\system\CodeIgniter.php(312): CodeIgniter\CodeIgniter->handleRequest(NULL, Object(Config\Cache), false)
#10 E:\www\FAWE\index.php(45): CodeIgniter\CodeIgniter->run()
#11 {main}
CRITICAL - 2021-07-21 06:05:22 --> Call to undefined method CodeIgniter\Database\MySQLi\Result::count_all_results()
#0 E:\www\FAWE\app\Views\office\system_reports\cases_report\cases_field_office\list.php(156): include()
#1 E:\www\FAWE\system\View\View.php(246): include('E:\\www\\FAWE\\ap...')
#2 E:\www\FAWE\system\Common.php(1119): CodeIgniter\View\View->render('office/system_r...', Array, true)
#3 E:\www\FAWE\app\Views\template\index.php(14): view('office/system_r...')
#4 E:\www\FAWE\system\View\View.php(246): include('E:\\www\\FAWE\\ap...')
#5 E:\www\FAWE\system\Common.php(1119): CodeIgniter\View\View->render('template/index', Array, true)
#6 E:\www\FAWE\app\Controllers\System_reports\Cases_field_office.php(74): view('template/index', Array)
#7 E:\www\FAWE\system\CodeIgniter.php(918): App\Controllers\system_reports\Cases_field_office->index()
#8 E:\www\FAWE\system\CodeIgniter.php(404): CodeIgniter\CodeIgniter->runController(Object(App\Controllers\system_reports\Cases_field_office))
#9 E:\www\FAWE\system\CodeIgniter.php(312): CodeIgniter\CodeIgniter->handleRequest(NULL, Object(Config\Cache), false)
#10 E:\www\FAWE\index.php(45): CodeIgniter\CodeIgniter->run()
#11 {main}
CRITICAL - 2021-07-21 06:16:23 --> Trying to get property 'male' of non-object
#0 E:\www\FAWE\app\Views\office\system_reports\cases_report\cases_field_office\report.php(143): CodeIgniter\Debug\Exceptions->errorHandler(8, 'Trying to get p...', 'E:\\www\\FAWE\\ap...', 143, Array)
#1 E:\www\FAWE\app\Views\office\system_reports\cases_report\cases_field_office\list.php(156): include('E:\\www\\FAWE\\ap...')
#2 E:\www\FAWE\system\View\View.php(246): include('E:\\www\\FAWE\\ap...')
#3 E:\www\FAWE\system\Common.php(1119): CodeIgniter\View\View->render('office/system_r...', Array, true)
#4 E:\www\FAWE\app\Views\template\index.php(14): view('office/system_r...')
#5 E:\www\FAWE\system\View\View.php(246): include('E:\\www\\FAWE\\ap...')
#6 E:\www\FAWE\system\Common.php(1119): CodeIgniter\View\View->render('template/index', Array, true)
#7 E:\www\FAWE\app\Controllers\System_reports\Cases_field_office.php(74): view('template/index', Array)
#8 E:\www\FAWE\system\CodeIgniter.php(918): App\Controllers\system_reports\Cases_field_office->index()
#9 E:\www\FAWE\system\CodeIgniter.php(404): CodeIgniter\CodeIgniter->runController(Object(App\Controllers\system_reports\Cases_field_office))
#10 E:\www\FAWE\system\CodeIgniter.php(312): CodeIgniter\CodeIgniter->handleRequest(NULL, Object(Config\Cache), false)
#11 E:\www\FAWE\index.php(45): CodeIgniter\CodeIgniter->run()
#12 {main}
CRITICAL - 2021-07-21 06:17:09 --> Trying to get property 'male' of non-object
#0 E:\www\FAWE\app\Views\office\system_reports\cases_report\cases_field_office\report.php(143): CodeIgniter\Debug\Exceptions->errorHandler(8, 'Trying to get p...', 'E:\\www\\FAWE\\ap...', 143, Array)
#1 E:\www\FAWE\app\Views\office\system_reports\cases_report\cases_field_office\list.php(156): include('E:\\www\\FAWE\\ap...')
#2 E:\www\FAWE\system\View\View.php(246): include('E:\\www\\FAWE\\ap...')
#3 E:\www\FAWE\system\Common.php(1119): CodeIgniter\View\View->render('office/system_r...', Array, true)
#4 E:\www\FAWE\app\Views\template\index.php(14): view('office/system_r...')
#5 E:\www\FAWE\system\View\View.php(246): include('E:\\www\\FAWE\\ap...')
#6 E:\www\FAWE\system\Common.php(1119): CodeIgniter\View\View->render('template/index', Array, true)
#7 E:\www\FAWE\app\Controllers\System_reports\Cases_field_office.php(74): view('template/index', Array)
#8 E:\www\FAWE\system\CodeIgniter.php(918): App\Controllers\system_reports\Cases_field_office->index()
#9 E:\www\FAWE\system\CodeIgniter.php(404): CodeIgniter\CodeIgniter->runController(Object(App\Controllers\system_reports\Cases_field_office))
#10 E:\www\FAWE\system\CodeIgniter.php(312): CodeIgniter\CodeIgniter->handleRequest(NULL, Object(Config\Cache), false)
#11 E:\www\FAWE\index.php(45): CodeIgniter\CodeIgniter->run()
#12 {main}
CRITICAL - 2021-07-21 06:20:52 --> Call to undefined method CodeIgniter\Database\MySQLi\Result::countAll()
#0 E:\www\FAWE\app\Views\office\system_reports\cases_report\cases_field_office\list.php(156): include()
#1 E:\www\FAWE\system\View\View.php(246): include('E:\\www\\FAWE\\ap...')
#2 E:\www\FAWE\system\Common.php(1119): CodeIgniter\View\View->render('office/system_r...', Array, true)
#3 E:\www\FAWE\app\Views\template\index.php(14): view('office/system_r...')
#4 E:\www\FAWE\system\View\View.php(246): include('E:\\www\\FAWE\\ap...')
#5 E:\www\FAWE\system\Common.php(1119): CodeIgniter\View\View->render('template/index', Array, true)
#6 E:\www\FAWE\app\Controllers\System_reports\Cases_field_office.php(74): view('template/index', Array)
#7 E:\www\FAWE\system\CodeIgniter.php(918): App\Controllers\system_reports\Cases_field_office->index()
#8 E:\www\FAWE\system\CodeIgniter.php(404): CodeIgniter\CodeIgniter->runController(Object(App\Controllers\system_reports\Cases_field_office))
#9 E:\www\FAWE\system\CodeIgniter.php(312): CodeIgniter\CodeIgniter->handleRequest(NULL, Object(Config\Cache), false)
#10 E:\www\FAWE\index.php(45): CodeIgniter\CodeIgniter->run()
#11 {main}
CRITICAL - 2021-07-21 06:22:42 --> Trying to get property 'male' of non-object
#0 E:\www\FAWE\app\Views\office\system_reports\cases_report\cases_field_office\report.php(142): CodeIgniter\Debug\Exceptions->errorHandler(8, 'Trying to get p...', 'E:\\www\\FAWE\\ap...', 142, Array)
#1 E:\www\FAWE\app\Views\office\system_reports\cases_report\cases_field_office\list.php(156): include('E:\\www\\FAWE\\ap...')
#2 E:\www\FAWE\system\View\View.php(246): include('E:\\www\\FAWE\\ap...')
#3 E:\www\FAWE\system\Common.php(1119): CodeIgniter\View\View->render('office/system_r...', Array, true)
#4 E:\www\FAWE\app\Views\template\index.php(14): view('office/system_r...')
#5 E:\www\FAWE\system\View\View.php(246): include('E:\\www\\FAWE\\ap...')
#6 E:\www\FAWE\system\Common.php(1119): CodeIgniter\View\View->render('template/index', Array, true)
#7 E:\www\FAWE\app\Controllers\System_reports\Cases_field_office.php(74): view('template/index', Array)
#8 E:\www\FAWE\system\CodeIgniter.php(918): App\Controllers\system_reports\Cases_field_office->index()
#9 E:\www\FAWE\system\CodeIgniter.php(404): CodeIgniter\CodeIgniter->runController(Object(App\Controllers\system_reports\Cases_field_office))
#10 E:\www\FAWE\system\CodeIgniter.php(312): CodeIgniter\CodeIgniter->handleRequest(NULL, Object(Config\Cache), false)
#11 E:\www\FAWE\index.php(45): CodeIgniter\CodeIgniter->run()
#12 {main}
CRITICAL - 2021-07-21 06:23:31 --> Undefined variable: total_week2_male
#0 E:\www\FAWE\app\Views\office\system_reports\cases_report\cases_field_office\report.php(142): CodeIgniter\Debug\Exceptions->errorHandler(8, 'Undefined varia...', 'E:\\www\\FAWE\\ap...', 142, Array)
#1 E:\www\FAWE\app\Views\office\system_reports\cases_report\cases_field_office\list.php(156): include('E:\\www\\FAWE\\ap...')
#2 E:\www\FAWE\system\View\View.php(246): include('E:\\www\\FAWE\\ap...')
#3 E:\www\FAWE\system\Common.php(1119): CodeIgniter\View\View->render('office/system_r...', Array, true)
#4 E:\www\FAWE\app\Views\template\index.php(14): view('office/system_r...')
#5 E:\www\FAWE\system\View\View.php(246): include('E:\\www\\FAWE\\ap...')
#6 E:\www\FAWE\system\Common.php(1119): CodeIgniter\View\View->render('template/index', Array, true)
#7 E:\www\FAWE\app\Controllers\System_reports\Cases_field_office.php(74): view('template/index', Array)
#8 E:\www\FAWE\system\CodeIgniter.php(918): App\Controllers\system_reports\Cases_field_office->index()
#9 E:\www\FAWE\system\CodeIgniter.php(404): CodeIgniter\CodeIgniter->runController(Object(App\Controllers\system_reports\Cases_field_office))
#10 E:\www\FAWE\system\CodeIgniter.php(312): CodeIgniter\CodeIgniter->handleRequest(NULL, Object(Config\Cache), false)
#11 E:\www\FAWE\index.php(45): CodeIgniter\CodeIgniter->run()
#12 {main}
CRITICAL - 2021-07-21 06:24:41 --> Undefined variable: total_week2_male
#0 E:\www\FAWE\app\Views\office\system_reports\cases_report\cases_field_office\report.php(142): CodeIgniter\Debug\Exceptions->errorHandler(8, 'Undefined varia...', 'E:\\www\\FAWE\\ap...', 142, Array)
#1 E:\www\FAWE\app\Views\office\system_reports\cases_report\cases_field_office\list.php(156): include('E:\\www\\FAWE\\ap...')
#2 E:\www\FAWE\system\View\View.php(246): include('E:\\www\\FAWE\\ap...')
#3 E:\www\FAWE\system\Common.php(1119): CodeIgniter\View\View->render('office/system_r...', Array, true)
#4 E:\www\FAWE\app\Views\template\index.php(14): view('office/system_r...')
#5 E:\www\FAWE\system\View\View.php(246): include('E:\\www\\FAWE\\ap...')
#6 E:\www\FAWE\system\Common.php(1119): CodeIgniter\View\View->render('template/index', Array, true)
#7 E:\www\FAWE\app\Controllers\System_reports\Cases_field_office.php(74): view('template/index', Array)
#8 E:\www\FAWE\system\CodeIgniter.php(918): App\Controllers\system_reports\Cases_field_office->index()
#9 E:\www\FAWE\system\CodeIgniter.php(404): CodeIgniter\CodeIgniter->runController(Object(App\Controllers\system_reports\Cases_field_office))
#10 E:\www\FAWE\system\CodeIgniter.php(312): CodeIgniter\CodeIgniter->handleRequest(NULL, Object(Config\Cache), false)
#11 E:\www\FAWE\index.php(45): CodeIgniter\CodeIgniter->run()
#12 {main}
CRITICAL - 2021-07-21 06:26:59 --> Undefined variable: total_week3_male
#0 E:\www\FAWE\app\Views\office\system_reports\cases_report\cases_field_office\report.php(142): CodeIgniter\Debug\Exceptions->errorHandler(8, 'Undefined varia...', 'E:\\www\\FAWE\\ap...', 142, Array)
#1 E:\www\FAWE\app\Views\office\system_reports\cases_report\cases_field_office\list.php(156): include('E:\\www\\FAWE\\ap...')
#2 E:\www\FAWE\system\View\View.php(246): include('E:\\www\\FAWE\\ap...')
#3 E:\www\FAWE\system\Common.php(1119): CodeIgniter\View\View->render('office/system_r...', Array, true)
#4 E:\www\FAWE\app\Views\template\index.php(14): view('office/system_r...')
#5 E:\www\FAWE\system\View\View.php(246): include('E:\\www\\FAWE\\ap...')
#6 E:\www\FAWE\system\Common.php(1119): CodeIgniter\View\View->render('template/index', Array, true)
#7 E:\www\FAWE\app\Controllers\System_reports\Cases_field_office.php(74): view('template/index', Array)
#8 E:\www\FAWE\system\CodeIgniter.php(918): App\Controllers\system_reports\Cases_field_office->index()
#9 E:\www\FAWE\system\CodeIgniter.php(404): CodeIgniter\CodeIgniter->runController(Object(App\Controllers\system_reports\Cases_field_office))
#10 E:\www\FAWE\system\CodeIgniter.php(312): CodeIgniter\CodeIgniter->handleRequest(NULL, Object(Config\Cache), false)
#11 E:\www\FAWE\index.php(45): CodeIgniter\CodeIgniter->run()
#12 {main}
CRITICAL - 2021-07-21 06:27:20 --> Trying to get property 'female' of non-object
#0 E:\www\FAWE\app\Views\office\system_reports\cases_report\cases_field_office\report.php(143): CodeIgniter\Debug\Exceptions->errorHandler(8, 'Trying to get p...', 'E:\\www\\FAWE\\ap...', 143, Array)
#1 E:\www\FAWE\app\Views\office\system_reports\cases_report\cases_field_office\list.php(156): include('E:\\www\\FAWE\\ap...')
#2 E:\www\FAWE\system\View\View.php(246): include('E:\\www\\FAWE\\ap...')
#3 E:\www\FAWE\system\Common.php(1119): CodeIgniter\View\View->render('office/system_r...', Array, true)
#4 E:\www\FAWE\app\Views\template\index.php(14): view('office/system_r...')
#5 E:\www\FAWE\system\View\View.php(246): include('E:\\www\\FAWE\\ap...')
#6 E:\www\FAWE\system\Common.php(1119): CodeIgniter\View\View->render('template/index', Array, true)
#7 E:\www\FAWE\app\Controllers\System_reports\Cases_field_office.php(74): view('template/index', Array)
#8 E:\www\FAWE\system\CodeIgniter.php(918): App\Controllers\system_reports\Cases_field_office->index()
#9 E:\www\FAWE\system\CodeIgniter.php(404): CodeIgniter\CodeIgniter->runController(Object(App\Controllers\system_reports\Cases_field_office))
#10 E:\www\FAWE\system\CodeIgniter.php(312): CodeIgniter\CodeIgniter->handleRequest(NULL, Object(Config\Cache), false)
#11 E:\www\FAWE\index.php(45): CodeIgniter\CodeIgniter->run()
#12 {main}
CRITICAL - 2021-07-21 06:28:56 --> Undefined variable: total_week2_female
#0 E:\www\FAWE\app\Views\office\system_reports\cases_report\cases_field_office\report.php(143): CodeIgniter\Debug\Exceptions->errorHandler(8, 'Undefined varia...', 'E:\\www\\FAWE\\ap...', 143, Array)
#1 E:\www\FAWE\app\Views\office\system_reports\cases_report\cases_field_office\list.php(156): include('E:\\www\\FAWE\\ap...')
#2 E:\www\FAWE\system\View\View.php(246): include('E:\\www\\FAWE\\ap...')
#3 E:\www\FAWE\system\Common.php(1119): CodeIgniter\View\View->render('office/system_r...', Array, true)
#4 E:\www\FAWE\app\Views\template\index.php(14): view('office/system_r...')
#5 E:\www\FAWE\system\View\View.php(246): include('E:\\www\\FAWE\\ap...')
#6 E:\www\FAWE\system\Common.php(1119): CodeIgniter\View\View->render('template/index', Array, true)
#7 E:\www\FAWE\app\Controllers\System_reports\Cases_field_office.php(74): view('template/index', Array)
#8 E:\www\FAWE\system\CodeIgniter.php(918): App\Controllers\system_reports\Cases_field_office->index()
#9 E:\www\FAWE\system\CodeIgniter.php(404): CodeIgniter\CodeIgniter->runController(Object(App\Controllers\system_reports\Cases_field_office))
#10 E:\www\FAWE\system\CodeIgniter.php(312): CodeIgniter\CodeIgniter->handleRequest(NULL, Object(Config\Cache), false)
#11 E:\www\FAWE\index.php(45): CodeIgniter\CodeIgniter->run()
#12 {main}
CRITICAL - 2021-07-21 06:48:43 --> syntax error, unexpected 'if' (T_IF)
#0 E:\www\FAWE\system\View\View.php(246): include()
#1 E:\www\FAWE\system\Common.php(1119): CodeIgniter\View\View->render('office/system_r...', Array, true)
#2 E:\www\FAWE\app\Views\template\index.php(14): view('office/system_r...')
#3 E:\www\FAWE\system\View\View.php(246): include('E:\\www\\FAWE\\ap...')
#4 E:\www\FAWE\system\Common.php(1119): CodeIgniter\View\View->render('template/index', Array, true)
#5 E:\www\FAWE\app\Controllers\System_reports\Cases_field_office.php(74): view('template/index', Array)
#6 E:\www\FAWE\system\CodeIgniter.php(918): App\Controllers\system_reports\Cases_field_office->index()
#7 E:\www\FAWE\system\CodeIgniter.php(404): CodeIgniter\CodeIgniter->runController(Object(App\Controllers\system_reports\Cases_field_office))
#8 E:\www\FAWE\system\CodeIgniter.php(312): CodeIgniter\CodeIgniter->handleRequest(NULL, Object(Config\Cache), false)
#9 E:\www\FAWE\index.php(45): CodeIgniter\CodeIgniter->run()
#10 {main}
CRITICAL - 2021-07-21 06:50:23 --> Undefined variable: total_week2_male
#0 E:\www\FAWE\app\Views\office\system_reports\cases_report\cases_field_office\report.php(110): CodeIgniter\Debug\Exceptions->errorHandler(8, 'Undefined varia...', 'E:\\www\\FAWE\\ap...', 110, Array)
#1 E:\www\FAWE\app\Views\office\system_reports\cases_report\cases_field_office\list.php(156): include('E:\\www\\FAWE\\ap...')
#2 E:\www\FAWE\system\View\View.php(246): include('E:\\www\\FAWE\\ap...')
#3 E:\www\FAWE\system\Common.php(1119): CodeIgniter\View\View->render('office/system_r...', Array, true)
#4 E:\www\FAWE\app\Views\template\index.php(14): view('office/system_r...')
#5 E:\www\FAWE\system\View\View.php(246): include('E:\\www\\FAWE\\ap...')
#6 E:\www\FAWE\system\Common.php(1119): CodeIgniter\View\View->render('template/index', Array, true)
#7 E:\www\FAWE\app\Controllers\System_reports\Cases_field_office.php(74): view('template/index', Array)
#8 E:\www\FAWE\system\CodeIgniter.php(918): App\Controllers\system_reports\Cases_field_office->index()
#9 E:\www\FAWE\system\CodeIgniter.php(404): CodeIgniter\CodeIgniter->runController(Object(App\Controllers\system_reports\Cases_field_office))
#10 E:\www\FAWE\system\CodeIgniter.php(312): CodeIgniter\CodeIgniter->handleRequest(NULL, Object(Config\Cache), false)
#11 E:\www\FAWE\index.php(45): CodeIgniter\CodeIgniter->run()
#12 {main}
CRITICAL - 2021-07-21 06:54:55 --> Trying to get property 'male' of non-object
#0 E:\www\FAWE\app\Views\office\system_reports\cases_report\cases_field_office\report.php(110): CodeIgniter\Debug\Exceptions->errorHandler(8, 'Trying to get p...', 'E:\\www\\FAWE\\ap...', 110, Array)
#1 E:\www\FAWE\app\Views\office\system_reports\cases_report\cases_field_office\list.php(156): include('E:\\www\\FAWE\\ap...')
#2 E:\www\FAWE\system\View\View.php(246): include('E:\\www\\FAWE\\ap...')
#3 E:\www\FAWE\system\Common.php(1119): CodeIgniter\View\View->render('office/system_r...', Array, true)
#4 E:\www\FAWE\app\Views\template\index.php(14): view('office/system_r...')
#5 E:\www\FAWE\system\View\View.php(246): include('E:\\www\\FAWE\\ap...')
#6 E:\www\FAWE\system\Common.php(1119): CodeIgniter\View\View->render('template/index', Array, true)
#7 E:\www\FAWE\app\Controllers\System_reports\Cases_field_office.php(74): view('template/index', Array)
#8 E:\www\FAWE\system\CodeIgniter.php(918): App\Controllers\system_reports\Cases_field_office->index()
#9 E:\www\FAWE\system\CodeIgniter.php(404): CodeIgniter\CodeIgniter->runController(Object(App\Controllers\system_reports\Cases_field_office))
#10 E:\www\FAWE\system\CodeIgniter.php(312): CodeIgniter\CodeIgniter->handleRequest(NULL, Object(Config\Cache), false)
#11 E:\www\FAWE\index.php(45): CodeIgniter\CodeIgniter->run()
#12 {main}
CRITICAL - 2021-07-21 06:55:39 --> Undefined variable: total_week2_male
#0 E:\www\FAWE\app\Views\office\system_reports\cases_report\cases_field_office\report.php(110): CodeIgniter\Debug\Exceptions->errorHandler(8, 'Undefined varia...', 'E:\\www\\FAWE\\ap...', 110, Array)
#1 E:\www\FAWE\app\Views\office\system_reports\cases_report\cases_field_office\list.php(156): include('E:\\www\\FAWE\\ap...')
#2 E:\www\FAWE\system\View\View.php(246): include('E:\\www\\FAWE\\ap...')
#3 E:\www\FAWE\system\Common.php(1119): CodeIgniter\View\View->render('office/system_r...', Array, true)
#4 E:\www\FAWE\app\Views\template\index.php(14): view('office/system_r...')
#5 E:\www\FAWE\system\View\View.php(246): include('E:\\www\\FAWE\\ap...')
#6 E:\www\FAWE\system\Common.php(1119): CodeIgniter\View\View->render('template/index', Array, true)
#7 E:\www\FAWE\app\Controllers\System_reports\Cases_field_office.php(74): view('template/index', Array)
#8 E:\www\FAWE\system\CodeIgniter.php(918): App\Controllers\system_reports\Cases_field_office->index()
#9 E:\www\FAWE\system\CodeIgniter.php(404): CodeIgniter\CodeIgniter->runController(Object(App\Controllers\system_reports\Cases_field_office))
#10 E:\www\FAWE\system\CodeIgniter.php(312): CodeIgniter\CodeIgniter->handleRequest(NULL, Object(Config\Cache), false)
#11 E:\www\FAWE\index.php(45): CodeIgniter\CodeIgniter->run()
#12 {main}
CRITICAL - 2021-07-21 06:56:55 --> Undefined variable: total_week2_male
#0 E:\www\FAWE\app\Views\office\system_reports\cases_report\cases_field_office\report.php(119): CodeIgniter\Debug\Exceptions->errorHandler(8, 'Undefined varia...', 'E:\\www\\FAWE\\ap...', 119, Array)
#1 E:\www\FAWE\app\Views\office\system_reports\cases_report\cases_field_office\list.php(156): include('E:\\www\\FAWE\\ap...')
#2 E:\www\FAWE\system\View\View.php(246): include('E:\\www\\FAWE\\ap...')
#3 E:\www\FAWE\system\Common.php(1119): CodeIgniter\View\View->render('office/system_r...', Array, true)
#4 E:\www\FAWE\app\Views\template\index.php(14): view('office/system_r...')
#5 E:\www\FAWE\system\View\View.php(246): include('E:\\www\\FAWE\\ap...')
#6 E:\www\FAWE\system\Common.php(1119): CodeIgniter\View\View->render('template/index', Array, true)
#7 E:\www\FAWE\app\Controllers\System_reports\Cases_field_office.php(74): view('template/index', Array)
#8 E:\www\FAWE\system\CodeIgniter.php(918): App\Controllers\system_reports\Cases_field_office->index()
#9 E:\www\FAWE\system\CodeIgniter.php(404): CodeIgniter\CodeIgniter->runController(Object(App\Controllers\system_reports\Cases_field_office))
#10 E:\www\FAWE\system\CodeIgniter.php(312): CodeIgniter\CodeIgniter->handleRequest(NULL, Object(Config\Cache), false)
#11 E:\www\FAWE\index.php(45): CodeIgniter\CodeIgniter->run()
#12 {main}
CRITICAL - 2021-07-21 06:57:31 --> Undefined variable: total_week2_male
#0 E:\www\FAWE\app\Views\office\system_reports\cases_report\cases_field_office\report.php(120): CodeIgniter\Debug\Exceptions->errorHandler(8, 'Undefined varia...', 'E:\\www\\FAWE\\ap...', 120, Array)
#1 E:\www\FAWE\app\Views\office\system_reports\cases_report\cases_field_office\list.php(156): include('E:\\www\\FAWE\\ap...')
#2 E:\www\FAWE\system\View\View.php(246): include('E:\\www\\FAWE\\ap...')
#3 E:\www\FAWE\system\Common.php(1119): CodeIgniter\View\View->render('office/system_r...', Array, true)
#4 E:\www\FAWE\app\Views\template\index.php(14): view('office/system_r...')
#5 E:\www\FAWE\system\View\View.php(246): include('E:\\www\\FAWE\\ap...')
#6 E:\www\FAWE\system\Common.php(1119): CodeIgniter\View\View->render('template/index', Array, true)
#7 E:\www\FAWE\app\Controllers\System_reports\Cases_field_office.php(74): view('template/index', Array)
#8 E:\www\FAWE\system\CodeIgniter.php(918): App\Controllers\system_reports\Cases_field_office->index()
#9 E:\www\FAWE\system\CodeIgniter.php(404): CodeIgniter\CodeIgniter->runController(Object(App\Controllers\system_reports\Cases_field_office))
#10 E:\www\FAWE\system\CodeIgniter.php(312): CodeIgniter\CodeIgniter->handleRequest(NULL, Object(Config\Cache), false)
#11 E:\www\FAWE\index.php(45): CodeIgniter\CodeIgniter->run()
#12 {main}
CRITICAL - 2021-07-21 06:57:43 --> Undefined variable: total_week2_male
#0 E:\www\FAWE\app\Views\office\system_reports\cases_report\cases_field_office\report.php(120): CodeIgniter\Debug\Exceptions->errorHandler(8, 'Undefined varia...', 'E:\\www\\FAWE\\ap...', 120, Array)
#1 E:\www\FAWE\app\Views\office\system_reports\cases_report\cases_field_office\list.php(156): include('E:\\www\\FAWE\\ap...')
#2 E:\www\FAWE\system\View\View.php(246): include('E:\\www\\FAWE\\ap...')
#3 E:\www\FAWE\system\Common.php(1119): CodeIgniter\View\View->render('office/system_r...', Array, true)
#4 E:\www\FAWE\app\Views\template\index.php(14): view('office/system_r...')
#5 E:\www\FAWE\system\View\View.php(246): include('E:\\www\\FAWE\\ap...')
#6 E:\www\FAWE\system\Common.php(1119): CodeIgniter\View\View->render('template/index', Array, true)
#7 E:\www\FAWE\app\Controllers\System_reports\Cases_field_office.php(74): view('template/index', Array)
#8 E:\www\FAWE\system\CodeIgniter.php(918): App\Controllers\system_reports\Cases_field_office->index()
#9 E:\www\FAWE\system\CodeIgniter.php(404): CodeIgniter\CodeIgniter->runController(Object(App\Controllers\system_reports\Cases_field_office))
#10 E:\www\FAWE\system\CodeIgniter.php(312): CodeIgniter\CodeIgniter->handleRequest(NULL, Object(Config\Cache), false)
#11 E:\www\FAWE\index.php(45): CodeIgniter\CodeIgniter->run()
#12 {main}
CRITICAL - 2021-07-21 06:59:21 --> Undefined variable: total_week2_female
#0 E:\www\FAWE\app\Views\office\system_reports\cases_report\cases_field_office\report.php(123): CodeIgniter\Debug\Exceptions->errorHandler(8, 'Undefined varia...', 'E:\\www\\FAWE\\ap...', 123, Array)
#1 E:\www\FAWE\app\Views\office\system_reports\cases_report\cases_field_office\list.php(156): include('E:\\www\\FAWE\\ap...')
#2 E:\www\FAWE\system\View\View.php(246): include('E:\\www\\FAWE\\ap...')
#3 E:\www\FAWE\system\Common.php(1119): CodeIgniter\View\View->render('office/system_r...', Array, true)
#4 E:\www\FAWE\app\Views\template\index.php(14): view('office/system_r...')
#5 E:\www\FAWE\system\View\View.php(246): include('E:\\www\\FAWE\\ap...')
#6 E:\www\FAWE\system\Common.php(1119): CodeIgniter\View\View->render('template/index', Array, true)
#7 E:\www\FAWE\app\Controllers\System_reports\Cases_field_office.php(74): view('template/index', Array)
#8 E:\www\FAWE\system\CodeIgniter.php(918): App\Controllers\system_reports\Cases_field_office->index()
#9 E:\www\FAWE\system\CodeIgniter.php(404): CodeIgniter\CodeIgniter->runController(Object(App\Controllers\system_reports\Cases_field_office))
#10 E:\www\FAWE\system\CodeIgniter.php(312): CodeIgniter\CodeIgniter->handleRequest(NULL, Object(Config\Cache), false)
#11 E:\www\FAWE\index.php(45): CodeIgniter\CodeIgniter->run()
#12 {main}
CRITICAL - 2021-07-21 06:59:56 --> Undefined variable: total_week2_female
#0 E:\www\FAWE\app\Views\office\system_reports\cases_report\cases_field_office\report.php(132): CodeIgniter\Debug\Exceptions->errorHandler(8, 'Undefined varia...', 'E:\\www\\FAWE\\ap...', 132, Array)
#1 E:\www\FAWE\app\Views\office\system_reports\cases_report\cases_field_office\list.php(156): include('E:\\www\\FAWE\\ap...')
#2 E:\www\FAWE\system\View\View.php(246): include('E:\\www\\FAWE\\ap...')
#3 E:\www\FAWE\system\Common.php(1119): CodeIgniter\View\View->render('office/system_r...', Array, true)
#4 E:\www\FAWE\app\Views\template\index.php(14): view('office/system_r...')
#5 E:\www\FAWE\system\View\View.php(246): include('E:\\www\\FAWE\\ap...')
#6 E:\www\FAWE\system\Common.php(1119): CodeIgniter\View\View->render('template/index', Array, true)
#7 E:\www\FAWE\app\Controllers\System_reports\Cases_field_office.php(74): view('template/index', Array)
#8 E:\www\FAWE\system\CodeIgniter.php(918): App\Controllers\system_reports\Cases_field_office->index()
#9 E:\www\FAWE\system\CodeIgniter.php(404): CodeIgniter\CodeIgniter->runController(Object(App\Controllers\system_reports\Cases_field_office))
#10 E:\www\FAWE\system\CodeIgniter.php(312): CodeIgniter\CodeIgniter->handleRequest(NULL, Object(Config\Cache), false)
#11 E:\www\FAWE\index.php(45): CodeIgniter\CodeIgniter->run()
#12 {main}
CRITICAL - 2021-07-21 07:04:07 --> Undefined variable: total_week1_male
#0 E:\www\FAWE\app\Views\office\system_reports\cases_report\cases_field_office\report.php(223): CodeIgniter\Debug\Exceptions->errorHandler(8, 'Undefined varia...', 'E:\\www\\FAWE\\ap...', 223, Array)
#1 E:\www\FAWE\app\Views\office\system_reports\cases_report\cases_field_office\list.php(156): include('E:\\www\\FAWE\\ap...')
#2 E:\www\FAWE\system\View\View.php(246): include('E:\\www\\FAWE\\ap...')
#3 E:\www\FAWE\system\Common.php(1119): CodeIgniter\View\View->render('office/system_r...', Array, true)
#4 E:\www\FAWE\app\Views\template\index.php(14): view('office/system_r...')
#5 E:\www\FAWE\system\View\View.php(246): include('E:\\www\\FAWE\\ap...')
#6 E:\www\FAWE\system\Common.php(1119): CodeIgniter\View\View->render('template/index', Array, true)
#7 E:\www\FAWE\app\Controllers\System_reports\Cases_field_office.php(74): view('template/index', Array)
#8 E:\www\FAWE\system\CodeIgniter.php(918): App\Controllers\system_reports\Cases_field_office->index()
#9 E:\www\FAWE\system\CodeIgniter.php(404): CodeIgniter\CodeIgniter->runController(Object(App\Controllers\system_reports\Cases_field_office))
#10 E:\www\FAWE\system\CodeIgniter.php(312): CodeIgniter\CodeIgniter->handleRequest(NULL, Object(Config\Cache), false)
#11 E:\www\FAWE\index.php(45): CodeIgniter\CodeIgniter->run()
#12 {main}
CRITICAL - 2021-07-21 08:05:10 --> Unknown column 'type_gbv' in 'where clause'
#0 E:\www\FAWE\system\Database\MySQLi\Connection.php(331): mysqli->query('select sum(male...')
#1 E:\www\FAWE\system\Database\BaseConnection.php(741): CodeIgniter\Database\MySQLi\Connection->execute('select sum(male...')
#2 E:\www\FAWE\system\Database\BaseConnection.php(669): CodeIgniter\Database\BaseConnection->simpleQuery('select sum(male...')
#3 E:\www\FAWE\app\Views\office\system_reports\cases_report\cases_field_office\report.php(477): CodeIgniter\Database\BaseConnection->query('select sum(male...')
#4 E:\www\FAWE\app\Views\office\system_reports\cases_report\cases_field_office\list.php(156): include('E:\\www\\FAWE\\ap...')
#5 E:\www\FAWE\system\View\View.php(246): include('E:\\www\\FAWE\\ap...')
#6 E:\www\FAWE\system\Common.php(1119): CodeIgniter\View\View->render('office/system_r...', Array, true)
#7 E:\www\FAWE\app\Views\template\index.php(14): view('office/system_r...')
#8 E:\www\FAWE\system\View\View.php(246): include('E:\\www\\FAWE\\ap...')
#9 E:\www\FAWE\system\Common.php(1119): CodeIgniter\View\View->render('template/index', Array, true)
#10 E:\www\FAWE\app\Controllers\System_reports\Cases_field_office.php(74): view('template/index', Array)
#11 E:\www\FAWE\system\CodeIgniter.php(918): App\Controllers\system_reports\Cases_field_office->index()
#12 E:\www\FAWE\system\CodeIgniter.php(404): CodeIgniter\CodeIgniter->runController(Object(App\Controllers\system_reports\Cases_field_office))
#13 E:\www\FAWE\system\CodeIgniter.php(312): CodeIgniter\CodeIgniter->handleRequest(NULL, Object(Config\Cache), false)
#14 E:\www\FAWE\index.php(45): CodeIgniter\CodeIgniter->run()
#15 {main}
CRITICAL - 2021-07-21 08:06:14 --> Unknown column 'type_gbv' in 'where clause'
#0 E:\www\FAWE\system\Database\MySQLi\Connection.php(331): mysqli->query('select sum(male...')
#1 E:\www\FAWE\system\Database\BaseConnection.php(741): CodeIgniter\Database\MySQLi\Connection->execute('select sum(male...')
#2 E:\www\FAWE\system\Database\BaseConnection.php(669): CodeIgniter\Database\BaseConnection->simpleQuery('select sum(male...')
#3 E:\www\FAWE\app\Views\office\system_reports\cases_report\cases_field_office\report.php(490): CodeIgniter\Database\BaseConnection->query('select sum(male...')
#4 E:\www\FAWE\app\Views\office\system_reports\cases_report\cases_field_office\list.php(156): include('E:\\www\\FAWE\\ap...')
#5 E:\www\FAWE\system\View\View.php(246): include('E:\\www\\FAWE\\ap...')
#6 E:\www\FAWE\system\Common.php(1119): CodeIgniter\View\View->render('office/system_r...', Array, true)
#7 E:\www\FAWE\app\Views\template\index.php(14): view('office/system_r...')
#8 E:\www\FAWE\system\View\View.php(246): include('E:\\www\\FAWE\\ap...')
#9 E:\www\FAWE\system\Common.php(1119): CodeIgniter\View\View->render('template/index', Array, true)
#10 E:\www\FAWE\app\Controllers\System_reports\Cases_field_office.php(74): view('template/index', Array)
#11 E:\www\FAWE\system\CodeIgniter.php(918): App\Controllers\system_reports\Cases_field_office->index()
#12 E:\www\FAWE\system\CodeIgniter.php(404): CodeIgniter\CodeIgniter->runController(Object(App\Controllers\system_reports\Cases_field_office))
#13 E:\www\FAWE\system\CodeIgniter.php(312): CodeIgniter\CodeIgniter->handleRequest(NULL, Object(Config\Cache), false)
#14 E:\www\FAWE\index.php(45): CodeIgniter\CodeIgniter->run()
#15 {main}
CRITICAL - 2021-07-21 08:06:43 --> Unknown column 'type_gbv' in 'where clause'
#0 E:\www\FAWE\system\Database\MySQLi\Connection.php(331): mysqli->query('select sum(male...')
#1 E:\www\FAWE\system\Database\BaseConnection.php(741): CodeIgniter\Database\MySQLi\Connection->execute('select sum(male...')
#2 E:\www\FAWE\system\Database\BaseConnection.php(669): CodeIgniter\Database\BaseConnection->simpleQuery('select sum(male...')
#3 E:\www\FAWE\app\Views\office\system_reports\cases_report\cases_field_office\report.php(490): CodeIgniter\Database\BaseConnection->query('select sum(male...')
#4 E:\www\FAWE\app\Views\office\system_reports\cases_report\cases_field_office\list.php(156): include('E:\\www\\FAWE\\ap...')
#5 E:\www\FAWE\system\View\View.php(246): include('E:\\www\\FAWE\\ap...')
#6 E:\www\FAWE\system\Common.php(1119): CodeIgniter\View\View->render('office/system_r...', Array, true)
#7 E:\www\FAWE\app\Views\template\index.php(14): view('office/system_r...')
#8 E:\www\FAWE\system\View\View.php(246): include('E:\\www\\FAWE\\ap...')
#9 E:\www\FAWE\system\Common.php(1119): CodeIgniter\View\View->render('template/index', Array, true)
#10 E:\www\FAWE\app\Controllers\System_reports\Cases_field_office.php(74): view('template/index', Array)
#11 E:\www\FAWE\system\CodeIgniter.php(918): App\Controllers\system_reports\Cases_field_office->index()
#12 E:\www\FAWE\system\CodeIgniter.php(404): CodeIgniter\CodeIgniter->runController(Object(App\Controllers\system_reports\Cases_field_office))
#13 E:\www\FAWE\system\CodeIgniter.php(312): CodeIgniter\CodeIgniter->handleRequest(NULL, Object(Config\Cache), false)
#14 E:\www\FAWE\index.php(45): CodeIgniter\CodeIgniter->run()
#15 {main}
CRITICAL - 2021-07-21 08:51:37 --> Undefined variable: field_office
#0 E:\www\FAWE\app\Views\office\system_reports\cases_report\cases_overall\report.php(20): CodeIgniter\Debug\Exceptions->errorHandler(8, 'Undefined varia...', 'E:\\www\\FAWE\\ap...', 20, Array)
#1 E:\www\FAWE\app\Views\office\system_reports\cases_report\cases_overall\list.php(140): include('E:\\www\\FAWE\\ap...')
#2 E:\www\FAWE\system\View\View.php(246): include('E:\\www\\FAWE\\ap...')
#3 E:\www\FAWE\system\Common.php(1119): CodeIgniter\View\View->render('office/system_r...', Array, true)
#4 E:\www\FAWE\app\Views\template\index.php(14): view('office/system_r...')
#5 E:\www\FAWE\system\View\View.php(246): include('E:\\www\\FAWE\\ap...')
#6 E:\www\FAWE\system\Common.php(1119): CodeIgniter\View\View->render('template/index', Array, true)
#7 E:\www\FAWE\app\Controllers\System_reports\Cases_overall.php(73): view('template/index', Array)
#8 E:\www\FAWE\system\CodeIgniter.php(918): App\Controllers\system_reports\Cases_overall->index()
#9 E:\www\FAWE\system\CodeIgniter.php(404): CodeIgniter\CodeIgniter->runController(Object(App\Controllers\system_reports\Cases_overall))
#10 E:\www\FAWE\system\CodeIgniter.php(312): CodeIgniter\CodeIgniter->handleRequest(NULL, Object(Config\Cache), false)
#11 E:\www\FAWE\index.php(45): CodeIgniter\CodeIgniter->run()
#12 {main}
CRITICAL - 2021-07-21 08:51:58 --> Undefined variable: field_office
#0 E:\www\FAWE\app\Views\office\system_reports\cases_report\cases_overall\report.php(78): CodeIgniter\Debug\Exceptions->errorHandler(8, 'Undefined varia...', 'E:\\www\\FAWE\\ap...', 78, Array)
#1 E:\www\FAWE\app\Views\office\system_reports\cases_report\cases_overall\list.php(140): include('E:\\www\\FAWE\\ap...')
#2 E:\www\FAWE\system\View\View.php(246): include('E:\\www\\FAWE\\ap...')
#3 E:\www\FAWE\system\Common.php(1119): CodeIgniter\View\View->render('office/system_r...', Array, true)
#4 E:\www\FAWE\app\Views\template\index.php(14): view('office/system_r...')
#5 E:\www\FAWE\system\View\View.php(246): include('E:\\www\\FAWE\\ap...')
#6 E:\www\FAWE\system\Common.php(1119): CodeIgniter\View\View->render('template/index', Array, true)
#7 E:\www\FAWE\app\Controllers\System_reports\Cases_overall.php(73): view('template/index', Array)
#8 E:\www\FAWE\system\CodeIgniter.php(918): App\Controllers\system_reports\Cases_overall->index()
#9 E:\www\FAWE\system\CodeIgniter.php(404): CodeIgniter\CodeIgniter->runController(Object(App\Controllers\system_reports\Cases_overall))
#10 E:\www\FAWE\system\CodeIgniter.php(312): CodeIgniter\CodeIgniter->handleRequest(NULL, Object(Config\Cache), false)
#11 E:\www\FAWE\index.php(45): CodeIgniter\CodeIgniter->run()
#12 {main}
CRITICAL - 2021-07-21 08:53:43 --> Undefined variable: field_office
#0 E:\www\FAWE\app\Views\office\system_reports\cases_report\cases_overall\report.php(165): CodeIgniter\Debug\Exceptions->errorHandler(8, 'Undefined varia...', 'E:\\www\\FAWE\\ap...', 165, Array)
#1 E:\www\FAWE\app\Views\office\system_reports\cases_report\cases_overall\list.php(140): include('E:\\www\\FAWE\\ap...')
#2 E:\www\FAWE\system\View\View.php(246): include('E:\\www\\FAWE\\ap...')
#3 E:\www\FAWE\system\Common.php(1119): CodeIgniter\View\View->render('office/system_r...', Array, true)
#4 E:\www\FAWE\app\Views\template\index.php(14): view('office/system_r...')
#5 E:\www\FAWE\system\View\View.php(246): include('E:\\www\\FAWE\\ap...')
#6 E:\www\FAWE\system\Common.php(1119): CodeIgniter\View\View->render('template/index', Array, true)
#7 E:\www\FAWE\app\Controllers\System_reports\Cases_overall.php(73): view('template/index', Array)
#8 E:\www\FAWE\system\CodeIgniter.php(918): App\Controllers\system_reports\Cases_overall->index()
#9 E:\www\FAWE\system\CodeIgniter.php(404): CodeIgniter\CodeIgniter->runController(Object(App\Controllers\system_reports\Cases_overall))
#10 E:\www\FAWE\system\CodeIgniter.php(312): CodeIgniter\CodeIgniter->handleRequest(NULL, Object(Config\Cache), false)
#11 E:\www\FAWE\index.php(45): CodeIgniter\CodeIgniter->run()
#12 {main}
CRITICAL - 2021-07-21 10:15:32 --> Table 'FAWE.fydp_indicator' doesn't exist
#0 E:\www\FAWE\system\Database\MySQLi\Connection.php(331): mysqli->query('SELECT count(*)...')
#1 E:\www\FAWE\system\Database\BaseConnection.php(741): CodeIgniter\Database\MySQLi\Connection->execute('SELECT count(*)...')
#2 E:\www\FAWE\system\Database\BaseConnection.php(669): CodeIgniter\Database\BaseConnection->simpleQuery('SELECT count(*)...')
#3 E:\www\FAWE\app\Views\office\dashboard\list.php(111): CodeIgniter\Database\BaseConnection->query('SELECT count(*)...')
#4 E:\www\FAWE\system\View\View.php(246): include('E:\\www\\FAWE\\ap...')
#5 E:\www\FAWE\system\Common.php(1119): CodeIgniter\View\View->render('office/dashboar...', Array, true)
#6 E:\www\FAWE\app\Views\template\index.php(14): view('office/dashboar...')
#7 E:\www\FAWE\system\View\View.php(246): include('E:\\www\\FAWE\\ap...')
#8 E:\www\FAWE\system\Common.php(1119): CodeIgniter\View\View->render('template/index', Array, true)
#9 E:\www\FAWE\app\Controllers\Dashboard.php(57): view('template/index', Array)
#10 E:\www\FAWE\system\CodeIgniter.php(918): App\Controllers\Dashboard->index()
#11 E:\www\FAWE\system\CodeIgniter.php(404): CodeIgniter\CodeIgniter->runController(Object(App\Controllers\Dashboard))
#12 E:\www\FAWE\system\CodeIgniter.php(312): CodeIgniter\CodeIgniter->handleRequest(NULL, Object(Config\Cache), false)
#13 E:\www\FAWE\index.php(45): CodeIgniter\CodeIgniter->run()
#14 {main}
CRITICAL - 2021-07-21 10:15:32 --> Table 'FAWE.fydp_indicator' doesn't exist
#0 E:\www\FAWE\system\Database\MySQLi\Connection.php(331): mysqli->query('SELECT count(*)...')
#1 E:\www\FAWE\system\Database\BaseConnection.php(741): CodeIgniter\Database\MySQLi\Connection->execute('SELECT count(*)...')
#2 E:\www\FAWE\system\Database\BaseConnection.php(669): CodeIgniter\Database\BaseConnection->simpleQuery('SELECT count(*)...')
#3 E:\www\FAWE\app\Views\office\dashboard\list.php(111): CodeIgniter\Database\BaseConnection->query('SELECT count(*)...')
#4 E:\www\FAWE\system\View\View.php(246): include('E:\\www\\FAWE\\ap...')
#5 E:\www\FAWE\system\Common.php(1119): CodeIgniter\View\View->render('office/dashboar...', Array, true)
#6 E:\www\FAWE\app\Views\template\index.php(14): view('office/dashboar...')
#7 E:\www\FAWE\system\View\View.php(246): include('E:\\www\\FAWE\\ap...')
#8 E:\www\FAWE\system\Common.php(1119): CodeIgniter\View\View->render('template/index', Array, true)
#9 E:\www\FAWE\app\Controllers\Dashboard.php(57): view('template/index', Array)
#10 E:\www\FAWE\system\CodeIgniter.php(918): App\Controllers\Dashboard->index()
#11 E:\www\FAWE\system\CodeIgniter.php(404): CodeIgniter\CodeIgniter->runController(Object(App\Controllers\Dashboard))
#12 E:\www\FAWE\system\CodeIgniter.php(312): CodeIgniter\CodeIgniter->handleRequest(NULL, Object(Config\Cache), false)
#13 E:\www\FAWE\index.php(45): CodeIgniter\CodeIgniter->run()
#14 {main}
