CRITICAL - 2021-09-10 04:45:35 --> Undefined index: file
#0 E:\www\FAWE\app\Views\office\reporting\organizational_data\org_quarterly_narrative_report\edit.php(184): CodeIgniter\Debug\Exceptions->errorHandler(8, 'Undefined index...', 'E:\\www\\FAWE\\ap...', 184, Array)
#1 E:\www\FAWE\system\View\View.php(246): include('E:\\www\\FAWE\\ap...')
#2 E:\www\FAWE\system\Common.php(1119): CodeIgniter\View\View->render('office/reportin...', Array, true)
#3 E:\www\FAWE\app\Views\template\index.php(14): view('office/reportin...')
#4 E:\www\FAWE\system\View\View.php(246): include('E:\\www\\FAWE\\ap...')
#5 E:\www\FAWE\system\Common.php(1119): CodeIgniter\View\View->render('template/index', Array, true)
#6 E:\www\FAWE\app\Controllers\Reporting\Organizational_data\Org_quarterly_narrative_report.php(344): view('template/index', Array)
#7 E:\www\FAWE\system\CodeIgniter.php(918): App\Controllers\Reporting\Organizational_data\Org_quarterly_narrative_report->edit('15')
#8 E:\www\FAWE\system\CodeIgniter.php(404): CodeIgniter\CodeIgniter->runController(Object(App\Controllers\Reporting\Organizational_data\Org_quarterly_narrative_report))
#9 E:\www\FAWE\system\CodeIgniter.php(312): CodeIgniter\CodeIgniter->handleRequest(NULL, Object(Config\Cache), false)
#10 E:\www\FAWE\index.php(45): CodeIgniter\CodeIgniter->run()
#11 {main}
CRITICAL - 2021-09-10 04:45:35 --> Undefined index: file
#0 E:\www\FAWE\app\Views\office\reporting\organizational_data\org_quarterly_narrative_report\edit.php(184): CodeIgniter\Debug\Exceptions->errorHandler(8, 'Undefined index...', 'E:\\www\\FAWE\\ap...', 184, Array)
#1 E:\www\FAWE\system\View\View.php(246): include('E:\\www\\FAWE\\ap...')
#2 E:\www\FAWE\system\Common.php(1119): CodeIgniter\View\View->render('office/reportin...', Array, true)
#3 E:\www\FAWE\app\Views\template\index.php(14): view('office/reportin...')
#4 E:\www\FAWE\system\View\View.php(246): include('E:\\www\\FAWE\\ap...')
#5 E:\www\FAWE\system\Common.php(1119): CodeIgniter\View\View->render('template/index', Array, true)
#6 E:\www\FAWE\app\Controllers\Reporting\Organizational_data\Org_quarterly_narrative_report.php(344): view('template/index', Array)
#7 E:\www\FAWE\system\CodeIgniter.php(918): App\Controllers\Reporting\Organizational_data\Org_quarterly_narrative_report->edit('15')
#8 E:\www\FAWE\system\CodeIgniter.php(404): CodeIgniter\CodeIgniter->runController(Object(App\Controllers\Reporting\Organizational_data\Org_quarterly_narrative_report))
#9 E:\www\FAWE\system\CodeIgniter.php(312): CodeIgniter\CodeIgniter->handleRequest(NULL, Object(Config\Cache), false)
#10 E:\www\FAWE\index.php(45): CodeIgniter\CodeIgniter->run()
#11 {main}
CRITICAL - 2021-09-10 04:47:45 --> Undefined variable: record
#0 E:\www\FAWE\app\Views\office\reporting\organizational_data\org_quarterly_narrative_report\edit.php(187): CodeIgniter\Debug\Exceptions->errorHandler(8, 'Undefined varia...', 'E:\\www\\FAWE\\ap...', 187, Array)
#1 E:\www\FAWE\system\View\View.php(246): include('E:\\www\\FAWE\\ap...')
#2 E:\www\FAWE\system\Common.php(1119): CodeIgniter\View\View->render('office/reportin...', Array, true)
#3 E:\www\FAWE\app\Views\template\index.php(14): view('office/reportin...')
#4 E:\www\FAWE\system\View\View.php(246): include('E:\\www\\FAWE\\ap...')
#5 E:\www\FAWE\system\Common.php(1119): CodeIgniter\View\View->render('template/index', Array, true)
#6 E:\www\FAWE\app\Controllers\Reporting\Organizational_data\Org_quarterly_narrative_report.php(344): view('template/index', Array)
#7 E:\www\FAWE\system\CodeIgniter.php(918): App\Controllers\Reporting\Organizational_data\Org_quarterly_narrative_report->edit('15')
#8 E:\www\FAWE\system\CodeIgniter.php(404): CodeIgniter\CodeIgniter->runController(Object(App\Controllers\Reporting\Organizational_data\Org_quarterly_narrative_report))
#9 E:\www\FAWE\system\CodeIgniter.php(312): CodeIgniter\CodeIgniter->handleRequest(NULL, Object(Config\Cache), false)
#10 E:\www\FAWE\index.php(45): CodeIgniter\CodeIgniter->run()
#11 {main}
CRITICAL - 2021-09-10 04:47:45 --> Undefined variable: record
#0 E:\www\FAWE\app\Views\office\reporting\organizational_data\org_quarterly_narrative_report\edit.php(187): CodeIgniter\Debug\Exceptions->errorHandler(8, 'Undefined varia...', 'E:\\www\\FAWE\\ap...', 187, Array)
#1 E:\www\FAWE\system\View\View.php(246): include('E:\\www\\FAWE\\ap...')
#2 E:\www\FAWE\system\Common.php(1119): CodeIgniter\View\View->render('office/reportin...', Array, true)
#3 E:\www\FAWE\app\Views\template\index.php(14): view('office/reportin...')
#4 E:\www\FAWE\system\View\View.php(246): include('E:\\www\\FAWE\\ap...')
#5 E:\www\FAWE\system\Common.php(1119): CodeIgniter\View\View->render('template/index', Array, true)
#6 E:\www\FAWE\app\Controllers\Reporting\Organizational_data\Org_quarterly_narrative_report.php(344): view('template/index', Array)
#7 E:\www\FAWE\system\CodeIgniter.php(918): App\Controllers\Reporting\Organizational_data\Org_quarterly_narrative_report->edit('15')
#8 E:\www\FAWE\system\CodeIgniter.php(404): CodeIgniter\CodeIgniter->runController(Object(App\Controllers\Reporting\Organizational_data\Org_quarterly_narrative_report))
#9 E:\www\FAWE\system\CodeIgniter.php(312): CodeIgniter\CodeIgniter->handleRequest(NULL, Object(Config\Cache), false)
#10 E:\www\FAWE\index.php(45): CodeIgniter\CodeIgniter->run()
#11 {main}
CRITICAL - 2021-09-10 05:49:10 --> Undefined variable: db
#0 E:\www\FAWE\app\Views\office\reporting\organizational_data\org_quarterly_narrative_report\view.php(106): CodeIgniter\Debug\Exceptions->errorHandler(8, 'Undefined varia...', 'E:\\www\\FAWE\\ap...', 106, Array)
#1 E:\www\FAWE\system\View\View.php(246): include('E:\\www\\FAWE\\ap...')
#2 E:\www\FAWE\system\Common.php(1119): CodeIgniter\View\View->render('office/reportin...', Array, true)
#3 E:\www\FAWE\app\Views\template\index.php(14): view('office/reportin...')
#4 E:\www\FAWE\system\View\View.php(246): include('E:\\www\\FAWE\\ap...')
#5 E:\www\FAWE\system\Common.php(1119): CodeIgniter\View\View->render('template/index', Array, true)
#6 E:\www\FAWE\app\Controllers\Reporting\Organizational_data\Org_quarterly_narrative_report.php(404): view('template/index', Array)
#7 E:\www\FAWE\system\CodeIgniter.php(918): App\Controllers\Reporting\Organizational_data\Org_quarterly_narrative_report->view('15')
#8 E:\www\FAWE\system\CodeIgniter.php(404): CodeIgniter\CodeIgniter->runController(Object(App\Controllers\Reporting\Organizational_data\Org_quarterly_narrative_report))
#9 E:\www\FAWE\system\CodeIgniter.php(312): CodeIgniter\CodeIgniter->handleRequest(NULL, Object(Config\Cache), false)
#10 E:\www\FAWE\index.php(45): CodeIgniter\CodeIgniter->run()
#11 {main}
CRITICAL - 2021-09-10 05:49:10 --> Undefined variable: db
#0 E:\www\FAWE\app\Views\office\reporting\organizational_data\org_quarterly_narrative_report\view.php(106): CodeIgniter\Debug\Exceptions->errorHandler(8, 'Undefined varia...', 'E:\\www\\FAWE\\ap...', 106, Array)
#1 E:\www\FAWE\system\View\View.php(246): include('E:\\www\\FAWE\\ap...')
#2 E:\www\FAWE\system\Common.php(1119): CodeIgniter\View\View->render('office/reportin...', Array, true)
#3 E:\www\FAWE\app\Views\template\index.php(14): view('office/reportin...')
#4 E:\www\FAWE\system\View\View.php(246): include('E:\\www\\FAWE\\ap...')
#5 E:\www\FAWE\system\Common.php(1119): CodeIgniter\View\View->render('template/index', Array, true)
#6 E:\www\FAWE\app\Controllers\Reporting\Organizational_data\Org_quarterly_narrative_report.php(404): view('template/index', Array)
#7 E:\www\FAWE\system\CodeIgniter.php(918): App\Controllers\Reporting\Organizational_data\Org_quarterly_narrative_report->view('15')
#8 E:\www\FAWE\system\CodeIgniter.php(404): CodeIgniter\CodeIgniter->runController(Object(App\Controllers\Reporting\Organizational_data\Org_quarterly_narrative_report))
#9 E:\www\FAWE\system\CodeIgniter.php(312): CodeIgniter\CodeIgniter->handleRequest(NULL, Object(Config\Cache), false)
#10 E:\www\FAWE\index.php(45): CodeIgniter\CodeIgniter->run()
#11 {main}
CRITICAL - 2021-09-10 06:49:08 --> Undefined variable: db
#0 E:\www\FAWE\app\Views\office\reporting\organizational_data\org_annual_narrative_report\view.php(110): CodeIgniter\Debug\Exceptions->errorHandler(8, 'Undefined varia...', 'E:\\www\\FAWE\\ap...', 110, Array)
#1 E:\www\FAWE\system\View\View.php(246): include('E:\\www\\FAWE\\ap...')
#2 E:\www\FAWE\system\Common.php(1119): CodeIgniter\View\View->render('office/reportin...', Array, true)
#3 E:\www\FAWE\app\Views\template\index.php(14): view('office/reportin...')
#4 E:\www\FAWE\system\View\View.php(246): include('E:\\www\\FAWE\\ap...')
#5 E:\www\FAWE\system\Common.php(1119): CodeIgniter\View\View->render('template/index', Array, true)
#6 E:\www\FAWE\app\Controllers\Reporting\Organizational_data\Org_annual_narrative_report.php(376): view('template/index', Array)
#7 E:\www\FAWE\system\CodeIgniter.php(918): App\Controllers\Reporting\Organizational_data\org_annual_narrative_report->view('3')
#8 E:\www\FAWE\system\CodeIgniter.php(404): CodeIgniter\CodeIgniter->runController(Object(App\Controllers\Reporting\Organizational_data\org_annual_narrative_report))
#9 E:\www\FAWE\system\CodeIgniter.php(312): CodeIgniter\CodeIgniter->handleRequest(NULL, Object(Config\Cache), false)
#10 E:\www\FAWE\index.php(45): CodeIgniter\CodeIgniter->run()
#11 {main}
CRITICAL - 2021-09-10 06:49:08 --> Undefined variable: db
#0 E:\www\FAWE\app\Views\office\reporting\organizational_data\org_annual_narrative_report\view.php(110): CodeIgniter\Debug\Exceptions->errorHandler(8, 'Undefined varia...', 'E:\\www\\FAWE\\ap...', 110, Array)
#1 E:\www\FAWE\system\View\View.php(246): include('E:\\www\\FAWE\\ap...')
#2 E:\www\FAWE\system\Common.php(1119): CodeIgniter\View\View->render('office/reportin...', Array, true)
#3 E:\www\FAWE\app\Views\template\index.php(14): view('office/reportin...')
#4 E:\www\FAWE\system\View\View.php(246): include('E:\\www\\FAWE\\ap...')
#5 E:\www\FAWE\system\Common.php(1119): CodeIgniter\View\View->render('template/index', Array, true)
#6 E:\www\FAWE\app\Controllers\Reporting\Organizational_data\Org_annual_narrative_report.php(376): view('template/index', Array)
#7 E:\www\FAWE\system\CodeIgniter.php(918): App\Controllers\Reporting\Organizational_data\org_annual_narrative_report->view('3')
#8 E:\www\FAWE\system\CodeIgniter.php(404): CodeIgniter\CodeIgniter->runController(Object(App\Controllers\Reporting\Organizational_data\org_annual_narrative_report))
#9 E:\www\FAWE\system\CodeIgniter.php(312): CodeIgniter\CodeIgniter->handleRequest(NULL, Object(Config\Cache), false)
#10 E:\www\FAWE\index.php(45): CodeIgniter\CodeIgniter->run()
#11 {main}
