CRITICAL - 2021-01-10 22:23:37 -->  route cannot be found while reverse-routing.
#0 G:\xampp\htdocs\UBS\pime_somali\system\HTTP\RedirectResponse.php(92): CodeIgniter\HTTP\Exceptions\HTTPException::forInvalidRedirectRoute('')
#1 G:\xampp\htdocs\UBS\pime_somali\system\Common.php(845): CodeIgniter\HTTP\RedirectResponse->route(false)
#2 G:\xampp\htdocs\UBS\pime_somali\app\Controllers\Login.php(20): redirect('/auth/login/')
#3 G:\xampp\htdocs\UBS\pime_somali\system\CodeIgniter.php(918): App\Controllers\Login->index()
#4 G:\xampp\htdocs\UBS\pime_somali\system\CodeIgniter.php(404): CodeIgniter\CodeIgniter->runController(Object(App\Controllers\Login))
#5 G:\xampp\htdocs\UBS\pime_somali\system\CodeIgniter.php(312): CodeIgniter\CodeIgniter->handleRequest(NULL, Object(Config\Cache), false)
#6 G:\xampp\htdocs\UBS\pime_somali\public\index.php(45): CodeIgniter\CodeIgniter->run()
#7 {main}
CRITICAL - 2021-01-10 22:32:41 -->  route cannot be found while reverse-routing.
#0 G:\xampp\htdocs\UBS\pime_somali\system\HTTP\RedirectResponse.php(92): CodeIgniter\HTTP\Exceptions\HTTPException::forInvalidRedirectRoute('')
#1 G:\xampp\htdocs\UBS\pime_somali\system\Common.php(845): CodeIgniter\HTTP\RedirectResponse->route(false)
#2 G:\xampp\htdocs\UBS\pime_somali\app\Controllers\Login.php(20): redirect('/auth/login/')
#3 G:\xampp\htdocs\UBS\pime_somali\system\CodeIgniter.php(918): App\Controllers\Login->index()
#4 G:\xampp\htdocs\UBS\pime_somali\system\CodeIgniter.php(404): CodeIgniter\CodeIgniter->runController(Object(App\Controllers\Login))
#5 G:\xampp\htdocs\UBS\pime_somali\system\CodeIgniter.php(312): CodeIgniter\CodeIgniter->handleRequest(NULL, Object(Config\Cache), false)
#6 G:\xampp\htdocs\UBS\pime_somali\public\index.php(45): CodeIgniter\CodeIgniter->run()
#7 {main}
CRITICAL - 2021-01-10 22:33:00 -->  route cannot be found while reverse-routing.
#0 G:\xampp\htdocs\UBS\pime_somali\system\HTTP\RedirectResponse.php(92): CodeIgniter\HTTP\Exceptions\HTTPException::forInvalidRedirectRoute('')
#1 G:\xampp\htdocs\UBS\pime_somali\system\Common.php(845): CodeIgniter\HTTP\RedirectResponse->route(false)
#2 G:\xampp\htdocs\UBS\pime_somali\app\Controllers\Login.php(20): redirect('/auth/login/')
#3 G:\xampp\htdocs\UBS\pime_somali\system\CodeIgniter.php(918): App\Controllers\Login->index()
#4 G:\xampp\htdocs\UBS\pime_somali\system\CodeIgniter.php(404): CodeIgniter\CodeIgniter->runController(Object(App\Controllers\Login))
#5 G:\xampp\htdocs\UBS\pime_somali\system\CodeIgniter.php(312): CodeIgniter\CodeIgniter->handleRequest(NULL, Object(Config\Cache), false)
#6 G:\xampp\htdocs\UBS\pime_somali\public\index.php(45): CodeIgniter\CodeIgniter->run()
#7 {main}
CRITICAL - 2021-01-10 22:34:03 -->  route cannot be found while reverse-routing.
#0 G:\xampp\htdocs\UBS\pime_somali\system\HTTP\RedirectResponse.php(92): CodeIgniter\HTTP\Exceptions\HTTPException::forInvalidRedirectRoute('')
#1 G:\xampp\htdocs\UBS\pime_somali\system\Common.php(845): CodeIgniter\HTTP\RedirectResponse->route(false)
#2 G:\xampp\htdocs\UBS\pime_somali\app\Controllers\Login.php(20): redirect('/auth/login/')
#3 G:\xampp\htdocs\UBS\pime_somali\system\CodeIgniter.php(918): App\Controllers\Login->index()
#4 G:\xampp\htdocs\UBS\pime_somali\system\CodeIgniter.php(404): CodeIgniter\CodeIgniter->runController(Object(App\Controllers\Login))
#5 G:\xampp\htdocs\UBS\pime_somali\system\CodeIgniter.php(312): CodeIgniter\CodeIgniter->handleRequest(NULL, Object(Config\Cache), false)
#6 G:\xampp\htdocs\UBS\pime_somali\public\index.php(45): CodeIgniter\CodeIgniter->run()
#7 {main}
CRITICAL - 2021-01-10 22:34:48 -->  route cannot be found while reverse-routing.
#0 G:\xampp\htdocs\UBS\pime_somali\system\HTTP\RedirectResponse.php(92): CodeIgniter\HTTP\Exceptions\HTTPException::forInvalidRedirectRoute('')
#1 G:\xampp\htdocs\UBS\pime_somali\system\Common.php(845): CodeIgniter\HTTP\RedirectResponse->route(false)
#2 G:\xampp\htdocs\UBS\pime_somali\app\Controllers\Login.php(20): redirect('/auth/login/')
#3 G:\xampp\htdocs\UBS\pime_somali\system\CodeIgniter.php(918): App\Controllers\Login->index()
#4 G:\xampp\htdocs\UBS\pime_somali\system\CodeIgniter.php(404): CodeIgniter\CodeIgniter->runController(Object(App\Controllers\Login))
#5 G:\xampp\htdocs\UBS\pime_somali\system\CodeIgniter.php(312): CodeIgniter\CodeIgniter->handleRequest(NULL, Object(Config\Cache), false)
#6 G:\xampp\htdocs\UBS\pime_somali\public\index.php(45): CodeIgniter\CodeIgniter->run()
#7 {main}
CRITICAL - 2021-01-10 22:35:30 -->  route cannot be found while reverse-routing.
#0 G:\xampp\htdocs\UBS\pime_somali\system\HTTP\RedirectResponse.php(92): CodeIgniter\HTTP\Exceptions\HTTPException::forInvalidRedirectRoute('')
#1 G:\xampp\htdocs\UBS\pime_somali\system\Common.php(845): CodeIgniter\HTTP\RedirectResponse->route(false)
#2 G:\xampp\htdocs\UBS\pime_somali\app\Controllers\Login.php(20): redirect('/auth/login/')
#3 G:\xampp\htdocs\UBS\pime_somali\system\CodeIgniter.php(918): App\Controllers\Login->index()
#4 G:\xampp\htdocs\UBS\pime_somali\system\CodeIgniter.php(404): CodeIgniter\CodeIgniter->runController(Object(App\Controllers\Login))
#5 G:\xampp\htdocs\UBS\pime_somali\system\CodeIgniter.php(312): CodeIgniter\CodeIgniter->handleRequest(NULL, Object(Config\Cache), false)
#6 G:\xampp\htdocs\UBS\pime_somali\public\index.php(45): CodeIgniter\CodeIgniter->run()
#7 {main}
CRITICAL - 2021-01-10 22:38:45 --> syntax error, unexpected 'protected' (T_PROTECTED), expecting end of file
#0 G:\xampp\htdocs\UBS\pime_somali\system\Router\Router.php(195): CodeIgniter\Router\Router->autoRoute('auth/login')
#1 G:\xampp\htdocs\UBS\pime_somali\system\CodeIgniter.php(793): CodeIgniter\Router\Router->handle('auth/login')
#2 G:\xampp\htdocs\UBS\pime_somali\system\CodeIgniter.php(364): CodeIgniter\CodeIgniter->tryToRouteIt(Object(CodeIgniter\Router\RouteCollection))
#3 G:\xampp\htdocs\UBS\pime_somali\system\CodeIgniter.php(312): CodeIgniter\CodeIgniter->handleRequest(NULL, Object(Config\Cache), false)
#4 G:\xampp\htdocs\UBS\pime_somali\public\index.php(45): CodeIgniter\CodeIgniter->run()
#5 {main}
CRITICAL - 2021-01-10 22:39:35 --> syntax error, unexpected '}', expecting end of file
#0 G:\xampp\htdocs\UBS\pime_somali\system\Router\Router.php(195): CodeIgniter\Router\Router->autoRoute('auth/login')
#1 G:\xampp\htdocs\UBS\pime_somali\system\CodeIgniter.php(793): CodeIgniter\Router\Router->handle('auth/login')
#2 G:\xampp\htdocs\UBS\pime_somali\system\CodeIgniter.php(364): CodeIgniter\CodeIgniter->tryToRouteIt(Object(CodeIgniter\Router\RouteCollection))
#3 G:\xampp\htdocs\UBS\pime_somali\system\CodeIgniter.php(312): CodeIgniter\CodeIgniter->handleRequest(NULL, Object(Config\Cache), false)
#4 G:\xampp\htdocs\UBS\pime_somali\public\index.php(45): CodeIgniter\CodeIgniter->run()
#5 {main}
CRITICAL - 2021-01-10 22:40:26 --> Undefined property: App\Controllers\Auth::$tank_auth
#0 G:\xampp\htdocs\UBS\pime_somali\app\Controllers\Auth.php(22): CodeIgniter\Debug\Exceptions->errorHandler(8, 'Undefined prope...', 'G:\\xampp\\htdocs...', 22, Array)
#1 G:\xampp\htdocs\UBS\pime_somali\system\CodeIgniter.php(918): App\Controllers\Auth->login()
#2 G:\xampp\htdocs\UBS\pime_somali\system\CodeIgniter.php(404): CodeIgniter\CodeIgniter->runController(Object(App\Controllers\Auth))
#3 G:\xampp\htdocs\UBS\pime_somali\system\CodeIgniter.php(312): CodeIgniter\CodeIgniter->handleRequest(NULL, Object(Config\Cache), false)
#4 G:\xampp\htdocs\UBS\pime_somali\public\index.php(45): CodeIgniter\CodeIgniter->run()
#5 {main}
CRITICAL - 2021-01-10 22:41:18 --> Function name must be a string
#0 G:\xampp\htdocs\UBS\pime_somali\system\CodeIgniter.php(918): App\Controllers\Auth->login()
#1 G:\xampp\htdocs\UBS\pime_somali\system\CodeIgniter.php(404): CodeIgniter\CodeIgniter->runController(Object(App\Controllers\Auth))
#2 G:\xampp\htdocs\UBS\pime_somali\system\CodeIgniter.php(312): CodeIgniter\CodeIgniter->handleRequest(NULL, Object(Config\Cache), false)
#3 G:\xampp\htdocs\UBS\pime_somali\public\index.php(45): CodeIgniter\CodeIgniter->run()
#4 {main}
CRITICAL - 2021-01-10 22:41:32 --> Undefined property: App\Controllers\Auth::$tank_auth
#0 G:\xampp\htdocs\UBS\pime_somali\app\Controllers\Auth.php(28): CodeIgniter\Debug\Exceptions->errorHandler(8, 'Undefined prope...', 'G:\\xampp\\htdocs...', 28, Array)
#1 G:\xampp\htdocs\UBS\pime_somali\system\CodeIgniter.php(918): App\Controllers\Auth->login()
#2 G:\xampp\htdocs\UBS\pime_somali\system\CodeIgniter.php(404): CodeIgniter\CodeIgniter->runController(Object(App\Controllers\Auth))
#3 G:\xampp\htdocs\UBS\pime_somali\system\CodeIgniter.php(312): CodeIgniter\CodeIgniter->handleRequest(NULL, Object(Config\Cache), false)
#4 G:\xampp\htdocs\UBS\pime_somali\public\index.php(45): CodeIgniter\CodeIgniter->run()
#5 {main}
CRITICAL - 2021-01-10 22:42:03 --> Undefined property: App\Controllers\Auth::$config
#0 G:\xampp\htdocs\UBS\pime_somali\app\Controllers\Auth.php(31): CodeIgniter\Debug\Exceptions->errorHandler(8, 'Undefined prope...', 'G:\\xampp\\htdocs...', 31, Array)
#1 G:\xampp\htdocs\UBS\pime_somali\system\CodeIgniter.php(918): App\Controllers\Auth->login()
#2 G:\xampp\htdocs\UBS\pime_somali\system\CodeIgniter.php(404): CodeIgniter\CodeIgniter->runController(Object(App\Controllers\Auth))
#3 G:\xampp\htdocs\UBS\pime_somali\system\CodeIgniter.php(312): CodeIgniter\CodeIgniter->handleRequest(NULL, Object(Config\Cache), false)
#4 G:\xampp\htdocs\UBS\pime_somali\public\index.php(45): CodeIgniter\CodeIgniter->run()
#5 {main}
CRITICAL - 2021-01-10 22:42:37 --> Undefined property: App\Controllers\Auth::$config
#0 G:\xampp\htdocs\UBS\pime_somali\app\Controllers\Auth.php(31): CodeIgniter\Debug\Exceptions->errorHandler(8, 'Undefined prope...', 'G:\\xampp\\htdocs...', 31, Array)
#1 G:\xampp\htdocs\UBS\pime_somali\system\CodeIgniter.php(918): App\Controllers\Auth->login()
#2 G:\xampp\htdocs\UBS\pime_somali\system\CodeIgniter.php(404): CodeIgniter\CodeIgniter->runController(Object(App\Controllers\Auth))
#3 G:\xampp\htdocs\UBS\pime_somali\system\CodeIgniter.php(312): CodeIgniter\CodeIgniter->handleRequest(NULL, Object(Config\Cache), false)
#4 G:\xampp\htdocs\UBS\pime_somali\public\index.php(45): CodeIgniter\CodeIgniter->run()
#5 {main}
CRITICAL - 2021-01-10 23:15:31 --> Undefined property: App\Controllers\Auth::$config
#0 G:\xampp\htdocs\UBS\pime_somali\app\Controllers\Auth.php(31): CodeIgniter\Debug\Exceptions->errorHandler(8, 'Undefined prope...', 'G:\\xampp\\htdocs...', 31, Array)
#1 G:\xampp\htdocs\UBS\pime_somali\system\CodeIgniter.php(918): App\Controllers\Auth->login()
#2 G:\xampp\htdocs\UBS\pime_somali\system\CodeIgniter.php(404): CodeIgniter\CodeIgniter->runController(Object(App\Controllers\Auth))
#3 G:\xampp\htdocs\UBS\pime_somali\system\CodeIgniter.php(312): CodeIgniter\CodeIgniter->handleRequest(NULL, Object(Config\Cache), false)
#4 G:\xampp\htdocs\UBS\pime_somali\public\index.php(45): CodeIgniter\CodeIgniter->run()
#5 {main}
