CRITICAL - 2021-07-15 00:04:57 --> Table 'FAWE.project_goal1' doesn't exist
#0 E:\www\FAWE\system\Database\MySQLi\Connection.php(331): mysqli->query('select * from p...')
#1 E:\www\FAWE\system\Database\BaseConnection.php(741): CodeIgniter\Database\MySQLi\Connection->execute('select * from p...')
#2 E:\www\FAWE\system\Database\BaseConnection.php(669): CodeIgniter\Database\BaseConnection->simpleQuery('select * from p...')
#3 E:\www\FAWE\app\Views\office\planning\project_data\project_annual_plan\add.php(114): CodeIgniter\Database\BaseConnection->query('select * from p...')
#4 E:\www\FAWE\system\View\View.php(246): include('E:\\www\\FAWE\\ap...')
#5 E:\www\FAWE\system\Common.php(1119): CodeIgniter\View\View->render('office/planning...', Array, true)
#6 E:\www\FAWE\app\Views\template\index.php(14): view('office/planning...')
#7 E:\www\FAWE\system\View\View.php(246): include('E:\\www\\FAWE\\ap...')
#8 E:\www\FAWE\system\Common.php(1119): CodeIgniter\View\View->render('template/index', Array, true)
#9 E:\www\FAWE\app\Controllers\Planning\Project_annual_plan.php(190): view('template/index', Array)
#10 E:\www\FAWE\system\CodeIgniter.php(918): App\Controllers\Planning\Project_annual_plan->add('10')
#11 E:\www\FAWE\system\CodeIgniter.php(404): CodeIgniter\CodeIgniter->runController(Object(App\Controllers\Planning\Project_annual_plan))
#12 E:\www\FAWE\system\CodeIgniter.php(312): CodeIgniter\CodeIgniter->handleRequest(NULL, Object(Config\Cache), false)
#13 E:\www\FAWE\index.php(45): CodeIgniter\CodeIgniter->run()
#14 {main}
CRITICAL - 2021-07-15 00:04:58 --> Table 'FAWE.project_goal1' doesn't exist
#0 E:\www\FAWE\system\Database\MySQLi\Connection.php(331): mysqli->query('select * from p...')
#1 E:\www\FAWE\system\Database\BaseConnection.php(741): CodeIgniter\Database\MySQLi\Connection->execute('select * from p...')
#2 E:\www\FAWE\system\Database\BaseConnection.php(669): CodeIgniter\Database\BaseConnection->simpleQuery('select * from p...')
#3 E:\www\FAWE\app\Views\office\planning\project_data\project_annual_plan\add.php(114): CodeIgniter\Database\BaseConnection->query('select * from p...')
#4 E:\www\FAWE\system\View\View.php(246): include('E:\\www\\FAWE\\ap...')
#5 E:\www\FAWE\system\Common.php(1119): CodeIgniter\View\View->render('office/planning...', Array, true)
#6 E:\www\FAWE\app\Views\template\index.php(14): view('office/planning...')
#7 E:\www\FAWE\system\View\View.php(246): include('E:\\www\\FAWE\\ap...')
#8 E:\www\FAWE\system\Common.php(1119): CodeIgniter\View\View->render('template/index', Array, true)
#9 E:\www\FAWE\app\Controllers\Planning\Project_annual_plan.php(190): view('template/index', Array)
#10 E:\www\FAWE\system\CodeIgniter.php(918): App\Controllers\Planning\Project_annual_plan->add('10')
#11 E:\www\FAWE\system\CodeIgniter.php(404): CodeIgniter\CodeIgniter->runController(Object(App\Controllers\Planning\Project_annual_plan))
#12 E:\www\FAWE\system\CodeIgniter.php(312): CodeIgniter\CodeIgniter->handleRequest(NULL, Object(Config\Cache), false)
#13 E:\www\FAWE\index.php(45): CodeIgniter\CodeIgniter->run()
#14 {main}
CRITICAL - 2021-07-15 00:05:43 --> Undefined variable: project_id
#0 E:\www\FAWE\app\Views\office\planning\project_data\project_annual_plan\add.php(114): CodeIgniter\Debug\Exceptions->errorHandler(8, 'Undefined varia...', 'E:\\www\\FAWE\\ap...', 114, Array)
#1 E:\www\FAWE\system\View\View.php(246): include('E:\\www\\FAWE\\ap...')
#2 E:\www\FAWE\system\Common.php(1119): CodeIgniter\View\View->render('office/planning...', Array, true)
#3 E:\www\FAWE\app\Views\template\index.php(14): view('office/planning...')
#4 E:\www\FAWE\system\View\View.php(246): include('E:\\www\\FAWE\\ap...')
#5 E:\www\FAWE\system\Common.php(1119): CodeIgniter\View\View->render('template/index', Array, true)
#6 E:\www\FAWE\app\Controllers\Planning\Project_annual_plan.php(190): view('template/index', Array)
#7 E:\www\FAWE\system\CodeIgniter.php(918): App\Controllers\Planning\Project_annual_plan->add('10')
#8 E:\www\FAWE\system\CodeIgniter.php(404): CodeIgniter\CodeIgniter->runController(Object(App\Controllers\Planning\Project_annual_plan))
#9 E:\www\FAWE\system\CodeIgniter.php(312): CodeIgniter\CodeIgniter->handleRequest(NULL, Object(Config\Cache), false)
#10 E:\www\FAWE\index.php(45): CodeIgniter\CodeIgniter->run()
#11 {main}
CRITICAL - 2021-07-15 00:05:43 --> Undefined variable: project_id
#0 E:\www\FAWE\app\Views\office\planning\project_data\project_annual_plan\add.php(114): CodeIgniter\Debug\Exceptions->errorHandler(8, 'Undefined varia...', 'E:\\www\\FAWE\\ap...', 114, Array)
#1 E:\www\FAWE\system\View\View.php(246): include('E:\\www\\FAWE\\ap...')
#2 E:\www\FAWE\system\Common.php(1119): CodeIgniter\View\View->render('office/planning...', Array, true)
#3 E:\www\FAWE\app\Views\template\index.php(14): view('office/planning...')
#4 E:\www\FAWE\system\View\View.php(246): include('E:\\www\\FAWE\\ap...')
#5 E:\www\FAWE\system\Common.php(1119): CodeIgniter\View\View->render('template/index', Array, true)
#6 E:\www\FAWE\app\Controllers\Planning\Project_annual_plan.php(190): view('template/index', Array)
#7 E:\www\FAWE\system\CodeIgniter.php(918): App\Controllers\Planning\Project_annual_plan->add('10')
#8 E:\www\FAWE\system\CodeIgniter.php(404): CodeIgniter\CodeIgniter->runController(Object(App\Controllers\Planning\Project_annual_plan))
#9 E:\www\FAWE\system\CodeIgniter.php(312): CodeIgniter\CodeIgniter->handleRequest(NULL, Object(Config\Cache), false)
#10 E:\www\FAWE\index.php(45): CodeIgniter\CodeIgniter->run()
#11 {main}
CRITICAL - 2021-07-15 00:08:16 --> Undefined index: project_id
#0 E:\www\FAWE\app\Controllers\Planning\Project_annual_plan.php(175): CodeIgniter\Debug\Exceptions->errorHandler(8, 'Undefined index...', 'E:\\www\\FAWE\\ap...', 175, Array)
#1 E:\www\FAWE\system\CodeIgniter.php(918): App\Controllers\Planning\Project_annual_plan->add('11')
#2 E:\www\FAWE\system\CodeIgniter.php(404): CodeIgniter\CodeIgniter->runController(Object(App\Controllers\Planning\Project_annual_plan))
#3 E:\www\FAWE\system\CodeIgniter.php(312): CodeIgniter\CodeIgniter->handleRequest(NULL, Object(Config\Cache), false)
#4 E:\www\FAWE\index.php(45): CodeIgniter\CodeIgniter->run()
#5 {main}
CRITICAL - 2021-07-15 01:33:35 --> Undefined variable: q_budget
#0 E:\www\FAWE\app\Controllers\Reporting\Project_data\Project_quarterly_workplan_progress_reports.php(446): CodeIgniter\Debug\Exceptions->errorHandler(8, 'Undefined varia...', 'E:\\www\\FAWE\\ap...', 446, Array)
#1 E:\www\FAWE\system\CodeIgniter.php(918): App\Controllers\Reporting\Project_data\Project_quarterly_workplan_progress_reports->get_activity_by_project('2021', '7')
#2 E:\www\FAWE\system\CodeIgniter.php(404): CodeIgniter\CodeIgniter->runController(Object(App\Controllers\Reporting\Project_data\Project_quarterly_workplan_progress_reports))
#3 E:\www\FAWE\system\CodeIgniter.php(312): CodeIgniter\CodeIgniter->handleRequest(NULL, Object(Config\Cache), false)
#4 E:\www\FAWE\index.php(45): CodeIgniter\CodeIgniter->run()
#5 {main}
CRITICAL - 2021-07-15 01:34:18 --> Undefined variable: q_budget
#0 E:\www\FAWE\app\Controllers\Reporting\Project_data\Project_quarterly_workplan_progress_reports.php(443): CodeIgniter\Debug\Exceptions->errorHandler(8, 'Undefined varia...', 'E:\\www\\FAWE\\ap...', 443, Array)
#1 E:\www\FAWE\system\CodeIgniter.php(918): App\Controllers\Reporting\Project_data\Project_quarterly_workplan_progress_reports->get_activity_by_project('2021', '7')
#2 E:\www\FAWE\system\CodeIgniter.php(404): CodeIgniter\CodeIgniter->runController(Object(App\Controllers\Reporting\Project_data\Project_quarterly_workplan_progress_reports))
#3 E:\www\FAWE\system\CodeIgniter.php(312): CodeIgniter\CodeIgniter->handleRequest(NULL, Object(Config\Cache), false)
#4 E:\www\FAWE\index.php(45): CodeIgniter\CodeIgniter->run()
#5 {main}
CRITICAL - 2021-07-15 01:34:30 --> Undefined variable: q_budget
#0 E:\www\FAWE\app\Controllers\Reporting\Project_data\Project_quarterly_workplan_progress_reports.php(443): CodeIgniter\Debug\Exceptions->errorHandler(8, 'Undefined varia...', 'E:\\www\\FAWE\\ap...', 443, Array)
#1 E:\www\FAWE\system\CodeIgniter.php(918): App\Controllers\Reporting\Project_data\Project_quarterly_workplan_progress_reports->get_activity_by_project('2021', '7')
#2 E:\www\FAWE\system\CodeIgniter.php(404): CodeIgniter\CodeIgniter->runController(Object(App\Controllers\Reporting\Project_data\Project_quarterly_workplan_progress_reports))
#3 E:\www\FAWE\system\CodeIgniter.php(312): CodeIgniter\CodeIgniter->handleRequest(NULL, Object(Config\Cache), false)
#4 E:\www\FAWE\index.php(45): CodeIgniter\CodeIgniter->run()
#5 {main}
CRITICAL - 2021-07-15 01:34:41 --> Undefined variable: q_budget
#0 E:\www\FAWE\app\Controllers\Reporting\Project_data\Project_quarterly_workplan_progress_reports.php(443): CodeIgniter\Debug\Exceptions->errorHandler(8, 'Undefined varia...', 'E:\\www\\FAWE\\ap...', 443, Array)
#1 E:\www\FAWE\system\CodeIgniter.php(918): App\Controllers\Reporting\Project_data\Project_quarterly_workplan_progress_reports->get_activity_by_project('2021', '7')
#2 E:\www\FAWE\system\CodeIgniter.php(404): CodeIgniter\CodeIgniter->runController(Object(App\Controllers\Reporting\Project_data\Project_quarterly_workplan_progress_reports))
#3 E:\www\FAWE\system\CodeIgniter.php(312): CodeIgniter\CodeIgniter->handleRequest(NULL, Object(Config\Cache), false)
#4 E:\www\FAWE\index.php(45): CodeIgniter\CodeIgniter->run()
#5 {main}
CRITICAL - 2021-07-15 01:34:46 --> Undefined variable: q_budget
#0 E:\www\FAWE\app\Controllers\Reporting\Project_data\Project_quarterly_workplan_progress_reports.php(443): CodeIgniter\Debug\Exceptions->errorHandler(8, 'Undefined varia...', 'E:\\www\\FAWE\\ap...', 443, Array)
#1 E:\www\FAWE\system\CodeIgniter.php(918): App\Controllers\Reporting\Project_data\Project_quarterly_workplan_progress_reports->get_activity_by_project('2021', '7')
#2 E:\www\FAWE\system\CodeIgniter.php(404): CodeIgniter\CodeIgniter->runController(Object(App\Controllers\Reporting\Project_data\Project_quarterly_workplan_progress_reports))
#3 E:\www\FAWE\system\CodeIgniter.php(312): CodeIgniter\CodeIgniter->handleRequest(NULL, Object(Config\Cache), false)
#4 E:\www\FAWE\index.php(45): CodeIgniter\CodeIgniter->run()
#5 {main}
CRITICAL - 2021-07-15 01:39:51 --> Undefined variable: q_budget
#0 E:\www\FAWE\app\Controllers\Reporting\Project_data\Project_quarterly_workplan_progress_reports.php(443): CodeIgniter\Debug\Exceptions->errorHandler(8, 'Undefined varia...', 'E:\\www\\FAWE\\ap...', 443, Array)
#1 E:\www\FAWE\system\CodeIgniter.php(918): App\Controllers\Reporting\Project_data\Project_quarterly_workplan_progress_reports->get_activity_by_project('2021', '7')
#2 E:\www\FAWE\system\CodeIgniter.php(404): CodeIgniter\CodeIgniter->runController(Object(App\Controllers\Reporting\Project_data\Project_quarterly_workplan_progress_reports))
#3 E:\www\FAWE\system\CodeIgniter.php(312): CodeIgniter\CodeIgniter->handleRequest(NULL, Object(Config\Cache), false)
#4 E:\www\FAWE\index.php(45): CodeIgniter\CodeIgniter->run()
#5 {main}
CRITICAL - 2021-07-15 01:45:44 --> Undefined variable: q_budget
#0 E:\www\FAWE\app\Controllers\Reporting\Project_data\Project_quarterly_workplan_progress_reports.php(443): CodeIgniter\Debug\Exceptions->errorHandler(8, 'Undefined varia...', 'E:\\www\\FAWE\\ap...', 443, Array)
#1 E:\www\FAWE\system\CodeIgniter.php(918): App\Controllers\Reporting\Project_data\Project_quarterly_workplan_progress_reports->get_activity_by_project('Q1', '7', 'Q1')
#2 E:\www\FAWE\system\CodeIgniter.php(404): CodeIgniter\CodeIgniter->runController(Object(App\Controllers\Reporting\Project_data\Project_quarterly_workplan_progress_reports))
#3 E:\www\FAWE\system\CodeIgniter.php(312): CodeIgniter\CodeIgniter->handleRequest(NULL, Object(Config\Cache), false)
#4 E:\www\FAWE\index.php(45): CodeIgniter\CodeIgniter->run()
#5 {main}
CRITICAL - 2021-07-15 01:45:52 --> Undefined variable: q_budget
#0 E:\www\FAWE\app\Controllers\Reporting\Project_data\Project_quarterly_workplan_progress_reports.php(443): CodeIgniter\Debug\Exceptions->errorHandler(8, 'Undefined varia...', 'E:\\www\\FAWE\\ap...', 443, Array)
#1 E:\www\FAWE\system\CodeIgniter.php(918): App\Controllers\Reporting\Project_data\Project_quarterly_workplan_progress_reports->get_activity_by_project('Q2', '7', 'Q2')
#2 E:\www\FAWE\system\CodeIgniter.php(404): CodeIgniter\CodeIgniter->runController(Object(App\Controllers\Reporting\Project_data\Project_quarterly_workplan_progress_reports))
#3 E:\www\FAWE\system\CodeIgniter.php(312): CodeIgniter\CodeIgniter->handleRequest(NULL, Object(Config\Cache), false)
#4 E:\www\FAWE\index.php(45): CodeIgniter\CodeIgniter->run()
#5 {main}
CRITICAL - 2021-07-15 01:45:55 --> Undefined variable: q_budget
#0 E:\www\FAWE\app\Controllers\Reporting\Project_data\Project_quarterly_workplan_progress_reports.php(443): CodeIgniter\Debug\Exceptions->errorHandler(8, 'Undefined varia...', 'E:\\www\\FAWE\\ap...', 443, Array)
#1 E:\www\FAWE\system\CodeIgniter.php(918): App\Controllers\Reporting\Project_data\Project_quarterly_workplan_progress_reports->get_activity_by_project('Q1', '7', 'Q1')
#2 E:\www\FAWE\system\CodeIgniter.php(404): CodeIgniter\CodeIgniter->runController(Object(App\Controllers\Reporting\Project_data\Project_quarterly_workplan_progress_reports))
#3 E:\www\FAWE\system\CodeIgniter.php(312): CodeIgniter\CodeIgniter->handleRequest(NULL, Object(Config\Cache), false)
#4 E:\www\FAWE\index.php(45): CodeIgniter\CodeIgniter->run()
#5 {main}
CRITICAL - 2021-07-15 01:46:07 --> Undefined variable: q_budget
#0 E:\www\FAWE\app\Controllers\Reporting\Project_data\Project_quarterly_workplan_progress_reports.php(443): CodeIgniter\Debug\Exceptions->errorHandler(8, 'Undefined varia...', 'E:\\www\\FAWE\\ap...', 443, Array)
#1 E:\www\FAWE\system\CodeIgniter.php(918): App\Controllers\Reporting\Project_data\Project_quarterly_workplan_progress_reports->get_activity_by_project('Q1', '7', 'Q1')
#2 E:\www\FAWE\system\CodeIgniter.php(404): CodeIgniter\CodeIgniter->runController(Object(App\Controllers\Reporting\Project_data\Project_quarterly_workplan_progress_reports))
#3 E:\www\FAWE\system\CodeIgniter.php(312): CodeIgniter\CodeIgniter->handleRequest(NULL, Object(Config\Cache), false)
#4 E:\www\FAWE\index.php(45): CodeIgniter\CodeIgniter->run()
#5 {main}
CRITICAL - 2021-07-15 01:46:10 --> Undefined variable: q_budget
#0 E:\www\FAWE\app\Controllers\Reporting\Project_data\Project_quarterly_workplan_progress_reports.php(443): CodeIgniter\Debug\Exceptions->errorHandler(8, 'Undefined varia...', 'E:\\www\\FAWE\\ap...', 443, Array)
#1 E:\www\FAWE\system\CodeIgniter.php(918): App\Controllers\Reporting\Project_data\Project_quarterly_workplan_progress_reports->get_activity_by_project('Q1', '7', 'Q1')
#2 E:\www\FAWE\system\CodeIgniter.php(404): CodeIgniter\CodeIgniter->runController(Object(App\Controllers\Reporting\Project_data\Project_quarterly_workplan_progress_reports))
#3 E:\www\FAWE\system\CodeIgniter.php(312): CodeIgniter\CodeIgniter->handleRequest(NULL, Object(Config\Cache), false)
#4 E:\www\FAWE\index.php(45): CodeIgniter\CodeIgniter->run()
#5 {main}
CRITICAL - 2021-07-15 01:47:54 --> Undefined variable: q_budget
#0 E:\www\FAWE\app\Controllers\Reporting\Project_data\Project_quarterly_workplan_progress_reports.php(443): CodeIgniter\Debug\Exceptions->errorHandler(8, 'Undefined varia...', 'E:\\www\\FAWE\\ap...', 443, Array)
#1 E:\www\FAWE\system\CodeIgniter.php(918): App\Controllers\Reporting\Project_data\Project_quarterly_workplan_progress_reports->get_activity_by_project('Q1', '7', 'Q1')
#2 E:\www\FAWE\system\CodeIgniter.php(404): CodeIgniter\CodeIgniter->runController(Object(App\Controllers\Reporting\Project_data\Project_quarterly_workplan_progress_reports))
#3 E:\www\FAWE\system\CodeIgniter.php(312): CodeIgniter\CodeIgniter->handleRequest(NULL, Object(Config\Cache), false)
#4 E:\www\FAWE\index.php(45): CodeIgniter\CodeIgniter->run()
#5 {main}
CRITICAL - 2021-07-15 01:48:03 --> Undefined variable: q_budget
#0 E:\www\FAWE\app\Controllers\Reporting\Project_data\Project_quarterly_workplan_progress_reports.php(443): CodeIgniter\Debug\Exceptions->errorHandler(8, 'Undefined varia...', 'E:\\www\\FAWE\\ap...', 443, Array)
#1 E:\www\FAWE\system\CodeIgniter.php(918): App\Controllers\Reporting\Project_data\Project_quarterly_workplan_progress_reports->get_activity_by_project('Q1', '7', '[object HTMLSel...')
#2 E:\www\FAWE\system\CodeIgniter.php(404): CodeIgniter\CodeIgniter->runController(Object(App\Controllers\Reporting\Project_data\Project_quarterly_workplan_progress_reports))
#3 E:\www\FAWE\system\CodeIgniter.php(312): CodeIgniter\CodeIgniter->handleRequest(NULL, Object(Config\Cache), false)
#4 E:\www\FAWE\index.php(45): CodeIgniter\CodeIgniter->run()
#5 {main}
CRITICAL - 2021-07-15 01:48:18 --> Undefined variable: q_budget
#0 E:\www\FAWE\app\Controllers\Reporting\Project_data\Project_quarterly_workplan_progress_reports.php(443): CodeIgniter\Debug\Exceptions->errorHandler(8, 'Undefined varia...', 'E:\\www\\FAWE\\ap...', 443, Array)
#1 E:\www\FAWE\system\CodeIgniter.php(918): App\Controllers\Reporting\Project_data\Project_quarterly_workplan_progress_reports->get_activity_by_project('Q2', '7', '[object HTMLSel...')
#2 E:\www\FAWE\system\CodeIgniter.php(404): CodeIgniter\CodeIgniter->runController(Object(App\Controllers\Reporting\Project_data\Project_quarterly_workplan_progress_reports))
#3 E:\www\FAWE\system\CodeIgniter.php(312): CodeIgniter\CodeIgniter->handleRequest(NULL, Object(Config\Cache), false)
#4 E:\www\FAWE\index.php(45): CodeIgniter\CodeIgniter->run()
#5 {main}
CRITICAL - 2021-07-15 01:48:42 --> Undefined variable: q_budget
#0 E:\www\FAWE\app\Controllers\Reporting\Project_data\Project_quarterly_workplan_progress_reports.php(443): CodeIgniter\Debug\Exceptions->errorHandler(8, 'Undefined varia...', 'E:\\www\\FAWE\\ap...', 443, Array)
#1 E:\www\FAWE\system\CodeIgniter.php(918): App\Controllers\Reporting\Project_data\Project_quarterly_workplan_progress_reports->get_activity_by_project('Q1', '7', '2021')
#2 E:\www\FAWE\system\CodeIgniter.php(404): CodeIgniter\CodeIgniter->runController(Object(App\Controllers\Reporting\Project_data\Project_quarterly_workplan_progress_reports))
#3 E:\www\FAWE\system\CodeIgniter.php(312): CodeIgniter\CodeIgniter->handleRequest(NULL, Object(Config\Cache), false)
#4 E:\www\FAWE\index.php(45): CodeIgniter\CodeIgniter->run()
#5 {main}
CRITICAL - 2021-07-15 01:48:46 --> Undefined variable: q_budget
#0 E:\www\FAWE\app\Controllers\Reporting\Project_data\Project_quarterly_workplan_progress_reports.php(443): CodeIgniter\Debug\Exceptions->errorHandler(8, 'Undefined varia...', 'E:\\www\\FAWE\\ap...', 443, Array)
#1 E:\www\FAWE\system\CodeIgniter.php(918): App\Controllers\Reporting\Project_data\Project_quarterly_workplan_progress_reports->get_activity_by_project('Q1', '7', '2021')
#2 E:\www\FAWE\system\CodeIgniter.php(404): CodeIgniter\CodeIgniter->runController(Object(App\Controllers\Reporting\Project_data\Project_quarterly_workplan_progress_reports))
#3 E:\www\FAWE\system\CodeIgniter.php(312): CodeIgniter\CodeIgniter->handleRequest(NULL, Object(Config\Cache), false)
#4 E:\www\FAWE\index.php(45): CodeIgniter\CodeIgniter->run()
#5 {main}
CRITICAL - 2021-07-15 01:55:00 --> Undefined variable: year
#0 E:\www\FAWE\app\Controllers\Reporting\Project_data\Project_quarterly_workplan_progress_reports.php(407): CodeIgniter\Debug\Exceptions->errorHandler(8, 'Undefined varia...', 'E:\\www\\FAWE\\ap...', 407, Array)
#1 E:\www\FAWE\system\CodeIgniter.php(918): App\Controllers\Reporting\Project_data\Project_quarterly_workplan_progress_reports->get_activity_by_project('Q1', '7', '2021')
#2 E:\www\FAWE\system\CodeIgniter.php(404): CodeIgniter\CodeIgniter->runController(Object(App\Controllers\Reporting\Project_data\Project_quarterly_workplan_progress_reports))
#3 E:\www\FAWE\system\CodeIgniter.php(312): CodeIgniter\CodeIgniter->handleRequest(NULL, Object(Config\Cache), false)
#4 E:\www\FAWE\index.php(45): CodeIgniter\CodeIgniter->run()
#5 {main}
CRITICAL - 2021-07-15 02:27:44 --> Undefined variable: db
#0 E:\www\FAWE\app\Controllers\Planning\Project_annual_plan.php(391): CodeIgniter\Debug\Exceptions->errorHandler(8, 'Undefined varia...', 'E:\\www\\FAWE\\ap...', 391, Array)
#1 E:\www\FAWE\system\CodeIgniter.php(918): App\Controllers\Planning\Project_annual_plan->update_plan('11', '')
#2 E:\www\FAWE\system\CodeIgniter.php(404): CodeIgniter\CodeIgniter->runController(Object(App\Controllers\Planning\Project_annual_plan))
#3 E:\www\FAWE\system\CodeIgniter.php(312): CodeIgniter\CodeIgniter->handleRequest(NULL, Object(Config\Cache), false)
#4 E:\www\FAWE\index.php(45): CodeIgniter\CodeIgniter->run()
#5 {main}
CRITICAL - 2021-07-15 02:28:06 --> Array to string conversion
#0 E:\www\FAWE\app\Controllers\Planning\Project_annual_plan.php(391): CodeIgniter\Debug\Exceptions->errorHandler(8, 'Array to string...', 'E:\\www\\FAWE\\ap...', 391, Array)
#1 E:\www\FAWE\system\CodeIgniter.php(918): App\Controllers\Planning\Project_annual_plan->update_plan('11', '')
#2 E:\www\FAWE\system\CodeIgniter.php(404): CodeIgniter\CodeIgniter->runController(Object(App\Controllers\Planning\Project_annual_plan))
#3 E:\www\FAWE\system\CodeIgniter.php(312): CodeIgniter\CodeIgniter->handleRequest(NULL, Object(Config\Cache), false)
#4 E:\www\FAWE\index.php(45): CodeIgniter\CodeIgniter->run()
#5 {main}
CRITICAL - 2021-07-15 02:29:04 --> Undefined offset: 0
#0 E:\www\FAWE\app\Controllers\Planning\Project_annual_plan.php(390): CodeIgniter\Debug\Exceptions->errorHandler(8, 'Undefined offse...', 'E:\\www\\FAWE\\ap...', 390, Array)
#1 E:\www\FAWE\system\CodeIgniter.php(918): App\Controllers\Planning\Project_annual_plan->update_plan('11', '')
#2 E:\www\FAWE\system\CodeIgniter.php(404): CodeIgniter\CodeIgniter->runController(Object(App\Controllers\Planning\Project_annual_plan))
#3 E:\www\FAWE\system\CodeIgniter.php(312): CodeIgniter\CodeIgniter->handleRequest(NULL, Object(Config\Cache), false)
#4 E:\www\FAWE\index.php(45): CodeIgniter\CodeIgniter->run()
#5 {main}
CRITICAL - 2021-07-15 02:36:37 --> Undefined variable: db
#0 E:\www\FAWE\app\Controllers\Planning\Project_annual_plan.php(393): CodeIgniter\Debug\Exceptions->errorHandler(8, 'Undefined varia...', 'E:\\www\\FAWE\\ap...', 393, Array)
#1 E:\www\FAWE\system\CodeIgniter.php(918): App\Controllers\Planning\Project_annual_plan->update_plan('11', '')
#2 E:\www\FAWE\system\CodeIgniter.php(404): CodeIgniter\CodeIgniter->runController(Object(App\Controllers\Planning\Project_annual_plan))
#3 E:\www\FAWE\system\CodeIgniter.php(312): CodeIgniter\CodeIgniter->handleRequest(NULL, Object(Config\Cache), false)
#4 E:\www\FAWE\index.php(45): CodeIgniter\CodeIgniter->run()
#5 {main}
CRITICAL - 2021-07-15 02:36:51 --> You have an error in your SQL syntax; check the manual that corresponds to your MariaDB server version for the right syntax to use near '= '1' and year = '2021'' at line 1
#0 E:\www\FAWE\system\Database\MySQLi\Connection.php(331): mysqli->query('delete from act...')
#1 E:\www\FAWE\system\Database\BaseConnection.php(741): CodeIgniter\Database\MySQLi\Connection->execute('delete from act...')
#2 E:\www\FAWE\system\Database\BaseConnection.php(669): CodeIgniter\Database\BaseConnection->simpleQuery('delete from act...')
#3 E:\www\FAWE\app\Controllers\Planning\Project_annual_plan.php(393): CodeIgniter\Database\BaseConnection->query('delete from act...')
#4 E:\www\FAWE\system\CodeIgniter.php(918): App\Controllers\Planning\Project_annual_plan->update_plan('11', '')
#5 E:\www\FAWE\system\CodeIgniter.php(404): CodeIgniter\CodeIgniter->runController(Object(App\Controllers\Planning\Project_annual_plan))
#6 E:\www\FAWE\system\CodeIgniter.php(312): CodeIgniter\CodeIgniter->handleRequest(NULL, Object(Config\Cache), false)
#7 E:\www\FAWE\index.php(45): CodeIgniter\CodeIgniter->run()
#8 {main}
CRITICAL - 2021-07-15 02:38:16 --> You have an error in your SQL syntax; check the manual that corresponds to your MariaDB server version for the right syntax to use near '= '1' and year = '2021'' at line 1
#0 E:\www\FAWE\system\Database\MySQLi\Connection.php(331): mysqli->query('delete from act...')
#1 E:\www\FAWE\system\Database\BaseConnection.php(741): CodeIgniter\Database\MySQLi\Connection->execute('delete from act...')
#2 E:\www\FAWE\system\Database\BaseConnection.php(669): CodeIgniter\Database\BaseConnection->simpleQuery('delete from act...')
#3 E:\www\FAWE\app\Controllers\Planning\Project_annual_plan.php(393): CodeIgniter\Database\BaseConnection->query('delete from act...')
#4 E:\www\FAWE\system\CodeIgniter.php(918): App\Controllers\Planning\Project_annual_plan->update_plan('11', '')
#5 E:\www\FAWE\system\CodeIgniter.php(404): CodeIgniter\CodeIgniter->runController(Object(App\Controllers\Planning\Project_annual_plan))
#6 E:\www\FAWE\system\CodeIgniter.php(312): CodeIgniter\CodeIgniter->handleRequest(NULL, Object(Config\Cache), false)
#7 E:\www\FAWE\index.php(45): CodeIgniter\CodeIgniter->run()
#8 {main}
CRITICAL - 2021-07-15 02:54:43 --> Undefined variable: quarter
#0 E:\www\FAWE\app\Controllers\Reporting\Project_data\Project_quarterly_workplan_progress_reports.php(408): CodeIgniter\Debug\Exceptions->errorHandler(8, 'Undefined varia...', 'E:\\www\\FAWE\\ap...', 408, Array)
#1 E:\www\FAWE\system\CodeIgniter.php(918): App\Controllers\Reporting\Project_data\Project_quarterly_workplan_progress_reports->get_activity_by_year('2022', '7', 'Q1')
#2 E:\www\FAWE\system\CodeIgniter.php(404): CodeIgniter\CodeIgniter->runController(Object(App\Controllers\Reporting\Project_data\Project_quarterly_workplan_progress_reports))
#3 E:\www\FAWE\system\CodeIgniter.php(312): CodeIgniter\CodeIgniter->handleRequest(NULL, Object(Config\Cache), false)
#4 E:\www\FAWE\index.php(45): CodeIgniter\CodeIgniter->run()
#5 {main}
CRITICAL - 2021-07-15 02:54:46 --> Undefined variable: quarter
#0 E:\www\FAWE\app\Controllers\Reporting\Project_data\Project_quarterly_workplan_progress_reports.php(408): CodeIgniter\Debug\Exceptions->errorHandler(8, 'Undefined varia...', 'E:\\www\\FAWE\\ap...', 408, Array)
#1 E:\www\FAWE\system\CodeIgniter.php(918): App\Controllers\Reporting\Project_data\Project_quarterly_workplan_progress_reports->get_activity_by_year('2021', '7', 'Q1')
#2 E:\www\FAWE\system\CodeIgniter.php(404): CodeIgniter\CodeIgniter->runController(Object(App\Controllers\Reporting\Project_data\Project_quarterly_workplan_progress_reports))
#3 E:\www\FAWE\system\CodeIgniter.php(312): CodeIgniter\CodeIgniter->handleRequest(NULL, Object(Config\Cache), false)
#4 E:\www\FAWE\index.php(45): CodeIgniter\CodeIgniter->run()
#5 {main}
CRITICAL - 2021-07-15 02:55:08 --> Undefined variable: quarter
#0 E:\www\FAWE\app\Controllers\Reporting\Project_data\Project_quarterly_workplan_progress_reports.php(408): CodeIgniter\Debug\Exceptions->errorHandler(8, 'Undefined varia...', 'E:\\www\\FAWE\\ap...', 408, Array)
#1 E:\www\FAWE\system\CodeIgniter.php(918): App\Controllers\Reporting\Project_data\Project_quarterly_workplan_progress_reports->get_activity_by_year('2022', '7', 'Q1')
#2 E:\www\FAWE\system\CodeIgniter.php(404): CodeIgniter\CodeIgniter->runController(Object(App\Controllers\Reporting\Project_data\Project_quarterly_workplan_progress_reports))
#3 E:\www\FAWE\system\CodeIgniter.php(312): CodeIgniter\CodeIgniter->handleRequest(NULL, Object(Config\Cache), false)
#4 E:\www\FAWE\index.php(45): CodeIgniter\CodeIgniter->run()
#5 {main}
CRITICAL - 2021-07-15 02:55:11 --> Undefined variable: quarter
#0 E:\www\FAWE\app\Controllers\Reporting\Project_data\Project_quarterly_workplan_progress_reports.php(408): CodeIgniter\Debug\Exceptions->errorHandler(8, 'Undefined varia...', 'E:\\www\\FAWE\\ap...', 408, Array)
#1 E:\www\FAWE\system\CodeIgniter.php(918): App\Controllers\Reporting\Project_data\Project_quarterly_workplan_progress_reports->get_activity_by_year('2022', '7', 'Q1')
#2 E:\www\FAWE\system\CodeIgniter.php(404): CodeIgniter\CodeIgniter->runController(Object(App\Controllers\Reporting\Project_data\Project_quarterly_workplan_progress_reports))
#3 E:\www\FAWE\system\CodeIgniter.php(312): CodeIgniter\CodeIgniter->handleRequest(NULL, Object(Config\Cache), false)
#4 E:\www\FAWE\index.php(45): CodeIgniter\CodeIgniter->run()
#5 {main}
CRITICAL - 2021-07-15 02:55:24 --> Undefined variable: quarter
#0 E:\www\FAWE\app\Controllers\Reporting\Project_data\Project_quarterly_workplan_progress_reports.php(408): CodeIgniter\Debug\Exceptions->errorHandler(8, 'Undefined varia...', 'E:\\www\\FAWE\\ap...', 408, Array)
#1 E:\www\FAWE\system\CodeIgniter.php(918): App\Controllers\Reporting\Project_data\Project_quarterly_workplan_progress_reports->get_activity_by_year('2022', '7', 'Q1')
#2 E:\www\FAWE\system\CodeIgniter.php(404): CodeIgniter\CodeIgniter->runController(Object(App\Controllers\Reporting\Project_data\Project_quarterly_workplan_progress_reports))
#3 E:\www\FAWE\system\CodeIgniter.php(312): CodeIgniter\CodeIgniter->handleRequest(NULL, Object(Config\Cache), false)
#4 E:\www\FAWE\index.php(45): CodeIgniter\CodeIgniter->run()
#5 {main}
CRITICAL - 2021-07-15 05:24:11 --> trim() expects parameter 1 to be string, array given
#0 [internal function]: CodeIgniter\Debug\Exceptions->errorHandler(2, 'trim() expects ...', 'E:\\www\\FAWE\\sy...', 309, Array)
#1 E:\www\FAWE\system\Validation\Validation.php(309): trim(Array)
#2 E:\www\FAWE\system\Validation\Validation.php(189): CodeIgniter\Validation\Validation->processRules('year', 'Year', Array, Array, Array)
#3 E:\www\FAWE\app\Controllers\Reporting\Project_data\Project_quarterly_workplan_progress_reports.php(100): CodeIgniter\Validation\Validation->run()
#4 E:\www\FAWE\system\CodeIgniter.php(918): App\Controllers\Reporting\Project_data\Project_quarterly_workplan_progress_reports->add()
#5 E:\www\FAWE\system\CodeIgniter.php(404): CodeIgniter\CodeIgniter->runController(Object(App\Controllers\Reporting\Project_data\Project_quarterly_workplan_progress_reports))
#6 E:\www\FAWE\system\CodeIgniter.php(312): CodeIgniter\CodeIgniter->handleRequest(NULL, Object(Config\Cache), false)
#7 E:\www\FAWE\index.php(45): CodeIgniter\CodeIgniter->run()
#8 {main}
CRITICAL - 2021-07-15 05:27:22 --> trim() expects parameter 1 to be string, array given
#0 [internal function]: CodeIgniter\Debug\Exceptions->errorHandler(2, 'trim() expects ...', 'E:\\www\\FAWE\\sy...', 309, Array)
#1 E:\www\FAWE\system\Validation\Validation.php(309): trim(Array)
#2 E:\www\FAWE\system\Validation\Validation.php(189): CodeIgniter\Validation\Validation->processRules('year', 'Year', Array, Array, Array)
#3 E:\www\FAWE\app\Controllers\Reporting\Project_data\Project_quarterly_workplan_progress_reports.php(100): CodeIgniter\Validation\Validation->run()
#4 E:\www\FAWE\system\CodeIgniter.php(918): App\Controllers\Reporting\Project_data\Project_quarterly_workplan_progress_reports->add()
#5 E:\www\FAWE\system\CodeIgniter.php(404): CodeIgniter\CodeIgniter->runController(Object(App\Controllers\Reporting\Project_data\Project_quarterly_workplan_progress_reports))
#6 E:\www\FAWE\system\CodeIgniter.php(312): CodeIgniter\CodeIgniter->handleRequest(NULL, Object(Config\Cache), false)
#7 E:\www\FAWE\index.php(45): CodeIgniter\CodeIgniter->run()
#8 {main}
CRITICAL - 2021-07-15 05:38:26 --> trim() expects parameter 1 to be string, array given
#0 [internal function]: CodeIgniter\Debug\Exceptions->errorHandler(2, 'trim() expects ...', 'E:\\www\\FAWE\\sy...', 309, Array)
#1 E:\www\FAWE\system\Validation\Validation.php(309): trim(Array)
#2 E:\www\FAWE\system\Validation\Validation.php(189): CodeIgniter\Validation\Validation->processRules('year', 'Year', Array, Array, Array)
#3 E:\www\FAWE\app\Controllers\Reporting\Project_data\Project_quarterly_workplan_progress_reports.php(100): CodeIgniter\Validation\Validation->run()
#4 E:\www\FAWE\system\CodeIgniter.php(918): App\Controllers\Reporting\Project_data\Project_quarterly_workplan_progress_reports->add()
#5 E:\www\FAWE\system\CodeIgniter.php(404): CodeIgniter\CodeIgniter->runController(Object(App\Controllers\Reporting\Project_data\Project_quarterly_workplan_progress_reports))
#6 E:\www\FAWE\system\CodeIgniter.php(312): CodeIgniter\CodeIgniter->handleRequest(NULL, Object(Config\Cache), false)
#7 E:\www\FAWE\index.php(45): CodeIgniter\CodeIgniter->run()
#8 {main}
CRITICAL - 2021-07-15 05:41:42 --> trim() expects parameter 1 to be string, array given
#0 [internal function]: CodeIgniter\Debug\Exceptions->errorHandler(2, 'trim() expects ...', 'E:\\www\\FAWE\\sy...', 309, Array)
#1 E:\www\FAWE\system\Validation\Validation.php(309): trim(Array)
#2 E:\www\FAWE\system\Validation\Validation.php(189): CodeIgniter\Validation\Validation->processRules('year', 'Year', Array, Array, Array)
#3 E:\www\FAWE\app\Controllers\Reporting\Project_data\Project_quarterly_workplan_progress_reports.php(100): CodeIgniter\Validation\Validation->run()
#4 E:\www\FAWE\system\CodeIgniter.php(918): App\Controllers\Reporting\Project_data\Project_quarterly_workplan_progress_reports->add()
#5 E:\www\FAWE\system\CodeIgniter.php(404): CodeIgniter\CodeIgniter->runController(Object(App\Controllers\Reporting\Project_data\Project_quarterly_workplan_progress_reports))
#6 E:\www\FAWE\system\CodeIgniter.php(312): CodeIgniter\CodeIgniter->handleRequest(NULL, Object(Config\Cache), false)
#7 E:\www\FAWE\index.php(45): CodeIgniter\CodeIgniter->run()
#8 {main}
CRITICAL - 2021-07-15 05:42:55 --> trim() expects parameter 1 to be string, array given
#0 [internal function]: CodeIgniter\Debug\Exceptions->errorHandler(2, 'trim() expects ...', 'E:\\www\\FAWE\\sy...', 309, Array)
#1 E:\www\FAWE\system\Validation\Validation.php(309): trim(Array)
#2 E:\www\FAWE\system\Validation\Validation.php(189): CodeIgniter\Validation\Validation->processRules('year', 'Year', Array, Array, Array)
#3 E:\www\FAWE\app\Controllers\Reporting\Project_data\Project_quarterly_workplan_progress_reports.php(100): CodeIgniter\Validation\Validation->run()
#4 E:\www\FAWE\system\CodeIgniter.php(918): App\Controllers\Reporting\Project_data\Project_quarterly_workplan_progress_reports->add()
#5 E:\www\FAWE\system\CodeIgniter.php(404): CodeIgniter\CodeIgniter->runController(Object(App\Controllers\Reporting\Project_data\Project_quarterly_workplan_progress_reports))
#6 E:\www\FAWE\system\CodeIgniter.php(312): CodeIgniter\CodeIgniter->handleRequest(NULL, Object(Config\Cache), false)
#7 E:\www\FAWE\index.php(45): CodeIgniter\CodeIgniter->run()
#8 {main}
CRITICAL - 2021-07-15 05:46:54 --> trim() expects parameter 1 to be string, array given
#0 [internal function]: CodeIgniter\Debug\Exceptions->errorHandler(2, 'trim() expects ...', 'E:\\www\\FAWE\\sy...', 309, Array)
#1 E:\www\FAWE\system\Validation\Validation.php(309): trim(Array)
#2 E:\www\FAWE\system\Validation\Validation.php(189): CodeIgniter\Validation\Validation->processRules('year', 'Year', Array, Array, Array)
#3 E:\www\FAWE\app\Controllers\Reporting\Project_data\Project_quarterly_workplan_progress_reports.php(100): CodeIgniter\Validation\Validation->run()
#4 E:\www\FAWE\system\CodeIgniter.php(918): App\Controllers\Reporting\Project_data\Project_quarterly_workplan_progress_reports->add()
#5 E:\www\FAWE\system\CodeIgniter.php(404): CodeIgniter\CodeIgniter->runController(Object(App\Controllers\Reporting\Project_data\Project_quarterly_workplan_progress_reports))
#6 E:\www\FAWE\system\CodeIgniter.php(312): CodeIgniter\CodeIgniter->handleRequest(NULL, Object(Config\Cache), false)
#7 E:\www\FAWE\index.php(45): CodeIgniter\CodeIgniter->run()
#8 {main}
CRITICAL - 2021-07-15 05:49:34 --> trim() expects parameter 1 to be string, array given
#0 [internal function]: CodeIgniter\Debug\Exceptions->errorHandler(2, 'trim() expects ...', 'E:\\www\\FAWE\\sy...', 309, Array)
#1 E:\www\FAWE\system\Validation\Validation.php(309): trim(Array)
#2 E:\www\FAWE\system\Validation\Validation.php(189): CodeIgniter\Validation\Validation->processRules('year', 'Year', Array, Array, Array)
#3 E:\www\FAWE\app\Controllers\Reporting\Project_data\Project_quarterly_workplan_progress_reports.php(100): CodeIgniter\Validation\Validation->run()
#4 E:\www\FAWE\system\CodeIgniter.php(918): App\Controllers\Reporting\Project_data\Project_quarterly_workplan_progress_reports->add()
#5 E:\www\FAWE\system\CodeIgniter.php(404): CodeIgniter\CodeIgniter->runController(Object(App\Controllers\Reporting\Project_data\Project_quarterly_workplan_progress_reports))
#6 E:\www\FAWE\system\CodeIgniter.php(312): CodeIgniter\CodeIgniter->handleRequest(NULL, Object(Config\Cache), false)
#7 E:\www\FAWE\index.php(45): CodeIgniter\CodeIgniter->run()
#8 {main}
CRITICAL - 2021-07-15 05:49:45 --> trim() expects parameter 1 to be string, array given
#0 [internal function]: CodeIgniter\Debug\Exceptions->errorHandler(2, 'trim() expects ...', 'E:\\www\\FAWE\\sy...', 309, Array)
#1 E:\www\FAWE\system\Validation\Validation.php(309): trim(Array)
#2 E:\www\FAWE\system\Validation\Validation.php(189): CodeIgniter\Validation\Validation->processRules('quarter', 'Quarter', Array, Array, Array)
#3 E:\www\FAWE\app\Controllers\Reporting\Project_data\Project_quarterly_workplan_progress_reports.php(100): CodeIgniter\Validation\Validation->run()
#4 E:\www\FAWE\system\CodeIgniter.php(918): App\Controllers\Reporting\Project_data\Project_quarterly_workplan_progress_reports->add()
#5 E:\www\FAWE\system\CodeIgniter.php(404): CodeIgniter\CodeIgniter->runController(Object(App\Controllers\Reporting\Project_data\Project_quarterly_workplan_progress_reports))
#6 E:\www\FAWE\system\CodeIgniter.php(312): CodeIgniter\CodeIgniter->handleRequest(NULL, Object(Config\Cache), false)
#7 E:\www\FAWE\index.php(45): CodeIgniter\CodeIgniter->run()
#8 {main}
CRITICAL - 2021-07-15 05:51:32 --> Operand should contain 1 column(s)
#0 E:\www\FAWE\system\Database\MySQLi\Connection.php(331): mysqli->query('INSERT INTO `pr...')
#1 E:\www\FAWE\system\Database\BaseConnection.php(741): CodeIgniter\Database\MySQLi\Connection->execute('INSERT INTO `pr...')
#2 E:\www\FAWE\system\Database\BaseConnection.php(669): CodeIgniter\Database\BaseConnection->simpleQuery('INSERT INTO `pr...')
#3 E:\www\FAWE\system\Database\BaseBuilder.php(2249): CodeIgniter\Database\BaseConnection->query('INSERT INTO `pr...', Array, false)
#4 E:\www\FAWE\system\Model.php(755): CodeIgniter\Database\BaseBuilder->insert()
#5 E:\www\FAWE\app\Controllers\Reporting\Project_data\Project_quarterly_workplan_progress_reports.php(119): CodeIgniter\Model->insert(Array)
#6 E:\www\FAWE\system\CodeIgniter.php(918): App\Controllers\Reporting\Project_data\Project_quarterly_workplan_progress_reports->add()
#7 E:\www\FAWE\system\CodeIgniter.php(404): CodeIgniter\CodeIgniter->runController(Object(App\Controllers\Reporting\Project_data\Project_quarterly_workplan_progress_reports))
#8 E:\www\FAWE\system\CodeIgniter.php(312): CodeIgniter\CodeIgniter->handleRequest(NULL, Object(Config\Cache), false)
#9 E:\www\FAWE\index.php(45): CodeIgniter\CodeIgniter->run()
#10 {main}
CRITICAL - 2021-07-15 05:51:50 --> Operand should contain 1 column(s)
#0 E:\www\FAWE\system\Database\MySQLi\Connection.php(331): mysqli->query('INSERT INTO `pr...')
#1 E:\www\FAWE\system\Database\BaseConnection.php(741): CodeIgniter\Database\MySQLi\Connection->execute('INSERT INTO `pr...')
#2 E:\www\FAWE\system\Database\BaseConnection.php(669): CodeIgniter\Database\BaseConnection->simpleQuery('INSERT INTO `pr...')
#3 E:\www\FAWE\system\Database\BaseBuilder.php(2249): CodeIgniter\Database\BaseConnection->query('INSERT INTO `pr...', Array, false)
#4 E:\www\FAWE\system\Model.php(755): CodeIgniter\Database\BaseBuilder->insert()
#5 E:\www\FAWE\app\Controllers\Reporting\Project_data\Project_quarterly_workplan_progress_reports.php(119): CodeIgniter\Model->insert(Array)
#6 E:\www\FAWE\system\CodeIgniter.php(918): App\Controllers\Reporting\Project_data\Project_quarterly_workplan_progress_reports->add()
#7 E:\www\FAWE\system\CodeIgniter.php(404): CodeIgniter\CodeIgniter->runController(Object(App\Controllers\Reporting\Project_data\Project_quarterly_workplan_progress_reports))
#8 E:\www\FAWE\system\CodeIgniter.php(312): CodeIgniter\CodeIgniter->handleRequest(NULL, Object(Config\Cache), false)
#9 E:\www\FAWE\index.php(45): CodeIgniter\CodeIgniter->run()
#10 {main}
CRITICAL - 2021-07-15 05:54:09 --> trim() expects parameter 1 to be string, array given
#0 [internal function]: CodeIgniter\Debug\Exceptions->errorHandler(2, 'trim() expects ...', 'E:\\www\\FAWE\\sy...', 309, Array)
#1 E:\www\FAWE\system\Validation\Validation.php(309): trim(Array)
#2 E:\www\FAWE\system\Validation\Validation.php(189): CodeIgniter\Validation\Validation->processRules('year', 'Year', Array, Array, Array)
#3 E:\www\FAWE\app\Controllers\Reporting\Project_data\Project_quarterly_workplan_progress_reports.php(100): CodeIgniter\Validation\Validation->run()
#4 E:\www\FAWE\system\CodeIgniter.php(918): App\Controllers\Reporting\Project_data\Project_quarterly_workplan_progress_reports->add()
#5 E:\www\FAWE\system\CodeIgniter.php(404): CodeIgniter\CodeIgniter->runController(Object(App\Controllers\Reporting\Project_data\Project_quarterly_workplan_progress_reports))
#6 E:\www\FAWE\system\CodeIgniter.php(312): CodeIgniter\CodeIgniter->handleRequest(NULL, Object(Config\Cache), false)
#7 E:\www\FAWE\index.php(45): CodeIgniter\CodeIgniter->run()
#8 {main}
CRITICAL - 2021-07-15 05:54:43 --> trim() expects parameter 1 to be string, array given
#0 [internal function]: CodeIgniter\Debug\Exceptions->errorHandler(2, 'trim() expects ...', 'E:\\www\\FAWE\\sy...', 309, Array)
#1 E:\www\FAWE\system\Validation\Validation.php(309): trim(Array)
#2 E:\www\FAWE\system\Validation\Validation.php(189): CodeIgniter\Validation\Validation->processRules('year', 'Year', Array, Array, Array)
#3 E:\www\FAWE\app\Controllers\Reporting\Project_data\Project_quarterly_workplan_progress_reports.php(100): CodeIgniter\Validation\Validation->run()
#4 E:\www\FAWE\system\CodeIgniter.php(918): App\Controllers\Reporting\Project_data\Project_quarterly_workplan_progress_reports->add()
#5 E:\www\FAWE\system\CodeIgniter.php(404): CodeIgniter\CodeIgniter->runController(Object(App\Controllers\Reporting\Project_data\Project_quarterly_workplan_progress_reports))
#6 E:\www\FAWE\system\CodeIgniter.php(312): CodeIgniter\CodeIgniter->handleRequest(NULL, Object(Config\Cache), false)
#7 E:\www\FAWE\index.php(45): CodeIgniter\CodeIgniter->run()
#8 {main}
CRITICAL - 2021-07-15 05:55:17 --> Uninitialized string offset: 2
#0 E:\www\FAWE\app\Controllers\Reporting\Project_data\Project_quarterly_workplan_progress_reports.php(144): CodeIgniter\Debug\Exceptions->errorHandler(8, 'Uninitialized s...', 'E:\\www\\FAWE\\ap...', 144, Array)
#1 E:\www\FAWE\system\CodeIgniter.php(918): App\Controllers\Reporting\Project_data\Project_quarterly_workplan_progress_reports->add()
#2 E:\www\FAWE\system\CodeIgniter.php(404): CodeIgniter\CodeIgniter->runController(Object(App\Controllers\Reporting\Project_data\Project_quarterly_workplan_progress_reports))
#3 E:\www\FAWE\system\CodeIgniter.php(312): CodeIgniter\CodeIgniter->handleRequest(NULL, Object(Config\Cache), false)
#4 E:\www\FAWE\index.php(45): CodeIgniter\CodeIgniter->run()
#5 {main}
CRITICAL - 2021-07-15 06:00:14 --> Undefined index: month
#0 E:\www\FAWE\app\Views\office\reporting\project_data\project_quarterly_workplan_progress_reports\edit.php(131): CodeIgniter\Debug\Exceptions->errorHandler(8, 'Undefined index...', 'E:\\www\\FAWE\\ap...', 131, Array)
#1 E:\www\FAWE\system\View\View.php(246): include('E:\\www\\FAWE\\ap...')
#2 E:\www\FAWE\system\Common.php(1119): CodeIgniter\View\View->render('office/reportin...', Array, true)
#3 E:\www\FAWE\app\Views\template\index.php(14): view('office/reportin...')
#4 E:\www\FAWE\system\View\View.php(246): include('E:\\www\\FAWE\\ap...')
#5 E:\www\FAWE\system\Common.php(1119): CodeIgniter\View\View->render('template/index', Array, true)
#6 E:\www\FAWE\app\Controllers\Reporting\Project_data\Project_quarterly_workplan_progress_reports.php(316): view('template/index', Array)
#7 E:\www\FAWE\system\CodeIgniter.php(918): App\Controllers\Reporting\Project_data\Project_quarterly_workplan_progress_reports->edit('1')
#8 E:\www\FAWE\system\CodeIgniter.php(404): CodeIgniter\CodeIgniter->runController(Object(App\Controllers\Reporting\Project_data\Project_quarterly_workplan_progress_reports))
#9 E:\www\FAWE\system\CodeIgniter.php(312): CodeIgniter\CodeIgniter->handleRequest(NULL, Object(Config\Cache), false)
#10 E:\www\FAWE\index.php(45): CodeIgniter\CodeIgniter->run()
#11 {main}
CRITICAL - 2021-07-15 06:00:14 --> Undefined index: month
#0 E:\www\FAWE\app\Views\office\reporting\project_data\project_quarterly_workplan_progress_reports\edit.php(131): CodeIgniter\Debug\Exceptions->errorHandler(8, 'Undefined index...', 'E:\\www\\FAWE\\ap...', 131, Array)
#1 E:\www\FAWE\system\View\View.php(246): include('E:\\www\\FAWE\\ap...')
#2 E:\www\FAWE\system\Common.php(1119): CodeIgniter\View\View->render('office/reportin...', Array, true)
#3 E:\www\FAWE\app\Views\template\index.php(14): view('office/reportin...')
#4 E:\www\FAWE\system\View\View.php(246): include('E:\\www\\FAWE\\ap...')
#5 E:\www\FAWE\system\Common.php(1119): CodeIgniter\View\View->render('template/index', Array, true)
#6 E:\www\FAWE\app\Controllers\Reporting\Project_data\Project_quarterly_workplan_progress_reports.php(316): view('template/index', Array)
#7 E:\www\FAWE\system\CodeIgniter.php(918): App\Controllers\Reporting\Project_data\Project_quarterly_workplan_progress_reports->edit('1')
#8 E:\www\FAWE\system\CodeIgniter.php(404): CodeIgniter\CodeIgniter->runController(Object(App\Controllers\Reporting\Project_data\Project_quarterly_workplan_progress_reports))
#9 E:\www\FAWE\system\CodeIgniter.php(312): CodeIgniter\CodeIgniter->handleRequest(NULL, Object(Config\Cache), false)
#10 E:\www\FAWE\index.php(45): CodeIgniter\CodeIgniter->run()
#11 {main}
CRITICAL - 2021-07-15 06:03:50 --> Trying to get property 'id' of non-object
#0 E:\www\FAWE\app\Views\office\reporting\project_data\project_quarterly_workplan_progress_reports\edit.php(75): CodeIgniter\Debug\Exceptions->errorHandler(8, 'Trying to get p...', 'E:\\www\\FAWE\\ap...', 75, Array)
#1 E:\www\FAWE\system\View\View.php(246): include('E:\\www\\FAWE\\ap...')
#2 E:\www\FAWE\system\Common.php(1119): CodeIgniter\View\View->render('office/reportin...', Array, true)
#3 E:\www\FAWE\app\Views\template\index.php(14): view('office/reportin...')
#4 E:\www\FAWE\system\View\View.php(246): include('E:\\www\\FAWE\\ap...')
#5 E:\www\FAWE\system\Common.php(1119): CodeIgniter\View\View->render('template/index', Array, true)
#6 E:\www\FAWE\app\Controllers\Reporting\Project_data\Project_quarterly_workplan_progress_reports.php(316): view('template/index', Array)
#7 E:\www\FAWE\system\CodeIgniter.php(918): App\Controllers\Reporting\Project_data\Project_quarterly_workplan_progress_reports->edit('1')
#8 E:\www\FAWE\system\CodeIgniter.php(404): CodeIgniter\CodeIgniter->runController(Object(App\Controllers\Reporting\Project_data\Project_quarterly_workplan_progress_reports))
#9 E:\www\FAWE\system\CodeIgniter.php(312): CodeIgniter\CodeIgniter->handleRequest(NULL, Object(Config\Cache), false)
#10 E:\www\FAWE\index.php(45): CodeIgniter\CodeIgniter->run()
#11 {main}
CRITICAL - 2021-07-15 06:03:50 --> Trying to get property 'id' of non-object
#0 E:\www\FAWE\app\Views\office\reporting\project_data\project_quarterly_workplan_progress_reports\edit.php(75): CodeIgniter\Debug\Exceptions->errorHandler(8, 'Trying to get p...', 'E:\\www\\FAWE\\ap...', 75, Array)
#1 E:\www\FAWE\system\View\View.php(246): include('E:\\www\\FAWE\\ap...')
#2 E:\www\FAWE\system\Common.php(1119): CodeIgniter\View\View->render('office/reportin...', Array, true)
#3 E:\www\FAWE\app\Views\template\index.php(14): view('office/reportin...')
#4 E:\www\FAWE\system\View\View.php(246): include('E:\\www\\FAWE\\ap...')
#5 E:\www\FAWE\system\Common.php(1119): CodeIgniter\View\View->render('template/index', Array, true)
#6 E:\www\FAWE\app\Controllers\Reporting\Project_data\Project_quarterly_workplan_progress_reports.php(316): view('template/index', Array)
#7 E:\www\FAWE\system\CodeIgniter.php(918): App\Controllers\Reporting\Project_data\Project_quarterly_workplan_progress_reports->edit('1')
#8 E:\www\FAWE\system\CodeIgniter.php(404): CodeIgniter\CodeIgniter->runController(Object(App\Controllers\Reporting\Project_data\Project_quarterly_workplan_progress_reports))
#9 E:\www\FAWE\system\CodeIgniter.php(312): CodeIgniter\CodeIgniter->handleRequest(NULL, Object(Config\Cache), false)
#10 E:\www\FAWE\index.php(45): CodeIgniter\CodeIgniter->run()
#11 {main}
CRITICAL - 2021-07-15 06:04:53 --> Undefined index: month
#0 E:\www\FAWE\app\Views\office\reporting\project_data\project_quarterly_workplan_progress_reports\edit.php(109): CodeIgniter\Debug\Exceptions->errorHandler(8, 'Undefined index...', 'E:\\www\\FAWE\\ap...', 109, Array)
#1 E:\www\FAWE\system\View\View.php(246): include('E:\\www\\FAWE\\ap...')
#2 E:\www\FAWE\system\Common.php(1119): CodeIgniter\View\View->render('office/reportin...', Array, true)
#3 E:\www\FAWE\app\Views\template\index.php(14): view('office/reportin...')
#4 E:\www\FAWE\system\View\View.php(246): include('E:\\www\\FAWE\\ap...')
#5 E:\www\FAWE\system\Common.php(1119): CodeIgniter\View\View->render('template/index', Array, true)
#6 E:\www\FAWE\app\Controllers\Reporting\Project_data\Project_quarterly_workplan_progress_reports.php(316): view('template/index', Array)
#7 E:\www\FAWE\system\CodeIgniter.php(918): App\Controllers\Reporting\Project_data\Project_quarterly_workplan_progress_reports->edit('1')
#8 E:\www\FAWE\system\CodeIgniter.php(404): CodeIgniter\CodeIgniter->runController(Object(App\Controllers\Reporting\Project_data\Project_quarterly_workplan_progress_reports))
#9 E:\www\FAWE\system\CodeIgniter.php(312): CodeIgniter\CodeIgniter->handleRequest(NULL, Object(Config\Cache), false)
#10 E:\www\FAWE\index.php(45): CodeIgniter\CodeIgniter->run()
#11 {main}
CRITICAL - 2021-07-15 06:04:53 --> Undefined index: month
#0 E:\www\FAWE\app\Views\office\reporting\project_data\project_quarterly_workplan_progress_reports\edit.php(109): CodeIgniter\Debug\Exceptions->errorHandler(8, 'Undefined index...', 'E:\\www\\FAWE\\ap...', 109, Array)
#1 E:\www\FAWE\system\View\View.php(246): include('E:\\www\\FAWE\\ap...')
#2 E:\www\FAWE\system\Common.php(1119): CodeIgniter\View\View->render('office/reportin...', Array, true)
#3 E:\www\FAWE\app\Views\template\index.php(14): view('office/reportin...')
#4 E:\www\FAWE\system\View\View.php(246): include('E:\\www\\FAWE\\ap...')
#5 E:\www\FAWE\system\Common.php(1119): CodeIgniter\View\View->render('template/index', Array, true)
#6 E:\www\FAWE\app\Controllers\Reporting\Project_data\Project_quarterly_workplan_progress_reports.php(316): view('template/index', Array)
#7 E:\www\FAWE\system\CodeIgniter.php(918): App\Controllers\Reporting\Project_data\Project_quarterly_workplan_progress_reports->edit('1')
#8 E:\www\FAWE\system\CodeIgniter.php(404): CodeIgniter\CodeIgniter->runController(Object(App\Controllers\Reporting\Project_data\Project_quarterly_workplan_progress_reports))
#9 E:\www\FAWE\system\CodeIgniter.php(312): CodeIgniter\CodeIgniter->handleRequest(NULL, Object(Config\Cache), false)
#10 E:\www\FAWE\index.php(45): CodeIgniter\CodeIgniter->run()
#11 {main}
CRITICAL - 2021-07-15 06:07:00 --> syntax error, unexpected ')'
#0 E:\www\FAWE\system\Common.php(1119): CodeIgniter\View\View->render('office/reportin...', Array, true)
#1 E:\www\FAWE\app\Views\template\index.php(14): view('office/reportin...')
#2 E:\www\FAWE\system\View\View.php(246): include('E:\\www\\FAWE\\ap...')
#3 E:\www\FAWE\system\Common.php(1119): CodeIgniter\View\View->render('template/index', Array, true)
#4 E:\www\FAWE\app\Controllers\Reporting\Project_data\Project_quarterly_workplan_progress_reports.php(316): view('template/index', Array)
#5 E:\www\FAWE\system\CodeIgniter.php(918): App\Controllers\Reporting\Project_data\Project_quarterly_workplan_progress_reports->edit('1')
#6 E:\www\FAWE\system\CodeIgniter.php(404): CodeIgniter\CodeIgniter->runController(Object(App\Controllers\Reporting\Project_data\Project_quarterly_workplan_progress_reports))
#7 E:\www\FAWE\system\CodeIgniter.php(312): CodeIgniter\CodeIgniter->handleRequest(NULL, Object(Config\Cache), false)
#8 E:\www\FAWE\index.php(45): CodeIgniter\CodeIgniter->run()
#9 {main}
CRITICAL - 2021-07-15 06:07:00 --> syntax error, unexpected ')'
#0 E:\www\FAWE\system\Common.php(1119): CodeIgniter\View\View->render('office/reportin...', Array, true)
#1 E:\www\FAWE\app\Views\template\index.php(14): view('office/reportin...')
#2 E:\www\FAWE\system\View\View.php(246): include('E:\\www\\FAWE\\ap...')
#3 E:\www\FAWE\system\Common.php(1119): CodeIgniter\View\View->render('template/index', Array, true)
#4 E:\www\FAWE\app\Controllers\Reporting\Project_data\Project_quarterly_workplan_progress_reports.php(316): view('template/index', Array)
#5 E:\www\FAWE\system\CodeIgniter.php(918): App\Controllers\Reporting\Project_data\Project_quarterly_workplan_progress_reports->edit('1')
#6 E:\www\FAWE\system\CodeIgniter.php(404): CodeIgniter\CodeIgniter->runController(Object(App\Controllers\Reporting\Project_data\Project_quarterly_workplan_progress_reports))
#7 E:\www\FAWE\system\CodeIgniter.php(312): CodeIgniter\CodeIgniter->handleRequest(NULL, Object(Config\Cache), false)
#8 E:\www\FAWE\index.php(45): CodeIgniter\CodeIgniter->run()
#9 {main}
CRITICAL - 2021-07-15 06:07:14 --> Undefined index: start_year
#0 E:\www\FAWE\app\Views\office\reporting\project_data\project_quarterly_workplan_progress_reports\edit.php(89): CodeIgniter\Debug\Exceptions->errorHandler(8, 'Undefined index...', 'E:\\www\\FAWE\\ap...', 89, Array)
#1 E:\www\FAWE\system\View\View.php(246): include('E:\\www\\FAWE\\ap...')
#2 E:\www\FAWE\system\Common.php(1119): CodeIgniter\View\View->render('office/reportin...', Array, true)
#3 E:\www\FAWE\app\Views\template\index.php(14): view('office/reportin...')
#4 E:\www\FAWE\system\View\View.php(246): include('E:\\www\\FAWE\\ap...')
#5 E:\www\FAWE\system\Common.php(1119): CodeIgniter\View\View->render('template/index', Array, true)
#6 E:\www\FAWE\app\Controllers\Reporting\Project_data\Project_quarterly_workplan_progress_reports.php(316): view('template/index', Array)
#7 E:\www\FAWE\system\CodeIgniter.php(918): App\Controllers\Reporting\Project_data\Project_quarterly_workplan_progress_reports->edit('1')
#8 E:\www\FAWE\system\CodeIgniter.php(404): CodeIgniter\CodeIgniter->runController(Object(App\Controllers\Reporting\Project_data\Project_quarterly_workplan_progress_reports))
#9 E:\www\FAWE\system\CodeIgniter.php(312): CodeIgniter\CodeIgniter->handleRequest(NULL, Object(Config\Cache), false)
#10 E:\www\FAWE\index.php(45): CodeIgniter\CodeIgniter->run()
#11 {main}
CRITICAL - 2021-07-15 06:07:14 --> Undefined index: start_year
#0 E:\www\FAWE\app\Views\office\reporting\project_data\project_quarterly_workplan_progress_reports\edit.php(89): CodeIgniter\Debug\Exceptions->errorHandler(8, 'Undefined index...', 'E:\\www\\FAWE\\ap...', 89, Array)
#1 E:\www\FAWE\system\View\View.php(246): include('E:\\www\\FAWE\\ap...')
#2 E:\www\FAWE\system\Common.php(1119): CodeIgniter\View\View->render('office/reportin...', Array, true)
#3 E:\www\FAWE\app\Views\template\index.php(14): view('office/reportin...')
#4 E:\www\FAWE\system\View\View.php(246): include('E:\\www\\FAWE\\ap...')
#5 E:\www\FAWE\system\Common.php(1119): CodeIgniter\View\View->render('template/index', Array, true)
#6 E:\www\FAWE\app\Controllers\Reporting\Project_data\Project_quarterly_workplan_progress_reports.php(316): view('template/index', Array)
#7 E:\www\FAWE\system\CodeIgniter.php(918): App\Controllers\Reporting\Project_data\Project_quarterly_workplan_progress_reports->edit('1')
#8 E:\www\FAWE\system\CodeIgniter.php(404): CodeIgniter\CodeIgniter->runController(Object(App\Controllers\Reporting\Project_data\Project_quarterly_workplan_progress_reports))
#9 E:\www\FAWE\system\CodeIgniter.php(312): CodeIgniter\CodeIgniter->handleRequest(NULL, Object(Config\Cache), false)
#10 E:\www\FAWE\index.php(45): CodeIgniter\CodeIgniter->run()
#11 {main}
CRITICAL - 2021-07-15 06:08:16 --> Undefined index: month
#0 E:\www\FAWE\app\Views\office\reporting\project_data\project_quarterly_workplan_progress_reports\edit.php(110): CodeIgniter\Debug\Exceptions->errorHandler(8, 'Undefined index...', 'E:\\www\\FAWE\\ap...', 110, Array)
#1 E:\www\FAWE\system\View\View.php(246): include('E:\\www\\FAWE\\ap...')
#2 E:\www\FAWE\system\Common.php(1119): CodeIgniter\View\View->render('office/reportin...', Array, true)
#3 E:\www\FAWE\app\Views\template\index.php(14): view('office/reportin...')
#4 E:\www\FAWE\system\View\View.php(246): include('E:\\www\\FAWE\\ap...')
#5 E:\www\FAWE\system\Common.php(1119): CodeIgniter\View\View->render('template/index', Array, true)
#6 E:\www\FAWE\app\Controllers\Reporting\Project_data\Project_quarterly_workplan_progress_reports.php(316): view('template/index', Array)
#7 E:\www\FAWE\system\CodeIgniter.php(918): App\Controllers\Reporting\Project_data\Project_quarterly_workplan_progress_reports->edit('1')
#8 E:\www\FAWE\system\CodeIgniter.php(404): CodeIgniter\CodeIgniter->runController(Object(App\Controllers\Reporting\Project_data\Project_quarterly_workplan_progress_reports))
#9 E:\www\FAWE\system\CodeIgniter.php(312): CodeIgniter\CodeIgniter->handleRequest(NULL, Object(Config\Cache), false)
#10 E:\www\FAWE\index.php(45): CodeIgniter\CodeIgniter->run()
#11 {main}
CRITICAL - 2021-07-15 06:08:16 --> Undefined index: month
#0 E:\www\FAWE\app\Views\office\reporting\project_data\project_quarterly_workplan_progress_reports\edit.php(110): CodeIgniter\Debug\Exceptions->errorHandler(8, 'Undefined index...', 'E:\\www\\FAWE\\ap...', 110, Array)
#1 E:\www\FAWE\system\View\View.php(246): include('E:\\www\\FAWE\\ap...')
#2 E:\www\FAWE\system\Common.php(1119): CodeIgniter\View\View->render('office/reportin...', Array, true)
#3 E:\www\FAWE\app\Views\template\index.php(14): view('office/reportin...')
#4 E:\www\FAWE\system\View\View.php(246): include('E:\\www\\FAWE\\ap...')
#5 E:\www\FAWE\system\Common.php(1119): CodeIgniter\View\View->render('template/index', Array, true)
#6 E:\www\FAWE\app\Controllers\Reporting\Project_data\Project_quarterly_workplan_progress_reports.php(316): view('template/index', Array)
#7 E:\www\FAWE\system\CodeIgniter.php(918): App\Controllers\Reporting\Project_data\Project_quarterly_workplan_progress_reports->edit('1')
#8 E:\www\FAWE\system\CodeIgniter.php(404): CodeIgniter\CodeIgniter->runController(Object(App\Controllers\Reporting\Project_data\Project_quarterly_workplan_progress_reports))
#9 E:\www\FAWE\system\CodeIgniter.php(312): CodeIgniter\CodeIgniter->handleRequest(NULL, Object(Config\Cache), false)
#10 E:\www\FAWE\index.php(45): CodeIgniter\CodeIgniter->run()
#11 {main}
CRITICAL - 2021-07-15 06:09:45 --> Undefined index: month
#0 E:\www\FAWE\app\Views\office\reporting\project_data\project_quarterly_workplan_progress_reports\edit.php(164): CodeIgniter\Debug\Exceptions->errorHandler(8, 'Undefined index...', 'E:\\www\\FAWE\\ap...', 164, Array)
#1 E:\www\FAWE\system\View\View.php(246): include('E:\\www\\FAWE\\ap...')
#2 E:\www\FAWE\system\Common.php(1119): CodeIgniter\View\View->render('office/reportin...', Array, true)
#3 E:\www\FAWE\app\Views\template\index.php(14): view('office/reportin...')
#4 E:\www\FAWE\system\View\View.php(246): include('E:\\www\\FAWE\\ap...')
#5 E:\www\FAWE\system\Common.php(1119): CodeIgniter\View\View->render('template/index', Array, true)
#6 E:\www\FAWE\app\Controllers\Reporting\Project_data\Project_quarterly_workplan_progress_reports.php(316): view('template/index', Array)
#7 E:\www\FAWE\system\CodeIgniter.php(918): App\Controllers\Reporting\Project_data\Project_quarterly_workplan_progress_reports->edit('1')
#8 E:\www\FAWE\system\CodeIgniter.php(404): CodeIgniter\CodeIgniter->runController(Object(App\Controllers\Reporting\Project_data\Project_quarterly_workplan_progress_reports))
#9 E:\www\FAWE\system\CodeIgniter.php(312): CodeIgniter\CodeIgniter->handleRequest(NULL, Object(Config\Cache), false)
#10 E:\www\FAWE\index.php(45): CodeIgniter\CodeIgniter->run()
#11 {main}
CRITICAL - 2021-07-15 06:09:45 --> Undefined index: month
#0 E:\www\FAWE\app\Views\office\reporting\project_data\project_quarterly_workplan_progress_reports\edit.php(164): CodeIgniter\Debug\Exceptions->errorHandler(8, 'Undefined index...', 'E:\\www\\FAWE\\ap...', 164, Array)
#1 E:\www\FAWE\system\View\View.php(246): include('E:\\www\\FAWE\\ap...')
#2 E:\www\FAWE\system\Common.php(1119): CodeIgniter\View\View->render('office/reportin...', Array, true)
#3 E:\www\FAWE\app\Views\template\index.php(14): view('office/reportin...')
#4 E:\www\FAWE\system\View\View.php(246): include('E:\\www\\FAWE\\ap...')
#5 E:\www\FAWE\system\Common.php(1119): CodeIgniter\View\View->render('template/index', Array, true)
#6 E:\www\FAWE\app\Controllers\Reporting\Project_data\Project_quarterly_workplan_progress_reports.php(316): view('template/index', Array)
#7 E:\www\FAWE\system\CodeIgniter.php(918): App\Controllers\Reporting\Project_data\Project_quarterly_workplan_progress_reports->edit('1')
#8 E:\www\FAWE\system\CodeIgniter.php(404): CodeIgniter\CodeIgniter->runController(Object(App\Controllers\Reporting\Project_data\Project_quarterly_workplan_progress_reports))
#9 E:\www\FAWE\system\CodeIgniter.php(312): CodeIgniter\CodeIgniter->handleRequest(NULL, Object(Config\Cache), false)
#10 E:\www\FAWE\index.php(45): CodeIgniter\CodeIgniter->run()
#11 {main}
CRITICAL - 2021-07-15 06:25:09 --> Undefined index: month
#0 E:\www\FAWE\app\Views\office\reporting\project_data\project_quarterly_workplan_progress_reports\view.php(54): CodeIgniter\Debug\Exceptions->errorHandler(8, 'Undefined index...', 'E:\\www\\FAWE\\ap...', 54, Array)
#1 E:\www\FAWE\system\View\View.php(246): include('E:\\www\\FAWE\\ap...')
#2 E:\www\FAWE\system\Common.php(1119): CodeIgniter\View\View->render('office/reportin...', Array, true)
#3 E:\www\FAWE\app\Views\template\index.php(14): view('office/reportin...')
#4 E:\www\FAWE\system\View\View.php(246): include('E:\\www\\FAWE\\ap...')
#5 E:\www\FAWE\system\Common.php(1119): CodeIgniter\View\View->render('template/index', Array, true)
#6 E:\www\FAWE\app\Controllers\Reporting\Project_data\Project_quarterly_workplan_progress_reports.php(359): view('template/index', Array)
#7 E:\www\FAWE\system\CodeIgniter.php(918): App\Controllers\Reporting\Project_data\Project_quarterly_workplan_progress_reports->view('1')
#8 E:\www\FAWE\system\CodeIgniter.php(404): CodeIgniter\CodeIgniter->runController(Object(App\Controllers\Reporting\Project_data\Project_quarterly_workplan_progress_reports))
#9 E:\www\FAWE\system\CodeIgniter.php(312): CodeIgniter\CodeIgniter->handleRequest(NULL, Object(Config\Cache), false)
#10 E:\www\FAWE\index.php(45): CodeIgniter\CodeIgniter->run()
#11 {main}
CRITICAL - 2021-07-15 06:25:09 --> Undefined index: month
#0 E:\www\FAWE\app\Views\office\reporting\project_data\project_quarterly_workplan_progress_reports\view.php(54): CodeIgniter\Debug\Exceptions->errorHandler(8, 'Undefined index...', 'E:\\www\\FAWE\\ap...', 54, Array)
#1 E:\www\FAWE\system\View\View.php(246): include('E:\\www\\FAWE\\ap...')
#2 E:\www\FAWE\system\Common.php(1119): CodeIgniter\View\View->render('office/reportin...', Array, true)
#3 E:\www\FAWE\app\Views\template\index.php(14): view('office/reportin...')
#4 E:\www\FAWE\system\View\View.php(246): include('E:\\www\\FAWE\\ap...')
#5 E:\www\FAWE\system\Common.php(1119): CodeIgniter\View\View->render('template/index', Array, true)
#6 E:\www\FAWE\app\Controllers\Reporting\Project_data\Project_quarterly_workplan_progress_reports.php(359): view('template/index', Array)
#7 E:\www\FAWE\system\CodeIgniter.php(918): App\Controllers\Reporting\Project_data\Project_quarterly_workplan_progress_reports->view('1')
#8 E:\www\FAWE\system\CodeIgniter.php(404): CodeIgniter\CodeIgniter->runController(Object(App\Controllers\Reporting\Project_data\Project_quarterly_workplan_progress_reports))
#9 E:\www\FAWE\system\CodeIgniter.php(312): CodeIgniter\CodeIgniter->handleRequest(NULL, Object(Config\Cache), false)
#10 E:\www\FAWE\index.php(45): CodeIgniter\CodeIgniter->run()
#11 {main}
CRITICAL - 2021-07-15 06:26:10 --> Undefined index: month
#0 E:\www\FAWE\app\Views\office\reporting\project_data\project_quarterly_workplan_progress_reports\view.php(54): CodeIgniter\Debug\Exceptions->errorHandler(8, 'Undefined index...', 'E:\\www\\FAWE\\ap...', 54, Array)
#1 E:\www\FAWE\system\View\View.php(246): include('E:\\www\\FAWE\\ap...')
#2 E:\www\FAWE\system\Common.php(1119): CodeIgniter\View\View->render('office/reportin...', Array, true)
#3 E:\www\FAWE\app\Views\template\index.php(14): view('office/reportin...')
#4 E:\www\FAWE\system\View\View.php(246): include('E:\\www\\FAWE\\ap...')
#5 E:\www\FAWE\system\Common.php(1119): CodeIgniter\View\View->render('template/index', Array, true)
#6 E:\www\FAWE\app\Controllers\Reporting\Project_data\Project_quarterly_workplan_progress_reports.php(359): view('template/index', Array)
#7 E:\www\FAWE\system\CodeIgniter.php(918): App\Controllers\Reporting\Project_data\Project_quarterly_workplan_progress_reports->view('1')
#8 E:\www\FAWE\system\CodeIgniter.php(404): CodeIgniter\CodeIgniter->runController(Object(App\Controllers\Reporting\Project_data\Project_quarterly_workplan_progress_reports))
#9 E:\www\FAWE\system\CodeIgniter.php(312): CodeIgniter\CodeIgniter->handleRequest(NULL, Object(Config\Cache), false)
#10 E:\www\FAWE\index.php(45): CodeIgniter\CodeIgniter->run()
#11 {main}
CRITICAL - 2021-07-15 06:26:10 --> Undefined index: month
#0 E:\www\FAWE\app\Views\office\reporting\project_data\project_quarterly_workplan_progress_reports\view.php(54): CodeIgniter\Debug\Exceptions->errorHandler(8, 'Undefined index...', 'E:\\www\\FAWE\\ap...', 54, Array)
#1 E:\www\FAWE\system\View\View.php(246): include('E:\\www\\FAWE\\ap...')
#2 E:\www\FAWE\system\Common.php(1119): CodeIgniter\View\View->render('office/reportin...', Array, true)
#3 E:\www\FAWE\app\Views\template\index.php(14): view('office/reportin...')
#4 E:\www\FAWE\system\View\View.php(246): include('E:\\www\\FAWE\\ap...')
#5 E:\www\FAWE\system\Common.php(1119): CodeIgniter\View\View->render('template/index', Array, true)
#6 E:\www\FAWE\app\Controllers\Reporting\Project_data\Project_quarterly_workplan_progress_reports.php(359): view('template/index', Array)
#7 E:\www\FAWE\system\CodeIgniter.php(918): App\Controllers\Reporting\Project_data\Project_quarterly_workplan_progress_reports->view('1')
#8 E:\www\FAWE\system\CodeIgniter.php(404): CodeIgniter\CodeIgniter->runController(Object(App\Controllers\Reporting\Project_data\Project_quarterly_workplan_progress_reports))
#9 E:\www\FAWE\system\CodeIgniter.php(312): CodeIgniter\CodeIgniter->handleRequest(NULL, Object(Config\Cache), false)
#10 E:\www\FAWE\index.php(45): CodeIgniter\CodeIgniter->run()
#11 {main}
CRITICAL - 2021-07-15 06:54:40 --> Class 'App\Controllers\Reporting\Project_data\Project_quarterly_narrative_report_model' not found
#0 E:\www\FAWE\system\CodeIgniter.php(918): App\Controllers\Reporting\Project_data\Project_semi_annual_narrative_report->index()
#1 E:\www\FAWE\system\CodeIgniter.php(404): CodeIgniter\CodeIgniter->runController(Object(App\Controllers\Reporting\Project_data\Project_semi_annual_narrative_report))
#2 E:\www\FAWE\system\CodeIgniter.php(312): CodeIgniter\CodeIgniter->handleRequest(NULL, Object(Config\Cache), false)
#3 E:\www\FAWE\index.php(45): CodeIgniter\CodeIgniter->run()
#4 {main}
CRITICAL - 2021-07-15 06:55:36 --> Class 'App\Controllers\Reporting\Project_data\Project_quarterly_narrative_report_model' not found
#0 E:\www\FAWE\system\CodeIgniter.php(918): App\Controllers\Reporting\Project_data\Project_semi_annual_narrative_report->index()
#1 E:\www\FAWE\system\CodeIgniter.php(404): CodeIgniter\CodeIgniter->runController(Object(App\Controllers\Reporting\Project_data\Project_semi_annual_narrative_report))
#2 E:\www\FAWE\system\CodeIgniter.php(312): CodeIgniter\CodeIgniter->handleRequest(NULL, Object(Config\Cache), false)
#3 E:\www\FAWE\index.php(45): CodeIgniter\CodeIgniter->run()
#4 {main}
CRITICAL - 2021-07-15 07:30:46 --> Class 'App\Controllers\Reporting\Project_data\Project_quarterly_indicator_tracking_report_model' not found
#0 E:\www\FAWE\system\CodeIgniter.php(918): App\Controllers\Reporting\Project_data\Project_semi_annual_indicator_tracking_report->index()
#1 E:\www\FAWE\system\CodeIgniter.php(404): CodeIgniter\CodeIgniter->runController(Object(App\Controllers\Reporting\Project_data\Project_semi_annual_indicator_tracking_report))
#2 E:\www\FAWE\system\CodeIgniter.php(312): CodeIgniter\CodeIgniter->handleRequest(NULL, Object(Config\Cache), false)
#3 E:\www\FAWE\index.php(45): CodeIgniter\CodeIgniter->run()
#4 {main}
CRITICAL - 2021-07-15 08:53:07 --> Class 'App\Controllers\Reporting\Project_data\Project_quarterly_workplan_progress_reports_model' not found
#0 E:\www\FAWE\system\CodeIgniter.php(918): App\Controllers\Reporting\Project_data\Project_semi_annual_workplan_progress_report->index()
#1 E:\www\FAWE\system\CodeIgniter.php(404): CodeIgniter\CodeIgniter->runController(Object(App\Controllers\Reporting\Project_data\Project_semi_annual_workplan_progress_report))
#2 E:\www\FAWE\system\CodeIgniter.php(312): CodeIgniter\CodeIgniter->handleRequest(NULL, Object(Config\Cache), false)
#3 E:\www\FAWE\index.php(45): CodeIgniter\CodeIgniter->run()
#4 {main}
CRITICAL - 2021-07-15 10:26:45 --> Undefined index: Q1%22%20%22Q2
#0 E:\www\FAWE\app\Controllers\Reporting\Project_data\Project_semi_annual_workplan_progress_report.php(468): CodeIgniter\Debug\Exceptions->errorHandler(8, 'Undefined index...', 'E:\\www\\FAWE\\ap...', 468, Array)
#1 E:\www\FAWE\system\CodeIgniter.php(918): App\Controllers\Reporting\Project_data\Project_semi_annual_workplan_progress_report->get_activity_by_quarter('Q1" "Q2', '7', '2021')
#2 E:\www\FAWE\system\CodeIgniter.php(404): CodeIgniter\CodeIgniter->runController(Object(App\Controllers\Reporting\Project_data\Project_semi_annual_workplan_progress_report))
#3 E:\www\FAWE\system\CodeIgniter.php(312): CodeIgniter\CodeIgniter->handleRequest(NULL, Object(Config\Cache), false)
#4 E:\www\FAWE\index.php(45): CodeIgniter\CodeIgniter->run()
#5 {main}
CRITICAL - 2021-07-15 10:42:32 --> Undefined index: quarter
#0 E:\www\FAWE\app\Controllers\Reporting\Project_data\Project_semi_annual_workplan_progress_report.php(426): CodeIgniter\Debug\Exceptions->errorHandler(8, 'Undefined index...', 'E:\\www\\FAWE\\ap...', 426, Array)
#1 E:\www\FAWE\system\CodeIgniter.php(918): App\Controllers\Reporting\Project_data\Project_semi_annual_workplan_progress_report->get_activity_by_year('2021', '7', '0')
#2 E:\www\FAWE\system\CodeIgniter.php(404): CodeIgniter\CodeIgniter->runController(Object(App\Controllers\Reporting\Project_data\Project_semi_annual_workplan_progress_report))
#3 E:\www\FAWE\system\CodeIgniter.php(312): CodeIgniter\CodeIgniter->handleRequest(NULL, Object(Config\Cache), false)
#4 E:\www\FAWE\index.php(45): CodeIgniter\CodeIgniter->run()
#5 {main}
CRITICAL - 2021-07-15 10:43:14 --> Undefined index: quarter
#0 E:\www\FAWE\app\Controllers\Reporting\Project_data\Project_semi_annual_workplan_progress_report.php(426): CodeIgniter\Debug\Exceptions->errorHandler(8, 'Undefined index...', 'E:\\www\\FAWE\\ap...', 426, Array)
#1 E:\www\FAWE\system\CodeIgniter.php(918): App\Controllers\Reporting\Project_data\Project_semi_annual_workplan_progress_report->get_activity_by_year('2021', '7', '0')
#2 E:\www\FAWE\system\CodeIgniter.php(404): CodeIgniter\CodeIgniter->runController(Object(App\Controllers\Reporting\Project_data\Project_semi_annual_workplan_progress_report))
#3 E:\www\FAWE\system\CodeIgniter.php(312): CodeIgniter\CodeIgniter->handleRequest(NULL, Object(Config\Cache), false)
#4 E:\www\FAWE\index.php(45): CodeIgniter\CodeIgniter->run()
#5 {main}
CRITICAL - 2021-07-15 10:47:50 --> Undefined index: quarter
#0 E:\www\FAWE\app\Controllers\Reporting\Project_data\Project_semi_annual_workplan_progress_report.php(426): CodeIgniter\Debug\Exceptions->errorHandler(8, 'Undefined index...', 'E:\\www\\FAWE\\ap...', 426, Array)
#1 E:\www\FAWE\system\CodeIgniter.php(918): App\Controllers\Reporting\Project_data\Project_semi_annual_workplan_progress_report->get_activity_by_year('2021', '7', '0')
#2 E:\www\FAWE\system\CodeIgniter.php(404): CodeIgniter\CodeIgniter->runController(Object(App\Controllers\Reporting\Project_data\Project_semi_annual_workplan_progress_report))
#3 E:\www\FAWE\system\CodeIgniter.php(312): CodeIgniter\CodeIgniter->handleRequest(NULL, Object(Config\Cache), false)
#4 E:\www\FAWE\index.php(45): CodeIgniter\CodeIgniter->run()
#5 {main}
CRITICAL - 2021-07-15 10:54:41 --> Undefined index: quarter
#0 E:\www\FAWE\app\Controllers\Reporting\Project_data\Project_semi_annual_workplan_progress_report.php(426): CodeIgniter\Debug\Exceptions->errorHandler(8, 'Undefined index...', 'E:\\www\\FAWE\\ap...', 426, Array)
#1 E:\www\FAWE\system\CodeIgniter.php(918): App\Controllers\Reporting\Project_data\Project_semi_annual_workplan_progress_report->get_activity_by_year('2021', '7', '0')
#2 E:\www\FAWE\system\CodeIgniter.php(404): CodeIgniter\CodeIgniter->runController(Object(App\Controllers\Reporting\Project_data\Project_semi_annual_workplan_progress_report))
#3 E:\www\FAWE\system\CodeIgniter.php(312): CodeIgniter\CodeIgniter->handleRequest(NULL, Object(Config\Cache), false)
#4 E:\www\FAWE\index.php(45): CodeIgniter\CodeIgniter->run()
#5 {main}
CRITICAL - 2021-07-15 10:58:49 --> Unable to connect to the database.
#0 E:\www\FAWE\system\Database\BaseConnection.php(646): CodeIgniter\Database\BaseConnection->initialize()
#1 E:\www\FAWE\app\Filters\CheckLogin.php(19): CodeIgniter\Database\BaseConnection->query('select token  F...')
#2 E:\www\FAWE\system\Filters\Filters.php(173): App\Filters\checkLogin->before(Object(CodeIgniter\HTTP\IncomingRequest), NULL)
#3 E:\www\FAWE\system\CodeIgniter.php(382): CodeIgniter\Filters\Filters->run('/reporting/proj...', 'before')
#4 E:\www\FAWE\system\CodeIgniter.php(312): CodeIgniter\CodeIgniter->handleRequest(NULL, Object(Config\Cache), false)
#5 E:\www\FAWE\index.php(45): CodeIgniter\CodeIgniter->run()
#6 {main}
