CRITICAL - 2021-07-05 00:13:45 --> Unknown column 'strategic_plan' in 'field list'
#0 E:\www\FAWE\system\Database\MySQLi\Connection.php(331): mysqli->query('INSERT INTO `or...')
#1 E:\www\FAWE\system\Database\BaseConnection.php(741): CodeIgniter\Database\MySQLi\Connection->execute('INSERT INTO `or...')
#2 E:\www\FAWE\system\Database\BaseConnection.php(669): CodeIgniter\Database\BaseConnection->simpleQuery('INSERT INTO `or...')
#3 E:\www\FAWE\system\Database\BaseBuilder.php(2249): CodeIgniter\Database\BaseConnection->query('INSERT INTO `or...', Array, false)
#4 E:\www\FAWE\system\Model.php(755): CodeIgniter\Database\BaseBuilder->insert()
#5 E:\www\FAWE\app\Controllers\reporting\organizational_data\Org_quarterly_narrative_report.php(125): CodeIgniter\Model->insert(Array)
#6 E:\www\FAWE\system\CodeIgniter.php(918): App\Controllers\reporting\organizational_data\org_quarterly_narrative_report->add()
#7 E:\www\FAWE\system\CodeIgniter.php(404): CodeIgniter\CodeIgniter->runController(Object(App\Controllers\reporting\organizational_data\org_quarterly_narrative_report))
#8 E:\www\FAWE\system\CodeIgniter.php(312): CodeIgniter\CodeIgniter->handleRequest(NULL, Object(Config\Cache), false)
#9 E:\www\FAWE\index.php(45): CodeIgniter\CodeIgniter->run()
#10 {main}
CRITICAL - 2021-07-05 00:16:01 --> Undefined index: report_name
#0 E:\www\FAWE\app\Views\office\reporting\organizational_data\org_quarterly_narrative_report\list.php(56): CodeIgniter\Debug\Exceptions->errorHandler(8, 'Undefined index...', 'E:\\www\\FAWE\\ap...', 56, Array)
#1 E:\www\FAWE\system\View\View.php(246): include('E:\\www\\FAWE\\ap...')
#2 E:\www\FAWE\system\Common.php(1119): CodeIgniter\View\View->render('office/reportin...', Array, true)
#3 E:\www\FAWE\app\Views\template\index.php(14): view('office/reportin...')
#4 E:\www\FAWE\system\View\View.php(246): include('E:\\www\\FAWE\\ap...')
#5 E:\www\FAWE\system\Common.php(1119): CodeIgniter\View\View->render('template/index', Array, true)
#6 E:\www\FAWE\app\Controllers\reporting\organizational_data\Org_quarterly_narrative_report.php(66): view('template/index', Array)
#7 E:\www\FAWE\system\CodeIgniter.php(918): App\Controllers\reporting\organizational_data\org_quarterly_narrative_report->index()
#8 E:\www\FAWE\system\CodeIgniter.php(404): CodeIgniter\CodeIgniter->runController(Object(App\Controllers\reporting\organizational_data\org_quarterly_narrative_report))
#9 E:\www\FAWE\system\CodeIgniter.php(312): CodeIgniter\CodeIgniter->handleRequest(NULL, Object(Config\Cache), false)
#10 E:\www\FAWE\index.php(45): CodeIgniter\CodeIgniter->run()
#11 {main}
CRITICAL - 2021-07-05 00:16:01 --> Undefined index: report_name
#0 E:\www\FAWE\app\Views\office\reporting\organizational_data\org_quarterly_narrative_report\list.php(56): CodeIgniter\Debug\Exceptions->errorHandler(8, 'Undefined index...', 'E:\\www\\FAWE\\ap...', 56, Array)
#1 E:\www\FAWE\system\View\View.php(246): include('E:\\www\\FAWE\\ap...')
#2 E:\www\FAWE\system\Common.php(1119): CodeIgniter\View\View->render('office/reportin...', Array, true)
#3 E:\www\FAWE\app\Views\template\index.php(14): view('office/reportin...')
#4 E:\www\FAWE\system\View\View.php(246): include('E:\\www\\FAWE\\ap...')
#5 E:\www\FAWE\system\Common.php(1119): CodeIgniter\View\View->render('template/index', Array, true)
#6 E:\www\FAWE\app\Controllers\reporting\organizational_data\Org_quarterly_narrative_report.php(66): view('template/index', Array)
#7 E:\www\FAWE\system\CodeIgniter.php(918): App\Controllers\reporting\organizational_data\org_quarterly_narrative_report->index()
#8 E:\www\FAWE\system\CodeIgniter.php(404): CodeIgniter\CodeIgniter->runController(Object(App\Controllers\reporting\organizational_data\org_quarterly_narrative_report))
#9 E:\www\FAWE\system\CodeIgniter.php(312): CodeIgniter\CodeIgniter->handleRequest(NULL, Object(Config\Cache), false)
#10 E:\www\FAWE\index.php(45): CodeIgniter\CodeIgniter->run()
#11 {main}
CRITICAL - 2021-07-05 00:30:34 --> Undefined index: fydp_plan
#0 E:\www\FAWE\app\Views\office\reporting\organizational_data\org_quarterly_narrative_report\edit.php(67): CodeIgniter\Debug\Exceptions->errorHandler(8, 'Undefined index...', 'E:\\www\\FAWE\\ap...', 67, Array)
#1 E:\www\FAWE\system\View\View.php(246): include('E:\\www\\FAWE\\ap...')
#2 E:\www\FAWE\system\Common.php(1119): CodeIgniter\View\View->render('office/reportin...', Array, true)
#3 E:\www\FAWE\app\Views\template\index.php(14): view('office/reportin...')
#4 E:\www\FAWE\system\View\View.php(246): include('E:\\www\\FAWE\\ap...')
#5 E:\www\FAWE\system\Common.php(1119): CodeIgniter\View\View->render('template/index', Array, true)
#6 E:\www\FAWE\app\Controllers\reporting\organizational_data\Org_quarterly_narrative_report.php(273): view('template/index', Array)
#7 E:\www\FAWE\system\CodeIgniter.php(918): App\Controllers\reporting\organizational_data\org_quarterly_narrative_report->edit('1')
#8 E:\www\FAWE\system\CodeIgniter.php(404): CodeIgniter\CodeIgniter->runController(Object(App\Controllers\reporting\organizational_data\org_quarterly_narrative_report))
#9 E:\www\FAWE\system\CodeIgniter.php(312): CodeIgniter\CodeIgniter->handleRequest(NULL, Object(Config\Cache), false)
#10 E:\www\FAWE\index.php(45): CodeIgniter\CodeIgniter->run()
#11 {main}
CRITICAL - 2021-07-05 00:30:35 --> Undefined index: fydp_plan
#0 E:\www\FAWE\app\Views\office\reporting\organizational_data\org_quarterly_narrative_report\edit.php(67): CodeIgniter\Debug\Exceptions->errorHandler(8, 'Undefined index...', 'E:\\www\\FAWE\\ap...', 67, Array)
#1 E:\www\FAWE\system\View\View.php(246): include('E:\\www\\FAWE\\ap...')
#2 E:\www\FAWE\system\Common.php(1119): CodeIgniter\View\View->render('office/reportin...', Array, true)
#3 E:\www\FAWE\app\Views\template\index.php(14): view('office/reportin...')
#4 E:\www\FAWE\system\View\View.php(246): include('E:\\www\\FAWE\\ap...')
#5 E:\www\FAWE\system\Common.php(1119): CodeIgniter\View\View->render('template/index', Array, true)
#6 E:\www\FAWE\app\Controllers\reporting\organizational_data\Org_quarterly_narrative_report.php(273): view('template/index', Array)
#7 E:\www\FAWE\system\CodeIgniter.php(918): App\Controllers\reporting\organizational_data\org_quarterly_narrative_report->edit('1')
#8 E:\www\FAWE\system\CodeIgniter.php(404): CodeIgniter\CodeIgniter->runController(Object(App\Controllers\reporting\organizational_data\org_quarterly_narrative_report))
#9 E:\www\FAWE\system\CodeIgniter.php(312): CodeIgniter\CodeIgniter->handleRequest(NULL, Object(Config\Cache), false)
#10 E:\www\FAWE\index.php(45): CodeIgniter\CodeIgniter->run()
#11 {main}
CRITICAL - 2021-07-05 00:31:47 --> Undefined index: fydp_plan
#0 E:\www\FAWE\app\Views\office\reporting\organizational_data\org_quarterly_narrative_report\edit.php(67): CodeIgniter\Debug\Exceptions->errorHandler(8, 'Undefined index...', 'E:\\www\\FAWE\\ap...', 67, Array)
#1 E:\www\FAWE\system\View\View.php(246): include('E:\\www\\FAWE\\ap...')
#2 E:\www\FAWE\system\Common.php(1119): CodeIgniter\View\View->render('office/reportin...', Array, true)
#3 E:\www\FAWE\app\Views\template\index.php(14): view('office/reportin...')
#4 E:\www\FAWE\system\View\View.php(246): include('E:\\www\\FAWE\\ap...')
#5 E:\www\FAWE\system\Common.php(1119): CodeIgniter\View\View->render('template/index', Array, true)
#6 E:\www\FAWE\app\Controllers\reporting\organizational_data\Org_quarterly_narrative_report.php(273): view('template/index', Array)
#7 E:\www\FAWE\system\CodeIgniter.php(918): App\Controllers\reporting\organizational_data\org_quarterly_narrative_report->edit('1')
#8 E:\www\FAWE\system\CodeIgniter.php(404): CodeIgniter\CodeIgniter->runController(Object(App\Controllers\reporting\organizational_data\org_quarterly_narrative_report))
#9 E:\www\FAWE\system\CodeIgniter.php(312): CodeIgniter\CodeIgniter->handleRequest(NULL, Object(Config\Cache), false)
#10 E:\www\FAWE\index.php(45): CodeIgniter\CodeIgniter->run()
#11 {main}
CRITICAL - 2021-07-05 00:31:47 --> Undefined index: fydp_plan
#0 E:\www\FAWE\app\Views\office\reporting\organizational_data\org_quarterly_narrative_report\edit.php(67): CodeIgniter\Debug\Exceptions->errorHandler(8, 'Undefined index...', 'E:\\www\\FAWE\\ap...', 67, Array)
#1 E:\www\FAWE\system\View\View.php(246): include('E:\\www\\FAWE\\ap...')
#2 E:\www\FAWE\system\Common.php(1119): CodeIgniter\View\View->render('office/reportin...', Array, true)
#3 E:\www\FAWE\app\Views\template\index.php(14): view('office/reportin...')
#4 E:\www\FAWE\system\View\View.php(246): include('E:\\www\\FAWE\\ap...')
#5 E:\www\FAWE\system\Common.php(1119): CodeIgniter\View\View->render('template/index', Array, true)
#6 E:\www\FAWE\app\Controllers\reporting\organizational_data\Org_quarterly_narrative_report.php(273): view('template/index', Array)
#7 E:\www\FAWE\system\CodeIgniter.php(918): App\Controllers\reporting\organizational_data\org_quarterly_narrative_report->edit('1')
#8 E:\www\FAWE\system\CodeIgniter.php(404): CodeIgniter\CodeIgniter->runController(Object(App\Controllers\reporting\organizational_data\org_quarterly_narrative_report))
#9 E:\www\FAWE\system\CodeIgniter.php(312): CodeIgniter\CodeIgniter->handleRequest(NULL, Object(Config\Cache), false)
#10 E:\www\FAWE\index.php(45): CodeIgniter\CodeIgniter->run()
#11 {main}
CRITICAL - 2021-07-05 00:32:03 --> Undefined index: fydp_plan
#0 E:\www\FAWE\app\Views\office\reporting\organizational_data\org_quarterly_narrative_report\edit.php(81): CodeIgniter\Debug\Exceptions->errorHandler(8, 'Undefined index...', 'E:\\www\\FAWE\\ap...', 81, Array)
#1 E:\www\FAWE\system\View\View.php(246): include('E:\\www\\FAWE\\ap...')
#2 E:\www\FAWE\system\Common.php(1119): CodeIgniter\View\View->render('office/reportin...', Array, true)
#3 E:\www\FAWE\app\Views\template\index.php(14): view('office/reportin...')
#4 E:\www\FAWE\system\View\View.php(246): include('E:\\www\\FAWE\\ap...')
#5 E:\www\FAWE\system\Common.php(1119): CodeIgniter\View\View->render('template/index', Array, true)
#6 E:\www\FAWE\app\Controllers\reporting\organizational_data\Org_quarterly_narrative_report.php(273): view('template/index', Array)
#7 E:\www\FAWE\system\CodeIgniter.php(918): App\Controllers\reporting\organizational_data\org_quarterly_narrative_report->edit('1')
#8 E:\www\FAWE\system\CodeIgniter.php(404): CodeIgniter\CodeIgniter->runController(Object(App\Controllers\reporting\organizational_data\org_quarterly_narrative_report))
#9 E:\www\FAWE\system\CodeIgniter.php(312): CodeIgniter\CodeIgniter->handleRequest(NULL, Object(Config\Cache), false)
#10 E:\www\FAWE\index.php(45): CodeIgniter\CodeIgniter->run()
#11 {main}
CRITICAL - 2021-07-05 00:32:03 --> Undefined index: fydp_plan
#0 E:\www\FAWE\app\Views\office\reporting\organizational_data\org_quarterly_narrative_report\edit.php(81): CodeIgniter\Debug\Exceptions->errorHandler(8, 'Undefined index...', 'E:\\www\\FAWE\\ap...', 81, Array)
#1 E:\www\FAWE\system\View\View.php(246): include('E:\\www\\FAWE\\ap...')
#2 E:\www\FAWE\system\Common.php(1119): CodeIgniter\View\View->render('office/reportin...', Array, true)
#3 E:\www\FAWE\app\Views\template\index.php(14): view('office/reportin...')
#4 E:\www\FAWE\system\View\View.php(246): include('E:\\www\\FAWE\\ap...')
#5 E:\www\FAWE\system\Common.php(1119): CodeIgniter\View\View->render('template/index', Array, true)
#6 E:\www\FAWE\app\Controllers\reporting\organizational_data\Org_quarterly_narrative_report.php(273): view('template/index', Array)
#7 E:\www\FAWE\system\CodeIgniter.php(918): App\Controllers\reporting\organizational_data\org_quarterly_narrative_report->edit('1')
#8 E:\www\FAWE\system\CodeIgniter.php(404): CodeIgniter\CodeIgniter->runController(Object(App\Controllers\reporting\organizational_data\org_quarterly_narrative_report))
#9 E:\www\FAWE\system\CodeIgniter.php(312): CodeIgniter\CodeIgniter->handleRequest(NULL, Object(Config\Cache), false)
#10 E:\www\FAWE\index.php(45): CodeIgniter\CodeIgniter->run()
#11 {main}
CRITICAL - 2021-07-05 00:32:18 --> Undefined index: fydp_plan
#0 E:\www\FAWE\app\Views\office\reporting\organizational_data\org_quarterly_narrative_report\edit.php(81): CodeIgniter\Debug\Exceptions->errorHandler(8, 'Undefined index...', 'E:\\www\\FAWE\\ap...', 81, Array)
#1 E:\www\FAWE\system\View\View.php(246): include('E:\\www\\FAWE\\ap...')
#2 E:\www\FAWE\system\Common.php(1119): CodeIgniter\View\View->render('office/reportin...', Array, true)
#3 E:\www\FAWE\app\Views\template\index.php(14): view('office/reportin...')
#4 E:\www\FAWE\system\View\View.php(246): include('E:\\www\\FAWE\\ap...')
#5 E:\www\FAWE\system\Common.php(1119): CodeIgniter\View\View->render('template/index', Array, true)
#6 E:\www\FAWE\app\Controllers\reporting\organizational_data\Org_quarterly_narrative_report.php(273): view('template/index', Array)
#7 E:\www\FAWE\system\CodeIgniter.php(918): App\Controllers\reporting\organizational_data\org_quarterly_narrative_report->edit('1')
#8 E:\www\FAWE\system\CodeIgniter.php(404): CodeIgniter\CodeIgniter->runController(Object(App\Controllers\reporting\organizational_data\org_quarterly_narrative_report))
#9 E:\www\FAWE\system\CodeIgniter.php(312): CodeIgniter\CodeIgniter->handleRequest(NULL, Object(Config\Cache), false)
#10 E:\www\FAWE\index.php(45): CodeIgniter\CodeIgniter->run()
#11 {main}
CRITICAL - 2021-07-05 00:32:19 --> Undefined index: fydp_plan
#0 E:\www\FAWE\app\Views\office\reporting\organizational_data\org_quarterly_narrative_report\edit.php(81): CodeIgniter\Debug\Exceptions->errorHandler(8, 'Undefined index...', 'E:\\www\\FAWE\\ap...', 81, Array)
#1 E:\www\FAWE\system\View\View.php(246): include('E:\\www\\FAWE\\ap...')
#2 E:\www\FAWE\system\Common.php(1119): CodeIgniter\View\View->render('office/reportin...', Array, true)
#3 E:\www\FAWE\app\Views\template\index.php(14): view('office/reportin...')
#4 E:\www\FAWE\system\View\View.php(246): include('E:\\www\\FAWE\\ap...')
#5 E:\www\FAWE\system\Common.php(1119): CodeIgniter\View\View->render('template/index', Array, true)
#6 E:\www\FAWE\app\Controllers\reporting\organizational_data\Org_quarterly_narrative_report.php(273): view('template/index', Array)
#7 E:\www\FAWE\system\CodeIgniter.php(918): App\Controllers\reporting\organizational_data\org_quarterly_narrative_report->edit('1')
#8 E:\www\FAWE\system\CodeIgniter.php(404): CodeIgniter\CodeIgniter->runController(Object(App\Controllers\reporting\organizational_data\org_quarterly_narrative_report))
#9 E:\www\FAWE\system\CodeIgniter.php(312): CodeIgniter\CodeIgniter->handleRequest(NULL, Object(Config\Cache), false)
#10 E:\www\FAWE\index.php(45): CodeIgniter\CodeIgniter->run()
#11 {main}
CRITICAL - 2021-07-05 00:33:00 --> Undefined index: report_name
#0 E:\www\FAWE\app\Views\office\reporting\organizational_data\org_quarterly_narrative_report\edit.php(103): CodeIgniter\Debug\Exceptions->errorHandler(8, 'Undefined index...', 'E:\\www\\FAWE\\ap...', 103, Array)
#1 E:\www\FAWE\system\View\View.php(246): include('E:\\www\\FAWE\\ap...')
#2 E:\www\FAWE\system\Common.php(1119): CodeIgniter\View\View->render('office/reportin...', Array, true)
#3 E:\www\FAWE\app\Views\template\index.php(14): view('office/reportin...')
#4 E:\www\FAWE\system\View\View.php(246): include('E:\\www\\FAWE\\ap...')
#5 E:\www\FAWE\system\Common.php(1119): CodeIgniter\View\View->render('template/index', Array, true)
#6 E:\www\FAWE\app\Controllers\reporting\organizational_data\Org_quarterly_narrative_report.php(273): view('template/index', Array)
#7 E:\www\FAWE\system\CodeIgniter.php(918): App\Controllers\reporting\organizational_data\org_quarterly_narrative_report->edit('1')
#8 E:\www\FAWE\system\CodeIgniter.php(404): CodeIgniter\CodeIgniter->runController(Object(App\Controllers\reporting\organizational_data\org_quarterly_narrative_report))
#9 E:\www\FAWE\system\CodeIgniter.php(312): CodeIgniter\CodeIgniter->handleRequest(NULL, Object(Config\Cache), false)
#10 E:\www\FAWE\index.php(45): CodeIgniter\CodeIgniter->run()
#11 {main}
CRITICAL - 2021-07-05 00:33:00 --> Undefined index: report_name
#0 E:\www\FAWE\app\Views\office\reporting\organizational_data\org_quarterly_narrative_report\edit.php(103): CodeIgniter\Debug\Exceptions->errorHandler(8, 'Undefined index...', 'E:\\www\\FAWE\\ap...', 103, Array)
#1 E:\www\FAWE\system\View\View.php(246): include('E:\\www\\FAWE\\ap...')
#2 E:\www\FAWE\system\Common.php(1119): CodeIgniter\View\View->render('office/reportin...', Array, true)
#3 E:\www\FAWE\app\Views\template\index.php(14): view('office/reportin...')
#4 E:\www\FAWE\system\View\View.php(246): include('E:\\www\\FAWE\\ap...')
#5 E:\www\FAWE\system\Common.php(1119): CodeIgniter\View\View->render('template/index', Array, true)
#6 E:\www\FAWE\app\Controllers\reporting\organizational_data\Org_quarterly_narrative_report.php(273): view('template/index', Array)
#7 E:\www\FAWE\system\CodeIgniter.php(918): App\Controllers\reporting\organizational_data\org_quarterly_narrative_report->edit('1')
#8 E:\www\FAWE\system\CodeIgniter.php(404): CodeIgniter\CodeIgniter->runController(Object(App\Controllers\reporting\organizational_data\org_quarterly_narrative_report))
#9 E:\www\FAWE\system\CodeIgniter.php(312): CodeIgniter\CodeIgniter->handleRequest(NULL, Object(Config\Cache), false)
#10 E:\www\FAWE\index.php(45): CodeIgniter\CodeIgniter->run()
#11 {main}
CRITICAL - 2021-07-05 02:24:15 --> Undefined index: report_name
#0 E:\www\FAWE\app\Views\office\reporting\organizational_data\org_quarterly_narrative_report\view.php(47): CodeIgniter\Debug\Exceptions->errorHandler(8, 'Undefined index...', 'E:\\www\\FAWE\\ap...', 47, Array)
#1 E:\www\FAWE\system\View\View.php(246): include('E:\\www\\FAWE\\ap...')
#2 E:\www\FAWE\system\Common.php(1119): CodeIgniter\View\View->render('office/reportin...', Array, true)
#3 E:\www\FAWE\app\Views\template\index.php(14): view('office/reportin...')
#4 E:\www\FAWE\system\View\View.php(246): include('E:\\www\\FAWE\\ap...')
#5 E:\www\FAWE\system\Common.php(1119): CodeIgniter\View\View->render('template/index', Array, true)
#6 E:\www\FAWE\app\Controllers\reporting\organizational_data\Org_quarterly_narrative_report.php(318): view('template/index', Array)
#7 E:\www\FAWE\system\CodeIgniter.php(918): App\Controllers\reporting\organizational_data\org_quarterly_narrative_report->view('1')
#8 E:\www\FAWE\system\CodeIgniter.php(404): CodeIgniter\CodeIgniter->runController(Object(App\Controllers\reporting\organizational_data\org_quarterly_narrative_report))
#9 E:\www\FAWE\system\CodeIgniter.php(312): CodeIgniter\CodeIgniter->handleRequest(NULL, Object(Config\Cache), false)
#10 E:\www\FAWE\index.php(45): CodeIgniter\CodeIgniter->run()
#11 {main}
CRITICAL - 2021-07-05 02:24:16 --> Undefined index: report_name
#0 E:\www\FAWE\app\Views\office\reporting\organizational_data\org_quarterly_narrative_report\view.php(47): CodeIgniter\Debug\Exceptions->errorHandler(8, 'Undefined index...', 'E:\\www\\FAWE\\ap...', 47, Array)
#1 E:\www\FAWE\system\View\View.php(246): include('E:\\www\\FAWE\\ap...')
#2 E:\www\FAWE\system\Common.php(1119): CodeIgniter\View\View->render('office/reportin...', Array, true)
#3 E:\www\FAWE\app\Views\template\index.php(14): view('office/reportin...')
#4 E:\www\FAWE\system\View\View.php(246): include('E:\\www\\FAWE\\ap...')
#5 E:\www\FAWE\system\Common.php(1119): CodeIgniter\View\View->render('template/index', Array, true)
#6 E:\www\FAWE\app\Controllers\reporting\organizational_data\Org_quarterly_narrative_report.php(318): view('template/index', Array)
#7 E:\www\FAWE\system\CodeIgniter.php(918): App\Controllers\reporting\organizational_data\org_quarterly_narrative_report->view('1')
#8 E:\www\FAWE\system\CodeIgniter.php(404): CodeIgniter\CodeIgniter->runController(Object(App\Controllers\reporting\organizational_data\org_quarterly_narrative_report))
#9 E:\www\FAWE\system\CodeIgniter.php(312): CodeIgniter\CodeIgniter->handleRequest(NULL, Object(Config\Cache), false)
#10 E:\www\FAWE\index.php(45): CodeIgniter\CodeIgniter->run()
#11 {main}
CRITICAL - 2021-07-05 02:34:44 --> Undefined index: report_name
#0 E:\www\FAWE\app\Views\office\reporting\organizational_data\org_quarterly_narrative_report\view.php(47): CodeIgniter\Debug\Exceptions->errorHandler(8, 'Undefined index...', 'E:\\www\\FAWE\\ap...', 47, Array)
#1 E:\www\FAWE\system\View\View.php(246): include('E:\\www\\FAWE\\ap...')
#2 E:\www\FAWE\system\Common.php(1119): CodeIgniter\View\View->render('office/reportin...', Array, true)
#3 E:\www\FAWE\app\Views\template\index.php(14): view('office/reportin...')
#4 E:\www\FAWE\system\View\View.php(246): include('E:\\www\\FAWE\\ap...')
#5 E:\www\FAWE\system\Common.php(1119): CodeIgniter\View\View->render('template/index', Array, true)
#6 E:\www\FAWE\app\Controllers\reporting\organizational_data\Org_quarterly_narrative_report.php(287): view('template/index', Array)
#7 E:\www\FAWE\system\CodeIgniter.php(918): App\Controllers\reporting\organizational_data\org_quarterly_narrative_report->view('1')
#8 E:\www\FAWE\system\CodeIgniter.php(404): CodeIgniter\CodeIgniter->runController(Object(App\Controllers\reporting\organizational_data\org_quarterly_narrative_report))
#9 E:\www\FAWE\system\CodeIgniter.php(312): CodeIgniter\CodeIgniter->handleRequest(NULL, Object(Config\Cache), false)
#10 E:\www\FAWE\index.php(45): CodeIgniter\CodeIgniter->run()
#11 {main}
CRITICAL - 2021-07-05 02:34:44 --> Undefined index: report_name
#0 E:\www\FAWE\app\Views\office\reporting\organizational_data\org_quarterly_narrative_report\view.php(47): CodeIgniter\Debug\Exceptions->errorHandler(8, 'Undefined index...', 'E:\\www\\FAWE\\ap...', 47, Array)
#1 E:\www\FAWE\system\View\View.php(246): include('E:\\www\\FAWE\\ap...')
#2 E:\www\FAWE\system\Common.php(1119): CodeIgniter\View\View->render('office/reportin...', Array, true)
#3 E:\www\FAWE\app\Views\template\index.php(14): view('office/reportin...')
#4 E:\www\FAWE\system\View\View.php(246): include('E:\\www\\FAWE\\ap...')
#5 E:\www\FAWE\system\Common.php(1119): CodeIgniter\View\View->render('template/index', Array, true)
#6 E:\www\FAWE\app\Controllers\reporting\organizational_data\Org_quarterly_narrative_report.php(287): view('template/index', Array)
#7 E:\www\FAWE\system\CodeIgniter.php(918): App\Controllers\reporting\organizational_data\org_quarterly_narrative_report->view('1')
#8 E:\www\FAWE\system\CodeIgniter.php(404): CodeIgniter\CodeIgniter->runController(Object(App\Controllers\reporting\organizational_data\org_quarterly_narrative_report))
#9 E:\www\FAWE\system\CodeIgniter.php(312): CodeIgniter\CodeIgniter->handleRequest(NULL, Object(Config\Cache), false)
#10 E:\www\FAWE\index.php(45): CodeIgniter\CodeIgniter->run()
#11 {main}
CRITICAL - 2021-07-05 02:35:44 --> Undefined index: report_name
#0 E:\www\FAWE\app\Views\office\reporting\organizational_data\org_quarterly_narrative_report\view.php(36): CodeIgniter\Debug\Exceptions->errorHandler(8, 'Undefined index...', 'E:\\www\\FAWE\\ap...', 36, Array)
#1 E:\www\FAWE\system\View\View.php(246): include('E:\\www\\FAWE\\ap...')
#2 E:\www\FAWE\system\Common.php(1119): CodeIgniter\View\View->render('office/reportin...', Array, true)
#3 E:\www\FAWE\app\Views\template\index.php(14): view('office/reportin...')
#4 E:\www\FAWE\system\View\View.php(246): include('E:\\www\\FAWE\\ap...')
#5 E:\www\FAWE\system\Common.php(1119): CodeIgniter\View\View->render('template/index', Array, true)
#6 E:\www\FAWE\app\Controllers\reporting\organizational_data\Org_quarterly_narrative_report.php(287): view('template/index', Array)
#7 E:\www\FAWE\system\CodeIgniter.php(918): App\Controllers\reporting\organizational_data\org_quarterly_narrative_report->view('1')
#8 E:\www\FAWE\system\CodeIgniter.php(404): CodeIgniter\CodeIgniter->runController(Object(App\Controllers\reporting\organizational_data\org_quarterly_narrative_report))
#9 E:\www\FAWE\system\CodeIgniter.php(312): CodeIgniter\CodeIgniter->handleRequest(NULL, Object(Config\Cache), false)
#10 E:\www\FAWE\index.php(45): CodeIgniter\CodeIgniter->run()
#11 {main}
CRITICAL - 2021-07-05 02:35:44 --> Undefined index: report_name
#0 E:\www\FAWE\app\Views\office\reporting\organizational_data\org_quarterly_narrative_report\view.php(36): CodeIgniter\Debug\Exceptions->errorHandler(8, 'Undefined index...', 'E:\\www\\FAWE\\ap...', 36, Array)
#1 E:\www\FAWE\system\View\View.php(246): include('E:\\www\\FAWE\\ap...')
#2 E:\www\FAWE\system\Common.php(1119): CodeIgniter\View\View->render('office/reportin...', Array, true)
#3 E:\www\FAWE\app\Views\template\index.php(14): view('office/reportin...')
#4 E:\www\FAWE\system\View\View.php(246): include('E:\\www\\FAWE\\ap...')
#5 E:\www\FAWE\system\Common.php(1119): CodeIgniter\View\View->render('template/index', Array, true)
#6 E:\www\FAWE\app\Controllers\reporting\organizational_data\Org_quarterly_narrative_report.php(287): view('template/index', Array)
#7 E:\www\FAWE\system\CodeIgniter.php(918): App\Controllers\reporting\organizational_data\org_quarterly_narrative_report->view('1')
#8 E:\www\FAWE\system\CodeIgniter.php(404): CodeIgniter\CodeIgniter->runController(Object(App\Controllers\reporting\organizational_data\org_quarterly_narrative_report))
#9 E:\www\FAWE\system\CodeIgniter.php(312): CodeIgniter\CodeIgniter->handleRequest(NULL, Object(Config\Cache), false)
#10 E:\www\FAWE\index.php(45): CodeIgniter\CodeIgniter->run()
#11 {main}
CRITICAL - 2021-07-05 02:36:52 --> Undefined index: report_name
#0 E:\www\FAWE\app\Views\office\reporting\organizational_data\org_quarterly_narrative_report\view.php(38): CodeIgniter\Debug\Exceptions->errorHandler(8, 'Undefined index...', 'E:\\www\\FAWE\\ap...', 38, Array)
#1 E:\www\FAWE\system\View\View.php(246): include('E:\\www\\FAWE\\ap...')
#2 E:\www\FAWE\system\Common.php(1119): CodeIgniter\View\View->render('office/reportin...', Array, true)
#3 E:\www\FAWE\app\Views\template\index.php(14): view('office/reportin...')
#4 E:\www\FAWE\system\View\View.php(246): include('E:\\www\\FAWE\\ap...')
#5 E:\www\FAWE\system\Common.php(1119): CodeIgniter\View\View->render('template/index', Array, true)
#6 E:\www\FAWE\app\Controllers\reporting\organizational_data\Org_quarterly_narrative_report.php(287): view('template/index', Array)
#7 E:\www\FAWE\system\CodeIgniter.php(918): App\Controllers\reporting\organizational_data\org_quarterly_narrative_report->view('1')
#8 E:\www\FAWE\system\CodeIgniter.php(404): CodeIgniter\CodeIgniter->runController(Object(App\Controllers\reporting\organizational_data\org_quarterly_narrative_report))
#9 E:\www\FAWE\system\CodeIgniter.php(312): CodeIgniter\CodeIgniter->handleRequest(NULL, Object(Config\Cache), false)
#10 E:\www\FAWE\index.php(45): CodeIgniter\CodeIgniter->run()
#11 {main}
CRITICAL - 2021-07-05 02:36:52 --> Undefined index: report_name
#0 E:\www\FAWE\app\Views\office\reporting\organizational_data\org_quarterly_narrative_report\view.php(38): CodeIgniter\Debug\Exceptions->errorHandler(8, 'Undefined index...', 'E:\\www\\FAWE\\ap...', 38, Array)
#1 E:\www\FAWE\system\View\View.php(246): include('E:\\www\\FAWE\\ap...')
#2 E:\www\FAWE\system\Common.php(1119): CodeIgniter\View\View->render('office/reportin...', Array, true)
#3 E:\www\FAWE\app\Views\template\index.php(14): view('office/reportin...')
#4 E:\www\FAWE\system\View\View.php(246): include('E:\\www\\FAWE\\ap...')
#5 E:\www\FAWE\system\Common.php(1119): CodeIgniter\View\View->render('template/index', Array, true)
#6 E:\www\FAWE\app\Controllers\reporting\organizational_data\Org_quarterly_narrative_report.php(287): view('template/index', Array)
#7 E:\www\FAWE\system\CodeIgniter.php(918): App\Controllers\reporting\organizational_data\org_quarterly_narrative_report->view('1')
#8 E:\www\FAWE\system\CodeIgniter.php(404): CodeIgniter\CodeIgniter->runController(Object(App\Controllers\reporting\organizational_data\org_quarterly_narrative_report))
#9 E:\www\FAWE\system\CodeIgniter.php(312): CodeIgniter\CodeIgniter->handleRequest(NULL, Object(Config\Cache), false)
#10 E:\www\FAWE\index.php(45): CodeIgniter\CodeIgniter->run()
#11 {main}
CRITICAL - 2021-07-05 02:39:59 --> Undefined variable: record
#0 E:\www\FAWE\app\Views\office\reporting\organizational_data\org_quarterly_narrative_report\view.php(36): CodeIgniter\Debug\Exceptions->errorHandler(8, 'Undefined varia...', 'E:\\www\\FAWE\\ap...', 36, Array)
#1 E:\www\FAWE\system\View\View.php(246): include('E:\\www\\FAWE\\ap...')
#2 E:\www\FAWE\system\Common.php(1119): CodeIgniter\View\View->render('office/reportin...', Array, true)
#3 E:\www\FAWE\app\Views\template\index.php(14): view('office/reportin...')
#4 E:\www\FAWE\system\View\View.php(246): include('E:\\www\\FAWE\\ap...')
#5 E:\www\FAWE\system\Common.php(1119): CodeIgniter\View\View->render('template/index', Array, true)
#6 E:\www\FAWE\app\Controllers\reporting\organizational_data\Org_quarterly_narrative_report.php(287): view('template/index', Array)
#7 E:\www\FAWE\system\CodeIgniter.php(918): App\Controllers\reporting\organizational_data\org_quarterly_narrative_report->view('1')
#8 E:\www\FAWE\system\CodeIgniter.php(404): CodeIgniter\CodeIgniter->runController(Object(App\Controllers\reporting\organizational_data\org_quarterly_narrative_report))
#9 E:\www\FAWE\system\CodeIgniter.php(312): CodeIgniter\CodeIgniter->handleRequest(NULL, Object(Config\Cache), false)
#10 E:\www\FAWE\index.php(45): CodeIgniter\CodeIgniter->run()
#11 {main}
CRITICAL - 2021-07-05 02:39:59 --> Undefined variable: record
#0 E:\www\FAWE\app\Views\office\reporting\organizational_data\org_quarterly_narrative_report\view.php(36): CodeIgniter\Debug\Exceptions->errorHandler(8, 'Undefined varia...', 'E:\\www\\FAWE\\ap...', 36, Array)
#1 E:\www\FAWE\system\View\View.php(246): include('E:\\www\\FAWE\\ap...')
#2 E:\www\FAWE\system\Common.php(1119): CodeIgniter\View\View->render('office/reportin...', Array, true)
#3 E:\www\FAWE\app\Views\template\index.php(14): view('office/reportin...')
#4 E:\www\FAWE\system\View\View.php(246): include('E:\\www\\FAWE\\ap...')
#5 E:\www\FAWE\system\Common.php(1119): CodeIgniter\View\View->render('template/index', Array, true)
#6 E:\www\FAWE\app\Controllers\reporting\organizational_data\Org_quarterly_narrative_report.php(287): view('template/index', Array)
#7 E:\www\FAWE\system\CodeIgniter.php(918): App\Controllers\reporting\organizational_data\org_quarterly_narrative_report->view('1')
#8 E:\www\FAWE\system\CodeIgniter.php(404): CodeIgniter\CodeIgniter->runController(Object(App\Controllers\reporting\organizational_data\org_quarterly_narrative_report))
#9 E:\www\FAWE\system\CodeIgniter.php(312): CodeIgniter\CodeIgniter->handleRequest(NULL, Object(Config\Cache), false)
#10 E:\www\FAWE\index.php(45): CodeIgniter\CodeIgniter->run()
#11 {main}
CRITICAL - 2021-07-05 06:25:57 --> Class 'App\Controllers\reporting\organizational_data\Org_quarterly_indicator_tracking_report_model' not found
#0 E:\www\FAWE\system\CodeIgniter.php(918): App\Controllers\reporting\organizational_data\org_quarterly_indicator_tracking_report->index()
#1 E:\www\FAWE\system\CodeIgniter.php(404): CodeIgniter\CodeIgniter->runController(Object(App\Controllers\reporting\organizational_data\org_quarterly_indicator_tracking_report))
#2 E:\www\FAWE\system\CodeIgniter.php(312): CodeIgniter\CodeIgniter->handleRequest(NULL, Object(Config\Cache), false)
#3 E:\www\FAWE\index.php(45): CodeIgniter\CodeIgniter->run()
#4 {main}
CRITICAL - 2021-07-05 06:27:39 --> Class 'App\Controllers\reporting\organizational_data\org_quarterly_indicator_tracking_report_model' not found
#0 E:\www\FAWE\system\CodeIgniter.php(918): App\Controllers\reporting\organizational_data\org_quarterly_indicator_tracking_report->index()
#1 E:\www\FAWE\system\CodeIgniter.php(404): CodeIgniter\CodeIgniter->runController(Object(App\Controllers\reporting\organizational_data\org_quarterly_indicator_tracking_report))
#2 E:\www\FAWE\system\CodeIgniter.php(312): CodeIgniter\CodeIgniter->handleRequest(NULL, Object(Config\Cache), false)
#3 E:\www\FAWE\index.php(45): CodeIgniter\CodeIgniter->run()
#4 {main}
CRITICAL - 2021-07-05 06:28:28 --> Class 'App\Controllers\reporting\organizational_data\org_quarterly_indicator_tracking_report_model' not found
#0 E:\www\FAWE\system\CodeIgniter.php(918): App\Controllers\reporting\organizational_data\org_quarterly_indicator_tracking_report->index()
#1 E:\www\FAWE\system\CodeIgniter.php(404): CodeIgniter\CodeIgniter->runController(Object(App\Controllers\reporting\organizational_data\org_quarterly_indicator_tracking_report))
#2 E:\www\FAWE\system\CodeIgniter.php(312): CodeIgniter\CodeIgniter->handleRequest(NULL, Object(Config\Cache), false)
#3 E:\www\FAWE\index.php(45): CodeIgniter\CodeIgniter->run()
#4 {main}
CRITICAL - 2021-07-05 06:28:47 --> Class 'App\Controllers\reporting\organizational_data\Org_quarterly_indicator_tracking_report_model' not found
#0 E:\www\FAWE\system\CodeIgniter.php(918): App\Controllers\reporting\organizational_data\org_quarterly_indicator_tracking_report->index()
#1 E:\www\FAWE\system\CodeIgniter.php(404): CodeIgniter\CodeIgniter->runController(Object(App\Controllers\reporting\organizational_data\org_quarterly_indicator_tracking_report))
#2 E:\www\FAWE\system\CodeIgniter.php(312): CodeIgniter\CodeIgniter->handleRequest(NULL, Object(Config\Cache), false)
#3 E:\www\FAWE\index.php(45): CodeIgniter\CodeIgniter->run()
#4 {main}
CRITICAL - 2021-07-05 06:34:03 --> Class 'App\Controllers\reporting\organizational_data\Org_quarterly_indicator_tracking_report_model' not found
#0 E:\www\FAWE\system\CodeIgniter.php(918): App\Controllers\reporting\organizational_data\org_quarterly_indicator_tracking_report->index()
#1 E:\www\FAWE\system\CodeIgniter.php(404): CodeIgniter\CodeIgniter->runController(Object(App\Controllers\reporting\organizational_data\org_quarterly_indicator_tracking_report))
#2 E:\www\FAWE\system\CodeIgniter.php(312): CodeIgniter\CodeIgniter->handleRequest(NULL, Object(Config\Cache), false)
#3 E:\www\FAWE\index.php(45): CodeIgniter\CodeIgniter->run()
#4 {main}
CRITICAL - 2021-07-05 06:54:33 --> Undefined variable: fydp_plan
#0 E:\www\FAWE\app\Controllers\reporting\organizational_data\Org_quarterly_indicator_tracking_report.php(419): CodeIgniter\Debug\Exceptions->errorHandler(8, 'Undefined varia...', 'E:\\www\\FAWE\\ap...', 419, Array)
#1 E:\www\FAWE\system\CodeIgniter.php(918): App\Controllers\reporting\organizational_data\org_quarterly_indicator_tracking_report->get_plan()
#2 E:\www\FAWE\system\CodeIgniter.php(404): CodeIgniter\CodeIgniter->runController(Object(App\Controllers\reporting\organizational_data\org_quarterly_indicator_tracking_report))
#3 E:\www\FAWE\system\CodeIgniter.php(312): CodeIgniter\CodeIgniter->handleRequest(NULL, Object(Config\Cache), false)
#4 E:\www\FAWE\index.php(45): CodeIgniter\CodeIgniter->run()
#5 {main}
CRITICAL - 2021-07-05 06:54:41 --> Undefined variable: fydp_plan
#0 E:\www\FAWE\app\Controllers\reporting\organizational_data\Org_quarterly_indicator_tracking_report.php(419): CodeIgniter\Debug\Exceptions->errorHandler(8, 'Undefined varia...', 'E:\\www\\FAWE\\ap...', 419, Array)
#1 E:\www\FAWE\system\CodeIgniter.php(918): App\Controllers\reporting\organizational_data\org_quarterly_indicator_tracking_report->get_plan()
#2 E:\www\FAWE\system\CodeIgniter.php(404): CodeIgniter\CodeIgniter->runController(Object(App\Controllers\reporting\organizational_data\org_quarterly_indicator_tracking_report))
#3 E:\www\FAWE\system\CodeIgniter.php(312): CodeIgniter\CodeIgniter->handleRequest(NULL, Object(Config\Cache), false)
#4 E:\www\FAWE\index.php(45): CodeIgniter\CodeIgniter->run()
#5 {main}
CRITICAL - 2021-07-05 06:54:46 --> Undefined variable: fydp_plan
#0 E:\www\FAWE\app\Controllers\reporting\organizational_data\Org_quarterly_indicator_tracking_report.php(419): CodeIgniter\Debug\Exceptions->errorHandler(8, 'Undefined varia...', 'E:\\www\\FAWE\\ap...', 419, Array)
#1 E:\www\FAWE\system\CodeIgniter.php(918): App\Controllers\reporting\organizational_data\org_quarterly_indicator_tracking_report->get_plan()
#2 E:\www\FAWE\system\CodeIgniter.php(404): CodeIgniter\CodeIgniter->runController(Object(App\Controllers\reporting\organizational_data\org_quarterly_indicator_tracking_report))
#3 E:\www\FAWE\system\CodeIgniter.php(312): CodeIgniter\CodeIgniter->handleRequest(NULL, Object(Config\Cache), false)
#4 E:\www\FAWE\index.php(45): CodeIgniter\CodeIgniter->run()
#5 {main}
CRITICAL - 2021-07-05 06:54:57 --> Undefined variable: fydp_plan
#0 E:\www\FAWE\app\Controllers\reporting\organizational_data\Org_quarterly_indicator_tracking_report.php(419): CodeIgniter\Debug\Exceptions->errorHandler(8, 'Undefined varia...', 'E:\\www\\FAWE\\ap...', 419, Array)
#1 E:\www\FAWE\system\CodeIgniter.php(918): App\Controllers\reporting\organizational_data\org_quarterly_indicator_tracking_report->get_plan()
#2 E:\www\FAWE\system\CodeIgniter.php(404): CodeIgniter\CodeIgniter->runController(Object(App\Controllers\reporting\organizational_data\org_quarterly_indicator_tracking_report))
#3 E:\www\FAWE\system\CodeIgniter.php(312): CodeIgniter\CodeIgniter->handleRequest(NULL, Object(Config\Cache), false)
#4 E:\www\FAWE\index.php(45): CodeIgniter\CodeIgniter->run()
#5 {main}
CRITICAL - 2021-07-05 06:55:42 --> Undefined variable: fydp_plan
#0 E:\www\FAWE\app\Controllers\reporting\organizational_data\Org_quarterly_indicator_tracking_report.php(419): CodeIgniter\Debug\Exceptions->errorHandler(8, 'Undefined varia...', 'E:\\www\\FAWE\\ap...', 419, Array)
#1 E:\www\FAWE\system\CodeIgniter.php(918): App\Controllers\reporting\organizational_data\org_quarterly_indicator_tracking_report->get_plan()
#2 E:\www\FAWE\system\CodeIgniter.php(404): CodeIgniter\CodeIgniter->runController(Object(App\Controllers\reporting\organizational_data\org_quarterly_indicator_tracking_report))
#3 E:\www\FAWE\system\CodeIgniter.php(312): CodeIgniter\CodeIgniter->handleRequest(NULL, Object(Config\Cache), false)
#4 E:\www\FAWE\index.php(45): CodeIgniter\CodeIgniter->run()
#5 {main}
CRITICAL - 2021-07-05 06:56:14 --> Undefined variable: fydp_plan
#0 E:\www\FAWE\app\Controllers\reporting\organizational_data\Org_quarterly_indicator_tracking_report.php(419): CodeIgniter\Debug\Exceptions->errorHandler(8, 'Undefined varia...', 'E:\\www\\FAWE\\ap...', 419, Array)
#1 E:\www\FAWE\system\CodeIgniter.php(918): App\Controllers\reporting\organizational_data\org_quarterly_indicator_tracking_report->get_plan()
#2 E:\www\FAWE\system\CodeIgniter.php(404): CodeIgniter\CodeIgniter->runController(Object(App\Controllers\reporting\organizational_data\org_quarterly_indicator_tracking_report))
#3 E:\www\FAWE\system\CodeIgniter.php(312): CodeIgniter\CodeIgniter->handleRequest(NULL, Object(Config\Cache), false)
#4 E:\www\FAWE\index.php(45): CodeIgniter\CodeIgniter->run()
#5 {main}
CRITICAL - 2021-07-05 06:57:17 --> Undefined index: startyear
#0 E:\www\FAWE\app\Controllers\reporting\organizational_data\Org_quarterly_indicator_tracking_report.php(422): CodeIgniter\Debug\Exceptions->errorHandler(8, 'Undefined index...', 'E:\\www\\FAWE\\ap...', 422, Array)
#1 E:\www\FAWE\system\CodeIgniter.php(918): App\Controllers\reporting\organizational_data\org_quarterly_indicator_tracking_report->get_plan()
#2 E:\www\FAWE\system\CodeIgniter.php(404): CodeIgniter\CodeIgniter->runController(Object(App\Controllers\reporting\organizational_data\org_quarterly_indicator_tracking_report))
#3 E:\www\FAWE\system\CodeIgniter.php(312): CodeIgniter\CodeIgniter->handleRequest(NULL, Object(Config\Cache), false)
#4 E:\www\FAWE\index.php(45): CodeIgniter\CodeIgniter->run()
#5 {main}
CRITICAL - 2021-07-05 06:57:30 --> Undefined index: startyear
#0 E:\www\FAWE\app\Controllers\reporting\organizational_data\Org_quarterly_indicator_tracking_report.php(422): CodeIgniter\Debug\Exceptions->errorHandler(8, 'Undefined index...', 'E:\\www\\FAWE\\ap...', 422, Array)
#1 E:\www\FAWE\system\CodeIgniter.php(918): App\Controllers\reporting\organizational_data\org_quarterly_indicator_tracking_report->get_plan()
#2 E:\www\FAWE\system\CodeIgniter.php(404): CodeIgniter\CodeIgniter->runController(Object(App\Controllers\reporting\organizational_data\org_quarterly_indicator_tracking_report))
#3 E:\www\FAWE\system\CodeIgniter.php(312): CodeIgniter\CodeIgniter->handleRequest(NULL, Object(Config\Cache), false)
#4 E:\www\FAWE\index.php(45): CodeIgniter\CodeIgniter->run()
#5 {main}
CRITICAL - 2021-07-05 06:57:35 --> Undefined index: startyear
#0 E:\www\FAWE\app\Controllers\reporting\organizational_data\Org_quarterly_indicator_tracking_report.php(422): CodeIgniter\Debug\Exceptions->errorHandler(8, 'Undefined index...', 'E:\\www\\FAWE\\ap...', 422, Array)
#1 E:\www\FAWE\system\CodeIgniter.php(918): App\Controllers\reporting\organizational_data\org_quarterly_indicator_tracking_report->get_plan()
#2 E:\www\FAWE\system\CodeIgniter.php(404): CodeIgniter\CodeIgniter->runController(Object(App\Controllers\reporting\organizational_data\org_quarterly_indicator_tracking_report))
#3 E:\www\FAWE\system\CodeIgniter.php(312): CodeIgniter\CodeIgniter->handleRequest(NULL, Object(Config\Cache), false)
#4 E:\www\FAWE\index.php(45): CodeIgniter\CodeIgniter->run()
#5 {main}
CRITICAL - 2021-07-05 07:24:07 --> Unknown column 'org_data_strategic_plans_workflow.fydp_id' in 'where clause'
#0 E:\www\FAWE\system\Database\MySQLi\Connection.php(331): mysqli->query('select * from o...')
#1 E:\www\FAWE\system\Database\BaseConnection.php(741): CodeIgniter\Database\MySQLi\Connection->execute('select * from o...')
#2 E:\www\FAWE\system\Database\BaseConnection.php(669): CodeIgniter\Database\BaseConnection->simpleQuery('select * from o...')
#3 E:\www\FAWE\app\Controllers\reporting\organizational_data\Org_quarterly_indicator_tracking_report.php(373): CodeIgniter\Database\BaseConnection->query('select * from o...')
#4 E:\www\FAWE\system\CodeIgniter.php(918): App\Controllers\reporting\organizational_data\org_quarterly_indicator_tracking_report->get_indicator_by_year('2019', '3')
#5 E:\www\FAWE\system\CodeIgniter.php(404): CodeIgniter\CodeIgniter->runController(Object(App\Controllers\reporting\organizational_data\org_quarterly_indicator_tracking_report))
#6 E:\www\FAWE\system\CodeIgniter.php(312): CodeIgniter\CodeIgniter->handleRequest(NULL, Object(Config\Cache), false)
#7 E:\www\FAWE\index.php(45): CodeIgniter\CodeIgniter->run()
#8 {main}
CRITICAL - 2021-07-05 07:24:24 --> Unknown column 'org_data_strategic_plans_workflow.fydp_id' in 'where clause'
#0 E:\www\FAWE\system\Database\MySQLi\Connection.php(331): mysqli->query('select * from o...')
#1 E:\www\FAWE\system\Database\BaseConnection.php(741): CodeIgniter\Database\MySQLi\Connection->execute('select * from o...')
#2 E:\www\FAWE\system\Database\BaseConnection.php(669): CodeIgniter\Database\BaseConnection->simpleQuery('select * from o...')
#3 E:\www\FAWE\app\Controllers\reporting\organizational_data\Org_quarterly_indicator_tracking_report.php(373): CodeIgniter\Database\BaseConnection->query('select * from o...')
#4 E:\www\FAWE\system\CodeIgniter.php(918): App\Controllers\reporting\organizational_data\org_quarterly_indicator_tracking_report->get_indicator_by_year('2020', '3')
#5 E:\www\FAWE\system\CodeIgniter.php(404): CodeIgniter\CodeIgniter->runController(Object(App\Controllers\reporting\organizational_data\org_quarterly_indicator_tracking_report))
#6 E:\www\FAWE\system\CodeIgniter.php(312): CodeIgniter\CodeIgniter->handleRequest(NULL, Object(Config\Cache), false)
#7 E:\www\FAWE\index.php(45): CodeIgniter\CodeIgniter->run()
#8 {main}
CRITICAL - 2021-07-05 07:24:25 --> Unknown column 'org_data_strategic_plans_workflow.fydp_id' in 'where clause'
#0 E:\www\FAWE\system\Database\MySQLi\Connection.php(331): mysqli->query('select * from o...')
#1 E:\www\FAWE\system\Database\BaseConnection.php(741): CodeIgniter\Database\MySQLi\Connection->execute('select * from o...')
#2 E:\www\FAWE\system\Database\BaseConnection.php(669): CodeIgniter\Database\BaseConnection->simpleQuery('select * from o...')
#3 E:\www\FAWE\app\Controllers\reporting\organizational_data\Org_quarterly_indicator_tracking_report.php(373): CodeIgniter\Database\BaseConnection->query('select * from o...')
#4 E:\www\FAWE\system\CodeIgniter.php(918): App\Controllers\reporting\organizational_data\org_quarterly_indicator_tracking_report->get_indicator_by_year('2019', '3')
#5 E:\www\FAWE\system\CodeIgniter.php(404): CodeIgniter\CodeIgniter->runController(Object(App\Controllers\reporting\organizational_data\org_quarterly_indicator_tracking_report))
#6 E:\www\FAWE\system\CodeIgniter.php(312): CodeIgniter\CodeIgniter->handleRequest(NULL, Object(Config\Cache), false)
#7 E:\www\FAWE\index.php(45): CodeIgniter\CodeIgniter->run()
#8 {main}
CRITICAL - 2021-07-05 07:24:30 --> Unknown column 'org_data_strategic_plans_workflow.fydp_id' in 'where clause'
#0 E:\www\FAWE\system\Database\MySQLi\Connection.php(331): mysqli->query('select * from o...')
#1 E:\www\FAWE\system\Database\BaseConnection.php(741): CodeIgniter\Database\MySQLi\Connection->execute('select * from o...')
#2 E:\www\FAWE\system\Database\BaseConnection.php(669): CodeIgniter\Database\BaseConnection->simpleQuery('select * from o...')
#3 E:\www\FAWE\app\Controllers\reporting\organizational_data\Org_quarterly_indicator_tracking_report.php(373): CodeIgniter\Database\BaseConnection->query('select * from o...')
#4 E:\www\FAWE\system\CodeIgniter.php(918): App\Controllers\reporting\organizational_data\org_quarterly_indicator_tracking_report->get_indicator_by_year('2020', '3')
#5 E:\www\FAWE\system\CodeIgniter.php(404): CodeIgniter\CodeIgniter->runController(Object(App\Controllers\reporting\organizational_data\org_quarterly_indicator_tracking_report))
#6 E:\www\FAWE\system\CodeIgniter.php(312): CodeIgniter\CodeIgniter->handleRequest(NULL, Object(Config\Cache), false)
#7 E:\www\FAWE\index.php(45): CodeIgniter\CodeIgniter->run()
#8 {main}
CRITICAL - 2021-07-05 07:24:36 --> Unknown column 'org_data_strategic_plans_workflow.fydp_id' in 'where clause'
#0 E:\www\FAWE\system\Database\MySQLi\Connection.php(331): mysqli->query('select * from o...')
#1 E:\www\FAWE\system\Database\BaseConnection.php(741): CodeIgniter\Database\MySQLi\Connection->execute('select * from o...')
#2 E:\www\FAWE\system\Database\BaseConnection.php(669): CodeIgniter\Database\BaseConnection->simpleQuery('select * from o...')
#3 E:\www\FAWE\app\Controllers\reporting\organizational_data\Org_quarterly_indicator_tracking_report.php(373): CodeIgniter\Database\BaseConnection->query('select * from o...')
#4 E:\www\FAWE\system\CodeIgniter.php(918): App\Controllers\reporting\organizational_data\org_quarterly_indicator_tracking_report->get_indicator_by_year('2019', '3')
#5 E:\www\FAWE\system\CodeIgniter.php(404): CodeIgniter\CodeIgniter->runController(Object(App\Controllers\reporting\organizational_data\org_quarterly_indicator_tracking_report))
#6 E:\www\FAWE\system\CodeIgniter.php(312): CodeIgniter\CodeIgniter->handleRequest(NULL, Object(Config\Cache), false)
#7 E:\www\FAWE\index.php(45): CodeIgniter\CodeIgniter->run()
#8 {main}
CRITICAL - 2021-07-05 07:24:42 --> Unknown column 'org_data_strategic_plans_workflow.fydp_id' in 'where clause'
#0 E:\www\FAWE\system\Database\MySQLi\Connection.php(331): mysqli->query('select * from o...')
#1 E:\www\FAWE\system\Database\BaseConnection.php(741): CodeIgniter\Database\MySQLi\Connection->execute('select * from o...')
#2 E:\www\FAWE\system\Database\BaseConnection.php(669): CodeIgniter\Database\BaseConnection->simpleQuery('select * from o...')
#3 E:\www\FAWE\app\Controllers\reporting\organizational_data\Org_quarterly_indicator_tracking_report.php(373): CodeIgniter\Database\BaseConnection->query('select * from o...')
#4 E:\www\FAWE\system\CodeIgniter.php(918): App\Controllers\reporting\organizational_data\org_quarterly_indicator_tracking_report->get_indicator_by_year('2019', '3')
#5 E:\www\FAWE\system\CodeIgniter.php(404): CodeIgniter\CodeIgniter->runController(Object(App\Controllers\reporting\organizational_data\org_quarterly_indicator_tracking_report))
#6 E:\www\FAWE\system\CodeIgniter.php(312): CodeIgniter\CodeIgniter->handleRequest(NULL, Object(Config\Cache), false)
#7 E:\www\FAWE\index.php(45): CodeIgniter\CodeIgniter->run()
#8 {main}
CRITICAL - 2021-07-05 07:25:19 --> Unknown column 'org_intervention_indicator.year' in 'where clause'
#0 E:\www\FAWE\system\Database\MySQLi\Connection.php(331): mysqli->query('select * from o...')
#1 E:\www\FAWE\system\Database\BaseConnection.php(741): CodeIgniter\Database\MySQLi\Connection->execute('select * from o...')
#2 E:\www\FAWE\system\Database\BaseConnection.php(669): CodeIgniter\Database\BaseConnection->simpleQuery('select * from o...')
#3 E:\www\FAWE\app\Controllers\reporting\organizational_data\Org_quarterly_indicator_tracking_report.php(373): CodeIgniter\Database\BaseConnection->query('select * from o...')
#4 E:\www\FAWE\system\CodeIgniter.php(918): App\Controllers\reporting\organizational_data\org_quarterly_indicator_tracking_report->get_indicator_by_year('2019', '3')
#5 E:\www\FAWE\system\CodeIgniter.php(404): CodeIgniter\CodeIgniter->runController(Object(App\Controllers\reporting\organizational_data\org_quarterly_indicator_tracking_report))
#6 E:\www\FAWE\system\CodeIgniter.php(312): CodeIgniter\CodeIgniter->handleRequest(NULL, Object(Config\Cache), false)
#7 E:\www\FAWE\index.php(45): CodeIgniter\CodeIgniter->run()
#8 {main}
CRITICAL - 2021-07-05 07:26:51 --> Unknown column 'org_intervention_indicator.year' in 'where clause'
#0 E:\www\FAWE\system\Database\MySQLi\Connection.php(331): mysqli->query('select * from o...')
#1 E:\www\FAWE\system\Database\BaseConnection.php(741): CodeIgniter\Database\MySQLi\Connection->execute('select * from o...')
#2 E:\www\FAWE\system\Database\BaseConnection.php(669): CodeIgniter\Database\BaseConnection->simpleQuery('select * from o...')
#3 E:\www\FAWE\app\Controllers\reporting\organizational_data\Org_quarterly_indicator_tracking_report.php(373): CodeIgniter\Database\BaseConnection->query('select * from o...')
#4 E:\www\FAWE\system\CodeIgniter.php(918): App\Controllers\reporting\organizational_data\org_quarterly_indicator_tracking_report->get_indicator_by_year('2019', '3')
#5 E:\www\FAWE\system\CodeIgniter.php(404): CodeIgniter\CodeIgniter->runController(Object(App\Controllers\reporting\organizational_data\org_quarterly_indicator_tracking_report))
#6 E:\www\FAWE\system\CodeIgniter.php(312): CodeIgniter\CodeIgniter->handleRequest(NULL, Object(Config\Cache), false)
#7 E:\www\FAWE\index.php(45): CodeIgniter\CodeIgniter->run()
#8 {main}
CRITICAL - 2021-07-05 07:28:21 --> Unknown column 'org_thematic_area.id' in 'on clause'
#0 E:\www\FAWE\system\Database\MySQLi\Connection.php(331): mysqli->query('select * from o...')
#1 E:\www\FAWE\system\Database\BaseConnection.php(741): CodeIgniter\Database\MySQLi\Connection->execute('select * from o...')
#2 E:\www\FAWE\system\Database\BaseConnection.php(669): CodeIgniter\Database\BaseConnection->simpleQuery('select * from o...')
#3 E:\www\FAWE\app\Controllers\reporting\organizational_data\Org_quarterly_indicator_tracking_report.php(373): CodeIgniter\Database\BaseConnection->query('select * from o...')
#4 E:\www\FAWE\system\CodeIgniter.php(918): App\Controllers\reporting\organizational_data\org_quarterly_indicator_tracking_report->get_indicator_by_year('2019', '3')
#5 E:\www\FAWE\system\CodeIgniter.php(404): CodeIgniter\CodeIgniter->runController(Object(App\Controllers\reporting\organizational_data\org_quarterly_indicator_tracking_report))
#6 E:\www\FAWE\system\CodeIgniter.php(312): CodeIgniter\CodeIgniter->handleRequest(NULL, Object(Config\Cache), false)
#7 E:\www\FAWE\index.php(45): CodeIgniter\CodeIgniter->run()
#8 {main}
CRITICAL - 2021-07-05 07:28:26 --> Unknown column 'org_thematic_area.id' in 'on clause'
#0 E:\www\FAWE\system\Database\MySQLi\Connection.php(331): mysqli->query('select * from o...')
#1 E:\www\FAWE\system\Database\BaseConnection.php(741): CodeIgniter\Database\MySQLi\Connection->execute('select * from o...')
#2 E:\www\FAWE\system\Database\BaseConnection.php(669): CodeIgniter\Database\BaseConnection->simpleQuery('select * from o...')
#3 E:\www\FAWE\app\Controllers\reporting\organizational_data\Org_quarterly_indicator_tracking_report.php(373): CodeIgniter\Database\BaseConnection->query('select * from o...')
#4 E:\www\FAWE\system\CodeIgniter.php(918): App\Controllers\reporting\organizational_data\org_quarterly_indicator_tracking_report->get_indicator_by_year('2019', '3')
#5 E:\www\FAWE\system\CodeIgniter.php(404): CodeIgniter\CodeIgniter->runController(Object(App\Controllers\reporting\organizational_data\org_quarterly_indicator_tracking_report))
#6 E:\www\FAWE\system\CodeIgniter.php(312): CodeIgniter\CodeIgniter->handleRequest(NULL, Object(Config\Cache), false)
#7 E:\www\FAWE\index.php(45): CodeIgniter\CodeIgniter->run()
#8 {main}
CRITICAL - 2021-07-05 07:35:03 --> Unknown column 'org_thematic_area.id' in 'on clause'
#0 E:\www\FAWE\system\Database\MySQLi\Connection.php(331): mysqli->query('select * from o...')
#1 E:\www\FAWE\system\Database\BaseConnection.php(741): CodeIgniter\Database\MySQLi\Connection->execute('select * from o...')
#2 E:\www\FAWE\system\Database\BaseConnection.php(669): CodeIgniter\Database\BaseConnection->simpleQuery('select * from o...')
#3 E:\www\FAWE\app\Controllers\reporting\organizational_data\Org_quarterly_indicator_tracking_report.php(373): CodeIgniter\Database\BaseConnection->query('select * from o...')
#4 E:\www\FAWE\system\CodeIgniter.php(918): App\Controllers\reporting\organizational_data\org_quarterly_indicator_tracking_report->get_indicator_by_year('2019', '3')
#5 E:\www\FAWE\system\CodeIgniter.php(404): CodeIgniter\CodeIgniter->runController(Object(App\Controllers\reporting\organizational_data\org_quarterly_indicator_tracking_report))
#6 E:\www\FAWE\system\CodeIgniter.php(312): CodeIgniter\CodeIgniter->handleRequest(NULL, Object(Config\Cache), false)
#7 E:\www\FAWE\index.php(45): CodeIgniter\CodeIgniter->run()
#8 {main}
CRITICAL - 2021-07-05 07:35:11 --> Unknown column 'org_thematic_area.id' in 'on clause'
#0 E:\www\FAWE\system\Database\MySQLi\Connection.php(331): mysqli->query('select * from o...')
#1 E:\www\FAWE\system\Database\BaseConnection.php(741): CodeIgniter\Database\MySQLi\Connection->execute('select * from o...')
#2 E:\www\FAWE\system\Database\BaseConnection.php(669): CodeIgniter\Database\BaseConnection->simpleQuery('select * from o...')
#3 E:\www\FAWE\app\Controllers\reporting\organizational_data\Org_quarterly_indicator_tracking_report.php(373): CodeIgniter\Database\BaseConnection->query('select * from o...')
#4 E:\www\FAWE\system\CodeIgniter.php(918): App\Controllers\reporting\organizational_data\org_quarterly_indicator_tracking_report->get_indicator_by_year('2019', '3')
#5 E:\www\FAWE\system\CodeIgniter.php(404): CodeIgniter\CodeIgniter->runController(Object(App\Controllers\reporting\organizational_data\org_quarterly_indicator_tracking_report))
#6 E:\www\FAWE\system\CodeIgniter.php(312): CodeIgniter\CodeIgniter->handleRequest(NULL, Object(Config\Cache), false)
#7 E:\www\FAWE\index.php(45): CodeIgniter\CodeIgniter->run()
#8 {main}
CRITICAL - 2021-07-05 07:37:00 --> Unknown column 'org_thematic_area.id' in 'on clause'
#0 E:\www\FAWE\system\Database\MySQLi\Connection.php(331): mysqli->query('select * from o...')
#1 E:\www\FAWE\system\Database\BaseConnection.php(741): CodeIgniter\Database\MySQLi\Connection->execute('select * from o...')
#2 E:\www\FAWE\system\Database\BaseConnection.php(669): CodeIgniter\Database\BaseConnection->simpleQuery('select * from o...')
#3 E:\www\FAWE\app\Controllers\reporting\organizational_data\Org_quarterly_indicator_tracking_report.php(373): CodeIgniter\Database\BaseConnection->query('select * from o...')
#4 E:\www\FAWE\system\CodeIgniter.php(918): App\Controllers\reporting\organizational_data\org_quarterly_indicator_tracking_report->get_indicator_by_year('2019', '3')
#5 E:\www\FAWE\system\CodeIgniter.php(404): CodeIgniter\CodeIgniter->runController(Object(App\Controllers\reporting\organizational_data\org_quarterly_indicator_tracking_report))
#6 E:\www\FAWE\system\CodeIgniter.php(312): CodeIgniter\CodeIgniter->handleRequest(NULL, Object(Config\Cache), false)
#7 E:\www\FAWE\index.php(45): CodeIgniter\CodeIgniter->run()
#8 {main}
CRITICAL - 2021-07-05 07:37:32 --> Unknown column 'org_thematic_area.id' in 'on clause'
#0 E:\www\FAWE\system\Database\MySQLi\Connection.php(331): mysqli->query('select * from o...')
#1 E:\www\FAWE\system\Database\BaseConnection.php(741): CodeIgniter\Database\MySQLi\Connection->execute('select * from o...')
#2 E:\www\FAWE\system\Database\BaseConnection.php(669): CodeIgniter\Database\BaseConnection->simpleQuery('select * from o...')
#3 E:\www\FAWE\app\Controllers\reporting\organizational_data\Org_quarterly_indicator_tracking_report.php(373): CodeIgniter\Database\BaseConnection->query('select * from o...')
#4 E:\www\FAWE\system\CodeIgniter.php(918): App\Controllers\reporting\organizational_data\org_quarterly_indicator_tracking_report->get_indicator_by_year('2019', '3')
#5 E:\www\FAWE\system\CodeIgniter.php(404): CodeIgniter\CodeIgniter->runController(Object(App\Controllers\reporting\organizational_data\org_quarterly_indicator_tracking_report))
#6 E:\www\FAWE\system\CodeIgniter.php(312): CodeIgniter\CodeIgniter->handleRequest(NULL, Object(Config\Cache), false)
#7 E:\www\FAWE\index.php(45): CodeIgniter\CodeIgniter->run()
#8 {main}
CRITICAL - 2021-07-05 07:38:20 --> Unknown column 'org_data_strategic_plans_workflow.id' in 'where clause'
#0 E:\www\FAWE\system\Database\MySQLi\Connection.php(331): mysqli->query('select * from o...')
#1 E:\www\FAWE\system\Database\BaseConnection.php(741): CodeIgniter\Database\MySQLi\Connection->execute('select * from o...')
#2 E:\www\FAWE\system\Database\BaseConnection.php(669): CodeIgniter\Database\BaseConnection->simpleQuery('select * from o...')
#3 E:\www\FAWE\app\Controllers\reporting\organizational_data\Org_quarterly_indicator_tracking_report.php(371): CodeIgniter\Database\BaseConnection->query('select * from o...')
#4 E:\www\FAWE\system\CodeIgniter.php(918): App\Controllers\reporting\organizational_data\org_quarterly_indicator_tracking_report->get_indicator_by_year('2019', '3')
#5 E:\www\FAWE\system\CodeIgniter.php(404): CodeIgniter\CodeIgniter->runController(Object(App\Controllers\reporting\organizational_data\org_quarterly_indicator_tracking_report))
#6 E:\www\FAWE\system\CodeIgniter.php(312): CodeIgniter\CodeIgniter->handleRequest(NULL, Object(Config\Cache), false)
#7 E:\www\FAWE\index.php(45): CodeIgniter\CodeIgniter->run()
#8 {main}
CRITICAL - 2021-07-05 07:38:57 --> Unknown column 'org_thematic_area.id' in 'on clause'
#0 E:\www\FAWE\system\Database\MySQLi\Connection.php(331): mysqli->query('select * from o...')
#1 E:\www\FAWE\system\Database\BaseConnection.php(741): CodeIgniter\Database\MySQLi\Connection->execute('select * from o...')
#2 E:\www\FAWE\system\Database\BaseConnection.php(669): CodeIgniter\Database\BaseConnection->simpleQuery('select * from o...')
#3 E:\www\FAWE\app\Controllers\reporting\organizational_data\Org_quarterly_indicator_tracking_report.php(367): CodeIgniter\Database\BaseConnection->query('select * from o...')
#4 E:\www\FAWE\system\CodeIgniter.php(918): App\Controllers\reporting\organizational_data\org_quarterly_indicator_tracking_report->get_indicator_by_year('2019', '3')
#5 E:\www\FAWE\system\CodeIgniter.php(404): CodeIgniter\CodeIgniter->runController(Object(App\Controllers\reporting\organizational_data\org_quarterly_indicator_tracking_report))
#6 E:\www\FAWE\system\CodeIgniter.php(312): CodeIgniter\CodeIgniter->handleRequest(NULL, Object(Config\Cache), false)
#7 E:\www\FAWE\index.php(45): CodeIgniter\CodeIgniter->run()
#8 {main}
CRITICAL - 2021-07-05 07:39:16 --> Table 'FAWE.org_intervention_indicator1' doesn't exist
#0 E:\www\FAWE\system\Database\MySQLi\Connection.php(331): mysqli->query('select * from o...')
#1 E:\www\FAWE\system\Database\BaseConnection.php(741): CodeIgniter\Database\MySQLi\Connection->execute('select * from o...')
#2 E:\www\FAWE\system\Database\BaseConnection.php(669): CodeIgniter\Database\BaseConnection->simpleQuery('select * from o...')
#3 E:\www\FAWE\app\Controllers\reporting\organizational_data\Org_quarterly_indicator_tracking_report.php(373): CodeIgniter\Database\BaseConnection->query('select * from o...')
#4 E:\www\FAWE\system\CodeIgniter.php(918): App\Controllers\reporting\organizational_data\org_quarterly_indicator_tracking_report->get_indicator_by_year('2019', '3')
#5 E:\www\FAWE\system\CodeIgniter.php(404): CodeIgniter\CodeIgniter->runController(Object(App\Controllers\reporting\organizational_data\org_quarterly_indicator_tracking_report))
#6 E:\www\FAWE\system\CodeIgniter.php(312): CodeIgniter\CodeIgniter->handleRequest(NULL, Object(Config\Cache), false)
#7 E:\www\FAWE\index.php(45): CodeIgniter\CodeIgniter->run()
#8 {main}
CRITICAL - 2021-07-05 07:39:39 --> Unknown column 'org_thematic_area.id' in 'on clause'
#0 E:\www\FAWE\system\Database\MySQLi\Connection.php(331): mysqli->query('select * from o...')
#1 E:\www\FAWE\system\Database\BaseConnection.php(741): CodeIgniter\Database\MySQLi\Connection->execute('select * from o...')
#2 E:\www\FAWE\system\Database\BaseConnection.php(669): CodeIgniter\Database\BaseConnection->simpleQuery('select * from o...')
#3 E:\www\FAWE\app\Controllers\reporting\organizational_data\Org_quarterly_indicator_tracking_report.php(373): CodeIgniter\Database\BaseConnection->query('select * from o...')
#4 E:\www\FAWE\system\CodeIgniter.php(918): App\Controllers\reporting\organizational_data\org_quarterly_indicator_tracking_report->get_indicator_by_year('2019', '3')
#5 E:\www\FAWE\system\CodeIgniter.php(404): CodeIgniter\CodeIgniter->runController(Object(App\Controllers\reporting\organizational_data\org_quarterly_indicator_tracking_report))
#6 E:\www\FAWE\system\CodeIgniter.php(312): CodeIgniter\CodeIgniter->handleRequest(NULL, Object(Config\Cache), false)
#7 E:\www\FAWE\index.php(45): CodeIgniter\CodeIgniter->run()
#8 {main}
CRITICAL - 2021-07-05 07:40:10 --> Unknown column 'org_thematic_area.id' in 'on clause'
#0 E:\www\FAWE\system\Database\MySQLi\Connection.php(331): mysqli->query('select * from o...')
#1 E:\www\FAWE\system\Database\BaseConnection.php(741): CodeIgniter\Database\MySQLi\Connection->execute('select * from o...')
#2 E:\www\FAWE\system\Database\BaseConnection.php(669): CodeIgniter\Database\BaseConnection->simpleQuery('select * from o...')
#3 E:\www\FAWE\app\Controllers\reporting\organizational_data\Org_quarterly_indicator_tracking_report.php(380): CodeIgniter\Database\BaseConnection->query('select * from o...')
#4 E:\www\FAWE\system\CodeIgniter.php(918): App\Controllers\reporting\organizational_data\org_quarterly_indicator_tracking_report->get_indicator_by_year('2019', '3')
#5 E:\www\FAWE\system\CodeIgniter.php(404): CodeIgniter\CodeIgniter->runController(Object(App\Controllers\reporting\organizational_data\org_quarterly_indicator_tracking_report))
#6 E:\www\FAWE\system\CodeIgniter.php(312): CodeIgniter\CodeIgniter->handleRequest(NULL, Object(Config\Cache), false)
#7 E:\www\FAWE\index.php(45): CodeIgniter\CodeIgniter->run()
#8 {main}
CRITICAL - 2021-07-05 07:41:20 --> You have an error in your SQL syntax; check the manual that corresponds to your MariaDB server version for the right syntax to use near '* from org_intervention_indicator left join org_strategic_intervention on org...' at line 1
#0 E:\www\FAWE\system\Database\MySQLi\Connection.php(331): mysqli->query('select .* from ...')
#1 E:\www\FAWE\system\Database\BaseConnection.php(741): CodeIgniter\Database\MySQLi\Connection->execute('select .* from ...')
#2 E:\www\FAWE\system\Database\BaseConnection.php(669): CodeIgniter\Database\BaseConnection->simpleQuery('select .* from ...')
#3 E:\www\FAWE\app\Controllers\reporting\organizational_data\Org_quarterly_indicator_tracking_report.php(373): CodeIgniter\Database\BaseConnection->query('select .* from ...')
#4 E:\www\FAWE\system\CodeIgniter.php(918): App\Controllers\reporting\organizational_data\org_quarterly_indicator_tracking_report->get_indicator_by_year('2019', '3')
#5 E:\www\FAWE\system\CodeIgniter.php(404): CodeIgniter\CodeIgniter->runController(Object(App\Controllers\reporting\organizational_data\org_quarterly_indicator_tracking_report))
#6 E:\www\FAWE\system\CodeIgniter.php(312): CodeIgniter\CodeIgniter->handleRequest(NULL, Object(Config\Cache), false)
#7 E:\www\FAWE\index.php(45): CodeIgniter\CodeIgniter->run()
#8 {main}
CRITICAL - 2021-07-05 07:41:41 --> Unknown column 'org_thematic_area.id' in 'on clause'
#0 E:\www\FAWE\system\Database\MySQLi\Connection.php(331): mysqli->query('select * from o...')
#1 E:\www\FAWE\system\Database\BaseConnection.php(741): CodeIgniter\Database\MySQLi\Connection->execute('select * from o...')
#2 E:\www\FAWE\system\Database\BaseConnection.php(669): CodeIgniter\Database\BaseConnection->simpleQuery('select * from o...')
#3 E:\www\FAWE\app\Controllers\reporting\organizational_data\Org_quarterly_indicator_tracking_report.php(373): CodeIgniter\Database\BaseConnection->query('select * from o...')
#4 E:\www\FAWE\system\CodeIgniter.php(918): App\Controllers\reporting\organizational_data\org_quarterly_indicator_tracking_report->get_indicator_by_year('2019', '3')
#5 E:\www\FAWE\system\CodeIgniter.php(404): CodeIgniter\CodeIgniter->runController(Object(App\Controllers\reporting\organizational_data\org_quarterly_indicator_tracking_report))
#6 E:\www\FAWE\system\CodeIgniter.php(312): CodeIgniter\CodeIgniter->handleRequest(NULL, Object(Config\Cache), false)
#7 E:\www\FAWE\index.php(45): CodeIgniter\CodeIgniter->run()
#8 {main}
CRITICAL - 2021-07-05 07:42:18 --> Unknown column 'org_thematic_area.id' in 'on clause'
#0 E:\www\FAWE\system\Database\MySQLi\Connection.php(331): mysqli->query('select * from o...')
#1 E:\www\FAWE\system\Database\BaseConnection.php(741): CodeIgniter\Database\MySQLi\Connection->execute('select * from o...')
#2 E:\www\FAWE\system\Database\BaseConnection.php(669): CodeIgniter\Database\BaseConnection->simpleQuery('select * from o...')
#3 E:\www\FAWE\app\Controllers\reporting\organizational_data\Org_quarterly_indicator_tracking_report.php(373): CodeIgniter\Database\BaseConnection->query('select * from o...')
#4 E:\www\FAWE\system\CodeIgniter.php(918): App\Controllers\reporting\organizational_data\org_quarterly_indicator_tracking_report->get_indicator_by_year('2019', '3')
#5 E:\www\FAWE\system\CodeIgniter.php(404): CodeIgniter\CodeIgniter->runController(Object(App\Controllers\reporting\organizational_data\org_quarterly_indicator_tracking_report))
#6 E:\www\FAWE\system\CodeIgniter.php(312): CodeIgniter\CodeIgniter->handleRequest(NULL, Object(Config\Cache), false)
#7 E:\www\FAWE\index.php(45): CodeIgniter\CodeIgniter->run()
#8 {main}
CRITICAL - 2021-07-05 08:33:00 --> Unknown column 'org_thematic_area.id' in 'on clause'
#0 E:\www\FAWE\system\Database\MySQLi\Connection.php(331): mysqli->query('select * from o...')
#1 E:\www\FAWE\system\Database\BaseConnection.php(741): CodeIgniter\Database\MySQLi\Connection->execute('select * from o...')
#2 E:\www\FAWE\system\Database\BaseConnection.php(669): CodeIgniter\Database\BaseConnection->simpleQuery('select * from o...')
#3 E:\www\FAWE\app\Controllers\reporting\organizational_data\Org_quarterly_indicator_tracking_report.php(373): CodeIgniter\Database\BaseConnection->query('select * from o...')
#4 E:\www\FAWE\system\CodeIgniter.php(918): App\Controllers\reporting\organizational_data\org_quarterly_indicator_tracking_report->get_indicator_by_year('2019', '3')
#5 E:\www\FAWE\system\CodeIgniter.php(404): CodeIgniter\CodeIgniter->runController(Object(App\Controllers\reporting\organizational_data\org_quarterly_indicator_tracking_report))
#6 E:\www\FAWE\system\CodeIgniter.php(312): CodeIgniter\CodeIgniter->handleRequest(NULL, Object(Config\Cache), false)
#7 E:\www\FAWE\index.php(45): CodeIgniter\CodeIgniter->run()
#8 {main}
CRITICAL - 2021-07-05 08:52:16 --> Unknown column 'org_data_strategic_plans_workflow.id' in 'where clause'
#0 E:\www\FAWE\system\Database\MySQLi\Connection.php(331): mysqli->query('\r\n\t\t\t\t\t\t\t \r\n\t\t\t...')
#1 E:\www\FAWE\system\Database\BaseConnection.php(741): CodeIgniter\Database\MySQLi\Connection->execute('\r\n\t\t\t\t\t\t\t \r\n\t\t\t...')
#2 E:\www\FAWE\system\Database\BaseConnection.php(669): CodeIgniter\Database\BaseConnection->simpleQuery('\r\n\t\t\t\t\t\t\t \r\n\t\t\t...')
#3 E:\www\FAWE\app\Controllers\reporting\organizational_data\Org_quarterly_indicator_tracking_report.php(385): CodeIgniter\Database\BaseConnection->query('\r\n\t\t\t\t\t\t\t \r\n\t\t\t...')
#4 E:\www\FAWE\system\CodeIgniter.php(918): App\Controllers\reporting\organizational_data\org_quarterly_indicator_tracking_report->get_indicator_by_year('2019', '3')
#5 E:\www\FAWE\system\CodeIgniter.php(404): CodeIgniter\CodeIgniter->runController(Object(App\Controllers\reporting\organizational_data\org_quarterly_indicator_tracking_report))
#6 E:\www\FAWE\system\CodeIgniter.php(312): CodeIgniter\CodeIgniter->handleRequest(NULL, Object(Config\Cache), false)
#7 E:\www\FAWE\index.php(45): CodeIgniter\CodeIgniter->run()
#8 {main}
CRITICAL - 2021-07-05 09:04:46 --> Unknown column 'org_data_strategic_plans_workflow.id' in 'where clause'
#0 E:\www\FAWE\system\Database\MySQLi\Connection.php(331): mysqli->query('\r\n\t\t\t\t\t\t\t \r\n\t\t\t...')
#1 E:\www\FAWE\system\Database\BaseConnection.php(741): CodeIgniter\Database\MySQLi\Connection->execute('\r\n\t\t\t\t\t\t\t \r\n\t\t\t...')
#2 E:\www\FAWE\system\Database\BaseConnection.php(669): CodeIgniter\Database\BaseConnection->simpleQuery('\r\n\t\t\t\t\t\t\t \r\n\t\t\t...')
#3 E:\www\FAWE\app\Controllers\reporting\organizational_data\Org_quarterly_indicator_tracking_report.php(385): CodeIgniter\Database\BaseConnection->query('\r\n\t\t\t\t\t\t\t \r\n\t\t\t...')
#4 E:\www\FAWE\system\CodeIgniter.php(918): App\Controllers\reporting\organizational_data\org_quarterly_indicator_tracking_report->get_indicator_by_year('2019', '3')
#5 E:\www\FAWE\system\CodeIgniter.php(404): CodeIgniter\CodeIgniter->runController(Object(App\Controllers\reporting\organizational_data\org_quarterly_indicator_tracking_report))
#6 E:\www\FAWE\system\CodeIgniter.php(312): CodeIgniter\CodeIgniter->handleRequest(NULL, Object(Config\Cache), false)
#7 E:\www\FAWE\index.php(45): CodeIgniter\CodeIgniter->run()
#8 {main}
CRITICAL - 2021-07-05 09:16:51 --> Unknown column 'fydp_indicator.id' in 'order clause'
#0 E:\www\FAWE\system\Database\MySQLi\Connection.php(331): mysqli->query('\r\n\t\t\t\t\t\t\t \r\n\t\t\t...')
#1 E:\www\FAWE\system\Database\BaseConnection.php(741): CodeIgniter\Database\MySQLi\Connection->execute('\r\n\t\t\t\t\t\t\t \r\n\t\t\t...')
#2 E:\www\FAWE\system\Database\BaseConnection.php(669): CodeIgniter\Database\BaseConnection->simpleQuery('\r\n\t\t\t\t\t\t\t \r\n\t\t\t...')
#3 E:\www\FAWE\app\Controllers\reporting\organizational_data\Org_quarterly_indicator_tracking_report.php(393): CodeIgniter\Database\BaseConnection->query('\r\n\t\t\t\t\t\t\t \r\n\t\t\t...')
#4 E:\www\FAWE\system\CodeIgniter.php(918): App\Controllers\reporting\organizational_data\org_quarterly_indicator_tracking_report->get_indicator_by_year('2019', '3')
#5 E:\www\FAWE\system\CodeIgniter.php(404): CodeIgniter\CodeIgniter->runController(Object(App\Controllers\reporting\organizational_data\org_quarterly_indicator_tracking_report))
#6 E:\www\FAWE\system\CodeIgniter.php(312): CodeIgniter\CodeIgniter->handleRequest(NULL, Object(Config\Cache), false)
#7 E:\www\FAWE\index.php(45): CodeIgniter\CodeIgniter->run()
#8 {main}
CRITICAL - 2021-07-05 10:38:27 --> Unknown column 'objective_indicator_target.intervention_id' in 'on clause'
#0 E:\www\FAWE\system\Database\MySQLi\Connection.php(331): mysqli->query('\r\n\t\t\t\t\t\t\t \r\n\t\t\t...')
#1 E:\www\FAWE\system\Database\BaseConnection.php(741): CodeIgniter\Database\MySQLi\Connection->execute('\r\n\t\t\t\t\t\t\t \r\n\t\t\t...')
#2 E:\www\FAWE\system\Database\BaseConnection.php(669): CodeIgniter\Database\BaseConnection->simpleQuery('\r\n\t\t\t\t\t\t\t \r\n\t\t\t...')
#3 E:\www\FAWE\app\Controllers\reporting\organizational_data\Org_quarterly_indicator_tracking_report.php(395): CodeIgniter\Database\BaseConnection->query('\r\n\t\t\t\t\t\t\t \r\n\t\t\t...')
#4 E:\www\FAWE\system\CodeIgniter.php(918): App\Controllers\reporting\organizational_data\org_quarterly_indicator_tracking_report->get_indicator_by_year('2019', '3')
#5 E:\www\FAWE\system\CodeIgniter.php(404): CodeIgniter\CodeIgniter->runController(Object(App\Controllers\reporting\organizational_data\org_quarterly_indicator_tracking_report))
#6 E:\www\FAWE\system\CodeIgniter.php(312): CodeIgniter\CodeIgniter->handleRequest(NULL, Object(Config\Cache), false)
#7 E:\www\FAWE\index.php(45): CodeIgniter\CodeIgniter->run()
#8 {main}
CRITICAL - 2021-07-05 10:39:37 --> Unknown column 'objective_indicator_target.intervention_id' in 'on clause'
#0 E:\www\FAWE\system\Database\MySQLi\Connection.php(331): mysqli->query('\r\n\t\t\t\t\t\t\t \r\n\t\t\t...')
#1 E:\www\FAWE\system\Database\BaseConnection.php(741): CodeIgniter\Database\MySQLi\Connection->execute('\r\n\t\t\t\t\t\t\t \r\n\t\t\t...')
#2 E:\www\FAWE\system\Database\BaseConnection.php(669): CodeIgniter\Database\BaseConnection->simpleQuery('\r\n\t\t\t\t\t\t\t \r\n\t\t\t...')
#3 E:\www\FAWE\app\Controllers\reporting\organizational_data\Org_quarterly_indicator_tracking_report.php(395): CodeIgniter\Database\BaseConnection->query('\r\n\t\t\t\t\t\t\t \r\n\t\t\t...')
#4 E:\www\FAWE\system\CodeIgniter.php(918): App\Controllers\reporting\organizational_data\org_quarterly_indicator_tracking_report->get_indicator_by_year('2020', '3')
#5 E:\www\FAWE\system\CodeIgniter.php(404): CodeIgniter\CodeIgniter->runController(Object(App\Controllers\reporting\organizational_data\org_quarterly_indicator_tracking_report))
#6 E:\www\FAWE\system\CodeIgniter.php(312): CodeIgniter\CodeIgniter->handleRequest(NULL, Object(Config\Cache), false)
#7 E:\www\FAWE\index.php(45): CodeIgniter\CodeIgniter->run()
#8 {main}
CRITICAL - 2021-07-05 10:39:41 --> Unknown column 'objective_indicator_target.intervention_id' in 'on clause'
#0 E:\www\FAWE\system\Database\MySQLi\Connection.php(331): mysqli->query('\r\n\t\t\t\t\t\t\t \r\n\t\t\t...')
#1 E:\www\FAWE\system\Database\BaseConnection.php(741): CodeIgniter\Database\MySQLi\Connection->execute('\r\n\t\t\t\t\t\t\t \r\n\t\t\t...')
#2 E:\www\FAWE\system\Database\BaseConnection.php(669): CodeIgniter\Database\BaseConnection->simpleQuery('\r\n\t\t\t\t\t\t\t \r\n\t\t\t...')
#3 E:\www\FAWE\app\Controllers\reporting\organizational_data\Org_quarterly_indicator_tracking_report.php(395): CodeIgniter\Database\BaseConnection->query('\r\n\t\t\t\t\t\t\t \r\n\t\t\t...')
#4 E:\www\FAWE\system\CodeIgniter.php(918): App\Controllers\reporting\organizational_data\org_quarterly_indicator_tracking_report->get_indicator_by_year('2020', '3')
#5 E:\www\FAWE\system\CodeIgniter.php(404): CodeIgniter\CodeIgniter->runController(Object(App\Controllers\reporting\organizational_data\org_quarterly_indicator_tracking_report))
#6 E:\www\FAWE\system\CodeIgniter.php(312): CodeIgniter\CodeIgniter->handleRequest(NULL, Object(Config\Cache), false)
#7 E:\www\FAWE\index.php(45): CodeIgniter\CodeIgniter->run()
#8 {main}
CRITICAL - 2021-07-05 10:40:32 --> Unknown column 'org_objective_indicator.intervention_id' in 'on clause'
#0 E:\www\FAWE\system\Database\MySQLi\Connection.php(331): mysqli->query('\r\n\t\t\t\t\t\t\t \r\n\t\t\t...')
#1 E:\www\FAWE\system\Database\BaseConnection.php(741): CodeIgniter\Database\MySQLi\Connection->execute('\r\n\t\t\t\t\t\t\t \r\n\t\t\t...')
#2 E:\www\FAWE\system\Database\BaseConnection.php(669): CodeIgniter\Database\BaseConnection->simpleQuery('\r\n\t\t\t\t\t\t\t \r\n\t\t\t...')
#3 E:\www\FAWE\app\Controllers\reporting\organizational_data\Org_quarterly_indicator_tracking_report.php(395): CodeIgniter\Database\BaseConnection->query('\r\n\t\t\t\t\t\t\t \r\n\t\t\t...')
#4 E:\www\FAWE\system\CodeIgniter.php(918): App\Controllers\reporting\organizational_data\org_quarterly_indicator_tracking_report->get_indicator_by_year('2020', '3')
#5 E:\www\FAWE\system\CodeIgniter.php(404): CodeIgniter\CodeIgniter->runController(Object(App\Controllers\reporting\organizational_data\org_quarterly_indicator_tracking_report))
#6 E:\www\FAWE\system\CodeIgniter.php(312): CodeIgniter\CodeIgniter->handleRequest(NULL, Object(Config\Cache), false)
#7 E:\www\FAWE\index.php(45): CodeIgniter\CodeIgniter->run()
#8 {main}
