CRITICAL - 2021-01-15 04:02:04 --> 'break' not in the 'loop' or 'switch' context
#0 [internal function]: CodeIgniter\Debug\Exceptions->shutdownHandler()
#1 {main}
CRITICAL - 2021-01-15 04:21:22 --> syntax error, unexpected 'die' (T_EXIT)
#0 G:\xampp\htdocs\UBS\pime_somali\system\Router\Router.php(195): CodeIgniter\Router\Router->autoRoute('/auth/login')
#1 G:\xampp\htdocs\UBS\pime_somali\system\CodeIgniter.php(793): CodeIgniter\Router\Router->handle('/auth/login')
#2 G:\xampp\htdocs\UBS\pime_somali\system\CodeIgniter.php(364): CodeIgniter\CodeIgniter->tryToRouteIt(Object(CodeIgniter\Router\RouteCollection))
#3 G:\xampp\htdocs\UBS\pime_somali\system\CodeIgniter.php(312): CodeIgniter\CodeIgniter->handleRequest(NULL, Object(Config\Cache), false)
#4 G:\xampp\htdocs\UBS\pime_somali\index.php(45): CodeIgniter\CodeIgniter->run()
#5 {main}
CRITICAL - 2021-01-15 04:25:49 --> Unknown column 'flag1' in 'where clause'
#0 G:\xampp\htdocs\UBS\pime_somali\system\Database\MySQLi\Connection.php(331): mysqli->query('SELECT *\nFROM `...')
#1 G:\xampp\htdocs\UBS\pime_somali\system\Database\BaseConnection.php(741): CodeIgniter\Database\MySQLi\Connection->execute('SELECT *\nFROM `...')
#2 G:\xampp\htdocs\UBS\pime_somali\system\Database\BaseConnection.php(669): CodeIgniter\Database\BaseConnection->simpleQuery('SELECT *\nFROM `...')
#3 G:\xampp\htdocs\UBS\pime_somali\system\Database\BaseBuilder.php(1860): CodeIgniter\Database\BaseConnection->query('SELECT *\nFROM `...', Array, false)
#4 G:\xampp\htdocs\UBS\pime_somali\app\Models\tank_auth\Users.php(176): CodeIgniter\Database\BaseBuilder->get()
#5 G:\xampp\htdocs\UBS\pime_somali\app\Libraries\Tank_auth.php(68): App\Models\Users->get_user_by_login('ASHDKHK')
#6 G:\xampp\htdocs\UBS\pime_somali\app\Controllers\Auth.php(112): App\Libraries\Tank_auth->login('ASHDKHK', 'HKHASDKFHK', NULL, true, true)
#7 G:\xampp\htdocs\UBS\pime_somali\system\CodeIgniter.php(918): App\Controllers\Auth->login()
#8 G:\xampp\htdocs\UBS\pime_somali\system\CodeIgniter.php(404): CodeIgniter\CodeIgniter->runController(Object(App\Controllers\Auth))
#9 G:\xampp\htdocs\UBS\pime_somali\system\CodeIgniter.php(312): CodeIgniter\CodeIgniter->handleRequest(NULL, Object(Config\Cache), false)
#10 G:\xampp\htdocs\UBS\pime_somali\index.php(45): CodeIgniter\CodeIgniter->run()
#11 {main}
CRITICAL - 2021-01-15 04:41:36 --> Unknown column 'flag1' in 'where clause'
#0 G:\xampp\htdocs\UBS\pime_somali\system\Database\MySQLi\Connection.php(331): mysqli->query('SELECT *\nFROM `...')
#1 G:\xampp\htdocs\UBS\pime_somali\system\Database\BaseConnection.php(741): CodeIgniter\Database\MySQLi\Connection->execute('SELECT *\nFROM `...')
#2 G:\xampp\htdocs\UBS\pime_somali\system\Database\BaseConnection.php(669): CodeIgniter\Database\BaseConnection->simpleQuery('SELECT *\nFROM `...')
#3 G:\xampp\htdocs\UBS\pime_somali\system\Database\BaseBuilder.php(1860): CodeIgniter\Database\BaseConnection->query('SELECT *\nFROM `...', Array, false)
#4 G:\xampp\htdocs\UBS\pime_somali\app\Models\tank_auth\Users.php(176): CodeIgniter\Database\BaseBuilder->get()
#5 G:\xampp\htdocs\UBS\pime_somali\app\Libraries\Tank_auth.php(68): App\Models\Users->get_user_by_login('ASHDKHK')
#6 G:\xampp\htdocs\UBS\pime_somali\app\Controllers\Auth.php(112): App\Libraries\Tank_auth->login('ASHDKHK', 'HKHASDKFHK', NULL, true, true)
#7 G:\xampp\htdocs\UBS\pime_somali\system\CodeIgniter.php(918): App\Controllers\Auth->login()
#8 G:\xampp\htdocs\UBS\pime_somali\system\CodeIgniter.php(404): CodeIgniter\CodeIgniter->runController(Object(App\Controllers\Auth))
#9 G:\xampp\htdocs\UBS\pime_somali\system\CodeIgniter.php(312): CodeIgniter\CodeIgniter->handleRequest(NULL, Object(Config\Cache), false)
#10 G:\xampp\htdocs\UBS\pime_somali\index.php(45): CodeIgniter\CodeIgniter->run()
#11 {main}
CRITICAL - 2021-01-15 04:50:48 --> Unknown column 'flag1' in 'where clause'
#0 G:\xampp\htdocs\UBS\pime_somali\system\Database\MySQLi\Connection.php(331): mysqli->query('SELECT *\nFROM `...')
#1 G:\xampp\htdocs\UBS\pime_somali\system\Database\BaseConnection.php(741): CodeIgniter\Database\MySQLi\Connection->execute('SELECT *\nFROM `...')
#2 G:\xampp\htdocs\UBS\pime_somali\system\Database\BaseConnection.php(669): CodeIgniter\Database\BaseConnection->simpleQuery('SELECT *\nFROM `...')
#3 G:\xampp\htdocs\UBS\pime_somali\system\Database\BaseBuilder.php(1860): CodeIgniter\Database\BaseConnection->query('SELECT *\nFROM `...', Array, false)
#4 G:\xampp\htdocs\UBS\pime_somali\app\Models\tank_auth\Users.php(176): CodeIgniter\Database\BaseBuilder->get()
#5 G:\xampp\htdocs\UBS\pime_somali\app\Libraries\Tank_auth.php(68): App\Models\Users->get_user_by_login('ASHDKHK')
#6 G:\xampp\htdocs\UBS\pime_somali\app\Controllers\Auth.php(112): App\Libraries\Tank_auth->login('ASHDKHK', 'HKHASDKFHK', NULL, true, true)
#7 G:\xampp\htdocs\UBS\pime_somali\system\CodeIgniter.php(918): App\Controllers\Auth->login()
#8 G:\xampp\htdocs\UBS\pime_somali\system\CodeIgniter.php(404): CodeIgniter\CodeIgniter->runController(Object(App\Controllers\Auth))
#9 G:\xampp\htdocs\UBS\pime_somali\system\CodeIgniter.php(312): CodeIgniter\CodeIgniter->handleRequest(NULL, Object(Config\Cache), false)
#10 G:\xampp\htdocs\UBS\pime_somali\index.php(45): CodeIgniter\CodeIgniter->run()
#11 {main}
CRITICAL - 2021-01-15 04:52:27 --> Unknown column 'flag1' in 'where clause'
#0 G:\xampp\htdocs\UBS\pime_somali\system\Database\MySQLi\Connection.php(331): mysqli->query('SELECT *\nFROM `...')
#1 G:\xampp\htdocs\UBS\pime_somali\system\Database\BaseConnection.php(741): CodeIgniter\Database\MySQLi\Connection->execute('SELECT *\nFROM `...')
#2 G:\xampp\htdocs\UBS\pime_somali\system\Database\BaseConnection.php(669): CodeIgniter\Database\BaseConnection->simpleQuery('SELECT *\nFROM `...')
#3 G:\xampp\htdocs\UBS\pime_somali\system\Database\BaseBuilder.php(1860): CodeIgniter\Database\BaseConnection->query('SELECT *\nFROM `...', Array, false)
#4 G:\xampp\htdocs\UBS\pime_somali\app\Models\tank_auth\Users.php(176): CodeIgniter\Database\BaseBuilder->get()
#5 G:\xampp\htdocs\UBS\pime_somali\app\Libraries\Tank_auth.php(68): App\Models\Users->get_user_by_login('ASHDKHK')
#6 G:\xampp\htdocs\UBS\pime_somali\app\Controllers\Auth.php(112): App\Libraries\Tank_auth->login('ASHDKHK', 'HKHASDKFHK', NULL, true, true)
#7 G:\xampp\htdocs\UBS\pime_somali\system\CodeIgniter.php(918): App\Controllers\Auth->login()
#8 G:\xampp\htdocs\UBS\pime_somali\system\CodeIgniter.php(404): CodeIgniter\CodeIgniter->runController(Object(App\Controllers\Auth))
#9 G:\xampp\htdocs\UBS\pime_somali\system\CodeIgniter.php(312): CodeIgniter\CodeIgniter->handleRequest(NULL, Object(Config\Cache), false)
#10 G:\xampp\htdocs\UBS\pime_somali\index.php(45): CodeIgniter\CodeIgniter->run()
#11 {main}
CRITICAL - 2021-01-15 04:56:38 --> Unknown column 'flag1' in 'where clause'
#0 G:\xampp\htdocs\UBS\pime_somali\system\Database\MySQLi\Connection.php(331): mysqli->query('SELECT *\nFROM `...')
#1 G:\xampp\htdocs\UBS\pime_somali\system\Database\BaseConnection.php(741): CodeIgniter\Database\MySQLi\Connection->execute('SELECT *\nFROM `...')
#2 G:\xampp\htdocs\UBS\pime_somali\system\Database\BaseConnection.php(669): CodeIgniter\Database\BaseConnection->simpleQuery('SELECT *\nFROM `...')
#3 G:\xampp\htdocs\UBS\pime_somali\system\Database\BaseBuilder.php(1860): CodeIgniter\Database\BaseConnection->query('SELECT *\nFROM `...', Array, false)
#4 G:\xampp\htdocs\UBS\pime_somali\app\Models\tank_auth\Users.php(176): CodeIgniter\Database\BaseBuilder->get()
#5 G:\xampp\htdocs\UBS\pime_somali\app\Libraries\Tank_auth.php(68): App\Models\Users->get_user_by_login('ASHDKHK')
#6 G:\xampp\htdocs\UBS\pime_somali\app\Controllers\Auth.php(112): App\Libraries\Tank_auth->login('ASHDKHK', 'HKHASDKFHK', NULL, true, true)
#7 G:\xampp\htdocs\UBS\pime_somali\system\CodeIgniter.php(918): App\Controllers\Auth->login()
#8 G:\xampp\htdocs\UBS\pime_somali\system\CodeIgniter.php(404): CodeIgniter\CodeIgniter->runController(Object(App\Controllers\Auth))
#9 G:\xampp\htdocs\UBS\pime_somali\system\CodeIgniter.php(312): CodeIgniter\CodeIgniter->handleRequest(NULL, Object(Config\Cache), false)
#10 G:\xampp\htdocs\UBS\pime_somali\index.php(45): CodeIgniter\CodeIgniter->run()
#11 {main}
CRITICAL - 2021-01-15 04:56:57 --> You have an error in your SQL syntax; check the manual that corresponds to your MariaDB server version for the right syntax to use near '"ctbl_users" Where flag1=0 and (LOWER(username)="ashdkhk" or LOWER(email)="as...' at line 1
#0 G:\xampp\htdocs\UBS\pime_somali\system\Database\MySQLi\Connection.php(331): mysqli->query('SELECT * FROM "...')
#1 G:\xampp\htdocs\UBS\pime_somali\system\Database\BaseConnection.php(741): CodeIgniter\Database\MySQLi\Connection->execute('SELECT * FROM "...')
#2 G:\xampp\htdocs\UBS\pime_somali\system\Database\BaseConnection.php(669): CodeIgniter\Database\BaseConnection->simpleQuery('SELECT * FROM "...')
#3 G:\xampp\htdocs\UBS\pime_somali\app\Models\tank_auth\Users.php(178): CodeIgniter\Database\BaseConnection->query('SELECT * FROM "...')
#4 G:\xampp\htdocs\UBS\pime_somali\app\Libraries\Tank_auth.php(68): App\Models\Users->get_user_by_login('ASHDKHK')
#5 G:\xampp\htdocs\UBS\pime_somali\app\Controllers\Auth.php(112): App\Libraries\Tank_auth->login('ASHDKHK', 'HKHASDKFHK', NULL, true, true)
#6 G:\xampp\htdocs\UBS\pime_somali\system\CodeIgniter.php(918): App\Controllers\Auth->login()
#7 G:\xampp\htdocs\UBS\pime_somali\system\CodeIgniter.php(404): CodeIgniter\CodeIgniter->runController(Object(App\Controllers\Auth))
#8 G:\xampp\htdocs\UBS\pime_somali\system\CodeIgniter.php(312): CodeIgniter\CodeIgniter->handleRequest(NULL, Object(Config\Cache), false)
#9 G:\xampp\htdocs\UBS\pime_somali\index.php(45): CodeIgniter\CodeIgniter->run()
#10 {main}
CRITICAL - 2021-01-15 04:57:24 --> You have an error in your SQL syntax; check the manual that corresponds to your MariaDB server version for the right syntax to use near '"ctbl_users" Where flag=0 and (LOWER(username)="ashdkhk" or LOWER(email)="ash...' at line 1
#0 G:\xampp\htdocs\UBS\pime_somali\system\Database\MySQLi\Connection.php(331): mysqli->query('SELECT * FROM "...')
#1 G:\xampp\htdocs\UBS\pime_somali\system\Database\BaseConnection.php(741): CodeIgniter\Database\MySQLi\Connection->execute('SELECT * FROM "...')
#2 G:\xampp\htdocs\UBS\pime_somali\system\Database\BaseConnection.php(669): CodeIgniter\Database\BaseConnection->simpleQuery('SELECT * FROM "...')
#3 G:\xampp\htdocs\UBS\pime_somali\app\Models\tank_auth\Users.php(178): CodeIgniter\Database\BaseConnection->query('SELECT * FROM "...')
#4 G:\xampp\htdocs\UBS\pime_somali\app\Libraries\Tank_auth.php(68): App\Models\Users->get_user_by_login('ASHDKHK')
#5 G:\xampp\htdocs\UBS\pime_somali\app\Controllers\Auth.php(112): App\Libraries\Tank_auth->login('ASHDKHK', 'HKHASDKFHK', NULL, true, true)
#6 G:\xampp\htdocs\UBS\pime_somali\system\CodeIgniter.php(918): App\Controllers\Auth->login()
#7 G:\xampp\htdocs\UBS\pime_somali\system\CodeIgniter.php(404): CodeIgniter\CodeIgniter->runController(Object(App\Controllers\Auth))
#8 G:\xampp\htdocs\UBS\pime_somali\system\CodeIgniter.php(312): CodeIgniter\CodeIgniter->handleRequest(NULL, Object(Config\Cache), false)
#9 G:\xampp\htdocs\UBS\pime_somali\index.php(45): CodeIgniter\CodeIgniter->run()
#10 {main}
CRITICAL - 2021-01-15 04:57:47 --> You have an error in your SQL syntax; check the manual that corresponds to your MariaDB server version for the right syntax to use near '"ctbl_users" Where flag=0 and (LOWER(username)="ashdkhk" or LOWER(email)="ash...' at line 1
#0 G:\xampp\htdocs\UBS\pime_somali\system\Database\MySQLi\Connection.php(331): mysqli->query('SELECT * FROM "...')
#1 G:\xampp\htdocs\UBS\pime_somali\system\Database\BaseConnection.php(741): CodeIgniter\Database\MySQLi\Connection->execute('SELECT * FROM "...')
#2 G:\xampp\htdocs\UBS\pime_somali\system\Database\BaseConnection.php(669): CodeIgniter\Database\BaseConnection->simpleQuery('SELECT * FROM "...')
#3 G:\xampp\htdocs\UBS\pime_somali\app\Models\tank_auth\Users.php(178): CodeIgniter\Database\BaseConnection->query('SELECT * FROM "...')
#4 G:\xampp\htdocs\UBS\pime_somali\app\Libraries\Tank_auth.php(68): App\Models\Users->get_user_by_login('ASHDKHK')
#5 G:\xampp\htdocs\UBS\pime_somali\app\Controllers\Auth.php(112): App\Libraries\Tank_auth->login('ASHDKHK', 'HKHASDKFHK', NULL, true, true)
#6 G:\xampp\htdocs\UBS\pime_somali\system\CodeIgniter.php(918): App\Controllers\Auth->login()
#7 G:\xampp\htdocs\UBS\pime_somali\system\CodeIgniter.php(404): CodeIgniter\CodeIgniter->runController(Object(App\Controllers\Auth))
#8 G:\xampp\htdocs\UBS\pime_somali\system\CodeIgniter.php(312): CodeIgniter\CodeIgniter->handleRequest(NULL, Object(Config\Cache), false)
#9 G:\xampp\htdocs\UBS\pime_somali\index.php(45): CodeIgniter\CodeIgniter->run()
#10 {main}
CRITICAL - 2021-01-15 04:58:17 --> Undefined variable: query
#0 G:\xampp\htdocs\UBS\pime_somali\app\Models\tank_auth\Users.php(179): CodeIgniter\Debug\Exceptions->errorHandler(8, 'Undefined varia...', 'G:\\xampp\\htdocs...', 179, Array)
#1 G:\xampp\htdocs\UBS\pime_somali\app\Libraries\Tank_auth.php(68): App\Models\Users->get_user_by_login('ASHDKHK')
#2 G:\xampp\htdocs\UBS\pime_somali\app\Controllers\Auth.php(112): App\Libraries\Tank_auth->login('ASHDKHK', 'HKHASDKFHK', NULL, true, true)
#3 G:\xampp\htdocs\UBS\pime_somali\system\CodeIgniter.php(918): App\Controllers\Auth->login()
#4 G:\xampp\htdocs\UBS\pime_somali\system\CodeIgniter.php(404): CodeIgniter\CodeIgniter->runController(Object(App\Controllers\Auth))
#5 G:\xampp\htdocs\UBS\pime_somali\system\CodeIgniter.php(312): CodeIgniter\CodeIgniter->handleRequest(NULL, Object(Config\Cache), false)
#6 G:\xampp\htdocs\UBS\pime_somali\index.php(45): CodeIgniter\CodeIgniter->run()
#7 {main}
CRITICAL - 2021-01-15 04:59:02 --> Unknown column 'flag1' in 'where clause'
#0 G:\xampp\htdocs\UBS\pime_somali\system\Database\MySQLi\Connection.php(331): mysqli->query('SELECT *\nFROM `...')
#1 G:\xampp\htdocs\UBS\pime_somali\system\Database\BaseConnection.php(741): CodeIgniter\Database\MySQLi\Connection->execute('SELECT *\nFROM `...')
#2 G:\xampp\htdocs\UBS\pime_somali\system\Database\BaseConnection.php(669): CodeIgniter\Database\BaseConnection->simpleQuery('SELECT *\nFROM `...')
#3 G:\xampp\htdocs\UBS\pime_somali\system\Database\BaseBuilder.php(1860): CodeIgniter\Database\BaseConnection->query('SELECT *\nFROM `...', Array, false)
#4 G:\xampp\htdocs\UBS\pime_somali\app\Models\tank_auth\Users.php(176): CodeIgniter\Database\BaseBuilder->get()
#5 G:\xampp\htdocs\UBS\pime_somali\app\Libraries\Tank_auth.php(68): App\Models\Users->get_user_by_login('ASHDKHK')
#6 G:\xampp\htdocs\UBS\pime_somali\app\Controllers\Auth.php(112): App\Libraries\Tank_auth->login('ASHDKHK', 'HKHASDKFHK', NULL, true, true)
#7 G:\xampp\htdocs\UBS\pime_somali\system\CodeIgniter.php(918): App\Controllers\Auth->login()
#8 G:\xampp\htdocs\UBS\pime_somali\system\CodeIgniter.php(404): CodeIgniter\CodeIgniter->runController(Object(App\Controllers\Auth))
#9 G:\xampp\htdocs\UBS\pime_somali\system\CodeIgniter.php(312): CodeIgniter\CodeIgniter->handleRequest(NULL, Object(Config\Cache), false)
#10 G:\xampp\htdocs\UBS\pime_somali\index.php(45): CodeIgniter\CodeIgniter->run()
#11 {main}
CRITICAL - 2021-01-15 05:02:39 --> Object of class stdClass could not be converted to string
#0 G:\xampp\htdocs\UBS\pime_somali\app\Libraries\Tank_auth.php(71): CodeIgniter\Debug\Exceptions->errorHandler(4096, 'Object of class...', 'G:\\xampp\\htdocs...', 71, Array)
#1 G:\xampp\htdocs\UBS\pime_somali\app\Controllers\Auth.php(112): App\Libraries\Tank_auth->login('admin@super', 'password', NULL, true, true)
#2 G:\xampp\htdocs\UBS\pime_somali\system\CodeIgniter.php(918): App\Controllers\Auth->login()
#3 G:\xampp\htdocs\UBS\pime_somali\system\CodeIgniter.php(404): CodeIgniter\CodeIgniter->runController(Object(App\Controllers\Auth))
#4 G:\xampp\htdocs\UBS\pime_somali\system\CodeIgniter.php(312): CodeIgniter\CodeIgniter->handleRequest(NULL, Object(Config\Cache), false)
#5 G:\xampp\htdocs\UBS\pime_somali\index.php(45): CodeIgniter\CodeIgniter->run()
#6 {main}
CRITICAL - 2021-01-15 05:03:20 --> Use of undefined constant user - assumed 'user' (this will throw an Error in a future version of PHP)
#0 G:\xampp\htdocs\UBS\pime_somali\app\Libraries\Tank_auth.php(71): CodeIgniter\Debug\Exceptions->errorHandler(2, 'Use of undefine...', 'G:\\xampp\\htdocs...', 71, Array)
#1 G:\xampp\htdocs\UBS\pime_somali\app\Controllers\Auth.php(112): App\Libraries\Tank_auth->login('admin@super', 'password', NULL, true, true)
#2 G:\xampp\htdocs\UBS\pime_somali\system\CodeIgniter.php(918): App\Controllers\Auth->login()
#3 G:\xampp\htdocs\UBS\pime_somali\system\CodeIgniter.php(404): CodeIgniter\CodeIgniter->runController(Object(App\Controllers\Auth))
#4 G:\xampp\htdocs\UBS\pime_somali\system\CodeIgniter.php(312): CodeIgniter\CodeIgniter->handleRequest(NULL, Object(Config\Cache), false)
#5 G:\xampp\htdocs\UBS\pime_somali\index.php(45): CodeIgniter\CodeIgniter->run()
#6 {main}
CRITICAL - 2021-01-15 05:16:40 --> Class 'App\Libraries\PasswordHash' not found
#0 G:\xampp\htdocs\UBS\pime_somali\app\Controllers\Auth.php(112): App\Libraries\Tank_auth->login('admin@super', 'password', NULL, true, true)
#1 G:\xampp\htdocs\UBS\pime_somali\system\CodeIgniter.php(918): App\Controllers\Auth->login()
#2 G:\xampp\htdocs\UBS\pime_somali\system\CodeIgniter.php(404): CodeIgniter\CodeIgniter->runController(Object(App\Controllers\Auth))
#3 G:\xampp\htdocs\UBS\pime_somali\system\CodeIgniter.php(312): CodeIgniter\CodeIgniter->handleRequest(NULL, Object(Config\Cache), false)
#4 G:\xampp\htdocs\UBS\pime_somali\index.php(45): CodeIgniter\CodeIgniter->run()
#5 {main}
CRITICAL - 2021-01-15 05:20:17 --> syntax error, unexpected ';', expecting identifier (T_STRING) or '{'
#0 G:\xampp\htdocs\UBS\pime_somali\system\Autoloader\Autoloader.php(296): CodeIgniter\Autoloader\Autoloader->requireFile('G:\\xampp\\htdocs...')
#1 G:\xampp\htdocs\UBS\pime_somali\system\Autoloader\Autoloader.php(258): CodeIgniter\Autoloader\Autoloader->loadInNamespace('App\\Libraries\\T...')
#2 [internal function]: CodeIgniter\Autoloader\Autoloader->loadClass('App\\Libraries\\T...')
#3 G:\xampp\htdocs\UBS\pime_somali\app\Controllers\Auth.php(45): spl_autoload_call('App\\Libraries\\T...')
#4 G:\xampp\htdocs\UBS\pime_somali\system\CodeIgniter.php(890): App\Controllers\Auth->__construct()
#5 G:\xampp\htdocs\UBS\pime_somali\system\CodeIgniter.php(399): CodeIgniter\CodeIgniter->createController()
#6 G:\xampp\htdocs\UBS\pime_somali\system\CodeIgniter.php(312): CodeIgniter\CodeIgniter->handleRequest(NULL, Object(Config\Cache), false)
#7 G:\xampp\htdocs\UBS\pime_somali\index.php(45): CodeIgniter\CodeIgniter->run()
#8 {main}
CRITICAL - 2021-01-15 05:20:34 --> Class 'App\Libraries\phpass\PasswordHash' not found
#0 G:\xampp\htdocs\UBS\pime_somali\app\Controllers\Auth.php(112): App\Libraries\Tank_auth->login('admin@super', 'password', NULL, true, true)
#1 G:\xampp\htdocs\UBS\pime_somali\system\CodeIgniter.php(918): App\Controllers\Auth->login()
#2 G:\xampp\htdocs\UBS\pime_somali\system\CodeIgniter.php(404): CodeIgniter\CodeIgniter->runController(Object(App\Controllers\Auth))
#3 G:\xampp\htdocs\UBS\pime_somali\system\CodeIgniter.php(312): CodeIgniter\CodeIgniter->handleRequest(NULL, Object(Config\Cache), false)
#4 G:\xampp\htdocs\UBS\pime_somali\index.php(45): CodeIgniter\CodeIgniter->run()
#5 {main}
CRITICAL - 2021-01-15 05:46:32 --> Class 'App\Libraries\phpass\PasswordHash' not found
#0 G:\xampp\htdocs\UBS\pime_somali\app\Controllers\Auth.php(45): App\Libraries\Tank_auth->__construct()
#1 G:\xampp\htdocs\UBS\pime_somali\system\CodeIgniter.php(890): App\Controllers\Auth->__construct()
#2 G:\xampp\htdocs\UBS\pime_somali\system\CodeIgniter.php(399): CodeIgniter\CodeIgniter->createController()
#3 G:\xampp\htdocs\UBS\pime_somali\system\CodeIgniter.php(312): CodeIgniter\CodeIgniter->handleRequest(NULL, Object(Config\Cache), false)
#4 G:\xampp\htdocs\UBS\pime_somali\index.php(45): CodeIgniter\CodeIgniter->run()
#5 {main}
CRITICAL - 2021-01-15 06:05:59 --> syntax error, unexpected '?>'
#0 G:\xampp\htdocs\UBS\pime_somali\system\Common.php(1119): CodeIgniter\View\View->render('auth/index', Array, true)
#1 G:\xampp\htdocs\UBS\pime_somali\app\Controllers\Auth.php(142): view('auth/index', Array)
#2 G:\xampp\htdocs\UBS\pime_somali\system\CodeIgniter.php(918): App\Controllers\Auth->login('')
#3 G:\xampp\htdocs\UBS\pime_somali\system\CodeIgniter.php(404): CodeIgniter\CodeIgniter->runController(Object(App\Controllers\Auth))
#4 G:\xampp\htdocs\UBS\pime_somali\system\CodeIgniter.php(312): CodeIgniter\CodeIgniter->handleRequest(NULL, Object(Config\Cache), false)
#5 G:\xampp\htdocs\UBS\pime_somali\index.php(45): CodeIgniter\CodeIgniter->run()
#6 {main}
CRITICAL - 2021-01-15 23:53:26 --> 'break' not in the 'loop' or 'switch' context
#0 [internal function]: CodeIgniter\Debug\Exceptions->shutdownHandler()
#1 {main}
